[2024-07-27T20:14:07.783+0000] {processor.py:161} INFO - Started process (PID=250) to work on /home/airflow/.local/lib/python3.12/site-packages/airflow/example_dags/example_short_circuit_operator.py
[2024-07-27T20:14:07.784+0000] {processor.py:830} INFO - Processing file /home/airflow/.local/lib/python3.12/site-packages/airflow/example_dags/example_short_circuit_operator.py for tasks to queue
[2024-07-27T20:14:07.785+0000] {logging_mixin.py:188} INFO - [2024-07-27T20:14:07.785+0000] {dagbag.py:545} INFO - Filling up the DagBag from /home/airflow/.local/lib/python3.12/site-packages/airflow/example_dags/example_short_circuit_operator.py
[2024-07-27T20:14:07.790+0000] {processor.py:840} INFO - DAG(s) 'example_short_circuit_operator' retrieved from /home/airflow/.local/lib/python3.12/site-packages/airflow/example_dags/example_short_circuit_operator.py
[2024-07-27T20:14:07.798+0000] {logging_mixin.py:188} INFO - [2024-07-27T20:14:07.798+0000] {dag.py:3089} INFO - Sync 1 DAGs
[2024-07-27T20:14:07.824+0000] {logging_mixin.py:188} INFO - [2024-07-27T20:14:07.824+0000] {dag.py:3947} INFO - Setting next_dagrun for example_short_circuit_operator to 2024-07-26 00:00:00+00:00, run_after=2024-07-27 00:00:00+00:00
[2024-07-27T20:14:07.833+0000] {processor.py:183} INFO - Processing /home/airflow/.local/lib/python3.12/site-packages/airflow/example_dags/example_short_circuit_operator.py took 0.054 seconds
[2024-07-27T20:14:38.188+0000] {processor.py:161} INFO - Started process (PID=511) to work on /home/airflow/.local/lib/python3.12/site-packages/airflow/example_dags/example_short_circuit_operator.py
[2024-07-27T20:14:38.189+0000] {processor.py:830} INFO - Processing file /home/airflow/.local/lib/python3.12/site-packages/airflow/example_dags/example_short_circuit_operator.py for tasks to queue
[2024-07-27T20:14:38.190+0000] {logging_mixin.py:188} INFO - [2024-07-27T20:14:38.189+0000] {dagbag.py:545} INFO - Filling up the DagBag from /home/airflow/.local/lib/python3.12/site-packages/airflow/example_dags/example_short_circuit_operator.py
[2024-07-27T20:14:38.194+0000] {processor.py:840} INFO - DAG(s) 'example_short_circuit_operator' retrieved from /home/airflow/.local/lib/python3.12/site-packages/airflow/example_dags/example_short_circuit_operator.py
[2024-07-27T20:14:38.243+0000] {logging_mixin.py:188} INFO - [2024-07-27T20:14:38.243+0000] {dag.py:3089} INFO - Sync 1 DAGs
[2024-07-27T20:14:38.252+0000] {logging_mixin.py:188} INFO - [2024-07-27T20:14:38.252+0000] {dag.py:3947} INFO - Setting next_dagrun for example_short_circuit_operator to 2024-07-26 00:00:00+00:00, run_after=2024-07-27 00:00:00+00:00
[2024-07-27T20:14:38.261+0000] {processor.py:183} INFO - Processing /home/airflow/.local/lib/python3.12/site-packages/airflow/example_dags/example_short_circuit_operator.py took 0.077 seconds
[2024-07-27T20:15:08.484+0000] {processor.py:161} INFO - Started process (PID=773) to work on /home/airflow/.local/lib/python3.12/site-packages/airflow/example_dags/example_short_circuit_operator.py
[2024-07-27T20:15:08.485+0000] {processor.py:830} INFO - Processing file /home/airflow/.local/lib/python3.12/site-packages/airflow/example_dags/example_short_circuit_operator.py for tasks to queue
[2024-07-27T20:15:08.486+0000] {logging_mixin.py:188} INFO - [2024-07-27T20:15:08.486+0000] {dagbag.py:545} INFO - Filling up the DagBag from /home/airflow/.local/lib/python3.12/site-packages/airflow/example_dags/example_short_circuit_operator.py
[2024-07-27T20:15:08.490+0000] {processor.py:840} INFO - DAG(s) 'example_short_circuit_operator' retrieved from /home/airflow/.local/lib/python3.12/site-packages/airflow/example_dags/example_short_circuit_operator.py
[2024-07-27T20:15:08.502+0000] {logging_mixin.py:188} INFO - [2024-07-27T20:15:08.502+0000] {dag.py:3089} INFO - Sync 1 DAGs
[2024-07-27T20:15:08.514+0000] {logging_mixin.py:188} INFO - [2024-07-27T20:15:08.513+0000] {dag.py:3947} INFO - Setting next_dagrun for example_short_circuit_operator to 2024-07-26 00:00:00+00:00, run_after=2024-07-27 00:00:00+00:00
[2024-07-27T20:15:08.523+0000] {processor.py:183} INFO - Processing /home/airflow/.local/lib/python3.12/site-packages/airflow/example_dags/example_short_circuit_operator.py took 0.043 seconds
[2024-07-27T20:15:39.098+0000] {processor.py:161} INFO - Started process (PID=1034) to work on /home/airflow/.local/lib/python3.12/site-packages/airflow/example_dags/example_short_circuit_operator.py
[2024-07-27T20:15:39.099+0000] {processor.py:830} INFO - Processing file /home/airflow/.local/lib/python3.12/site-packages/airflow/example_dags/example_short_circuit_operator.py for tasks to queue
[2024-07-27T20:15:39.100+0000] {logging_mixin.py:188} INFO - [2024-07-27T20:15:39.100+0000] {dagbag.py:545} INFO - Filling up the DagBag from /home/airflow/.local/lib/python3.12/site-packages/airflow/example_dags/example_short_circuit_operator.py
[2024-07-27T20:15:39.104+0000] {processor.py:840} INFO - DAG(s) 'example_short_circuit_operator' retrieved from /home/airflow/.local/lib/python3.12/site-packages/airflow/example_dags/example_short_circuit_operator.py
[2024-07-27T20:15:39.116+0000] {logging_mixin.py:188} INFO - [2024-07-27T20:15:39.116+0000] {dag.py:3089} INFO - Sync 1 DAGs
[2024-07-27T20:15:39.128+0000] {logging_mixin.py:188} INFO - [2024-07-27T20:15:39.128+0000] {dag.py:3947} INFO - Setting next_dagrun for example_short_circuit_operator to 2024-07-26 00:00:00+00:00, run_after=2024-07-27 00:00:00+00:00
[2024-07-27T20:15:39.137+0000] {processor.py:183} INFO - Processing /home/airflow/.local/lib/python3.12/site-packages/airflow/example_dags/example_short_circuit_operator.py took 0.042 seconds
[2024-07-27T20:16:09.218+0000] {processor.py:161} INFO - Started process (PID=1296) to work on /home/airflow/.local/lib/python3.12/site-packages/airflow/example_dags/example_short_circuit_operator.py
[2024-07-27T20:16:09.218+0000] {processor.py:830} INFO - Processing file /home/airflow/.local/lib/python3.12/site-packages/airflow/example_dags/example_short_circuit_operator.py for tasks to queue
[2024-07-27T20:16:09.219+0000] {logging_mixin.py:188} INFO - [2024-07-27T20:16:09.219+0000] {dagbag.py:545} INFO - Filling up the DagBag from /home/airflow/.local/lib/python3.12/site-packages/airflow/example_dags/example_short_circuit_operator.py
[2024-07-27T20:16:09.223+0000] {processor.py:840} INFO - DAG(s) 'example_short_circuit_operator' retrieved from /home/airflow/.local/lib/python3.12/site-packages/airflow/example_dags/example_short_circuit_operator.py
[2024-07-27T20:16:09.235+0000] {logging_mixin.py:188} INFO - [2024-07-27T20:16:09.235+0000] {dag.py:3089} INFO - Sync 1 DAGs
[2024-07-27T20:16:09.246+0000] {logging_mixin.py:188} INFO - [2024-07-27T20:16:09.246+0000] {dag.py:3947} INFO - Setting next_dagrun for example_short_circuit_operator to 2024-07-26 00:00:00+00:00, run_after=2024-07-27 00:00:00+00:00
[2024-07-27T20:16:09.255+0000] {processor.py:183} INFO - Processing /home/airflow/.local/lib/python3.12/site-packages/airflow/example_dags/example_short_circuit_operator.py took 0.041 seconds
[2024-07-27T20:16:39.505+0000] {processor.py:161} INFO - Started process (PID=1558) to work on /home/airflow/.local/lib/python3.12/site-packages/airflow/example_dags/example_short_circuit_operator.py
[2024-07-27T20:16:39.506+0000] {processor.py:830} INFO - Processing file /home/airflow/.local/lib/python3.12/site-packages/airflow/example_dags/example_short_circuit_operator.py for tasks to queue
[2024-07-27T20:16:39.507+0000] {logging_mixin.py:188} INFO - [2024-07-27T20:16:39.507+0000] {dagbag.py:545} INFO - Filling up the DagBag from /home/airflow/.local/lib/python3.12/site-packages/airflow/example_dags/example_short_circuit_operator.py
[2024-07-27T20:16:39.511+0000] {processor.py:840} INFO - DAG(s) 'example_short_circuit_operator' retrieved from /home/airflow/.local/lib/python3.12/site-packages/airflow/example_dags/example_short_circuit_operator.py
[2024-07-27T20:16:39.523+0000] {logging_mixin.py:188} INFO - [2024-07-27T20:16:39.523+0000] {dag.py:3089} INFO - Sync 1 DAGs
[2024-07-27T20:16:39.535+0000] {logging_mixin.py:188} INFO - [2024-07-27T20:16:39.535+0000] {dag.py:3947} INFO - Setting next_dagrun for example_short_circuit_operator to 2024-07-26 00:00:00+00:00, run_after=2024-07-27 00:00:00+00:00
[2024-07-27T20:16:39.545+0000] {processor.py:183} INFO - Processing /home/airflow/.local/lib/python3.12/site-packages/airflow/example_dags/example_short_circuit_operator.py took 0.043 seconds
[2024-07-27T20:17:09.856+0000] {processor.py:161} INFO - Started process (PID=1820) to work on /home/airflow/.local/lib/python3.12/site-packages/airflow/example_dags/example_short_circuit_operator.py
[2024-07-27T20:17:09.857+0000] {processor.py:830} INFO - Processing file /home/airflow/.local/lib/python3.12/site-packages/airflow/example_dags/example_short_circuit_operator.py for tasks to queue
[2024-07-27T20:17:09.858+0000] {logging_mixin.py:188} INFO - [2024-07-27T20:17:09.858+0000] {dagbag.py:545} INFO - Filling up the DagBag from /home/airflow/.local/lib/python3.12/site-packages/airflow/example_dags/example_short_circuit_operator.py
[2024-07-27T20:17:09.862+0000] {processor.py:840} INFO - DAG(s) 'example_short_circuit_operator' retrieved from /home/airflow/.local/lib/python3.12/site-packages/airflow/example_dags/example_short_circuit_operator.py
[2024-07-27T20:17:09.873+0000] {logging_mixin.py:188} INFO - [2024-07-27T20:17:09.873+0000] {dag.py:3089} INFO - Sync 1 DAGs
[2024-07-27T20:17:09.884+0000] {logging_mixin.py:188} INFO - [2024-07-27T20:17:09.884+0000] {dag.py:3947} INFO - Setting next_dagrun for example_short_circuit_operator to 2024-07-26 00:00:00+00:00, run_after=2024-07-27 00:00:00+00:00
[2024-07-27T20:17:09.892+0000] {processor.py:183} INFO - Processing /home/airflow/.local/lib/python3.12/site-packages/airflow/example_dags/example_short_circuit_operator.py took 0.039 seconds
[2024-07-27T21:59:59.135+0000] {processor.py:161} INFO - Started process (PID=2078) to work on /home/airflow/.local/lib/python3.12/site-packages/airflow/example_dags/example_short_circuit_operator.py
[2024-07-27T21:59:59.137+0000] {processor.py:830} INFO - Processing file /home/airflow/.local/lib/python3.12/site-packages/airflow/example_dags/example_short_circuit_operator.py for tasks to queue
[2024-07-27T21:59:59.138+0000] {logging_mixin.py:188} INFO - [2024-07-27T21:59:59.138+0000] {dagbag.py:545} INFO - Filling up the DagBag from /home/airflow/.local/lib/python3.12/site-packages/airflow/example_dags/example_short_circuit_operator.py
[2024-07-27T21:59:59.143+0000] {processor.py:840} INFO - DAG(s) 'example_short_circuit_operator' retrieved from /home/airflow/.local/lib/python3.12/site-packages/airflow/example_dags/example_short_circuit_operator.py
[2024-07-27T21:59:59.156+0000] {logging_mixin.py:188} INFO - [2024-07-27T21:59:59.156+0000] {dag.py:3089} INFO - Sync 1 DAGs
[2024-07-27T21:59:59.170+0000] {logging_mixin.py:188} INFO - [2024-07-27T21:59:59.170+0000] {dag.py:3947} INFO - Setting next_dagrun for example_short_circuit_operator to 2024-07-26 00:00:00+00:00, run_after=2024-07-27 00:00:00+00:00
[2024-07-27T21:59:59.182+0000] {processor.py:183} INFO - Processing /home/airflow/.local/lib/python3.12/site-packages/airflow/example_dags/example_short_circuit_operator.py took 0.052 seconds
[2024-07-27T22:00:29.510+0000] {processor.py:161} INFO - Started process (PID=2339) to work on /home/airflow/.local/lib/python3.12/site-packages/airflow/example_dags/example_short_circuit_operator.py
[2024-07-27T22:00:29.511+0000] {processor.py:830} INFO - Processing file /home/airflow/.local/lib/python3.12/site-packages/airflow/example_dags/example_short_circuit_operator.py for tasks to queue
[2024-07-27T22:00:29.512+0000] {logging_mixin.py:188} INFO - [2024-07-27T22:00:29.512+0000] {dagbag.py:545} INFO - Filling up the DagBag from /home/airflow/.local/lib/python3.12/site-packages/airflow/example_dags/example_short_circuit_operator.py
[2024-07-27T22:00:29.516+0000] {processor.py:840} INFO - DAG(s) 'example_short_circuit_operator' retrieved from /home/airflow/.local/lib/python3.12/site-packages/airflow/example_dags/example_short_circuit_operator.py
[2024-07-27T22:00:29.527+0000] {logging_mixin.py:188} INFO - [2024-07-27T22:00:29.527+0000] {dag.py:3089} INFO - Sync 1 DAGs
[2024-07-27T22:00:29.538+0000] {logging_mixin.py:188} INFO - [2024-07-27T22:00:29.538+0000] {dag.py:3947} INFO - Setting next_dagrun for example_short_circuit_operator to 2024-07-26 00:00:00+00:00, run_after=2024-07-27 00:00:00+00:00
[2024-07-27T22:00:29.547+0000] {processor.py:183} INFO - Processing /home/airflow/.local/lib/python3.12/site-packages/airflow/example_dags/example_short_circuit_operator.py took 0.039 seconds
[2024-07-27T22:01:00.388+0000] {processor.py:161} INFO - Started process (PID=2599) to work on /home/airflow/.local/lib/python3.12/site-packages/airflow/example_dags/example_short_circuit_operator.py
[2024-07-27T22:01:00.389+0000] {processor.py:830} INFO - Processing file /home/airflow/.local/lib/python3.12/site-packages/airflow/example_dags/example_short_circuit_operator.py for tasks to queue
[2024-07-27T22:01:00.390+0000] {logging_mixin.py:188} INFO - [2024-07-27T22:01:00.390+0000] {dagbag.py:545} INFO - Filling up the DagBag from /home/airflow/.local/lib/python3.12/site-packages/airflow/example_dags/example_short_circuit_operator.py
[2024-07-27T22:01:00.394+0000] {processor.py:840} INFO - DAG(s) 'example_short_circuit_operator' retrieved from /home/airflow/.local/lib/python3.12/site-packages/airflow/example_dags/example_short_circuit_operator.py
[2024-07-27T22:01:00.407+0000] {logging_mixin.py:188} INFO - [2024-07-27T22:01:00.406+0000] {dag.py:3089} INFO - Sync 1 DAGs
[2024-07-27T22:01:00.418+0000] {logging_mixin.py:188} INFO - [2024-07-27T22:01:00.418+0000] {dag.py:3947} INFO - Setting next_dagrun for example_short_circuit_operator to 2024-07-26 00:00:00+00:00, run_after=2024-07-27 00:00:00+00:00
[2024-07-27T22:01:00.427+0000] {processor.py:183} INFO - Processing /home/airflow/.local/lib/python3.12/site-packages/airflow/example_dags/example_short_circuit_operator.py took 0.042 seconds
[2024-07-27T22:01:30.691+0000] {processor.py:161} INFO - Started process (PID=2863) to work on /home/airflow/.local/lib/python3.12/site-packages/airflow/example_dags/example_short_circuit_operator.py
[2024-07-27T22:01:30.692+0000] {processor.py:830} INFO - Processing file /home/airflow/.local/lib/python3.12/site-packages/airflow/example_dags/example_short_circuit_operator.py for tasks to queue
[2024-07-27T22:01:30.694+0000] {logging_mixin.py:188} INFO - [2024-07-27T22:01:30.693+0000] {dagbag.py:545} INFO - Filling up the DagBag from /home/airflow/.local/lib/python3.12/site-packages/airflow/example_dags/example_short_circuit_operator.py
[2024-07-27T22:01:30.697+0000] {processor.py:840} INFO - DAG(s) 'example_short_circuit_operator' retrieved from /home/airflow/.local/lib/python3.12/site-packages/airflow/example_dags/example_short_circuit_operator.py
[2024-07-27T22:01:30.709+0000] {logging_mixin.py:188} INFO - [2024-07-27T22:01:30.709+0000] {dag.py:3089} INFO - Sync 1 DAGs
[2024-07-27T22:01:30.720+0000] {logging_mixin.py:188} INFO - [2024-07-27T22:01:30.720+0000] {dag.py:3947} INFO - Setting next_dagrun for example_short_circuit_operator to 2024-07-26 00:00:00+00:00, run_after=2024-07-27 00:00:00+00:00
[2024-07-27T22:01:30.730+0000] {processor.py:183} INFO - Processing /home/airflow/.local/lib/python3.12/site-packages/airflow/example_dags/example_short_circuit_operator.py took 0.042 seconds
[2024-07-27T22:02:01.181+0000] {processor.py:161} INFO - Started process (PID=3127) to work on /home/airflow/.local/lib/python3.12/site-packages/airflow/example_dags/example_short_circuit_operator.py
[2024-07-27T22:02:01.182+0000] {processor.py:830} INFO - Processing file /home/airflow/.local/lib/python3.12/site-packages/airflow/example_dags/example_short_circuit_operator.py for tasks to queue
[2024-07-27T22:02:01.184+0000] {logging_mixin.py:188} INFO - [2024-07-27T22:02:01.184+0000] {dagbag.py:545} INFO - Filling up the DagBag from /home/airflow/.local/lib/python3.12/site-packages/airflow/example_dags/example_short_circuit_operator.py
[2024-07-27T22:02:01.188+0000] {processor.py:840} INFO - DAG(s) 'example_short_circuit_operator' retrieved from /home/airflow/.local/lib/python3.12/site-packages/airflow/example_dags/example_short_circuit_operator.py
[2024-07-27T22:02:01.202+0000] {logging_mixin.py:188} INFO - [2024-07-27T22:02:01.202+0000] {dag.py:3089} INFO - Sync 1 DAGs
[2024-07-27T22:02:01.214+0000] {logging_mixin.py:188} INFO - [2024-07-27T22:02:01.214+0000] {dag.py:3947} INFO - Setting next_dagrun for example_short_circuit_operator to 2024-07-26 00:00:00+00:00, run_after=2024-07-27 00:00:00+00:00
[2024-07-27T22:02:01.223+0000] {processor.py:183} INFO - Processing /home/airflow/.local/lib/python3.12/site-packages/airflow/example_dags/example_short_circuit_operator.py took 0.046 seconds
[2024-07-27T22:02:31.557+0000] {processor.py:161} INFO - Started process (PID=3388) to work on /home/airflow/.local/lib/python3.12/site-packages/airflow/example_dags/example_short_circuit_operator.py
[2024-07-27T22:02:31.563+0000] {processor.py:830} INFO - Processing file /home/airflow/.local/lib/python3.12/site-packages/airflow/example_dags/example_short_circuit_operator.py for tasks to queue
[2024-07-27T22:02:31.565+0000] {logging_mixin.py:188} INFO - [2024-07-27T22:02:31.565+0000] {dagbag.py:545} INFO - Filling up the DagBag from /home/airflow/.local/lib/python3.12/site-packages/airflow/example_dags/example_short_circuit_operator.py
[2024-07-27T22:02:31.571+0000] {processor.py:840} INFO - DAG(s) 'example_short_circuit_operator' retrieved from /home/airflow/.local/lib/python3.12/site-packages/airflow/example_dags/example_short_circuit_operator.py
[2024-07-27T22:02:31.594+0000] {logging_mixin.py:188} INFO - [2024-07-27T22:02:31.594+0000] {dag.py:3089} INFO - Sync 1 DAGs
[2024-07-27T22:02:31.606+0000] {logging_mixin.py:188} INFO - [2024-07-27T22:02:31.605+0000] {dag.py:3947} INFO - Setting next_dagrun for example_short_circuit_operator to 2024-07-26 00:00:00+00:00, run_after=2024-07-27 00:00:00+00:00
[2024-07-27T22:02:31.618+0000] {processor.py:183} INFO - Processing /home/airflow/.local/lib/python3.12/site-packages/airflow/example_dags/example_short_circuit_operator.py took 0.066 seconds
[2024-07-27T22:03:02.248+0000] {processor.py:161} INFO - Started process (PID=3651) to work on /home/airflow/.local/lib/python3.12/site-packages/airflow/example_dags/example_short_circuit_operator.py
[2024-07-27T22:03:02.249+0000] {processor.py:830} INFO - Processing file /home/airflow/.local/lib/python3.12/site-packages/airflow/example_dags/example_short_circuit_operator.py for tasks to queue
[2024-07-27T22:03:02.250+0000] {logging_mixin.py:188} INFO - [2024-07-27T22:03:02.250+0000] {dagbag.py:545} INFO - Filling up the DagBag from /home/airflow/.local/lib/python3.12/site-packages/airflow/example_dags/example_short_circuit_operator.py
[2024-07-27T22:03:02.255+0000] {processor.py:840} INFO - DAG(s) 'example_short_circuit_operator' retrieved from /home/airflow/.local/lib/python3.12/site-packages/airflow/example_dags/example_short_circuit_operator.py
[2024-07-27T22:03:02.268+0000] {logging_mixin.py:188} INFO - [2024-07-27T22:03:02.268+0000] {dag.py:3089} INFO - Sync 1 DAGs
[2024-07-27T22:03:02.279+0000] {logging_mixin.py:188} INFO - [2024-07-27T22:03:02.279+0000] {dag.py:3947} INFO - Setting next_dagrun for example_short_circuit_operator to 2024-07-26 00:00:00+00:00, run_after=2024-07-27 00:00:00+00:00
[2024-07-27T22:03:02.296+0000] {processor.py:183} INFO - Processing /home/airflow/.local/lib/python3.12/site-packages/airflow/example_dags/example_short_circuit_operator.py took 0.051 seconds
[2024-07-27T22:03:32.980+0000] {processor.py:161} INFO - Started process (PID=3913) to work on /home/airflow/.local/lib/python3.12/site-packages/airflow/example_dags/example_short_circuit_operator.py
[2024-07-27T22:03:32.982+0000] {processor.py:830} INFO - Processing file /home/airflow/.local/lib/python3.12/site-packages/airflow/example_dags/example_short_circuit_operator.py for tasks to queue
[2024-07-27T22:03:32.984+0000] {logging_mixin.py:188} INFO - [2024-07-27T22:03:32.983+0000] {dagbag.py:545} INFO - Filling up the DagBag from /home/airflow/.local/lib/python3.12/site-packages/airflow/example_dags/example_short_circuit_operator.py
[2024-07-27T22:03:32.989+0000] {processor.py:840} INFO - DAG(s) 'example_short_circuit_operator' retrieved from /home/airflow/.local/lib/python3.12/site-packages/airflow/example_dags/example_short_circuit_operator.py
[2024-07-27T22:03:33.005+0000] {logging_mixin.py:188} INFO - [2024-07-27T22:03:33.005+0000] {dag.py:3089} INFO - Sync 1 DAGs
[2024-07-27T22:03:33.021+0000] {logging_mixin.py:188} INFO - [2024-07-27T22:03:33.021+0000] {dag.py:3947} INFO - Setting next_dagrun for example_short_circuit_operator to 2024-07-26 00:00:00+00:00, run_after=2024-07-27 00:00:00+00:00
[2024-07-27T22:03:33.034+0000] {processor.py:183} INFO - Processing /home/airflow/.local/lib/python3.12/site-packages/airflow/example_dags/example_short_circuit_operator.py took 0.061 seconds
[2024-07-27T22:04:03.244+0000] {processor.py:161} INFO - Started process (PID=4175) to work on /home/airflow/.local/lib/python3.12/site-packages/airflow/example_dags/example_short_circuit_operator.py
[2024-07-27T22:04:03.245+0000] {processor.py:830} INFO - Processing file /home/airflow/.local/lib/python3.12/site-packages/airflow/example_dags/example_short_circuit_operator.py for tasks to queue
[2024-07-27T22:04:03.247+0000] {logging_mixin.py:188} INFO - [2024-07-27T22:04:03.246+0000] {dagbag.py:545} INFO - Filling up the DagBag from /home/airflow/.local/lib/python3.12/site-packages/airflow/example_dags/example_short_circuit_operator.py
[2024-07-27T22:04:03.251+0000] {processor.py:840} INFO - DAG(s) 'example_short_circuit_operator' retrieved from /home/airflow/.local/lib/python3.12/site-packages/airflow/example_dags/example_short_circuit_operator.py
[2024-07-27T22:04:03.267+0000] {logging_mixin.py:188} INFO - [2024-07-27T22:04:03.267+0000] {dag.py:3089} INFO - Sync 1 DAGs
[2024-07-27T22:04:03.282+0000] {logging_mixin.py:188} INFO - [2024-07-27T22:04:03.282+0000] {dag.py:3947} INFO - Setting next_dagrun for example_short_circuit_operator to 2024-07-26 00:00:00+00:00, run_after=2024-07-27 00:00:00+00:00
[2024-07-27T22:04:03.298+0000] {processor.py:183} INFO - Processing /home/airflow/.local/lib/python3.12/site-packages/airflow/example_dags/example_short_circuit_operator.py took 0.057 seconds
[2024-07-27T22:04:33.662+0000] {processor.py:161} INFO - Started process (PID=4439) to work on /home/airflow/.local/lib/python3.12/site-packages/airflow/example_dags/example_short_circuit_operator.py
[2024-07-27T22:04:33.662+0000] {processor.py:830} INFO - Processing file /home/airflow/.local/lib/python3.12/site-packages/airflow/example_dags/example_short_circuit_operator.py for tasks to queue
[2024-07-27T22:04:33.664+0000] {logging_mixin.py:188} INFO - [2024-07-27T22:04:33.663+0000] {dagbag.py:545} INFO - Filling up the DagBag from /home/airflow/.local/lib/python3.12/site-packages/airflow/example_dags/example_short_circuit_operator.py
[2024-07-27T22:04:33.668+0000] {processor.py:840} INFO - DAG(s) 'example_short_circuit_operator' retrieved from /home/airflow/.local/lib/python3.12/site-packages/airflow/example_dags/example_short_circuit_operator.py
[2024-07-27T22:04:33.680+0000] {logging_mixin.py:188} INFO - [2024-07-27T22:04:33.680+0000] {dag.py:3089} INFO - Sync 1 DAGs
[2024-07-27T22:04:33.690+0000] {logging_mixin.py:188} INFO - [2024-07-27T22:04:33.690+0000] {dag.py:3947} INFO - Setting next_dagrun for example_short_circuit_operator to 2024-07-26 00:00:00+00:00, run_after=2024-07-27 00:00:00+00:00
[2024-07-27T22:04:33.698+0000] {processor.py:183} INFO - Processing /home/airflow/.local/lib/python3.12/site-packages/airflow/example_dags/example_short_circuit_operator.py took 0.040 seconds
[2024-07-27T22:05:04.063+0000] {processor.py:161} INFO - Started process (PID=4698) to work on /home/airflow/.local/lib/python3.12/site-packages/airflow/example_dags/example_short_circuit_operator.py
[2024-07-27T22:05:04.064+0000] {processor.py:830} INFO - Processing file /home/airflow/.local/lib/python3.12/site-packages/airflow/example_dags/example_short_circuit_operator.py for tasks to queue
[2024-07-27T22:05:04.065+0000] {logging_mixin.py:188} INFO - [2024-07-27T22:05:04.065+0000] {dagbag.py:545} INFO - Filling up the DagBag from /home/airflow/.local/lib/python3.12/site-packages/airflow/example_dags/example_short_circuit_operator.py
[2024-07-27T22:05:04.068+0000] {processor.py:840} INFO - DAG(s) 'example_short_circuit_operator' retrieved from /home/airflow/.local/lib/python3.12/site-packages/airflow/example_dags/example_short_circuit_operator.py
[2024-07-27T22:05:04.079+0000] {logging_mixin.py:188} INFO - [2024-07-27T22:05:04.079+0000] {dag.py:3089} INFO - Sync 1 DAGs
[2024-07-27T22:05:04.090+0000] {logging_mixin.py:188} INFO - [2024-07-27T22:05:04.090+0000] {dag.py:3947} INFO - Setting next_dagrun for example_short_circuit_operator to 2024-07-26 00:00:00+00:00, run_after=2024-07-27 00:00:00+00:00
[2024-07-27T22:05:04.099+0000] {processor.py:183} INFO - Processing /home/airflow/.local/lib/python3.12/site-packages/airflow/example_dags/example_short_circuit_operator.py took 0.039 seconds
[2024-07-27T22:05:34.234+0000] {processor.py:161} INFO - Started process (PID=4960) to work on /home/airflow/.local/lib/python3.12/site-packages/airflow/example_dags/example_short_circuit_operator.py
[2024-07-27T22:05:34.235+0000] {processor.py:830} INFO - Processing file /home/airflow/.local/lib/python3.12/site-packages/airflow/example_dags/example_short_circuit_operator.py for tasks to queue
[2024-07-27T22:05:34.236+0000] {logging_mixin.py:188} INFO - [2024-07-27T22:05:34.236+0000] {dagbag.py:545} INFO - Filling up the DagBag from /home/airflow/.local/lib/python3.12/site-packages/airflow/example_dags/example_short_circuit_operator.py
[2024-07-27T22:05:34.240+0000] {processor.py:840} INFO - DAG(s) 'example_short_circuit_operator' retrieved from /home/airflow/.local/lib/python3.12/site-packages/airflow/example_dags/example_short_circuit_operator.py
[2024-07-27T22:05:34.252+0000] {logging_mixin.py:188} INFO - [2024-07-27T22:05:34.252+0000] {dag.py:3089} INFO - Sync 1 DAGs
[2024-07-27T22:05:34.264+0000] {logging_mixin.py:188} INFO - [2024-07-27T22:05:34.264+0000] {dag.py:3947} INFO - Setting next_dagrun for example_short_circuit_operator to 2024-07-26 00:00:00+00:00, run_after=2024-07-27 00:00:00+00:00
[2024-07-27T22:05:34.275+0000] {processor.py:183} INFO - Processing /home/airflow/.local/lib/python3.12/site-packages/airflow/example_dags/example_short_circuit_operator.py took 0.044 seconds
[2024-07-27T22:06:04.442+0000] {processor.py:161} INFO - Started process (PID=5223) to work on /home/airflow/.local/lib/python3.12/site-packages/airflow/example_dags/example_short_circuit_operator.py
[2024-07-27T22:06:04.442+0000] {processor.py:830} INFO - Processing file /home/airflow/.local/lib/python3.12/site-packages/airflow/example_dags/example_short_circuit_operator.py for tasks to queue
[2024-07-27T22:06:04.444+0000] {logging_mixin.py:188} INFO - [2024-07-27T22:06:04.444+0000] {dagbag.py:545} INFO - Filling up the DagBag from /home/airflow/.local/lib/python3.12/site-packages/airflow/example_dags/example_short_circuit_operator.py
[2024-07-27T22:06:04.448+0000] {processor.py:840} INFO - DAG(s) 'example_short_circuit_operator' retrieved from /home/airflow/.local/lib/python3.12/site-packages/airflow/example_dags/example_short_circuit_operator.py
[2024-07-27T22:06:04.463+0000] {logging_mixin.py:188} INFO - [2024-07-27T22:06:04.463+0000] {dag.py:3089} INFO - Sync 1 DAGs
[2024-07-27T22:06:04.474+0000] {logging_mixin.py:188} INFO - [2024-07-27T22:06:04.474+0000] {dag.py:3947} INFO - Setting next_dagrun for example_short_circuit_operator to 2024-07-26 00:00:00+00:00, run_after=2024-07-27 00:00:00+00:00
[2024-07-27T22:06:04.483+0000] {processor.py:183} INFO - Processing /home/airflow/.local/lib/python3.12/site-packages/airflow/example_dags/example_short_circuit_operator.py took 0.044 seconds
[2024-07-27T22:06:34.863+0000] {processor.py:161} INFO - Started process (PID=5485) to work on /home/airflow/.local/lib/python3.12/site-packages/airflow/example_dags/example_short_circuit_operator.py
[2024-07-27T22:06:34.864+0000] {processor.py:830} INFO - Processing file /home/airflow/.local/lib/python3.12/site-packages/airflow/example_dags/example_short_circuit_operator.py for tasks to queue
[2024-07-27T22:06:34.865+0000] {logging_mixin.py:188} INFO - [2024-07-27T22:06:34.865+0000] {dagbag.py:545} INFO - Filling up the DagBag from /home/airflow/.local/lib/python3.12/site-packages/airflow/example_dags/example_short_circuit_operator.py
[2024-07-27T22:06:34.869+0000] {processor.py:840} INFO - DAG(s) 'example_short_circuit_operator' retrieved from /home/airflow/.local/lib/python3.12/site-packages/airflow/example_dags/example_short_circuit_operator.py
[2024-07-27T22:06:34.881+0000] {logging_mixin.py:188} INFO - [2024-07-27T22:06:34.881+0000] {dag.py:3089} INFO - Sync 1 DAGs
[2024-07-27T22:06:34.892+0000] {logging_mixin.py:188} INFO - [2024-07-27T22:06:34.892+0000] {dag.py:3947} INFO - Setting next_dagrun for example_short_circuit_operator to 2024-07-26 00:00:00+00:00, run_after=2024-07-27 00:00:00+00:00
[2024-07-27T22:06:34.901+0000] {processor.py:183} INFO - Processing /home/airflow/.local/lib/python3.12/site-packages/airflow/example_dags/example_short_circuit_operator.py took 0.041 seconds
[2024-07-27T22:07:05.240+0000] {processor.py:161} INFO - Started process (PID=5745) to work on /home/airflow/.local/lib/python3.12/site-packages/airflow/example_dags/example_short_circuit_operator.py
[2024-07-27T22:07:05.241+0000] {processor.py:830} INFO - Processing file /home/airflow/.local/lib/python3.12/site-packages/airflow/example_dags/example_short_circuit_operator.py for tasks to queue
[2024-07-27T22:07:05.242+0000] {logging_mixin.py:188} INFO - [2024-07-27T22:07:05.242+0000] {dagbag.py:545} INFO - Filling up the DagBag from /home/airflow/.local/lib/python3.12/site-packages/airflow/example_dags/example_short_circuit_operator.py
[2024-07-27T22:07:05.246+0000] {processor.py:840} INFO - DAG(s) 'example_short_circuit_operator' retrieved from /home/airflow/.local/lib/python3.12/site-packages/airflow/example_dags/example_short_circuit_operator.py
[2024-07-27T22:07:05.262+0000] {logging_mixin.py:188} INFO - [2024-07-27T22:07:05.262+0000] {dag.py:3089} INFO - Sync 1 DAGs
[2024-07-27T22:07:05.273+0000] {logging_mixin.py:188} INFO - [2024-07-27T22:07:05.273+0000] {dag.py:3947} INFO - Setting next_dagrun for example_short_circuit_operator to 2024-07-26 00:00:00+00:00, run_after=2024-07-27 00:00:00+00:00
[2024-07-27T22:07:05.283+0000] {processor.py:183} INFO - Processing /home/airflow/.local/lib/python3.12/site-packages/airflow/example_dags/example_short_circuit_operator.py took 0.047 seconds
[2024-07-27T22:07:36.396+0000] {processor.py:161} INFO - Started process (PID=6007) to work on /home/airflow/.local/lib/python3.12/site-packages/airflow/example_dags/example_short_circuit_operator.py
[2024-07-27T22:07:36.397+0000] {processor.py:830} INFO - Processing file /home/airflow/.local/lib/python3.12/site-packages/airflow/example_dags/example_short_circuit_operator.py for tasks to queue
[2024-07-27T22:07:36.399+0000] {logging_mixin.py:188} INFO - [2024-07-27T22:07:36.399+0000] {dagbag.py:545} INFO - Filling up the DagBag from /home/airflow/.local/lib/python3.12/site-packages/airflow/example_dags/example_short_circuit_operator.py
[2024-07-27T22:07:36.406+0000] {processor.py:840} INFO - DAG(s) 'example_short_circuit_operator' retrieved from /home/airflow/.local/lib/python3.12/site-packages/airflow/example_dags/example_short_circuit_operator.py
[2024-07-27T22:07:36.419+0000] {logging_mixin.py:188} INFO - [2024-07-27T22:07:36.418+0000] {dag.py:3089} INFO - Sync 1 DAGs
[2024-07-27T22:07:36.430+0000] {logging_mixin.py:188} INFO - [2024-07-27T22:07:36.430+0000] {dag.py:3947} INFO - Setting next_dagrun for example_short_circuit_operator to 2024-07-26 00:00:00+00:00, run_after=2024-07-27 00:00:00+00:00
[2024-07-27T22:07:36.441+0000] {processor.py:183} INFO - Processing /home/airflow/.local/lib/python3.12/site-packages/airflow/example_dags/example_short_circuit_operator.py took 0.050 seconds
[2024-07-27T22:08:07.451+0000] {processor.py:161} INFO - Started process (PID=6269) to work on /home/airflow/.local/lib/python3.12/site-packages/airflow/example_dags/example_short_circuit_operator.py
[2024-07-27T22:08:07.452+0000] {processor.py:830} INFO - Processing file /home/airflow/.local/lib/python3.12/site-packages/airflow/example_dags/example_short_circuit_operator.py for tasks to queue
[2024-07-27T22:08:07.453+0000] {logging_mixin.py:188} INFO - [2024-07-27T22:08:07.452+0000] {dagbag.py:545} INFO - Filling up the DagBag from /home/airflow/.local/lib/python3.12/site-packages/airflow/example_dags/example_short_circuit_operator.py
[2024-07-27T22:08:07.457+0000] {processor.py:840} INFO - DAG(s) 'example_short_circuit_operator' retrieved from /home/airflow/.local/lib/python3.12/site-packages/airflow/example_dags/example_short_circuit_operator.py
[2024-07-27T22:08:07.495+0000] {logging_mixin.py:188} INFO - [2024-07-27T22:08:07.495+0000] {dag.py:3089} INFO - Sync 1 DAGs
[2024-07-27T22:08:07.512+0000] {logging_mixin.py:188} INFO - [2024-07-27T22:08:07.512+0000] {dag.py:3947} INFO - Setting next_dagrun for example_short_circuit_operator to 2024-07-26 00:00:00+00:00, run_after=2024-07-27 00:00:00+00:00
[2024-07-27T22:08:07.522+0000] {processor.py:183} INFO - Processing /home/airflow/.local/lib/python3.12/site-packages/airflow/example_dags/example_short_circuit_operator.py took 0.076 seconds
[2024-07-27T22:08:37.764+0000] {processor.py:161} INFO - Started process (PID=6531) to work on /home/airflow/.local/lib/python3.12/site-packages/airflow/example_dags/example_short_circuit_operator.py
[2024-07-27T22:08:37.765+0000] {processor.py:830} INFO - Processing file /home/airflow/.local/lib/python3.12/site-packages/airflow/example_dags/example_short_circuit_operator.py for tasks to queue
[2024-07-27T22:08:37.766+0000] {logging_mixin.py:188} INFO - [2024-07-27T22:08:37.766+0000] {dagbag.py:545} INFO - Filling up the DagBag from /home/airflow/.local/lib/python3.12/site-packages/airflow/example_dags/example_short_circuit_operator.py
[2024-07-27T22:08:37.770+0000] {processor.py:840} INFO - DAG(s) 'example_short_circuit_operator' retrieved from /home/airflow/.local/lib/python3.12/site-packages/airflow/example_dags/example_short_circuit_operator.py
[2024-07-27T22:08:37.782+0000] {logging_mixin.py:188} INFO - [2024-07-27T22:08:37.782+0000] {dag.py:3089} INFO - Sync 1 DAGs
[2024-07-27T22:08:37.796+0000] {logging_mixin.py:188} INFO - [2024-07-27T22:08:37.796+0000] {dag.py:3947} INFO - Setting next_dagrun for example_short_circuit_operator to 2024-07-26 00:00:00+00:00, run_after=2024-07-27 00:00:00+00:00
[2024-07-27T22:08:37.805+0000] {processor.py:183} INFO - Processing /home/airflow/.local/lib/python3.12/site-packages/airflow/example_dags/example_short_circuit_operator.py took 0.044 seconds
[2024-07-27T22:09:08.597+0000] {processor.py:161} INFO - Started process (PID=6793) to work on /home/airflow/.local/lib/python3.12/site-packages/airflow/example_dags/example_short_circuit_operator.py
[2024-07-27T22:09:08.598+0000] {processor.py:830} INFO - Processing file /home/airflow/.local/lib/python3.12/site-packages/airflow/example_dags/example_short_circuit_operator.py for tasks to queue
[2024-07-27T22:09:08.599+0000] {logging_mixin.py:188} INFO - [2024-07-27T22:09:08.599+0000] {dagbag.py:545} INFO - Filling up the DagBag from /home/airflow/.local/lib/python3.12/site-packages/airflow/example_dags/example_short_circuit_operator.py
[2024-07-27T22:09:08.605+0000] {processor.py:840} INFO - DAG(s) 'example_short_circuit_operator' retrieved from /home/airflow/.local/lib/python3.12/site-packages/airflow/example_dags/example_short_circuit_operator.py
[2024-07-27T22:09:08.622+0000] {logging_mixin.py:188} INFO - [2024-07-27T22:09:08.621+0000] {dag.py:3089} INFO - Sync 1 DAGs
[2024-07-27T22:09:08.639+0000] {logging_mixin.py:188} INFO - [2024-07-27T22:09:08.639+0000] {dag.py:3947} INFO - Setting next_dagrun for example_short_circuit_operator to 2024-07-26 00:00:00+00:00, run_after=2024-07-27 00:00:00+00:00
[2024-07-27T22:09:08.657+0000] {processor.py:183} INFO - Processing /home/airflow/.local/lib/python3.12/site-packages/airflow/example_dags/example_short_circuit_operator.py took 0.063 seconds
[2024-07-27T22:09:38.782+0000] {processor.py:161} INFO - Started process (PID=7052) to work on /home/airflow/.local/lib/python3.12/site-packages/airflow/example_dags/example_short_circuit_operator.py
[2024-07-27T22:09:38.783+0000] {processor.py:830} INFO - Processing file /home/airflow/.local/lib/python3.12/site-packages/airflow/example_dags/example_short_circuit_operator.py for tasks to queue
[2024-07-27T22:09:38.784+0000] {logging_mixin.py:188} INFO - [2024-07-27T22:09:38.784+0000] {dagbag.py:545} INFO - Filling up the DagBag from /home/airflow/.local/lib/python3.12/site-packages/airflow/example_dags/example_short_circuit_operator.py
[2024-07-27T22:09:38.793+0000] {processor.py:840} INFO - DAG(s) 'example_short_circuit_operator' retrieved from /home/airflow/.local/lib/python3.12/site-packages/airflow/example_dags/example_short_circuit_operator.py
[2024-07-27T22:09:38.804+0000] {logging_mixin.py:188} INFO - [2024-07-27T22:09:38.804+0000] {dag.py:3089} INFO - Sync 1 DAGs
[2024-07-27T22:09:38.814+0000] {logging_mixin.py:188} INFO - [2024-07-27T22:09:38.814+0000] {dag.py:3947} INFO - Setting next_dagrun for example_short_circuit_operator to 2024-07-26 00:00:00+00:00, run_after=2024-07-27 00:00:00+00:00
[2024-07-27T22:09:38.822+0000] {processor.py:183} INFO - Processing /home/airflow/.local/lib/python3.12/site-packages/airflow/example_dags/example_short_circuit_operator.py took 0.042 seconds
[2024-07-27T22:10:09.114+0000] {processor.py:161} INFO - Started process (PID=7314) to work on /home/airflow/.local/lib/python3.12/site-packages/airflow/example_dags/example_short_circuit_operator.py
[2024-07-27T22:10:09.115+0000] {processor.py:830} INFO - Processing file /home/airflow/.local/lib/python3.12/site-packages/airflow/example_dags/example_short_circuit_operator.py for tasks to queue
[2024-07-27T22:10:09.116+0000] {logging_mixin.py:188} INFO - [2024-07-27T22:10:09.116+0000] {dagbag.py:545} INFO - Filling up the DagBag from /home/airflow/.local/lib/python3.12/site-packages/airflow/example_dags/example_short_circuit_operator.py
[2024-07-27T22:10:09.120+0000] {processor.py:840} INFO - DAG(s) 'example_short_circuit_operator' retrieved from /home/airflow/.local/lib/python3.12/site-packages/airflow/example_dags/example_short_circuit_operator.py
[2024-07-27T22:10:09.132+0000] {logging_mixin.py:188} INFO - [2024-07-27T22:10:09.132+0000] {dag.py:3089} INFO - Sync 1 DAGs
[2024-07-27T22:10:09.142+0000] {logging_mixin.py:188} INFO - [2024-07-27T22:10:09.142+0000] {dag.py:3947} INFO - Setting next_dagrun for example_short_circuit_operator to 2024-07-26 00:00:00+00:00, run_after=2024-07-27 00:00:00+00:00
[2024-07-27T22:10:09.152+0000] {processor.py:183} INFO - Processing /home/airflow/.local/lib/python3.12/site-packages/airflow/example_dags/example_short_circuit_operator.py took 0.041 seconds
[2024-07-27T22:10:39.322+0000] {processor.py:161} INFO - Started process (PID=7576) to work on /home/airflow/.local/lib/python3.12/site-packages/airflow/example_dags/example_short_circuit_operator.py
[2024-07-27T22:10:39.323+0000] {processor.py:830} INFO - Processing file /home/airflow/.local/lib/python3.12/site-packages/airflow/example_dags/example_short_circuit_operator.py for tasks to queue
[2024-07-27T22:10:39.324+0000] {logging_mixin.py:188} INFO - [2024-07-27T22:10:39.323+0000] {dagbag.py:545} INFO - Filling up the DagBag from /home/airflow/.local/lib/python3.12/site-packages/airflow/example_dags/example_short_circuit_operator.py
[2024-07-27T22:10:39.328+0000] {processor.py:840} INFO - DAG(s) 'example_short_circuit_operator' retrieved from /home/airflow/.local/lib/python3.12/site-packages/airflow/example_dags/example_short_circuit_operator.py
[2024-07-27T22:10:39.339+0000] {logging_mixin.py:188} INFO - [2024-07-27T22:10:39.339+0000] {dag.py:3089} INFO - Sync 1 DAGs
[2024-07-27T22:10:39.349+0000] {logging_mixin.py:188} INFO - [2024-07-27T22:10:39.349+0000] {dag.py:3947} INFO - Setting next_dagrun for example_short_circuit_operator to 2024-07-26 00:00:00+00:00, run_after=2024-07-27 00:00:00+00:00
[2024-07-27T22:10:39.357+0000] {processor.py:183} INFO - Processing /home/airflow/.local/lib/python3.12/site-packages/airflow/example_dags/example_short_circuit_operator.py took 0.038 seconds
[2024-07-27T22:11:09.540+0000] {processor.py:161} INFO - Started process (PID=7838) to work on /home/airflow/.local/lib/python3.12/site-packages/airflow/example_dags/example_short_circuit_operator.py
[2024-07-27T22:11:09.540+0000] {processor.py:830} INFO - Processing file /home/airflow/.local/lib/python3.12/site-packages/airflow/example_dags/example_short_circuit_operator.py for tasks to queue
[2024-07-27T22:11:09.541+0000] {logging_mixin.py:188} INFO - [2024-07-27T22:11:09.541+0000] {dagbag.py:545} INFO - Filling up the DagBag from /home/airflow/.local/lib/python3.12/site-packages/airflow/example_dags/example_short_circuit_operator.py
[2024-07-27T22:11:09.546+0000] {processor.py:840} INFO - DAG(s) 'example_short_circuit_operator' retrieved from /home/airflow/.local/lib/python3.12/site-packages/airflow/example_dags/example_short_circuit_operator.py
[2024-07-27T22:11:09.558+0000] {logging_mixin.py:188} INFO - [2024-07-27T22:11:09.558+0000] {dag.py:3089} INFO - Sync 1 DAGs
[2024-07-27T22:11:09.568+0000] {logging_mixin.py:188} INFO - [2024-07-27T22:11:09.568+0000] {dag.py:3947} INFO - Setting next_dagrun for example_short_circuit_operator to 2024-07-26 00:00:00+00:00, run_after=2024-07-27 00:00:00+00:00
[2024-07-27T22:11:09.577+0000] {processor.py:183} INFO - Processing /home/airflow/.local/lib/python3.12/site-packages/airflow/example_dags/example_short_circuit_operator.py took 0.040 seconds
[2024-07-27T22:11:39.773+0000] {processor.py:161} INFO - Started process (PID=8100) to work on /home/airflow/.local/lib/python3.12/site-packages/airflow/example_dags/example_short_circuit_operator.py
[2024-07-27T22:11:39.774+0000] {processor.py:830} INFO - Processing file /home/airflow/.local/lib/python3.12/site-packages/airflow/example_dags/example_short_circuit_operator.py for tasks to queue
[2024-07-27T22:11:39.775+0000] {logging_mixin.py:188} INFO - [2024-07-27T22:11:39.774+0000] {dagbag.py:545} INFO - Filling up the DagBag from /home/airflow/.local/lib/python3.12/site-packages/airflow/example_dags/example_short_circuit_operator.py
[2024-07-27T22:11:39.779+0000] {processor.py:840} INFO - DAG(s) 'example_short_circuit_operator' retrieved from /home/airflow/.local/lib/python3.12/site-packages/airflow/example_dags/example_short_circuit_operator.py
[2024-07-27T22:11:39.790+0000] {logging_mixin.py:188} INFO - [2024-07-27T22:11:39.790+0000] {dag.py:3089} INFO - Sync 1 DAGs
[2024-07-27T22:11:39.800+0000] {logging_mixin.py:188} INFO - [2024-07-27T22:11:39.800+0000] {dag.py:3947} INFO - Setting next_dagrun for example_short_circuit_operator to 2024-07-26 00:00:00+00:00, run_after=2024-07-27 00:00:00+00:00
[2024-07-27T22:11:39.808+0000] {processor.py:183} INFO - Processing /home/airflow/.local/lib/python3.12/site-packages/airflow/example_dags/example_short_circuit_operator.py took 0.038 seconds
[2024-07-27T22:12:10.224+0000] {processor.py:161} INFO - Started process (PID=8363) to work on /home/airflow/.local/lib/python3.12/site-packages/airflow/example_dags/example_short_circuit_operator.py
[2024-07-27T22:12:10.225+0000] {processor.py:830} INFO - Processing file /home/airflow/.local/lib/python3.12/site-packages/airflow/example_dags/example_short_circuit_operator.py for tasks to queue
[2024-07-27T22:12:10.226+0000] {logging_mixin.py:188} INFO - [2024-07-27T22:12:10.226+0000] {dagbag.py:545} INFO - Filling up the DagBag from /home/airflow/.local/lib/python3.12/site-packages/airflow/example_dags/example_short_circuit_operator.py
[2024-07-27T22:12:10.230+0000] {processor.py:840} INFO - DAG(s) 'example_short_circuit_operator' retrieved from /home/airflow/.local/lib/python3.12/site-packages/airflow/example_dags/example_short_circuit_operator.py
[2024-07-27T22:12:10.243+0000] {logging_mixin.py:188} INFO - [2024-07-27T22:12:10.243+0000] {dag.py:3089} INFO - Sync 1 DAGs
[2024-07-27T22:12:10.254+0000] {logging_mixin.py:188} INFO - [2024-07-27T22:12:10.253+0000] {dag.py:3947} INFO - Setting next_dagrun for example_short_circuit_operator to 2024-07-26 00:00:00+00:00, run_after=2024-07-27 00:00:00+00:00
[2024-07-27T22:12:10.262+0000] {processor.py:183} INFO - Processing /home/airflow/.local/lib/python3.12/site-packages/airflow/example_dags/example_short_circuit_operator.py took 0.041 seconds
[2024-07-27T22:12:40.650+0000] {processor.py:161} INFO - Started process (PID=8625) to work on /home/airflow/.local/lib/python3.12/site-packages/airflow/example_dags/example_short_circuit_operator.py
[2024-07-27T22:12:40.651+0000] {processor.py:830} INFO - Processing file /home/airflow/.local/lib/python3.12/site-packages/airflow/example_dags/example_short_circuit_operator.py for tasks to queue
[2024-07-27T22:12:40.652+0000] {logging_mixin.py:188} INFO - [2024-07-27T22:12:40.651+0000] {dagbag.py:545} INFO - Filling up the DagBag from /home/airflow/.local/lib/python3.12/site-packages/airflow/example_dags/example_short_circuit_operator.py
[2024-07-27T22:12:40.656+0000] {processor.py:840} INFO - DAG(s) 'example_short_circuit_operator' retrieved from /home/airflow/.local/lib/python3.12/site-packages/airflow/example_dags/example_short_circuit_operator.py
[2024-07-27T22:12:40.667+0000] {logging_mixin.py:188} INFO - [2024-07-27T22:12:40.667+0000] {dag.py:3089} INFO - Sync 1 DAGs
[2024-07-27T22:12:40.677+0000] {logging_mixin.py:188} INFO - [2024-07-27T22:12:40.677+0000] {dag.py:3947} INFO - Setting next_dagrun for example_short_circuit_operator to 2024-07-26 00:00:00+00:00, run_after=2024-07-27 00:00:00+00:00
[2024-07-27T22:12:40.685+0000] {processor.py:183} INFO - Processing /home/airflow/.local/lib/python3.12/site-packages/airflow/example_dags/example_short_circuit_operator.py took 0.038 seconds
[2024-07-27T22:13:10.881+0000] {processor.py:161} INFO - Started process (PID=8887) to work on /home/airflow/.local/lib/python3.12/site-packages/airflow/example_dags/example_short_circuit_operator.py
[2024-07-27T22:13:10.882+0000] {processor.py:830} INFO - Processing file /home/airflow/.local/lib/python3.12/site-packages/airflow/example_dags/example_short_circuit_operator.py for tasks to queue
[2024-07-27T22:13:10.884+0000] {logging_mixin.py:188} INFO - [2024-07-27T22:13:10.883+0000] {dagbag.py:545} INFO - Filling up the DagBag from /home/airflow/.local/lib/python3.12/site-packages/airflow/example_dags/example_short_circuit_operator.py
[2024-07-27T22:13:10.888+0000] {processor.py:840} INFO - DAG(s) 'example_short_circuit_operator' retrieved from /home/airflow/.local/lib/python3.12/site-packages/airflow/example_dags/example_short_circuit_operator.py
[2024-07-27T22:13:10.900+0000] {logging_mixin.py:188} INFO - [2024-07-27T22:13:10.900+0000] {dag.py:3089} INFO - Sync 1 DAGs
[2024-07-27T22:13:10.911+0000] {logging_mixin.py:188} INFO - [2024-07-27T22:13:10.911+0000] {dag.py:3947} INFO - Setting next_dagrun for example_short_circuit_operator to 2024-07-26 00:00:00+00:00, run_after=2024-07-27 00:00:00+00:00
[2024-07-27T22:13:10.921+0000] {processor.py:183} INFO - Processing /home/airflow/.local/lib/python3.12/site-packages/airflow/example_dags/example_short_circuit_operator.py took 0.043 seconds
[2024-07-27T22:13:41.125+0000] {processor.py:161} INFO - Started process (PID=9149) to work on /home/airflow/.local/lib/python3.12/site-packages/airflow/example_dags/example_short_circuit_operator.py
[2024-07-27T22:13:41.126+0000] {processor.py:830} INFO - Processing file /home/airflow/.local/lib/python3.12/site-packages/airflow/example_dags/example_short_circuit_operator.py for tasks to queue
[2024-07-27T22:13:41.127+0000] {logging_mixin.py:188} INFO - [2024-07-27T22:13:41.127+0000] {dagbag.py:545} INFO - Filling up the DagBag from /home/airflow/.local/lib/python3.12/site-packages/airflow/example_dags/example_short_circuit_operator.py
[2024-07-27T22:13:41.132+0000] {processor.py:840} INFO - DAG(s) 'example_short_circuit_operator' retrieved from /home/airflow/.local/lib/python3.12/site-packages/airflow/example_dags/example_short_circuit_operator.py
[2024-07-27T22:13:41.144+0000] {logging_mixin.py:188} INFO - [2024-07-27T22:13:41.143+0000] {dag.py:3089} INFO - Sync 1 DAGs
[2024-07-27T22:13:41.153+0000] {logging_mixin.py:188} INFO - [2024-07-27T22:13:41.153+0000] {dag.py:3947} INFO - Setting next_dagrun for example_short_circuit_operator to 2024-07-26 00:00:00+00:00, run_after=2024-07-27 00:00:00+00:00
[2024-07-27T22:13:41.161+0000] {processor.py:183} INFO - Processing /home/airflow/.local/lib/python3.12/site-packages/airflow/example_dags/example_short_circuit_operator.py took 0.039 seconds
[2024-07-27T22:14:11.481+0000] {processor.py:161} INFO - Started process (PID=9411) to work on /home/airflow/.local/lib/python3.12/site-packages/airflow/example_dags/example_short_circuit_operator.py
[2024-07-27T22:14:11.482+0000] {processor.py:830} INFO - Processing file /home/airflow/.local/lib/python3.12/site-packages/airflow/example_dags/example_short_circuit_operator.py for tasks to queue
[2024-07-27T22:14:11.483+0000] {logging_mixin.py:188} INFO - [2024-07-27T22:14:11.483+0000] {dagbag.py:545} INFO - Filling up the DagBag from /home/airflow/.local/lib/python3.12/site-packages/airflow/example_dags/example_short_circuit_operator.py
[2024-07-27T22:14:11.488+0000] {processor.py:840} INFO - DAG(s) 'example_short_circuit_operator' retrieved from /home/airflow/.local/lib/python3.12/site-packages/airflow/example_dags/example_short_circuit_operator.py
[2024-07-27T22:14:11.501+0000] {logging_mixin.py:188} INFO - [2024-07-27T22:14:11.501+0000] {dag.py:3089} INFO - Sync 1 DAGs
[2024-07-27T22:14:11.519+0000] {logging_mixin.py:188} INFO - [2024-07-27T22:14:11.519+0000] {dag.py:3947} INFO - Setting next_dagrun for example_short_circuit_operator to 2024-07-26 00:00:00+00:00, run_after=2024-07-27 00:00:00+00:00
[2024-07-27T22:14:11.532+0000] {processor.py:183} INFO - Processing /home/airflow/.local/lib/python3.12/site-packages/airflow/example_dags/example_short_circuit_operator.py took 0.057 seconds
[2024-07-27T22:14:41.965+0000] {processor.py:161} INFO - Started process (PID=9678) to work on /home/airflow/.local/lib/python3.12/site-packages/airflow/example_dags/example_short_circuit_operator.py
[2024-07-27T22:14:41.966+0000] {processor.py:830} INFO - Processing file /home/airflow/.local/lib/python3.12/site-packages/airflow/example_dags/example_short_circuit_operator.py for tasks to queue
[2024-07-27T22:14:41.968+0000] {logging_mixin.py:188} INFO - [2024-07-27T22:14:41.968+0000] {dagbag.py:545} INFO - Filling up the DagBag from /home/airflow/.local/lib/python3.12/site-packages/airflow/example_dags/example_short_circuit_operator.py
[2024-07-27T22:14:41.972+0000] {processor.py:840} INFO - DAG(s) 'example_short_circuit_operator' retrieved from /home/airflow/.local/lib/python3.12/site-packages/airflow/example_dags/example_short_circuit_operator.py
[2024-07-27T22:14:41.985+0000] {logging_mixin.py:188} INFO - [2024-07-27T22:14:41.985+0000] {dag.py:3089} INFO - Sync 1 DAGs
[2024-07-27T22:14:41.999+0000] {logging_mixin.py:188} INFO - [2024-07-27T22:14:41.999+0000] {dag.py:3947} INFO - Setting next_dagrun for example_short_circuit_operator to 2024-07-26 00:00:00+00:00, run_after=2024-07-27 00:00:00+00:00
[2024-07-27T22:14:42.010+0000] {processor.py:183} INFO - Processing /home/airflow/.local/lib/python3.12/site-packages/airflow/example_dags/example_short_circuit_operator.py took 0.049 seconds
[2024-07-27T22:15:12.315+0000] {processor.py:161} INFO - Started process (PID=9941) to work on /home/airflow/.local/lib/python3.12/site-packages/airflow/example_dags/example_short_circuit_operator.py
[2024-07-27T22:15:12.316+0000] {processor.py:830} INFO - Processing file /home/airflow/.local/lib/python3.12/site-packages/airflow/example_dags/example_short_circuit_operator.py for tasks to queue
[2024-07-27T22:15:12.318+0000] {logging_mixin.py:188} INFO - [2024-07-27T22:15:12.317+0000] {dagbag.py:545} INFO - Filling up the DagBag from /home/airflow/.local/lib/python3.12/site-packages/airflow/example_dags/example_short_circuit_operator.py
[2024-07-27T22:15:12.322+0000] {processor.py:840} INFO - DAG(s) 'example_short_circuit_operator' retrieved from /home/airflow/.local/lib/python3.12/site-packages/airflow/example_dags/example_short_circuit_operator.py
[2024-07-27T22:15:12.336+0000] {logging_mixin.py:188} INFO - [2024-07-27T22:15:12.336+0000] {dag.py:3089} INFO - Sync 1 DAGs
[2024-07-27T22:15:12.356+0000] {logging_mixin.py:188} INFO - [2024-07-27T22:15:12.355+0000] {dag.py:3947} INFO - Setting next_dagrun for example_short_circuit_operator to 2024-07-26 00:00:00+00:00, run_after=2024-07-27 00:00:00+00:00
[2024-07-27T22:15:12.369+0000] {processor.py:183} INFO - Processing /home/airflow/.local/lib/python3.12/site-packages/airflow/example_dags/example_short_circuit_operator.py took 0.057 seconds
[2024-07-27T22:15:42.457+0000] {processor.py:161} INFO - Started process (PID=10203) to work on /home/airflow/.local/lib/python3.12/site-packages/airflow/example_dags/example_short_circuit_operator.py
[2024-07-27T22:15:42.458+0000] {processor.py:830} INFO - Processing file /home/airflow/.local/lib/python3.12/site-packages/airflow/example_dags/example_short_circuit_operator.py for tasks to queue
[2024-07-27T22:15:42.459+0000] {logging_mixin.py:188} INFO - [2024-07-27T22:15:42.459+0000] {dagbag.py:545} INFO - Filling up the DagBag from /home/airflow/.local/lib/python3.12/site-packages/airflow/example_dags/example_short_circuit_operator.py
[2024-07-27T22:15:42.464+0000] {processor.py:840} INFO - DAG(s) 'example_short_circuit_operator' retrieved from /home/airflow/.local/lib/python3.12/site-packages/airflow/example_dags/example_short_circuit_operator.py
[2024-07-27T22:15:42.477+0000] {logging_mixin.py:188} INFO - [2024-07-27T22:15:42.477+0000] {dag.py:3089} INFO - Sync 1 DAGs
[2024-07-27T22:15:42.494+0000] {logging_mixin.py:188} INFO - [2024-07-27T22:15:42.494+0000] {dag.py:3947} INFO - Setting next_dagrun for example_short_circuit_operator to 2024-07-26 00:00:00+00:00, run_after=2024-07-27 00:00:00+00:00
[2024-07-27T22:15:42.506+0000] {processor.py:183} INFO - Processing /home/airflow/.local/lib/python3.12/site-packages/airflow/example_dags/example_short_circuit_operator.py took 0.053 seconds
[2024-07-27T22:16:13.688+0000] {processor.py:161} INFO - Started process (PID=10466) to work on /home/airflow/.local/lib/python3.12/site-packages/airflow/example_dags/example_short_circuit_operator.py
[2024-07-27T22:16:13.689+0000] {processor.py:830} INFO - Processing file /home/airflow/.local/lib/python3.12/site-packages/airflow/example_dags/example_short_circuit_operator.py for tasks to queue
[2024-07-27T22:16:13.694+0000] {logging_mixin.py:188} INFO - [2024-07-27T22:16:13.692+0000] {dagbag.py:545} INFO - Filling up the DagBag from /home/airflow/.local/lib/python3.12/site-packages/airflow/example_dags/example_short_circuit_operator.py
[2024-07-27T22:16:13.701+0000] {processor.py:840} INFO - DAG(s) 'example_short_circuit_operator' retrieved from /home/airflow/.local/lib/python3.12/site-packages/airflow/example_dags/example_short_circuit_operator.py
[2024-07-27T22:16:13.741+0000] {logging_mixin.py:188} INFO - [2024-07-27T22:16:13.741+0000] {dag.py:3089} INFO - Sync 1 DAGs
[2024-07-27T22:16:13.762+0000] {logging_mixin.py:188} INFO - [2024-07-27T22:16:13.762+0000] {dag.py:3947} INFO - Setting next_dagrun for example_short_circuit_operator to 2024-07-26 00:00:00+00:00, run_after=2024-07-27 00:00:00+00:00
[2024-07-27T22:16:13.943+0000] {processor.py:183} INFO - Processing /home/airflow/.local/lib/python3.12/site-packages/airflow/example_dags/example_short_circuit_operator.py took 0.260 seconds
[2024-07-27T22:16:44.318+0000] {processor.py:161} INFO - Started process (PID=10728) to work on /home/airflow/.local/lib/python3.12/site-packages/airflow/example_dags/example_short_circuit_operator.py
[2024-07-27T22:16:44.319+0000] {processor.py:830} INFO - Processing file /home/airflow/.local/lib/python3.12/site-packages/airflow/example_dags/example_short_circuit_operator.py for tasks to queue
[2024-07-27T22:16:44.320+0000] {logging_mixin.py:188} INFO - [2024-07-27T22:16:44.320+0000] {dagbag.py:545} INFO - Filling up the DagBag from /home/airflow/.local/lib/python3.12/site-packages/airflow/example_dags/example_short_circuit_operator.py
[2024-07-27T22:16:44.324+0000] {processor.py:840} INFO - DAG(s) 'example_short_circuit_operator' retrieved from /home/airflow/.local/lib/python3.12/site-packages/airflow/example_dags/example_short_circuit_operator.py
[2024-07-27T22:16:44.335+0000] {logging_mixin.py:188} INFO - [2024-07-27T22:16:44.335+0000] {dag.py:3089} INFO - Sync 1 DAGs
[2024-07-27T22:16:44.345+0000] {logging_mixin.py:188} INFO - [2024-07-27T22:16:44.345+0000] {dag.py:3947} INFO - Setting next_dagrun for example_short_circuit_operator to 2024-07-26 00:00:00+00:00, run_after=2024-07-27 00:00:00+00:00
[2024-07-27T22:16:44.353+0000] {processor.py:183} INFO - Processing /home/airflow/.local/lib/python3.12/site-packages/airflow/example_dags/example_short_circuit_operator.py took 0.038 seconds
[2024-07-27T22:17:14.826+0000] {processor.py:161} INFO - Started process (PID=10990) to work on /home/airflow/.local/lib/python3.12/site-packages/airflow/example_dags/example_short_circuit_operator.py
[2024-07-27T22:17:14.827+0000] {processor.py:830} INFO - Processing file /home/airflow/.local/lib/python3.12/site-packages/airflow/example_dags/example_short_circuit_operator.py for tasks to queue
[2024-07-27T22:17:14.828+0000] {logging_mixin.py:188} INFO - [2024-07-27T22:17:14.828+0000] {dagbag.py:545} INFO - Filling up the DagBag from /home/airflow/.local/lib/python3.12/site-packages/airflow/example_dags/example_short_circuit_operator.py
[2024-07-27T22:17:14.833+0000] {processor.py:840} INFO - DAG(s) 'example_short_circuit_operator' retrieved from /home/airflow/.local/lib/python3.12/site-packages/airflow/example_dags/example_short_circuit_operator.py
[2024-07-27T22:17:14.849+0000] {logging_mixin.py:188} INFO - [2024-07-27T22:17:14.849+0000] {dag.py:3089} INFO - Sync 1 DAGs
[2024-07-27T22:17:14.861+0000] {logging_mixin.py:188} INFO - [2024-07-27T22:17:14.861+0000] {dag.py:3947} INFO - Setting next_dagrun for example_short_circuit_operator to 2024-07-26 00:00:00+00:00, run_after=2024-07-27 00:00:00+00:00
[2024-07-27T22:17:14.869+0000] {processor.py:183} INFO - Processing /home/airflow/.local/lib/python3.12/site-packages/airflow/example_dags/example_short_circuit_operator.py took 0.047 seconds
[2024-07-27T22:17:45.884+0000] {processor.py:161} INFO - Started process (PID=11252) to work on /home/airflow/.local/lib/python3.12/site-packages/airflow/example_dags/example_short_circuit_operator.py
[2024-07-27T22:17:45.891+0000] {processor.py:830} INFO - Processing file /home/airflow/.local/lib/python3.12/site-packages/airflow/example_dags/example_short_circuit_operator.py for tasks to queue
[2024-07-27T22:17:45.893+0000] {logging_mixin.py:188} INFO - [2024-07-27T22:17:45.892+0000] {dagbag.py:545} INFO - Filling up the DagBag from /home/airflow/.local/lib/python3.12/site-packages/airflow/example_dags/example_short_circuit_operator.py
[2024-07-27T22:17:45.899+0000] {processor.py:840} INFO - DAG(s) 'example_short_circuit_operator' retrieved from /home/airflow/.local/lib/python3.12/site-packages/airflow/example_dags/example_short_circuit_operator.py
[2024-07-27T22:17:46.000+0000] {logging_mixin.py:188} INFO - [2024-07-27T22:17:46.000+0000] {dag.py:3089} INFO - Sync 1 DAGs
[2024-07-27T22:17:46.008+0000] {logging_mixin.py:188} INFO - [2024-07-27T22:17:46.008+0000] {dag.py:3947} INFO - Setting next_dagrun for example_short_circuit_operator to 2024-07-26 00:00:00+00:00, run_after=2024-07-27 00:00:00+00:00
[2024-07-27T22:17:46.015+0000] {processor.py:183} INFO - Processing /home/airflow/.local/lib/python3.12/site-packages/airflow/example_dags/example_short_circuit_operator.py took 0.138 seconds
[2024-07-27T22:18:16.806+0000] {processor.py:161} INFO - Started process (PID=11514) to work on /home/airflow/.local/lib/python3.12/site-packages/airflow/example_dags/example_short_circuit_operator.py
[2024-07-27T22:18:16.807+0000] {processor.py:830} INFO - Processing file /home/airflow/.local/lib/python3.12/site-packages/airflow/example_dags/example_short_circuit_operator.py for tasks to queue
[2024-07-27T22:18:16.808+0000] {logging_mixin.py:188} INFO - [2024-07-27T22:18:16.808+0000] {dagbag.py:545} INFO - Filling up the DagBag from /home/airflow/.local/lib/python3.12/site-packages/airflow/example_dags/example_short_circuit_operator.py
[2024-07-27T22:18:16.814+0000] {processor.py:840} INFO - DAG(s) 'example_short_circuit_operator' retrieved from /home/airflow/.local/lib/python3.12/site-packages/airflow/example_dags/example_short_circuit_operator.py
[2024-07-27T22:18:16.832+0000] {logging_mixin.py:188} INFO - [2024-07-27T22:18:16.831+0000] {dag.py:3089} INFO - Sync 1 DAGs
[2024-07-27T22:18:16.842+0000] {logging_mixin.py:188} INFO - [2024-07-27T22:18:16.842+0000] {dag.py:3947} INFO - Setting next_dagrun for example_short_circuit_operator to 2024-07-26 00:00:00+00:00, run_after=2024-07-27 00:00:00+00:00
[2024-07-27T22:18:16.850+0000] {processor.py:183} INFO - Processing /home/airflow/.local/lib/python3.12/site-packages/airflow/example_dags/example_short_circuit_operator.py took 0.048 seconds
[2024-07-27T22:18:46.979+0000] {processor.py:161} INFO - Started process (PID=11776) to work on /home/airflow/.local/lib/python3.12/site-packages/airflow/example_dags/example_short_circuit_operator.py
[2024-07-27T22:18:46.980+0000] {processor.py:830} INFO - Processing file /home/airflow/.local/lib/python3.12/site-packages/airflow/example_dags/example_short_circuit_operator.py for tasks to queue
[2024-07-27T22:18:46.981+0000] {logging_mixin.py:188} INFO - [2024-07-27T22:18:46.981+0000] {dagbag.py:545} INFO - Filling up the DagBag from /home/airflow/.local/lib/python3.12/site-packages/airflow/example_dags/example_short_circuit_operator.py
[2024-07-27T22:18:46.985+0000] {processor.py:840} INFO - DAG(s) 'example_short_circuit_operator' retrieved from /home/airflow/.local/lib/python3.12/site-packages/airflow/example_dags/example_short_circuit_operator.py
[2024-07-27T22:18:46.996+0000] {logging_mixin.py:188} INFO - [2024-07-27T22:18:46.996+0000] {dag.py:3089} INFO - Sync 1 DAGs
[2024-07-27T22:18:47.006+0000] {logging_mixin.py:188} INFO - [2024-07-27T22:18:47.005+0000] {dag.py:3947} INFO - Setting next_dagrun for example_short_circuit_operator to 2024-07-26 00:00:00+00:00, run_after=2024-07-27 00:00:00+00:00
[2024-07-27T22:18:47.014+0000] {processor.py:183} INFO - Processing /home/airflow/.local/lib/python3.12/site-packages/airflow/example_dags/example_short_circuit_operator.py took 0.038 seconds
[2024-07-27T22:19:17.379+0000] {processor.py:161} INFO - Started process (PID=12036) to work on /home/airflow/.local/lib/python3.12/site-packages/airflow/example_dags/example_short_circuit_operator.py
[2024-07-27T22:19:17.380+0000] {processor.py:830} INFO - Processing file /home/airflow/.local/lib/python3.12/site-packages/airflow/example_dags/example_short_circuit_operator.py for tasks to queue
[2024-07-27T22:19:17.381+0000] {logging_mixin.py:188} INFO - [2024-07-27T22:19:17.381+0000] {dagbag.py:545} INFO - Filling up the DagBag from /home/airflow/.local/lib/python3.12/site-packages/airflow/example_dags/example_short_circuit_operator.py
[2024-07-27T22:19:17.386+0000] {processor.py:840} INFO - DAG(s) 'example_short_circuit_operator' retrieved from /home/airflow/.local/lib/python3.12/site-packages/airflow/example_dags/example_short_circuit_operator.py
[2024-07-27T22:19:17.400+0000] {logging_mixin.py:188} INFO - [2024-07-27T22:19:17.400+0000] {dag.py:3089} INFO - Sync 1 DAGs
[2024-07-27T22:19:17.411+0000] {logging_mixin.py:188} INFO - [2024-07-27T22:19:17.411+0000] {dag.py:3947} INFO - Setting next_dagrun for example_short_circuit_operator to 2024-07-26 00:00:00+00:00, run_after=2024-07-27 00:00:00+00:00
[2024-07-27T22:19:17.422+0000] {processor.py:183} INFO - Processing /home/airflow/.local/lib/python3.12/site-packages/airflow/example_dags/example_short_circuit_operator.py took 0.047 seconds
[2024-07-27T22:19:47.578+0000] {processor.py:161} INFO - Started process (PID=12298) to work on /home/airflow/.local/lib/python3.12/site-packages/airflow/example_dags/example_short_circuit_operator.py
[2024-07-27T22:19:47.579+0000] {processor.py:830} INFO - Processing file /home/airflow/.local/lib/python3.12/site-packages/airflow/example_dags/example_short_circuit_operator.py for tasks to queue
[2024-07-27T22:19:47.580+0000] {logging_mixin.py:188} INFO - [2024-07-27T22:19:47.580+0000] {dagbag.py:545} INFO - Filling up the DagBag from /home/airflow/.local/lib/python3.12/site-packages/airflow/example_dags/example_short_circuit_operator.py
[2024-07-27T22:19:47.585+0000] {processor.py:840} INFO - DAG(s) 'example_short_circuit_operator' retrieved from /home/airflow/.local/lib/python3.12/site-packages/airflow/example_dags/example_short_circuit_operator.py
[2024-07-27T22:19:47.601+0000] {logging_mixin.py:188} INFO - [2024-07-27T22:19:47.601+0000] {dag.py:3089} INFO - Sync 1 DAGs
[2024-07-27T22:19:47.614+0000] {logging_mixin.py:188} INFO - [2024-07-27T22:19:47.614+0000] {dag.py:3947} INFO - Setting next_dagrun for example_short_circuit_operator to 2024-07-26 00:00:00+00:00, run_after=2024-07-27 00:00:00+00:00
[2024-07-27T22:19:47.623+0000] {processor.py:183} INFO - Processing /home/airflow/.local/lib/python3.12/site-packages/airflow/example_dags/example_short_circuit_operator.py took 0.048 seconds
[2024-07-27T22:20:18.110+0000] {processor.py:161} INFO - Started process (PID=12565) to work on /home/airflow/.local/lib/python3.12/site-packages/airflow/example_dags/example_short_circuit_operator.py
[2024-07-27T22:20:18.111+0000] {processor.py:830} INFO - Processing file /home/airflow/.local/lib/python3.12/site-packages/airflow/example_dags/example_short_circuit_operator.py for tasks to queue
[2024-07-27T22:20:18.112+0000] {logging_mixin.py:188} INFO - [2024-07-27T22:20:18.112+0000] {dagbag.py:545} INFO - Filling up the DagBag from /home/airflow/.local/lib/python3.12/site-packages/airflow/example_dags/example_short_circuit_operator.py
[2024-07-27T22:20:18.117+0000] {processor.py:840} INFO - DAG(s) 'example_short_circuit_operator' retrieved from /home/airflow/.local/lib/python3.12/site-packages/airflow/example_dags/example_short_circuit_operator.py
[2024-07-27T22:20:18.130+0000] {logging_mixin.py:188} INFO - [2024-07-27T22:20:18.130+0000] {dag.py:3089} INFO - Sync 1 DAGs
[2024-07-27T22:20:18.141+0000] {logging_mixin.py:188} INFO - [2024-07-27T22:20:18.141+0000] {dag.py:3947} INFO - Setting next_dagrun for example_short_circuit_operator to 2024-07-26 00:00:00+00:00, run_after=2024-07-27 00:00:00+00:00
[2024-07-27T22:20:18.151+0000] {processor.py:183} INFO - Processing /home/airflow/.local/lib/python3.12/site-packages/airflow/example_dags/example_short_circuit_operator.py took 0.045 seconds
[2024-07-27T22:20:48.610+0000] {processor.py:161} INFO - Started process (PID=12832) to work on /home/airflow/.local/lib/python3.12/site-packages/airflow/example_dags/example_short_circuit_operator.py
[2024-07-27T22:20:48.613+0000] {processor.py:830} INFO - Processing file /home/airflow/.local/lib/python3.12/site-packages/airflow/example_dags/example_short_circuit_operator.py for tasks to queue
[2024-07-27T22:20:48.617+0000] {logging_mixin.py:188} INFO - [2024-07-27T22:20:48.616+0000] {dagbag.py:545} INFO - Filling up the DagBag from /home/airflow/.local/lib/python3.12/site-packages/airflow/example_dags/example_short_circuit_operator.py
[2024-07-27T22:20:48.626+0000] {processor.py:840} INFO - DAG(s) 'example_short_circuit_operator' retrieved from /home/airflow/.local/lib/python3.12/site-packages/airflow/example_dags/example_short_circuit_operator.py
[2024-07-27T22:20:48.643+0000] {logging_mixin.py:188} INFO - [2024-07-27T22:20:48.643+0000] {dag.py:3089} INFO - Sync 1 DAGs
[2024-07-27T22:20:48.659+0000] {logging_mixin.py:188} INFO - [2024-07-27T22:20:48.659+0000] {dag.py:3947} INFO - Setting next_dagrun for example_short_circuit_operator to 2024-07-26 00:00:00+00:00, run_after=2024-07-27 00:00:00+00:00
[2024-07-27T22:20:48.674+0000] {processor.py:183} INFO - Processing /home/airflow/.local/lib/python3.12/site-packages/airflow/example_dags/example_short_circuit_operator.py took 0.073 seconds
[2024-07-27T22:21:18.994+0000] {processor.py:161} INFO - Started process (PID=13099) to work on /home/airflow/.local/lib/python3.12/site-packages/airflow/example_dags/example_short_circuit_operator.py
[2024-07-27T22:21:18.995+0000] {processor.py:830} INFO - Processing file /home/airflow/.local/lib/python3.12/site-packages/airflow/example_dags/example_short_circuit_operator.py for tasks to queue
[2024-07-27T22:21:18.996+0000] {logging_mixin.py:188} INFO - [2024-07-27T22:21:18.996+0000] {dagbag.py:545} INFO - Filling up the DagBag from /home/airflow/.local/lib/python3.12/site-packages/airflow/example_dags/example_short_circuit_operator.py
[2024-07-27T22:21:19.003+0000] {processor.py:840} INFO - DAG(s) 'example_short_circuit_operator' retrieved from /home/airflow/.local/lib/python3.12/site-packages/airflow/example_dags/example_short_circuit_operator.py
[2024-07-27T22:21:19.018+0000] {logging_mixin.py:188} INFO - [2024-07-27T22:21:19.018+0000] {dag.py:3089} INFO - Sync 1 DAGs
[2024-07-27T22:21:19.031+0000] {logging_mixin.py:188} INFO - [2024-07-27T22:21:19.030+0000] {dag.py:3947} INFO - Setting next_dagrun for example_short_circuit_operator to 2024-07-26 00:00:00+00:00, run_after=2024-07-27 00:00:00+00:00
[2024-07-27T22:21:19.041+0000] {processor.py:183} INFO - Processing /home/airflow/.local/lib/python3.12/site-packages/airflow/example_dags/example_short_circuit_operator.py took 0.053 seconds
[2024-07-27T22:21:49.446+0000] {processor.py:161} INFO - Started process (PID=13373) to work on /home/airflow/.local/lib/python3.12/site-packages/airflow/example_dags/example_short_circuit_operator.py
[2024-07-27T22:21:49.447+0000] {processor.py:830} INFO - Processing file /home/airflow/.local/lib/python3.12/site-packages/airflow/example_dags/example_short_circuit_operator.py for tasks to queue
[2024-07-27T22:21:49.448+0000] {logging_mixin.py:188} INFO - [2024-07-27T22:21:49.448+0000] {dagbag.py:545} INFO - Filling up the DagBag from /home/airflow/.local/lib/python3.12/site-packages/airflow/example_dags/example_short_circuit_operator.py
[2024-07-27T22:21:49.453+0000] {processor.py:840} INFO - DAG(s) 'example_short_circuit_operator' retrieved from /home/airflow/.local/lib/python3.12/site-packages/airflow/example_dags/example_short_circuit_operator.py
[2024-07-27T22:21:49.467+0000] {logging_mixin.py:188} INFO - [2024-07-27T22:21:49.467+0000] {dag.py:3089} INFO - Sync 1 DAGs
[2024-07-27T22:21:49.480+0000] {logging_mixin.py:188} INFO - [2024-07-27T22:21:49.480+0000] {dag.py:3947} INFO - Setting next_dagrun for example_short_circuit_operator to 2024-07-26 00:00:00+00:00, run_after=2024-07-27 00:00:00+00:00
[2024-07-27T22:21:49.489+0000] {processor.py:183} INFO - Processing /home/airflow/.local/lib/python3.12/site-packages/airflow/example_dags/example_short_circuit_operator.py took 0.047 seconds
[2024-07-27T22:22:19.711+0000] {processor.py:161} INFO - Started process (PID=13638) to work on /home/airflow/.local/lib/python3.12/site-packages/airflow/example_dags/example_short_circuit_operator.py
[2024-07-27T22:22:19.712+0000] {processor.py:830} INFO - Processing file /home/airflow/.local/lib/python3.12/site-packages/airflow/example_dags/example_short_circuit_operator.py for tasks to queue
[2024-07-27T22:22:19.713+0000] {logging_mixin.py:188} INFO - [2024-07-27T22:22:19.713+0000] {dagbag.py:545} INFO - Filling up the DagBag from /home/airflow/.local/lib/python3.12/site-packages/airflow/example_dags/example_short_circuit_operator.py
[2024-07-27T22:22:19.718+0000] {processor.py:840} INFO - DAG(s) 'example_short_circuit_operator' retrieved from /home/airflow/.local/lib/python3.12/site-packages/airflow/example_dags/example_short_circuit_operator.py
[2024-07-27T22:22:19.732+0000] {logging_mixin.py:188} INFO - [2024-07-27T22:22:19.731+0000] {dag.py:3089} INFO - Sync 1 DAGs
[2024-07-27T22:22:19.746+0000] {logging_mixin.py:188} INFO - [2024-07-27T22:22:19.745+0000] {dag.py:3947} INFO - Setting next_dagrun for example_short_circuit_operator to 2024-07-26 00:00:00+00:00, run_after=2024-07-27 00:00:00+00:00
[2024-07-27T22:22:19.764+0000] {processor.py:183} INFO - Processing /home/airflow/.local/lib/python3.12/site-packages/airflow/example_dags/example_short_circuit_operator.py took 0.056 seconds
[2024-07-27T22:22:50.248+0000] {processor.py:161} INFO - Started process (PID=13907) to work on /home/airflow/.local/lib/python3.12/site-packages/airflow/example_dags/example_short_circuit_operator.py
[2024-07-27T22:22:50.249+0000] {processor.py:830} INFO - Processing file /home/airflow/.local/lib/python3.12/site-packages/airflow/example_dags/example_short_circuit_operator.py for tasks to queue
[2024-07-27T22:22:50.250+0000] {logging_mixin.py:188} INFO - [2024-07-27T22:22:50.250+0000] {dagbag.py:545} INFO - Filling up the DagBag from /home/airflow/.local/lib/python3.12/site-packages/airflow/example_dags/example_short_circuit_operator.py
[2024-07-27T22:22:50.255+0000] {processor.py:840} INFO - DAG(s) 'example_short_circuit_operator' retrieved from /home/airflow/.local/lib/python3.12/site-packages/airflow/example_dags/example_short_circuit_operator.py
[2024-07-27T22:22:50.268+0000] {logging_mixin.py:188} INFO - [2024-07-27T22:22:50.267+0000] {dag.py:3089} INFO - Sync 1 DAGs
[2024-07-27T22:22:50.279+0000] {logging_mixin.py:188} INFO - [2024-07-27T22:22:50.279+0000] {dag.py:3947} INFO - Setting next_dagrun for example_short_circuit_operator to 2024-07-26 00:00:00+00:00, run_after=2024-07-27 00:00:00+00:00
[2024-07-27T22:22:50.288+0000] {processor.py:183} INFO - Processing /home/airflow/.local/lib/python3.12/site-packages/airflow/example_dags/example_short_circuit_operator.py took 0.044 seconds
[2024-07-27T22:23:20.850+0000] {processor.py:161} INFO - Started process (PID=14195) to work on /home/airflow/.local/lib/python3.12/site-packages/airflow/example_dags/example_short_circuit_operator.py
[2024-07-27T22:23:20.851+0000] {processor.py:830} INFO - Processing file /home/airflow/.local/lib/python3.12/site-packages/airflow/example_dags/example_short_circuit_operator.py for tasks to queue
[2024-07-27T22:23:20.853+0000] {logging_mixin.py:188} INFO - [2024-07-27T22:23:20.853+0000] {dagbag.py:545} INFO - Filling up the DagBag from /home/airflow/.local/lib/python3.12/site-packages/airflow/example_dags/example_short_circuit_operator.py
[2024-07-27T22:23:20.857+0000] {processor.py:840} INFO - DAG(s) 'example_short_circuit_operator' retrieved from /home/airflow/.local/lib/python3.12/site-packages/airflow/example_dags/example_short_circuit_operator.py
[2024-07-27T22:23:20.872+0000] {logging_mixin.py:188} INFO - [2024-07-27T22:23:20.872+0000] {dag.py:3089} INFO - Sync 1 DAGs
[2024-07-27T22:23:20.901+0000] {logging_mixin.py:188} INFO - [2024-07-27T22:23:20.901+0000] {dag.py:3947} INFO - Setting next_dagrun for example_short_circuit_operator to 2024-07-26 00:00:00+00:00, run_after=2024-07-27 00:00:00+00:00
[2024-07-27T22:23:20.914+0000] {processor.py:183} INFO - Processing /home/airflow/.local/lib/python3.12/site-packages/airflow/example_dags/example_short_circuit_operator.py took 0.068 seconds
[2024-07-27T22:23:51.213+0000] {processor.py:161} INFO - Started process (PID=14462) to work on /home/airflow/.local/lib/python3.12/site-packages/airflow/example_dags/example_short_circuit_operator.py
[2024-07-27T22:23:51.215+0000] {processor.py:830} INFO - Processing file /home/airflow/.local/lib/python3.12/site-packages/airflow/example_dags/example_short_circuit_operator.py for tasks to queue
[2024-07-27T22:23:51.220+0000] {logging_mixin.py:188} INFO - [2024-07-27T22:23:51.219+0000] {dagbag.py:545} INFO - Filling up the DagBag from /home/airflow/.local/lib/python3.12/site-packages/airflow/example_dags/example_short_circuit_operator.py
[2024-07-27T22:23:51.225+0000] {processor.py:840} INFO - DAG(s) 'example_short_circuit_operator' retrieved from /home/airflow/.local/lib/python3.12/site-packages/airflow/example_dags/example_short_circuit_operator.py
[2024-07-27T22:23:51.240+0000] {logging_mixin.py:188} INFO - [2024-07-27T22:23:51.240+0000] {dag.py:3089} INFO - Sync 1 DAGs
[2024-07-27T22:23:51.253+0000] {logging_mixin.py:188} INFO - [2024-07-27T22:23:51.253+0000] {dag.py:3947} INFO - Setting next_dagrun for example_short_circuit_operator to 2024-07-26 00:00:00+00:00, run_after=2024-07-27 00:00:00+00:00
[2024-07-27T22:23:51.264+0000] {processor.py:183} INFO - Processing /home/airflow/.local/lib/python3.12/site-packages/airflow/example_dags/example_short_circuit_operator.py took 0.056 seconds
[2024-07-27T22:24:22.324+0000] {processor.py:161} INFO - Started process (PID=14729) to work on /home/airflow/.local/lib/python3.12/site-packages/airflow/example_dags/example_short_circuit_operator.py
[2024-07-27T22:24:22.325+0000] {processor.py:830} INFO - Processing file /home/airflow/.local/lib/python3.12/site-packages/airflow/example_dags/example_short_circuit_operator.py for tasks to queue
[2024-07-27T22:24:22.326+0000] {logging_mixin.py:188} INFO - [2024-07-27T22:24:22.326+0000] {dagbag.py:545} INFO - Filling up the DagBag from /home/airflow/.local/lib/python3.12/site-packages/airflow/example_dags/example_short_circuit_operator.py
[2024-07-27T22:24:22.331+0000] {processor.py:840} INFO - DAG(s) 'example_short_circuit_operator' retrieved from /home/airflow/.local/lib/python3.12/site-packages/airflow/example_dags/example_short_circuit_operator.py
[2024-07-27T22:24:22.344+0000] {logging_mixin.py:188} INFO - [2024-07-27T22:24:22.344+0000] {dag.py:3089} INFO - Sync 1 DAGs
[2024-07-27T22:24:22.355+0000] {logging_mixin.py:188} INFO - [2024-07-27T22:24:22.355+0000] {dag.py:3947} INFO - Setting next_dagrun for example_short_circuit_operator to 2024-07-26 00:00:00+00:00, run_after=2024-07-27 00:00:00+00:00
[2024-07-27T22:24:22.364+0000] {processor.py:183} INFO - Processing /home/airflow/.local/lib/python3.12/site-packages/airflow/example_dags/example_short_circuit_operator.py took 0.044 seconds
[2024-07-27T22:24:52.446+0000] {processor.py:161} INFO - Started process (PID=14994) to work on /home/airflow/.local/lib/python3.12/site-packages/airflow/example_dags/example_short_circuit_operator.py
[2024-07-27T22:24:52.446+0000] {processor.py:830} INFO - Processing file /home/airflow/.local/lib/python3.12/site-packages/airflow/example_dags/example_short_circuit_operator.py for tasks to queue
[2024-07-27T22:24:52.447+0000] {logging_mixin.py:188} INFO - [2024-07-27T22:24:52.447+0000] {dagbag.py:545} INFO - Filling up the DagBag from /home/airflow/.local/lib/python3.12/site-packages/airflow/example_dags/example_short_circuit_operator.py
[2024-07-27T22:24:52.451+0000] {processor.py:840} INFO - DAG(s) 'example_short_circuit_operator' retrieved from /home/airflow/.local/lib/python3.12/site-packages/airflow/example_dags/example_short_circuit_operator.py
[2024-07-27T22:24:52.463+0000] {logging_mixin.py:188} INFO - [2024-07-27T22:24:52.463+0000] {dag.py:3089} INFO - Sync 1 DAGs
[2024-07-27T22:24:52.474+0000] {logging_mixin.py:188} INFO - [2024-07-27T22:24:52.474+0000] {dag.py:3947} INFO - Setting next_dagrun for example_short_circuit_operator to 2024-07-26 00:00:00+00:00, run_after=2024-07-27 00:00:00+00:00
[2024-07-27T22:24:52.487+0000] {processor.py:183} INFO - Processing /home/airflow/.local/lib/python3.12/site-packages/airflow/example_dags/example_short_circuit_operator.py took 0.044 seconds
[2024-07-27T22:25:22.838+0000] {processor.py:161} INFO - Started process (PID=15263) to work on /home/airflow/.local/lib/python3.12/site-packages/airflow/example_dags/example_short_circuit_operator.py
[2024-07-27T22:25:22.839+0000] {processor.py:830} INFO - Processing file /home/airflow/.local/lib/python3.12/site-packages/airflow/example_dags/example_short_circuit_operator.py for tasks to queue
[2024-07-27T22:25:22.841+0000] {logging_mixin.py:188} INFO - [2024-07-27T22:25:22.840+0000] {dagbag.py:545} INFO - Filling up the DagBag from /home/airflow/.local/lib/python3.12/site-packages/airflow/example_dags/example_short_circuit_operator.py
[2024-07-27T22:25:22.845+0000] {processor.py:840} INFO - DAG(s) 'example_short_circuit_operator' retrieved from /home/airflow/.local/lib/python3.12/site-packages/airflow/example_dags/example_short_circuit_operator.py
[2024-07-27T22:25:22.857+0000] {logging_mixin.py:188} INFO - [2024-07-27T22:25:22.857+0000] {dag.py:3089} INFO - Sync 1 DAGs
[2024-07-27T22:25:22.869+0000] {logging_mixin.py:188} INFO - [2024-07-27T22:25:22.869+0000] {dag.py:3947} INFO - Setting next_dagrun for example_short_circuit_operator to 2024-07-26 00:00:00+00:00, run_after=2024-07-27 00:00:00+00:00
[2024-07-27T22:25:22.878+0000] {processor.py:183} INFO - Processing /home/airflow/.local/lib/python3.12/site-packages/airflow/example_dags/example_short_circuit_operator.py took 0.044 seconds
[2024-07-27T22:25:53.100+0000] {processor.py:161} INFO - Started process (PID=15530) to work on /home/airflow/.local/lib/python3.12/site-packages/airflow/example_dags/example_short_circuit_operator.py
[2024-07-27T22:25:53.102+0000] {processor.py:830} INFO - Processing file /home/airflow/.local/lib/python3.12/site-packages/airflow/example_dags/example_short_circuit_operator.py for tasks to queue
[2024-07-27T22:25:53.103+0000] {logging_mixin.py:188} INFO - [2024-07-27T22:25:53.102+0000] {dagbag.py:545} INFO - Filling up the DagBag from /home/airflow/.local/lib/python3.12/site-packages/airflow/example_dags/example_short_circuit_operator.py
[2024-07-27T22:25:53.107+0000] {processor.py:840} INFO - DAG(s) 'example_short_circuit_operator' retrieved from /home/airflow/.local/lib/python3.12/site-packages/airflow/example_dags/example_short_circuit_operator.py
[2024-07-27T22:25:53.125+0000] {logging_mixin.py:188} INFO - [2024-07-27T22:25:53.124+0000] {dag.py:3089} INFO - Sync 1 DAGs
[2024-07-27T22:25:53.136+0000] {logging_mixin.py:188} INFO - [2024-07-27T22:25:53.136+0000] {dag.py:3947} INFO - Setting next_dagrun for example_short_circuit_operator to 2024-07-26 00:00:00+00:00, run_after=2024-07-27 00:00:00+00:00
[2024-07-27T22:25:53.145+0000] {processor.py:183} INFO - Processing /home/airflow/.local/lib/python3.12/site-packages/airflow/example_dags/example_short_circuit_operator.py took 0.051 seconds
[2024-07-27T22:26:23.687+0000] {processor.py:161} INFO - Started process (PID=15802) to work on /home/airflow/.local/lib/python3.12/site-packages/airflow/example_dags/example_short_circuit_operator.py
[2024-07-27T22:26:23.688+0000] {processor.py:830} INFO - Processing file /home/airflow/.local/lib/python3.12/site-packages/airflow/example_dags/example_short_circuit_operator.py for tasks to queue
[2024-07-27T22:26:23.689+0000] {logging_mixin.py:188} INFO - [2024-07-27T22:26:23.689+0000] {dagbag.py:545} INFO - Filling up the DagBag from /home/airflow/.local/lib/python3.12/site-packages/airflow/example_dags/example_short_circuit_operator.py
[2024-07-27T22:26:23.694+0000] {processor.py:840} INFO - DAG(s) 'example_short_circuit_operator' retrieved from /home/airflow/.local/lib/python3.12/site-packages/airflow/example_dags/example_short_circuit_operator.py
[2024-07-27T22:26:23.713+0000] {logging_mixin.py:188} INFO - [2024-07-27T22:26:23.712+0000] {dag.py:3089} INFO - Sync 1 DAGs
[2024-07-27T22:26:23.726+0000] {logging_mixin.py:188} INFO - [2024-07-27T22:26:23.726+0000] {dag.py:3947} INFO - Setting next_dagrun for example_short_circuit_operator to 2024-07-26 00:00:00+00:00, run_after=2024-07-27 00:00:00+00:00
[2024-07-27T22:26:23.734+0000] {processor.py:183} INFO - Processing /home/airflow/.local/lib/python3.12/site-packages/airflow/example_dags/example_short_circuit_operator.py took 0.051 seconds
[2024-07-27T22:55:20.735+0000] {processor.py:161} INFO - Started process (PID=16055) to work on /home/airflow/.local/lib/python3.12/site-packages/airflow/example_dags/example_short_circuit_operator.py
[2024-07-27T22:55:20.735+0000] {processor.py:830} INFO - Processing file /home/airflow/.local/lib/python3.12/site-packages/airflow/example_dags/example_short_circuit_operator.py for tasks to queue
[2024-07-27T22:55:20.737+0000] {logging_mixin.py:188} INFO - [2024-07-27T22:55:20.736+0000] {dagbag.py:545} INFO - Filling up the DagBag from /home/airflow/.local/lib/python3.12/site-packages/airflow/example_dags/example_short_circuit_operator.py
[2024-07-27T22:55:20.741+0000] {processor.py:840} INFO - DAG(s) 'example_short_circuit_operator' retrieved from /home/airflow/.local/lib/python3.12/site-packages/airflow/example_dags/example_short_circuit_operator.py
[2024-07-27T22:55:20.753+0000] {logging_mixin.py:188} INFO - [2024-07-27T22:55:20.753+0000] {dag.py:3089} INFO - Sync 1 DAGs
[2024-07-27T22:55:20.764+0000] {logging_mixin.py:188} INFO - [2024-07-27T22:55:20.764+0000] {dag.py:3947} INFO - Setting next_dagrun for example_short_circuit_operator to 2024-07-26 00:00:00+00:00, run_after=2024-07-27 00:00:00+00:00
[2024-07-27T22:55:20.775+0000] {processor.py:183} INFO - Processing /home/airflow/.local/lib/python3.12/site-packages/airflow/example_dags/example_short_circuit_operator.py took 0.044 seconds
[2024-07-27T22:55:51.074+0000] {processor.py:161} INFO - Started process (PID=16323) to work on /home/airflow/.local/lib/python3.12/site-packages/airflow/example_dags/example_short_circuit_operator.py
[2024-07-27T22:55:51.077+0000] {processor.py:830} INFO - Processing file /home/airflow/.local/lib/python3.12/site-packages/airflow/example_dags/example_short_circuit_operator.py for tasks to queue
[2024-07-27T22:55:51.088+0000] {logging_mixin.py:188} INFO - [2024-07-27T22:55:51.084+0000] {dagbag.py:545} INFO - Filling up the DagBag from /home/airflow/.local/lib/python3.12/site-packages/airflow/example_dags/example_short_circuit_operator.py
[2024-07-27T22:55:51.101+0000] {processor.py:840} INFO - DAG(s) 'example_short_circuit_operator' retrieved from /home/airflow/.local/lib/python3.12/site-packages/airflow/example_dags/example_short_circuit_operator.py
[2024-07-27T22:55:51.120+0000] {logging_mixin.py:188} INFO - [2024-07-27T22:55:51.119+0000] {dag.py:3089} INFO - Sync 1 DAGs
[2024-07-27T22:55:51.132+0000] {logging_mixin.py:188} INFO - [2024-07-27T22:55:51.132+0000] {dag.py:3947} INFO - Setting next_dagrun for example_short_circuit_operator to 2024-07-26 00:00:00+00:00, run_after=2024-07-27 00:00:00+00:00
[2024-07-27T22:55:51.141+0000] {processor.py:183} INFO - Processing /home/airflow/.local/lib/python3.12/site-packages/airflow/example_dags/example_short_circuit_operator.py took 0.071 seconds
