[2024-07-27T20:14:08.607+0000] {processor.py:161} INFO - Started process (PID=375) to work on /home/airflow/.local/lib/python3.12/site-packages/airflow/example_dags/example_nested_branch_dag.py
[2024-07-27T20:14:08.612+0000] {processor.py:830} INFO - Processing file /home/airflow/.local/lib/python3.12/site-packages/airflow/example_dags/example_nested_branch_dag.py for tasks to queue
[2024-07-27T20:14:08.613+0000] {logging_mixin.py:188} INFO - [2024-07-27T20:14:08.613+0000] {dagbag.py:545} INFO - Filling up the DagBag from /home/airflow/.local/lib/python3.12/site-packages/airflow/example_dags/example_nested_branch_dag.py
[2024-07-27T20:14:08.619+0000] {processor.py:840} INFO - DAG(s) 'example_nested_branch_dag' retrieved from /home/airflow/.local/lib/python3.12/site-packages/airflow/example_dags/example_nested_branch_dag.py
[2024-07-27T20:14:08.626+0000] {logging_mixin.py:188} INFO - [2024-07-27T20:14:08.626+0000] {dag.py:3089} INFO - Sync 1 DAGs
[2024-07-27T20:14:08.640+0000] {logging_mixin.py:188} INFO - [2024-07-27T20:14:08.640+0000] {dag.py:3947} INFO - Setting next_dagrun for example_nested_branch_dag to 2024-07-26 00:00:00+00:00, run_after=2024-07-27 00:00:00+00:00
[2024-07-27T20:14:08.652+0000] {processor.py:183} INFO - Processing /home/airflow/.local/lib/python3.12/site-packages/airflow/example_dags/example_nested_branch_dag.py took 0.048 seconds
[2024-07-27T20:14:39.457+0000] {processor.py:161} INFO - Started process (PID=636) to work on /home/airflow/.local/lib/python3.12/site-packages/airflow/example_dags/example_nested_branch_dag.py
[2024-07-27T20:14:39.458+0000] {processor.py:830} INFO - Processing file /home/airflow/.local/lib/python3.12/site-packages/airflow/example_dags/example_nested_branch_dag.py for tasks to queue
[2024-07-27T20:14:39.459+0000] {logging_mixin.py:188} INFO - [2024-07-27T20:14:39.459+0000] {dagbag.py:545} INFO - Filling up the DagBag from /home/airflow/.local/lib/python3.12/site-packages/airflow/example_dags/example_nested_branch_dag.py
[2024-07-27T20:14:39.465+0000] {processor.py:840} INFO - DAG(s) 'example_nested_branch_dag' retrieved from /home/airflow/.local/lib/python3.12/site-packages/airflow/example_dags/example_nested_branch_dag.py
[2024-07-27T20:14:39.514+0000] {logging_mixin.py:188} INFO - [2024-07-27T20:14:39.514+0000] {dag.py:3089} INFO - Sync 1 DAGs
[2024-07-27T20:14:39.524+0000] {logging_mixin.py:188} INFO - [2024-07-27T20:14:39.524+0000] {dag.py:3947} INFO - Setting next_dagrun for example_nested_branch_dag to 2024-07-26 00:00:00+00:00, run_after=2024-07-27 00:00:00+00:00
[2024-07-27T20:14:39.533+0000] {processor.py:183} INFO - Processing /home/airflow/.local/lib/python3.12/site-packages/airflow/example_dags/example_nested_branch_dag.py took 0.079 seconds
[2024-07-27T20:15:09.548+0000] {processor.py:161} INFO - Started process (PID=900) to work on /home/airflow/.local/lib/python3.12/site-packages/airflow/example_dags/example_nested_branch_dag.py
[2024-07-27T20:15:09.549+0000] {processor.py:830} INFO - Processing file /home/airflow/.local/lib/python3.12/site-packages/airflow/example_dags/example_nested_branch_dag.py for tasks to queue
[2024-07-27T20:15:09.550+0000] {logging_mixin.py:188} INFO - [2024-07-27T20:15:09.550+0000] {dagbag.py:545} INFO - Filling up the DagBag from /home/airflow/.local/lib/python3.12/site-packages/airflow/example_dags/example_nested_branch_dag.py
[2024-07-27T20:15:09.555+0000] {processor.py:840} INFO - DAG(s) 'example_nested_branch_dag' retrieved from /home/airflow/.local/lib/python3.12/site-packages/airflow/example_dags/example_nested_branch_dag.py
[2024-07-27T20:15:09.566+0000] {logging_mixin.py:188} INFO - [2024-07-27T20:15:09.566+0000] {dag.py:3089} INFO - Sync 1 DAGs
[2024-07-27T20:15:09.576+0000] {logging_mixin.py:188} INFO - [2024-07-27T20:15:09.575+0000] {dag.py:3947} INFO - Setting next_dagrun for example_nested_branch_dag to 2024-07-26 00:00:00+00:00, run_after=2024-07-27 00:00:00+00:00
[2024-07-27T20:15:09.583+0000] {processor.py:183} INFO - Processing /home/airflow/.local/lib/python3.12/site-packages/airflow/example_dags/example_nested_branch_dag.py took 0.038 seconds
[2024-07-27T20:15:39.930+0000] {processor.py:161} INFO - Started process (PID=1159) to work on /home/airflow/.local/lib/python3.12/site-packages/airflow/example_dags/example_nested_branch_dag.py
[2024-07-27T20:15:39.931+0000] {processor.py:830} INFO - Processing file /home/airflow/.local/lib/python3.12/site-packages/airflow/example_dags/example_nested_branch_dag.py for tasks to queue
[2024-07-27T20:15:39.932+0000] {logging_mixin.py:188} INFO - [2024-07-27T20:15:39.932+0000] {dagbag.py:545} INFO - Filling up the DagBag from /home/airflow/.local/lib/python3.12/site-packages/airflow/example_dags/example_nested_branch_dag.py
[2024-07-27T20:15:39.938+0000] {processor.py:840} INFO - DAG(s) 'example_nested_branch_dag' retrieved from /home/airflow/.local/lib/python3.12/site-packages/airflow/example_dags/example_nested_branch_dag.py
[2024-07-27T20:15:39.949+0000] {logging_mixin.py:188} INFO - [2024-07-27T20:15:39.949+0000] {dag.py:3089} INFO - Sync 1 DAGs
[2024-07-27T20:15:39.961+0000] {logging_mixin.py:188} INFO - [2024-07-27T20:15:39.960+0000] {dag.py:3947} INFO - Setting next_dagrun for example_nested_branch_dag to 2024-07-26 00:00:00+00:00, run_after=2024-07-27 00:00:00+00:00
[2024-07-27T20:15:39.972+0000] {processor.py:183} INFO - Processing /home/airflow/.local/lib/python3.12/site-packages/airflow/example_dags/example_nested_branch_dag.py took 0.046 seconds
[2024-07-27T20:16:10.099+0000] {processor.py:161} INFO - Started process (PID=1421) to work on /home/airflow/.local/lib/python3.12/site-packages/airflow/example_dags/example_nested_branch_dag.py
[2024-07-27T20:16:10.100+0000] {processor.py:830} INFO - Processing file /home/airflow/.local/lib/python3.12/site-packages/airflow/example_dags/example_nested_branch_dag.py for tasks to queue
[2024-07-27T20:16:10.101+0000] {logging_mixin.py:188} INFO - [2024-07-27T20:16:10.101+0000] {dagbag.py:545} INFO - Filling up the DagBag from /home/airflow/.local/lib/python3.12/site-packages/airflow/example_dags/example_nested_branch_dag.py
[2024-07-27T20:16:10.107+0000] {processor.py:840} INFO - DAG(s) 'example_nested_branch_dag' retrieved from /home/airflow/.local/lib/python3.12/site-packages/airflow/example_dags/example_nested_branch_dag.py
[2024-07-27T20:16:10.118+0000] {logging_mixin.py:188} INFO - [2024-07-27T20:16:10.118+0000] {dag.py:3089} INFO - Sync 1 DAGs
[2024-07-27T20:16:10.130+0000] {logging_mixin.py:188} INFO - [2024-07-27T20:16:10.130+0000] {dag.py:3947} INFO - Setting next_dagrun for example_nested_branch_dag to 2024-07-26 00:00:00+00:00, run_after=2024-07-27 00:00:00+00:00
[2024-07-27T20:16:10.139+0000] {processor.py:183} INFO - Processing /home/airflow/.local/lib/python3.12/site-packages/airflow/example_dags/example_nested_branch_dag.py took 0.044 seconds
[2024-07-27T20:16:40.246+0000] {processor.py:161} INFO - Started process (PID=1683) to work on /home/airflow/.local/lib/python3.12/site-packages/airflow/example_dags/example_nested_branch_dag.py
[2024-07-27T20:16:40.247+0000] {processor.py:830} INFO - Processing file /home/airflow/.local/lib/python3.12/site-packages/airflow/example_dags/example_nested_branch_dag.py for tasks to queue
[2024-07-27T20:16:40.248+0000] {logging_mixin.py:188} INFO - [2024-07-27T20:16:40.248+0000] {dagbag.py:545} INFO - Filling up the DagBag from /home/airflow/.local/lib/python3.12/site-packages/airflow/example_dags/example_nested_branch_dag.py
[2024-07-27T20:16:40.253+0000] {processor.py:840} INFO - DAG(s) 'example_nested_branch_dag' retrieved from /home/airflow/.local/lib/python3.12/site-packages/airflow/example_dags/example_nested_branch_dag.py
[2024-07-27T20:16:40.267+0000] {logging_mixin.py:188} INFO - [2024-07-27T20:16:40.267+0000] {dag.py:3089} INFO - Sync 1 DAGs
[2024-07-27T20:16:40.279+0000] {logging_mixin.py:188} INFO - [2024-07-27T20:16:40.278+0000] {dag.py:3947} INFO - Setting next_dagrun for example_nested_branch_dag to 2024-07-26 00:00:00+00:00, run_after=2024-07-27 00:00:00+00:00
[2024-07-27T20:16:40.288+0000] {processor.py:183} INFO - Processing /home/airflow/.local/lib/python3.12/site-packages/airflow/example_dags/example_nested_branch_dag.py took 0.045 seconds
[2024-07-27T20:17:11.325+0000] {processor.py:161} INFO - Started process (PID=1945) to work on /home/airflow/.local/lib/python3.12/site-packages/airflow/example_dags/example_nested_branch_dag.py
[2024-07-27T20:17:11.326+0000] {processor.py:830} INFO - Processing file /home/airflow/.local/lib/python3.12/site-packages/airflow/example_dags/example_nested_branch_dag.py for tasks to queue
[2024-07-27T20:17:11.328+0000] {logging_mixin.py:188} INFO - [2024-07-27T20:17:11.328+0000] {dagbag.py:545} INFO - Filling up the DagBag from /home/airflow/.local/lib/python3.12/site-packages/airflow/example_dags/example_nested_branch_dag.py
[2024-07-27T20:17:11.334+0000] {processor.py:840} INFO - DAG(s) 'example_nested_branch_dag' retrieved from /home/airflow/.local/lib/python3.12/site-packages/airflow/example_dags/example_nested_branch_dag.py
[2024-07-27T20:17:11.376+0000] {logging_mixin.py:188} INFO - [2024-07-27T20:17:11.375+0000] {dag.py:3089} INFO - Sync 1 DAGs
[2024-07-27T20:17:11.388+0000] {logging_mixin.py:188} INFO - [2024-07-27T20:17:11.388+0000] {dag.py:3947} INFO - Setting next_dagrun for example_nested_branch_dag to 2024-07-26 00:00:00+00:00, run_after=2024-07-27 00:00:00+00:00
[2024-07-27T20:17:11.398+0000] {processor.py:183} INFO - Processing /home/airflow/.local/lib/python3.12/site-packages/airflow/example_dags/example_nested_branch_dag.py took 0.081 seconds
[2024-07-27T22:00:00.077+0000] {processor.py:161} INFO - Started process (PID=2201) to work on /home/airflow/.local/lib/python3.12/site-packages/airflow/example_dags/example_nested_branch_dag.py
[2024-07-27T22:00:00.078+0000] {processor.py:830} INFO - Processing file /home/airflow/.local/lib/python3.12/site-packages/airflow/example_dags/example_nested_branch_dag.py for tasks to queue
[2024-07-27T22:00:00.080+0000] {logging_mixin.py:188} INFO - [2024-07-27T22:00:00.079+0000] {dagbag.py:545} INFO - Filling up the DagBag from /home/airflow/.local/lib/python3.12/site-packages/airflow/example_dags/example_nested_branch_dag.py
[2024-07-27T22:00:00.086+0000] {processor.py:840} INFO - DAG(s) 'example_nested_branch_dag' retrieved from /home/airflow/.local/lib/python3.12/site-packages/airflow/example_dags/example_nested_branch_dag.py
[2024-07-27T22:00:00.098+0000] {logging_mixin.py:188} INFO - [2024-07-27T22:00:00.098+0000] {dag.py:3089} INFO - Sync 1 DAGs
[2024-07-27T22:00:00.110+0000] {logging_mixin.py:188} INFO - [2024-07-27T22:00:00.110+0000] {dag.py:3947} INFO - Setting next_dagrun for example_nested_branch_dag to 2024-07-26 00:00:00+00:00, run_after=2024-07-27 00:00:00+00:00
[2024-07-27T22:00:00.121+0000] {processor.py:183} INFO - Processing /home/airflow/.local/lib/python3.12/site-packages/airflow/example_dags/example_nested_branch_dag.py took 0.048 seconds
[2024-07-27T22:00:30.257+0000] {processor.py:161} INFO - Started process (PID=2464) to work on /home/airflow/.local/lib/python3.12/site-packages/airflow/example_dags/example_nested_branch_dag.py
[2024-07-27T22:00:30.258+0000] {processor.py:830} INFO - Processing file /home/airflow/.local/lib/python3.12/site-packages/airflow/example_dags/example_nested_branch_dag.py for tasks to queue
[2024-07-27T22:00:30.259+0000] {logging_mixin.py:188} INFO - [2024-07-27T22:00:30.259+0000] {dagbag.py:545} INFO - Filling up the DagBag from /home/airflow/.local/lib/python3.12/site-packages/airflow/example_dags/example_nested_branch_dag.py
[2024-07-27T22:00:30.265+0000] {processor.py:840} INFO - DAG(s) 'example_nested_branch_dag' retrieved from /home/airflow/.local/lib/python3.12/site-packages/airflow/example_dags/example_nested_branch_dag.py
[2024-07-27T22:00:30.277+0000] {logging_mixin.py:188} INFO - [2024-07-27T22:00:30.277+0000] {dag.py:3089} INFO - Sync 1 DAGs
[2024-07-27T22:00:30.298+0000] {logging_mixin.py:188} INFO - [2024-07-27T22:00:30.298+0000] {dag.py:3947} INFO - Setting next_dagrun for example_nested_branch_dag to 2024-07-26 00:00:00+00:00, run_after=2024-07-27 00:00:00+00:00
[2024-07-27T22:00:30.314+0000] {processor.py:183} INFO - Processing /home/airflow/.local/lib/python3.12/site-packages/airflow/example_dags/example_nested_branch_dag.py took 0.061 seconds
[2024-07-27T22:01:01.524+0000] {processor.py:161} INFO - Started process (PID=2730) to work on /home/airflow/.local/lib/python3.12/site-packages/airflow/example_dags/example_nested_branch_dag.py
[2024-07-27T22:01:01.525+0000] {processor.py:830} INFO - Processing file /home/airflow/.local/lib/python3.12/site-packages/airflow/example_dags/example_nested_branch_dag.py for tasks to queue
[2024-07-27T22:01:01.527+0000] {logging_mixin.py:188} INFO - [2024-07-27T22:01:01.527+0000] {dagbag.py:545} INFO - Filling up the DagBag from /home/airflow/.local/lib/python3.12/site-packages/airflow/example_dags/example_nested_branch_dag.py
[2024-07-27T22:01:01.534+0000] {processor.py:840} INFO - DAG(s) 'example_nested_branch_dag' retrieved from /home/airflow/.local/lib/python3.12/site-packages/airflow/example_dags/example_nested_branch_dag.py
[2024-07-27T22:01:01.545+0000] {logging_mixin.py:188} INFO - [2024-07-27T22:01:01.545+0000] {dag.py:3089} INFO - Sync 1 DAGs
[2024-07-27T22:01:01.556+0000] {logging_mixin.py:188} INFO - [2024-07-27T22:01:01.556+0000] {dag.py:3947} INFO - Setting next_dagrun for example_nested_branch_dag to 2024-07-26 00:00:00+00:00, run_after=2024-07-27 00:00:00+00:00
[2024-07-27T22:01:01.565+0000] {processor.py:183} INFO - Processing /home/airflow/.local/lib/python3.12/site-packages/airflow/example_dags/example_nested_branch_dag.py took 0.045 seconds
[2024-07-27T22:01:31.910+0000] {processor.py:161} INFO - Started process (PID=2994) to work on /home/airflow/.local/lib/python3.12/site-packages/airflow/example_dags/example_nested_branch_dag.py
[2024-07-27T22:01:31.911+0000] {processor.py:830} INFO - Processing file /home/airflow/.local/lib/python3.12/site-packages/airflow/example_dags/example_nested_branch_dag.py for tasks to queue
[2024-07-27T22:01:31.912+0000] {logging_mixin.py:188} INFO - [2024-07-27T22:01:31.912+0000] {dagbag.py:545} INFO - Filling up the DagBag from /home/airflow/.local/lib/python3.12/site-packages/airflow/example_dags/example_nested_branch_dag.py
[2024-07-27T22:01:31.918+0000] {processor.py:840} INFO - DAG(s) 'example_nested_branch_dag' retrieved from /home/airflow/.local/lib/python3.12/site-packages/airflow/example_dags/example_nested_branch_dag.py
[2024-07-27T22:01:31.934+0000] {logging_mixin.py:188} INFO - [2024-07-27T22:01:31.934+0000] {dag.py:3089} INFO - Sync 1 DAGs
[2024-07-27T22:01:31.946+0000] {logging_mixin.py:188} INFO - [2024-07-27T22:01:31.946+0000] {dag.py:3947} INFO - Setting next_dagrun for example_nested_branch_dag to 2024-07-26 00:00:00+00:00, run_after=2024-07-27 00:00:00+00:00
[2024-07-27T22:01:31.956+0000] {processor.py:183} INFO - Processing /home/airflow/.local/lib/python3.12/site-packages/airflow/example_dags/example_nested_branch_dag.py took 0.049 seconds
[2024-07-27T22:02:02.275+0000] {processor.py:161} INFO - Started process (PID=3258) to work on /home/airflow/.local/lib/python3.12/site-packages/airflow/example_dags/example_nested_branch_dag.py
[2024-07-27T22:02:02.276+0000] {processor.py:830} INFO - Processing file /home/airflow/.local/lib/python3.12/site-packages/airflow/example_dags/example_nested_branch_dag.py for tasks to queue
[2024-07-27T22:02:02.277+0000] {logging_mixin.py:188} INFO - [2024-07-27T22:02:02.277+0000] {dagbag.py:545} INFO - Filling up the DagBag from /home/airflow/.local/lib/python3.12/site-packages/airflow/example_dags/example_nested_branch_dag.py
[2024-07-27T22:02:02.283+0000] {processor.py:840} INFO - DAG(s) 'example_nested_branch_dag' retrieved from /home/airflow/.local/lib/python3.12/site-packages/airflow/example_dags/example_nested_branch_dag.py
[2024-07-27T22:02:02.302+0000] {logging_mixin.py:188} INFO - [2024-07-27T22:02:02.302+0000] {dag.py:3089} INFO - Sync 1 DAGs
[2024-07-27T22:02:02.323+0000] {logging_mixin.py:188} INFO - [2024-07-27T22:02:02.322+0000] {dag.py:3947} INFO - Setting next_dagrun for example_nested_branch_dag to 2024-07-26 00:00:00+00:00, run_after=2024-07-27 00:00:00+00:00
[2024-07-27T22:02:02.367+0000] {processor.py:183} INFO - Processing /home/airflow/.local/lib/python3.12/site-packages/airflow/example_dags/example_nested_branch_dag.py took 0.095 seconds
[2024-07-27T22:02:32.572+0000] {processor.py:161} INFO - Started process (PID=3518) to work on /home/airflow/.local/lib/python3.12/site-packages/airflow/example_dags/example_nested_branch_dag.py
[2024-07-27T22:02:32.590+0000] {processor.py:830} INFO - Processing file /home/airflow/.local/lib/python3.12/site-packages/airflow/example_dags/example_nested_branch_dag.py for tasks to queue
[2024-07-27T22:02:32.596+0000] {logging_mixin.py:188} INFO - [2024-07-27T22:02:32.596+0000] {dagbag.py:545} INFO - Filling up the DagBag from /home/airflow/.local/lib/python3.12/site-packages/airflow/example_dags/example_nested_branch_dag.py
[2024-07-27T22:02:32.608+0000] {processor.py:840} INFO - DAG(s) 'example_nested_branch_dag' retrieved from /home/airflow/.local/lib/python3.12/site-packages/airflow/example_dags/example_nested_branch_dag.py
[2024-07-27T22:02:32.636+0000] {logging_mixin.py:188} INFO - [2024-07-27T22:02:32.636+0000] {dag.py:3089} INFO - Sync 1 DAGs
[2024-07-27T22:02:32.656+0000] {logging_mixin.py:188} INFO - [2024-07-27T22:02:32.656+0000] {dag.py:3947} INFO - Setting next_dagrun for example_nested_branch_dag to 2024-07-26 00:00:00+00:00, run_after=2024-07-27 00:00:00+00:00
[2024-07-27T22:02:32.677+0000] {processor.py:183} INFO - Processing /home/airflow/.local/lib/python3.12/site-packages/airflow/example_dags/example_nested_branch_dag.py took 0.111 seconds
[2024-07-27T22:03:03.042+0000] {processor.py:161} INFO - Started process (PID=3776) to work on /home/airflow/.local/lib/python3.12/site-packages/airflow/example_dags/example_nested_branch_dag.py
[2024-07-27T22:03:03.043+0000] {processor.py:830} INFO - Processing file /home/airflow/.local/lib/python3.12/site-packages/airflow/example_dags/example_nested_branch_dag.py for tasks to queue
[2024-07-27T22:03:03.044+0000] {logging_mixin.py:188} INFO - [2024-07-27T22:03:03.044+0000] {dagbag.py:545} INFO - Filling up the DagBag from /home/airflow/.local/lib/python3.12/site-packages/airflow/example_dags/example_nested_branch_dag.py
[2024-07-27T22:03:03.050+0000] {processor.py:840} INFO - DAG(s) 'example_nested_branch_dag' retrieved from /home/airflow/.local/lib/python3.12/site-packages/airflow/example_dags/example_nested_branch_dag.py
[2024-07-27T22:03:03.062+0000] {logging_mixin.py:188} INFO - [2024-07-27T22:03:03.062+0000] {dag.py:3089} INFO - Sync 1 DAGs
[2024-07-27T22:03:03.074+0000] {logging_mixin.py:188} INFO - [2024-07-27T22:03:03.074+0000] {dag.py:3947} INFO - Setting next_dagrun for example_nested_branch_dag to 2024-07-26 00:00:00+00:00, run_after=2024-07-27 00:00:00+00:00
[2024-07-27T22:03:03.085+0000] {processor.py:183} INFO - Processing /home/airflow/.local/lib/python3.12/site-packages/airflow/example_dags/example_nested_branch_dag.py took 0.047 seconds
[2024-07-27T22:03:34.017+0000] {processor.py:161} INFO - Started process (PID=4038) to work on /home/airflow/.local/lib/python3.12/site-packages/airflow/example_dags/example_nested_branch_dag.py
[2024-07-27T22:03:34.018+0000] {processor.py:830} INFO - Processing file /home/airflow/.local/lib/python3.12/site-packages/airflow/example_dags/example_nested_branch_dag.py for tasks to queue
[2024-07-27T22:03:34.019+0000] {logging_mixin.py:188} INFO - [2024-07-27T22:03:34.018+0000] {dagbag.py:545} INFO - Filling up the DagBag from /home/airflow/.local/lib/python3.12/site-packages/airflow/example_dags/example_nested_branch_dag.py
[2024-07-27T22:03:34.024+0000] {processor.py:840} INFO - DAG(s) 'example_nested_branch_dag' retrieved from /home/airflow/.local/lib/python3.12/site-packages/airflow/example_dags/example_nested_branch_dag.py
[2024-07-27T22:03:34.038+0000] {logging_mixin.py:188} INFO - [2024-07-27T22:03:34.038+0000] {dag.py:3089} INFO - Sync 1 DAGs
[2024-07-27T22:03:34.050+0000] {logging_mixin.py:188} INFO - [2024-07-27T22:03:34.050+0000] {dag.py:3947} INFO - Setting next_dagrun for example_nested_branch_dag to 2024-07-26 00:00:00+00:00, run_after=2024-07-27 00:00:00+00:00
[2024-07-27T22:03:34.063+0000] {processor.py:183} INFO - Processing /home/airflow/.local/lib/python3.12/site-packages/airflow/example_dags/example_nested_branch_dag.py took 0.050 seconds
[2024-07-27T22:04:04.318+0000] {processor.py:161} INFO - Started process (PID=4300) to work on /home/airflow/.local/lib/python3.12/site-packages/airflow/example_dags/example_nested_branch_dag.py
[2024-07-27T22:04:04.319+0000] {processor.py:830} INFO - Processing file /home/airflow/.local/lib/python3.12/site-packages/airflow/example_dags/example_nested_branch_dag.py for tasks to queue
[2024-07-27T22:04:04.320+0000] {logging_mixin.py:188} INFO - [2024-07-27T22:04:04.320+0000] {dagbag.py:545} INFO - Filling up the DagBag from /home/airflow/.local/lib/python3.12/site-packages/airflow/example_dags/example_nested_branch_dag.py
[2024-07-27T22:04:04.344+0000] {processor.py:840} INFO - DAG(s) 'example_nested_branch_dag' retrieved from /home/airflow/.local/lib/python3.12/site-packages/airflow/example_dags/example_nested_branch_dag.py
[2024-07-27T22:04:04.399+0000] {logging_mixin.py:188} INFO - [2024-07-27T22:04:04.399+0000] {dag.py:3089} INFO - Sync 1 DAGs
[2024-07-27T22:04:04.418+0000] {logging_mixin.py:188} INFO - [2024-07-27T22:04:04.418+0000] {dag.py:3947} INFO - Setting next_dagrun for example_nested_branch_dag to 2024-07-26 00:00:00+00:00, run_after=2024-07-27 00:00:00+00:00
[2024-07-27T22:04:04.436+0000] {processor.py:183} INFO - Processing /home/airflow/.local/lib/python3.12/site-packages/airflow/example_dags/example_nested_branch_dag.py took 0.122 seconds
[2024-07-27T22:04:35.397+0000] {processor.py:161} INFO - Started process (PID=4562) to work on /home/airflow/.local/lib/python3.12/site-packages/airflow/example_dags/example_nested_branch_dag.py
[2024-07-27T22:04:35.398+0000] {processor.py:830} INFO - Processing file /home/airflow/.local/lib/python3.12/site-packages/airflow/example_dags/example_nested_branch_dag.py for tasks to queue
[2024-07-27T22:04:35.400+0000] {logging_mixin.py:188} INFO - [2024-07-27T22:04:35.400+0000] {dagbag.py:545} INFO - Filling up the DagBag from /home/airflow/.local/lib/python3.12/site-packages/airflow/example_dags/example_nested_branch_dag.py
[2024-07-27T22:04:35.409+0000] {processor.py:840} INFO - DAG(s) 'example_nested_branch_dag' retrieved from /home/airflow/.local/lib/python3.12/site-packages/airflow/example_dags/example_nested_branch_dag.py
[2024-07-27T22:04:35.424+0000] {logging_mixin.py:188} INFO - [2024-07-27T22:04:35.423+0000] {dag.py:3089} INFO - Sync 1 DAGs
[2024-07-27T22:04:35.438+0000] {logging_mixin.py:188} INFO - [2024-07-27T22:04:35.438+0000] {dag.py:3947} INFO - Setting next_dagrun for example_nested_branch_dag to 2024-07-26 00:00:00+00:00, run_after=2024-07-27 00:00:00+00:00
[2024-07-27T22:04:35.448+0000] {processor.py:183} INFO - Processing /home/airflow/.local/lib/python3.12/site-packages/airflow/example_dags/example_nested_branch_dag.py took 0.058 seconds
[2024-07-27T22:05:05.950+0000] {processor.py:161} INFO - Started process (PID=4823) to work on /home/airflow/.local/lib/python3.12/site-packages/airflow/example_dags/example_nested_branch_dag.py
[2024-07-27T22:05:05.951+0000] {processor.py:830} INFO - Processing file /home/airflow/.local/lib/python3.12/site-packages/airflow/example_dags/example_nested_branch_dag.py for tasks to queue
[2024-07-27T22:05:05.952+0000] {logging_mixin.py:188} INFO - [2024-07-27T22:05:05.952+0000] {dagbag.py:545} INFO - Filling up the DagBag from /home/airflow/.local/lib/python3.12/site-packages/airflow/example_dags/example_nested_branch_dag.py
[2024-07-27T22:05:05.961+0000] {processor.py:840} INFO - DAG(s) 'example_nested_branch_dag' retrieved from /home/airflow/.local/lib/python3.12/site-packages/airflow/example_dags/example_nested_branch_dag.py
[2024-07-27T22:05:05.975+0000] {logging_mixin.py:188} INFO - [2024-07-27T22:05:05.975+0000] {dag.py:3089} INFO - Sync 1 DAGs
[2024-07-27T22:05:05.988+0000] {logging_mixin.py:188} INFO - [2024-07-27T22:05:05.987+0000] {dag.py:3947} INFO - Setting next_dagrun for example_nested_branch_dag to 2024-07-26 00:00:00+00:00, run_after=2024-07-27 00:00:00+00:00
[2024-07-27T22:05:06.001+0000] {processor.py:183} INFO - Processing /home/airflow/.local/lib/python3.12/site-packages/airflow/example_dags/example_nested_branch_dag.py took 0.058 seconds
[2024-07-27T22:05:36.994+0000] {processor.py:161} INFO - Started process (PID=5085) to work on /home/airflow/.local/lib/python3.12/site-packages/airflow/example_dags/example_nested_branch_dag.py
[2024-07-27T22:05:36.996+0000] {processor.py:830} INFO - Processing file /home/airflow/.local/lib/python3.12/site-packages/airflow/example_dags/example_nested_branch_dag.py for tasks to queue
[2024-07-27T22:05:36.998+0000] {logging_mixin.py:188} INFO - [2024-07-27T22:05:36.997+0000] {dagbag.py:545} INFO - Filling up the DagBag from /home/airflow/.local/lib/python3.12/site-packages/airflow/example_dags/example_nested_branch_dag.py
[2024-07-27T22:05:37.008+0000] {processor.py:840} INFO - DAG(s) 'example_nested_branch_dag' retrieved from /home/airflow/.local/lib/python3.12/site-packages/airflow/example_dags/example_nested_branch_dag.py
[2024-07-27T22:05:37.022+0000] {logging_mixin.py:188} INFO - [2024-07-27T22:05:37.022+0000] {dag.py:3089} INFO - Sync 1 DAGs
[2024-07-27T22:05:37.035+0000] {logging_mixin.py:188} INFO - [2024-07-27T22:05:37.034+0000] {dag.py:3947} INFO - Setting next_dagrun for example_nested_branch_dag to 2024-07-26 00:00:00+00:00, run_after=2024-07-27 00:00:00+00:00
[2024-07-27T22:05:37.045+0000] {processor.py:183} INFO - Processing /home/airflow/.local/lib/python3.12/site-packages/airflow/example_dags/example_nested_branch_dag.py took 0.058 seconds
[2024-07-27T22:06:07.176+0000] {processor.py:161} INFO - Started process (PID=5346) to work on /home/airflow/.local/lib/python3.12/site-packages/airflow/example_dags/example_nested_branch_dag.py
[2024-07-27T22:06:07.177+0000] {processor.py:830} INFO - Processing file /home/airflow/.local/lib/python3.12/site-packages/airflow/example_dags/example_nested_branch_dag.py for tasks to queue
[2024-07-27T22:06:07.179+0000] {logging_mixin.py:188} INFO - [2024-07-27T22:06:07.178+0000] {dagbag.py:545} INFO - Filling up the DagBag from /home/airflow/.local/lib/python3.12/site-packages/airflow/example_dags/example_nested_branch_dag.py
[2024-07-27T22:06:07.188+0000] {processor.py:840} INFO - DAG(s) 'example_nested_branch_dag' retrieved from /home/airflow/.local/lib/python3.12/site-packages/airflow/example_dags/example_nested_branch_dag.py
[2024-07-27T22:06:07.206+0000] {logging_mixin.py:188} INFO - [2024-07-27T22:06:07.205+0000] {dag.py:3089} INFO - Sync 1 DAGs
[2024-07-27T22:06:07.218+0000] {logging_mixin.py:188} INFO - [2024-07-27T22:06:07.218+0000] {dag.py:3947} INFO - Setting next_dagrun for example_nested_branch_dag to 2024-07-26 00:00:00+00:00, run_after=2024-07-27 00:00:00+00:00
[2024-07-27T22:06:07.228+0000] {processor.py:183} INFO - Processing /home/airflow/.local/lib/python3.12/site-packages/airflow/example_dags/example_nested_branch_dag.py took 0.059 seconds
[2024-07-27T22:06:37.547+0000] {processor.py:161} INFO - Started process (PID=5608) to work on /home/airflow/.local/lib/python3.12/site-packages/airflow/example_dags/example_nested_branch_dag.py
[2024-07-27T22:06:37.548+0000] {processor.py:830} INFO - Processing file /home/airflow/.local/lib/python3.12/site-packages/airflow/example_dags/example_nested_branch_dag.py for tasks to queue
[2024-07-27T22:06:37.551+0000] {logging_mixin.py:188} INFO - [2024-07-27T22:06:37.551+0000] {dagbag.py:545} INFO - Filling up the DagBag from /home/airflow/.local/lib/python3.12/site-packages/airflow/example_dags/example_nested_branch_dag.py
[2024-07-27T22:06:37.561+0000] {processor.py:840} INFO - DAG(s) 'example_nested_branch_dag' retrieved from /home/airflow/.local/lib/python3.12/site-packages/airflow/example_dags/example_nested_branch_dag.py
[2024-07-27T22:06:37.575+0000] {logging_mixin.py:188} INFO - [2024-07-27T22:06:37.575+0000] {dag.py:3089} INFO - Sync 1 DAGs
[2024-07-27T22:06:37.587+0000] {logging_mixin.py:188} INFO - [2024-07-27T22:06:37.587+0000] {dag.py:3947} INFO - Setting next_dagrun for example_nested_branch_dag to 2024-07-26 00:00:00+00:00, run_after=2024-07-27 00:00:00+00:00
[2024-07-27T22:06:37.596+0000] {processor.py:183} INFO - Processing /home/airflow/.local/lib/python3.12/site-packages/airflow/example_dags/example_nested_branch_dag.py took 0.057 seconds
[2024-07-27T22:07:07.955+0000] {processor.py:161} INFO - Started process (PID=5870) to work on /home/airflow/.local/lib/python3.12/site-packages/airflow/example_dags/example_nested_branch_dag.py
[2024-07-27T22:07:07.956+0000] {processor.py:830} INFO - Processing file /home/airflow/.local/lib/python3.12/site-packages/airflow/example_dags/example_nested_branch_dag.py for tasks to queue
[2024-07-27T22:07:07.958+0000] {logging_mixin.py:188} INFO - [2024-07-27T22:07:07.958+0000] {dagbag.py:545} INFO - Filling up the DagBag from /home/airflow/.local/lib/python3.12/site-packages/airflow/example_dags/example_nested_branch_dag.py
[2024-07-27T22:07:07.966+0000] {processor.py:840} INFO - DAG(s) 'example_nested_branch_dag' retrieved from /home/airflow/.local/lib/python3.12/site-packages/airflow/example_dags/example_nested_branch_dag.py
[2024-07-27T22:07:07.979+0000] {logging_mixin.py:188} INFO - [2024-07-27T22:07:07.979+0000] {dag.py:3089} INFO - Sync 1 DAGs
[2024-07-27T22:07:07.991+0000] {logging_mixin.py:188} INFO - [2024-07-27T22:07:07.991+0000] {dag.py:3947} INFO - Setting next_dagrun for example_nested_branch_dag to 2024-07-26 00:00:00+00:00, run_after=2024-07-27 00:00:00+00:00
[2024-07-27T22:07:08.000+0000] {processor.py:183} INFO - Processing /home/airflow/.local/lib/python3.12/site-packages/airflow/example_dags/example_nested_branch_dag.py took 0.050 seconds
[2024-07-27T22:07:38.100+0000] {processor.py:161} INFO - Started process (PID=6132) to work on /home/airflow/.local/lib/python3.12/site-packages/airflow/example_dags/example_nested_branch_dag.py
[2024-07-27T22:07:38.102+0000] {processor.py:830} INFO - Processing file /home/airflow/.local/lib/python3.12/site-packages/airflow/example_dags/example_nested_branch_dag.py for tasks to queue
[2024-07-27T22:07:38.104+0000] {logging_mixin.py:188} INFO - [2024-07-27T22:07:38.104+0000] {dagbag.py:545} INFO - Filling up the DagBag from /home/airflow/.local/lib/python3.12/site-packages/airflow/example_dags/example_nested_branch_dag.py
[2024-07-27T22:07:38.114+0000] {processor.py:840} INFO - DAG(s) 'example_nested_branch_dag' retrieved from /home/airflow/.local/lib/python3.12/site-packages/airflow/example_dags/example_nested_branch_dag.py
[2024-07-27T22:07:38.129+0000] {logging_mixin.py:188} INFO - [2024-07-27T22:07:38.129+0000] {dag.py:3089} INFO - Sync 1 DAGs
[2024-07-27T22:07:38.142+0000] {logging_mixin.py:188} INFO - [2024-07-27T22:07:38.142+0000] {dag.py:3947} INFO - Setting next_dagrun for example_nested_branch_dag to 2024-07-26 00:00:00+00:00, run_after=2024-07-27 00:00:00+00:00
[2024-07-27T22:07:38.152+0000] {processor.py:183} INFO - Processing /home/airflow/.local/lib/python3.12/site-packages/airflow/example_dags/example_nested_branch_dag.py took 0.059 seconds
[2024-07-27T22:08:08.211+0000] {processor.py:161} INFO - Started process (PID=6394) to work on /home/airflow/.local/lib/python3.12/site-packages/airflow/example_dags/example_nested_branch_dag.py
[2024-07-27T22:08:08.212+0000] {processor.py:830} INFO - Processing file /home/airflow/.local/lib/python3.12/site-packages/airflow/example_dags/example_nested_branch_dag.py for tasks to queue
[2024-07-27T22:08:08.213+0000] {logging_mixin.py:188} INFO - [2024-07-27T22:08:08.213+0000] {dagbag.py:545} INFO - Filling up the DagBag from /home/airflow/.local/lib/python3.12/site-packages/airflow/example_dags/example_nested_branch_dag.py
[2024-07-27T22:08:08.219+0000] {processor.py:840} INFO - DAG(s) 'example_nested_branch_dag' retrieved from /home/airflow/.local/lib/python3.12/site-packages/airflow/example_dags/example_nested_branch_dag.py
[2024-07-27T22:08:08.231+0000] {logging_mixin.py:188} INFO - [2024-07-27T22:08:08.230+0000] {dag.py:3089} INFO - Sync 1 DAGs
[2024-07-27T22:08:08.243+0000] {logging_mixin.py:188} INFO - [2024-07-27T22:08:08.243+0000] {dag.py:3947} INFO - Setting next_dagrun for example_nested_branch_dag to 2024-07-26 00:00:00+00:00, run_after=2024-07-27 00:00:00+00:00
[2024-07-27T22:08:08.254+0000] {processor.py:183} INFO - Processing /home/airflow/.local/lib/python3.12/site-packages/airflow/example_dags/example_nested_branch_dag.py took 0.046 seconds
[2024-07-27T22:08:38.458+0000] {processor.py:161} INFO - Started process (PID=6656) to work on /home/airflow/.local/lib/python3.12/site-packages/airflow/example_dags/example_nested_branch_dag.py
[2024-07-27T22:08:38.459+0000] {processor.py:830} INFO - Processing file /home/airflow/.local/lib/python3.12/site-packages/airflow/example_dags/example_nested_branch_dag.py for tasks to queue
[2024-07-27T22:08:38.460+0000] {logging_mixin.py:188} INFO - [2024-07-27T22:08:38.460+0000] {dagbag.py:545} INFO - Filling up the DagBag from /home/airflow/.local/lib/python3.12/site-packages/airflow/example_dags/example_nested_branch_dag.py
[2024-07-27T22:08:38.467+0000] {processor.py:840} INFO - DAG(s) 'example_nested_branch_dag' retrieved from /home/airflow/.local/lib/python3.12/site-packages/airflow/example_dags/example_nested_branch_dag.py
[2024-07-27T22:08:38.478+0000] {logging_mixin.py:188} INFO - [2024-07-27T22:08:38.478+0000] {dag.py:3089} INFO - Sync 1 DAGs
[2024-07-27T22:08:38.489+0000] {logging_mixin.py:188} INFO - [2024-07-27T22:08:38.489+0000] {dag.py:3947} INFO - Setting next_dagrun for example_nested_branch_dag to 2024-07-26 00:00:00+00:00, run_after=2024-07-27 00:00:00+00:00
[2024-07-27T22:08:38.500+0000] {processor.py:183} INFO - Processing /home/airflow/.local/lib/python3.12/site-packages/airflow/example_dags/example_nested_branch_dag.py took 0.045 seconds
[2024-07-27T22:09:09.399+0000] {processor.py:161} INFO - Started process (PID=6918) to work on /home/airflow/.local/lib/python3.12/site-packages/airflow/example_dags/example_nested_branch_dag.py
[2024-07-27T22:09:09.399+0000] {processor.py:830} INFO - Processing file /home/airflow/.local/lib/python3.12/site-packages/airflow/example_dags/example_nested_branch_dag.py for tasks to queue
[2024-07-27T22:09:09.401+0000] {logging_mixin.py:188} INFO - [2024-07-27T22:09:09.401+0000] {dagbag.py:545} INFO - Filling up the DagBag from /home/airflow/.local/lib/python3.12/site-packages/airflow/example_dags/example_nested_branch_dag.py
[2024-07-27T22:09:09.406+0000] {processor.py:840} INFO - DAG(s) 'example_nested_branch_dag' retrieved from /home/airflow/.local/lib/python3.12/site-packages/airflow/example_dags/example_nested_branch_dag.py
[2024-07-27T22:09:09.418+0000] {logging_mixin.py:188} INFO - [2024-07-27T22:09:09.418+0000] {dag.py:3089} INFO - Sync 1 DAGs
[2024-07-27T22:09:09.429+0000] {logging_mixin.py:188} INFO - [2024-07-27T22:09:09.429+0000] {dag.py:3947} INFO - Setting next_dagrun for example_nested_branch_dag to 2024-07-26 00:00:00+00:00, run_after=2024-07-27 00:00:00+00:00
[2024-07-27T22:09:09.437+0000] {processor.py:183} INFO - Processing /home/airflow/.local/lib/python3.12/site-packages/airflow/example_dags/example_nested_branch_dag.py took 0.042 seconds
[2024-07-27T22:09:39.670+0000] {processor.py:161} INFO - Started process (PID=7180) to work on /home/airflow/.local/lib/python3.12/site-packages/airflow/example_dags/example_nested_branch_dag.py
[2024-07-27T22:09:39.671+0000] {processor.py:830} INFO - Processing file /home/airflow/.local/lib/python3.12/site-packages/airflow/example_dags/example_nested_branch_dag.py for tasks to queue
[2024-07-27T22:09:39.672+0000] {logging_mixin.py:188} INFO - [2024-07-27T22:09:39.672+0000] {dagbag.py:545} INFO - Filling up the DagBag from /home/airflow/.local/lib/python3.12/site-packages/airflow/example_dags/example_nested_branch_dag.py
[2024-07-27T22:09:39.678+0000] {processor.py:840} INFO - DAG(s) 'example_nested_branch_dag' retrieved from /home/airflow/.local/lib/python3.12/site-packages/airflow/example_dags/example_nested_branch_dag.py
[2024-07-27T22:09:39.689+0000] {logging_mixin.py:188} INFO - [2024-07-27T22:09:39.689+0000] {dag.py:3089} INFO - Sync 1 DAGs
[2024-07-27T22:09:39.701+0000] {logging_mixin.py:188} INFO - [2024-07-27T22:09:39.700+0000] {dag.py:3947} INFO - Setting next_dagrun for example_nested_branch_dag to 2024-07-26 00:00:00+00:00, run_after=2024-07-27 00:00:00+00:00
[2024-07-27T22:09:39.709+0000] {processor.py:183} INFO - Processing /home/airflow/.local/lib/python3.12/site-packages/airflow/example_dags/example_nested_branch_dag.py took 0.042 seconds
[2024-07-27T22:10:10.002+0000] {processor.py:161} INFO - Started process (PID=7442) to work on /home/airflow/.local/lib/python3.12/site-packages/airflow/example_dags/example_nested_branch_dag.py
[2024-07-27T22:10:10.003+0000] {processor.py:830} INFO - Processing file /home/airflow/.local/lib/python3.12/site-packages/airflow/example_dags/example_nested_branch_dag.py for tasks to queue
[2024-07-27T22:10:10.004+0000] {logging_mixin.py:188} INFO - [2024-07-27T22:10:10.004+0000] {dagbag.py:545} INFO - Filling up the DagBag from /home/airflow/.local/lib/python3.12/site-packages/airflow/example_dags/example_nested_branch_dag.py
[2024-07-27T22:10:10.009+0000] {processor.py:840} INFO - DAG(s) 'example_nested_branch_dag' retrieved from /home/airflow/.local/lib/python3.12/site-packages/airflow/example_dags/example_nested_branch_dag.py
[2024-07-27T22:10:10.021+0000] {logging_mixin.py:188} INFO - [2024-07-27T22:10:10.021+0000] {dag.py:3089} INFO - Sync 1 DAGs
[2024-07-27T22:10:10.032+0000] {logging_mixin.py:188} INFO - [2024-07-27T22:10:10.032+0000] {dag.py:3947} INFO - Setting next_dagrun for example_nested_branch_dag to 2024-07-26 00:00:00+00:00, run_after=2024-07-27 00:00:00+00:00
[2024-07-27T22:10:10.042+0000] {processor.py:183} INFO - Processing /home/airflow/.local/lib/python3.12/site-packages/airflow/example_dags/example_nested_branch_dag.py took 0.043 seconds
[2024-07-27T22:10:40.434+0000] {processor.py:161} INFO - Started process (PID=7706) to work on /home/airflow/.local/lib/python3.12/site-packages/airflow/example_dags/example_nested_branch_dag.py
[2024-07-27T22:10:40.435+0000] {processor.py:830} INFO - Processing file /home/airflow/.local/lib/python3.12/site-packages/airflow/example_dags/example_nested_branch_dag.py for tasks to queue
[2024-07-27T22:10:40.436+0000] {logging_mixin.py:188} INFO - [2024-07-27T22:10:40.436+0000] {dagbag.py:545} INFO - Filling up the DagBag from /home/airflow/.local/lib/python3.12/site-packages/airflow/example_dags/example_nested_branch_dag.py
[2024-07-27T22:10:40.442+0000] {processor.py:840} INFO - DAG(s) 'example_nested_branch_dag' retrieved from /home/airflow/.local/lib/python3.12/site-packages/airflow/example_dags/example_nested_branch_dag.py
[2024-07-27T22:10:40.452+0000] {logging_mixin.py:188} INFO - [2024-07-27T22:10:40.452+0000] {dag.py:3089} INFO - Sync 1 DAGs
[2024-07-27T22:10:40.463+0000] {logging_mixin.py:188} INFO - [2024-07-27T22:10:40.462+0000] {dag.py:3947} INFO - Setting next_dagrun for example_nested_branch_dag to 2024-07-26 00:00:00+00:00, run_after=2024-07-27 00:00:00+00:00
[2024-07-27T22:10:40.472+0000] {processor.py:183} INFO - Processing /home/airflow/.local/lib/python3.12/site-packages/airflow/example_dags/example_nested_branch_dag.py took 0.041 seconds
[2024-07-27T22:11:11.516+0000] {processor.py:161} INFO - Started process (PID=7972) to work on /home/airflow/.local/lib/python3.12/site-packages/airflow/example_dags/example_nested_branch_dag.py
[2024-07-27T22:11:11.516+0000] {processor.py:830} INFO - Processing file /home/airflow/.local/lib/python3.12/site-packages/airflow/example_dags/example_nested_branch_dag.py for tasks to queue
[2024-07-27T22:11:11.517+0000] {logging_mixin.py:188} INFO - [2024-07-27T22:11:11.517+0000] {dagbag.py:545} INFO - Filling up the DagBag from /home/airflow/.local/lib/python3.12/site-packages/airflow/example_dags/example_nested_branch_dag.py
[2024-07-27T22:11:11.523+0000] {processor.py:840} INFO - DAG(s) 'example_nested_branch_dag' retrieved from /home/airflow/.local/lib/python3.12/site-packages/airflow/example_dags/example_nested_branch_dag.py
[2024-07-27T22:11:11.534+0000] {logging_mixin.py:188} INFO - [2024-07-27T22:11:11.534+0000] {dag.py:3089} INFO - Sync 1 DAGs
[2024-07-27T22:11:11.546+0000] {logging_mixin.py:188} INFO - [2024-07-27T22:11:11.545+0000] {dag.py:3947} INFO - Setting next_dagrun for example_nested_branch_dag to 2024-07-26 00:00:00+00:00, run_after=2024-07-27 00:00:00+00:00
[2024-07-27T22:11:11.554+0000] {processor.py:183} INFO - Processing /home/airflow/.local/lib/python3.12/site-packages/airflow/example_dags/example_nested_branch_dag.py took 0.042 seconds
[2024-07-27T22:11:41.784+0000] {processor.py:161} INFO - Started process (PID=8235) to work on /home/airflow/.local/lib/python3.12/site-packages/airflow/example_dags/example_nested_branch_dag.py
[2024-07-27T22:11:41.785+0000] {processor.py:830} INFO - Processing file /home/airflow/.local/lib/python3.12/site-packages/airflow/example_dags/example_nested_branch_dag.py for tasks to queue
[2024-07-27T22:11:41.786+0000] {logging_mixin.py:188} INFO - [2024-07-27T22:11:41.786+0000] {dagbag.py:545} INFO - Filling up the DagBag from /home/airflow/.local/lib/python3.12/site-packages/airflow/example_dags/example_nested_branch_dag.py
[2024-07-27T22:11:41.791+0000] {processor.py:840} INFO - DAG(s) 'example_nested_branch_dag' retrieved from /home/airflow/.local/lib/python3.12/site-packages/airflow/example_dags/example_nested_branch_dag.py
[2024-07-27T22:11:41.803+0000] {logging_mixin.py:188} INFO - [2024-07-27T22:11:41.803+0000] {dag.py:3089} INFO - Sync 1 DAGs
[2024-07-27T22:11:41.814+0000] {logging_mixin.py:188} INFO - [2024-07-27T22:11:41.814+0000] {dag.py:3947} INFO - Setting next_dagrun for example_nested_branch_dag to 2024-07-26 00:00:00+00:00, run_after=2024-07-27 00:00:00+00:00
[2024-07-27T22:11:41.823+0000] {processor.py:183} INFO - Processing /home/airflow/.local/lib/python3.12/site-packages/airflow/example_dags/example_nested_branch_dag.py took 0.042 seconds
[2024-07-27T22:12:12.124+0000] {processor.py:161} INFO - Started process (PID=8497) to work on /home/airflow/.local/lib/python3.12/site-packages/airflow/example_dags/example_nested_branch_dag.py
[2024-07-27T22:12:12.125+0000] {processor.py:830} INFO - Processing file /home/airflow/.local/lib/python3.12/site-packages/airflow/example_dags/example_nested_branch_dag.py for tasks to queue
[2024-07-27T22:12:12.126+0000] {logging_mixin.py:188} INFO - [2024-07-27T22:12:12.126+0000] {dagbag.py:545} INFO - Filling up the DagBag from /home/airflow/.local/lib/python3.12/site-packages/airflow/example_dags/example_nested_branch_dag.py
[2024-07-27T22:12:12.131+0000] {processor.py:840} INFO - DAG(s) 'example_nested_branch_dag' retrieved from /home/airflow/.local/lib/python3.12/site-packages/airflow/example_dags/example_nested_branch_dag.py
[2024-07-27T22:12:12.143+0000] {logging_mixin.py:188} INFO - [2024-07-27T22:12:12.143+0000] {dag.py:3089} INFO - Sync 1 DAGs
[2024-07-27T22:12:12.155+0000] {logging_mixin.py:188} INFO - [2024-07-27T22:12:12.154+0000] {dag.py:3947} INFO - Setting next_dagrun for example_nested_branch_dag to 2024-07-26 00:00:00+00:00, run_after=2024-07-27 00:00:00+00:00
[2024-07-27T22:12:12.163+0000] {processor.py:183} INFO - Processing /home/airflow/.local/lib/python3.12/site-packages/airflow/example_dags/example_nested_branch_dag.py took 0.043 seconds
[2024-07-27T22:12:42.747+0000] {processor.py:161} INFO - Started process (PID=8759) to work on /home/airflow/.local/lib/python3.12/site-packages/airflow/example_dags/example_nested_branch_dag.py
[2024-07-27T22:12:42.747+0000] {processor.py:830} INFO - Processing file /home/airflow/.local/lib/python3.12/site-packages/airflow/example_dags/example_nested_branch_dag.py for tasks to queue
[2024-07-27T22:12:42.748+0000] {logging_mixin.py:188} INFO - [2024-07-27T22:12:42.748+0000] {dagbag.py:545} INFO - Filling up the DagBag from /home/airflow/.local/lib/python3.12/site-packages/airflow/example_dags/example_nested_branch_dag.py
[2024-07-27T22:12:42.754+0000] {processor.py:840} INFO - DAG(s) 'example_nested_branch_dag' retrieved from /home/airflow/.local/lib/python3.12/site-packages/airflow/example_dags/example_nested_branch_dag.py
[2024-07-27T22:12:42.765+0000] {logging_mixin.py:188} INFO - [2024-07-27T22:12:42.765+0000] {dag.py:3089} INFO - Sync 1 DAGs
[2024-07-27T22:12:42.777+0000] {logging_mixin.py:188} INFO - [2024-07-27T22:12:42.777+0000] {dag.py:3947} INFO - Setting next_dagrun for example_nested_branch_dag to 2024-07-26 00:00:00+00:00, run_after=2024-07-27 00:00:00+00:00
[2024-07-27T22:12:42.786+0000] {processor.py:183} INFO - Processing /home/airflow/.local/lib/python3.12/site-packages/airflow/example_dags/example_nested_branch_dag.py took 0.043 seconds
[2024-07-27T22:13:13.044+0000] {processor.py:161} INFO - Started process (PID=9021) to work on /home/airflow/.local/lib/python3.12/site-packages/airflow/example_dags/example_nested_branch_dag.py
[2024-07-27T22:13:13.045+0000] {processor.py:830} INFO - Processing file /home/airflow/.local/lib/python3.12/site-packages/airflow/example_dags/example_nested_branch_dag.py for tasks to queue
[2024-07-27T22:13:13.046+0000] {logging_mixin.py:188} INFO - [2024-07-27T22:13:13.046+0000] {dagbag.py:545} INFO - Filling up the DagBag from /home/airflow/.local/lib/python3.12/site-packages/airflow/example_dags/example_nested_branch_dag.py
[2024-07-27T22:13:13.051+0000] {processor.py:840} INFO - DAG(s) 'example_nested_branch_dag' retrieved from /home/airflow/.local/lib/python3.12/site-packages/airflow/example_dags/example_nested_branch_dag.py
[2024-07-27T22:13:13.062+0000] {logging_mixin.py:188} INFO - [2024-07-27T22:13:13.061+0000] {dag.py:3089} INFO - Sync 1 DAGs
[2024-07-27T22:13:13.073+0000] {logging_mixin.py:188} INFO - [2024-07-27T22:13:13.073+0000] {dag.py:3947} INFO - Setting next_dagrun for example_nested_branch_dag to 2024-07-26 00:00:00+00:00, run_after=2024-07-27 00:00:00+00:00
[2024-07-27T22:13:13.081+0000] {processor.py:183} INFO - Processing /home/airflow/.local/lib/python3.12/site-packages/airflow/example_dags/example_nested_branch_dag.py took 0.041 seconds
[2024-07-27T22:13:44.188+0000] {processor.py:161} INFO - Started process (PID=9283) to work on /home/airflow/.local/lib/python3.12/site-packages/airflow/example_dags/example_nested_branch_dag.py
[2024-07-27T22:13:44.189+0000] {processor.py:830} INFO - Processing file /home/airflow/.local/lib/python3.12/site-packages/airflow/example_dags/example_nested_branch_dag.py for tasks to queue
[2024-07-27T22:13:44.191+0000] {logging_mixin.py:188} INFO - [2024-07-27T22:13:44.191+0000] {dagbag.py:545} INFO - Filling up the DagBag from /home/airflow/.local/lib/python3.12/site-packages/airflow/example_dags/example_nested_branch_dag.py
[2024-07-27T22:13:44.202+0000] {processor.py:840} INFO - DAG(s) 'example_nested_branch_dag' retrieved from /home/airflow/.local/lib/python3.12/site-packages/airflow/example_dags/example_nested_branch_dag.py
[2024-07-27T22:13:44.217+0000] {logging_mixin.py:188} INFO - [2024-07-27T22:13:44.217+0000] {dag.py:3089} INFO - Sync 1 DAGs
[2024-07-27T22:13:44.232+0000] {logging_mixin.py:188} INFO - [2024-07-27T22:13:44.232+0000] {dag.py:3947} INFO - Setting next_dagrun for example_nested_branch_dag to 2024-07-26 00:00:00+00:00, run_after=2024-07-27 00:00:00+00:00
[2024-07-27T22:13:44.241+0000] {processor.py:183} INFO - Processing /home/airflow/.local/lib/python3.12/site-packages/airflow/example_dags/example_nested_branch_dag.py took 0.059 seconds
[2024-07-27T22:14:14.719+0000] {processor.py:161} INFO - Started process (PID=9544) to work on /home/airflow/.local/lib/python3.12/site-packages/airflow/example_dags/example_nested_branch_dag.py
[2024-07-27T22:14:14.721+0000] {processor.py:830} INFO - Processing file /home/airflow/.local/lib/python3.12/site-packages/airflow/example_dags/example_nested_branch_dag.py for tasks to queue
[2024-07-27T22:14:14.723+0000] {logging_mixin.py:188} INFO - [2024-07-27T22:14:14.722+0000] {dagbag.py:545} INFO - Filling up the DagBag from /home/airflow/.local/lib/python3.12/site-packages/airflow/example_dags/example_nested_branch_dag.py
[2024-07-27T22:14:14.733+0000] {processor.py:840} INFO - DAG(s) 'example_nested_branch_dag' retrieved from /home/airflow/.local/lib/python3.12/site-packages/airflow/example_dags/example_nested_branch_dag.py
[2024-07-27T22:14:14.750+0000] {logging_mixin.py:188} INFO - [2024-07-27T22:14:14.749+0000] {dag.py:3089} INFO - Sync 1 DAGs
[2024-07-27T22:14:14.761+0000] {logging_mixin.py:188} INFO - [2024-07-27T22:14:14.761+0000] {dag.py:3947} INFO - Setting next_dagrun for example_nested_branch_dag to 2024-07-26 00:00:00+00:00, run_after=2024-07-27 00:00:00+00:00
[2024-07-27T22:14:14.771+0000] {processor.py:183} INFO - Processing /home/airflow/.local/lib/python3.12/site-packages/airflow/example_dags/example_nested_branch_dag.py took 0.059 seconds
[2024-07-27T22:14:44.864+0000] {processor.py:161} INFO - Started process (PID=9806) to work on /home/airflow/.local/lib/python3.12/site-packages/airflow/example_dags/example_nested_branch_dag.py
[2024-07-27T22:14:44.865+0000] {processor.py:830} INFO - Processing file /home/airflow/.local/lib/python3.12/site-packages/airflow/example_dags/example_nested_branch_dag.py for tasks to queue
[2024-07-27T22:14:44.867+0000] {logging_mixin.py:188} INFO - [2024-07-27T22:14:44.867+0000] {dagbag.py:545} INFO - Filling up the DagBag from /home/airflow/.local/lib/python3.12/site-packages/airflow/example_dags/example_nested_branch_dag.py
[2024-07-27T22:14:44.875+0000] {processor.py:840} INFO - DAG(s) 'example_nested_branch_dag' retrieved from /home/airflow/.local/lib/python3.12/site-packages/airflow/example_dags/example_nested_branch_dag.py
[2024-07-27T22:14:44.889+0000] {logging_mixin.py:188} INFO - [2024-07-27T22:14:44.889+0000] {dag.py:3089} INFO - Sync 1 DAGs
[2024-07-27T22:14:44.902+0000] {logging_mixin.py:188} INFO - [2024-07-27T22:14:44.902+0000] {dag.py:3947} INFO - Setting next_dagrun for example_nested_branch_dag to 2024-07-26 00:00:00+00:00, run_after=2024-07-27 00:00:00+00:00
[2024-07-27T22:14:44.916+0000] {processor.py:183} INFO - Processing /home/airflow/.local/lib/python3.12/site-packages/airflow/example_dags/example_nested_branch_dag.py took 0.055 seconds
[2024-07-27T22:15:15.187+0000] {processor.py:161} INFO - Started process (PID=10066) to work on /home/airflow/.local/lib/python3.12/site-packages/airflow/example_dags/example_nested_branch_dag.py
[2024-07-27T22:15:15.188+0000] {processor.py:830} INFO - Processing file /home/airflow/.local/lib/python3.12/site-packages/airflow/example_dags/example_nested_branch_dag.py for tasks to queue
[2024-07-27T22:15:15.189+0000] {logging_mixin.py:188} INFO - [2024-07-27T22:15:15.189+0000] {dagbag.py:545} INFO - Filling up the DagBag from /home/airflow/.local/lib/python3.12/site-packages/airflow/example_dags/example_nested_branch_dag.py
[2024-07-27T22:15:15.195+0000] {processor.py:840} INFO - DAG(s) 'example_nested_branch_dag' retrieved from /home/airflow/.local/lib/python3.12/site-packages/airflow/example_dags/example_nested_branch_dag.py
[2024-07-27T22:15:15.205+0000] {logging_mixin.py:188} INFO - [2024-07-27T22:15:15.205+0000] {dag.py:3089} INFO - Sync 1 DAGs
[2024-07-27T22:15:15.215+0000] {logging_mixin.py:188} INFO - [2024-07-27T22:15:15.215+0000] {dag.py:3947} INFO - Setting next_dagrun for example_nested_branch_dag to 2024-07-26 00:00:00+00:00, run_after=2024-07-27 00:00:00+00:00
[2024-07-27T22:15:15.224+0000] {processor.py:183} INFO - Processing /home/airflow/.local/lib/python3.12/site-packages/airflow/example_dags/example_nested_branch_dag.py took 0.040 seconds
[2024-07-27T22:15:45.363+0000] {processor.py:161} INFO - Started process (PID=10328) to work on /home/airflow/.local/lib/python3.12/site-packages/airflow/example_dags/example_nested_branch_dag.py
[2024-07-27T22:15:45.364+0000] {processor.py:830} INFO - Processing file /home/airflow/.local/lib/python3.12/site-packages/airflow/example_dags/example_nested_branch_dag.py for tasks to queue
[2024-07-27T22:15:45.365+0000] {logging_mixin.py:188} INFO - [2024-07-27T22:15:45.365+0000] {dagbag.py:545} INFO - Filling up the DagBag from /home/airflow/.local/lib/python3.12/site-packages/airflow/example_dags/example_nested_branch_dag.py
[2024-07-27T22:15:45.371+0000] {processor.py:840} INFO - DAG(s) 'example_nested_branch_dag' retrieved from /home/airflow/.local/lib/python3.12/site-packages/airflow/example_dags/example_nested_branch_dag.py
[2024-07-27T22:15:45.381+0000] {logging_mixin.py:188} INFO - [2024-07-27T22:15:45.381+0000] {dag.py:3089} INFO - Sync 1 DAGs
[2024-07-27T22:15:45.392+0000] {logging_mixin.py:188} INFO - [2024-07-27T22:15:45.392+0000] {dag.py:3947} INFO - Setting next_dagrun for example_nested_branch_dag to 2024-07-26 00:00:00+00:00, run_after=2024-07-27 00:00:00+00:00
[2024-07-27T22:15:45.401+0000] {processor.py:183} INFO - Processing /home/airflow/.local/lib/python3.12/site-packages/airflow/example_dags/example_nested_branch_dag.py took 0.041 seconds
[2024-07-27T22:16:15.419+0000] {processor.py:161} INFO - Started process (PID=10591) to work on /home/airflow/.local/lib/python3.12/site-packages/airflow/example_dags/example_nested_branch_dag.py
[2024-07-27T22:16:15.420+0000] {processor.py:830} INFO - Processing file /home/airflow/.local/lib/python3.12/site-packages/airflow/example_dags/example_nested_branch_dag.py for tasks to queue
[2024-07-27T22:16:15.422+0000] {logging_mixin.py:188} INFO - [2024-07-27T22:16:15.422+0000] {dagbag.py:545} INFO - Filling up the DagBag from /home/airflow/.local/lib/python3.12/site-packages/airflow/example_dags/example_nested_branch_dag.py
[2024-07-27T22:16:15.428+0000] {processor.py:840} INFO - DAG(s) 'example_nested_branch_dag' retrieved from /home/airflow/.local/lib/python3.12/site-packages/airflow/example_dags/example_nested_branch_dag.py
[2024-07-27T22:16:15.440+0000] {logging_mixin.py:188} INFO - [2024-07-27T22:16:15.440+0000] {dag.py:3089} INFO - Sync 1 DAGs
[2024-07-27T22:16:15.451+0000] {logging_mixin.py:188} INFO - [2024-07-27T22:16:15.451+0000] {dag.py:3947} INFO - Setting next_dagrun for example_nested_branch_dag to 2024-07-26 00:00:00+00:00, run_after=2024-07-27 00:00:00+00:00
[2024-07-27T22:16:15.460+0000] {processor.py:183} INFO - Processing /home/airflow/.local/lib/python3.12/site-packages/airflow/example_dags/example_nested_branch_dag.py took 0.045 seconds
[2024-07-27T22:16:47.308+0000] {processor.py:161} INFO - Started process (PID=10851) to work on /home/airflow/.local/lib/python3.12/site-packages/airflow/example_dags/example_nested_branch_dag.py
[2024-07-27T22:16:47.309+0000] {processor.py:830} INFO - Processing file /home/airflow/.local/lib/python3.12/site-packages/airflow/example_dags/example_nested_branch_dag.py for tasks to queue
[2024-07-27T22:16:47.310+0000] {logging_mixin.py:188} INFO - [2024-07-27T22:16:47.310+0000] {dagbag.py:545} INFO - Filling up the DagBag from /home/airflow/.local/lib/python3.12/site-packages/airflow/example_dags/example_nested_branch_dag.py
[2024-07-27T22:16:47.318+0000] {processor.py:840} INFO - DAG(s) 'example_nested_branch_dag' retrieved from /home/airflow/.local/lib/python3.12/site-packages/airflow/example_dags/example_nested_branch_dag.py
[2024-07-27T22:16:47.343+0000] {logging_mixin.py:188} INFO - [2024-07-27T22:16:47.343+0000] {dag.py:3089} INFO - Sync 1 DAGs
[2024-07-27T22:16:47.456+0000] {logging_mixin.py:188} INFO - [2024-07-27T22:16:47.456+0000] {dag.py:3947} INFO - Setting next_dagrun for example_nested_branch_dag to 2024-07-26 00:00:00+00:00, run_after=2024-07-27 00:00:00+00:00
[2024-07-27T22:16:47.467+0000] {processor.py:183} INFO - Processing /home/airflow/.local/lib/python3.12/site-packages/airflow/example_dags/example_nested_branch_dag.py took 0.162 seconds
[2024-07-27T22:17:17.993+0000] {processor.py:161} INFO - Started process (PID=11113) to work on /home/airflow/.local/lib/python3.12/site-packages/airflow/example_dags/example_nested_branch_dag.py
[2024-07-27T22:17:17.995+0000] {processor.py:830} INFO - Processing file /home/airflow/.local/lib/python3.12/site-packages/airflow/example_dags/example_nested_branch_dag.py for tasks to queue
[2024-07-27T22:17:17.996+0000] {logging_mixin.py:188} INFO - [2024-07-27T22:17:17.996+0000] {dagbag.py:545} INFO - Filling up the DagBag from /home/airflow/.local/lib/python3.12/site-packages/airflow/example_dags/example_nested_branch_dag.py
[2024-07-27T22:17:18.004+0000] {processor.py:840} INFO - DAG(s) 'example_nested_branch_dag' retrieved from /home/airflow/.local/lib/python3.12/site-packages/airflow/example_dags/example_nested_branch_dag.py
[2024-07-27T22:17:18.016+0000] {logging_mixin.py:188} INFO - [2024-07-27T22:17:18.016+0000] {dag.py:3089} INFO - Sync 1 DAGs
[2024-07-27T22:17:18.030+0000] {logging_mixin.py:188} INFO - [2024-07-27T22:17:18.030+0000] {dag.py:3947} INFO - Setting next_dagrun for example_nested_branch_dag to 2024-07-26 00:00:00+00:00, run_after=2024-07-27 00:00:00+00:00
[2024-07-27T22:17:18.160+0000] {processor.py:183} INFO - Processing /home/airflow/.local/lib/python3.12/site-packages/airflow/example_dags/example_nested_branch_dag.py took 0.172 seconds
[2024-07-27T22:17:48.402+0000] {processor.py:161} INFO - Started process (PID=11377) to work on /home/airflow/.local/lib/python3.12/site-packages/airflow/example_dags/example_nested_branch_dag.py
[2024-07-27T22:17:48.403+0000] {processor.py:830} INFO - Processing file /home/airflow/.local/lib/python3.12/site-packages/airflow/example_dags/example_nested_branch_dag.py for tasks to queue
[2024-07-27T22:17:48.404+0000] {logging_mixin.py:188} INFO - [2024-07-27T22:17:48.404+0000] {dagbag.py:545} INFO - Filling up the DagBag from /home/airflow/.local/lib/python3.12/site-packages/airflow/example_dags/example_nested_branch_dag.py
[2024-07-27T22:17:48.410+0000] {processor.py:840} INFO - DAG(s) 'example_nested_branch_dag' retrieved from /home/airflow/.local/lib/python3.12/site-packages/airflow/example_dags/example_nested_branch_dag.py
[2024-07-27T22:17:48.423+0000] {logging_mixin.py:188} INFO - [2024-07-27T22:17:48.423+0000] {dag.py:3089} INFO - Sync 1 DAGs
[2024-07-27T22:17:48.434+0000] {logging_mixin.py:188} INFO - [2024-07-27T22:17:48.434+0000] {dag.py:3947} INFO - Setting next_dagrun for example_nested_branch_dag to 2024-07-26 00:00:00+00:00, run_after=2024-07-27 00:00:00+00:00
[2024-07-27T22:17:48.446+0000] {processor.py:183} INFO - Processing /home/airflow/.local/lib/python3.12/site-packages/airflow/example_dags/example_nested_branch_dag.py took 0.047 seconds
[2024-07-27T22:18:18.663+0000] {processor.py:161} INFO - Started process (PID=11639) to work on /home/airflow/.local/lib/python3.12/site-packages/airflow/example_dags/example_nested_branch_dag.py
[2024-07-27T22:18:18.664+0000] {processor.py:830} INFO - Processing file /home/airflow/.local/lib/python3.12/site-packages/airflow/example_dags/example_nested_branch_dag.py for tasks to queue
[2024-07-27T22:18:18.665+0000] {logging_mixin.py:188} INFO - [2024-07-27T22:18:18.665+0000] {dagbag.py:545} INFO - Filling up the DagBag from /home/airflow/.local/lib/python3.12/site-packages/airflow/example_dags/example_nested_branch_dag.py
[2024-07-27T22:18:18.671+0000] {processor.py:840} INFO - DAG(s) 'example_nested_branch_dag' retrieved from /home/airflow/.local/lib/python3.12/site-packages/airflow/example_dags/example_nested_branch_dag.py
[2024-07-27T22:18:18.684+0000] {logging_mixin.py:188} INFO - [2024-07-27T22:18:18.684+0000] {dag.py:3089} INFO - Sync 1 DAGs
[2024-07-27T22:18:18.700+0000] {logging_mixin.py:188} INFO - [2024-07-27T22:18:18.700+0000] {dag.py:3947} INFO - Setting next_dagrun for example_nested_branch_dag to 2024-07-26 00:00:00+00:00, run_after=2024-07-27 00:00:00+00:00
[2024-07-27T22:18:18.710+0000] {processor.py:183} INFO - Processing /home/airflow/.local/lib/python3.12/site-packages/airflow/example_dags/example_nested_branch_dag.py took 0.051 seconds
[2024-07-27T22:18:48.851+0000] {processor.py:161} INFO - Started process (PID=11901) to work on /home/airflow/.local/lib/python3.12/site-packages/airflow/example_dags/example_nested_branch_dag.py
[2024-07-27T22:18:48.852+0000] {processor.py:830} INFO - Processing file /home/airflow/.local/lib/python3.12/site-packages/airflow/example_dags/example_nested_branch_dag.py for tasks to queue
[2024-07-27T22:18:48.853+0000] {logging_mixin.py:188} INFO - [2024-07-27T22:18:48.853+0000] {dagbag.py:545} INFO - Filling up the DagBag from /home/airflow/.local/lib/python3.12/site-packages/airflow/example_dags/example_nested_branch_dag.py
[2024-07-27T22:18:48.858+0000] {processor.py:840} INFO - DAG(s) 'example_nested_branch_dag' retrieved from /home/airflow/.local/lib/python3.12/site-packages/airflow/example_dags/example_nested_branch_dag.py
[2024-07-27T22:18:48.869+0000] {logging_mixin.py:188} INFO - [2024-07-27T22:18:48.869+0000] {dag.py:3089} INFO - Sync 1 DAGs
[2024-07-27T22:18:48.879+0000] {logging_mixin.py:188} INFO - [2024-07-27T22:18:48.879+0000] {dag.py:3947} INFO - Setting next_dagrun for example_nested_branch_dag to 2024-07-26 00:00:00+00:00, run_after=2024-07-27 00:00:00+00:00
[2024-07-27T22:18:48.887+0000] {processor.py:183} INFO - Processing /home/airflow/.local/lib/python3.12/site-packages/airflow/example_dags/example_nested_branch_dag.py took 0.040 seconds
[2024-07-27T22:19:19.205+0000] {processor.py:161} INFO - Started process (PID=12161) to work on /home/airflow/.local/lib/python3.12/site-packages/airflow/example_dags/example_nested_branch_dag.py
[2024-07-27T22:19:19.205+0000] {processor.py:830} INFO - Processing file /home/airflow/.local/lib/python3.12/site-packages/airflow/example_dags/example_nested_branch_dag.py for tasks to queue
[2024-07-27T22:19:19.207+0000] {logging_mixin.py:188} INFO - [2024-07-27T22:19:19.207+0000] {dagbag.py:545} INFO - Filling up the DagBag from /home/airflow/.local/lib/python3.12/site-packages/airflow/example_dags/example_nested_branch_dag.py
[2024-07-27T22:19:19.213+0000] {processor.py:840} INFO - DAG(s) 'example_nested_branch_dag' retrieved from /home/airflow/.local/lib/python3.12/site-packages/airflow/example_dags/example_nested_branch_dag.py
[2024-07-27T22:19:19.225+0000] {logging_mixin.py:188} INFO - [2024-07-27T22:19:19.225+0000] {dag.py:3089} INFO - Sync 1 DAGs
[2024-07-27T22:19:19.238+0000] {logging_mixin.py:188} INFO - [2024-07-27T22:19:19.237+0000] {dag.py:3947} INFO - Setting next_dagrun for example_nested_branch_dag to 2024-07-26 00:00:00+00:00, run_after=2024-07-27 00:00:00+00:00
[2024-07-27T22:19:19.247+0000] {processor.py:183} INFO - Processing /home/airflow/.local/lib/python3.12/site-packages/airflow/example_dags/example_nested_branch_dag.py took 0.046 seconds
[2024-07-27T22:19:49.411+0000] {processor.py:161} INFO - Started process (PID=12423) to work on /home/airflow/.local/lib/python3.12/site-packages/airflow/example_dags/example_nested_branch_dag.py
[2024-07-27T22:19:49.413+0000] {processor.py:830} INFO - Processing file /home/airflow/.local/lib/python3.12/site-packages/airflow/example_dags/example_nested_branch_dag.py for tasks to queue
[2024-07-27T22:19:49.417+0000] {logging_mixin.py:188} INFO - [2024-07-27T22:19:49.416+0000] {dagbag.py:545} INFO - Filling up the DagBag from /home/airflow/.local/lib/python3.12/site-packages/airflow/example_dags/example_nested_branch_dag.py
[2024-07-27T22:19:49.426+0000] {processor.py:840} INFO - DAG(s) 'example_nested_branch_dag' retrieved from /home/airflow/.local/lib/python3.12/site-packages/airflow/example_dags/example_nested_branch_dag.py
[2024-07-27T22:19:49.442+0000] {logging_mixin.py:188} INFO - [2024-07-27T22:19:49.442+0000] {dag.py:3089} INFO - Sync 1 DAGs
[2024-07-27T22:19:49.466+0000] {logging_mixin.py:188} INFO - [2024-07-27T22:19:49.466+0000] {dag.py:3947} INFO - Setting next_dagrun for example_nested_branch_dag to 2024-07-26 00:00:00+00:00, run_after=2024-07-27 00:00:00+00:00
[2024-07-27T22:19:49.481+0000] {processor.py:183} INFO - Processing /home/airflow/.local/lib/python3.12/site-packages/airflow/example_dags/example_nested_branch_dag.py took 0.084 seconds
[2024-07-27T22:20:20.158+0000] {processor.py:161} INFO - Started process (PID=12690) to work on /home/airflow/.local/lib/python3.12/site-packages/airflow/example_dags/example_nested_branch_dag.py
[2024-07-27T22:20:20.159+0000] {processor.py:830} INFO - Processing file /home/airflow/.local/lib/python3.12/site-packages/airflow/example_dags/example_nested_branch_dag.py for tasks to queue
[2024-07-27T22:20:20.160+0000] {logging_mixin.py:188} INFO - [2024-07-27T22:20:20.159+0000] {dagbag.py:545} INFO - Filling up the DagBag from /home/airflow/.local/lib/python3.12/site-packages/airflow/example_dags/example_nested_branch_dag.py
[2024-07-27T22:20:20.166+0000] {processor.py:840} INFO - DAG(s) 'example_nested_branch_dag' retrieved from /home/airflow/.local/lib/python3.12/site-packages/airflow/example_dags/example_nested_branch_dag.py
[2024-07-27T22:20:20.178+0000] {logging_mixin.py:188} INFO - [2024-07-27T22:20:20.178+0000] {dag.py:3089} INFO - Sync 1 DAGs
[2024-07-27T22:20:20.190+0000] {logging_mixin.py:188} INFO - [2024-07-27T22:20:20.190+0000] {dag.py:3947} INFO - Setting next_dagrun for example_nested_branch_dag to 2024-07-26 00:00:00+00:00, run_after=2024-07-27 00:00:00+00:00
[2024-07-27T22:20:20.199+0000] {processor.py:183} INFO - Processing /home/airflow/.local/lib/python3.12/site-packages/airflow/example_dags/example_nested_branch_dag.py took 0.045 seconds
[2024-07-27T22:20:50.500+0000] {processor.py:161} INFO - Started process (PID=12962) to work on /home/airflow/.local/lib/python3.12/site-packages/airflow/example_dags/example_nested_branch_dag.py
[2024-07-27T22:20:50.502+0000] {processor.py:830} INFO - Processing file /home/airflow/.local/lib/python3.12/site-packages/airflow/example_dags/example_nested_branch_dag.py for tasks to queue
[2024-07-27T22:20:50.503+0000] {logging_mixin.py:188} INFO - [2024-07-27T22:20:50.503+0000] {dagbag.py:545} INFO - Filling up the DagBag from /home/airflow/.local/lib/python3.12/site-packages/airflow/example_dags/example_nested_branch_dag.py
[2024-07-27T22:20:50.511+0000] {processor.py:840} INFO - DAG(s) 'example_nested_branch_dag' retrieved from /home/airflow/.local/lib/python3.12/site-packages/airflow/example_dags/example_nested_branch_dag.py
[2024-07-27T22:20:50.525+0000] {logging_mixin.py:188} INFO - [2024-07-27T22:20:50.524+0000] {dag.py:3089} INFO - Sync 1 DAGs
[2024-07-27T22:20:50.537+0000] {logging_mixin.py:188} INFO - [2024-07-27T22:20:50.536+0000] {dag.py:3947} INFO - Setting next_dagrun for example_nested_branch_dag to 2024-07-26 00:00:00+00:00, run_after=2024-07-27 00:00:00+00:00
[2024-07-27T22:20:50.545+0000] {processor.py:183} INFO - Processing /home/airflow/.local/lib/python3.12/site-packages/airflow/example_dags/example_nested_branch_dag.py took 0.049 seconds
[2024-07-27T22:21:20.898+0000] {processor.py:161} INFO - Started process (PID=13229) to work on /home/airflow/.local/lib/python3.12/site-packages/airflow/example_dags/example_nested_branch_dag.py
[2024-07-27T22:21:20.899+0000] {processor.py:830} INFO - Processing file /home/airflow/.local/lib/python3.12/site-packages/airflow/example_dags/example_nested_branch_dag.py for tasks to queue
[2024-07-27T22:21:20.900+0000] {logging_mixin.py:188} INFO - [2024-07-27T22:21:20.900+0000] {dagbag.py:545} INFO - Filling up the DagBag from /home/airflow/.local/lib/python3.12/site-packages/airflow/example_dags/example_nested_branch_dag.py
[2024-07-27T22:21:20.906+0000] {processor.py:840} INFO - DAG(s) 'example_nested_branch_dag' retrieved from /home/airflow/.local/lib/python3.12/site-packages/airflow/example_dags/example_nested_branch_dag.py
[2024-07-27T22:21:20.917+0000] {logging_mixin.py:188} INFO - [2024-07-27T22:21:20.917+0000] {dag.py:3089} INFO - Sync 1 DAGs
[2024-07-27T22:21:20.929+0000] {logging_mixin.py:188} INFO - [2024-07-27T22:21:20.929+0000] {dag.py:3947} INFO - Setting next_dagrun for example_nested_branch_dag to 2024-07-26 00:00:00+00:00, run_after=2024-07-27 00:00:00+00:00
[2024-07-27T22:21:20.938+0000] {processor.py:183} INFO - Processing /home/airflow/.local/lib/python3.12/site-packages/airflow/example_dags/example_nested_branch_dag.py took 0.043 seconds
[2024-07-27T22:21:51.258+0000] {processor.py:161} INFO - Started process (PID=13496) to work on /home/airflow/.local/lib/python3.12/site-packages/airflow/example_dags/example_nested_branch_dag.py
[2024-07-27T22:21:51.259+0000] {processor.py:830} INFO - Processing file /home/airflow/.local/lib/python3.12/site-packages/airflow/example_dags/example_nested_branch_dag.py for tasks to queue
[2024-07-27T22:21:51.260+0000] {logging_mixin.py:188} INFO - [2024-07-27T22:21:51.260+0000] {dagbag.py:545} INFO - Filling up the DagBag from /home/airflow/.local/lib/python3.12/site-packages/airflow/example_dags/example_nested_branch_dag.py
[2024-07-27T22:21:51.266+0000] {processor.py:840} INFO - DAG(s) 'example_nested_branch_dag' retrieved from /home/airflow/.local/lib/python3.12/site-packages/airflow/example_dags/example_nested_branch_dag.py
[2024-07-27T22:21:51.277+0000] {logging_mixin.py:188} INFO - [2024-07-27T22:21:51.277+0000] {dag.py:3089} INFO - Sync 1 DAGs
[2024-07-27T22:21:51.289+0000] {logging_mixin.py:188} INFO - [2024-07-27T22:21:51.289+0000] {dag.py:3947} INFO - Setting next_dagrun for example_nested_branch_dag to 2024-07-26 00:00:00+00:00, run_after=2024-07-27 00:00:00+00:00
[2024-07-27T22:21:51.298+0000] {processor.py:183} INFO - Processing /home/airflow/.local/lib/python3.12/site-packages/airflow/example_dags/example_nested_branch_dag.py took 0.044 seconds
[2024-07-27T22:22:21.523+0000] {processor.py:161} INFO - Started process (PID=13765) to work on /home/airflow/.local/lib/python3.12/site-packages/airflow/example_dags/example_nested_branch_dag.py
[2024-07-27T22:22:21.524+0000] {processor.py:830} INFO - Processing file /home/airflow/.local/lib/python3.12/site-packages/airflow/example_dags/example_nested_branch_dag.py for tasks to queue
[2024-07-27T22:22:21.526+0000] {logging_mixin.py:188} INFO - [2024-07-27T22:22:21.526+0000] {dagbag.py:545} INFO - Filling up the DagBag from /home/airflow/.local/lib/python3.12/site-packages/airflow/example_dags/example_nested_branch_dag.py
[2024-07-27T22:22:21.532+0000] {processor.py:840} INFO - DAG(s) 'example_nested_branch_dag' retrieved from /home/airflow/.local/lib/python3.12/site-packages/airflow/example_dags/example_nested_branch_dag.py
[2024-07-27T22:22:21.544+0000] {logging_mixin.py:188} INFO - [2024-07-27T22:22:21.543+0000] {dag.py:3089} INFO - Sync 1 DAGs
[2024-07-27T22:22:21.554+0000] {logging_mixin.py:188} INFO - [2024-07-27T22:22:21.554+0000] {dag.py:3947} INFO - Setting next_dagrun for example_nested_branch_dag to 2024-07-26 00:00:00+00:00, run_after=2024-07-27 00:00:00+00:00
[2024-07-27T22:22:21.564+0000] {processor.py:183} INFO - Processing /home/airflow/.local/lib/python3.12/site-packages/airflow/example_dags/example_nested_branch_dag.py took 0.045 seconds
[2024-07-27T22:22:52.268+0000] {processor.py:161} INFO - Started process (PID=14030) to work on /home/airflow/.local/lib/python3.12/site-packages/airflow/example_dags/example_nested_branch_dag.py
[2024-07-27T22:22:52.269+0000] {processor.py:830} INFO - Processing file /home/airflow/.local/lib/python3.12/site-packages/airflow/example_dags/example_nested_branch_dag.py for tasks to queue
[2024-07-27T22:22:52.270+0000] {logging_mixin.py:188} INFO - [2024-07-27T22:22:52.269+0000] {dagbag.py:545} INFO - Filling up the DagBag from /home/airflow/.local/lib/python3.12/site-packages/airflow/example_dags/example_nested_branch_dag.py
[2024-07-27T22:22:52.275+0000] {processor.py:840} INFO - DAG(s) 'example_nested_branch_dag' retrieved from /home/airflow/.local/lib/python3.12/site-packages/airflow/example_dags/example_nested_branch_dag.py
[2024-07-27T22:22:52.287+0000] {logging_mixin.py:188} INFO - [2024-07-27T22:22:52.287+0000] {dag.py:3089} INFO - Sync 1 DAGs
[2024-07-27T22:22:52.299+0000] {logging_mixin.py:188} INFO - [2024-07-27T22:22:52.299+0000] {dag.py:3947} INFO - Setting next_dagrun for example_nested_branch_dag to 2024-07-26 00:00:00+00:00, run_after=2024-07-27 00:00:00+00:00
[2024-07-27T22:22:52.309+0000] {processor.py:183} INFO - Processing /home/airflow/.local/lib/python3.12/site-packages/airflow/example_dags/example_nested_branch_dag.py took 0.045 seconds
[2024-07-27T22:23:22.733+0000] {processor.py:161} INFO - Started process (PID=14318) to work on /home/airflow/.local/lib/python3.12/site-packages/airflow/example_dags/example_nested_branch_dag.py
[2024-07-27T22:23:22.734+0000] {processor.py:830} INFO - Processing file /home/airflow/.local/lib/python3.12/site-packages/airflow/example_dags/example_nested_branch_dag.py for tasks to queue
[2024-07-27T22:23:22.735+0000] {logging_mixin.py:188} INFO - [2024-07-27T22:23:22.735+0000] {dagbag.py:545} INFO - Filling up the DagBag from /home/airflow/.local/lib/python3.12/site-packages/airflow/example_dags/example_nested_branch_dag.py
[2024-07-27T22:23:22.741+0000] {processor.py:840} INFO - DAG(s) 'example_nested_branch_dag' retrieved from /home/airflow/.local/lib/python3.12/site-packages/airflow/example_dags/example_nested_branch_dag.py
[2024-07-27T22:23:22.755+0000] {logging_mixin.py:188} INFO - [2024-07-27T22:23:22.755+0000] {dag.py:3089} INFO - Sync 1 DAGs
[2024-07-27T22:23:22.780+0000] {logging_mixin.py:188} INFO - [2024-07-27T22:23:22.780+0000] {dag.py:3947} INFO - Setting next_dagrun for example_nested_branch_dag to 2024-07-26 00:00:00+00:00, run_after=2024-07-27 00:00:00+00:00
[2024-07-27T22:23:22.790+0000] {processor.py:183} INFO - Processing /home/airflow/.local/lib/python3.12/site-packages/airflow/example_dags/example_nested_branch_dag.py took 0.061 seconds
[2024-07-27T22:23:53.442+0000] {processor.py:161} INFO - Started process (PID=14587) to work on /home/airflow/.local/lib/python3.12/site-packages/airflow/example_dags/example_nested_branch_dag.py
[2024-07-27T22:23:53.443+0000] {processor.py:830} INFO - Processing file /home/airflow/.local/lib/python3.12/site-packages/airflow/example_dags/example_nested_branch_dag.py for tasks to queue
[2024-07-27T22:23:53.444+0000] {logging_mixin.py:188} INFO - [2024-07-27T22:23:53.444+0000] {dagbag.py:545} INFO - Filling up the DagBag from /home/airflow/.local/lib/python3.12/site-packages/airflow/example_dags/example_nested_branch_dag.py
[2024-07-27T22:23:53.450+0000] {processor.py:840} INFO - DAG(s) 'example_nested_branch_dag' retrieved from /home/airflow/.local/lib/python3.12/site-packages/airflow/example_dags/example_nested_branch_dag.py
[2024-07-27T22:23:53.462+0000] {logging_mixin.py:188} INFO - [2024-07-27T22:23:53.462+0000] {dag.py:3089} INFO - Sync 1 DAGs
[2024-07-27T22:23:53.474+0000] {logging_mixin.py:188} INFO - [2024-07-27T22:23:53.474+0000] {dag.py:3947} INFO - Setting next_dagrun for example_nested_branch_dag to 2024-07-26 00:00:00+00:00, run_after=2024-07-27 00:00:00+00:00
[2024-07-27T22:23:53.490+0000] {processor.py:183} INFO - Processing /home/airflow/.local/lib/python3.12/site-packages/airflow/example_dags/example_nested_branch_dag.py took 0.052 seconds
[2024-07-27T22:24:24.274+0000] {processor.py:161} INFO - Started process (PID=14854) to work on /home/airflow/.local/lib/python3.12/site-packages/airflow/example_dags/example_nested_branch_dag.py
[2024-07-27T22:24:24.275+0000] {processor.py:830} INFO - Processing file /home/airflow/.local/lib/python3.12/site-packages/airflow/example_dags/example_nested_branch_dag.py for tasks to queue
[2024-07-27T22:24:24.277+0000] {logging_mixin.py:188} INFO - [2024-07-27T22:24:24.276+0000] {dagbag.py:545} INFO - Filling up the DagBag from /home/airflow/.local/lib/python3.12/site-packages/airflow/example_dags/example_nested_branch_dag.py
[2024-07-27T22:24:24.282+0000] {processor.py:840} INFO - DAG(s) 'example_nested_branch_dag' retrieved from /home/airflow/.local/lib/python3.12/site-packages/airflow/example_dags/example_nested_branch_dag.py
[2024-07-27T22:24:24.293+0000] {logging_mixin.py:188} INFO - [2024-07-27T22:24:24.293+0000] {dag.py:3089} INFO - Sync 1 DAGs
[2024-07-27T22:24:24.304+0000] {logging_mixin.py:188} INFO - [2024-07-27T22:24:24.304+0000] {dag.py:3947} INFO - Setting next_dagrun for example_nested_branch_dag to 2024-07-26 00:00:00+00:00, run_after=2024-07-27 00:00:00+00:00
[2024-07-27T22:24:24.312+0000] {processor.py:183} INFO - Processing /home/airflow/.local/lib/python3.12/site-packages/airflow/example_dags/example_nested_branch_dag.py took 0.041 seconds
[2024-07-27T22:24:54.469+0000] {processor.py:161} INFO - Started process (PID=15121) to work on /home/airflow/.local/lib/python3.12/site-packages/airflow/example_dags/example_nested_branch_dag.py
[2024-07-27T22:24:54.470+0000] {processor.py:830} INFO - Processing file /home/airflow/.local/lib/python3.12/site-packages/airflow/example_dags/example_nested_branch_dag.py for tasks to queue
[2024-07-27T22:24:54.471+0000] {logging_mixin.py:188} INFO - [2024-07-27T22:24:54.471+0000] {dagbag.py:545} INFO - Filling up the DagBag from /home/airflow/.local/lib/python3.12/site-packages/airflow/example_dags/example_nested_branch_dag.py
[2024-07-27T22:24:54.477+0000] {processor.py:840} INFO - DAG(s) 'example_nested_branch_dag' retrieved from /home/airflow/.local/lib/python3.12/site-packages/airflow/example_dags/example_nested_branch_dag.py
[2024-07-27T22:24:54.491+0000] {logging_mixin.py:188} INFO - [2024-07-27T22:24:54.490+0000] {dag.py:3089} INFO - Sync 1 DAGs
[2024-07-27T22:24:54.502+0000] {logging_mixin.py:188} INFO - [2024-07-27T22:24:54.502+0000] {dag.py:3947} INFO - Setting next_dagrun for example_nested_branch_dag to 2024-07-26 00:00:00+00:00, run_after=2024-07-27 00:00:00+00:00
[2024-07-27T22:24:54.511+0000] {processor.py:183} INFO - Processing /home/airflow/.local/lib/python3.12/site-packages/airflow/example_dags/example_nested_branch_dag.py took 0.046 seconds
[2024-07-27T22:25:24.786+0000] {processor.py:161} INFO - Started process (PID=15388) to work on /home/airflow/.local/lib/python3.12/site-packages/airflow/example_dags/example_nested_branch_dag.py
[2024-07-27T22:25:24.787+0000] {processor.py:830} INFO - Processing file /home/airflow/.local/lib/python3.12/site-packages/airflow/example_dags/example_nested_branch_dag.py for tasks to queue
[2024-07-27T22:25:24.788+0000] {logging_mixin.py:188} INFO - [2024-07-27T22:25:24.788+0000] {dagbag.py:545} INFO - Filling up the DagBag from /home/airflow/.local/lib/python3.12/site-packages/airflow/example_dags/example_nested_branch_dag.py
[2024-07-27T22:25:24.794+0000] {processor.py:840} INFO - DAG(s) 'example_nested_branch_dag' retrieved from /home/airflow/.local/lib/python3.12/site-packages/airflow/example_dags/example_nested_branch_dag.py
[2024-07-27T22:25:24.805+0000] {logging_mixin.py:188} INFO - [2024-07-27T22:25:24.805+0000] {dag.py:3089} INFO - Sync 1 DAGs
[2024-07-27T22:25:24.817+0000] {logging_mixin.py:188} INFO - [2024-07-27T22:25:24.817+0000] {dag.py:3947} INFO - Setting next_dagrun for example_nested_branch_dag to 2024-07-26 00:00:00+00:00, run_after=2024-07-27 00:00:00+00:00
[2024-07-27T22:25:24.834+0000] {processor.py:183} INFO - Processing /home/airflow/.local/lib/python3.12/site-packages/airflow/example_dags/example_nested_branch_dag.py took 0.051 seconds
[2024-07-27T22:25:55.026+0000] {processor.py:161} INFO - Started process (PID=15655) to work on /home/airflow/.local/lib/python3.12/site-packages/airflow/example_dags/example_nested_branch_dag.py
[2024-07-27T22:25:55.027+0000] {processor.py:830} INFO - Processing file /home/airflow/.local/lib/python3.12/site-packages/airflow/example_dags/example_nested_branch_dag.py for tasks to queue
[2024-07-27T22:25:55.029+0000] {logging_mixin.py:188} INFO - [2024-07-27T22:25:55.028+0000] {dagbag.py:545} INFO - Filling up the DagBag from /home/airflow/.local/lib/python3.12/site-packages/airflow/example_dags/example_nested_branch_dag.py
[2024-07-27T22:25:55.034+0000] {processor.py:840} INFO - DAG(s) 'example_nested_branch_dag' retrieved from /home/airflow/.local/lib/python3.12/site-packages/airflow/example_dags/example_nested_branch_dag.py
[2024-07-27T22:25:55.046+0000] {logging_mixin.py:188} INFO - [2024-07-27T22:25:55.046+0000] {dag.py:3089} INFO - Sync 1 DAGs
[2024-07-27T22:25:55.057+0000] {logging_mixin.py:188} INFO - [2024-07-27T22:25:55.057+0000] {dag.py:3947} INFO - Setting next_dagrun for example_nested_branch_dag to 2024-07-26 00:00:00+00:00, run_after=2024-07-27 00:00:00+00:00
[2024-07-27T22:25:55.065+0000] {processor.py:183} INFO - Processing /home/airflow/.local/lib/python3.12/site-packages/airflow/example_dags/example_nested_branch_dag.py took 0.043 seconds
[2024-07-27T22:26:25.562+0000] {processor.py:161} INFO - Started process (PID=15925) to work on /home/airflow/.local/lib/python3.12/site-packages/airflow/example_dags/example_nested_branch_dag.py
[2024-07-27T22:26:25.563+0000] {processor.py:830} INFO - Processing file /home/airflow/.local/lib/python3.12/site-packages/airflow/example_dags/example_nested_branch_dag.py for tasks to queue
[2024-07-27T22:26:25.564+0000] {logging_mixin.py:188} INFO - [2024-07-27T22:26:25.564+0000] {dagbag.py:545} INFO - Filling up the DagBag from /home/airflow/.local/lib/python3.12/site-packages/airflow/example_dags/example_nested_branch_dag.py
[2024-07-27T22:26:25.570+0000] {processor.py:840} INFO - DAG(s) 'example_nested_branch_dag' retrieved from /home/airflow/.local/lib/python3.12/site-packages/airflow/example_dags/example_nested_branch_dag.py
[2024-07-27T22:26:25.582+0000] {logging_mixin.py:188} INFO - [2024-07-27T22:26:25.582+0000] {dag.py:3089} INFO - Sync 1 DAGs
[2024-07-27T22:26:25.597+0000] {logging_mixin.py:188} INFO - [2024-07-27T22:26:25.597+0000] {dag.py:3947} INFO - Setting next_dagrun for example_nested_branch_dag to 2024-07-26 00:00:00+00:00, run_after=2024-07-27 00:00:00+00:00
[2024-07-27T22:26:25.613+0000] {processor.py:183} INFO - Processing /home/airflow/.local/lib/python3.12/site-packages/airflow/example_dags/example_nested_branch_dag.py took 0.056 seconds
[2024-07-27T22:55:21.674+0000] {processor.py:161} INFO - Started process (PID=16180) to work on /home/airflow/.local/lib/python3.12/site-packages/airflow/example_dags/example_nested_branch_dag.py
[2024-07-27T22:55:21.675+0000] {processor.py:830} INFO - Processing file /home/airflow/.local/lib/python3.12/site-packages/airflow/example_dags/example_nested_branch_dag.py for tasks to queue
[2024-07-27T22:55:21.676+0000] {logging_mixin.py:188} INFO - [2024-07-27T22:55:21.676+0000] {dagbag.py:545} INFO - Filling up the DagBag from /home/airflow/.local/lib/python3.12/site-packages/airflow/example_dags/example_nested_branch_dag.py
[2024-07-27T22:55:21.684+0000] {processor.py:840} INFO - DAG(s) 'example_nested_branch_dag' retrieved from /home/airflow/.local/lib/python3.12/site-packages/airflow/example_dags/example_nested_branch_dag.py
[2024-07-27T22:55:21.698+0000] {logging_mixin.py:188} INFO - [2024-07-27T22:55:21.698+0000] {dag.py:3089} INFO - Sync 1 DAGs
[2024-07-27T22:55:21.713+0000] {logging_mixin.py:188} INFO - [2024-07-27T22:55:21.713+0000] {dag.py:3947} INFO - Setting next_dagrun for example_nested_branch_dag to 2024-07-26 00:00:00+00:00, run_after=2024-07-27 00:00:00+00:00
[2024-07-27T22:55:21.723+0000] {processor.py:183} INFO - Processing /home/airflow/.local/lib/python3.12/site-packages/airflow/example_dags/example_nested_branch_dag.py took 0.054 seconds
[2024-07-27T22:55:51.979+0000] {processor.py:161} INFO - Started process (PID=16450) to work on /home/airflow/.local/lib/python3.12/site-packages/airflow/example_dags/example_nested_branch_dag.py
[2024-07-27T22:55:51.980+0000] {processor.py:830} INFO - Processing file /home/airflow/.local/lib/python3.12/site-packages/airflow/example_dags/example_nested_branch_dag.py for tasks to queue
[2024-07-27T22:55:51.981+0000] {logging_mixin.py:188} INFO - [2024-07-27T22:55:51.981+0000] {dagbag.py:545} INFO - Filling up the DagBag from /home/airflow/.local/lib/python3.12/site-packages/airflow/example_dags/example_nested_branch_dag.py
[2024-07-27T22:55:51.986+0000] {processor.py:840} INFO - DAG(s) 'example_nested_branch_dag' retrieved from /home/airflow/.local/lib/python3.12/site-packages/airflow/example_dags/example_nested_branch_dag.py
[2024-07-27T22:55:51.997+0000] {logging_mixin.py:188} INFO - [2024-07-27T22:55:51.997+0000] {dag.py:3089} INFO - Sync 1 DAGs
[2024-07-27T22:55:52.007+0000] {logging_mixin.py:188} INFO - [2024-07-27T22:55:52.007+0000] {dag.py:3947} INFO - Setting next_dagrun for example_nested_branch_dag to 2024-07-26 00:00:00+00:00, run_after=2024-07-27 00:00:00+00:00
[2024-07-27T22:55:52.016+0000] {processor.py:183} INFO - Processing /home/airflow/.local/lib/python3.12/site-packages/airflow/example_dags/example_nested_branch_dag.py took 0.041 seconds
