[2024-07-27T20:14:06.849+0000] {processor.py:161} INFO - Started process (PID=170) to work on /home/airflow/.local/lib/python3.12/site-packages/airflow/example_dags/example_task_group_decorator.py
[2024-07-27T20:14:06.856+0000] {processor.py:830} INFO - Processing file /home/airflow/.local/lib/python3.12/site-packages/airflow/example_dags/example_task_group_decorator.py for tasks to queue
[2024-07-27T20:14:06.860+0000] {logging_mixin.py:188} INFO - [2024-07-27T20:14:06.860+0000] {dagbag.py:545} INFO - Filling up the DagBag from /home/airflow/.local/lib/python3.12/site-packages/airflow/example_dags/example_task_group_decorator.py
[2024-07-27T20:14:06.873+0000] {processor.py:840} INFO - DAG(s) 'example_task_group_decorator' retrieved from /home/airflow/.local/lib/python3.12/site-packages/airflow/example_dags/example_task_group_decorator.py
[2024-07-27T20:14:06.885+0000] {logging_mixin.py:188} INFO - [2024-07-27T20:14:06.885+0000] {dag.py:3089} INFO - Sync 1 DAGs
[2024-07-27T20:14:06.905+0000] {logging_mixin.py:188} INFO - [2024-07-27T20:14:06.905+0000] {dag.py:3947} INFO - Setting next_dagrun for example_task_group_decorator to 2024-07-26 00:00:00+00:00, run_after=2024-07-27 00:00:00+00:00
[2024-07-27T20:14:06.916+0000] {processor.py:183} INFO - Processing /home/airflow/.local/lib/python3.12/site-packages/airflow/example_dags/example_task_group_decorator.py took 0.074 seconds
[2024-07-27T20:14:37.277+0000] {processor.py:161} INFO - Started process (PID=433) to work on /home/airflow/.local/lib/python3.12/site-packages/airflow/example_dags/example_task_group_decorator.py
[2024-07-27T20:14:37.277+0000] {processor.py:830} INFO - Processing file /home/airflow/.local/lib/python3.12/site-packages/airflow/example_dags/example_task_group_decorator.py for tasks to queue
[2024-07-27T20:14:37.278+0000] {logging_mixin.py:188} INFO - [2024-07-27T20:14:37.278+0000] {dagbag.py:545} INFO - Filling up the DagBag from /home/airflow/.local/lib/python3.12/site-packages/airflow/example_dags/example_task_group_decorator.py
[2024-07-27T20:14:37.286+0000] {processor.py:840} INFO - DAG(s) 'example_task_group_decorator' retrieved from /home/airflow/.local/lib/python3.12/site-packages/airflow/example_dags/example_task_group_decorator.py
[2024-07-27T20:14:37.337+0000] {logging_mixin.py:188} INFO - [2024-07-27T20:14:37.337+0000] {dag.py:3089} INFO - Sync 1 DAGs
[2024-07-27T20:14:37.346+0000] {logging_mixin.py:188} INFO - [2024-07-27T20:14:37.346+0000] {dag.py:3947} INFO - Setting next_dagrun for example_task_group_decorator to 2024-07-26 00:00:00+00:00, run_after=2024-07-27 00:00:00+00:00
[2024-07-27T20:14:37.354+0000] {processor.py:183} INFO - Processing /home/airflow/.local/lib/python3.12/site-packages/airflow/example_dags/example_task_group_decorator.py took 0.080 seconds
[2024-07-27T20:15:07.976+0000] {processor.py:161} INFO - Started process (PID=694) to work on /home/airflow/.local/lib/python3.12/site-packages/airflow/example_dags/example_task_group_decorator.py
[2024-07-27T20:15:07.977+0000] {processor.py:830} INFO - Processing file /home/airflow/.local/lib/python3.12/site-packages/airflow/example_dags/example_task_group_decorator.py for tasks to queue
[2024-07-27T20:15:07.978+0000] {logging_mixin.py:188} INFO - [2024-07-27T20:15:07.978+0000] {dagbag.py:545} INFO - Filling up the DagBag from /home/airflow/.local/lib/python3.12/site-packages/airflow/example_dags/example_task_group_decorator.py
[2024-07-27T20:15:07.986+0000] {processor.py:840} INFO - DAG(s) 'example_task_group_decorator' retrieved from /home/airflow/.local/lib/python3.12/site-packages/airflow/example_dags/example_task_group_decorator.py
[2024-07-27T20:15:08.000+0000] {logging_mixin.py:188} INFO - [2024-07-27T20:15:07.999+0000] {dag.py:3089} INFO - Sync 1 DAGs
[2024-07-27T20:15:08.010+0000] {logging_mixin.py:188} INFO - [2024-07-27T20:15:08.010+0000] {dag.py:3947} INFO - Setting next_dagrun for example_task_group_decorator to 2024-07-26 00:00:00+00:00, run_after=2024-07-27 00:00:00+00:00
[2024-07-27T20:15:08.019+0000] {processor.py:183} INFO - Processing /home/airflow/.local/lib/python3.12/site-packages/airflow/example_dags/example_task_group_decorator.py took 0.046 seconds
[2024-07-27T20:15:38.487+0000] {processor.py:161} INFO - Started process (PID=956) to work on /home/airflow/.local/lib/python3.12/site-packages/airflow/example_dags/example_task_group_decorator.py
[2024-07-27T20:15:38.488+0000] {processor.py:830} INFO - Processing file /home/airflow/.local/lib/python3.12/site-packages/airflow/example_dags/example_task_group_decorator.py for tasks to queue
[2024-07-27T20:15:38.489+0000] {logging_mixin.py:188} INFO - [2024-07-27T20:15:38.489+0000] {dagbag.py:545} INFO - Filling up the DagBag from /home/airflow/.local/lib/python3.12/site-packages/airflow/example_dags/example_task_group_decorator.py
[2024-07-27T20:15:38.498+0000] {processor.py:840} INFO - DAG(s) 'example_task_group_decorator' retrieved from /home/airflow/.local/lib/python3.12/site-packages/airflow/example_dags/example_task_group_decorator.py
[2024-07-27T20:15:38.510+0000] {logging_mixin.py:188} INFO - [2024-07-27T20:15:38.510+0000] {dag.py:3089} INFO - Sync 1 DAGs
[2024-07-27T20:15:38.520+0000] {logging_mixin.py:188} INFO - [2024-07-27T20:15:38.520+0000] {dag.py:3947} INFO - Setting next_dagrun for example_task_group_decorator to 2024-07-26 00:00:00+00:00, run_after=2024-07-27 00:00:00+00:00
[2024-07-27T20:15:38.528+0000] {processor.py:183} INFO - Processing /home/airflow/.local/lib/python3.12/site-packages/airflow/example_dags/example_task_group_decorator.py took 0.045 seconds
[2024-07-27T20:16:08.683+0000] {processor.py:161} INFO - Started process (PID=1218) to work on /home/airflow/.local/lib/python3.12/site-packages/airflow/example_dags/example_task_group_decorator.py
[2024-07-27T20:16:08.684+0000] {processor.py:830} INFO - Processing file /home/airflow/.local/lib/python3.12/site-packages/airflow/example_dags/example_task_group_decorator.py for tasks to queue
[2024-07-27T20:16:08.685+0000] {logging_mixin.py:188} INFO - [2024-07-27T20:16:08.685+0000] {dagbag.py:545} INFO - Filling up the DagBag from /home/airflow/.local/lib/python3.12/site-packages/airflow/example_dags/example_task_group_decorator.py
[2024-07-27T20:16:08.692+0000] {processor.py:840} INFO - DAG(s) 'example_task_group_decorator' retrieved from /home/airflow/.local/lib/python3.12/site-packages/airflow/example_dags/example_task_group_decorator.py
[2024-07-27T20:16:08.705+0000] {logging_mixin.py:188} INFO - [2024-07-27T20:16:08.705+0000] {dag.py:3089} INFO - Sync 1 DAGs
[2024-07-27T20:16:08.715+0000] {logging_mixin.py:188} INFO - [2024-07-27T20:16:08.715+0000] {dag.py:3947} INFO - Setting next_dagrun for example_task_group_decorator to 2024-07-26 00:00:00+00:00, run_after=2024-07-27 00:00:00+00:00
[2024-07-27T20:16:08.724+0000] {processor.py:183} INFO - Processing /home/airflow/.local/lib/python3.12/site-packages/airflow/example_dags/example_task_group_decorator.py took 0.044 seconds
[2024-07-27T20:16:38.987+0000] {processor.py:161} INFO - Started process (PID=1480) to work on /home/airflow/.local/lib/python3.12/site-packages/airflow/example_dags/example_task_group_decorator.py
[2024-07-27T20:16:38.988+0000] {processor.py:830} INFO - Processing file /home/airflow/.local/lib/python3.12/site-packages/airflow/example_dags/example_task_group_decorator.py for tasks to queue
[2024-07-27T20:16:38.990+0000] {logging_mixin.py:188} INFO - [2024-07-27T20:16:38.990+0000] {dagbag.py:545} INFO - Filling up the DagBag from /home/airflow/.local/lib/python3.12/site-packages/airflow/example_dags/example_task_group_decorator.py
[2024-07-27T20:16:38.998+0000] {processor.py:840} INFO - DAG(s) 'example_task_group_decorator' retrieved from /home/airflow/.local/lib/python3.12/site-packages/airflow/example_dags/example_task_group_decorator.py
[2024-07-27T20:16:39.010+0000] {logging_mixin.py:188} INFO - [2024-07-27T20:16:39.010+0000] {dag.py:3089} INFO - Sync 1 DAGs
[2024-07-27T20:16:39.019+0000] {logging_mixin.py:188} INFO - [2024-07-27T20:16:39.019+0000] {dag.py:3947} INFO - Setting next_dagrun for example_task_group_decorator to 2024-07-26 00:00:00+00:00, run_after=2024-07-27 00:00:00+00:00
[2024-07-27T20:16:39.029+0000] {processor.py:183} INFO - Processing /home/airflow/.local/lib/python3.12/site-packages/airflow/example_dags/example_task_group_decorator.py took 0.047 seconds
[2024-07-27T20:17:09.285+0000] {processor.py:161} INFO - Started process (PID=1742) to work on /home/airflow/.local/lib/python3.12/site-packages/airflow/example_dags/example_task_group_decorator.py
[2024-07-27T20:17:09.285+0000] {processor.py:830} INFO - Processing file /home/airflow/.local/lib/python3.12/site-packages/airflow/example_dags/example_task_group_decorator.py for tasks to queue
[2024-07-27T20:17:09.287+0000] {logging_mixin.py:188} INFO - [2024-07-27T20:17:09.287+0000] {dagbag.py:545} INFO - Filling up the DagBag from /home/airflow/.local/lib/python3.12/site-packages/airflow/example_dags/example_task_group_decorator.py
[2024-07-27T20:17:09.294+0000] {processor.py:840} INFO - DAG(s) 'example_task_group_decorator' retrieved from /home/airflow/.local/lib/python3.12/site-packages/airflow/example_dags/example_task_group_decorator.py
[2024-07-27T20:17:09.307+0000] {logging_mixin.py:188} INFO - [2024-07-27T20:17:09.307+0000] {dag.py:3089} INFO - Sync 1 DAGs
[2024-07-27T20:17:09.316+0000] {logging_mixin.py:188} INFO - [2024-07-27T20:17:09.316+0000] {dag.py:3947} INFO - Setting next_dagrun for example_task_group_decorator to 2024-07-26 00:00:00+00:00, run_after=2024-07-27 00:00:00+00:00
[2024-07-27T20:17:09.324+0000] {processor.py:183} INFO - Processing /home/airflow/.local/lib/python3.12/site-packages/airflow/example_dags/example_task_group_decorator.py took 0.043 seconds
[2024-07-27T21:59:58.155+0000] {processor.py:161} INFO - Started process (PID=1996) to work on /home/airflow/.local/lib/python3.12/site-packages/airflow/example_dags/example_task_group_decorator.py
[2024-07-27T21:59:58.158+0000] {processor.py:830} INFO - Processing file /home/airflow/.local/lib/python3.12/site-packages/airflow/example_dags/example_task_group_decorator.py for tasks to queue
[2024-07-27T21:59:58.161+0000] {logging_mixin.py:188} INFO - [2024-07-27T21:59:58.160+0000] {dagbag.py:545} INFO - Filling up the DagBag from /home/airflow/.local/lib/python3.12/site-packages/airflow/example_dags/example_task_group_decorator.py
[2024-07-27T21:59:58.187+0000] {processor.py:840} INFO - DAG(s) 'example_task_group_decorator' retrieved from /home/airflow/.local/lib/python3.12/site-packages/airflow/example_dags/example_task_group_decorator.py
[2024-07-27T21:59:58.208+0000] {logging_mixin.py:188} INFO - [2024-07-27T21:59:58.208+0000] {dag.py:3089} INFO - Sync 1 DAGs
[2024-07-27T21:59:58.225+0000] {logging_mixin.py:188} INFO - [2024-07-27T21:59:58.225+0000] {dag.py:3947} INFO - Setting next_dagrun for example_task_group_decorator to 2024-07-26 00:00:00+00:00, run_after=2024-07-27 00:00:00+00:00
[2024-07-27T21:59:58.239+0000] {processor.py:183} INFO - Processing /home/airflow/.local/lib/python3.12/site-packages/airflow/example_dags/example_task_group_decorator.py took 0.090 seconds
[2024-07-27T22:00:28.672+0000] {processor.py:161} INFO - Started process (PID=2255) to work on /home/airflow/.local/lib/python3.12/site-packages/airflow/example_dags/example_task_group_decorator.py
[2024-07-27T22:00:28.673+0000] {processor.py:830} INFO - Processing file /home/airflow/.local/lib/python3.12/site-packages/airflow/example_dags/example_task_group_decorator.py for tasks to queue
[2024-07-27T22:00:28.674+0000] {logging_mixin.py:188} INFO - [2024-07-27T22:00:28.673+0000] {dagbag.py:545} INFO - Filling up the DagBag from /home/airflow/.local/lib/python3.12/site-packages/airflow/example_dags/example_task_group_decorator.py
[2024-07-27T22:00:28.684+0000] {processor.py:840} INFO - DAG(s) 'example_task_group_decorator' retrieved from /home/airflow/.local/lib/python3.12/site-packages/airflow/example_dags/example_task_group_decorator.py
[2024-07-27T22:00:28.698+0000] {logging_mixin.py:188} INFO - [2024-07-27T22:00:28.698+0000] {dag.py:3089} INFO - Sync 1 DAGs
[2024-07-27T22:00:28.708+0000] {logging_mixin.py:188} INFO - [2024-07-27T22:00:28.708+0000] {dag.py:3947} INFO - Setting next_dagrun for example_task_group_decorator to 2024-07-26 00:00:00+00:00, run_after=2024-07-27 00:00:00+00:00
[2024-07-27T22:00:28.717+0000] {processor.py:183} INFO - Processing /home/airflow/.local/lib/python3.12/site-packages/airflow/example_dags/example_task_group_decorator.py took 0.050 seconds
[2024-07-27T22:00:58.808+0000] {processor.py:161} INFO - Started process (PID=2521) to work on /home/airflow/.local/lib/python3.12/site-packages/airflow/example_dags/example_task_group_decorator.py
[2024-07-27T22:00:58.809+0000] {processor.py:830} INFO - Processing file /home/airflow/.local/lib/python3.12/site-packages/airflow/example_dags/example_task_group_decorator.py for tasks to queue
[2024-07-27T22:00:58.810+0000] {logging_mixin.py:188} INFO - [2024-07-27T22:00:58.810+0000] {dagbag.py:545} INFO - Filling up the DagBag from /home/airflow/.local/lib/python3.12/site-packages/airflow/example_dags/example_task_group_decorator.py
[2024-07-27T22:00:58.817+0000] {processor.py:840} INFO - DAG(s) 'example_task_group_decorator' retrieved from /home/airflow/.local/lib/python3.12/site-packages/airflow/example_dags/example_task_group_decorator.py
[2024-07-27T22:00:58.830+0000] {logging_mixin.py:188} INFO - [2024-07-27T22:00:58.830+0000] {dag.py:3089} INFO - Sync 1 DAGs
[2024-07-27T22:00:58.841+0000] {logging_mixin.py:188} INFO - [2024-07-27T22:00:58.841+0000] {dag.py:3947} INFO - Setting next_dagrun for example_task_group_decorator to 2024-07-26 00:00:00+00:00, run_after=2024-07-27 00:00:00+00:00
[2024-07-27T22:00:58.849+0000] {processor.py:183} INFO - Processing /home/airflow/.local/lib/python3.12/site-packages/airflow/example_dags/example_task_group_decorator.py took 0.044 seconds
[2024-07-27T22:01:29.063+0000] {processor.py:161} INFO - Started process (PID=2783) to work on /home/airflow/.local/lib/python3.12/site-packages/airflow/example_dags/example_task_group_decorator.py
[2024-07-27T22:01:29.064+0000] {processor.py:830} INFO - Processing file /home/airflow/.local/lib/python3.12/site-packages/airflow/example_dags/example_task_group_decorator.py for tasks to queue
[2024-07-27T22:01:29.065+0000] {logging_mixin.py:188} INFO - [2024-07-27T22:01:29.065+0000] {dagbag.py:545} INFO - Filling up the DagBag from /home/airflow/.local/lib/python3.12/site-packages/airflow/example_dags/example_task_group_decorator.py
[2024-07-27T22:01:29.073+0000] {processor.py:840} INFO - DAG(s) 'example_task_group_decorator' retrieved from /home/airflow/.local/lib/python3.12/site-packages/airflow/example_dags/example_task_group_decorator.py
[2024-07-27T22:01:29.089+0000] {logging_mixin.py:188} INFO - [2024-07-27T22:01:29.089+0000] {dag.py:3089} INFO - Sync 1 DAGs
[2024-07-27T22:01:29.101+0000] {logging_mixin.py:188} INFO - [2024-07-27T22:01:29.101+0000] {dag.py:3947} INFO - Setting next_dagrun for example_task_group_decorator to 2024-07-26 00:00:00+00:00, run_after=2024-07-27 00:00:00+00:00
[2024-07-27T22:01:29.109+0000] {processor.py:183} INFO - Processing /home/airflow/.local/lib/python3.12/site-packages/airflow/example_dags/example_task_group_decorator.py took 0.050 seconds
[2024-07-27T22:01:59.457+0000] {processor.py:161} INFO - Started process (PID=3045) to work on /home/airflow/.local/lib/python3.12/site-packages/airflow/example_dags/example_task_group_decorator.py
[2024-07-27T22:01:59.458+0000] {processor.py:830} INFO - Processing file /home/airflow/.local/lib/python3.12/site-packages/airflow/example_dags/example_task_group_decorator.py for tasks to queue
[2024-07-27T22:01:59.459+0000] {logging_mixin.py:188} INFO - [2024-07-27T22:01:59.459+0000] {dagbag.py:545} INFO - Filling up the DagBag from /home/airflow/.local/lib/python3.12/site-packages/airflow/example_dags/example_task_group_decorator.py
[2024-07-27T22:01:59.469+0000] {processor.py:840} INFO - DAG(s) 'example_task_group_decorator' retrieved from /home/airflow/.local/lib/python3.12/site-packages/airflow/example_dags/example_task_group_decorator.py
[2024-07-27T22:01:59.483+0000] {logging_mixin.py:188} INFO - [2024-07-27T22:01:59.483+0000] {dag.py:3089} INFO - Sync 1 DAGs
[2024-07-27T22:01:59.500+0000] {logging_mixin.py:188} INFO - [2024-07-27T22:01:59.500+0000] {dag.py:3947} INFO - Setting next_dagrun for example_task_group_decorator to 2024-07-26 00:00:00+00:00, run_after=2024-07-27 00:00:00+00:00
[2024-07-27T22:01:59.514+0000] {processor.py:183} INFO - Processing /home/airflow/.local/lib/python3.12/site-packages/airflow/example_dags/example_task_group_decorator.py took 0.060 seconds
[2024-07-27T22:02:29.902+0000] {processor.py:161} INFO - Started process (PID=3308) to work on /home/airflow/.local/lib/python3.12/site-packages/airflow/example_dags/example_task_group_decorator.py
[2024-07-27T22:02:29.904+0000] {processor.py:830} INFO - Processing file /home/airflow/.local/lib/python3.12/site-packages/airflow/example_dags/example_task_group_decorator.py for tasks to queue
[2024-07-27T22:02:29.906+0000] {logging_mixin.py:188} INFO - [2024-07-27T22:02:29.906+0000] {dagbag.py:545} INFO - Filling up the DagBag from /home/airflow/.local/lib/python3.12/site-packages/airflow/example_dags/example_task_group_decorator.py
[2024-07-27T22:02:29.916+0000] {processor.py:840} INFO - DAG(s) 'example_task_group_decorator' retrieved from /home/airflow/.local/lib/python3.12/site-packages/airflow/example_dags/example_task_group_decorator.py
[2024-07-27T22:02:29.944+0000] {logging_mixin.py:188} INFO - [2024-07-27T22:02:29.944+0000] {dag.py:3089} INFO - Sync 1 DAGs
[2024-07-27T22:02:29.961+0000] {logging_mixin.py:188} INFO - [2024-07-27T22:02:29.961+0000] {dag.py:3947} INFO - Setting next_dagrun for example_task_group_decorator to 2024-07-26 00:00:00+00:00, run_after=2024-07-27 00:00:00+00:00
[2024-07-27T22:02:29.975+0000] {processor.py:183} INFO - Processing /home/airflow/.local/lib/python3.12/site-packages/airflow/example_dags/example_task_group_decorator.py took 0.078 seconds
[2024-07-27T22:03:00.496+0000] {processor.py:161} INFO - Started process (PID=3571) to work on /home/airflow/.local/lib/python3.12/site-packages/airflow/example_dags/example_task_group_decorator.py
[2024-07-27T22:03:00.496+0000] {processor.py:830} INFO - Processing file /home/airflow/.local/lib/python3.12/site-packages/airflow/example_dags/example_task_group_decorator.py for tasks to queue
[2024-07-27T22:03:00.498+0000] {logging_mixin.py:188} INFO - [2024-07-27T22:03:00.498+0000] {dagbag.py:545} INFO - Filling up the DagBag from /home/airflow/.local/lib/python3.12/site-packages/airflow/example_dags/example_task_group_decorator.py
[2024-07-27T22:03:00.516+0000] {processor.py:840} INFO - DAG(s) 'example_task_group_decorator' retrieved from /home/airflow/.local/lib/python3.12/site-packages/airflow/example_dags/example_task_group_decorator.py
[2024-07-27T22:03:00.532+0000] {logging_mixin.py:188} INFO - [2024-07-27T22:03:00.532+0000] {dag.py:3089} INFO - Sync 1 DAGs
[2024-07-27T22:03:00.547+0000] {logging_mixin.py:188} INFO - [2024-07-27T22:03:00.547+0000] {dag.py:3947} INFO - Setting next_dagrun for example_task_group_decorator to 2024-07-26 00:00:00+00:00, run_after=2024-07-27 00:00:00+00:00
[2024-07-27T22:03:00.558+0000] {processor.py:183} INFO - Processing /home/airflow/.local/lib/python3.12/site-packages/airflow/example_dags/example_task_group_decorator.py took 0.067 seconds
[2024-07-27T22:03:31.184+0000] {processor.py:161} INFO - Started process (PID=3833) to work on /home/airflow/.local/lib/python3.12/site-packages/airflow/example_dags/example_task_group_decorator.py
[2024-07-27T22:03:31.186+0000] {processor.py:830} INFO - Processing file /home/airflow/.local/lib/python3.12/site-packages/airflow/example_dags/example_task_group_decorator.py for tasks to queue
[2024-07-27T22:03:31.188+0000] {logging_mixin.py:188} INFO - [2024-07-27T22:03:31.187+0000] {dagbag.py:545} INFO - Filling up the DagBag from /home/airflow/.local/lib/python3.12/site-packages/airflow/example_dags/example_task_group_decorator.py
[2024-07-27T22:03:31.206+0000] {processor.py:840} INFO - DAG(s) 'example_task_group_decorator' retrieved from /home/airflow/.local/lib/python3.12/site-packages/airflow/example_dags/example_task_group_decorator.py
[2024-07-27T22:03:31.227+0000] {logging_mixin.py:188} INFO - [2024-07-27T22:03:31.226+0000] {dag.py:3089} INFO - Sync 1 DAGs
[2024-07-27T22:03:31.247+0000] {logging_mixin.py:188} INFO - [2024-07-27T22:03:31.247+0000] {dag.py:3947} INFO - Setting next_dagrun for example_task_group_decorator to 2024-07-26 00:00:00+00:00, run_after=2024-07-27 00:00:00+00:00
[2024-07-27T22:03:31.266+0000] {processor.py:183} INFO - Processing /home/airflow/.local/lib/python3.12/site-packages/airflow/example_dags/example_task_group_decorator.py took 0.089 seconds
[2024-07-27T22:04:01.551+0000] {processor.py:161} INFO - Started process (PID=4097) to work on /home/airflow/.local/lib/python3.12/site-packages/airflow/example_dags/example_task_group_decorator.py
[2024-07-27T22:04:01.552+0000] {processor.py:830} INFO - Processing file /home/airflow/.local/lib/python3.12/site-packages/airflow/example_dags/example_task_group_decorator.py for tasks to queue
[2024-07-27T22:04:01.553+0000] {logging_mixin.py:188} INFO - [2024-07-27T22:04:01.553+0000] {dagbag.py:545} INFO - Filling up the DagBag from /home/airflow/.local/lib/python3.12/site-packages/airflow/example_dags/example_task_group_decorator.py
[2024-07-27T22:04:01.563+0000] {processor.py:840} INFO - DAG(s) 'example_task_group_decorator' retrieved from /home/airflow/.local/lib/python3.12/site-packages/airflow/example_dags/example_task_group_decorator.py
[2024-07-27T22:04:01.575+0000] {logging_mixin.py:188} INFO - [2024-07-27T22:04:01.575+0000] {dag.py:3089} INFO - Sync 1 DAGs
[2024-07-27T22:04:01.585+0000] {logging_mixin.py:188} INFO - [2024-07-27T22:04:01.585+0000] {dag.py:3947} INFO - Setting next_dagrun for example_task_group_decorator to 2024-07-26 00:00:00+00:00, run_after=2024-07-27 00:00:00+00:00
[2024-07-27T22:04:01.595+0000] {processor.py:183} INFO - Processing /home/airflow/.local/lib/python3.12/site-packages/airflow/example_dags/example_task_group_decorator.py took 0.048 seconds
[2024-07-27T22:04:32.016+0000] {processor.py:161} INFO - Started process (PID=4359) to work on /home/airflow/.local/lib/python3.12/site-packages/airflow/example_dags/example_task_group_decorator.py
[2024-07-27T22:04:32.016+0000] {processor.py:830} INFO - Processing file /home/airflow/.local/lib/python3.12/site-packages/airflow/example_dags/example_task_group_decorator.py for tasks to queue
[2024-07-27T22:04:32.017+0000] {logging_mixin.py:188} INFO - [2024-07-27T22:04:32.017+0000] {dagbag.py:545} INFO - Filling up the DagBag from /home/airflow/.local/lib/python3.12/site-packages/airflow/example_dags/example_task_group_decorator.py
[2024-07-27T22:04:32.025+0000] {processor.py:840} INFO - DAG(s) 'example_task_group_decorator' retrieved from /home/airflow/.local/lib/python3.12/site-packages/airflow/example_dags/example_task_group_decorator.py
[2024-07-27T22:04:32.038+0000] {logging_mixin.py:188} INFO - [2024-07-27T22:04:32.038+0000] {dag.py:3089} INFO - Sync 1 DAGs
[2024-07-27T22:04:32.047+0000] {logging_mixin.py:188} INFO - [2024-07-27T22:04:32.047+0000] {dag.py:3947} INFO - Setting next_dagrun for example_task_group_decorator to 2024-07-26 00:00:00+00:00, run_after=2024-07-27 00:00:00+00:00
[2024-07-27T22:04:32.055+0000] {processor.py:183} INFO - Processing /home/airflow/.local/lib/python3.12/site-packages/airflow/example_dags/example_task_group_decorator.py took 0.043 seconds
[2024-07-27T22:05:02.399+0000] {processor.py:161} INFO - Started process (PID=4620) to work on /home/airflow/.local/lib/python3.12/site-packages/airflow/example_dags/example_task_group_decorator.py
[2024-07-27T22:05:02.400+0000] {processor.py:830} INFO - Processing file /home/airflow/.local/lib/python3.12/site-packages/airflow/example_dags/example_task_group_decorator.py for tasks to queue
[2024-07-27T22:05:02.401+0000] {logging_mixin.py:188} INFO - [2024-07-27T22:05:02.401+0000] {dagbag.py:545} INFO - Filling up the DagBag from /home/airflow/.local/lib/python3.12/site-packages/airflow/example_dags/example_task_group_decorator.py
[2024-07-27T22:05:02.410+0000] {processor.py:840} INFO - DAG(s) 'example_task_group_decorator' retrieved from /home/airflow/.local/lib/python3.12/site-packages/airflow/example_dags/example_task_group_decorator.py
[2024-07-27T22:05:02.423+0000] {logging_mixin.py:188} INFO - [2024-07-27T22:05:02.423+0000] {dag.py:3089} INFO - Sync 1 DAGs
[2024-07-27T22:05:02.434+0000] {logging_mixin.py:188} INFO - [2024-07-27T22:05:02.434+0000] {dag.py:3947} INFO - Setting next_dagrun for example_task_group_decorator to 2024-07-26 00:00:00+00:00, run_after=2024-07-27 00:00:00+00:00
[2024-07-27T22:05:02.443+0000] {processor.py:183} INFO - Processing /home/airflow/.local/lib/python3.12/site-packages/airflow/example_dags/example_task_group_decorator.py took 0.048 seconds
[2024-07-27T22:05:32.575+0000] {processor.py:161} INFO - Started process (PID=4882) to work on /home/airflow/.local/lib/python3.12/site-packages/airflow/example_dags/example_task_group_decorator.py
[2024-07-27T22:05:32.576+0000] {processor.py:830} INFO - Processing file /home/airflow/.local/lib/python3.12/site-packages/airflow/example_dags/example_task_group_decorator.py for tasks to queue
[2024-07-27T22:05:32.578+0000] {logging_mixin.py:188} INFO - [2024-07-27T22:05:32.578+0000] {dagbag.py:545} INFO - Filling up the DagBag from /home/airflow/.local/lib/python3.12/site-packages/airflow/example_dags/example_task_group_decorator.py
[2024-07-27T22:05:32.592+0000] {processor.py:840} INFO - DAG(s) 'example_task_group_decorator' retrieved from /home/airflow/.local/lib/python3.12/site-packages/airflow/example_dags/example_task_group_decorator.py
[2024-07-27T22:05:32.606+0000] {logging_mixin.py:188} INFO - [2024-07-27T22:05:32.605+0000] {dag.py:3089} INFO - Sync 1 DAGs
[2024-07-27T22:05:32.616+0000] {logging_mixin.py:188} INFO - [2024-07-27T22:05:32.616+0000] {dag.py:3947} INFO - Setting next_dagrun for example_task_group_decorator to 2024-07-26 00:00:00+00:00, run_after=2024-07-27 00:00:00+00:00
[2024-07-27T22:05:32.625+0000] {processor.py:183} INFO - Processing /home/airflow/.local/lib/python3.12/site-packages/airflow/example_dags/example_task_group_decorator.py took 0.053 seconds
[2024-07-27T22:06:02.827+0000] {processor.py:161} INFO - Started process (PID=5143) to work on /home/airflow/.local/lib/python3.12/site-packages/airflow/example_dags/example_task_group_decorator.py
[2024-07-27T22:06:02.827+0000] {processor.py:830} INFO - Processing file /home/airflow/.local/lib/python3.12/site-packages/airflow/example_dags/example_task_group_decorator.py for tasks to queue
[2024-07-27T22:06:02.828+0000] {logging_mixin.py:188} INFO - [2024-07-27T22:06:02.828+0000] {dagbag.py:545} INFO - Filling up the DagBag from /home/airflow/.local/lib/python3.12/site-packages/airflow/example_dags/example_task_group_decorator.py
[2024-07-27T22:06:02.836+0000] {processor.py:840} INFO - DAG(s) 'example_task_group_decorator' retrieved from /home/airflow/.local/lib/python3.12/site-packages/airflow/example_dags/example_task_group_decorator.py
[2024-07-27T22:06:02.853+0000] {logging_mixin.py:188} INFO - [2024-07-27T22:06:02.852+0000] {dag.py:3089} INFO - Sync 1 DAGs
[2024-07-27T22:06:02.863+0000] {logging_mixin.py:188} INFO - [2024-07-27T22:06:02.863+0000] {dag.py:3947} INFO - Setting next_dagrun for example_task_group_decorator to 2024-07-26 00:00:00+00:00, run_after=2024-07-27 00:00:00+00:00
[2024-07-27T22:06:02.871+0000] {processor.py:183} INFO - Processing /home/airflow/.local/lib/python3.12/site-packages/airflow/example_dags/example_task_group_decorator.py took 0.048 seconds
[2024-07-27T22:06:33.151+0000] {processor.py:161} INFO - Started process (PID=5405) to work on /home/airflow/.local/lib/python3.12/site-packages/airflow/example_dags/example_task_group_decorator.py
[2024-07-27T22:06:33.152+0000] {processor.py:830} INFO - Processing file /home/airflow/.local/lib/python3.12/site-packages/airflow/example_dags/example_task_group_decorator.py for tasks to queue
[2024-07-27T22:06:33.153+0000] {logging_mixin.py:188} INFO - [2024-07-27T22:06:33.153+0000] {dagbag.py:545} INFO - Filling up the DagBag from /home/airflow/.local/lib/python3.12/site-packages/airflow/example_dags/example_task_group_decorator.py
[2024-07-27T22:06:33.170+0000] {processor.py:840} INFO - DAG(s) 'example_task_group_decorator' retrieved from /home/airflow/.local/lib/python3.12/site-packages/airflow/example_dags/example_task_group_decorator.py
[2024-07-27T22:06:33.194+0000] {logging_mixin.py:188} INFO - [2024-07-27T22:06:33.194+0000] {dag.py:3089} INFO - Sync 1 DAGs
[2024-07-27T22:06:33.215+0000] {logging_mixin.py:188} INFO - [2024-07-27T22:06:33.215+0000] {dag.py:3947} INFO - Setting next_dagrun for example_task_group_decorator to 2024-07-26 00:00:00+00:00, run_after=2024-07-27 00:00:00+00:00
[2024-07-27T22:06:33.226+0000] {processor.py:183} INFO - Processing /home/airflow/.local/lib/python3.12/site-packages/airflow/example_dags/example_task_group_decorator.py took 0.078 seconds
[2024-07-27T22:07:03.492+0000] {processor.py:161} INFO - Started process (PID=5667) to work on /home/airflow/.local/lib/python3.12/site-packages/airflow/example_dags/example_task_group_decorator.py
[2024-07-27T22:07:03.493+0000] {processor.py:830} INFO - Processing file /home/airflow/.local/lib/python3.12/site-packages/airflow/example_dags/example_task_group_decorator.py for tasks to queue
[2024-07-27T22:07:03.494+0000] {logging_mixin.py:188} INFO - [2024-07-27T22:07:03.494+0000] {dagbag.py:545} INFO - Filling up the DagBag from /home/airflow/.local/lib/python3.12/site-packages/airflow/example_dags/example_task_group_decorator.py
[2024-07-27T22:07:03.502+0000] {processor.py:840} INFO - DAG(s) 'example_task_group_decorator' retrieved from /home/airflow/.local/lib/python3.12/site-packages/airflow/example_dags/example_task_group_decorator.py
[2024-07-27T22:07:03.515+0000] {logging_mixin.py:188} INFO - [2024-07-27T22:07:03.514+0000] {dag.py:3089} INFO - Sync 1 DAGs
[2024-07-27T22:07:03.525+0000] {logging_mixin.py:188} INFO - [2024-07-27T22:07:03.525+0000] {dag.py:3947} INFO - Setting next_dagrun for example_task_group_decorator to 2024-07-26 00:00:00+00:00, run_after=2024-07-27 00:00:00+00:00
[2024-07-27T22:07:03.533+0000] {processor.py:183} INFO - Processing /home/airflow/.local/lib/python3.12/site-packages/airflow/example_dags/example_task_group_decorator.py took 0.044 seconds
[2024-07-27T22:07:33.780+0000] {processor.py:161} INFO - Started process (PID=5929) to work on /home/airflow/.local/lib/python3.12/site-packages/airflow/example_dags/example_task_group_decorator.py
[2024-07-27T22:07:33.781+0000] {processor.py:830} INFO - Processing file /home/airflow/.local/lib/python3.12/site-packages/airflow/example_dags/example_task_group_decorator.py for tasks to queue
[2024-07-27T22:07:33.782+0000] {logging_mixin.py:188} INFO - [2024-07-27T22:07:33.782+0000] {dagbag.py:545} INFO - Filling up the DagBag from /home/airflow/.local/lib/python3.12/site-packages/airflow/example_dags/example_task_group_decorator.py
[2024-07-27T22:07:33.790+0000] {processor.py:840} INFO - DAG(s) 'example_task_group_decorator' retrieved from /home/airflow/.local/lib/python3.12/site-packages/airflow/example_dags/example_task_group_decorator.py
[2024-07-27T22:07:33.804+0000] {logging_mixin.py:188} INFO - [2024-07-27T22:07:33.804+0000] {dag.py:3089} INFO - Sync 1 DAGs
[2024-07-27T22:07:33.815+0000] {logging_mixin.py:188} INFO - [2024-07-27T22:07:33.815+0000] {dag.py:3947} INFO - Setting next_dagrun for example_task_group_decorator to 2024-07-26 00:00:00+00:00, run_after=2024-07-27 00:00:00+00:00
[2024-07-27T22:07:33.824+0000] {processor.py:183} INFO - Processing /home/airflow/.local/lib/python3.12/site-packages/airflow/example_dags/example_task_group_decorator.py took 0.047 seconds
[2024-07-27T22:08:03.887+0000] {processor.py:161} INFO - Started process (PID=6189) to work on /home/airflow/.local/lib/python3.12/site-packages/airflow/example_dags/example_task_group_decorator.py
[2024-07-27T22:08:03.888+0000] {processor.py:830} INFO - Processing file /home/airflow/.local/lib/python3.12/site-packages/airflow/example_dags/example_task_group_decorator.py for tasks to queue
[2024-07-27T22:08:03.890+0000] {logging_mixin.py:188} INFO - [2024-07-27T22:08:03.890+0000] {dagbag.py:545} INFO - Filling up the DagBag from /home/airflow/.local/lib/python3.12/site-packages/airflow/example_dags/example_task_group_decorator.py
[2024-07-27T22:08:03.900+0000] {processor.py:840} INFO - DAG(s) 'example_task_group_decorator' retrieved from /home/airflow/.local/lib/python3.12/site-packages/airflow/example_dags/example_task_group_decorator.py
[2024-07-27T22:08:03.913+0000] {logging_mixin.py:188} INFO - [2024-07-27T22:08:03.913+0000] {dag.py:3089} INFO - Sync 1 DAGs
[2024-07-27T22:08:03.926+0000] {logging_mixin.py:188} INFO - [2024-07-27T22:08:03.926+0000] {dag.py:3947} INFO - Setting next_dagrun for example_task_group_decorator to 2024-07-26 00:00:00+00:00, run_after=2024-07-27 00:00:00+00:00
[2024-07-27T22:08:03.936+0000] {processor.py:183} INFO - Processing /home/airflow/.local/lib/python3.12/site-packages/airflow/example_dags/example_task_group_decorator.py took 0.057 seconds
[2024-07-27T22:08:34.239+0000] {processor.py:161} INFO - Started process (PID=6453) to work on /home/airflow/.local/lib/python3.12/site-packages/airflow/example_dags/example_task_group_decorator.py
[2024-07-27T22:08:34.240+0000] {processor.py:830} INFO - Processing file /home/airflow/.local/lib/python3.12/site-packages/airflow/example_dags/example_task_group_decorator.py for tasks to queue
[2024-07-27T22:08:34.241+0000] {logging_mixin.py:188} INFO - [2024-07-27T22:08:34.240+0000] {dagbag.py:545} INFO - Filling up the DagBag from /home/airflow/.local/lib/python3.12/site-packages/airflow/example_dags/example_task_group_decorator.py
[2024-07-27T22:08:34.248+0000] {processor.py:840} INFO - DAG(s) 'example_task_group_decorator' retrieved from /home/airflow/.local/lib/python3.12/site-packages/airflow/example_dags/example_task_group_decorator.py
[2024-07-27T22:08:34.263+0000] {logging_mixin.py:188} INFO - [2024-07-27T22:08:34.263+0000] {dag.py:3089} INFO - Sync 1 DAGs
[2024-07-27T22:08:34.276+0000] {logging_mixin.py:188} INFO - [2024-07-27T22:08:34.276+0000] {dag.py:3947} INFO - Setting next_dagrun for example_task_group_decorator to 2024-07-26 00:00:00+00:00, run_after=2024-07-27 00:00:00+00:00
[2024-07-27T22:08:34.284+0000] {processor.py:183} INFO - Processing /home/airflow/.local/lib/python3.12/site-packages/airflow/example_dags/example_task_group_decorator.py took 0.049 seconds
[2024-07-27T22:09:05.007+0000] {processor.py:161} INFO - Started process (PID=6715) to work on /home/airflow/.local/lib/python3.12/site-packages/airflow/example_dags/example_task_group_decorator.py
[2024-07-27T22:09:05.008+0000] {processor.py:830} INFO - Processing file /home/airflow/.local/lib/python3.12/site-packages/airflow/example_dags/example_task_group_decorator.py for tasks to queue
[2024-07-27T22:09:05.010+0000] {logging_mixin.py:188} INFO - [2024-07-27T22:09:05.009+0000] {dagbag.py:545} INFO - Filling up the DagBag from /home/airflow/.local/lib/python3.12/site-packages/airflow/example_dags/example_task_group_decorator.py
[2024-07-27T22:09:05.019+0000] {processor.py:840} INFO - DAG(s) 'example_task_group_decorator' retrieved from /home/airflow/.local/lib/python3.12/site-packages/airflow/example_dags/example_task_group_decorator.py
[2024-07-27T22:09:05.032+0000] {logging_mixin.py:188} INFO - [2024-07-27T22:09:05.032+0000] {dag.py:3089} INFO - Sync 1 DAGs
[2024-07-27T22:09:05.042+0000] {logging_mixin.py:188} INFO - [2024-07-27T22:09:05.042+0000] {dag.py:3947} INFO - Setting next_dagrun for example_task_group_decorator to 2024-07-26 00:00:00+00:00, run_after=2024-07-27 00:00:00+00:00
[2024-07-27T22:09:05.051+0000] {processor.py:183} INFO - Processing /home/airflow/.local/lib/python3.12/site-packages/airflow/example_dags/example_task_group_decorator.py took 0.047 seconds
[2024-07-27T22:09:35.236+0000] {processor.py:161} INFO - Started process (PID=6977) to work on /home/airflow/.local/lib/python3.12/site-packages/airflow/example_dags/example_task_group_decorator.py
[2024-07-27T22:09:35.237+0000] {processor.py:830} INFO - Processing file /home/airflow/.local/lib/python3.12/site-packages/airflow/example_dags/example_task_group_decorator.py for tasks to queue
[2024-07-27T22:09:35.238+0000] {logging_mixin.py:188} INFO - [2024-07-27T22:09:35.238+0000] {dagbag.py:545} INFO - Filling up the DagBag from /home/airflow/.local/lib/python3.12/site-packages/airflow/example_dags/example_task_group_decorator.py
[2024-07-27T22:09:35.248+0000] {processor.py:840} INFO - DAG(s) 'example_task_group_decorator' retrieved from /home/airflow/.local/lib/python3.12/site-packages/airflow/example_dags/example_task_group_decorator.py
[2024-07-27T22:09:35.260+0000] {logging_mixin.py:188} INFO - [2024-07-27T22:09:35.260+0000] {dag.py:3089} INFO - Sync 1 DAGs
[2024-07-27T22:09:35.271+0000] {logging_mixin.py:188} INFO - [2024-07-27T22:09:35.270+0000] {dag.py:3947} INFO - Setting next_dagrun for example_task_group_decorator to 2024-07-26 00:00:00+00:00, run_after=2024-07-27 00:00:00+00:00
[2024-07-27T22:09:35.279+0000] {processor.py:183} INFO - Processing /home/airflow/.local/lib/python3.12/site-packages/airflow/example_dags/example_task_group_decorator.py took 0.047 seconds
[2024-07-27T22:10:05.552+0000] {processor.py:161} INFO - Started process (PID=7239) to work on /home/airflow/.local/lib/python3.12/site-packages/airflow/example_dags/example_task_group_decorator.py
[2024-07-27T22:10:05.552+0000] {processor.py:830} INFO - Processing file /home/airflow/.local/lib/python3.12/site-packages/airflow/example_dags/example_task_group_decorator.py for tasks to queue
[2024-07-27T22:10:05.553+0000] {logging_mixin.py:188} INFO - [2024-07-27T22:10:05.553+0000] {dagbag.py:545} INFO - Filling up the DagBag from /home/airflow/.local/lib/python3.12/site-packages/airflow/example_dags/example_task_group_decorator.py
[2024-07-27T22:10:05.562+0000] {processor.py:840} INFO - DAG(s) 'example_task_group_decorator' retrieved from /home/airflow/.local/lib/python3.12/site-packages/airflow/example_dags/example_task_group_decorator.py
[2024-07-27T22:10:05.578+0000] {logging_mixin.py:188} INFO - [2024-07-27T22:10:05.578+0000] {dag.py:3089} INFO - Sync 1 DAGs
[2024-07-27T22:10:05.588+0000] {logging_mixin.py:188} INFO - [2024-07-27T22:10:05.587+0000] {dag.py:3947} INFO - Setting next_dagrun for example_task_group_decorator to 2024-07-26 00:00:00+00:00, run_after=2024-07-27 00:00:00+00:00
[2024-07-27T22:10:05.595+0000] {processor.py:183} INFO - Processing /home/airflow/.local/lib/python3.12/site-packages/airflow/example_dags/example_task_group_decorator.py took 0.048 seconds
[2024-07-27T22:10:35.751+0000] {processor.py:161} INFO - Started process (PID=7500) to work on /home/airflow/.local/lib/python3.12/site-packages/airflow/example_dags/example_task_group_decorator.py
[2024-07-27T22:10:35.752+0000] {processor.py:830} INFO - Processing file /home/airflow/.local/lib/python3.12/site-packages/airflow/example_dags/example_task_group_decorator.py for tasks to queue
[2024-07-27T22:10:35.753+0000] {logging_mixin.py:188} INFO - [2024-07-27T22:10:35.753+0000] {dagbag.py:545} INFO - Filling up the DagBag from /home/airflow/.local/lib/python3.12/site-packages/airflow/example_dags/example_task_group_decorator.py
[2024-07-27T22:10:35.760+0000] {processor.py:840} INFO - DAG(s) 'example_task_group_decorator' retrieved from /home/airflow/.local/lib/python3.12/site-packages/airflow/example_dags/example_task_group_decorator.py
[2024-07-27T22:10:35.774+0000] {logging_mixin.py:188} INFO - [2024-07-27T22:10:35.774+0000] {dag.py:3089} INFO - Sync 1 DAGs
[2024-07-27T22:10:35.785+0000] {logging_mixin.py:188} INFO - [2024-07-27T22:10:35.784+0000] {dag.py:3947} INFO - Setting next_dagrun for example_task_group_decorator to 2024-07-26 00:00:00+00:00, run_after=2024-07-27 00:00:00+00:00
[2024-07-27T22:10:35.793+0000] {processor.py:183} INFO - Processing /home/airflow/.local/lib/python3.12/site-packages/airflow/example_dags/example_task_group_decorator.py took 0.045 seconds
[2024-07-27T22:11:05.972+0000] {processor.py:161} INFO - Started process (PID=7763) to work on /home/airflow/.local/lib/python3.12/site-packages/airflow/example_dags/example_task_group_decorator.py
[2024-07-27T22:11:05.972+0000] {processor.py:830} INFO - Processing file /home/airflow/.local/lib/python3.12/site-packages/airflow/example_dags/example_task_group_decorator.py for tasks to queue
[2024-07-27T22:11:05.973+0000] {logging_mixin.py:188} INFO - [2024-07-27T22:11:05.973+0000] {dagbag.py:545} INFO - Filling up the DagBag from /home/airflow/.local/lib/python3.12/site-packages/airflow/example_dags/example_task_group_decorator.py
[2024-07-27T22:11:05.981+0000] {processor.py:840} INFO - DAG(s) 'example_task_group_decorator' retrieved from /home/airflow/.local/lib/python3.12/site-packages/airflow/example_dags/example_task_group_decorator.py
[2024-07-27T22:11:05.993+0000] {logging_mixin.py:188} INFO - [2024-07-27T22:11:05.993+0000] {dag.py:3089} INFO - Sync 1 DAGs
[2024-07-27T22:11:06.003+0000] {logging_mixin.py:188} INFO - [2024-07-27T22:11:06.003+0000] {dag.py:3947} INFO - Setting next_dagrun for example_task_group_decorator to 2024-07-26 00:00:00+00:00, run_after=2024-07-27 00:00:00+00:00
[2024-07-27T22:11:06.010+0000] {processor.py:183} INFO - Processing /home/airflow/.local/lib/python3.12/site-packages/airflow/example_dags/example_task_group_decorator.py took 0.042 seconds
[2024-07-27T22:11:36.265+0000] {processor.py:161} INFO - Started process (PID=8025) to work on /home/airflow/.local/lib/python3.12/site-packages/airflow/example_dags/example_task_group_decorator.py
[2024-07-27T22:11:36.266+0000] {processor.py:830} INFO - Processing file /home/airflow/.local/lib/python3.12/site-packages/airflow/example_dags/example_task_group_decorator.py for tasks to queue
[2024-07-27T22:11:36.267+0000] {logging_mixin.py:188} INFO - [2024-07-27T22:11:36.266+0000] {dagbag.py:545} INFO - Filling up the DagBag from /home/airflow/.local/lib/python3.12/site-packages/airflow/example_dags/example_task_group_decorator.py
[2024-07-27T22:11:36.275+0000] {processor.py:840} INFO - DAG(s) 'example_task_group_decorator' retrieved from /home/airflow/.local/lib/python3.12/site-packages/airflow/example_dags/example_task_group_decorator.py
[2024-07-27T22:11:36.288+0000] {logging_mixin.py:188} INFO - [2024-07-27T22:11:36.287+0000] {dag.py:3089} INFO - Sync 1 DAGs
[2024-07-27T22:11:36.298+0000] {logging_mixin.py:188} INFO - [2024-07-27T22:11:36.298+0000] {dag.py:3947} INFO - Setting next_dagrun for example_task_group_decorator to 2024-07-26 00:00:00+00:00, run_after=2024-07-27 00:00:00+00:00
[2024-07-27T22:11:36.307+0000] {processor.py:183} INFO - Processing /home/airflow/.local/lib/python3.12/site-packages/airflow/example_dags/example_task_group_decorator.py took 0.046 seconds
[2024-07-27T22:12:06.634+0000] {processor.py:161} INFO - Started process (PID=8288) to work on /home/airflow/.local/lib/python3.12/site-packages/airflow/example_dags/example_task_group_decorator.py
[2024-07-27T22:12:06.635+0000] {processor.py:830} INFO - Processing file /home/airflow/.local/lib/python3.12/site-packages/airflow/example_dags/example_task_group_decorator.py for tasks to queue
[2024-07-27T22:12:06.636+0000] {logging_mixin.py:188} INFO - [2024-07-27T22:12:06.636+0000] {dagbag.py:545} INFO - Filling up the DagBag from /home/airflow/.local/lib/python3.12/site-packages/airflow/example_dags/example_task_group_decorator.py
[2024-07-27T22:12:06.645+0000] {processor.py:840} INFO - DAG(s) 'example_task_group_decorator' retrieved from /home/airflow/.local/lib/python3.12/site-packages/airflow/example_dags/example_task_group_decorator.py
[2024-07-27T22:12:06.658+0000] {logging_mixin.py:188} INFO - [2024-07-27T22:12:06.658+0000] {dag.py:3089} INFO - Sync 1 DAGs
[2024-07-27T22:12:06.672+0000] {logging_mixin.py:188} INFO - [2024-07-27T22:12:06.671+0000] {dag.py:3947} INFO - Setting next_dagrun for example_task_group_decorator to 2024-07-26 00:00:00+00:00, run_after=2024-07-27 00:00:00+00:00
[2024-07-27T22:12:06.681+0000] {processor.py:183} INFO - Processing /home/airflow/.local/lib/python3.12/site-packages/airflow/example_dags/example_task_group_decorator.py took 0.052 seconds
[2024-07-27T22:12:37.078+0000] {processor.py:161} INFO - Started process (PID=8550) to work on /home/airflow/.local/lib/python3.12/site-packages/airflow/example_dags/example_task_group_decorator.py
[2024-07-27T22:12:37.079+0000] {processor.py:830} INFO - Processing file /home/airflow/.local/lib/python3.12/site-packages/airflow/example_dags/example_task_group_decorator.py for tasks to queue
[2024-07-27T22:12:37.080+0000] {logging_mixin.py:188} INFO - [2024-07-27T22:12:37.080+0000] {dagbag.py:545} INFO - Filling up the DagBag from /home/airflow/.local/lib/python3.12/site-packages/airflow/example_dags/example_task_group_decorator.py
[2024-07-27T22:12:37.087+0000] {processor.py:840} INFO - DAG(s) 'example_task_group_decorator' retrieved from /home/airflow/.local/lib/python3.12/site-packages/airflow/example_dags/example_task_group_decorator.py
[2024-07-27T22:12:37.100+0000] {logging_mixin.py:188} INFO - [2024-07-27T22:12:37.100+0000] {dag.py:3089} INFO - Sync 1 DAGs
[2024-07-27T22:12:37.110+0000] {logging_mixin.py:188} INFO - [2024-07-27T22:12:37.109+0000] {dag.py:3947} INFO - Setting next_dagrun for example_task_group_decorator to 2024-07-26 00:00:00+00:00, run_after=2024-07-27 00:00:00+00:00
[2024-07-27T22:12:37.119+0000] {processor.py:183} INFO - Processing /home/airflow/.local/lib/python3.12/site-packages/airflow/example_dags/example_task_group_decorator.py took 0.044 seconds
[2024-07-27T22:13:07.296+0000] {processor.py:161} INFO - Started process (PID=8810) to work on /home/airflow/.local/lib/python3.12/site-packages/airflow/example_dags/example_task_group_decorator.py
[2024-07-27T22:13:07.297+0000] {processor.py:830} INFO - Processing file /home/airflow/.local/lib/python3.12/site-packages/airflow/example_dags/example_task_group_decorator.py for tasks to queue
[2024-07-27T22:13:07.299+0000] {logging_mixin.py:188} INFO - [2024-07-27T22:13:07.299+0000] {dagbag.py:545} INFO - Filling up the DagBag from /home/airflow/.local/lib/python3.12/site-packages/airflow/example_dags/example_task_group_decorator.py
[2024-07-27T22:13:07.317+0000] {processor.py:840} INFO - DAG(s) 'example_task_group_decorator' retrieved from /home/airflow/.local/lib/python3.12/site-packages/airflow/example_dags/example_task_group_decorator.py
[2024-07-27T22:13:07.331+0000] {logging_mixin.py:188} INFO - [2024-07-27T22:13:07.331+0000] {dag.py:3089} INFO - Sync 1 DAGs
[2024-07-27T22:13:07.341+0000] {logging_mixin.py:188} INFO - [2024-07-27T22:13:07.341+0000] {dag.py:3947} INFO - Setting next_dagrun for example_task_group_decorator to 2024-07-26 00:00:00+00:00, run_after=2024-07-27 00:00:00+00:00
[2024-07-27T22:13:07.350+0000] {processor.py:183} INFO - Processing /home/airflow/.local/lib/python3.12/site-packages/airflow/example_dags/example_task_group_decorator.py took 0.057 seconds
[2024-07-27T22:13:37.560+0000] {processor.py:161} INFO - Started process (PID=9074) to work on /home/airflow/.local/lib/python3.12/site-packages/airflow/example_dags/example_task_group_decorator.py
[2024-07-27T22:13:37.561+0000] {processor.py:830} INFO - Processing file /home/airflow/.local/lib/python3.12/site-packages/airflow/example_dags/example_task_group_decorator.py for tasks to queue
[2024-07-27T22:13:37.562+0000] {logging_mixin.py:188} INFO - [2024-07-27T22:13:37.562+0000] {dagbag.py:545} INFO - Filling up the DagBag from /home/airflow/.local/lib/python3.12/site-packages/airflow/example_dags/example_task_group_decorator.py
[2024-07-27T22:13:37.569+0000] {processor.py:840} INFO - DAG(s) 'example_task_group_decorator' retrieved from /home/airflow/.local/lib/python3.12/site-packages/airflow/example_dags/example_task_group_decorator.py
[2024-07-27T22:13:37.581+0000] {logging_mixin.py:188} INFO - [2024-07-27T22:13:37.581+0000] {dag.py:3089} INFO - Sync 1 DAGs
[2024-07-27T22:13:37.591+0000] {logging_mixin.py:188} INFO - [2024-07-27T22:13:37.590+0000] {dag.py:3947} INFO - Setting next_dagrun for example_task_group_decorator to 2024-07-26 00:00:00+00:00, run_after=2024-07-27 00:00:00+00:00
[2024-07-27T22:13:37.598+0000] {processor.py:183} INFO - Processing /home/airflow/.local/lib/python3.12/site-packages/airflow/example_dags/example_task_group_decorator.py took 0.042 seconds
[2024-07-27T22:14:07.875+0000] {processor.py:161} INFO - Started process (PID=9336) to work on /home/airflow/.local/lib/python3.12/site-packages/airflow/example_dags/example_task_group_decorator.py
[2024-07-27T22:14:07.877+0000] {processor.py:830} INFO - Processing file /home/airflow/.local/lib/python3.12/site-packages/airflow/example_dags/example_task_group_decorator.py for tasks to queue
[2024-07-27T22:14:07.879+0000] {logging_mixin.py:188} INFO - [2024-07-27T22:14:07.878+0000] {dagbag.py:545} INFO - Filling up the DagBag from /home/airflow/.local/lib/python3.12/site-packages/airflow/example_dags/example_task_group_decorator.py
[2024-07-27T22:14:07.887+0000] {processor.py:840} INFO - DAG(s) 'example_task_group_decorator' retrieved from /home/airflow/.local/lib/python3.12/site-packages/airflow/example_dags/example_task_group_decorator.py
[2024-07-27T22:14:07.900+0000] {logging_mixin.py:188} INFO - [2024-07-27T22:14:07.900+0000] {dag.py:3089} INFO - Sync 1 DAGs
[2024-07-27T22:14:07.910+0000] {logging_mixin.py:188} INFO - [2024-07-27T22:14:07.910+0000] {dag.py:3947} INFO - Setting next_dagrun for example_task_group_decorator to 2024-07-26 00:00:00+00:00, run_after=2024-07-27 00:00:00+00:00
[2024-07-27T22:14:07.919+0000] {processor.py:183} INFO - Processing /home/airflow/.local/lib/python3.12/site-packages/airflow/example_dags/example_task_group_decorator.py took 0.050 seconds
[2024-07-27T22:14:38.366+0000] {processor.py:161} INFO - Started process (PID=9597) to work on /home/airflow/.local/lib/python3.12/site-packages/airflow/example_dags/example_task_group_decorator.py
[2024-07-27T22:14:38.367+0000] {processor.py:830} INFO - Processing file /home/airflow/.local/lib/python3.12/site-packages/airflow/example_dags/example_task_group_decorator.py for tasks to queue
[2024-07-27T22:14:38.368+0000] {logging_mixin.py:188} INFO - [2024-07-27T22:14:38.368+0000] {dagbag.py:545} INFO - Filling up the DagBag from /home/airflow/.local/lib/python3.12/site-packages/airflow/example_dags/example_task_group_decorator.py
[2024-07-27T22:14:38.376+0000] {processor.py:840} INFO - DAG(s) 'example_task_group_decorator' retrieved from /home/airflow/.local/lib/python3.12/site-packages/airflow/example_dags/example_task_group_decorator.py
[2024-07-27T22:14:38.393+0000] {logging_mixin.py:188} INFO - [2024-07-27T22:14:38.393+0000] {dag.py:3089} INFO - Sync 1 DAGs
[2024-07-27T22:14:38.405+0000] {logging_mixin.py:188} INFO - [2024-07-27T22:14:38.405+0000] {dag.py:3947} INFO - Setting next_dagrun for example_task_group_decorator to 2024-07-26 00:00:00+00:00, run_after=2024-07-27 00:00:00+00:00
[2024-07-27T22:14:38.414+0000] {processor.py:183} INFO - Processing /home/airflow/.local/lib/python3.12/site-packages/airflow/example_dags/example_task_group_decorator.py took 0.052 seconds
[2024-07-27T22:15:08.626+0000] {processor.py:161} INFO - Started process (PID=9859) to work on /home/airflow/.local/lib/python3.12/site-packages/airflow/example_dags/example_task_group_decorator.py
[2024-07-27T22:15:08.627+0000] {processor.py:830} INFO - Processing file /home/airflow/.local/lib/python3.12/site-packages/airflow/example_dags/example_task_group_decorator.py for tasks to queue
[2024-07-27T22:15:08.629+0000] {logging_mixin.py:188} INFO - [2024-07-27T22:15:08.629+0000] {dagbag.py:545} INFO - Filling up the DagBag from /home/airflow/.local/lib/python3.12/site-packages/airflow/example_dags/example_task_group_decorator.py
[2024-07-27T22:15:08.637+0000] {processor.py:840} INFO - DAG(s) 'example_task_group_decorator' retrieved from /home/airflow/.local/lib/python3.12/site-packages/airflow/example_dags/example_task_group_decorator.py
[2024-07-27T22:15:08.652+0000] {logging_mixin.py:188} INFO - [2024-07-27T22:15:08.652+0000] {dag.py:3089} INFO - Sync 1 DAGs
[2024-07-27T22:15:08.664+0000] {logging_mixin.py:188} INFO - [2024-07-27T22:15:08.664+0000] {dag.py:3947} INFO - Setting next_dagrun for example_task_group_decorator to 2024-07-26 00:00:00+00:00, run_after=2024-07-27 00:00:00+00:00
[2024-07-27T22:15:08.675+0000] {processor.py:183} INFO - Processing /home/airflow/.local/lib/python3.12/site-packages/airflow/example_dags/example_task_group_decorator.py took 0.054 seconds
[2024-07-27T22:15:39.220+0000] {processor.py:161} INFO - Started process (PID=10122) to work on /home/airflow/.local/lib/python3.12/site-packages/airflow/example_dags/example_task_group_decorator.py
[2024-07-27T22:15:39.221+0000] {processor.py:830} INFO - Processing file /home/airflow/.local/lib/python3.12/site-packages/airflow/example_dags/example_task_group_decorator.py for tasks to queue
[2024-07-27T22:15:39.223+0000] {logging_mixin.py:188} INFO - [2024-07-27T22:15:39.223+0000] {dagbag.py:545} INFO - Filling up the DagBag from /home/airflow/.local/lib/python3.12/site-packages/airflow/example_dags/example_task_group_decorator.py
[2024-07-27T22:15:39.230+0000] {processor.py:840} INFO - DAG(s) 'example_task_group_decorator' retrieved from /home/airflow/.local/lib/python3.12/site-packages/airflow/example_dags/example_task_group_decorator.py
[2024-07-27T22:15:39.245+0000] {logging_mixin.py:188} INFO - [2024-07-27T22:15:39.245+0000] {dag.py:3089} INFO - Sync 1 DAGs
[2024-07-27T22:15:39.256+0000] {logging_mixin.py:188} INFO - [2024-07-27T22:15:39.256+0000] {dag.py:3947} INFO - Setting next_dagrun for example_task_group_decorator to 2024-07-26 00:00:00+00:00, run_after=2024-07-27 00:00:00+00:00
[2024-07-27T22:15:39.504+0000] {processor.py:183} INFO - Processing /home/airflow/.local/lib/python3.12/site-packages/airflow/example_dags/example_task_group_decorator.py took 0.289 seconds
[2024-07-27T22:16:10.405+0000] {processor.py:161} INFO - Started process (PID=10384) to work on /home/airflow/.local/lib/python3.12/site-packages/airflow/example_dags/example_task_group_decorator.py
[2024-07-27T22:16:10.407+0000] {processor.py:830} INFO - Processing file /home/airflow/.local/lib/python3.12/site-packages/airflow/example_dags/example_task_group_decorator.py for tasks to queue
[2024-07-27T22:16:10.409+0000] {logging_mixin.py:188} INFO - [2024-07-27T22:16:10.409+0000] {dagbag.py:545} INFO - Filling up the DagBag from /home/airflow/.local/lib/python3.12/site-packages/airflow/example_dags/example_task_group_decorator.py
[2024-07-27T22:16:10.425+0000] {processor.py:840} INFO - DAG(s) 'example_task_group_decorator' retrieved from /home/airflow/.local/lib/python3.12/site-packages/airflow/example_dags/example_task_group_decorator.py
[2024-07-27T22:16:10.441+0000] {logging_mixin.py:188} INFO - [2024-07-27T22:16:10.441+0000] {dag.py:3089} INFO - Sync 1 DAGs
[2024-07-27T22:16:10.453+0000] {logging_mixin.py:188} INFO - [2024-07-27T22:16:10.453+0000] {dag.py:3947} INFO - Setting next_dagrun for example_task_group_decorator to 2024-07-26 00:00:00+00:00, run_after=2024-07-27 00:00:00+00:00
[2024-07-27T22:16:10.467+0000] {processor.py:183} INFO - Processing /home/airflow/.local/lib/python3.12/site-packages/airflow/example_dags/example_task_group_decorator.py took 0.070 seconds
[2024-07-27T22:16:40.602+0000] {processor.py:161} INFO - Started process (PID=10647) to work on /home/airflow/.local/lib/python3.12/site-packages/airflow/example_dags/example_task_group_decorator.py
[2024-07-27T22:16:40.603+0000] {processor.py:830} INFO - Processing file /home/airflow/.local/lib/python3.12/site-packages/airflow/example_dags/example_task_group_decorator.py for tasks to queue
[2024-07-27T22:16:40.605+0000] {logging_mixin.py:188} INFO - [2024-07-27T22:16:40.604+0000] {dagbag.py:545} INFO - Filling up the DagBag from /home/airflow/.local/lib/python3.12/site-packages/airflow/example_dags/example_task_group_decorator.py
[2024-07-27T22:16:40.613+0000] {processor.py:840} INFO - DAG(s) 'example_task_group_decorator' retrieved from /home/airflow/.local/lib/python3.12/site-packages/airflow/example_dags/example_task_group_decorator.py
[2024-07-27T22:16:40.626+0000] {logging_mixin.py:188} INFO - [2024-07-27T22:16:40.626+0000] {dag.py:3089} INFO - Sync 1 DAGs
[2024-07-27T22:16:40.637+0000] {logging_mixin.py:188} INFO - [2024-07-27T22:16:40.637+0000] {dag.py:3947} INFO - Setting next_dagrun for example_task_group_decorator to 2024-07-26 00:00:00+00:00, run_after=2024-07-27 00:00:00+00:00
[2024-07-27T22:16:40.646+0000] {processor.py:183} INFO - Processing /home/airflow/.local/lib/python3.12/site-packages/airflow/example_dags/example_task_group_decorator.py took 0.049 seconds
[2024-07-27T22:17:11.267+0000] {processor.py:161} INFO - Started process (PID=10909) to work on /home/airflow/.local/lib/python3.12/site-packages/airflow/example_dags/example_task_group_decorator.py
[2024-07-27T22:17:11.270+0000] {processor.py:830} INFO - Processing file /home/airflow/.local/lib/python3.12/site-packages/airflow/example_dags/example_task_group_decorator.py for tasks to queue
[2024-07-27T22:17:11.274+0000] {logging_mixin.py:188} INFO - [2024-07-27T22:17:11.273+0000] {dagbag.py:545} INFO - Filling up the DagBag from /home/airflow/.local/lib/python3.12/site-packages/airflow/example_dags/example_task_group_decorator.py
[2024-07-27T22:17:11.290+0000] {processor.py:840} INFO - DAG(s) 'example_task_group_decorator' retrieved from /home/airflow/.local/lib/python3.12/site-packages/airflow/example_dags/example_task_group_decorator.py
[2024-07-27T22:17:11.308+0000] {logging_mixin.py:188} INFO - [2024-07-27T22:17:11.307+0000] {dag.py:3089} INFO - Sync 1 DAGs
[2024-07-27T22:17:11.320+0000] {logging_mixin.py:188} INFO - [2024-07-27T22:17:11.320+0000] {dag.py:3947} INFO - Setting next_dagrun for example_task_group_decorator to 2024-07-26 00:00:00+00:00, run_after=2024-07-27 00:00:00+00:00
[2024-07-27T22:17:11.331+0000] {processor.py:183} INFO - Processing /home/airflow/.local/lib/python3.12/site-packages/airflow/example_dags/example_task_group_decorator.py took 0.077 seconds
[2024-07-27T22:17:42.249+0000] {processor.py:161} INFO - Started process (PID=11171) to work on /home/airflow/.local/lib/python3.12/site-packages/airflow/example_dags/example_task_group_decorator.py
[2024-07-27T22:17:42.250+0000] {processor.py:830} INFO - Processing file /home/airflow/.local/lib/python3.12/site-packages/airflow/example_dags/example_task_group_decorator.py for tasks to queue
[2024-07-27T22:17:42.255+0000] {logging_mixin.py:188} INFO - [2024-07-27T22:17:42.253+0000] {dagbag.py:545} INFO - Filling up the DagBag from /home/airflow/.local/lib/python3.12/site-packages/airflow/example_dags/example_task_group_decorator.py
[2024-07-27T22:17:42.274+0000] {processor.py:840} INFO - DAG(s) 'example_task_group_decorator' retrieved from /home/airflow/.local/lib/python3.12/site-packages/airflow/example_dags/example_task_group_decorator.py
[2024-07-27T22:17:42.317+0000] {logging_mixin.py:188} INFO - [2024-07-27T22:17:42.316+0000] {dag.py:3089} INFO - Sync 1 DAGs
[2024-07-27T22:17:42.460+0000] {logging_mixin.py:188} INFO - [2024-07-27T22:17:42.459+0000] {dag.py:3947} INFO - Setting next_dagrun for example_task_group_decorator to 2024-07-26 00:00:00+00:00, run_after=2024-07-27 00:00:00+00:00
[2024-07-27T22:17:42.474+0000] {processor.py:183} INFO - Processing /home/airflow/.local/lib/python3.12/site-packages/airflow/example_dags/example_task_group_decorator.py took 0.243 seconds
[2024-07-27T22:18:13.173+0000] {processor.py:161} INFO - Started process (PID=11439) to work on /home/airflow/.local/lib/python3.12/site-packages/airflow/example_dags/example_task_group_decorator.py
[2024-07-27T22:18:13.174+0000] {processor.py:830} INFO - Processing file /home/airflow/.local/lib/python3.12/site-packages/airflow/example_dags/example_task_group_decorator.py for tasks to queue
[2024-07-27T22:18:13.176+0000] {logging_mixin.py:188} INFO - [2024-07-27T22:18:13.176+0000] {dagbag.py:545} INFO - Filling up the DagBag from /home/airflow/.local/lib/python3.12/site-packages/airflow/example_dags/example_task_group_decorator.py
[2024-07-27T22:18:13.187+0000] {processor.py:840} INFO - DAG(s) 'example_task_group_decorator' retrieved from /home/airflow/.local/lib/python3.12/site-packages/airflow/example_dags/example_task_group_decorator.py
[2024-07-27T22:18:13.203+0000] {logging_mixin.py:188} INFO - [2024-07-27T22:18:13.203+0000] {dag.py:3089} INFO - Sync 1 DAGs
[2024-07-27T22:18:13.217+0000] {logging_mixin.py:188} INFO - [2024-07-27T22:18:13.216+0000] {dag.py:3947} INFO - Setting next_dagrun for example_task_group_decorator to 2024-07-26 00:00:00+00:00, run_after=2024-07-27 00:00:00+00:00
[2024-07-27T22:18:13.229+0000] {processor.py:183} INFO - Processing /home/airflow/.local/lib/python3.12/site-packages/airflow/example_dags/example_task_group_decorator.py took 0.063 seconds
[2024-07-27T22:18:43.359+0000] {processor.py:161} INFO - Started process (PID=11701) to work on /home/airflow/.local/lib/python3.12/site-packages/airflow/example_dags/example_task_group_decorator.py
[2024-07-27T22:18:43.361+0000] {processor.py:830} INFO - Processing file /home/airflow/.local/lib/python3.12/site-packages/airflow/example_dags/example_task_group_decorator.py for tasks to queue
[2024-07-27T22:18:43.363+0000] {logging_mixin.py:188} INFO - [2024-07-27T22:18:43.363+0000] {dagbag.py:545} INFO - Filling up the DagBag from /home/airflow/.local/lib/python3.12/site-packages/airflow/example_dags/example_task_group_decorator.py
[2024-07-27T22:18:43.378+0000] {processor.py:840} INFO - DAG(s) 'example_task_group_decorator' retrieved from /home/airflow/.local/lib/python3.12/site-packages/airflow/example_dags/example_task_group_decorator.py
[2024-07-27T22:18:43.396+0000] {logging_mixin.py:188} INFO - [2024-07-27T22:18:43.396+0000] {dag.py:3089} INFO - Sync 1 DAGs
[2024-07-27T22:18:43.411+0000] {logging_mixin.py:188} INFO - [2024-07-27T22:18:43.411+0000] {dag.py:3947} INFO - Setting next_dagrun for example_task_group_decorator to 2024-07-26 00:00:00+00:00, run_after=2024-07-27 00:00:00+00:00
[2024-07-27T22:18:43.422+0000] {processor.py:183} INFO - Processing /home/airflow/.local/lib/python3.12/site-packages/airflow/example_dags/example_task_group_decorator.py took 0.073 seconds
[2024-07-27T22:19:13.823+0000] {processor.py:161} INFO - Started process (PID=11963) to work on /home/airflow/.local/lib/python3.12/site-packages/airflow/example_dags/example_task_group_decorator.py
[2024-07-27T22:19:13.824+0000] {processor.py:830} INFO - Processing file /home/airflow/.local/lib/python3.12/site-packages/airflow/example_dags/example_task_group_decorator.py for tasks to queue
[2024-07-27T22:19:13.825+0000] {logging_mixin.py:188} INFO - [2024-07-27T22:19:13.825+0000] {dagbag.py:545} INFO - Filling up the DagBag from /home/airflow/.local/lib/python3.12/site-packages/airflow/example_dags/example_task_group_decorator.py
[2024-07-27T22:19:13.839+0000] {processor.py:840} INFO - DAG(s) 'example_task_group_decorator' retrieved from /home/airflow/.local/lib/python3.12/site-packages/airflow/example_dags/example_task_group_decorator.py
[2024-07-27T22:19:13.857+0000] {logging_mixin.py:188} INFO - [2024-07-27T22:19:13.857+0000] {dag.py:3089} INFO - Sync 1 DAGs
[2024-07-27T22:19:13.869+0000] {logging_mixin.py:188} INFO - [2024-07-27T22:19:13.869+0000] {dag.py:3947} INFO - Setting next_dagrun for example_task_group_decorator to 2024-07-26 00:00:00+00:00, run_after=2024-07-27 00:00:00+00:00
[2024-07-27T22:19:13.878+0000] {processor.py:183} INFO - Processing /home/airflow/.local/lib/python3.12/site-packages/airflow/example_dags/example_task_group_decorator.py took 0.060 seconds
[2024-07-27T22:19:43.952+0000] {processor.py:161} INFO - Started process (PID=12225) to work on /home/airflow/.local/lib/python3.12/site-packages/airflow/example_dags/example_task_group_decorator.py
[2024-07-27T22:19:43.954+0000] {processor.py:830} INFO - Processing file /home/airflow/.local/lib/python3.12/site-packages/airflow/example_dags/example_task_group_decorator.py for tasks to queue
[2024-07-27T22:19:43.955+0000] {logging_mixin.py:188} INFO - [2024-07-27T22:19:43.955+0000] {dagbag.py:545} INFO - Filling up the DagBag from /home/airflow/.local/lib/python3.12/site-packages/airflow/example_dags/example_task_group_decorator.py
[2024-07-27T22:19:43.963+0000] {processor.py:840} INFO - DAG(s) 'example_task_group_decorator' retrieved from /home/airflow/.local/lib/python3.12/site-packages/airflow/example_dags/example_task_group_decorator.py
[2024-07-27T22:19:43.978+0000] {logging_mixin.py:188} INFO - [2024-07-27T22:19:43.978+0000] {dag.py:3089} INFO - Sync 1 DAGs
[2024-07-27T22:19:43.998+0000] {logging_mixin.py:188} INFO - [2024-07-27T22:19:43.998+0000] {dag.py:3947} INFO - Setting next_dagrun for example_task_group_decorator to 2024-07-26 00:00:00+00:00, run_after=2024-07-27 00:00:00+00:00
[2024-07-27T22:19:44.009+0000] {processor.py:183} INFO - Processing /home/airflow/.local/lib/python3.12/site-packages/airflow/example_dags/example_task_group_decorator.py took 0.062 seconds
[2024-07-27T22:20:14.496+0000] {processor.py:161} INFO - Started process (PID=12492) to work on /home/airflow/.local/lib/python3.12/site-packages/airflow/example_dags/example_task_group_decorator.py
[2024-07-27T22:20:14.498+0000] {processor.py:830} INFO - Processing file /home/airflow/.local/lib/python3.12/site-packages/airflow/example_dags/example_task_group_decorator.py for tasks to queue
[2024-07-27T22:20:14.501+0000] {logging_mixin.py:188} INFO - [2024-07-27T22:20:14.500+0000] {dagbag.py:545} INFO - Filling up the DagBag from /home/airflow/.local/lib/python3.12/site-packages/airflow/example_dags/example_task_group_decorator.py
[2024-07-27T22:20:14.512+0000] {processor.py:840} INFO - DAG(s) 'example_task_group_decorator' retrieved from /home/airflow/.local/lib/python3.12/site-packages/airflow/example_dags/example_task_group_decorator.py
[2024-07-27T22:20:14.526+0000] {logging_mixin.py:188} INFO - [2024-07-27T22:20:14.526+0000] {dag.py:3089} INFO - Sync 1 DAGs
[2024-07-27T22:20:14.541+0000] {logging_mixin.py:188} INFO - [2024-07-27T22:20:14.540+0000] {dag.py:3947} INFO - Setting next_dagrun for example_task_group_decorator to 2024-07-26 00:00:00+00:00, run_after=2024-07-27 00:00:00+00:00
[2024-07-27T22:20:14.577+0000] {processor.py:183} INFO - Processing /home/airflow/.local/lib/python3.12/site-packages/airflow/example_dags/example_task_group_decorator.py took 0.090 seconds
[2024-07-27T22:20:44.830+0000] {processor.py:161} INFO - Started process (PID=12759) to work on /home/airflow/.local/lib/python3.12/site-packages/airflow/example_dags/example_task_group_decorator.py
[2024-07-27T22:20:44.832+0000] {processor.py:830} INFO - Processing file /home/airflow/.local/lib/python3.12/site-packages/airflow/example_dags/example_task_group_decorator.py for tasks to queue
[2024-07-27T22:20:44.835+0000] {logging_mixin.py:188} INFO - [2024-07-27T22:20:44.834+0000] {dagbag.py:545} INFO - Filling up the DagBag from /home/airflow/.local/lib/python3.12/site-packages/airflow/example_dags/example_task_group_decorator.py
[2024-07-27T22:20:44.851+0000] {processor.py:840} INFO - DAG(s) 'example_task_group_decorator' retrieved from /home/airflow/.local/lib/python3.12/site-packages/airflow/example_dags/example_task_group_decorator.py
[2024-07-27T22:20:44.870+0000] {logging_mixin.py:188} INFO - [2024-07-27T22:20:44.870+0000] {dag.py:3089} INFO - Sync 1 DAGs
[2024-07-27T22:20:44.883+0000] {logging_mixin.py:188} INFO - [2024-07-27T22:20:44.883+0000] {dag.py:3947} INFO - Setting next_dagrun for example_task_group_decorator to 2024-07-26 00:00:00+00:00, run_after=2024-07-27 00:00:00+00:00
[2024-07-27T22:20:44.892+0000] {processor.py:183} INFO - Processing /home/airflow/.local/lib/python3.12/site-packages/airflow/example_dags/example_task_group_decorator.py took 0.070 seconds
[2024-07-27T22:21:15.412+0000] {processor.py:161} INFO - Started process (PID=13026) to work on /home/airflow/.local/lib/python3.12/site-packages/airflow/example_dags/example_task_group_decorator.py
[2024-07-27T22:21:15.413+0000] {processor.py:830} INFO - Processing file /home/airflow/.local/lib/python3.12/site-packages/airflow/example_dags/example_task_group_decorator.py for tasks to queue
[2024-07-27T22:21:15.415+0000] {logging_mixin.py:188} INFO - [2024-07-27T22:21:15.414+0000] {dagbag.py:545} INFO - Filling up the DagBag from /home/airflow/.local/lib/python3.12/site-packages/airflow/example_dags/example_task_group_decorator.py
[2024-07-27T22:21:15.429+0000] {processor.py:840} INFO - DAG(s) 'example_task_group_decorator' retrieved from /home/airflow/.local/lib/python3.12/site-packages/airflow/example_dags/example_task_group_decorator.py
[2024-07-27T22:21:15.446+0000] {logging_mixin.py:188} INFO - [2024-07-27T22:21:15.446+0000] {dag.py:3089} INFO - Sync 1 DAGs
[2024-07-27T22:21:15.463+0000] {logging_mixin.py:188} INFO - [2024-07-27T22:21:15.463+0000] {dag.py:3947} INFO - Setting next_dagrun for example_task_group_decorator to 2024-07-26 00:00:00+00:00, run_after=2024-07-27 00:00:00+00:00
[2024-07-27T22:21:15.473+0000] {processor.py:183} INFO - Processing /home/airflow/.local/lib/python3.12/site-packages/airflow/example_dags/example_task_group_decorator.py took 0.069 seconds
[2024-07-27T22:21:45.778+0000] {processor.py:161} INFO - Started process (PID=13298) to work on /home/airflow/.local/lib/python3.12/site-packages/airflow/example_dags/example_task_group_decorator.py
[2024-07-27T22:21:45.780+0000] {processor.py:830} INFO - Processing file /home/airflow/.local/lib/python3.12/site-packages/airflow/example_dags/example_task_group_decorator.py for tasks to queue
[2024-07-27T22:21:45.782+0000] {logging_mixin.py:188} INFO - [2024-07-27T22:21:45.782+0000] {dagbag.py:545} INFO - Filling up the DagBag from /home/airflow/.local/lib/python3.12/site-packages/airflow/example_dags/example_task_group_decorator.py
[2024-07-27T22:21:45.794+0000] {processor.py:840} INFO - DAG(s) 'example_task_group_decorator' retrieved from /home/airflow/.local/lib/python3.12/site-packages/airflow/example_dags/example_task_group_decorator.py
[2024-07-27T22:21:45.811+0000] {logging_mixin.py:188} INFO - [2024-07-27T22:21:45.811+0000] {dag.py:3089} INFO - Sync 1 DAGs
[2024-07-27T22:21:45.823+0000] {logging_mixin.py:188} INFO - [2024-07-27T22:21:45.823+0000] {dag.py:3947} INFO - Setting next_dagrun for example_task_group_decorator to 2024-07-26 00:00:00+00:00, run_after=2024-07-27 00:00:00+00:00
[2024-07-27T22:21:45.833+0000] {processor.py:183} INFO - Processing /home/airflow/.local/lib/python3.12/site-packages/airflow/example_dags/example_task_group_decorator.py took 0.061 seconds
[2024-07-27T22:22:16.089+0000] {processor.py:161} INFO - Started process (PID=13565) to work on /home/airflow/.local/lib/python3.12/site-packages/airflow/example_dags/example_task_group_decorator.py
[2024-07-27T22:22:16.091+0000] {processor.py:830} INFO - Processing file /home/airflow/.local/lib/python3.12/site-packages/airflow/example_dags/example_task_group_decorator.py for tasks to queue
[2024-07-27T22:22:16.093+0000] {logging_mixin.py:188} INFO - [2024-07-27T22:22:16.093+0000] {dagbag.py:545} INFO - Filling up the DagBag from /home/airflow/.local/lib/python3.12/site-packages/airflow/example_dags/example_task_group_decorator.py
[2024-07-27T22:22:16.125+0000] {processor.py:840} INFO - DAG(s) 'example_task_group_decorator' retrieved from /home/airflow/.local/lib/python3.12/site-packages/airflow/example_dags/example_task_group_decorator.py
[2024-07-27T22:22:16.141+0000] {logging_mixin.py:188} INFO - [2024-07-27T22:22:16.141+0000] {dag.py:3089} INFO - Sync 1 DAGs
[2024-07-27T22:22:16.155+0000] {logging_mixin.py:188} INFO - [2024-07-27T22:22:16.155+0000] {dag.py:3947} INFO - Setting next_dagrun for example_task_group_decorator to 2024-07-26 00:00:00+00:00, run_after=2024-07-27 00:00:00+00:00
[2024-07-27T22:22:16.166+0000] {processor.py:183} INFO - Processing /home/airflow/.local/lib/python3.12/site-packages/airflow/example_dags/example_task_group_decorator.py took 0.089 seconds
[2024-07-27T22:22:46.536+0000] {processor.py:161} INFO - Started process (PID=13832) to work on /home/airflow/.local/lib/python3.12/site-packages/airflow/example_dags/example_task_group_decorator.py
[2024-07-27T22:22:46.538+0000] {processor.py:830} INFO - Processing file /home/airflow/.local/lib/python3.12/site-packages/airflow/example_dags/example_task_group_decorator.py for tasks to queue
[2024-07-27T22:22:46.540+0000] {logging_mixin.py:188} INFO - [2024-07-27T22:22:46.540+0000] {dagbag.py:545} INFO - Filling up the DagBag from /home/airflow/.local/lib/python3.12/site-packages/airflow/example_dags/example_task_group_decorator.py
[2024-07-27T22:22:46.551+0000] {processor.py:840} INFO - DAG(s) 'example_task_group_decorator' retrieved from /home/airflow/.local/lib/python3.12/site-packages/airflow/example_dags/example_task_group_decorator.py
[2024-07-27T22:22:46.566+0000] {logging_mixin.py:188} INFO - [2024-07-27T22:22:46.566+0000] {dag.py:3089} INFO - Sync 1 DAGs
[2024-07-27T22:22:46.579+0000] {logging_mixin.py:188} INFO - [2024-07-27T22:22:46.579+0000] {dag.py:3947} INFO - Setting next_dagrun for example_task_group_decorator to 2024-07-26 00:00:00+00:00, run_after=2024-07-27 00:00:00+00:00
[2024-07-27T22:22:46.591+0000] {processor.py:183} INFO - Processing /home/airflow/.local/lib/python3.12/site-packages/airflow/example_dags/example_task_group_decorator.py took 0.064 seconds
[2024-07-27T22:23:17.145+0000] {processor.py:161} INFO - Started process (PID=14120) to work on /home/airflow/.local/lib/python3.12/site-packages/airflow/example_dags/example_task_group_decorator.py
[2024-07-27T22:23:17.147+0000] {processor.py:830} INFO - Processing file /home/airflow/.local/lib/python3.12/site-packages/airflow/example_dags/example_task_group_decorator.py for tasks to queue
[2024-07-27T22:23:17.149+0000] {logging_mixin.py:188} INFO - [2024-07-27T22:23:17.149+0000] {dagbag.py:545} INFO - Filling up the DagBag from /home/airflow/.local/lib/python3.12/site-packages/airflow/example_dags/example_task_group_decorator.py
[2024-07-27T22:23:17.163+0000] {processor.py:840} INFO - DAG(s) 'example_task_group_decorator' retrieved from /home/airflow/.local/lib/python3.12/site-packages/airflow/example_dags/example_task_group_decorator.py
[2024-07-27T22:23:17.181+0000] {logging_mixin.py:188} INFO - [2024-07-27T22:23:17.181+0000] {dag.py:3089} INFO - Sync 1 DAGs
[2024-07-27T22:23:17.194+0000] {logging_mixin.py:188} INFO - [2024-07-27T22:23:17.193+0000] {dag.py:3947} INFO - Setting next_dagrun for example_task_group_decorator to 2024-07-26 00:00:00+00:00, run_after=2024-07-27 00:00:00+00:00
[2024-07-27T22:23:17.205+0000] {processor.py:183} INFO - Processing /home/airflow/.local/lib/python3.12/site-packages/airflow/example_dags/example_task_group_decorator.py took 0.067 seconds
[2024-07-27T22:23:47.487+0000] {processor.py:161} INFO - Started process (PID=14387) to work on /home/airflow/.local/lib/python3.12/site-packages/airflow/example_dags/example_task_group_decorator.py
[2024-07-27T22:23:47.489+0000] {processor.py:830} INFO - Processing file /home/airflow/.local/lib/python3.12/site-packages/airflow/example_dags/example_task_group_decorator.py for tasks to queue
[2024-07-27T22:23:47.492+0000] {logging_mixin.py:188} INFO - [2024-07-27T22:23:47.491+0000] {dagbag.py:545} INFO - Filling up the DagBag from /home/airflow/.local/lib/python3.12/site-packages/airflow/example_dags/example_task_group_decorator.py
[2024-07-27T22:23:47.509+0000] {processor.py:840} INFO - DAG(s) 'example_task_group_decorator' retrieved from /home/airflow/.local/lib/python3.12/site-packages/airflow/example_dags/example_task_group_decorator.py
[2024-07-27T22:23:47.532+0000] {logging_mixin.py:188} INFO - [2024-07-27T22:23:47.531+0000] {dag.py:3089} INFO - Sync 1 DAGs
[2024-07-27T22:23:47.545+0000] {logging_mixin.py:188} INFO - [2024-07-27T22:23:47.545+0000] {dag.py:3947} INFO - Setting next_dagrun for example_task_group_decorator to 2024-07-26 00:00:00+00:00, run_after=2024-07-27 00:00:00+00:00
[2024-07-27T22:23:47.557+0000] {processor.py:183} INFO - Processing /home/airflow/.local/lib/python3.12/site-packages/airflow/example_dags/example_task_group_decorator.py took 0.082 seconds
[2024-07-27T22:24:17.716+0000] {processor.py:161} INFO - Started process (PID=14654) to work on /home/airflow/.local/lib/python3.12/site-packages/airflow/example_dags/example_task_group_decorator.py
[2024-07-27T22:24:17.719+0000] {processor.py:830} INFO - Processing file /home/airflow/.local/lib/python3.12/site-packages/airflow/example_dags/example_task_group_decorator.py for tasks to queue
[2024-07-27T22:24:17.721+0000] {logging_mixin.py:188} INFO - [2024-07-27T22:24:17.721+0000] {dagbag.py:545} INFO - Filling up the DagBag from /home/airflow/.local/lib/python3.12/site-packages/airflow/example_dags/example_task_group_decorator.py
[2024-07-27T22:24:17.735+0000] {processor.py:840} INFO - DAG(s) 'example_task_group_decorator' retrieved from /home/airflow/.local/lib/python3.12/site-packages/airflow/example_dags/example_task_group_decorator.py
[2024-07-27T22:24:17.753+0000] {logging_mixin.py:188} INFO - [2024-07-27T22:24:17.752+0000] {dag.py:3089} INFO - Sync 1 DAGs
[2024-07-27T22:24:17.766+0000] {logging_mixin.py:188} INFO - [2024-07-27T22:24:17.766+0000] {dag.py:3947} INFO - Setting next_dagrun for example_task_group_decorator to 2024-07-26 00:00:00+00:00, run_after=2024-07-27 00:00:00+00:00
[2024-07-27T22:24:17.776+0000] {processor.py:183} INFO - Processing /home/airflow/.local/lib/python3.12/site-packages/airflow/example_dags/example_task_group_decorator.py took 0.070 seconds
[2024-07-27T22:24:47.888+0000] {processor.py:161} INFO - Started process (PID=14921) to work on /home/airflow/.local/lib/python3.12/site-packages/airflow/example_dags/example_task_group_decorator.py
[2024-07-27T22:24:47.891+0000] {processor.py:830} INFO - Processing file /home/airflow/.local/lib/python3.12/site-packages/airflow/example_dags/example_task_group_decorator.py for tasks to queue
[2024-07-27T22:24:47.895+0000] {logging_mixin.py:188} INFO - [2024-07-27T22:24:47.894+0000] {dagbag.py:545} INFO - Filling up the DagBag from /home/airflow/.local/lib/python3.12/site-packages/airflow/example_dags/example_task_group_decorator.py
[2024-07-27T22:24:47.911+0000] {processor.py:840} INFO - DAG(s) 'example_task_group_decorator' retrieved from /home/airflow/.local/lib/python3.12/site-packages/airflow/example_dags/example_task_group_decorator.py
[2024-07-27T22:24:47.929+0000] {logging_mixin.py:188} INFO - [2024-07-27T22:24:47.929+0000] {dag.py:3089} INFO - Sync 1 DAGs
[2024-07-27T22:24:47.944+0000] {logging_mixin.py:188} INFO - [2024-07-27T22:24:47.944+0000] {dag.py:3947} INFO - Setting next_dagrun for example_task_group_decorator to 2024-07-26 00:00:00+00:00, run_after=2024-07-27 00:00:00+00:00
[2024-07-27T22:24:47.955+0000] {processor.py:183} INFO - Processing /home/airflow/.local/lib/python3.12/site-packages/airflow/example_dags/example_task_group_decorator.py took 0.081 seconds
[2024-07-27T22:25:18.216+0000] {processor.py:161} INFO - Started process (PID=15188) to work on /home/airflow/.local/lib/python3.12/site-packages/airflow/example_dags/example_task_group_decorator.py
[2024-07-27T22:25:18.218+0000] {processor.py:830} INFO - Processing file /home/airflow/.local/lib/python3.12/site-packages/airflow/example_dags/example_task_group_decorator.py for tasks to queue
[2024-07-27T22:25:18.220+0000] {logging_mixin.py:188} INFO - [2024-07-27T22:25:18.219+0000] {dagbag.py:545} INFO - Filling up the DagBag from /home/airflow/.local/lib/python3.12/site-packages/airflow/example_dags/example_task_group_decorator.py
[2024-07-27T22:25:18.236+0000] {processor.py:840} INFO - DAG(s) 'example_task_group_decorator' retrieved from /home/airflow/.local/lib/python3.12/site-packages/airflow/example_dags/example_task_group_decorator.py
[2024-07-27T22:25:18.255+0000] {logging_mixin.py:188} INFO - [2024-07-27T22:25:18.255+0000] {dag.py:3089} INFO - Sync 1 DAGs
[2024-07-27T22:25:18.267+0000] {logging_mixin.py:188} INFO - [2024-07-27T22:25:18.267+0000] {dag.py:3947} INFO - Setting next_dagrun for example_task_group_decorator to 2024-07-26 00:00:00+00:00, run_after=2024-07-27 00:00:00+00:00
[2024-07-27T22:25:18.277+0000] {processor.py:183} INFO - Processing /home/airflow/.local/lib/python3.12/site-packages/airflow/example_dags/example_task_group_decorator.py took 0.068 seconds
[2024-07-27T22:25:48.491+0000] {processor.py:161} INFO - Started process (PID=15455) to work on /home/airflow/.local/lib/python3.12/site-packages/airflow/example_dags/example_task_group_decorator.py
[2024-07-27T22:25:48.493+0000] {processor.py:830} INFO - Processing file /home/airflow/.local/lib/python3.12/site-packages/airflow/example_dags/example_task_group_decorator.py for tasks to queue
[2024-07-27T22:25:48.495+0000] {logging_mixin.py:188} INFO - [2024-07-27T22:25:48.495+0000] {dagbag.py:545} INFO - Filling up the DagBag from /home/airflow/.local/lib/python3.12/site-packages/airflow/example_dags/example_task_group_decorator.py
[2024-07-27T22:25:48.507+0000] {processor.py:840} INFO - DAG(s) 'example_task_group_decorator' retrieved from /home/airflow/.local/lib/python3.12/site-packages/airflow/example_dags/example_task_group_decorator.py
[2024-07-27T22:25:48.521+0000] {logging_mixin.py:188} INFO - [2024-07-27T22:25:48.521+0000] {dag.py:3089} INFO - Sync 1 DAGs
[2024-07-27T22:25:48.533+0000] {logging_mixin.py:188} INFO - [2024-07-27T22:25:48.533+0000] {dag.py:3947} INFO - Setting next_dagrun for example_task_group_decorator to 2024-07-26 00:00:00+00:00, run_after=2024-07-27 00:00:00+00:00
[2024-07-27T22:25:48.543+0000] {processor.py:183} INFO - Processing /home/airflow/.local/lib/python3.12/site-packages/airflow/example_dags/example_task_group_decorator.py took 0.062 seconds
[2024-07-27T22:26:18.864+0000] {processor.py:161} INFO - Started process (PID=15727) to work on /home/airflow/.local/lib/python3.12/site-packages/airflow/example_dags/example_task_group_decorator.py
[2024-07-27T22:26:18.865+0000] {processor.py:830} INFO - Processing file /home/airflow/.local/lib/python3.12/site-packages/airflow/example_dags/example_task_group_decorator.py for tasks to queue
[2024-07-27T22:26:18.867+0000] {logging_mixin.py:188} INFO - [2024-07-27T22:26:18.867+0000] {dagbag.py:545} INFO - Filling up the DagBag from /home/airflow/.local/lib/python3.12/site-packages/airflow/example_dags/example_task_group_decorator.py
[2024-07-27T22:26:18.879+0000] {processor.py:840} INFO - DAG(s) 'example_task_group_decorator' retrieved from /home/airflow/.local/lib/python3.12/site-packages/airflow/example_dags/example_task_group_decorator.py
[2024-07-27T22:26:18.896+0000] {logging_mixin.py:188} INFO - [2024-07-27T22:26:18.896+0000] {dag.py:3089} INFO - Sync 1 DAGs
[2024-07-27T22:26:18.925+0000] {logging_mixin.py:188} INFO - [2024-07-27T22:26:18.925+0000] {dag.py:3947} INFO - Setting next_dagrun for example_task_group_decorator to 2024-07-26 00:00:00+00:00, run_after=2024-07-27 00:00:00+00:00
[2024-07-27T22:26:18.936+0000] {processor.py:183} INFO - Processing /home/airflow/.local/lib/python3.12/site-packages/airflow/example_dags/example_task_group_decorator.py took 0.079 seconds
[2024-07-27T22:55:20.049+0000] {processor.py:161} INFO - Started process (PID=15975) to work on /home/airflow/.local/lib/python3.12/site-packages/airflow/example_dags/example_task_group_decorator.py
[2024-07-27T22:55:20.050+0000] {processor.py:830} INFO - Processing file /home/airflow/.local/lib/python3.12/site-packages/airflow/example_dags/example_task_group_decorator.py for tasks to queue
[2024-07-27T22:55:20.051+0000] {logging_mixin.py:188} INFO - [2024-07-27T22:55:20.050+0000] {dagbag.py:545} INFO - Filling up the DagBag from /home/airflow/.local/lib/python3.12/site-packages/airflow/example_dags/example_task_group_decorator.py
[2024-07-27T22:55:20.059+0000] {processor.py:840} INFO - DAG(s) 'example_task_group_decorator' retrieved from /home/airflow/.local/lib/python3.12/site-packages/airflow/example_dags/example_task_group_decorator.py
[2024-07-27T22:55:20.076+0000] {logging_mixin.py:188} INFO - [2024-07-27T22:55:20.075+0000] {dag.py:3089} INFO - Sync 1 DAGs
[2024-07-27T22:55:20.089+0000] {logging_mixin.py:188} INFO - [2024-07-27T22:55:20.088+0000] {dag.py:3947} INFO - Setting next_dagrun for example_task_group_decorator to 2024-07-26 00:00:00+00:00, run_after=2024-07-27 00:00:00+00:00
[2024-07-27T22:55:20.102+0000] {processor.py:183} INFO - Processing /home/airflow/.local/lib/python3.12/site-packages/airflow/example_dags/example_task_group_decorator.py took 0.058 seconds
[2024-07-27T22:55:50.458+0000] {processor.py:161} INFO - Started process (PID=16243) to work on /home/airflow/.local/lib/python3.12/site-packages/airflow/example_dags/example_task_group_decorator.py
[2024-07-27T22:55:50.459+0000] {processor.py:830} INFO - Processing file /home/airflow/.local/lib/python3.12/site-packages/airflow/example_dags/example_task_group_decorator.py for tasks to queue
[2024-07-27T22:55:50.460+0000] {logging_mixin.py:188} INFO - [2024-07-27T22:55:50.460+0000] {dagbag.py:545} INFO - Filling up the DagBag from /home/airflow/.local/lib/python3.12/site-packages/airflow/example_dags/example_task_group_decorator.py
[2024-07-27T22:55:50.468+0000] {processor.py:840} INFO - DAG(s) 'example_task_group_decorator' retrieved from /home/airflow/.local/lib/python3.12/site-packages/airflow/example_dags/example_task_group_decorator.py
[2024-07-27T22:55:50.481+0000] {logging_mixin.py:188} INFO - [2024-07-27T22:55:50.481+0000] {dag.py:3089} INFO - Sync 1 DAGs
[2024-07-27T22:55:50.490+0000] {logging_mixin.py:188} INFO - [2024-07-27T22:55:50.490+0000] {dag.py:3947} INFO - Setting next_dagrun for example_task_group_decorator to 2024-07-26 00:00:00+00:00, run_after=2024-07-27 00:00:00+00:00
[2024-07-27T22:55:50.499+0000] {processor.py:183} INFO - Processing /home/airflow/.local/lib/python3.12/site-packages/airflow/example_dags/example_task_group_decorator.py took 0.044 seconds
