[2024-07-27T20:14:07.875+0000] {processor.py:161} INFO - Started process (PID=265) to work on /home/airflow/.local/lib/python3.12/site-packages/airflow/example_dags/example_trigger_target_dag.py
[2024-07-27T20:14:07.876+0000] {processor.py:830} INFO - Processing file /home/airflow/.local/lib/python3.12/site-packages/airflow/example_dags/example_trigger_target_dag.py for tasks to queue
[2024-07-27T20:14:07.877+0000] {logging_mixin.py:188} INFO - [2024-07-27T20:14:07.877+0000] {dagbag.py:545} INFO - Filling up the DagBag from /home/airflow/.local/lib/python3.12/site-packages/airflow/example_dags/example_trigger_target_dag.py
[2024-07-27T20:14:07.881+0000] {processor.py:840} INFO - DAG(s) 'example_trigger_target_dag' retrieved from /home/airflow/.local/lib/python3.12/site-packages/airflow/example_dags/example_trigger_target_dag.py
[2024-07-27T20:14:07.888+0000] {logging_mixin.py:188} INFO - [2024-07-27T20:14:07.888+0000] {dag.py:3089} INFO - Sync 1 DAGs
[2024-07-27T20:14:07.897+0000] {logging_mixin.py:188} INFO - [2024-07-27T20:14:07.896+0000] {dag.py:3947} INFO - Setting next_dagrun for example_trigger_target_dag to None, run_after=None
[2024-07-27T20:14:07.909+0000] {processor.py:183} INFO - Processing /home/airflow/.local/lib/python3.12/site-packages/airflow/example_dags/example_trigger_target_dag.py took 0.038 seconds
[2024-07-27T20:14:38.361+0000] {processor.py:161} INFO - Started process (PID=526) to work on /home/airflow/.local/lib/python3.12/site-packages/airflow/example_dags/example_trigger_target_dag.py
[2024-07-27T20:14:38.361+0000] {processor.py:830} INFO - Processing file /home/airflow/.local/lib/python3.12/site-packages/airflow/example_dags/example_trigger_target_dag.py for tasks to queue
[2024-07-27T20:14:38.363+0000] {logging_mixin.py:188} INFO - [2024-07-27T20:14:38.362+0000] {dagbag.py:545} INFO - Filling up the DagBag from /home/airflow/.local/lib/python3.12/site-packages/airflow/example_dags/example_trigger_target_dag.py
[2024-07-27T20:14:38.367+0000] {processor.py:840} INFO - DAG(s) 'example_trigger_target_dag' retrieved from /home/airflow/.local/lib/python3.12/site-packages/airflow/example_dags/example_trigger_target_dag.py
[2024-07-27T20:14:38.425+0000] {logging_mixin.py:188} INFO - [2024-07-27T20:14:38.425+0000] {dag.py:3089} INFO - Sync 1 DAGs
[2024-07-27T20:14:38.433+0000] {logging_mixin.py:188} INFO - [2024-07-27T20:14:38.433+0000] {dag.py:3947} INFO - Setting next_dagrun for example_trigger_target_dag to None, run_after=None
[2024-07-27T20:14:38.453+0000] {processor.py:183} INFO - Processing /home/airflow/.local/lib/python3.12/site-packages/airflow/example_dags/example_trigger_target_dag.py took 0.096 seconds
[2024-07-27T20:15:08.576+0000] {processor.py:161} INFO - Started process (PID=788) to work on /home/airflow/.local/lib/python3.12/site-packages/airflow/example_dags/example_trigger_target_dag.py
[2024-07-27T20:15:08.577+0000] {processor.py:830} INFO - Processing file /home/airflow/.local/lib/python3.12/site-packages/airflow/example_dags/example_trigger_target_dag.py for tasks to queue
[2024-07-27T20:15:08.578+0000] {logging_mixin.py:188} INFO - [2024-07-27T20:15:08.578+0000] {dagbag.py:545} INFO - Filling up the DagBag from /home/airflow/.local/lib/python3.12/site-packages/airflow/example_dags/example_trigger_target_dag.py
[2024-07-27T20:15:08.582+0000] {processor.py:840} INFO - DAG(s) 'example_trigger_target_dag' retrieved from /home/airflow/.local/lib/python3.12/site-packages/airflow/example_dags/example_trigger_target_dag.py
[2024-07-27T20:15:08.593+0000] {logging_mixin.py:188} INFO - [2024-07-27T20:15:08.592+0000] {dag.py:3089} INFO - Sync 1 DAGs
[2024-07-27T20:15:08.599+0000] {logging_mixin.py:188} INFO - [2024-07-27T20:15:08.599+0000] {dag.py:3947} INFO - Setting next_dagrun for example_trigger_target_dag to None, run_after=None
[2024-07-27T20:15:08.609+0000] {processor.py:183} INFO - Processing /home/airflow/.local/lib/python3.12/site-packages/airflow/example_dags/example_trigger_target_dag.py took 0.036 seconds
[2024-07-27T20:15:39.181+0000] {processor.py:161} INFO - Started process (PID=1049) to work on /home/airflow/.local/lib/python3.12/site-packages/airflow/example_dags/example_trigger_target_dag.py
[2024-07-27T20:15:39.182+0000] {processor.py:830} INFO - Processing file /home/airflow/.local/lib/python3.12/site-packages/airflow/example_dags/example_trigger_target_dag.py for tasks to queue
[2024-07-27T20:15:39.183+0000] {logging_mixin.py:188} INFO - [2024-07-27T20:15:39.183+0000] {dagbag.py:545} INFO - Filling up the DagBag from /home/airflow/.local/lib/python3.12/site-packages/airflow/example_dags/example_trigger_target_dag.py
[2024-07-27T20:15:39.187+0000] {processor.py:840} INFO - DAG(s) 'example_trigger_target_dag' retrieved from /home/airflow/.local/lib/python3.12/site-packages/airflow/example_dags/example_trigger_target_dag.py
[2024-07-27T20:15:39.198+0000] {logging_mixin.py:188} INFO - [2024-07-27T20:15:39.198+0000] {dag.py:3089} INFO - Sync 1 DAGs
[2024-07-27T20:15:39.204+0000] {logging_mixin.py:188} INFO - [2024-07-27T20:15:39.204+0000] {dag.py:3947} INFO - Setting next_dagrun for example_trigger_target_dag to None, run_after=None
[2024-07-27T20:15:39.213+0000] {processor.py:183} INFO - Processing /home/airflow/.local/lib/python3.12/site-packages/airflow/example_dags/example_trigger_target_dag.py took 0.035 seconds
[2024-07-27T20:16:09.316+0000] {processor.py:161} INFO - Started process (PID=1311) to work on /home/airflow/.local/lib/python3.12/site-packages/airflow/example_dags/example_trigger_target_dag.py
[2024-07-27T20:16:09.317+0000] {processor.py:830} INFO - Processing file /home/airflow/.local/lib/python3.12/site-packages/airflow/example_dags/example_trigger_target_dag.py for tasks to queue
[2024-07-27T20:16:09.318+0000] {logging_mixin.py:188} INFO - [2024-07-27T20:16:09.318+0000] {dagbag.py:545} INFO - Filling up the DagBag from /home/airflow/.local/lib/python3.12/site-packages/airflow/example_dags/example_trigger_target_dag.py
[2024-07-27T20:16:09.321+0000] {processor.py:840} INFO - DAG(s) 'example_trigger_target_dag' retrieved from /home/airflow/.local/lib/python3.12/site-packages/airflow/example_dags/example_trigger_target_dag.py
[2024-07-27T20:16:09.332+0000] {logging_mixin.py:188} INFO - [2024-07-27T20:16:09.332+0000] {dag.py:3089} INFO - Sync 1 DAGs
[2024-07-27T20:16:09.338+0000] {logging_mixin.py:188} INFO - [2024-07-27T20:16:09.338+0000] {dag.py:3947} INFO - Setting next_dagrun for example_trigger_target_dag to None, run_after=None
[2024-07-27T20:16:09.347+0000] {processor.py:183} INFO - Processing /home/airflow/.local/lib/python3.12/site-packages/airflow/example_dags/example_trigger_target_dag.py took 0.034 seconds
[2024-07-27T20:16:39.585+0000] {processor.py:161} INFO - Started process (PID=1573) to work on /home/airflow/.local/lib/python3.12/site-packages/airflow/example_dags/example_trigger_target_dag.py
[2024-07-27T20:16:39.585+0000] {processor.py:830} INFO - Processing file /home/airflow/.local/lib/python3.12/site-packages/airflow/example_dags/example_trigger_target_dag.py for tasks to queue
[2024-07-27T20:16:39.587+0000] {logging_mixin.py:188} INFO - [2024-07-27T20:16:39.586+0000] {dagbag.py:545} INFO - Filling up the DagBag from /home/airflow/.local/lib/python3.12/site-packages/airflow/example_dags/example_trigger_target_dag.py
[2024-07-27T20:16:39.590+0000] {processor.py:840} INFO - DAG(s) 'example_trigger_target_dag' retrieved from /home/airflow/.local/lib/python3.12/site-packages/airflow/example_dags/example_trigger_target_dag.py
[2024-07-27T20:16:39.600+0000] {logging_mixin.py:188} INFO - [2024-07-27T20:16:39.600+0000] {dag.py:3089} INFO - Sync 1 DAGs
[2024-07-27T20:16:39.606+0000] {logging_mixin.py:188} INFO - [2024-07-27T20:16:39.606+0000] {dag.py:3947} INFO - Setting next_dagrun for example_trigger_target_dag to None, run_after=None
[2024-07-27T20:16:39.615+0000] {processor.py:183} INFO - Processing /home/airflow/.local/lib/python3.12/site-packages/airflow/example_dags/example_trigger_target_dag.py took 0.033 seconds
[2024-07-27T20:17:09.953+0000] {processor.py:161} INFO - Started process (PID=1835) to work on /home/airflow/.local/lib/python3.12/site-packages/airflow/example_dags/example_trigger_target_dag.py
[2024-07-27T20:17:09.954+0000] {processor.py:830} INFO - Processing file /home/airflow/.local/lib/python3.12/site-packages/airflow/example_dags/example_trigger_target_dag.py for tasks to queue
[2024-07-27T20:17:09.955+0000] {logging_mixin.py:188} INFO - [2024-07-27T20:17:09.955+0000] {dagbag.py:545} INFO - Filling up the DagBag from /home/airflow/.local/lib/python3.12/site-packages/airflow/example_dags/example_trigger_target_dag.py
[2024-07-27T20:17:09.959+0000] {processor.py:840} INFO - DAG(s) 'example_trigger_target_dag' retrieved from /home/airflow/.local/lib/python3.12/site-packages/airflow/example_dags/example_trigger_target_dag.py
[2024-07-27T20:17:09.970+0000] {logging_mixin.py:188} INFO - [2024-07-27T20:17:09.969+0000] {dag.py:3089} INFO - Sync 1 DAGs
[2024-07-27T20:17:09.977+0000] {logging_mixin.py:188} INFO - [2024-07-27T20:17:09.977+0000] {dag.py:3947} INFO - Setting next_dagrun for example_trigger_target_dag to None, run_after=None
[2024-07-27T20:17:09.986+0000] {processor.py:183} INFO - Processing /home/airflow/.local/lib/python3.12/site-packages/airflow/example_dags/example_trigger_target_dag.py took 0.036 seconds
[2024-07-27T21:59:59.277+0000] {processor.py:161} INFO - Started process (PID=2091) to work on /home/airflow/.local/lib/python3.12/site-packages/airflow/example_dags/example_trigger_target_dag.py
[2024-07-27T21:59:59.278+0000] {processor.py:830} INFO - Processing file /home/airflow/.local/lib/python3.12/site-packages/airflow/example_dags/example_trigger_target_dag.py for tasks to queue
[2024-07-27T21:59:59.280+0000] {logging_mixin.py:188} INFO - [2024-07-27T21:59:59.279+0000] {dagbag.py:545} INFO - Filling up the DagBag from /home/airflow/.local/lib/python3.12/site-packages/airflow/example_dags/example_trigger_target_dag.py
[2024-07-27T21:59:59.284+0000] {processor.py:840} INFO - DAG(s) 'example_trigger_target_dag' retrieved from /home/airflow/.local/lib/python3.12/site-packages/airflow/example_dags/example_trigger_target_dag.py
[2024-07-27T21:59:59.297+0000] {logging_mixin.py:188} INFO - [2024-07-27T21:59:59.297+0000] {dag.py:3089} INFO - Sync 1 DAGs
[2024-07-27T21:59:59.307+0000] {logging_mixin.py:188} INFO - [2024-07-27T21:59:59.307+0000] {dag.py:3947} INFO - Setting next_dagrun for example_trigger_target_dag to None, run_after=None
[2024-07-27T21:59:59.321+0000] {processor.py:183} INFO - Processing /home/airflow/.local/lib/python3.12/site-packages/airflow/example_dags/example_trigger_target_dag.py took 0.047 seconds
[2024-07-27T22:00:29.616+0000] {processor.py:161} INFO - Started process (PID=2354) to work on /home/airflow/.local/lib/python3.12/site-packages/airflow/example_dags/example_trigger_target_dag.py
[2024-07-27T22:00:29.617+0000] {processor.py:830} INFO - Processing file /home/airflow/.local/lib/python3.12/site-packages/airflow/example_dags/example_trigger_target_dag.py for tasks to queue
[2024-07-27T22:00:29.618+0000] {logging_mixin.py:188} INFO - [2024-07-27T22:00:29.618+0000] {dagbag.py:545} INFO - Filling up the DagBag from /home/airflow/.local/lib/python3.12/site-packages/airflow/example_dags/example_trigger_target_dag.py
[2024-07-27T22:00:29.622+0000] {processor.py:840} INFO - DAG(s) 'example_trigger_target_dag' retrieved from /home/airflow/.local/lib/python3.12/site-packages/airflow/example_dags/example_trigger_target_dag.py
[2024-07-27T22:00:29.634+0000] {logging_mixin.py:188} INFO - [2024-07-27T22:00:29.634+0000] {dag.py:3089} INFO - Sync 1 DAGs
[2024-07-27T22:00:29.641+0000] {logging_mixin.py:188} INFO - [2024-07-27T22:00:29.641+0000] {dag.py:3947} INFO - Setting next_dagrun for example_trigger_target_dag to None, run_after=None
[2024-07-27T22:00:29.651+0000] {processor.py:183} INFO - Processing /home/airflow/.local/lib/python3.12/site-packages/airflow/example_dags/example_trigger_target_dag.py took 0.039 seconds
[2024-07-27T22:01:00.469+0000] {processor.py:161} INFO - Started process (PID=2614) to work on /home/airflow/.local/lib/python3.12/site-packages/airflow/example_dags/example_trigger_target_dag.py
[2024-07-27T22:01:00.469+0000] {processor.py:830} INFO - Processing file /home/airflow/.local/lib/python3.12/site-packages/airflow/example_dags/example_trigger_target_dag.py for tasks to queue
[2024-07-27T22:01:00.471+0000] {logging_mixin.py:188} INFO - [2024-07-27T22:01:00.470+0000] {dagbag.py:545} INFO - Filling up the DagBag from /home/airflow/.local/lib/python3.12/site-packages/airflow/example_dags/example_trigger_target_dag.py
[2024-07-27T22:01:00.474+0000] {processor.py:840} INFO - DAG(s) 'example_trigger_target_dag' retrieved from /home/airflow/.local/lib/python3.12/site-packages/airflow/example_dags/example_trigger_target_dag.py
[2024-07-27T22:01:00.484+0000] {logging_mixin.py:188} INFO - [2024-07-27T22:01:00.484+0000] {dag.py:3089} INFO - Sync 1 DAGs
[2024-07-27T22:01:00.490+0000] {logging_mixin.py:188} INFO - [2024-07-27T22:01:00.490+0000] {dag.py:3947} INFO - Setting next_dagrun for example_trigger_target_dag to None, run_after=None
[2024-07-27T22:01:00.500+0000] {processor.py:183} INFO - Processing /home/airflow/.local/lib/python3.12/site-packages/airflow/example_dags/example_trigger_target_dag.py took 0.035 seconds
[2024-07-27T22:01:30.804+0000] {processor.py:161} INFO - Started process (PID=2878) to work on /home/airflow/.local/lib/python3.12/site-packages/airflow/example_dags/example_trigger_target_dag.py
[2024-07-27T22:01:30.805+0000] {processor.py:830} INFO - Processing file /home/airflow/.local/lib/python3.12/site-packages/airflow/example_dags/example_trigger_target_dag.py for tasks to queue
[2024-07-27T22:01:30.806+0000] {logging_mixin.py:188} INFO - [2024-07-27T22:01:30.806+0000] {dagbag.py:545} INFO - Filling up the DagBag from /home/airflow/.local/lib/python3.12/site-packages/airflow/example_dags/example_trigger_target_dag.py
[2024-07-27T22:01:30.809+0000] {processor.py:840} INFO - DAG(s) 'example_trigger_target_dag' retrieved from /home/airflow/.local/lib/python3.12/site-packages/airflow/example_dags/example_trigger_target_dag.py
[2024-07-27T22:01:30.819+0000] {logging_mixin.py:188} INFO - [2024-07-27T22:01:30.819+0000] {dag.py:3089} INFO - Sync 1 DAGs
[2024-07-27T22:01:30.824+0000] {logging_mixin.py:188} INFO - [2024-07-27T22:01:30.824+0000] {dag.py:3947} INFO - Setting next_dagrun for example_trigger_target_dag to None, run_after=None
[2024-07-27T22:01:30.832+0000] {processor.py:183} INFO - Processing /home/airflow/.local/lib/python3.12/site-packages/airflow/example_dags/example_trigger_target_dag.py took 0.031 seconds
[2024-07-27T22:02:01.284+0000] {processor.py:161} INFO - Started process (PID=3142) to work on /home/airflow/.local/lib/python3.12/site-packages/airflow/example_dags/example_trigger_target_dag.py
[2024-07-27T22:02:01.288+0000] {processor.py:830} INFO - Processing file /home/airflow/.local/lib/python3.12/site-packages/airflow/example_dags/example_trigger_target_dag.py for tasks to queue
[2024-07-27T22:02:01.290+0000] {logging_mixin.py:188} INFO - [2024-07-27T22:02:01.290+0000] {dagbag.py:545} INFO - Filling up the DagBag from /home/airflow/.local/lib/python3.12/site-packages/airflow/example_dags/example_trigger_target_dag.py
[2024-07-27T22:02:01.297+0000] {processor.py:840} INFO - DAG(s) 'example_trigger_target_dag' retrieved from /home/airflow/.local/lib/python3.12/site-packages/airflow/example_dags/example_trigger_target_dag.py
[2024-07-27T22:02:01.319+0000] {logging_mixin.py:188} INFO - [2024-07-27T22:02:01.318+0000] {dag.py:3089} INFO - Sync 1 DAGs
[2024-07-27T22:02:01.327+0000] {logging_mixin.py:188} INFO - [2024-07-27T22:02:01.327+0000] {dag.py:3947} INFO - Setting next_dagrun for example_trigger_target_dag to None, run_after=None
[2024-07-27T22:02:01.366+0000] {processor.py:183} INFO - Processing /home/airflow/.local/lib/python3.12/site-packages/airflow/example_dags/example_trigger_target_dag.py took 0.086 seconds
[2024-07-27T22:02:31.687+0000] {processor.py:161} INFO - Started process (PID=3403) to work on /home/airflow/.local/lib/python3.12/site-packages/airflow/example_dags/example_trigger_target_dag.py
[2024-07-27T22:02:31.692+0000] {processor.py:830} INFO - Processing file /home/airflow/.local/lib/python3.12/site-packages/airflow/example_dags/example_trigger_target_dag.py for tasks to queue
[2024-07-27T22:02:31.699+0000] {logging_mixin.py:188} INFO - [2024-07-27T22:02:31.699+0000] {dagbag.py:545} INFO - Filling up the DagBag from /home/airflow/.local/lib/python3.12/site-packages/airflow/example_dags/example_trigger_target_dag.py
[2024-07-27T22:02:31.722+0000] {processor.py:840} INFO - DAG(s) 'example_trigger_target_dag' retrieved from /home/airflow/.local/lib/python3.12/site-packages/airflow/example_dags/example_trigger_target_dag.py
[2024-07-27T22:02:31.763+0000] {logging_mixin.py:188} INFO - [2024-07-27T22:02:31.763+0000] {dag.py:3089} INFO - Sync 1 DAGs
[2024-07-27T22:02:31.774+0000] {logging_mixin.py:188} INFO - [2024-07-27T22:02:31.774+0000] {dag.py:3947} INFO - Setting next_dagrun for example_trigger_target_dag to None, run_after=None
[2024-07-27T22:02:31.799+0000] {processor.py:183} INFO - Processing /home/airflow/.local/lib/python3.12/site-packages/airflow/example_dags/example_trigger_target_dag.py took 0.117 seconds
[2024-07-27T22:03:02.373+0000] {processor.py:161} INFO - Started process (PID=3666) to work on /home/airflow/.local/lib/python3.12/site-packages/airflow/example_dags/example_trigger_target_dag.py
[2024-07-27T22:03:02.375+0000] {processor.py:830} INFO - Processing file /home/airflow/.local/lib/python3.12/site-packages/airflow/example_dags/example_trigger_target_dag.py for tasks to queue
[2024-07-27T22:03:02.376+0000] {logging_mixin.py:188} INFO - [2024-07-27T22:03:02.376+0000] {dagbag.py:545} INFO - Filling up the DagBag from /home/airflow/.local/lib/python3.12/site-packages/airflow/example_dags/example_trigger_target_dag.py
[2024-07-27T22:03:02.379+0000] {processor.py:840} INFO - DAG(s) 'example_trigger_target_dag' retrieved from /home/airflow/.local/lib/python3.12/site-packages/airflow/example_dags/example_trigger_target_dag.py
[2024-07-27T22:03:02.390+0000] {logging_mixin.py:188} INFO - [2024-07-27T22:03:02.390+0000] {dag.py:3089} INFO - Sync 1 DAGs
[2024-07-27T22:03:02.399+0000] {logging_mixin.py:188} INFO - [2024-07-27T22:03:02.399+0000] {dag.py:3947} INFO - Setting next_dagrun for example_trigger_target_dag to None, run_after=None
[2024-07-27T22:03:02.409+0000] {processor.py:183} INFO - Processing /home/airflow/.local/lib/python3.12/site-packages/airflow/example_dags/example_trigger_target_dag.py took 0.039 seconds
[2024-07-27T22:03:33.209+0000] {processor.py:161} INFO - Started process (PID=3928) to work on /home/airflow/.local/lib/python3.12/site-packages/airflow/example_dags/example_trigger_target_dag.py
[2024-07-27T22:03:33.210+0000] {processor.py:830} INFO - Processing file /home/airflow/.local/lib/python3.12/site-packages/airflow/example_dags/example_trigger_target_dag.py for tasks to queue
[2024-07-27T22:03:33.212+0000] {logging_mixin.py:188} INFO - [2024-07-27T22:03:33.211+0000] {dagbag.py:545} INFO - Filling up the DagBag from /home/airflow/.local/lib/python3.12/site-packages/airflow/example_dags/example_trigger_target_dag.py
[2024-07-27T22:03:33.218+0000] {processor.py:840} INFO - DAG(s) 'example_trigger_target_dag' retrieved from /home/airflow/.local/lib/python3.12/site-packages/airflow/example_dags/example_trigger_target_dag.py
[2024-07-27T22:03:33.237+0000] {logging_mixin.py:188} INFO - [2024-07-27T22:03:33.237+0000] {dag.py:3089} INFO - Sync 1 DAGs
[2024-07-27T22:03:33.246+0000] {logging_mixin.py:188} INFO - [2024-07-27T22:03:33.246+0000] {dag.py:3947} INFO - Setting next_dagrun for example_trigger_target_dag to None, run_after=None
[2024-07-27T22:03:33.260+0000] {processor.py:183} INFO - Processing /home/airflow/.local/lib/python3.12/site-packages/airflow/example_dags/example_trigger_target_dag.py took 0.058 seconds
[2024-07-27T22:04:03.353+0000] {processor.py:161} INFO - Started process (PID=4190) to work on /home/airflow/.local/lib/python3.12/site-packages/airflow/example_dags/example_trigger_target_dag.py
[2024-07-27T22:04:03.354+0000] {processor.py:830} INFO - Processing file /home/airflow/.local/lib/python3.12/site-packages/airflow/example_dags/example_trigger_target_dag.py for tasks to queue
[2024-07-27T22:04:03.355+0000] {logging_mixin.py:188} INFO - [2024-07-27T22:04:03.355+0000] {dagbag.py:545} INFO - Filling up the DagBag from /home/airflow/.local/lib/python3.12/site-packages/airflow/example_dags/example_trigger_target_dag.py
[2024-07-27T22:04:03.362+0000] {processor.py:840} INFO - DAG(s) 'example_trigger_target_dag' retrieved from /home/airflow/.local/lib/python3.12/site-packages/airflow/example_dags/example_trigger_target_dag.py
[2024-07-27T22:04:03.376+0000] {logging_mixin.py:188} INFO - [2024-07-27T22:04:03.376+0000] {dag.py:3089} INFO - Sync 1 DAGs
[2024-07-27T22:04:03.388+0000] {logging_mixin.py:188} INFO - [2024-07-27T22:04:03.388+0000] {dag.py:3947} INFO - Setting next_dagrun for example_trigger_target_dag to None, run_after=None
[2024-07-27T22:04:03.412+0000] {processor.py:183} INFO - Processing /home/airflow/.local/lib/python3.12/site-packages/airflow/example_dags/example_trigger_target_dag.py took 0.064 seconds
[2024-07-27T22:04:33.771+0000] {processor.py:161} INFO - Started process (PID=4454) to work on /home/airflow/.local/lib/python3.12/site-packages/airflow/example_dags/example_trigger_target_dag.py
[2024-07-27T22:04:33.772+0000] {processor.py:830} INFO - Processing file /home/airflow/.local/lib/python3.12/site-packages/airflow/example_dags/example_trigger_target_dag.py for tasks to queue
[2024-07-27T22:04:33.773+0000] {logging_mixin.py:188} INFO - [2024-07-27T22:04:33.773+0000] {dagbag.py:545} INFO - Filling up the DagBag from /home/airflow/.local/lib/python3.12/site-packages/airflow/example_dags/example_trigger_target_dag.py
[2024-07-27T22:04:33.777+0000] {processor.py:840} INFO - DAG(s) 'example_trigger_target_dag' retrieved from /home/airflow/.local/lib/python3.12/site-packages/airflow/example_dags/example_trigger_target_dag.py
[2024-07-27T22:04:33.787+0000] {logging_mixin.py:188} INFO - [2024-07-27T22:04:33.787+0000] {dag.py:3089} INFO - Sync 1 DAGs
[2024-07-27T22:04:33.794+0000] {logging_mixin.py:188} INFO - [2024-07-27T22:04:33.793+0000] {dag.py:3947} INFO - Setting next_dagrun for example_trigger_target_dag to None, run_after=None
[2024-07-27T22:04:33.802+0000] {processor.py:183} INFO - Processing /home/airflow/.local/lib/python3.12/site-packages/airflow/example_dags/example_trigger_target_dag.py took 0.034 seconds
[2024-07-27T22:05:04.239+0000] {processor.py:161} INFO - Started process (PID=4713) to work on /home/airflow/.local/lib/python3.12/site-packages/airflow/example_dags/example_trigger_target_dag.py
[2024-07-27T22:05:04.239+0000] {processor.py:830} INFO - Processing file /home/airflow/.local/lib/python3.12/site-packages/airflow/example_dags/example_trigger_target_dag.py for tasks to queue
[2024-07-27T22:05:04.242+0000] {logging_mixin.py:188} INFO - [2024-07-27T22:05:04.242+0000] {dagbag.py:545} INFO - Filling up the DagBag from /home/airflow/.local/lib/python3.12/site-packages/airflow/example_dags/example_trigger_target_dag.py
[2024-07-27T22:05:04.252+0000] {processor.py:840} INFO - DAG(s) 'example_trigger_target_dag' retrieved from /home/airflow/.local/lib/python3.12/site-packages/airflow/example_dags/example_trigger_target_dag.py
[2024-07-27T22:05:04.276+0000] {logging_mixin.py:188} INFO - [2024-07-27T22:05:04.276+0000] {dag.py:3089} INFO - Sync 1 DAGs
[2024-07-27T22:05:04.288+0000] {logging_mixin.py:188} INFO - [2024-07-27T22:05:04.288+0000] {dag.py:3947} INFO - Setting next_dagrun for example_trigger_target_dag to None, run_after=None
[2024-07-27T22:05:04.301+0000] {processor.py:183} INFO - Processing /home/airflow/.local/lib/python3.12/site-packages/airflow/example_dags/example_trigger_target_dag.py took 0.068 seconds
[2024-07-27T22:05:35.334+0000] {processor.py:161} INFO - Started process (PID=4975) to work on /home/airflow/.local/lib/python3.12/site-packages/airflow/example_dags/example_trigger_target_dag.py
[2024-07-27T22:05:35.336+0000] {processor.py:830} INFO - Processing file /home/airflow/.local/lib/python3.12/site-packages/airflow/example_dags/example_trigger_target_dag.py for tasks to queue
[2024-07-27T22:05:35.338+0000] {logging_mixin.py:188} INFO - [2024-07-27T22:05:35.337+0000] {dagbag.py:545} INFO - Filling up the DagBag from /home/airflow/.local/lib/python3.12/site-packages/airflow/example_dags/example_trigger_target_dag.py
[2024-07-27T22:05:35.344+0000] {processor.py:840} INFO - DAG(s) 'example_trigger_target_dag' retrieved from /home/airflow/.local/lib/python3.12/site-packages/airflow/example_dags/example_trigger_target_dag.py
[2024-07-27T22:05:35.361+0000] {logging_mixin.py:188} INFO - [2024-07-27T22:05:35.361+0000] {dag.py:3089} INFO - Sync 1 DAGs
[2024-07-27T22:05:35.370+0000] {logging_mixin.py:188} INFO - [2024-07-27T22:05:35.370+0000] {dag.py:3947} INFO - Setting next_dagrun for example_trigger_target_dag to None, run_after=None
[2024-07-27T22:05:35.380+0000] {processor.py:183} INFO - Processing /home/airflow/.local/lib/python3.12/site-packages/airflow/example_dags/example_trigger_target_dag.py took 0.059 seconds
[2024-07-27T22:06:05.494+0000] {processor.py:161} INFO - Started process (PID=5236) to work on /home/airflow/.local/lib/python3.12/site-packages/airflow/example_dags/example_trigger_target_dag.py
[2024-07-27T22:06:05.495+0000] {processor.py:830} INFO - Processing file /home/airflow/.local/lib/python3.12/site-packages/airflow/example_dags/example_trigger_target_dag.py for tasks to queue
[2024-07-27T22:06:05.497+0000] {logging_mixin.py:188} INFO - [2024-07-27T22:06:05.497+0000] {dagbag.py:545} INFO - Filling up the DagBag from /home/airflow/.local/lib/python3.12/site-packages/airflow/example_dags/example_trigger_target_dag.py
[2024-07-27T22:06:05.502+0000] {processor.py:840} INFO - DAG(s) 'example_trigger_target_dag' retrieved from /home/airflow/.local/lib/python3.12/site-packages/airflow/example_dags/example_trigger_target_dag.py
[2024-07-27T22:06:05.516+0000] {logging_mixin.py:188} INFO - [2024-07-27T22:06:05.516+0000] {dag.py:3089} INFO - Sync 1 DAGs
[2024-07-27T22:06:05.525+0000] {logging_mixin.py:188} INFO - [2024-07-27T22:06:05.525+0000] {dag.py:3947} INFO - Setting next_dagrun for example_trigger_target_dag to None, run_after=None
[2024-07-27T22:06:05.535+0000] {processor.py:183} INFO - Processing /home/airflow/.local/lib/python3.12/site-packages/airflow/example_dags/example_trigger_target_dag.py took 0.048 seconds
[2024-07-27T22:06:35.881+0000] {processor.py:161} INFO - Started process (PID=5498) to work on /home/airflow/.local/lib/python3.12/site-packages/airflow/example_dags/example_trigger_target_dag.py
[2024-07-27T22:06:35.882+0000] {processor.py:830} INFO - Processing file /home/airflow/.local/lib/python3.12/site-packages/airflow/example_dags/example_trigger_target_dag.py for tasks to queue
[2024-07-27T22:06:35.883+0000] {logging_mixin.py:188} INFO - [2024-07-27T22:06:35.883+0000] {dagbag.py:545} INFO - Filling up the DagBag from /home/airflow/.local/lib/python3.12/site-packages/airflow/example_dags/example_trigger_target_dag.py
[2024-07-27T22:06:35.887+0000] {processor.py:840} INFO - DAG(s) 'example_trigger_target_dag' retrieved from /home/airflow/.local/lib/python3.12/site-packages/airflow/example_dags/example_trigger_target_dag.py
[2024-07-27T22:06:35.898+0000] {logging_mixin.py:188} INFO - [2024-07-27T22:06:35.898+0000] {dag.py:3089} INFO - Sync 1 DAGs
[2024-07-27T22:06:35.905+0000] {logging_mixin.py:188} INFO - [2024-07-27T22:06:35.905+0000] {dag.py:3947} INFO - Setting next_dagrun for example_trigger_target_dag to None, run_after=None
[2024-07-27T22:06:35.915+0000] {processor.py:183} INFO - Processing /home/airflow/.local/lib/python3.12/site-packages/airflow/example_dags/example_trigger_target_dag.py took 0.038 seconds
[2024-07-27T22:07:06.326+0000] {processor.py:161} INFO - Started process (PID=5760) to work on /home/airflow/.local/lib/python3.12/site-packages/airflow/example_dags/example_trigger_target_dag.py
[2024-07-27T22:07:06.327+0000] {processor.py:830} INFO - Processing file /home/airflow/.local/lib/python3.12/site-packages/airflow/example_dags/example_trigger_target_dag.py for tasks to queue
[2024-07-27T22:07:06.328+0000] {logging_mixin.py:188} INFO - [2024-07-27T22:07:06.328+0000] {dagbag.py:545} INFO - Filling up the DagBag from /home/airflow/.local/lib/python3.12/site-packages/airflow/example_dags/example_trigger_target_dag.py
[2024-07-27T22:07:06.333+0000] {processor.py:840} INFO - DAG(s) 'example_trigger_target_dag' retrieved from /home/airflow/.local/lib/python3.12/site-packages/airflow/example_dags/example_trigger_target_dag.py
[2024-07-27T22:07:06.350+0000] {logging_mixin.py:188} INFO - [2024-07-27T22:07:06.349+0000] {dag.py:3089} INFO - Sync 1 DAGs
[2024-07-27T22:07:06.358+0000] {logging_mixin.py:188} INFO - [2024-07-27T22:07:06.358+0000] {dag.py:3947} INFO - Setting next_dagrun for example_trigger_target_dag to None, run_after=None
[2024-07-27T22:07:06.368+0000] {processor.py:183} INFO - Processing /home/airflow/.local/lib/python3.12/site-packages/airflow/example_dags/example_trigger_target_dag.py took 0.049 seconds
[2024-07-27T22:07:36.499+0000] {processor.py:161} INFO - Started process (PID=6022) to work on /home/airflow/.local/lib/python3.12/site-packages/airflow/example_dags/example_trigger_target_dag.py
[2024-07-27T22:07:36.500+0000] {processor.py:830} INFO - Processing file /home/airflow/.local/lib/python3.12/site-packages/airflow/example_dags/example_trigger_target_dag.py for tasks to queue
[2024-07-27T22:07:36.502+0000] {logging_mixin.py:188} INFO - [2024-07-27T22:07:36.501+0000] {dagbag.py:545} INFO - Filling up the DagBag from /home/airflow/.local/lib/python3.12/site-packages/airflow/example_dags/example_trigger_target_dag.py
[2024-07-27T22:07:36.505+0000] {processor.py:840} INFO - DAG(s) 'example_trigger_target_dag' retrieved from /home/airflow/.local/lib/python3.12/site-packages/airflow/example_dags/example_trigger_target_dag.py
[2024-07-27T22:07:36.515+0000] {logging_mixin.py:188} INFO - [2024-07-27T22:07:36.515+0000] {dag.py:3089} INFO - Sync 1 DAGs
[2024-07-27T22:07:36.522+0000] {logging_mixin.py:188} INFO - [2024-07-27T22:07:36.522+0000] {dag.py:3947} INFO - Setting next_dagrun for example_trigger_target_dag to None, run_after=None
[2024-07-27T22:07:36.531+0000] {processor.py:183} INFO - Processing /home/airflow/.local/lib/python3.12/site-packages/airflow/example_dags/example_trigger_target_dag.py took 0.035 seconds
[2024-07-27T22:08:07.577+0000] {processor.py:161} INFO - Started process (PID=6284) to work on /home/airflow/.local/lib/python3.12/site-packages/airflow/example_dags/example_trigger_target_dag.py
[2024-07-27T22:08:07.578+0000] {processor.py:830} INFO - Processing file /home/airflow/.local/lib/python3.12/site-packages/airflow/example_dags/example_trigger_target_dag.py for tasks to queue
[2024-07-27T22:08:07.579+0000] {logging_mixin.py:188} INFO - [2024-07-27T22:08:07.579+0000] {dagbag.py:545} INFO - Filling up the DagBag from /home/airflow/.local/lib/python3.12/site-packages/airflow/example_dags/example_trigger_target_dag.py
[2024-07-27T22:08:07.583+0000] {processor.py:840} INFO - DAG(s) 'example_trigger_target_dag' retrieved from /home/airflow/.local/lib/python3.12/site-packages/airflow/example_dags/example_trigger_target_dag.py
[2024-07-27T22:08:07.593+0000] {logging_mixin.py:188} INFO - [2024-07-27T22:08:07.593+0000] {dag.py:3089} INFO - Sync 1 DAGs
[2024-07-27T22:08:07.600+0000] {logging_mixin.py:188} INFO - [2024-07-27T22:08:07.600+0000] {dag.py:3947} INFO - Setting next_dagrun for example_trigger_target_dag to None, run_after=None
[2024-07-27T22:08:07.610+0000] {processor.py:183} INFO - Processing /home/airflow/.local/lib/python3.12/site-packages/airflow/example_dags/example_trigger_target_dag.py took 0.037 seconds
[2024-07-27T22:08:37.865+0000] {processor.py:161} INFO - Started process (PID=6546) to work on /home/airflow/.local/lib/python3.12/site-packages/airflow/example_dags/example_trigger_target_dag.py
[2024-07-27T22:08:37.866+0000] {processor.py:830} INFO - Processing file /home/airflow/.local/lib/python3.12/site-packages/airflow/example_dags/example_trigger_target_dag.py for tasks to queue
[2024-07-27T22:08:37.867+0000] {logging_mixin.py:188} INFO - [2024-07-27T22:08:37.867+0000] {dagbag.py:545} INFO - Filling up the DagBag from /home/airflow/.local/lib/python3.12/site-packages/airflow/example_dags/example_trigger_target_dag.py
[2024-07-27T22:08:37.870+0000] {processor.py:840} INFO - DAG(s) 'example_trigger_target_dag' retrieved from /home/airflow/.local/lib/python3.12/site-packages/airflow/example_dags/example_trigger_target_dag.py
[2024-07-27T22:08:37.881+0000] {logging_mixin.py:188} INFO - [2024-07-27T22:08:37.881+0000] {dag.py:3089} INFO - Sync 1 DAGs
[2024-07-27T22:08:37.888+0000] {logging_mixin.py:188} INFO - [2024-07-27T22:08:37.888+0000] {dag.py:3947} INFO - Setting next_dagrun for example_trigger_target_dag to None, run_after=None
[2024-07-27T22:08:37.897+0000] {processor.py:183} INFO - Processing /home/airflow/.local/lib/python3.12/site-packages/airflow/example_dags/example_trigger_target_dag.py took 0.035 seconds
[2024-07-27T22:09:08.802+0000] {processor.py:161} INFO - Started process (PID=6808) to work on /home/airflow/.local/lib/python3.12/site-packages/airflow/example_dags/example_trigger_target_dag.py
[2024-07-27T22:09:08.803+0000] {processor.py:830} INFO - Processing file /home/airflow/.local/lib/python3.12/site-packages/airflow/example_dags/example_trigger_target_dag.py for tasks to queue
[2024-07-27T22:09:08.804+0000] {logging_mixin.py:188} INFO - [2024-07-27T22:09:08.804+0000] {dagbag.py:545} INFO - Filling up the DagBag from /home/airflow/.local/lib/python3.12/site-packages/airflow/example_dags/example_trigger_target_dag.py
[2024-07-27T22:09:08.808+0000] {processor.py:840} INFO - DAG(s) 'example_trigger_target_dag' retrieved from /home/airflow/.local/lib/python3.12/site-packages/airflow/example_dags/example_trigger_target_dag.py
[2024-07-27T22:09:08.818+0000] {logging_mixin.py:188} INFO - [2024-07-27T22:09:08.818+0000] {dag.py:3089} INFO - Sync 1 DAGs
[2024-07-27T22:09:08.824+0000] {logging_mixin.py:188} INFO - [2024-07-27T22:09:08.824+0000] {dag.py:3947} INFO - Setting next_dagrun for example_trigger_target_dag to None, run_after=None
[2024-07-27T22:09:08.833+0000] {processor.py:183} INFO - Processing /home/airflow/.local/lib/python3.12/site-packages/airflow/example_dags/example_trigger_target_dag.py took 0.035 seconds
[2024-07-27T22:09:38.988+0000] {processor.py:161} INFO - Started process (PID=7070) to work on /home/airflow/.local/lib/python3.12/site-packages/airflow/example_dags/example_trigger_target_dag.py
[2024-07-27T22:09:38.989+0000] {processor.py:830} INFO - Processing file /home/airflow/.local/lib/python3.12/site-packages/airflow/example_dags/example_trigger_target_dag.py for tasks to queue
[2024-07-27T22:09:38.990+0000] {logging_mixin.py:188} INFO - [2024-07-27T22:09:38.990+0000] {dagbag.py:545} INFO - Filling up the DagBag from /home/airflow/.local/lib/python3.12/site-packages/airflow/example_dags/example_trigger_target_dag.py
[2024-07-27T22:09:38.996+0000] {processor.py:840} INFO - DAG(s) 'example_trigger_target_dag' retrieved from /home/airflow/.local/lib/python3.12/site-packages/airflow/example_dags/example_trigger_target_dag.py
[2024-07-27T22:09:39.011+0000] {logging_mixin.py:188} INFO - [2024-07-27T22:09:39.011+0000] {dag.py:3089} INFO - Sync 1 DAGs
[2024-07-27T22:09:39.020+0000] {logging_mixin.py:188} INFO - [2024-07-27T22:09:39.019+0000] {dag.py:3947} INFO - Setting next_dagrun for example_trigger_target_dag to None, run_after=None
[2024-07-27T22:09:39.030+0000] {processor.py:183} INFO - Processing /home/airflow/.local/lib/python3.12/site-packages/airflow/example_dags/example_trigger_target_dag.py took 0.046 seconds
[2024-07-27T22:10:09.230+0000] {processor.py:161} INFO - Started process (PID=7332) to work on /home/airflow/.local/lib/python3.12/site-packages/airflow/example_dags/example_trigger_target_dag.py
[2024-07-27T22:10:09.231+0000] {processor.py:830} INFO - Processing file /home/airflow/.local/lib/python3.12/site-packages/airflow/example_dags/example_trigger_target_dag.py for tasks to queue
[2024-07-27T22:10:09.232+0000] {logging_mixin.py:188} INFO - [2024-07-27T22:10:09.232+0000] {dagbag.py:545} INFO - Filling up the DagBag from /home/airflow/.local/lib/python3.12/site-packages/airflow/example_dags/example_trigger_target_dag.py
[2024-07-27T22:10:09.236+0000] {processor.py:840} INFO - DAG(s) 'example_trigger_target_dag' retrieved from /home/airflow/.local/lib/python3.12/site-packages/airflow/example_dags/example_trigger_target_dag.py
[2024-07-27T22:10:09.247+0000] {logging_mixin.py:188} INFO - [2024-07-27T22:10:09.247+0000] {dag.py:3089} INFO - Sync 1 DAGs
[2024-07-27T22:10:09.254+0000] {logging_mixin.py:188} INFO - [2024-07-27T22:10:09.253+0000] {dag.py:3947} INFO - Setting next_dagrun for example_trigger_target_dag to None, run_after=None
[2024-07-27T22:10:09.263+0000] {processor.py:183} INFO - Processing /home/airflow/.local/lib/python3.12/site-packages/airflow/example_dags/example_trigger_target_dag.py took 0.037 seconds
[2024-07-27T22:10:39.427+0000] {processor.py:161} INFO - Started process (PID=7589) to work on /home/airflow/.local/lib/python3.12/site-packages/airflow/example_dags/example_trigger_target_dag.py
[2024-07-27T22:10:39.428+0000] {processor.py:830} INFO - Processing file /home/airflow/.local/lib/python3.12/site-packages/airflow/example_dags/example_trigger_target_dag.py for tasks to queue
[2024-07-27T22:10:39.429+0000] {logging_mixin.py:188} INFO - [2024-07-27T22:10:39.429+0000] {dagbag.py:545} INFO - Filling up the DagBag from /home/airflow/.local/lib/python3.12/site-packages/airflow/example_dags/example_trigger_target_dag.py
[2024-07-27T22:10:39.433+0000] {processor.py:840} INFO - DAG(s) 'example_trigger_target_dag' retrieved from /home/airflow/.local/lib/python3.12/site-packages/airflow/example_dags/example_trigger_target_dag.py
[2024-07-27T22:10:39.443+0000] {logging_mixin.py:188} INFO - [2024-07-27T22:10:39.443+0000] {dag.py:3089} INFO - Sync 1 DAGs
[2024-07-27T22:10:39.450+0000] {logging_mixin.py:188} INFO - [2024-07-27T22:10:39.450+0000] {dag.py:3947} INFO - Setting next_dagrun for example_trigger_target_dag to None, run_after=None
[2024-07-27T22:10:39.459+0000] {processor.py:183} INFO - Processing /home/airflow/.local/lib/python3.12/site-packages/airflow/example_dags/example_trigger_target_dag.py took 0.035 seconds
[2024-07-27T22:11:09.651+0000] {processor.py:161} INFO - Started process (PID=7853) to work on /home/airflow/.local/lib/python3.12/site-packages/airflow/example_dags/example_trigger_target_dag.py
[2024-07-27T22:11:09.652+0000] {processor.py:830} INFO - Processing file /home/airflow/.local/lib/python3.12/site-packages/airflow/example_dags/example_trigger_target_dag.py for tasks to queue
[2024-07-27T22:11:09.653+0000] {logging_mixin.py:188} INFO - [2024-07-27T22:11:09.653+0000] {dagbag.py:545} INFO - Filling up the DagBag from /home/airflow/.local/lib/python3.12/site-packages/airflow/example_dags/example_trigger_target_dag.py
[2024-07-27T22:11:09.657+0000] {processor.py:840} INFO - DAG(s) 'example_trigger_target_dag' retrieved from /home/airflow/.local/lib/python3.12/site-packages/airflow/example_dags/example_trigger_target_dag.py
[2024-07-27T22:11:09.667+0000] {logging_mixin.py:188} INFO - [2024-07-27T22:11:09.667+0000] {dag.py:3089} INFO - Sync 1 DAGs
[2024-07-27T22:11:09.674+0000] {logging_mixin.py:188} INFO - [2024-07-27T22:11:09.673+0000] {dag.py:3947} INFO - Setting next_dagrun for example_trigger_target_dag to None, run_after=None
[2024-07-27T22:11:09.682+0000] {processor.py:183} INFO - Processing /home/airflow/.local/lib/python3.12/site-packages/airflow/example_dags/example_trigger_target_dag.py took 0.034 seconds
[2024-07-27T22:11:39.880+0000] {processor.py:161} INFO - Started process (PID=8113) to work on /home/airflow/.local/lib/python3.12/site-packages/airflow/example_dags/example_trigger_target_dag.py
[2024-07-27T22:11:39.881+0000] {processor.py:830} INFO - Processing file /home/airflow/.local/lib/python3.12/site-packages/airflow/example_dags/example_trigger_target_dag.py for tasks to queue
[2024-07-27T22:11:39.882+0000] {logging_mixin.py:188} INFO - [2024-07-27T22:11:39.882+0000] {dagbag.py:545} INFO - Filling up the DagBag from /home/airflow/.local/lib/python3.12/site-packages/airflow/example_dags/example_trigger_target_dag.py
[2024-07-27T22:11:39.885+0000] {processor.py:840} INFO - DAG(s) 'example_trigger_target_dag' retrieved from /home/airflow/.local/lib/python3.12/site-packages/airflow/example_dags/example_trigger_target_dag.py
[2024-07-27T22:11:39.897+0000] {logging_mixin.py:188} INFO - [2024-07-27T22:11:39.897+0000] {dag.py:3089} INFO - Sync 1 DAGs
[2024-07-27T22:11:39.904+0000] {logging_mixin.py:188} INFO - [2024-07-27T22:11:39.904+0000] {dag.py:3947} INFO - Setting next_dagrun for example_trigger_target_dag to None, run_after=None
[2024-07-27T22:11:39.913+0000] {processor.py:183} INFO - Processing /home/airflow/.local/lib/python3.12/site-packages/airflow/example_dags/example_trigger_target_dag.py took 0.036 seconds
[2024-07-27T22:12:10.338+0000] {processor.py:161} INFO - Started process (PID=8378) to work on /home/airflow/.local/lib/python3.12/site-packages/airflow/example_dags/example_trigger_target_dag.py
[2024-07-27T22:12:10.339+0000] {processor.py:830} INFO - Processing file /home/airflow/.local/lib/python3.12/site-packages/airflow/example_dags/example_trigger_target_dag.py for tasks to queue
[2024-07-27T22:12:10.340+0000] {logging_mixin.py:188} INFO - [2024-07-27T22:12:10.340+0000] {dagbag.py:545} INFO - Filling up the DagBag from /home/airflow/.local/lib/python3.12/site-packages/airflow/example_dags/example_trigger_target_dag.py
[2024-07-27T22:12:10.343+0000] {processor.py:840} INFO - DAG(s) 'example_trigger_target_dag' retrieved from /home/airflow/.local/lib/python3.12/site-packages/airflow/example_dags/example_trigger_target_dag.py
[2024-07-27T22:12:10.355+0000] {logging_mixin.py:188} INFO - [2024-07-27T22:12:10.355+0000] {dag.py:3089} INFO - Sync 1 DAGs
[2024-07-27T22:12:10.361+0000] {logging_mixin.py:188} INFO - [2024-07-27T22:12:10.361+0000] {dag.py:3947} INFO - Setting next_dagrun for example_trigger_target_dag to None, run_after=None
[2024-07-27T22:12:10.370+0000] {processor.py:183} INFO - Processing /home/airflow/.local/lib/python3.12/site-packages/airflow/example_dags/example_trigger_target_dag.py took 0.036 seconds
[2024-07-27T22:12:40.762+0000] {processor.py:161} INFO - Started process (PID=8638) to work on /home/airflow/.local/lib/python3.12/site-packages/airflow/example_dags/example_trigger_target_dag.py
[2024-07-27T22:12:40.763+0000] {processor.py:830} INFO - Processing file /home/airflow/.local/lib/python3.12/site-packages/airflow/example_dags/example_trigger_target_dag.py for tasks to queue
[2024-07-27T22:12:40.764+0000] {logging_mixin.py:188} INFO - [2024-07-27T22:12:40.764+0000] {dagbag.py:545} INFO - Filling up the DagBag from /home/airflow/.local/lib/python3.12/site-packages/airflow/example_dags/example_trigger_target_dag.py
[2024-07-27T22:12:40.768+0000] {processor.py:840} INFO - DAG(s) 'example_trigger_target_dag' retrieved from /home/airflow/.local/lib/python3.12/site-packages/airflow/example_dags/example_trigger_target_dag.py
[2024-07-27T22:12:40.778+0000] {logging_mixin.py:188} INFO - [2024-07-27T22:12:40.778+0000] {dag.py:3089} INFO - Sync 1 DAGs
[2024-07-27T22:12:40.785+0000] {logging_mixin.py:188} INFO - [2024-07-27T22:12:40.785+0000] {dag.py:3947} INFO - Setting next_dagrun for example_trigger_target_dag to None, run_after=None
[2024-07-27T22:12:40.794+0000] {processor.py:183} INFO - Processing /home/airflow/.local/lib/python3.12/site-packages/airflow/example_dags/example_trigger_target_dag.py took 0.036 seconds
[2024-07-27T22:13:11.000+0000] {processor.py:161} INFO - Started process (PID=8902) to work on /home/airflow/.local/lib/python3.12/site-packages/airflow/example_dags/example_trigger_target_dag.py
[2024-07-27T22:13:11.001+0000] {processor.py:830} INFO - Processing file /home/airflow/.local/lib/python3.12/site-packages/airflow/example_dags/example_trigger_target_dag.py for tasks to queue
[2024-07-27T22:13:11.002+0000] {logging_mixin.py:188} INFO - [2024-07-27T22:13:11.002+0000] {dagbag.py:545} INFO - Filling up the DagBag from /home/airflow/.local/lib/python3.12/site-packages/airflow/example_dags/example_trigger_target_dag.py
[2024-07-27T22:13:11.005+0000] {processor.py:840} INFO - DAG(s) 'example_trigger_target_dag' retrieved from /home/airflow/.local/lib/python3.12/site-packages/airflow/example_dags/example_trigger_target_dag.py
[2024-07-27T22:13:11.016+0000] {logging_mixin.py:188} INFO - [2024-07-27T22:13:11.016+0000] {dag.py:3089} INFO - Sync 1 DAGs
[2024-07-27T22:13:11.022+0000] {logging_mixin.py:188} INFO - [2024-07-27T22:13:11.022+0000] {dag.py:3947} INFO - Setting next_dagrun for example_trigger_target_dag to None, run_after=None
[2024-07-27T22:13:11.031+0000] {processor.py:183} INFO - Processing /home/airflow/.local/lib/python3.12/site-packages/airflow/example_dags/example_trigger_target_dag.py took 0.034 seconds
[2024-07-27T22:13:41.234+0000] {processor.py:161} INFO - Started process (PID=9162) to work on /home/airflow/.local/lib/python3.12/site-packages/airflow/example_dags/example_trigger_target_dag.py
[2024-07-27T22:13:41.235+0000] {processor.py:830} INFO - Processing file /home/airflow/.local/lib/python3.12/site-packages/airflow/example_dags/example_trigger_target_dag.py for tasks to queue
[2024-07-27T22:13:41.236+0000] {logging_mixin.py:188} INFO - [2024-07-27T22:13:41.236+0000] {dagbag.py:545} INFO - Filling up the DagBag from /home/airflow/.local/lib/python3.12/site-packages/airflow/example_dags/example_trigger_target_dag.py
[2024-07-27T22:13:41.239+0000] {processor.py:840} INFO - DAG(s) 'example_trigger_target_dag' retrieved from /home/airflow/.local/lib/python3.12/site-packages/airflow/example_dags/example_trigger_target_dag.py
[2024-07-27T22:13:41.249+0000] {logging_mixin.py:188} INFO - [2024-07-27T22:13:41.249+0000] {dag.py:3089} INFO - Sync 1 DAGs
[2024-07-27T22:13:41.256+0000] {logging_mixin.py:188} INFO - [2024-07-27T22:13:41.256+0000] {dag.py:3947} INFO - Setting next_dagrun for example_trigger_target_dag to None, run_after=None
[2024-07-27T22:13:41.264+0000] {processor.py:183} INFO - Processing /home/airflow/.local/lib/python3.12/site-packages/airflow/example_dags/example_trigger_target_dag.py took 0.034 seconds
[2024-07-27T22:14:11.678+0000] {processor.py:161} INFO - Started process (PID=9431) to work on /home/airflow/.local/lib/python3.12/site-packages/airflow/example_dags/example_trigger_target_dag.py
[2024-07-27T22:14:11.679+0000] {processor.py:830} INFO - Processing file /home/airflow/.local/lib/python3.12/site-packages/airflow/example_dags/example_trigger_target_dag.py for tasks to queue
[2024-07-27T22:14:11.681+0000] {logging_mixin.py:188} INFO - [2024-07-27T22:14:11.681+0000] {dagbag.py:545} INFO - Filling up the DagBag from /home/airflow/.local/lib/python3.12/site-packages/airflow/example_dags/example_trigger_target_dag.py
[2024-07-27T22:14:11.684+0000] {processor.py:840} INFO - DAG(s) 'example_trigger_target_dag' retrieved from /home/airflow/.local/lib/python3.12/site-packages/airflow/example_dags/example_trigger_target_dag.py
[2024-07-27T22:14:11.694+0000] {logging_mixin.py:188} INFO - [2024-07-27T22:14:11.694+0000] {dag.py:3089} INFO - Sync 1 DAGs
[2024-07-27T22:14:11.700+0000] {logging_mixin.py:188} INFO - [2024-07-27T22:14:11.699+0000] {dag.py:3947} INFO - Setting next_dagrun for example_trigger_target_dag to None, run_after=None
[2024-07-27T22:14:11.707+0000] {processor.py:183} INFO - Processing /home/airflow/.local/lib/python3.12/site-packages/airflow/example_dags/example_trigger_target_dag.py took 0.032 seconds
[2024-07-27T22:14:42.037+0000] {processor.py:161} INFO - Started process (PID=9691) to work on /home/airflow/.local/lib/python3.12/site-packages/airflow/example_dags/example_trigger_target_dag.py
[2024-07-27T22:14:42.039+0000] {processor.py:830} INFO - Processing file /home/airflow/.local/lib/python3.12/site-packages/airflow/example_dags/example_trigger_target_dag.py for tasks to queue
[2024-07-27T22:14:42.041+0000] {logging_mixin.py:188} INFO - [2024-07-27T22:14:42.041+0000] {dagbag.py:545} INFO - Filling up the DagBag from /home/airflow/.local/lib/python3.12/site-packages/airflow/example_dags/example_trigger_target_dag.py
[2024-07-27T22:14:42.046+0000] {processor.py:840} INFO - DAG(s) 'example_trigger_target_dag' retrieved from /home/airflow/.local/lib/python3.12/site-packages/airflow/example_dags/example_trigger_target_dag.py
[2024-07-27T22:14:42.061+0000] {logging_mixin.py:188} INFO - [2024-07-27T22:14:42.061+0000] {dag.py:3089} INFO - Sync 1 DAGs
[2024-07-27T22:14:42.070+0000] {logging_mixin.py:188} INFO - [2024-07-27T22:14:42.069+0000] {dag.py:3947} INFO - Setting next_dagrun for example_trigger_target_dag to None, run_after=None
[2024-07-27T22:14:42.080+0000] {processor.py:183} INFO - Processing /home/airflow/.local/lib/python3.12/site-packages/airflow/example_dags/example_trigger_target_dag.py took 0.047 seconds
[2024-07-27T22:15:12.396+0000] {processor.py:161} INFO - Started process (PID=9954) to work on /home/airflow/.local/lib/python3.12/site-packages/airflow/example_dags/example_trigger_target_dag.py
[2024-07-27T22:15:12.397+0000] {processor.py:830} INFO - Processing file /home/airflow/.local/lib/python3.12/site-packages/airflow/example_dags/example_trigger_target_dag.py for tasks to queue
[2024-07-27T22:15:12.398+0000] {logging_mixin.py:188} INFO - [2024-07-27T22:15:12.398+0000] {dagbag.py:545} INFO - Filling up the DagBag from /home/airflow/.local/lib/python3.12/site-packages/airflow/example_dags/example_trigger_target_dag.py
[2024-07-27T22:15:12.402+0000] {processor.py:840} INFO - DAG(s) 'example_trigger_target_dag' retrieved from /home/airflow/.local/lib/python3.12/site-packages/airflow/example_dags/example_trigger_target_dag.py
[2024-07-27T22:15:12.413+0000] {logging_mixin.py:188} INFO - [2024-07-27T22:15:12.412+0000] {dag.py:3089} INFO - Sync 1 DAGs
[2024-07-27T22:15:12.419+0000] {logging_mixin.py:188} INFO - [2024-07-27T22:15:12.419+0000] {dag.py:3947} INFO - Setting next_dagrun for example_trigger_target_dag to None, run_after=None
[2024-07-27T22:15:12.429+0000] {processor.py:183} INFO - Processing /home/airflow/.local/lib/python3.12/site-packages/airflow/example_dags/example_trigger_target_dag.py took 0.037 seconds
[2024-07-27T22:15:42.522+0000] {processor.py:161} INFO - Started process (PID=10213) to work on /home/airflow/.local/lib/python3.12/site-packages/airflow/example_dags/example_trigger_target_dag.py
[2024-07-27T22:15:42.523+0000] {processor.py:830} INFO - Processing file /home/airflow/.local/lib/python3.12/site-packages/airflow/example_dags/example_trigger_target_dag.py for tasks to queue
[2024-07-27T22:15:42.524+0000] {logging_mixin.py:188} INFO - [2024-07-27T22:15:42.524+0000] {dagbag.py:545} INFO - Filling up the DagBag from /home/airflow/.local/lib/python3.12/site-packages/airflow/example_dags/example_trigger_target_dag.py
[2024-07-27T22:15:42.528+0000] {processor.py:840} INFO - DAG(s) 'example_trigger_target_dag' retrieved from /home/airflow/.local/lib/python3.12/site-packages/airflow/example_dags/example_trigger_target_dag.py
[2024-07-27T22:15:42.539+0000] {logging_mixin.py:188} INFO - [2024-07-27T22:15:42.539+0000] {dag.py:3089} INFO - Sync 1 DAGs
[2024-07-27T22:15:42.546+0000] {logging_mixin.py:188} INFO - [2024-07-27T22:15:42.546+0000] {dag.py:3947} INFO - Setting next_dagrun for example_trigger_target_dag to None, run_after=None
[2024-07-27T22:15:42.555+0000] {processor.py:183} INFO - Processing /home/airflow/.local/lib/python3.12/site-packages/airflow/example_dags/example_trigger_target_dag.py took 0.037 seconds
[2024-07-27T22:16:14.074+0000] {processor.py:161} INFO - Started process (PID=10481) to work on /home/airflow/.local/lib/python3.12/site-packages/airflow/example_dags/example_trigger_target_dag.py
[2024-07-27T22:16:14.074+0000] {processor.py:830} INFO - Processing file /home/airflow/.local/lib/python3.12/site-packages/airflow/example_dags/example_trigger_target_dag.py for tasks to queue
[2024-07-27T22:16:14.076+0000] {logging_mixin.py:188} INFO - [2024-07-27T22:16:14.076+0000] {dagbag.py:545} INFO - Filling up the DagBag from /home/airflow/.local/lib/python3.12/site-packages/airflow/example_dags/example_trigger_target_dag.py
[2024-07-27T22:16:14.080+0000] {processor.py:840} INFO - DAG(s) 'example_trigger_target_dag' retrieved from /home/airflow/.local/lib/python3.12/site-packages/airflow/example_dags/example_trigger_target_dag.py
[2024-07-27T22:16:14.094+0000] {logging_mixin.py:188} INFO - [2024-07-27T22:16:14.094+0000] {dag.py:3089} INFO - Sync 1 DAGs
[2024-07-27T22:16:14.103+0000] {logging_mixin.py:188} INFO - [2024-07-27T22:16:14.103+0000] {dag.py:3947} INFO - Setting next_dagrun for example_trigger_target_dag to None, run_after=None
[2024-07-27T22:16:14.272+0000] {processor.py:183} INFO - Processing /home/airflow/.local/lib/python3.12/site-packages/airflow/example_dags/example_trigger_target_dag.py took 0.203 seconds
[2024-07-27T22:16:44.440+0000] {processor.py:161} INFO - Started process (PID=10741) to work on /home/airflow/.local/lib/python3.12/site-packages/airflow/example_dags/example_trigger_target_dag.py
[2024-07-27T22:16:44.440+0000] {processor.py:830} INFO - Processing file /home/airflow/.local/lib/python3.12/site-packages/airflow/example_dags/example_trigger_target_dag.py for tasks to queue
[2024-07-27T22:16:44.442+0000] {logging_mixin.py:188} INFO - [2024-07-27T22:16:44.441+0000] {dagbag.py:545} INFO - Filling up the DagBag from /home/airflow/.local/lib/python3.12/site-packages/airflow/example_dags/example_trigger_target_dag.py
[2024-07-27T22:16:44.445+0000] {processor.py:840} INFO - DAG(s) 'example_trigger_target_dag' retrieved from /home/airflow/.local/lib/python3.12/site-packages/airflow/example_dags/example_trigger_target_dag.py
[2024-07-27T22:16:44.458+0000] {logging_mixin.py:188} INFO - [2024-07-27T22:16:44.458+0000] {dag.py:3089} INFO - Sync 1 DAGs
[2024-07-27T22:16:44.465+0000] {logging_mixin.py:188} INFO - [2024-07-27T22:16:44.465+0000] {dag.py:3947} INFO - Setting next_dagrun for example_trigger_target_dag to None, run_after=None
[2024-07-27T22:16:44.474+0000] {processor.py:183} INFO - Processing /home/airflow/.local/lib/python3.12/site-packages/airflow/example_dags/example_trigger_target_dag.py took 0.038 seconds
[2024-07-27T22:17:14.950+0000] {processor.py:161} INFO - Started process (PID=11003) to work on /home/airflow/.local/lib/python3.12/site-packages/airflow/example_dags/example_trigger_target_dag.py
[2024-07-27T22:17:14.950+0000] {processor.py:830} INFO - Processing file /home/airflow/.local/lib/python3.12/site-packages/airflow/example_dags/example_trigger_target_dag.py for tasks to queue
[2024-07-27T22:17:14.952+0000] {logging_mixin.py:188} INFO - [2024-07-27T22:17:14.951+0000] {dagbag.py:545} INFO - Filling up the DagBag from /home/airflow/.local/lib/python3.12/site-packages/airflow/example_dags/example_trigger_target_dag.py
[2024-07-27T22:17:14.955+0000] {processor.py:840} INFO - DAG(s) 'example_trigger_target_dag' retrieved from /home/airflow/.local/lib/python3.12/site-packages/airflow/example_dags/example_trigger_target_dag.py
[2024-07-27T22:17:14.966+0000] {logging_mixin.py:188} INFO - [2024-07-27T22:17:14.966+0000] {dag.py:3089} INFO - Sync 1 DAGs
[2024-07-27T22:17:14.973+0000] {logging_mixin.py:188} INFO - [2024-07-27T22:17:14.973+0000] {dag.py:3947} INFO - Setting next_dagrun for example_trigger_target_dag to None, run_after=None
[2024-07-27T22:17:14.982+0000] {processor.py:183} INFO - Processing /home/airflow/.local/lib/python3.12/site-packages/airflow/example_dags/example_trigger_target_dag.py took 0.037 seconds
[2024-07-27T22:17:46.198+0000] {processor.py:161} INFO - Started process (PID=11267) to work on /home/airflow/.local/lib/python3.12/site-packages/airflow/example_dags/example_trigger_target_dag.py
[2024-07-27T22:17:46.200+0000] {processor.py:830} INFO - Processing file /home/airflow/.local/lib/python3.12/site-packages/airflow/example_dags/example_trigger_target_dag.py for tasks to queue
[2024-07-27T22:17:46.202+0000] {logging_mixin.py:188} INFO - [2024-07-27T22:17:46.202+0000] {dagbag.py:545} INFO - Filling up the DagBag from /home/airflow/.local/lib/python3.12/site-packages/airflow/example_dags/example_trigger_target_dag.py
[2024-07-27T22:17:46.206+0000] {processor.py:840} INFO - DAG(s) 'example_trigger_target_dag' retrieved from /home/airflow/.local/lib/python3.12/site-packages/airflow/example_dags/example_trigger_target_dag.py
[2024-07-27T22:17:46.313+0000] {logging_mixin.py:188} INFO - [2024-07-27T22:17:46.313+0000] {dag.py:3089} INFO - Sync 1 DAGs
[2024-07-27T22:17:46.319+0000] {logging_mixin.py:188} INFO - [2024-07-27T22:17:46.319+0000] {dag.py:3947} INFO - Setting next_dagrun for example_trigger_target_dag to None, run_after=None
[2024-07-27T22:17:46.328+0000] {processor.py:183} INFO - Processing /home/airflow/.local/lib/python3.12/site-packages/airflow/example_dags/example_trigger_target_dag.py took 0.133 seconds
[2024-07-27T22:18:16.933+0000] {processor.py:161} INFO - Started process (PID=11527) to work on /home/airflow/.local/lib/python3.12/site-packages/airflow/example_dags/example_trigger_target_dag.py
[2024-07-27T22:18:16.934+0000] {processor.py:830} INFO - Processing file /home/airflow/.local/lib/python3.12/site-packages/airflow/example_dags/example_trigger_target_dag.py for tasks to queue
[2024-07-27T22:18:16.936+0000] {logging_mixin.py:188} INFO - [2024-07-27T22:18:16.936+0000] {dagbag.py:545} INFO - Filling up the DagBag from /home/airflow/.local/lib/python3.12/site-packages/airflow/example_dags/example_trigger_target_dag.py
[2024-07-27T22:18:16.942+0000] {processor.py:840} INFO - DAG(s) 'example_trigger_target_dag' retrieved from /home/airflow/.local/lib/python3.12/site-packages/airflow/example_dags/example_trigger_target_dag.py
[2024-07-27T22:18:16.963+0000] {logging_mixin.py:188} INFO - [2024-07-27T22:18:16.963+0000] {dag.py:3089} INFO - Sync 1 DAGs
[2024-07-27T22:18:16.970+0000] {logging_mixin.py:188} INFO - [2024-07-27T22:18:16.970+0000] {dag.py:3947} INFO - Setting next_dagrun for example_trigger_target_dag to None, run_after=None
[2024-07-27T22:18:16.980+0000] {processor.py:183} INFO - Processing /home/airflow/.local/lib/python3.12/site-packages/airflow/example_dags/example_trigger_target_dag.py took 0.054 seconds
[2024-07-27T22:18:47.096+0000] {processor.py:161} INFO - Started process (PID=11789) to work on /home/airflow/.local/lib/python3.12/site-packages/airflow/example_dags/example_trigger_target_dag.py
[2024-07-27T22:18:47.097+0000] {processor.py:830} INFO - Processing file /home/airflow/.local/lib/python3.12/site-packages/airflow/example_dags/example_trigger_target_dag.py for tasks to queue
[2024-07-27T22:18:47.098+0000] {logging_mixin.py:188} INFO - [2024-07-27T22:18:47.098+0000] {dagbag.py:545} INFO - Filling up the DagBag from /home/airflow/.local/lib/python3.12/site-packages/airflow/example_dags/example_trigger_target_dag.py
[2024-07-27T22:18:47.102+0000] {processor.py:840} INFO - DAG(s) 'example_trigger_target_dag' retrieved from /home/airflow/.local/lib/python3.12/site-packages/airflow/example_dags/example_trigger_target_dag.py
[2024-07-27T22:18:47.114+0000] {logging_mixin.py:188} INFO - [2024-07-27T22:18:47.114+0000] {dag.py:3089} INFO - Sync 1 DAGs
[2024-07-27T22:18:47.122+0000] {logging_mixin.py:188} INFO - [2024-07-27T22:18:47.122+0000] {dag.py:3947} INFO - Setting next_dagrun for example_trigger_target_dag to None, run_after=None
[2024-07-27T22:18:47.133+0000] {processor.py:183} INFO - Processing /home/airflow/.local/lib/python3.12/site-packages/airflow/example_dags/example_trigger_target_dag.py took 0.040 seconds
[2024-07-27T22:19:17.491+0000] {processor.py:161} INFO - Started process (PID=12051) to work on /home/airflow/.local/lib/python3.12/site-packages/airflow/example_dags/example_trigger_target_dag.py
[2024-07-27T22:19:17.492+0000] {processor.py:830} INFO - Processing file /home/airflow/.local/lib/python3.12/site-packages/airflow/example_dags/example_trigger_target_dag.py for tasks to queue
[2024-07-27T22:19:17.493+0000] {logging_mixin.py:188} INFO - [2024-07-27T22:19:17.493+0000] {dagbag.py:545} INFO - Filling up the DagBag from /home/airflow/.local/lib/python3.12/site-packages/airflow/example_dags/example_trigger_target_dag.py
[2024-07-27T22:19:17.497+0000] {processor.py:840} INFO - DAG(s) 'example_trigger_target_dag' retrieved from /home/airflow/.local/lib/python3.12/site-packages/airflow/example_dags/example_trigger_target_dag.py
[2024-07-27T22:19:17.508+0000] {logging_mixin.py:188} INFO - [2024-07-27T22:19:17.508+0000] {dag.py:3089} INFO - Sync 1 DAGs
[2024-07-27T22:19:17.515+0000] {logging_mixin.py:188} INFO - [2024-07-27T22:19:17.515+0000] {dag.py:3947} INFO - Setting next_dagrun for example_trigger_target_dag to None, run_after=None
[2024-07-27T22:19:17.525+0000] {processor.py:183} INFO - Processing /home/airflow/.local/lib/python3.12/site-packages/airflow/example_dags/example_trigger_target_dag.py took 0.037 seconds
[2024-07-27T22:19:47.700+0000] {processor.py:161} INFO - Started process (PID=12313) to work on /home/airflow/.local/lib/python3.12/site-packages/airflow/example_dags/example_trigger_target_dag.py
[2024-07-27T22:19:47.701+0000] {processor.py:830} INFO - Processing file /home/airflow/.local/lib/python3.12/site-packages/airflow/example_dags/example_trigger_target_dag.py for tasks to queue
[2024-07-27T22:19:47.702+0000] {logging_mixin.py:188} INFO - [2024-07-27T22:19:47.702+0000] {dagbag.py:545} INFO - Filling up the DagBag from /home/airflow/.local/lib/python3.12/site-packages/airflow/example_dags/example_trigger_target_dag.py
[2024-07-27T22:19:47.706+0000] {processor.py:840} INFO - DAG(s) 'example_trigger_target_dag' retrieved from /home/airflow/.local/lib/python3.12/site-packages/airflow/example_dags/example_trigger_target_dag.py
[2024-07-27T22:19:47.721+0000] {logging_mixin.py:188} INFO - [2024-07-27T22:19:47.720+0000] {dag.py:3089} INFO - Sync 1 DAGs
[2024-07-27T22:19:47.730+0000] {logging_mixin.py:188} INFO - [2024-07-27T22:19:47.730+0000] {dag.py:3947} INFO - Setting next_dagrun for example_trigger_target_dag to None, run_after=None
[2024-07-27T22:19:47.740+0000] {processor.py:183} INFO - Processing /home/airflow/.local/lib/python3.12/site-packages/airflow/example_dags/example_trigger_target_dag.py took 0.045 seconds
[2024-07-27T22:20:18.221+0000] {processor.py:161} INFO - Started process (PID=12580) to work on /home/airflow/.local/lib/python3.12/site-packages/airflow/example_dags/example_trigger_target_dag.py
[2024-07-27T22:20:18.222+0000] {processor.py:830} INFO - Processing file /home/airflow/.local/lib/python3.12/site-packages/airflow/example_dags/example_trigger_target_dag.py for tasks to queue
[2024-07-27T22:20:18.223+0000] {logging_mixin.py:188} INFO - [2024-07-27T22:20:18.223+0000] {dagbag.py:545} INFO - Filling up the DagBag from /home/airflow/.local/lib/python3.12/site-packages/airflow/example_dags/example_trigger_target_dag.py
[2024-07-27T22:20:18.227+0000] {processor.py:840} INFO - DAG(s) 'example_trigger_target_dag' retrieved from /home/airflow/.local/lib/python3.12/site-packages/airflow/example_dags/example_trigger_target_dag.py
[2024-07-27T22:20:18.238+0000] {logging_mixin.py:188} INFO - [2024-07-27T22:20:18.238+0000] {dag.py:3089} INFO - Sync 1 DAGs
[2024-07-27T22:20:18.245+0000] {logging_mixin.py:188} INFO - [2024-07-27T22:20:18.245+0000] {dag.py:3947} INFO - Setting next_dagrun for example_trigger_target_dag to None, run_after=None
[2024-07-27T22:20:18.254+0000] {processor.py:183} INFO - Processing /home/airflow/.local/lib/python3.12/site-packages/airflow/example_dags/example_trigger_target_dag.py took 0.036 seconds
[2024-07-27T22:20:48.752+0000] {processor.py:161} INFO - Started process (PID=12847) to work on /home/airflow/.local/lib/python3.12/site-packages/airflow/example_dags/example_trigger_target_dag.py
[2024-07-27T22:20:48.753+0000] {processor.py:830} INFO - Processing file /home/airflow/.local/lib/python3.12/site-packages/airflow/example_dags/example_trigger_target_dag.py for tasks to queue
[2024-07-27T22:20:48.754+0000] {logging_mixin.py:188} INFO - [2024-07-27T22:20:48.754+0000] {dagbag.py:545} INFO - Filling up the DagBag from /home/airflow/.local/lib/python3.12/site-packages/airflow/example_dags/example_trigger_target_dag.py
[2024-07-27T22:20:48.757+0000] {processor.py:840} INFO - DAG(s) 'example_trigger_target_dag' retrieved from /home/airflow/.local/lib/python3.12/site-packages/airflow/example_dags/example_trigger_target_dag.py
[2024-07-27T22:20:48.770+0000] {logging_mixin.py:188} INFO - [2024-07-27T22:20:48.769+0000] {dag.py:3089} INFO - Sync 1 DAGs
[2024-07-27T22:20:48.778+0000] {logging_mixin.py:188} INFO - [2024-07-27T22:20:48.778+0000] {dag.py:3947} INFO - Setting next_dagrun for example_trigger_target_dag to None, run_after=None
[2024-07-27T22:20:48.789+0000] {processor.py:183} INFO - Processing /home/airflow/.local/lib/python3.12/site-packages/airflow/example_dags/example_trigger_target_dag.py took 0.040 seconds
[2024-07-27T22:21:19.119+0000] {processor.py:161} INFO - Started process (PID=13114) to work on /home/airflow/.local/lib/python3.12/site-packages/airflow/example_dags/example_trigger_target_dag.py
[2024-07-27T22:21:19.120+0000] {processor.py:830} INFO - Processing file /home/airflow/.local/lib/python3.12/site-packages/airflow/example_dags/example_trigger_target_dag.py for tasks to queue
[2024-07-27T22:21:19.121+0000] {logging_mixin.py:188} INFO - [2024-07-27T22:21:19.121+0000] {dagbag.py:545} INFO - Filling up the DagBag from /home/airflow/.local/lib/python3.12/site-packages/airflow/example_dags/example_trigger_target_dag.py
[2024-07-27T22:21:19.125+0000] {processor.py:840} INFO - DAG(s) 'example_trigger_target_dag' retrieved from /home/airflow/.local/lib/python3.12/site-packages/airflow/example_dags/example_trigger_target_dag.py
[2024-07-27T22:21:19.138+0000] {logging_mixin.py:188} INFO - [2024-07-27T22:21:19.137+0000] {dag.py:3089} INFO - Sync 1 DAGs
[2024-07-27T22:21:19.146+0000] {logging_mixin.py:188} INFO - [2024-07-27T22:21:19.145+0000] {dag.py:3947} INFO - Setting next_dagrun for example_trigger_target_dag to None, run_after=None
[2024-07-27T22:21:19.156+0000] {processor.py:183} INFO - Processing /home/airflow/.local/lib/python3.12/site-packages/airflow/example_dags/example_trigger_target_dag.py took 0.040 seconds
[2024-07-27T22:21:49.505+0000] {processor.py:161} INFO - Started process (PID=13383) to work on /home/airflow/.local/lib/python3.12/site-packages/airflow/example_dags/example_trigger_target_dag.py
[2024-07-27T22:21:49.506+0000] {processor.py:830} INFO - Processing file /home/airflow/.local/lib/python3.12/site-packages/airflow/example_dags/example_trigger_target_dag.py for tasks to queue
[2024-07-27T22:21:49.507+0000] {logging_mixin.py:188} INFO - [2024-07-27T22:21:49.507+0000] {dagbag.py:545} INFO - Filling up the DagBag from /home/airflow/.local/lib/python3.12/site-packages/airflow/example_dags/example_trigger_target_dag.py
[2024-07-27T22:21:49.511+0000] {processor.py:840} INFO - DAG(s) 'example_trigger_target_dag' retrieved from /home/airflow/.local/lib/python3.12/site-packages/airflow/example_dags/example_trigger_target_dag.py
[2024-07-27T22:21:49.521+0000] {logging_mixin.py:188} INFO - [2024-07-27T22:21:49.521+0000] {dag.py:3089} INFO - Sync 1 DAGs
[2024-07-27T22:21:49.527+0000] {logging_mixin.py:188} INFO - [2024-07-27T22:21:49.526+0000] {dag.py:3947} INFO - Setting next_dagrun for example_trigger_target_dag to None, run_after=None
[2024-07-27T22:21:49.535+0000] {processor.py:183} INFO - Processing /home/airflow/.local/lib/python3.12/site-packages/airflow/example_dags/example_trigger_target_dag.py took 0.033 seconds
[2024-07-27T22:22:19.788+0000] {processor.py:161} INFO - Started process (PID=13648) to work on /home/airflow/.local/lib/python3.12/site-packages/airflow/example_dags/example_trigger_target_dag.py
[2024-07-27T22:22:19.789+0000] {processor.py:830} INFO - Processing file /home/airflow/.local/lib/python3.12/site-packages/airflow/example_dags/example_trigger_target_dag.py for tasks to queue
[2024-07-27T22:22:19.790+0000] {logging_mixin.py:188} INFO - [2024-07-27T22:22:19.790+0000] {dagbag.py:545} INFO - Filling up the DagBag from /home/airflow/.local/lib/python3.12/site-packages/airflow/example_dags/example_trigger_target_dag.py
[2024-07-27T22:22:19.794+0000] {processor.py:840} INFO - DAG(s) 'example_trigger_target_dag' retrieved from /home/airflow/.local/lib/python3.12/site-packages/airflow/example_dags/example_trigger_target_dag.py
[2024-07-27T22:22:19.806+0000] {logging_mixin.py:188} INFO - [2024-07-27T22:22:19.806+0000] {dag.py:3089} INFO - Sync 1 DAGs
[2024-07-27T22:22:19.812+0000] {logging_mixin.py:188} INFO - [2024-07-27T22:22:19.812+0000] {dag.py:3947} INFO - Setting next_dagrun for example_trigger_target_dag to None, run_after=None
[2024-07-27T22:22:19.822+0000] {processor.py:183} INFO - Processing /home/airflow/.local/lib/python3.12/site-packages/airflow/example_dags/example_trigger_target_dag.py took 0.039 seconds
[2024-07-27T22:22:50.314+0000] {processor.py:161} INFO - Started process (PID=13920) to work on /home/airflow/.local/lib/python3.12/site-packages/airflow/example_dags/example_trigger_target_dag.py
[2024-07-27T22:22:50.315+0000] {processor.py:830} INFO - Processing file /home/airflow/.local/lib/python3.12/site-packages/airflow/example_dags/example_trigger_target_dag.py for tasks to queue
[2024-07-27T22:22:50.316+0000] {logging_mixin.py:188} INFO - [2024-07-27T22:22:50.316+0000] {dagbag.py:545} INFO - Filling up the DagBag from /home/airflow/.local/lib/python3.12/site-packages/airflow/example_dags/example_trigger_target_dag.py
[2024-07-27T22:22:50.320+0000] {processor.py:840} INFO - DAG(s) 'example_trigger_target_dag' retrieved from /home/airflow/.local/lib/python3.12/site-packages/airflow/example_dags/example_trigger_target_dag.py
[2024-07-27T22:22:50.331+0000] {logging_mixin.py:188} INFO - [2024-07-27T22:22:50.330+0000] {dag.py:3089} INFO - Sync 1 DAGs
[2024-07-27T22:22:50.337+0000] {logging_mixin.py:188} INFO - [2024-07-27T22:22:50.337+0000] {dag.py:3947} INFO - Setting next_dagrun for example_trigger_target_dag to None, run_after=None
[2024-07-27T22:22:50.348+0000] {processor.py:183} INFO - Processing /home/airflow/.local/lib/python3.12/site-packages/airflow/example_dags/example_trigger_target_dag.py took 0.038 seconds
[2024-07-27T22:23:20.942+0000] {processor.py:161} INFO - Started process (PID=14208) to work on /home/airflow/.local/lib/python3.12/site-packages/airflow/example_dags/example_trigger_target_dag.py
[2024-07-27T22:23:20.943+0000] {processor.py:830} INFO - Processing file /home/airflow/.local/lib/python3.12/site-packages/airflow/example_dags/example_trigger_target_dag.py for tasks to queue
[2024-07-27T22:23:20.944+0000] {logging_mixin.py:188} INFO - [2024-07-27T22:23:20.944+0000] {dagbag.py:545} INFO - Filling up the DagBag from /home/airflow/.local/lib/python3.12/site-packages/airflow/example_dags/example_trigger_target_dag.py
[2024-07-27T22:23:20.947+0000] {processor.py:840} INFO - DAG(s) 'example_trigger_target_dag' retrieved from /home/airflow/.local/lib/python3.12/site-packages/airflow/example_dags/example_trigger_target_dag.py
[2024-07-27T22:23:20.958+0000] {logging_mixin.py:188} INFO - [2024-07-27T22:23:20.958+0000] {dag.py:3089} INFO - Sync 1 DAGs
[2024-07-27T22:23:20.966+0000] {logging_mixin.py:188} INFO - [2024-07-27T22:23:20.966+0000] {dag.py:3947} INFO - Setting next_dagrun for example_trigger_target_dag to None, run_after=None
[2024-07-27T22:23:20.976+0000] {processor.py:183} INFO - Processing /home/airflow/.local/lib/python3.12/site-packages/airflow/example_dags/example_trigger_target_dag.py took 0.038 seconds
[2024-07-27T22:23:51.366+0000] {processor.py:161} INFO - Started process (PID=14477) to work on /home/airflow/.local/lib/python3.12/site-packages/airflow/example_dags/example_trigger_target_dag.py
[2024-07-27T22:23:51.367+0000] {processor.py:830} INFO - Processing file /home/airflow/.local/lib/python3.12/site-packages/airflow/example_dags/example_trigger_target_dag.py for tasks to queue
[2024-07-27T22:23:51.368+0000] {logging_mixin.py:188} INFO - [2024-07-27T22:23:51.368+0000] {dagbag.py:545} INFO - Filling up the DagBag from /home/airflow/.local/lib/python3.12/site-packages/airflow/example_dags/example_trigger_target_dag.py
[2024-07-27T22:23:51.372+0000] {processor.py:840} INFO - DAG(s) 'example_trigger_target_dag' retrieved from /home/airflow/.local/lib/python3.12/site-packages/airflow/example_dags/example_trigger_target_dag.py
[2024-07-27T22:23:51.384+0000] {logging_mixin.py:188} INFO - [2024-07-27T22:23:51.384+0000] {dag.py:3089} INFO - Sync 1 DAGs
[2024-07-27T22:23:51.390+0000] {logging_mixin.py:188} INFO - [2024-07-27T22:23:51.390+0000] {dag.py:3947} INFO - Setting next_dagrun for example_trigger_target_dag to None, run_after=None
[2024-07-27T22:23:51.399+0000] {processor.py:183} INFO - Processing /home/airflow/.local/lib/python3.12/site-packages/airflow/example_dags/example_trigger_target_dag.py took 0.037 seconds
[2024-07-27T22:24:22.447+0000] {processor.py:161} INFO - Started process (PID=14744) to work on /home/airflow/.local/lib/python3.12/site-packages/airflow/example_dags/example_trigger_target_dag.py
[2024-07-27T22:24:22.449+0000] {processor.py:830} INFO - Processing file /home/airflow/.local/lib/python3.12/site-packages/airflow/example_dags/example_trigger_target_dag.py for tasks to queue
[2024-07-27T22:24:22.450+0000] {logging_mixin.py:188} INFO - [2024-07-27T22:24:22.449+0000] {dagbag.py:545} INFO - Filling up the DagBag from /home/airflow/.local/lib/python3.12/site-packages/airflow/example_dags/example_trigger_target_dag.py
[2024-07-27T22:24:22.453+0000] {processor.py:840} INFO - DAG(s) 'example_trigger_target_dag' retrieved from /home/airflow/.local/lib/python3.12/site-packages/airflow/example_dags/example_trigger_target_dag.py
[2024-07-27T22:24:22.465+0000] {logging_mixin.py:188} INFO - [2024-07-27T22:24:22.465+0000] {dag.py:3089} INFO - Sync 1 DAGs
[2024-07-27T22:24:22.472+0000] {logging_mixin.py:188} INFO - [2024-07-27T22:24:22.471+0000] {dag.py:3947} INFO - Setting next_dagrun for example_trigger_target_dag to None, run_after=None
[2024-07-27T22:24:22.481+0000] {processor.py:183} INFO - Processing /home/airflow/.local/lib/python3.12/site-packages/airflow/example_dags/example_trigger_target_dag.py took 0.038 seconds
[2024-07-27T22:24:52.582+0000] {processor.py:161} INFO - Started process (PID=15009) to work on /home/airflow/.local/lib/python3.12/site-packages/airflow/example_dags/example_trigger_target_dag.py
[2024-07-27T22:24:52.583+0000] {processor.py:830} INFO - Processing file /home/airflow/.local/lib/python3.12/site-packages/airflow/example_dags/example_trigger_target_dag.py for tasks to queue
[2024-07-27T22:24:52.584+0000] {logging_mixin.py:188} INFO - [2024-07-27T22:24:52.584+0000] {dagbag.py:545} INFO - Filling up the DagBag from /home/airflow/.local/lib/python3.12/site-packages/airflow/example_dags/example_trigger_target_dag.py
[2024-07-27T22:24:52.587+0000] {processor.py:840} INFO - DAG(s) 'example_trigger_target_dag' retrieved from /home/airflow/.local/lib/python3.12/site-packages/airflow/example_dags/example_trigger_target_dag.py
[2024-07-27T22:24:52.598+0000] {logging_mixin.py:188} INFO - [2024-07-27T22:24:52.598+0000] {dag.py:3089} INFO - Sync 1 DAGs
[2024-07-27T22:24:52.605+0000] {logging_mixin.py:188} INFO - [2024-07-27T22:24:52.605+0000] {dag.py:3947} INFO - Setting next_dagrun for example_trigger_target_dag to None, run_after=None
[2024-07-27T22:24:52.615+0000] {processor.py:183} INFO - Processing /home/airflow/.local/lib/python3.12/site-packages/airflow/example_dags/example_trigger_target_dag.py took 0.037 seconds
[2024-07-27T22:25:22.905+0000] {processor.py:161} INFO - Started process (PID=15276) to work on /home/airflow/.local/lib/python3.12/site-packages/airflow/example_dags/example_trigger_target_dag.py
[2024-07-27T22:25:22.905+0000] {processor.py:830} INFO - Processing file /home/airflow/.local/lib/python3.12/site-packages/airflow/example_dags/example_trigger_target_dag.py for tasks to queue
[2024-07-27T22:25:22.907+0000] {logging_mixin.py:188} INFO - [2024-07-27T22:25:22.906+0000] {dagbag.py:545} INFO - Filling up the DagBag from /home/airflow/.local/lib/python3.12/site-packages/airflow/example_dags/example_trigger_target_dag.py
[2024-07-27T22:25:22.910+0000] {processor.py:840} INFO - DAG(s) 'example_trigger_target_dag' retrieved from /home/airflow/.local/lib/python3.12/site-packages/airflow/example_dags/example_trigger_target_dag.py
[2024-07-27T22:25:22.920+0000] {logging_mixin.py:188} INFO - [2024-07-27T22:25:22.920+0000] {dag.py:3089} INFO - Sync 1 DAGs
[2024-07-27T22:25:22.928+0000] {logging_mixin.py:188} INFO - [2024-07-27T22:25:22.928+0000] {dag.py:3947} INFO - Setting next_dagrun for example_trigger_target_dag to None, run_after=None
[2024-07-27T22:25:22.940+0000] {processor.py:183} INFO - Processing /home/airflow/.local/lib/python3.12/site-packages/airflow/example_dags/example_trigger_target_dag.py took 0.040 seconds
[2024-07-27T22:25:53.181+0000] {processor.py:161} INFO - Started process (PID=15543) to work on /home/airflow/.local/lib/python3.12/site-packages/airflow/example_dags/example_trigger_target_dag.py
[2024-07-27T22:25:53.182+0000] {processor.py:830} INFO - Processing file /home/airflow/.local/lib/python3.12/site-packages/airflow/example_dags/example_trigger_target_dag.py for tasks to queue
[2024-07-27T22:25:53.184+0000] {logging_mixin.py:188} INFO - [2024-07-27T22:25:53.183+0000] {dagbag.py:545} INFO - Filling up the DagBag from /home/airflow/.local/lib/python3.12/site-packages/airflow/example_dags/example_trigger_target_dag.py
[2024-07-27T22:25:53.187+0000] {processor.py:840} INFO - DAG(s) 'example_trigger_target_dag' retrieved from /home/airflow/.local/lib/python3.12/site-packages/airflow/example_dags/example_trigger_target_dag.py
[2024-07-27T22:25:53.200+0000] {logging_mixin.py:188} INFO - [2024-07-27T22:25:53.200+0000] {dag.py:3089} INFO - Sync 1 DAGs
[2024-07-27T22:25:53.207+0000] {logging_mixin.py:188} INFO - [2024-07-27T22:25:53.207+0000] {dag.py:3947} INFO - Setting next_dagrun for example_trigger_target_dag to None, run_after=None
[2024-07-27T22:25:53.219+0000] {processor.py:183} INFO - Processing /home/airflow/.local/lib/python3.12/site-packages/airflow/example_dags/example_trigger_target_dag.py took 0.042 seconds
[2024-07-27T22:26:23.762+0000] {processor.py:161} INFO - Started process (PID=15815) to work on /home/airflow/.local/lib/python3.12/site-packages/airflow/example_dags/example_trigger_target_dag.py
[2024-07-27T22:26:23.765+0000] {processor.py:830} INFO - Processing file /home/airflow/.local/lib/python3.12/site-packages/airflow/example_dags/example_trigger_target_dag.py for tasks to queue
[2024-07-27T22:26:23.767+0000] {logging_mixin.py:188} INFO - [2024-07-27T22:26:23.767+0000] {dagbag.py:545} INFO - Filling up the DagBag from /home/airflow/.local/lib/python3.12/site-packages/airflow/example_dags/example_trigger_target_dag.py
[2024-07-27T22:26:23.773+0000] {processor.py:840} INFO - DAG(s) 'example_trigger_target_dag' retrieved from /home/airflow/.local/lib/python3.12/site-packages/airflow/example_dags/example_trigger_target_dag.py
[2024-07-27T22:26:23.785+0000] {logging_mixin.py:188} INFO - [2024-07-27T22:26:23.785+0000] {dag.py:3089} INFO - Sync 1 DAGs
[2024-07-27T22:26:23.793+0000] {logging_mixin.py:188} INFO - [2024-07-27T22:26:23.793+0000] {dag.py:3947} INFO - Setting next_dagrun for example_trigger_target_dag to None, run_after=None
[2024-07-27T22:26:23.811+0000] {processor.py:183} INFO - Processing /home/airflow/.local/lib/python3.12/site-packages/airflow/example_dags/example_trigger_target_dag.py took 0.055 seconds
[2024-07-27T22:55:20.844+0000] {processor.py:161} INFO - Started process (PID=16070) to work on /home/airflow/.local/lib/python3.12/site-packages/airflow/example_dags/example_trigger_target_dag.py
[2024-07-27T22:55:20.845+0000] {processor.py:830} INFO - Processing file /home/airflow/.local/lib/python3.12/site-packages/airflow/example_dags/example_trigger_target_dag.py for tasks to queue
[2024-07-27T22:55:20.846+0000] {logging_mixin.py:188} INFO - [2024-07-27T22:55:20.846+0000] {dagbag.py:545} INFO - Filling up the DagBag from /home/airflow/.local/lib/python3.12/site-packages/airflow/example_dags/example_trigger_target_dag.py
[2024-07-27T22:55:20.850+0000] {processor.py:840} INFO - DAG(s) 'example_trigger_target_dag' retrieved from /home/airflow/.local/lib/python3.12/site-packages/airflow/example_dags/example_trigger_target_dag.py
[2024-07-27T22:55:20.861+0000] {logging_mixin.py:188} INFO - [2024-07-27T22:55:20.861+0000] {dag.py:3089} INFO - Sync 1 DAGs
[2024-07-27T22:55:20.868+0000] {logging_mixin.py:188} INFO - [2024-07-27T22:55:20.868+0000] {dag.py:3947} INFO - Setting next_dagrun for example_trigger_target_dag to None, run_after=None
[2024-07-27T22:55:20.877+0000] {processor.py:183} INFO - Processing /home/airflow/.local/lib/python3.12/site-packages/airflow/example_dags/example_trigger_target_dag.py took 0.037 seconds
[2024-07-27T22:55:51.188+0000] {processor.py:161} INFO - Started process (PID=16338) to work on /home/airflow/.local/lib/python3.12/site-packages/airflow/example_dags/example_trigger_target_dag.py
[2024-07-27T22:55:51.189+0000] {processor.py:830} INFO - Processing file /home/airflow/.local/lib/python3.12/site-packages/airflow/example_dags/example_trigger_target_dag.py for tasks to queue
[2024-07-27T22:55:51.190+0000] {logging_mixin.py:188} INFO - [2024-07-27T22:55:51.190+0000] {dagbag.py:545} INFO - Filling up the DagBag from /home/airflow/.local/lib/python3.12/site-packages/airflow/example_dags/example_trigger_target_dag.py
[2024-07-27T22:55:51.193+0000] {processor.py:840} INFO - DAG(s) 'example_trigger_target_dag' retrieved from /home/airflow/.local/lib/python3.12/site-packages/airflow/example_dags/example_trigger_target_dag.py
[2024-07-27T22:55:51.204+0000] {logging_mixin.py:188} INFO - [2024-07-27T22:55:51.204+0000] {dag.py:3089} INFO - Sync 1 DAGs
[2024-07-27T22:55:51.211+0000] {logging_mixin.py:188} INFO - [2024-07-27T22:55:51.210+0000] {dag.py:3947} INFO - Setting next_dagrun for example_trigger_target_dag to None, run_after=None
[2024-07-27T22:55:51.220+0000] {processor.py:183} INFO - Processing /home/airflow/.local/lib/python3.12/site-packages/airflow/example_dags/example_trigger_target_dag.py took 0.036 seconds
