[2024-07-27T20:14:07.535+0000] {processor.py:161} INFO - Started process (PID=225) to work on /home/airflow/.local/lib/python3.12/site-packages/airflow/example_dags/example_setup_teardown.py
[2024-07-27T20:14:07.536+0000] {processor.py:830} INFO - Processing file /home/airflow/.local/lib/python3.12/site-packages/airflow/example_dags/example_setup_teardown.py for tasks to queue
[2024-07-27T20:14:07.537+0000] {logging_mixin.py:188} INFO - [2024-07-27T20:14:07.537+0000] {dagbag.py:545} INFO - Filling up the DagBag from /home/airflow/.local/lib/python3.12/site-packages/airflow/example_dags/example_setup_teardown.py
[2024-07-27T20:14:07.542+0000] {processor.py:840} INFO - DAG(s) 'example_setup_teardown' retrieved from /home/airflow/.local/lib/python3.12/site-packages/airflow/example_dags/example_setup_teardown.py
[2024-07-27T20:14:07.551+0000] {logging_mixin.py:188} INFO - [2024-07-27T20:14:07.551+0000] {dag.py:3089} INFO - Sync 1 DAGs
[2024-07-27T20:14:07.564+0000] {logging_mixin.py:188} INFO - [2024-07-27T20:14:07.564+0000] {dag.py:3947} INFO - Setting next_dagrun for example_setup_teardown to 2024-07-26 00:00:00+00:00, run_after=2024-07-27 00:00:00+00:00
[2024-07-27T20:14:07.575+0000] {processor.py:183} INFO - Processing /home/airflow/.local/lib/python3.12/site-packages/airflow/example_dags/example_setup_teardown.py took 0.044 seconds
[2024-07-27T20:14:37.986+0000] {processor.py:161} INFO - Started process (PID=488) to work on /home/airflow/.local/lib/python3.12/site-packages/airflow/example_dags/example_setup_teardown.py
[2024-07-27T20:14:37.987+0000] {processor.py:830} INFO - Processing file /home/airflow/.local/lib/python3.12/site-packages/airflow/example_dags/example_setup_teardown.py for tasks to queue
[2024-07-27T20:14:37.988+0000] {logging_mixin.py:188} INFO - [2024-07-27T20:14:37.988+0000] {dagbag.py:545} INFO - Filling up the DagBag from /home/airflow/.local/lib/python3.12/site-packages/airflow/example_dags/example_setup_teardown.py
[2024-07-27T20:14:37.992+0000] {processor.py:840} INFO - DAG(s) 'example_setup_teardown' retrieved from /home/airflow/.local/lib/python3.12/site-packages/airflow/example_dags/example_setup_teardown.py
[2024-07-27T20:14:38.044+0000] {logging_mixin.py:188} INFO - [2024-07-27T20:14:38.043+0000] {dag.py:3089} INFO - Sync 1 DAGs
[2024-07-27T20:14:38.053+0000] {logging_mixin.py:188} INFO - [2024-07-27T20:14:38.053+0000] {dag.py:3947} INFO - Setting next_dagrun for example_setup_teardown to 2024-07-26 00:00:00+00:00, run_after=2024-07-27 00:00:00+00:00
[2024-07-27T20:14:38.063+0000] {processor.py:183} INFO - Processing /home/airflow/.local/lib/python3.12/site-packages/airflow/example_dags/example_setup_teardown.py took 0.081 seconds
[2024-07-27T20:15:08.350+0000] {processor.py:161} INFO - Started process (PID=748) to work on /home/airflow/.local/lib/python3.12/site-packages/airflow/example_dags/example_setup_teardown.py
[2024-07-27T20:15:08.351+0000] {processor.py:830} INFO - Processing file /home/airflow/.local/lib/python3.12/site-packages/airflow/example_dags/example_setup_teardown.py for tasks to queue
[2024-07-27T20:15:08.352+0000] {logging_mixin.py:188} INFO - [2024-07-27T20:15:08.352+0000] {dagbag.py:545} INFO - Filling up the DagBag from /home/airflow/.local/lib/python3.12/site-packages/airflow/example_dags/example_setup_teardown.py
[2024-07-27T20:15:08.356+0000] {processor.py:840} INFO - DAG(s) 'example_setup_teardown' retrieved from /home/airflow/.local/lib/python3.12/site-packages/airflow/example_dags/example_setup_teardown.py
[2024-07-27T20:15:08.367+0000] {logging_mixin.py:188} INFO - [2024-07-27T20:15:08.367+0000] {dag.py:3089} INFO - Sync 1 DAGs
[2024-07-27T20:15:08.378+0000] {logging_mixin.py:188} INFO - [2024-07-27T20:15:08.378+0000] {dag.py:3947} INFO - Setting next_dagrun for example_setup_teardown to 2024-07-26 00:00:00+00:00, run_after=2024-07-27 00:00:00+00:00
[2024-07-27T20:15:08.388+0000] {processor.py:183} INFO - Processing /home/airflow/.local/lib/python3.12/site-packages/airflow/example_dags/example_setup_teardown.py took 0.041 seconds
[2024-07-27T20:15:38.934+0000] {processor.py:161} INFO - Started process (PID=1009) to work on /home/airflow/.local/lib/python3.12/site-packages/airflow/example_dags/example_setup_teardown.py
[2024-07-27T20:15:38.935+0000] {processor.py:830} INFO - Processing file /home/airflow/.local/lib/python3.12/site-packages/airflow/example_dags/example_setup_teardown.py for tasks to queue
[2024-07-27T20:15:38.936+0000] {logging_mixin.py:188} INFO - [2024-07-27T20:15:38.936+0000] {dagbag.py:545} INFO - Filling up the DagBag from /home/airflow/.local/lib/python3.12/site-packages/airflow/example_dags/example_setup_teardown.py
[2024-07-27T20:15:38.940+0000] {processor.py:840} INFO - DAG(s) 'example_setup_teardown' retrieved from /home/airflow/.local/lib/python3.12/site-packages/airflow/example_dags/example_setup_teardown.py
[2024-07-27T20:15:38.962+0000] {logging_mixin.py:188} INFO - [2024-07-27T20:15:38.962+0000] {dag.py:3089} INFO - Sync 1 DAGs
[2024-07-27T20:15:38.976+0000] {logging_mixin.py:188} INFO - [2024-07-27T20:15:38.976+0000] {dag.py:3947} INFO - Setting next_dagrun for example_setup_teardown to 2024-07-26 00:00:00+00:00, run_after=2024-07-27 00:00:00+00:00
[2024-07-27T20:15:38.987+0000] {processor.py:183} INFO - Processing /home/airflow/.local/lib/python3.12/site-packages/airflow/example_dags/example_setup_teardown.py took 0.057 seconds
[2024-07-27T20:16:09.008+0000] {processor.py:161} INFO - Started process (PID=1271) to work on /home/airflow/.local/lib/python3.12/site-packages/airflow/example_dags/example_setup_teardown.py
[2024-07-27T20:16:09.009+0000] {processor.py:830} INFO - Processing file /home/airflow/.local/lib/python3.12/site-packages/airflow/example_dags/example_setup_teardown.py for tasks to queue
[2024-07-27T20:16:09.010+0000] {logging_mixin.py:188} INFO - [2024-07-27T20:16:09.010+0000] {dagbag.py:545} INFO - Filling up the DagBag from /home/airflow/.local/lib/python3.12/site-packages/airflow/example_dags/example_setup_teardown.py
[2024-07-27T20:16:09.014+0000] {processor.py:840} INFO - DAG(s) 'example_setup_teardown' retrieved from /home/airflow/.local/lib/python3.12/site-packages/airflow/example_dags/example_setup_teardown.py
[2024-07-27T20:16:09.025+0000] {logging_mixin.py:188} INFO - [2024-07-27T20:16:09.025+0000] {dag.py:3089} INFO - Sync 1 DAGs
[2024-07-27T20:16:09.036+0000] {logging_mixin.py:188} INFO - [2024-07-27T20:16:09.036+0000] {dag.py:3947} INFO - Setting next_dagrun for example_setup_teardown to 2024-07-26 00:00:00+00:00, run_after=2024-07-27 00:00:00+00:00
[2024-07-27T20:16:09.045+0000] {processor.py:183} INFO - Processing /home/airflow/.local/lib/python3.12/site-packages/airflow/example_dags/example_setup_teardown.py took 0.039 seconds
[2024-07-27T20:16:39.246+0000] {processor.py:161} INFO - Started process (PID=1528) to work on /home/airflow/.local/lib/python3.12/site-packages/airflow/example_dags/example_setup_teardown.py
[2024-07-27T20:16:39.247+0000] {processor.py:830} INFO - Processing file /home/airflow/.local/lib/python3.12/site-packages/airflow/example_dags/example_setup_teardown.py for tasks to queue
[2024-07-27T20:16:39.248+0000] {logging_mixin.py:188} INFO - [2024-07-27T20:16:39.247+0000] {dagbag.py:545} INFO - Filling up the DagBag from /home/airflow/.local/lib/python3.12/site-packages/airflow/example_dags/example_setup_teardown.py
[2024-07-27T20:16:39.251+0000] {processor.py:840} INFO - DAG(s) 'example_setup_teardown' retrieved from /home/airflow/.local/lib/python3.12/site-packages/airflow/example_dags/example_setup_teardown.py
[2024-07-27T20:16:39.262+0000] {logging_mixin.py:188} INFO - [2024-07-27T20:16:39.262+0000] {dag.py:3089} INFO - Sync 1 DAGs
[2024-07-27T20:16:39.273+0000] {logging_mixin.py:188} INFO - [2024-07-27T20:16:39.273+0000] {dag.py:3947} INFO - Setting next_dagrun for example_setup_teardown to 2024-07-26 00:00:00+00:00, run_after=2024-07-27 00:00:00+00:00
[2024-07-27T20:16:39.282+0000] {processor.py:183} INFO - Processing /home/airflow/.local/lib/python3.12/site-packages/airflow/example_dags/example_setup_teardown.py took 0.040 seconds
[2024-07-27T20:17:09.720+0000] {processor.py:161} INFO - Started process (PID=1795) to work on /home/airflow/.local/lib/python3.12/site-packages/airflow/example_dags/example_setup_teardown.py
[2024-07-27T20:17:09.722+0000] {processor.py:830} INFO - Processing file /home/airflow/.local/lib/python3.12/site-packages/airflow/example_dags/example_setup_teardown.py for tasks to queue
[2024-07-27T20:17:09.723+0000] {logging_mixin.py:188} INFO - [2024-07-27T20:17:09.723+0000] {dagbag.py:545} INFO - Filling up the DagBag from /home/airflow/.local/lib/python3.12/site-packages/airflow/example_dags/example_setup_teardown.py
[2024-07-27T20:17:09.727+0000] {processor.py:840} INFO - DAG(s) 'example_setup_teardown' retrieved from /home/airflow/.local/lib/python3.12/site-packages/airflow/example_dags/example_setup_teardown.py
[2024-07-27T20:17:09.738+0000] {logging_mixin.py:188} INFO - [2024-07-27T20:17:09.738+0000] {dag.py:3089} INFO - Sync 1 DAGs
[2024-07-27T20:17:09.750+0000] {logging_mixin.py:188} INFO - [2024-07-27T20:17:09.750+0000] {dag.py:3947} INFO - Setting next_dagrun for example_setup_teardown to 2024-07-26 00:00:00+00:00, run_after=2024-07-27 00:00:00+00:00
[2024-07-27T20:17:09.759+0000] {processor.py:183} INFO - Processing /home/airflow/.local/lib/python3.12/site-packages/airflow/example_dags/example_setup_teardown.py took 0.042 seconds
[2024-07-27T21:59:58.749+0000] {processor.py:161} INFO - Started process (PID=2053) to work on /home/airflow/.local/lib/python3.12/site-packages/airflow/example_dags/example_setup_teardown.py
[2024-07-27T21:59:58.750+0000] {processor.py:830} INFO - Processing file /home/airflow/.local/lib/python3.12/site-packages/airflow/example_dags/example_setup_teardown.py for tasks to queue
[2024-07-27T21:59:58.752+0000] {logging_mixin.py:188} INFO - [2024-07-27T21:59:58.751+0000] {dagbag.py:545} INFO - Filling up the DagBag from /home/airflow/.local/lib/python3.12/site-packages/airflow/example_dags/example_setup_teardown.py
[2024-07-27T21:59:58.756+0000] {processor.py:840} INFO - DAG(s) 'example_setup_teardown' retrieved from /home/airflow/.local/lib/python3.12/site-packages/airflow/example_dags/example_setup_teardown.py
[2024-07-27T21:59:58.773+0000] {logging_mixin.py:188} INFO - [2024-07-27T21:59:58.773+0000] {dag.py:3089} INFO - Sync 1 DAGs
[2024-07-27T21:59:58.802+0000] {logging_mixin.py:188} INFO - [2024-07-27T21:59:58.802+0000] {dag.py:3947} INFO - Setting next_dagrun for example_setup_teardown to 2024-07-26 00:00:00+00:00, run_after=2024-07-27 00:00:00+00:00
[2024-07-27T21:59:58.830+0000] {processor.py:183} INFO - Processing /home/airflow/.local/lib/python3.12/site-packages/airflow/example_dags/example_setup_teardown.py took 0.085 seconds
[2024-07-27T22:00:29.385+0000] {processor.py:161} INFO - Started process (PID=2314) to work on /home/airflow/.local/lib/python3.12/site-packages/airflow/example_dags/example_setup_teardown.py
[2024-07-27T22:00:29.386+0000] {processor.py:830} INFO - Processing file /home/airflow/.local/lib/python3.12/site-packages/airflow/example_dags/example_setup_teardown.py for tasks to queue
[2024-07-27T22:00:29.388+0000] {logging_mixin.py:188} INFO - [2024-07-27T22:00:29.387+0000] {dagbag.py:545} INFO - Filling up the DagBag from /home/airflow/.local/lib/python3.12/site-packages/airflow/example_dags/example_setup_teardown.py
[2024-07-27T22:00:29.391+0000] {processor.py:840} INFO - DAG(s) 'example_setup_teardown' retrieved from /home/airflow/.local/lib/python3.12/site-packages/airflow/example_dags/example_setup_teardown.py
[2024-07-27T22:00:29.403+0000] {logging_mixin.py:188} INFO - [2024-07-27T22:00:29.402+0000] {dag.py:3089} INFO - Sync 1 DAGs
[2024-07-27T22:00:29.413+0000] {logging_mixin.py:188} INFO - [2024-07-27T22:00:29.413+0000] {dag.py:3947} INFO - Setting next_dagrun for example_setup_teardown to 2024-07-26 00:00:00+00:00, run_after=2024-07-27 00:00:00+00:00
[2024-07-27T22:00:29.422+0000] {processor.py:183} INFO - Processing /home/airflow/.local/lib/python3.12/site-packages/airflow/example_dags/example_setup_teardown.py took 0.040 seconds
[2024-07-27T22:01:00.233+0000] {processor.py:161} INFO - Started process (PID=2576) to work on /home/airflow/.local/lib/python3.12/site-packages/airflow/example_dags/example_setup_teardown.py
[2024-07-27T22:01:00.234+0000] {processor.py:830} INFO - Processing file /home/airflow/.local/lib/python3.12/site-packages/airflow/example_dags/example_setup_teardown.py for tasks to queue
[2024-07-27T22:01:00.235+0000] {logging_mixin.py:188} INFO - [2024-07-27T22:01:00.235+0000] {dagbag.py:545} INFO - Filling up the DagBag from /home/airflow/.local/lib/python3.12/site-packages/airflow/example_dags/example_setup_teardown.py
[2024-07-27T22:01:00.238+0000] {processor.py:840} INFO - DAG(s) 'example_setup_teardown' retrieved from /home/airflow/.local/lib/python3.12/site-packages/airflow/example_dags/example_setup_teardown.py
[2024-07-27T22:01:00.249+0000] {logging_mixin.py:188} INFO - [2024-07-27T22:01:00.248+0000] {dag.py:3089} INFO - Sync 1 DAGs
[2024-07-27T22:01:00.258+0000] {logging_mixin.py:188} INFO - [2024-07-27T22:01:00.258+0000] {dag.py:3947} INFO - Setting next_dagrun for example_setup_teardown to 2024-07-26 00:00:00+00:00, run_after=2024-07-27 00:00:00+00:00
[2024-07-27T22:01:00.266+0000] {processor.py:183} INFO - Processing /home/airflow/.local/lib/python3.12/site-packages/airflow/example_dags/example_setup_teardown.py took 0.036 seconds
[2024-07-27T22:01:30.524+0000] {processor.py:161} INFO - Started process (PID=2836) to work on /home/airflow/.local/lib/python3.12/site-packages/airflow/example_dags/example_setup_teardown.py
[2024-07-27T22:01:30.525+0000] {processor.py:830} INFO - Processing file /home/airflow/.local/lib/python3.12/site-packages/airflow/example_dags/example_setup_teardown.py for tasks to queue
[2024-07-27T22:01:30.527+0000] {logging_mixin.py:188} INFO - [2024-07-27T22:01:30.526+0000] {dagbag.py:545} INFO - Filling up the DagBag from /home/airflow/.local/lib/python3.12/site-packages/airflow/example_dags/example_setup_teardown.py
[2024-07-27T22:01:30.530+0000] {processor.py:840} INFO - DAG(s) 'example_setup_teardown' retrieved from /home/airflow/.local/lib/python3.12/site-packages/airflow/example_dags/example_setup_teardown.py
[2024-07-27T22:01:30.542+0000] {logging_mixin.py:188} INFO - [2024-07-27T22:01:30.542+0000] {dag.py:3089} INFO - Sync 1 DAGs
[2024-07-27T22:01:30.554+0000] {logging_mixin.py:188} INFO - [2024-07-27T22:01:30.554+0000] {dag.py:3947} INFO - Setting next_dagrun for example_setup_teardown to 2024-07-26 00:00:00+00:00, run_after=2024-07-27 00:00:00+00:00
[2024-07-27T22:01:30.571+0000] {processor.py:183} INFO - Processing /home/airflow/.local/lib/python3.12/site-packages/airflow/example_dags/example_setup_teardown.py took 0.051 seconds
[2024-07-27T22:02:00.991+0000] {processor.py:161} INFO - Started process (PID=3101) to work on /home/airflow/.local/lib/python3.12/site-packages/airflow/example_dags/example_setup_teardown.py
[2024-07-27T22:02:00.992+0000] {processor.py:830} INFO - Processing file /home/airflow/.local/lib/python3.12/site-packages/airflow/example_dags/example_setup_teardown.py for tasks to queue
[2024-07-27T22:02:00.994+0000] {logging_mixin.py:188} INFO - [2024-07-27T22:02:00.994+0000] {dagbag.py:545} INFO - Filling up the DagBag from /home/airflow/.local/lib/python3.12/site-packages/airflow/example_dags/example_setup_teardown.py
[2024-07-27T22:02:01.004+0000] {processor.py:840} INFO - DAG(s) 'example_setup_teardown' retrieved from /home/airflow/.local/lib/python3.12/site-packages/airflow/example_dags/example_setup_teardown.py
[2024-07-27T22:02:01.024+0000] {logging_mixin.py:188} INFO - [2024-07-27T22:02:01.024+0000] {dag.py:3089} INFO - Sync 1 DAGs
[2024-07-27T22:02:01.038+0000] {logging_mixin.py:188} INFO - [2024-07-27T22:02:01.038+0000] {dag.py:3947} INFO - Setting next_dagrun for example_setup_teardown to 2024-07-26 00:00:00+00:00, run_after=2024-07-27 00:00:00+00:00
[2024-07-27T22:02:01.048+0000] {processor.py:183} INFO - Processing /home/airflow/.local/lib/python3.12/site-packages/airflow/example_dags/example_setup_teardown.py took 0.064 seconds
[2024-07-27T22:02:31.413+0000] {processor.py:161} INFO - Started process (PID=3363) to work on /home/airflow/.local/lib/python3.12/site-packages/airflow/example_dags/example_setup_teardown.py
[2024-07-27T22:02:31.415+0000] {processor.py:830} INFO - Processing file /home/airflow/.local/lib/python3.12/site-packages/airflow/example_dags/example_setup_teardown.py for tasks to queue
[2024-07-27T22:02:31.416+0000] {logging_mixin.py:188} INFO - [2024-07-27T22:02:31.416+0000] {dagbag.py:545} INFO - Filling up the DagBag from /home/airflow/.local/lib/python3.12/site-packages/airflow/example_dags/example_setup_teardown.py
[2024-07-27T22:02:31.422+0000] {processor.py:840} INFO - DAG(s) 'example_setup_teardown' retrieved from /home/airflow/.local/lib/python3.12/site-packages/airflow/example_dags/example_setup_teardown.py
[2024-07-27T22:02:31.435+0000] {logging_mixin.py:188} INFO - [2024-07-27T22:02:31.434+0000] {dag.py:3089} INFO - Sync 1 DAGs
[2024-07-27T22:02:31.447+0000] {logging_mixin.py:188} INFO - [2024-07-27T22:02:31.447+0000] {dag.py:3947} INFO - Setting next_dagrun for example_setup_teardown to 2024-07-26 00:00:00+00:00, run_after=2024-07-27 00:00:00+00:00
[2024-07-27T22:02:31.458+0000] {processor.py:183} INFO - Processing /home/airflow/.local/lib/python3.12/site-packages/airflow/example_dags/example_setup_teardown.py took 0.050 seconds
[2024-07-27T22:03:02.076+0000] {processor.py:161} INFO - Started process (PID=3626) to work on /home/airflow/.local/lib/python3.12/site-packages/airflow/example_dags/example_setup_teardown.py
[2024-07-27T22:03:02.077+0000] {processor.py:830} INFO - Processing file /home/airflow/.local/lib/python3.12/site-packages/airflow/example_dags/example_setup_teardown.py for tasks to queue
[2024-07-27T22:03:02.079+0000] {logging_mixin.py:188} INFO - [2024-07-27T22:03:02.079+0000] {dagbag.py:545} INFO - Filling up the DagBag from /home/airflow/.local/lib/python3.12/site-packages/airflow/example_dags/example_setup_teardown.py
[2024-07-27T22:03:02.087+0000] {processor.py:840} INFO - DAG(s) 'example_setup_teardown' retrieved from /home/airflow/.local/lib/python3.12/site-packages/airflow/example_dags/example_setup_teardown.py
[2024-07-27T22:03:02.103+0000] {logging_mixin.py:188} INFO - [2024-07-27T22:03:02.103+0000] {dag.py:3089} INFO - Sync 1 DAGs
[2024-07-27T22:03:02.120+0000] {logging_mixin.py:188} INFO - [2024-07-27T22:03:02.120+0000] {dag.py:3947} INFO - Setting next_dagrun for example_setup_teardown to 2024-07-26 00:00:00+00:00, run_after=2024-07-27 00:00:00+00:00
[2024-07-27T22:03:02.135+0000] {processor.py:183} INFO - Processing /home/airflow/.local/lib/python3.12/site-packages/airflow/example_dags/example_setup_teardown.py took 0.064 seconds
[2024-07-27T22:03:32.789+0000] {processor.py:161} INFO - Started process (PID=3888) to work on /home/airflow/.local/lib/python3.12/site-packages/airflow/example_dags/example_setup_teardown.py
[2024-07-27T22:03:32.790+0000] {processor.py:830} INFO - Processing file /home/airflow/.local/lib/python3.12/site-packages/airflow/example_dags/example_setup_teardown.py for tasks to queue
[2024-07-27T22:03:32.793+0000] {logging_mixin.py:188} INFO - [2024-07-27T22:03:32.792+0000] {dagbag.py:545} INFO - Filling up the DagBag from /home/airflow/.local/lib/python3.12/site-packages/airflow/example_dags/example_setup_teardown.py
[2024-07-27T22:03:32.797+0000] {processor.py:840} INFO - DAG(s) 'example_setup_teardown' retrieved from /home/airflow/.local/lib/python3.12/site-packages/airflow/example_dags/example_setup_teardown.py
[2024-07-27T22:03:32.810+0000] {logging_mixin.py:188} INFO - [2024-07-27T22:03:32.810+0000] {dag.py:3089} INFO - Sync 1 DAGs
[2024-07-27T22:03:32.824+0000] {logging_mixin.py:188} INFO - [2024-07-27T22:03:32.824+0000] {dag.py:3947} INFO - Setting next_dagrun for example_setup_teardown to 2024-07-26 00:00:00+00:00, run_after=2024-07-27 00:00:00+00:00
[2024-07-27T22:03:32.834+0000] {processor.py:183} INFO - Processing /home/airflow/.local/lib/python3.12/site-packages/airflow/example_dags/example_setup_teardown.py took 0.049 seconds
[2024-07-27T22:04:02.931+0000] {processor.py:161} INFO - Started process (PID=4150) to work on /home/airflow/.local/lib/python3.12/site-packages/airflow/example_dags/example_setup_teardown.py
[2024-07-27T22:04:02.945+0000] {processor.py:830} INFO - Processing file /home/airflow/.local/lib/python3.12/site-packages/airflow/example_dags/example_setup_teardown.py for tasks to queue
[2024-07-27T22:04:02.958+0000] {logging_mixin.py:188} INFO - [2024-07-27T22:04:02.958+0000] {dagbag.py:545} INFO - Filling up the DagBag from /home/airflow/.local/lib/python3.12/site-packages/airflow/example_dags/example_setup_teardown.py
[2024-07-27T22:04:02.963+0000] {processor.py:840} INFO - DAG(s) 'example_setup_teardown' retrieved from /home/airflow/.local/lib/python3.12/site-packages/airflow/example_dags/example_setup_teardown.py
[2024-07-27T22:04:03.030+0000] {logging_mixin.py:188} INFO - [2024-07-27T22:04:03.030+0000] {dag.py:3089} INFO - Sync 1 DAGs
[2024-07-27T22:04:03.066+0000] {logging_mixin.py:188} INFO - [2024-07-27T22:04:03.065+0000] {dag.py:3947} INFO - Setting next_dagrun for example_setup_teardown to 2024-07-26 00:00:00+00:00, run_after=2024-07-27 00:00:00+00:00
[2024-07-27T22:04:03.081+0000] {processor.py:183} INFO - Processing /home/airflow/.local/lib/python3.12/site-packages/airflow/example_dags/example_setup_teardown.py took 0.154 seconds
[2024-07-27T22:04:33.497+0000] {processor.py:161} INFO - Started process (PID=4412) to work on /home/airflow/.local/lib/python3.12/site-packages/airflow/example_dags/example_setup_teardown.py
[2024-07-27T22:04:33.498+0000] {processor.py:830} INFO - Processing file /home/airflow/.local/lib/python3.12/site-packages/airflow/example_dags/example_setup_teardown.py for tasks to queue
[2024-07-27T22:04:33.499+0000] {logging_mixin.py:188} INFO - [2024-07-27T22:04:33.499+0000] {dagbag.py:545} INFO - Filling up the DagBag from /home/airflow/.local/lib/python3.12/site-packages/airflow/example_dags/example_setup_teardown.py
[2024-07-27T22:04:33.503+0000] {processor.py:840} INFO - DAG(s) 'example_setup_teardown' retrieved from /home/airflow/.local/lib/python3.12/site-packages/airflow/example_dags/example_setup_teardown.py
[2024-07-27T22:04:33.515+0000] {logging_mixin.py:188} INFO - [2024-07-27T22:04:33.515+0000] {dag.py:3089} INFO - Sync 1 DAGs
[2024-07-27T22:04:33.526+0000] {logging_mixin.py:188} INFO - [2024-07-27T22:04:33.526+0000] {dag.py:3947} INFO - Setting next_dagrun for example_setup_teardown to 2024-07-26 00:00:00+00:00, run_after=2024-07-27 00:00:00+00:00
[2024-07-27T22:04:33.535+0000] {processor.py:183} INFO - Processing /home/airflow/.local/lib/python3.12/site-packages/airflow/example_dags/example_setup_teardown.py took 0.041 seconds
[2024-07-27T22:05:03.897+0000] {processor.py:161} INFO - Started process (PID=4675) to work on /home/airflow/.local/lib/python3.12/site-packages/airflow/example_dags/example_setup_teardown.py
[2024-07-27T22:05:03.898+0000] {processor.py:830} INFO - Processing file /home/airflow/.local/lib/python3.12/site-packages/airflow/example_dags/example_setup_teardown.py for tasks to queue
[2024-07-27T22:05:03.899+0000] {logging_mixin.py:188} INFO - [2024-07-27T22:05:03.899+0000] {dagbag.py:545} INFO - Filling up the DagBag from /home/airflow/.local/lib/python3.12/site-packages/airflow/example_dags/example_setup_teardown.py
[2024-07-27T22:05:03.903+0000] {processor.py:840} INFO - DAG(s) 'example_setup_teardown' retrieved from /home/airflow/.local/lib/python3.12/site-packages/airflow/example_dags/example_setup_teardown.py
[2024-07-27T22:05:03.914+0000] {logging_mixin.py:188} INFO - [2024-07-27T22:05:03.914+0000] {dag.py:3089} INFO - Sync 1 DAGs
[2024-07-27T22:05:03.925+0000] {logging_mixin.py:188} INFO - [2024-07-27T22:05:03.925+0000] {dag.py:3947} INFO - Setting next_dagrun for example_setup_teardown to 2024-07-26 00:00:00+00:00, run_after=2024-07-27 00:00:00+00:00
[2024-07-27T22:05:03.934+0000] {processor.py:183} INFO - Processing /home/airflow/.local/lib/python3.12/site-packages/airflow/example_dags/example_setup_teardown.py took 0.041 seconds
[2024-07-27T22:05:34.042+0000] {processor.py:161} INFO - Started process (PID=4935) to work on /home/airflow/.local/lib/python3.12/site-packages/airflow/example_dags/example_setup_teardown.py
[2024-07-27T22:05:34.043+0000] {processor.py:830} INFO - Processing file /home/airflow/.local/lib/python3.12/site-packages/airflow/example_dags/example_setup_teardown.py for tasks to queue
[2024-07-27T22:05:34.044+0000] {logging_mixin.py:188} INFO - [2024-07-27T22:05:34.044+0000] {dagbag.py:545} INFO - Filling up the DagBag from /home/airflow/.local/lib/python3.12/site-packages/airflow/example_dags/example_setup_teardown.py
[2024-07-27T22:05:34.049+0000] {processor.py:840} INFO - DAG(s) 'example_setup_teardown' retrieved from /home/airflow/.local/lib/python3.12/site-packages/airflow/example_dags/example_setup_teardown.py
[2024-07-27T22:05:34.065+0000] {logging_mixin.py:188} INFO - [2024-07-27T22:05:34.064+0000] {dag.py:3089} INFO - Sync 1 DAGs
[2024-07-27T22:05:34.085+0000] {logging_mixin.py:188} INFO - [2024-07-27T22:05:34.085+0000] {dag.py:3947} INFO - Setting next_dagrun for example_setup_teardown to 2024-07-26 00:00:00+00:00, run_after=2024-07-27 00:00:00+00:00
[2024-07-27T22:05:34.101+0000] {processor.py:183} INFO - Processing /home/airflow/.local/lib/python3.12/site-packages/airflow/example_dags/example_setup_teardown.py took 0.063 seconds
[2024-07-27T22:06:04.220+0000] {processor.py:161} INFO - Started process (PID=5196) to work on /home/airflow/.local/lib/python3.12/site-packages/airflow/example_dags/example_setup_teardown.py
[2024-07-27T22:06:04.221+0000] {processor.py:830} INFO - Processing file /home/airflow/.local/lib/python3.12/site-packages/airflow/example_dags/example_setup_teardown.py for tasks to queue
[2024-07-27T22:06:04.222+0000] {logging_mixin.py:188} INFO - [2024-07-27T22:06:04.222+0000] {dagbag.py:545} INFO - Filling up the DagBag from /home/airflow/.local/lib/python3.12/site-packages/airflow/example_dags/example_setup_teardown.py
[2024-07-27T22:06:04.226+0000] {processor.py:840} INFO - DAG(s) 'example_setup_teardown' retrieved from /home/airflow/.local/lib/python3.12/site-packages/airflow/example_dags/example_setup_teardown.py
[2024-07-27T22:06:04.238+0000] {logging_mixin.py:188} INFO - [2024-07-27T22:06:04.238+0000] {dag.py:3089} INFO - Sync 1 DAGs
[2024-07-27T22:06:04.251+0000] {logging_mixin.py:188} INFO - [2024-07-27T22:06:04.251+0000] {dag.py:3947} INFO - Setting next_dagrun for example_setup_teardown to 2024-07-26 00:00:00+00:00, run_after=2024-07-27 00:00:00+00:00
[2024-07-27T22:06:04.265+0000] {processor.py:183} INFO - Processing /home/airflow/.local/lib/python3.12/site-packages/airflow/example_dags/example_setup_teardown.py took 0.050 seconds
[2024-07-27T22:06:34.616+0000] {processor.py:161} INFO - Started process (PID=5458) to work on /home/airflow/.local/lib/python3.12/site-packages/airflow/example_dags/example_setup_teardown.py
[2024-07-27T22:06:34.617+0000] {processor.py:830} INFO - Processing file /home/airflow/.local/lib/python3.12/site-packages/airflow/example_dags/example_setup_teardown.py for tasks to queue
[2024-07-27T22:06:34.620+0000] {logging_mixin.py:188} INFO - [2024-07-27T22:06:34.619+0000] {dagbag.py:545} INFO - Filling up the DagBag from /home/airflow/.local/lib/python3.12/site-packages/airflow/example_dags/example_setup_teardown.py
[2024-07-27T22:06:34.629+0000] {processor.py:840} INFO - DAG(s) 'example_setup_teardown' retrieved from /home/airflow/.local/lib/python3.12/site-packages/airflow/example_dags/example_setup_teardown.py
[2024-07-27T22:06:34.644+0000] {logging_mixin.py:188} INFO - [2024-07-27T22:06:34.644+0000] {dag.py:3089} INFO - Sync 1 DAGs
[2024-07-27T22:06:34.661+0000] {logging_mixin.py:188} INFO - [2024-07-27T22:06:34.660+0000] {dag.py:3947} INFO - Setting next_dagrun for example_setup_teardown to 2024-07-26 00:00:00+00:00, run_after=2024-07-27 00:00:00+00:00
[2024-07-27T22:06:34.672+0000] {processor.py:183} INFO - Processing /home/airflow/.local/lib/python3.12/site-packages/airflow/example_dags/example_setup_teardown.py took 0.067 seconds
[2024-07-27T22:07:04.769+0000] {processor.py:161} INFO - Started process (PID=5715) to work on /home/airflow/.local/lib/python3.12/site-packages/airflow/example_dags/example_setup_teardown.py
[2024-07-27T22:07:04.770+0000] {processor.py:830} INFO - Processing file /home/airflow/.local/lib/python3.12/site-packages/airflow/example_dags/example_setup_teardown.py for tasks to queue
[2024-07-27T22:07:04.771+0000] {logging_mixin.py:188} INFO - [2024-07-27T22:07:04.771+0000] {dagbag.py:545} INFO - Filling up the DagBag from /home/airflow/.local/lib/python3.12/site-packages/airflow/example_dags/example_setup_teardown.py
[2024-07-27T22:07:04.776+0000] {processor.py:840} INFO - DAG(s) 'example_setup_teardown' retrieved from /home/airflow/.local/lib/python3.12/site-packages/airflow/example_dags/example_setup_teardown.py
[2024-07-27T22:07:04.789+0000] {logging_mixin.py:188} INFO - [2024-07-27T22:07:04.789+0000] {dag.py:3089} INFO - Sync 1 DAGs
[2024-07-27T22:07:04.801+0000] {logging_mixin.py:188} INFO - [2024-07-27T22:07:04.801+0000] {dag.py:3947} INFO - Setting next_dagrun for example_setup_teardown to 2024-07-26 00:00:00+00:00, run_after=2024-07-27 00:00:00+00:00
[2024-07-27T22:07:04.811+0000] {processor.py:183} INFO - Processing /home/airflow/.local/lib/python3.12/site-packages/airflow/example_dags/example_setup_teardown.py took 0.045 seconds
[2024-07-27T22:07:35.015+0000] {processor.py:161} INFO - Started process (PID=5977) to work on /home/airflow/.local/lib/python3.12/site-packages/airflow/example_dags/example_setup_teardown.py
[2024-07-27T22:07:35.016+0000] {processor.py:830} INFO - Processing file /home/airflow/.local/lib/python3.12/site-packages/airflow/example_dags/example_setup_teardown.py for tasks to queue
[2024-07-27T22:07:35.017+0000] {logging_mixin.py:188} INFO - [2024-07-27T22:07:35.017+0000] {dagbag.py:545} INFO - Filling up the DagBag from /home/airflow/.local/lib/python3.12/site-packages/airflow/example_dags/example_setup_teardown.py
[2024-07-27T22:07:35.021+0000] {processor.py:840} INFO - DAG(s) 'example_setup_teardown' retrieved from /home/airflow/.local/lib/python3.12/site-packages/airflow/example_dags/example_setup_teardown.py
[2024-07-27T22:07:35.032+0000] {logging_mixin.py:188} INFO - [2024-07-27T22:07:35.031+0000] {dag.py:3089} INFO - Sync 1 DAGs
[2024-07-27T22:07:35.041+0000] {logging_mixin.py:188} INFO - [2024-07-27T22:07:35.041+0000] {dag.py:3947} INFO - Setting next_dagrun for example_setup_teardown to 2024-07-26 00:00:00+00:00, run_after=2024-07-27 00:00:00+00:00
[2024-07-27T22:07:35.050+0000] {processor.py:183} INFO - Processing /home/airflow/.local/lib/python3.12/site-packages/airflow/example_dags/example_setup_teardown.py took 0.039 seconds
[2024-07-27T22:08:05.213+0000] {processor.py:161} INFO - Started process (PID=6241) to work on /home/airflow/.local/lib/python3.12/site-packages/airflow/example_dags/example_setup_teardown.py
[2024-07-27T22:08:05.214+0000] {processor.py:830} INFO - Processing file /home/airflow/.local/lib/python3.12/site-packages/airflow/example_dags/example_setup_teardown.py for tasks to queue
[2024-07-27T22:08:05.215+0000] {logging_mixin.py:188} INFO - [2024-07-27T22:08:05.215+0000] {dagbag.py:545} INFO - Filling up the DagBag from /home/airflow/.local/lib/python3.12/site-packages/airflow/example_dags/example_setup_teardown.py
[2024-07-27T22:08:05.218+0000] {processor.py:840} INFO - DAG(s) 'example_setup_teardown' retrieved from /home/airflow/.local/lib/python3.12/site-packages/airflow/example_dags/example_setup_teardown.py
[2024-07-27T22:08:05.229+0000] {logging_mixin.py:188} INFO - [2024-07-27T22:08:05.229+0000] {dag.py:3089} INFO - Sync 1 DAGs
[2024-07-27T22:08:05.239+0000] {logging_mixin.py:188} INFO - [2024-07-27T22:08:05.239+0000] {dag.py:3947} INFO - Setting next_dagrun for example_setup_teardown to 2024-07-26 00:00:00+00:00, run_after=2024-07-27 00:00:00+00:00
[2024-07-27T22:08:05.247+0000] {processor.py:183} INFO - Processing /home/airflow/.local/lib/python3.12/site-packages/airflow/example_dags/example_setup_teardown.py took 0.037 seconds
[2024-07-27T22:08:35.529+0000] {processor.py:161} INFO - Started process (PID=6501) to work on /home/airflow/.local/lib/python3.12/site-packages/airflow/example_dags/example_setup_teardown.py
[2024-07-27T22:08:35.530+0000] {processor.py:830} INFO - Processing file /home/airflow/.local/lib/python3.12/site-packages/airflow/example_dags/example_setup_teardown.py for tasks to queue
[2024-07-27T22:08:35.531+0000] {logging_mixin.py:188} INFO - [2024-07-27T22:08:35.531+0000] {dagbag.py:545} INFO - Filling up the DagBag from /home/airflow/.local/lib/python3.12/site-packages/airflow/example_dags/example_setup_teardown.py
[2024-07-27T22:08:35.535+0000] {processor.py:840} INFO - DAG(s) 'example_setup_teardown' retrieved from /home/airflow/.local/lib/python3.12/site-packages/airflow/example_dags/example_setup_teardown.py
[2024-07-27T22:08:35.551+0000] {logging_mixin.py:188} INFO - [2024-07-27T22:08:35.550+0000] {dag.py:3089} INFO - Sync 1 DAGs
[2024-07-27T22:08:35.561+0000] {logging_mixin.py:188} INFO - [2024-07-27T22:08:35.561+0000] {dag.py:3947} INFO - Setting next_dagrun for example_setup_teardown to 2024-07-26 00:00:00+00:00, run_after=2024-07-27 00:00:00+00:00
[2024-07-27T22:08:35.569+0000] {processor.py:183} INFO - Processing /home/airflow/.local/lib/python3.12/site-packages/airflow/example_dags/example_setup_teardown.py took 0.043 seconds
[2024-07-27T22:09:06.278+0000] {processor.py:161} INFO - Started process (PID=6763) to work on /home/airflow/.local/lib/python3.12/site-packages/airflow/example_dags/example_setup_teardown.py
[2024-07-27T22:09:06.279+0000] {processor.py:830} INFO - Processing file /home/airflow/.local/lib/python3.12/site-packages/airflow/example_dags/example_setup_teardown.py for tasks to queue
[2024-07-27T22:09:06.281+0000] {logging_mixin.py:188} INFO - [2024-07-27T22:09:06.280+0000] {dagbag.py:545} INFO - Filling up the DagBag from /home/airflow/.local/lib/python3.12/site-packages/airflow/example_dags/example_setup_teardown.py
[2024-07-27T22:09:06.285+0000] {processor.py:840} INFO - DAG(s) 'example_setup_teardown' retrieved from /home/airflow/.local/lib/python3.12/site-packages/airflow/example_dags/example_setup_teardown.py
[2024-07-27T22:09:06.296+0000] {logging_mixin.py:188} INFO - [2024-07-27T22:09:06.296+0000] {dag.py:3089} INFO - Sync 1 DAGs
[2024-07-27T22:09:06.306+0000] {logging_mixin.py:188} INFO - [2024-07-27T22:09:06.306+0000] {dag.py:3947} INFO - Setting next_dagrun for example_setup_teardown to 2024-07-26 00:00:00+00:00, run_after=2024-07-27 00:00:00+00:00
[2024-07-27T22:09:06.316+0000] {processor.py:183} INFO - Processing /home/airflow/.local/lib/python3.12/site-packages/airflow/example_dags/example_setup_teardown.py took 0.042 seconds
[2024-07-27T22:09:36.586+0000] {processor.py:161} INFO - Started process (PID=7027) to work on /home/airflow/.local/lib/python3.12/site-packages/airflow/example_dags/example_setup_teardown.py
[2024-07-27T22:09:36.587+0000] {processor.py:830} INFO - Processing file /home/airflow/.local/lib/python3.12/site-packages/airflow/example_dags/example_setup_teardown.py for tasks to queue
[2024-07-27T22:09:36.588+0000] {logging_mixin.py:188} INFO - [2024-07-27T22:09:36.588+0000] {dagbag.py:545} INFO - Filling up the DagBag from /home/airflow/.local/lib/python3.12/site-packages/airflow/example_dags/example_setup_teardown.py
[2024-07-27T22:09:36.592+0000] {processor.py:840} INFO - DAG(s) 'example_setup_teardown' retrieved from /home/airflow/.local/lib/python3.12/site-packages/airflow/example_dags/example_setup_teardown.py
[2024-07-27T22:09:36.601+0000] {logging_mixin.py:188} INFO - [2024-07-27T22:09:36.601+0000] {dag.py:3089} INFO - Sync 1 DAGs
[2024-07-27T22:09:36.611+0000] {logging_mixin.py:188} INFO - [2024-07-27T22:09:36.611+0000] {dag.py:3947} INFO - Setting next_dagrun for example_setup_teardown to 2024-07-26 00:00:00+00:00, run_after=2024-07-27 00:00:00+00:00
[2024-07-27T22:09:36.619+0000] {processor.py:183} INFO - Processing /home/airflow/.local/lib/python3.12/site-packages/airflow/example_dags/example_setup_teardown.py took 0.035 seconds
[2024-07-27T22:10:06.856+0000] {processor.py:161} INFO - Started process (PID=7287) to work on /home/airflow/.local/lib/python3.12/site-packages/airflow/example_dags/example_setup_teardown.py
[2024-07-27T22:10:06.857+0000] {processor.py:830} INFO - Processing file /home/airflow/.local/lib/python3.12/site-packages/airflow/example_dags/example_setup_teardown.py for tasks to queue
[2024-07-27T22:10:06.858+0000] {logging_mixin.py:188} INFO - [2024-07-27T22:10:06.858+0000] {dagbag.py:545} INFO - Filling up the DagBag from /home/airflow/.local/lib/python3.12/site-packages/airflow/example_dags/example_setup_teardown.py
[2024-07-27T22:10:06.862+0000] {processor.py:840} INFO - DAG(s) 'example_setup_teardown' retrieved from /home/airflow/.local/lib/python3.12/site-packages/airflow/example_dags/example_setup_teardown.py
[2024-07-27T22:10:06.873+0000] {logging_mixin.py:188} INFO - [2024-07-27T22:10:06.873+0000] {dag.py:3089} INFO - Sync 1 DAGs
[2024-07-27T22:10:06.886+0000] {logging_mixin.py:188} INFO - [2024-07-27T22:10:06.886+0000] {dag.py:3947} INFO - Setting next_dagrun for example_setup_teardown to 2024-07-26 00:00:00+00:00, run_after=2024-07-27 00:00:00+00:00
[2024-07-27T22:10:06.900+0000] {processor.py:183} INFO - Processing /home/airflow/.local/lib/python3.12/site-packages/airflow/example_dags/example_setup_teardown.py took 0.047 seconds
[2024-07-27T22:10:37.073+0000] {processor.py:161} INFO - Started process (PID=7549) to work on /home/airflow/.local/lib/python3.12/site-packages/airflow/example_dags/example_setup_teardown.py
[2024-07-27T22:10:37.074+0000] {processor.py:830} INFO - Processing file /home/airflow/.local/lib/python3.12/site-packages/airflow/example_dags/example_setup_teardown.py for tasks to queue
[2024-07-27T22:10:37.075+0000] {logging_mixin.py:188} INFO - [2024-07-27T22:10:37.075+0000] {dagbag.py:545} INFO - Filling up the DagBag from /home/airflow/.local/lib/python3.12/site-packages/airflow/example_dags/example_setup_teardown.py
[2024-07-27T22:10:37.079+0000] {processor.py:840} INFO - DAG(s) 'example_setup_teardown' retrieved from /home/airflow/.local/lib/python3.12/site-packages/airflow/example_dags/example_setup_teardown.py
[2024-07-27T22:10:37.089+0000] {logging_mixin.py:188} INFO - [2024-07-27T22:10:37.089+0000] {dag.py:3089} INFO - Sync 1 DAGs
[2024-07-27T22:10:37.099+0000] {logging_mixin.py:188} INFO - [2024-07-27T22:10:37.099+0000] {dag.py:3947} INFO - Setting next_dagrun for example_setup_teardown to 2024-07-26 00:00:00+00:00, run_after=2024-07-27 00:00:00+00:00
[2024-07-27T22:10:37.112+0000] {processor.py:183} INFO - Processing /home/airflow/.local/lib/python3.12/site-packages/airflow/example_dags/example_setup_teardown.py took 0.043 seconds
[2024-07-27T22:11:07.294+0000] {processor.py:161} INFO - Started process (PID=7811) to work on /home/airflow/.local/lib/python3.12/site-packages/airflow/example_dags/example_setup_teardown.py
[2024-07-27T22:11:07.295+0000] {processor.py:830} INFO - Processing file /home/airflow/.local/lib/python3.12/site-packages/airflow/example_dags/example_setup_teardown.py for tasks to queue
[2024-07-27T22:11:07.296+0000] {logging_mixin.py:188} INFO - [2024-07-27T22:11:07.296+0000] {dagbag.py:545} INFO - Filling up the DagBag from /home/airflow/.local/lib/python3.12/site-packages/airflow/example_dags/example_setup_teardown.py
[2024-07-27T22:11:07.300+0000] {processor.py:840} INFO - DAG(s) 'example_setup_teardown' retrieved from /home/airflow/.local/lib/python3.12/site-packages/airflow/example_dags/example_setup_teardown.py
[2024-07-27T22:11:07.310+0000] {logging_mixin.py:188} INFO - [2024-07-27T22:11:07.310+0000] {dag.py:3089} INFO - Sync 1 DAGs
[2024-07-27T22:11:07.320+0000] {logging_mixin.py:188} INFO - [2024-07-27T22:11:07.320+0000] {dag.py:3947} INFO - Setting next_dagrun for example_setup_teardown to 2024-07-26 00:00:00+00:00, run_after=2024-07-27 00:00:00+00:00
[2024-07-27T22:11:07.330+0000] {processor.py:183} INFO - Processing /home/airflow/.local/lib/python3.12/site-packages/airflow/example_dags/example_setup_teardown.py took 0.039 seconds
[2024-07-27T22:11:37.523+0000] {processor.py:161} INFO - Started process (PID=8073) to work on /home/airflow/.local/lib/python3.12/site-packages/airflow/example_dags/example_setup_teardown.py
[2024-07-27T22:11:37.524+0000] {processor.py:830} INFO - Processing file /home/airflow/.local/lib/python3.12/site-packages/airflow/example_dags/example_setup_teardown.py for tasks to queue
[2024-07-27T22:11:37.526+0000] {logging_mixin.py:188} INFO - [2024-07-27T22:11:37.525+0000] {dagbag.py:545} INFO - Filling up the DagBag from /home/airflow/.local/lib/python3.12/site-packages/airflow/example_dags/example_setup_teardown.py
[2024-07-27T22:11:37.529+0000] {processor.py:840} INFO - DAG(s) 'example_setup_teardown' retrieved from /home/airflow/.local/lib/python3.12/site-packages/airflow/example_dags/example_setup_teardown.py
[2024-07-27T22:11:37.539+0000] {logging_mixin.py:188} INFO - [2024-07-27T22:11:37.539+0000] {dag.py:3089} INFO - Sync 1 DAGs
[2024-07-27T22:11:37.549+0000] {logging_mixin.py:188} INFO - [2024-07-27T22:11:37.549+0000] {dag.py:3947} INFO - Setting next_dagrun for example_setup_teardown to 2024-07-26 00:00:00+00:00, run_after=2024-07-27 00:00:00+00:00
[2024-07-27T22:11:37.562+0000] {processor.py:183} INFO - Processing /home/airflow/.local/lib/python3.12/site-packages/airflow/example_dags/example_setup_teardown.py took 0.042 seconds
[2024-07-27T22:12:07.978+0000] {processor.py:161} INFO - Started process (PID=8336) to work on /home/airflow/.local/lib/python3.12/site-packages/airflow/example_dags/example_setup_teardown.py
[2024-07-27T22:12:07.978+0000] {processor.py:830} INFO - Processing file /home/airflow/.local/lib/python3.12/site-packages/airflow/example_dags/example_setup_teardown.py for tasks to queue
[2024-07-27T22:12:07.980+0000] {logging_mixin.py:188} INFO - [2024-07-27T22:12:07.979+0000] {dagbag.py:545} INFO - Filling up the DagBag from /home/airflow/.local/lib/python3.12/site-packages/airflow/example_dags/example_setup_teardown.py
[2024-07-27T22:12:07.983+0000] {processor.py:840} INFO - DAG(s) 'example_setup_teardown' retrieved from /home/airflow/.local/lib/python3.12/site-packages/airflow/example_dags/example_setup_teardown.py
[2024-07-27T22:12:07.993+0000] {logging_mixin.py:188} INFO - [2024-07-27T22:12:07.993+0000] {dag.py:3089} INFO - Sync 1 DAGs
[2024-07-27T22:12:08.003+0000] {logging_mixin.py:188} INFO - [2024-07-27T22:12:08.002+0000] {dag.py:3947} INFO - Setting next_dagrun for example_setup_teardown to 2024-07-26 00:00:00+00:00, run_after=2024-07-27 00:00:00+00:00
[2024-07-27T22:12:08.012+0000] {processor.py:183} INFO - Processing /home/airflow/.local/lib/python3.12/site-packages/airflow/example_dags/example_setup_teardown.py took 0.038 seconds
[2024-07-27T22:12:38.440+0000] {processor.py:161} INFO - Started process (PID=8598) to work on /home/airflow/.local/lib/python3.12/site-packages/airflow/example_dags/example_setup_teardown.py
[2024-07-27T22:12:38.441+0000] {processor.py:830} INFO - Processing file /home/airflow/.local/lib/python3.12/site-packages/airflow/example_dags/example_setup_teardown.py for tasks to queue
[2024-07-27T22:12:38.442+0000] {logging_mixin.py:188} INFO - [2024-07-27T22:12:38.442+0000] {dagbag.py:545} INFO - Filling up the DagBag from /home/airflow/.local/lib/python3.12/site-packages/airflow/example_dags/example_setup_teardown.py
[2024-07-27T22:12:38.446+0000] {processor.py:840} INFO - DAG(s) 'example_setup_teardown' retrieved from /home/airflow/.local/lib/python3.12/site-packages/airflow/example_dags/example_setup_teardown.py
[2024-07-27T22:12:38.458+0000] {logging_mixin.py:188} INFO - [2024-07-27T22:12:38.458+0000] {dag.py:3089} INFO - Sync 1 DAGs
[2024-07-27T22:12:38.469+0000] {logging_mixin.py:188} INFO - [2024-07-27T22:12:38.469+0000] {dag.py:3947} INFO - Setting next_dagrun for example_setup_teardown to 2024-07-26 00:00:00+00:00, run_after=2024-07-27 00:00:00+00:00
[2024-07-27T22:12:38.481+0000] {processor.py:183} INFO - Processing /home/airflow/.local/lib/python3.12/site-packages/airflow/example_dags/example_setup_teardown.py took 0.049 seconds
[2024-07-27T22:13:08.623+0000] {processor.py:161} INFO - Started process (PID=8860) to work on /home/airflow/.local/lib/python3.12/site-packages/airflow/example_dags/example_setup_teardown.py
[2024-07-27T22:13:08.625+0000] {processor.py:830} INFO - Processing file /home/airflow/.local/lib/python3.12/site-packages/airflow/example_dags/example_setup_teardown.py for tasks to queue
[2024-07-27T22:13:08.626+0000] {logging_mixin.py:188} INFO - [2024-07-27T22:13:08.626+0000] {dagbag.py:545} INFO - Filling up the DagBag from /home/airflow/.local/lib/python3.12/site-packages/airflow/example_dags/example_setup_teardown.py
[2024-07-27T22:13:08.631+0000] {processor.py:840} INFO - DAG(s) 'example_setup_teardown' retrieved from /home/airflow/.local/lib/python3.12/site-packages/airflow/example_dags/example_setup_teardown.py
[2024-07-27T22:13:08.645+0000] {logging_mixin.py:188} INFO - [2024-07-27T22:13:08.645+0000] {dag.py:3089} INFO - Sync 1 DAGs
[2024-07-27T22:13:08.657+0000] {logging_mixin.py:188} INFO - [2024-07-27T22:13:08.657+0000] {dag.py:3947} INFO - Setting next_dagrun for example_setup_teardown to 2024-07-26 00:00:00+00:00, run_after=2024-07-27 00:00:00+00:00
[2024-07-27T22:13:08.667+0000] {processor.py:183} INFO - Processing /home/airflow/.local/lib/python3.12/site-packages/airflow/example_dags/example_setup_teardown.py took 0.048 seconds
[2024-07-27T22:13:38.877+0000] {processor.py:161} INFO - Started process (PID=9122) to work on /home/airflow/.local/lib/python3.12/site-packages/airflow/example_dags/example_setup_teardown.py
[2024-07-27T22:13:38.878+0000] {processor.py:830} INFO - Processing file /home/airflow/.local/lib/python3.12/site-packages/airflow/example_dags/example_setup_teardown.py for tasks to queue
[2024-07-27T22:13:38.879+0000] {logging_mixin.py:188} INFO - [2024-07-27T22:13:38.878+0000] {dagbag.py:545} INFO - Filling up the DagBag from /home/airflow/.local/lib/python3.12/site-packages/airflow/example_dags/example_setup_teardown.py
[2024-07-27T22:13:38.882+0000] {processor.py:840} INFO - DAG(s) 'example_setup_teardown' retrieved from /home/airflow/.local/lib/python3.12/site-packages/airflow/example_dags/example_setup_teardown.py
[2024-07-27T22:13:38.892+0000] {logging_mixin.py:188} INFO - [2024-07-27T22:13:38.892+0000] {dag.py:3089} INFO - Sync 1 DAGs
[2024-07-27T22:13:38.902+0000] {logging_mixin.py:188} INFO - [2024-07-27T22:13:38.902+0000] {dag.py:3947} INFO - Setting next_dagrun for example_setup_teardown to 2024-07-26 00:00:00+00:00, run_after=2024-07-27 00:00:00+00:00
[2024-07-27T22:13:38.910+0000] {processor.py:183} INFO - Processing /home/airflow/.local/lib/python3.12/site-packages/airflow/example_dags/example_setup_teardown.py took 0.037 seconds
[2024-07-27T22:14:09.204+0000] {processor.py:161} INFO - Started process (PID=9384) to work on /home/airflow/.local/lib/python3.12/site-packages/airflow/example_dags/example_setup_teardown.py
[2024-07-27T22:14:09.206+0000] {processor.py:830} INFO - Processing file /home/airflow/.local/lib/python3.12/site-packages/airflow/example_dags/example_setup_teardown.py for tasks to queue
[2024-07-27T22:14:09.207+0000] {logging_mixin.py:188} INFO - [2024-07-27T22:14:09.207+0000] {dagbag.py:545} INFO - Filling up the DagBag from /home/airflow/.local/lib/python3.12/site-packages/airflow/example_dags/example_setup_teardown.py
[2024-07-27T22:14:09.211+0000] {processor.py:840} INFO - DAG(s) 'example_setup_teardown' retrieved from /home/airflow/.local/lib/python3.12/site-packages/airflow/example_dags/example_setup_teardown.py
[2024-07-27T22:14:09.222+0000] {logging_mixin.py:188} INFO - [2024-07-27T22:14:09.222+0000] {dag.py:3089} INFO - Sync 1 DAGs
[2024-07-27T22:14:09.232+0000] {logging_mixin.py:188} INFO - [2024-07-27T22:14:09.232+0000] {dag.py:3947} INFO - Setting next_dagrun for example_setup_teardown to 2024-07-26 00:00:00+00:00, run_after=2024-07-27 00:00:00+00:00
[2024-07-27T22:14:09.243+0000] {processor.py:183} INFO - Processing /home/airflow/.local/lib/python3.12/site-packages/airflow/example_dags/example_setup_teardown.py took 0.042 seconds
[2024-07-27T22:14:39.704+0000] {processor.py:161} INFO - Started process (PID=9645) to work on /home/airflow/.local/lib/python3.12/site-packages/airflow/example_dags/example_setup_teardown.py
[2024-07-27T22:14:39.705+0000] {processor.py:830} INFO - Processing file /home/airflow/.local/lib/python3.12/site-packages/airflow/example_dags/example_setup_teardown.py for tasks to queue
[2024-07-27T22:14:39.706+0000] {logging_mixin.py:188} INFO - [2024-07-27T22:14:39.706+0000] {dagbag.py:545} INFO - Filling up the DagBag from /home/airflow/.local/lib/python3.12/site-packages/airflow/example_dags/example_setup_teardown.py
[2024-07-27T22:14:39.711+0000] {processor.py:840} INFO - DAG(s) 'example_setup_teardown' retrieved from /home/airflow/.local/lib/python3.12/site-packages/airflow/example_dags/example_setup_teardown.py
[2024-07-27T22:14:39.732+0000] {logging_mixin.py:188} INFO - [2024-07-27T22:14:39.732+0000] {dag.py:3089} INFO - Sync 1 DAGs
[2024-07-27T22:14:39.745+0000] {logging_mixin.py:188} INFO - [2024-07-27T22:14:39.745+0000] {dag.py:3947} INFO - Setting next_dagrun for example_setup_teardown to 2024-07-26 00:00:00+00:00, run_after=2024-07-27 00:00:00+00:00
[2024-07-27T22:14:39.758+0000] {processor.py:183} INFO - Processing /home/airflow/.local/lib/python3.12/site-packages/airflow/example_dags/example_setup_teardown.py took 0.058 seconds
[2024-07-27T22:15:10.124+0000] {processor.py:161} INFO - Started process (PID=9909) to work on /home/airflow/.local/lib/python3.12/site-packages/airflow/example_dags/example_setup_teardown.py
[2024-07-27T22:15:10.126+0000] {processor.py:830} INFO - Processing file /home/airflow/.local/lib/python3.12/site-packages/airflow/example_dags/example_setup_teardown.py for tasks to queue
[2024-07-27T22:15:10.130+0000] {logging_mixin.py:188} INFO - [2024-07-27T22:15:10.129+0000] {dagbag.py:545} INFO - Filling up the DagBag from /home/airflow/.local/lib/python3.12/site-packages/airflow/example_dags/example_setup_teardown.py
[2024-07-27T22:15:10.144+0000] {processor.py:840} INFO - DAG(s) 'example_setup_teardown' retrieved from /home/airflow/.local/lib/python3.12/site-packages/airflow/example_dags/example_setup_teardown.py
[2024-07-27T22:15:10.201+0000] {logging_mixin.py:188} INFO - [2024-07-27T22:15:10.201+0000] {dag.py:3089} INFO - Sync 1 DAGs
[2024-07-27T22:15:10.227+0000] {logging_mixin.py:188} INFO - [2024-07-27T22:15:10.227+0000] {dag.py:3947} INFO - Setting next_dagrun for example_setup_teardown to 2024-07-26 00:00:00+00:00, run_after=2024-07-27 00:00:00+00:00
[2024-07-27T22:15:10.243+0000] {processor.py:183} INFO - Processing /home/airflow/.local/lib/python3.12/site-packages/airflow/example_dags/example_setup_teardown.py took 0.127 seconds
[2024-07-27T22:15:41.074+0000] {processor.py:161} INFO - Started process (PID=10170) to work on /home/airflow/.local/lib/python3.12/site-packages/airflow/example_dags/example_setup_teardown.py
[2024-07-27T22:15:41.077+0000] {processor.py:830} INFO - Processing file /home/airflow/.local/lib/python3.12/site-packages/airflow/example_dags/example_setup_teardown.py for tasks to queue
[2024-07-27T22:15:41.081+0000] {logging_mixin.py:188} INFO - [2024-07-27T22:15:41.079+0000] {dagbag.py:545} INFO - Filling up the DagBag from /home/airflow/.local/lib/python3.12/site-packages/airflow/example_dags/example_setup_teardown.py
[2024-07-27T22:15:41.090+0000] {processor.py:840} INFO - DAG(s) 'example_setup_teardown' retrieved from /home/airflow/.local/lib/python3.12/site-packages/airflow/example_dags/example_setup_teardown.py
[2024-07-27T22:15:41.133+0000] {logging_mixin.py:188} INFO - [2024-07-27T22:15:41.133+0000] {dag.py:3089} INFO - Sync 1 DAGs
[2024-07-27T22:15:41.200+0000] {logging_mixin.py:188} INFO - [2024-07-27T22:15:41.200+0000] {dag.py:3947} INFO - Setting next_dagrun for example_setup_teardown to 2024-07-26 00:00:00+00:00, run_after=2024-07-27 00:00:00+00:00
[2024-07-27T22:15:41.227+0000] {processor.py:183} INFO - Processing /home/airflow/.local/lib/python3.12/site-packages/airflow/example_dags/example_setup_teardown.py took 0.185 seconds
[2024-07-27T22:16:11.929+0000] {processor.py:161} INFO - Started process (PID=10437) to work on /home/airflow/.local/lib/python3.12/site-packages/airflow/example_dags/example_setup_teardown.py
[2024-07-27T22:16:11.931+0000] {processor.py:830} INFO - Processing file /home/airflow/.local/lib/python3.12/site-packages/airflow/example_dags/example_setup_teardown.py for tasks to queue
[2024-07-27T22:16:11.933+0000] {logging_mixin.py:188} INFO - [2024-07-27T22:16:11.932+0000] {dagbag.py:545} INFO - Filling up the DagBag from /home/airflow/.local/lib/python3.12/site-packages/airflow/example_dags/example_setup_teardown.py
[2024-07-27T22:16:11.940+0000] {processor.py:840} INFO - DAG(s) 'example_setup_teardown' retrieved from /home/airflow/.local/lib/python3.12/site-packages/airflow/example_dags/example_setup_teardown.py
[2024-07-27T22:16:11.966+0000] {logging_mixin.py:188} INFO - [2024-07-27T22:16:11.966+0000] {dag.py:3089} INFO - Sync 1 DAGs
[2024-07-27T22:16:11.991+0000] {logging_mixin.py:188} INFO - [2024-07-27T22:16:11.991+0000] {dag.py:3947} INFO - Setting next_dagrun for example_setup_teardown to 2024-07-26 00:00:00+00:00, run_after=2024-07-27 00:00:00+00:00
[2024-07-27T22:16:12.106+0000] {processor.py:183} INFO - Processing /home/airflow/.local/lib/python3.12/site-packages/airflow/example_dags/example_setup_teardown.py took 0.184 seconds
[2024-07-27T22:16:42.158+0000] {processor.py:161} INFO - Started process (PID=10708) to work on /home/airflow/.local/lib/python3.12/site-packages/airflow/example_dags/example_setup_teardown.py
[2024-07-27T22:16:42.159+0000] {processor.py:830} INFO - Processing file /home/airflow/.local/lib/python3.12/site-packages/airflow/example_dags/example_setup_teardown.py for tasks to queue
[2024-07-27T22:16:42.160+0000] {logging_mixin.py:188} INFO - [2024-07-27T22:16:42.160+0000] {dagbag.py:545} INFO - Filling up the DagBag from /home/airflow/.local/lib/python3.12/site-packages/airflow/example_dags/example_setup_teardown.py
[2024-07-27T22:16:42.164+0000] {processor.py:840} INFO - DAG(s) 'example_setup_teardown' retrieved from /home/airflow/.local/lib/python3.12/site-packages/airflow/example_dags/example_setup_teardown.py
[2024-07-27T22:16:42.174+0000] {logging_mixin.py:188} INFO - [2024-07-27T22:16:42.174+0000] {dag.py:3089} INFO - Sync 1 DAGs
[2024-07-27T22:16:42.184+0000] {logging_mixin.py:188} INFO - [2024-07-27T22:16:42.184+0000] {dag.py:3947} INFO - Setting next_dagrun for example_setup_teardown to 2024-07-26 00:00:00+00:00, run_after=2024-07-27 00:00:00+00:00
[2024-07-27T22:16:42.192+0000] {processor.py:183} INFO - Processing /home/airflow/.local/lib/python3.12/site-packages/airflow/example_dags/example_setup_teardown.py took 0.037 seconds
[2024-07-27T22:17:12.636+0000] {processor.py:161} INFO - Started process (PID=10963) to work on /home/airflow/.local/lib/python3.12/site-packages/airflow/example_dags/example_setup_teardown.py
[2024-07-27T22:17:12.637+0000] {processor.py:830} INFO - Processing file /home/airflow/.local/lib/python3.12/site-packages/airflow/example_dags/example_setup_teardown.py for tasks to queue
[2024-07-27T22:17:12.638+0000] {logging_mixin.py:188} INFO - [2024-07-27T22:17:12.638+0000] {dagbag.py:545} INFO - Filling up the DagBag from /home/airflow/.local/lib/python3.12/site-packages/airflow/example_dags/example_setup_teardown.py
[2024-07-27T22:17:12.642+0000] {processor.py:840} INFO - DAG(s) 'example_setup_teardown' retrieved from /home/airflow/.local/lib/python3.12/site-packages/airflow/example_dags/example_setup_teardown.py
[2024-07-27T22:17:12.653+0000] {logging_mixin.py:188} INFO - [2024-07-27T22:17:12.653+0000] {dag.py:3089} INFO - Sync 1 DAGs
[2024-07-27T22:17:12.665+0000] {logging_mixin.py:188} INFO - [2024-07-27T22:17:12.665+0000] {dag.py:3947} INFO - Setting next_dagrun for example_setup_teardown to 2024-07-26 00:00:00+00:00, run_after=2024-07-27 00:00:00+00:00
[2024-07-27T22:17:12.675+0000] {processor.py:183} INFO - Processing /home/airflow/.local/lib/python3.12/site-packages/airflow/example_dags/example_setup_teardown.py took 0.043 seconds
[2024-07-27T22:17:43.351+0000] {processor.py:161} INFO - Started process (PID=11225) to work on /home/airflow/.local/lib/python3.12/site-packages/airflow/example_dags/example_setup_teardown.py
[2024-07-27T22:17:43.352+0000] {processor.py:830} INFO - Processing file /home/airflow/.local/lib/python3.12/site-packages/airflow/example_dags/example_setup_teardown.py for tasks to queue
[2024-07-27T22:17:43.353+0000] {logging_mixin.py:188} INFO - [2024-07-27T22:17:43.353+0000] {dagbag.py:545} INFO - Filling up the DagBag from /home/airflow/.local/lib/python3.12/site-packages/airflow/example_dags/example_setup_teardown.py
[2024-07-27T22:17:43.357+0000] {processor.py:840} INFO - DAG(s) 'example_setup_teardown' retrieved from /home/airflow/.local/lib/python3.12/site-packages/airflow/example_dags/example_setup_teardown.py
[2024-07-27T22:17:43.368+0000] {logging_mixin.py:188} INFO - [2024-07-27T22:17:43.368+0000] {dag.py:3089} INFO - Sync 1 DAGs
[2024-07-27T22:17:43.481+0000] {logging_mixin.py:188} INFO - [2024-07-27T22:17:43.480+0000] {dag.py:3947} INFO - Setting next_dagrun for example_setup_teardown to 2024-07-26 00:00:00+00:00, run_after=2024-07-27 00:00:00+00:00
[2024-07-27T22:17:43.496+0000] {processor.py:183} INFO - Processing /home/airflow/.local/lib/python3.12/site-packages/airflow/example_dags/example_setup_teardown.py took 0.150 seconds
[2024-07-27T22:18:14.506+0000] {processor.py:161} INFO - Started process (PID=11489) to work on /home/airflow/.local/lib/python3.12/site-packages/airflow/example_dags/example_setup_teardown.py
[2024-07-27T22:18:14.509+0000] {processor.py:830} INFO - Processing file /home/airflow/.local/lib/python3.12/site-packages/airflow/example_dags/example_setup_teardown.py for tasks to queue
[2024-07-27T22:18:14.512+0000] {logging_mixin.py:188} INFO - [2024-07-27T22:18:14.512+0000] {dagbag.py:545} INFO - Filling up the DagBag from /home/airflow/.local/lib/python3.12/site-packages/airflow/example_dags/example_setup_teardown.py
[2024-07-27T22:18:14.520+0000] {processor.py:840} INFO - DAG(s) 'example_setup_teardown' retrieved from /home/airflow/.local/lib/python3.12/site-packages/airflow/example_dags/example_setup_teardown.py
[2024-07-27T22:18:14.537+0000] {logging_mixin.py:188} INFO - [2024-07-27T22:18:14.537+0000] {dag.py:3089} INFO - Sync 1 DAGs
[2024-07-27T22:18:14.550+0000] {logging_mixin.py:188} INFO - [2024-07-27T22:18:14.550+0000] {dag.py:3947} INFO - Setting next_dagrun for example_setup_teardown to 2024-07-26 00:00:00+00:00, run_after=2024-07-27 00:00:00+00:00
[2024-07-27T22:18:14.559+0000] {processor.py:183} INFO - Processing /home/airflow/.local/lib/python3.12/site-packages/airflow/example_dags/example_setup_teardown.py took 0.062 seconds
[2024-07-27T22:18:44.699+0000] {processor.py:161} INFO - Started process (PID=11751) to work on /home/airflow/.local/lib/python3.12/site-packages/airflow/example_dags/example_setup_teardown.py
[2024-07-27T22:18:44.701+0000] {processor.py:830} INFO - Processing file /home/airflow/.local/lib/python3.12/site-packages/airflow/example_dags/example_setup_teardown.py for tasks to queue
[2024-07-27T22:18:44.704+0000] {logging_mixin.py:188} INFO - [2024-07-27T22:18:44.704+0000] {dagbag.py:545} INFO - Filling up the DagBag from /home/airflow/.local/lib/python3.12/site-packages/airflow/example_dags/example_setup_teardown.py
[2024-07-27T22:18:44.712+0000] {processor.py:840} INFO - DAG(s) 'example_setup_teardown' retrieved from /home/airflow/.local/lib/python3.12/site-packages/airflow/example_dags/example_setup_teardown.py
[2024-07-27T22:18:44.730+0000] {logging_mixin.py:188} INFO - [2024-07-27T22:18:44.730+0000] {dag.py:3089} INFO - Sync 1 DAGs
[2024-07-27T22:18:44.743+0000] {logging_mixin.py:188} INFO - [2024-07-27T22:18:44.742+0000] {dag.py:3947} INFO - Setting next_dagrun for example_setup_teardown to 2024-07-26 00:00:00+00:00, run_after=2024-07-27 00:00:00+00:00
[2024-07-27T22:18:44.752+0000] {processor.py:183} INFO - Processing /home/airflow/.local/lib/python3.12/site-packages/airflow/example_dags/example_setup_teardown.py took 0.064 seconds
[2024-07-27T22:19:15.142+0000] {processor.py:161} INFO - Started process (PID=12013) to work on /home/airflow/.local/lib/python3.12/site-packages/airflow/example_dags/example_setup_teardown.py
[2024-07-27T22:19:15.144+0000] {processor.py:830} INFO - Processing file /home/airflow/.local/lib/python3.12/site-packages/airflow/example_dags/example_setup_teardown.py for tasks to queue
[2024-07-27T22:19:15.145+0000] {logging_mixin.py:188} INFO - [2024-07-27T22:19:15.145+0000] {dagbag.py:545} INFO - Filling up the DagBag from /home/airflow/.local/lib/python3.12/site-packages/airflow/example_dags/example_setup_teardown.py
[2024-07-27T22:19:15.151+0000] {processor.py:840} INFO - DAG(s) 'example_setup_teardown' retrieved from /home/airflow/.local/lib/python3.12/site-packages/airflow/example_dags/example_setup_teardown.py
[2024-07-27T22:19:15.166+0000] {logging_mixin.py:188} INFO - [2024-07-27T22:19:15.166+0000] {dag.py:3089} INFO - Sync 1 DAGs
[2024-07-27T22:19:15.183+0000] {logging_mixin.py:188} INFO - [2024-07-27T22:19:15.183+0000] {dag.py:3947} INFO - Setting next_dagrun for example_setup_teardown to 2024-07-26 00:00:00+00:00, run_after=2024-07-27 00:00:00+00:00
[2024-07-27T22:19:15.194+0000] {processor.py:183} INFO - Processing /home/airflow/.local/lib/python3.12/site-packages/airflow/example_dags/example_setup_teardown.py took 0.058 seconds
[2024-07-27T22:19:45.300+0000] {processor.py:161} INFO - Started process (PID=12275) to work on /home/airflow/.local/lib/python3.12/site-packages/airflow/example_dags/example_setup_teardown.py
[2024-07-27T22:19:45.302+0000] {processor.py:830} INFO - Processing file /home/airflow/.local/lib/python3.12/site-packages/airflow/example_dags/example_setup_teardown.py for tasks to queue
[2024-07-27T22:19:45.306+0000] {logging_mixin.py:188} INFO - [2024-07-27T22:19:45.305+0000] {dagbag.py:545} INFO - Filling up the DagBag from /home/airflow/.local/lib/python3.12/site-packages/airflow/example_dags/example_setup_teardown.py
[2024-07-27T22:19:45.319+0000] {processor.py:840} INFO - DAG(s) 'example_setup_teardown' retrieved from /home/airflow/.local/lib/python3.12/site-packages/airflow/example_dags/example_setup_teardown.py
[2024-07-27T22:19:45.365+0000] {logging_mixin.py:188} INFO - [2024-07-27T22:19:45.365+0000] {dag.py:3089} INFO - Sync 1 DAGs
[2024-07-27T22:19:45.403+0000] {logging_mixin.py:188} INFO - [2024-07-27T22:19:45.402+0000] {dag.py:3947} INFO - Setting next_dagrun for example_setup_teardown to 2024-07-26 00:00:00+00:00, run_after=2024-07-27 00:00:00+00:00
[2024-07-27T22:19:45.427+0000] {processor.py:183} INFO - Processing /home/airflow/.local/lib/python3.12/site-packages/airflow/example_dags/example_setup_teardown.py took 0.139 seconds
[2024-07-27T22:20:15.927+0000] {processor.py:161} INFO - Started process (PID=12542) to work on /home/airflow/.local/lib/python3.12/site-packages/airflow/example_dags/example_setup_teardown.py
[2024-07-27T22:20:15.928+0000] {processor.py:830} INFO - Processing file /home/airflow/.local/lib/python3.12/site-packages/airflow/example_dags/example_setup_teardown.py for tasks to queue
[2024-07-27T22:20:15.930+0000] {logging_mixin.py:188} INFO - [2024-07-27T22:20:15.929+0000] {dagbag.py:545} INFO - Filling up the DagBag from /home/airflow/.local/lib/python3.12/site-packages/airflow/example_dags/example_setup_teardown.py
[2024-07-27T22:20:15.934+0000] {processor.py:840} INFO - DAG(s) 'example_setup_teardown' retrieved from /home/airflow/.local/lib/python3.12/site-packages/airflow/example_dags/example_setup_teardown.py
[2024-07-27T22:20:15.948+0000] {logging_mixin.py:188} INFO - [2024-07-27T22:20:15.948+0000] {dag.py:3089} INFO - Sync 1 DAGs
[2024-07-27T22:20:15.959+0000] {logging_mixin.py:188} INFO - [2024-07-27T22:20:15.959+0000] {dag.py:3947} INFO - Setting next_dagrun for example_setup_teardown to 2024-07-26 00:00:00+00:00, run_after=2024-07-27 00:00:00+00:00
[2024-07-27T22:20:15.968+0000] {processor.py:183} INFO - Processing /home/airflow/.local/lib/python3.12/site-packages/airflow/example_dags/example_setup_teardown.py took 0.046 seconds
[2024-07-27T22:20:46.313+0000] {processor.py:161} INFO - Started process (PID=12809) to work on /home/airflow/.local/lib/python3.12/site-packages/airflow/example_dags/example_setup_teardown.py
[2024-07-27T22:20:46.316+0000] {processor.py:830} INFO - Processing file /home/airflow/.local/lib/python3.12/site-packages/airflow/example_dags/example_setup_teardown.py for tasks to queue
[2024-07-27T22:20:46.320+0000] {logging_mixin.py:188} INFO - [2024-07-27T22:20:46.319+0000] {dagbag.py:545} INFO - Filling up the DagBag from /home/airflow/.local/lib/python3.12/site-packages/airflow/example_dags/example_setup_teardown.py
[2024-07-27T22:20:46.340+0000] {processor.py:840} INFO - DAG(s) 'example_setup_teardown' retrieved from /home/airflow/.local/lib/python3.12/site-packages/airflow/example_dags/example_setup_teardown.py
[2024-07-27T22:20:46.384+0000] {logging_mixin.py:188} INFO - [2024-07-27T22:20:46.384+0000] {dag.py:3089} INFO - Sync 1 DAGs
[2024-07-27T22:20:46.405+0000] {logging_mixin.py:188} INFO - [2024-07-27T22:20:46.405+0000] {dag.py:3947} INFO - Setting next_dagrun for example_setup_teardown to 2024-07-26 00:00:00+00:00, run_after=2024-07-27 00:00:00+00:00
[2024-07-27T22:20:46.417+0000] {processor.py:183} INFO - Processing /home/airflow/.local/lib/python3.12/site-packages/airflow/example_dags/example_setup_teardown.py took 0.126 seconds
[2024-07-27T22:21:16.774+0000] {processor.py:161} INFO - Started process (PID=13076) to work on /home/airflow/.local/lib/python3.12/site-packages/airflow/example_dags/example_setup_teardown.py
[2024-07-27T22:21:16.776+0000] {processor.py:830} INFO - Processing file /home/airflow/.local/lib/python3.12/site-packages/airflow/example_dags/example_setup_teardown.py for tasks to queue
[2024-07-27T22:21:16.780+0000] {logging_mixin.py:188} INFO - [2024-07-27T22:21:16.779+0000] {dagbag.py:545} INFO - Filling up the DagBag from /home/airflow/.local/lib/python3.12/site-packages/airflow/example_dags/example_setup_teardown.py
[2024-07-27T22:21:16.788+0000] {processor.py:840} INFO - DAG(s) 'example_setup_teardown' retrieved from /home/airflow/.local/lib/python3.12/site-packages/airflow/example_dags/example_setup_teardown.py
[2024-07-27T22:21:16.805+0000] {logging_mixin.py:188} INFO - [2024-07-27T22:21:16.805+0000] {dag.py:3089} INFO - Sync 1 DAGs
[2024-07-27T22:21:16.817+0000] {logging_mixin.py:188} INFO - [2024-07-27T22:21:16.817+0000] {dag.py:3947} INFO - Setting next_dagrun for example_setup_teardown to 2024-07-26 00:00:00+00:00, run_after=2024-07-27 00:00:00+00:00
[2024-07-27T22:21:16.829+0000] {processor.py:183} INFO - Processing /home/airflow/.local/lib/python3.12/site-packages/airflow/example_dags/example_setup_teardown.py took 0.065 seconds
[2024-07-27T22:21:47.147+0000] {processor.py:161} INFO - Started process (PID=13348) to work on /home/airflow/.local/lib/python3.12/site-packages/airflow/example_dags/example_setup_teardown.py
[2024-07-27T22:21:47.149+0000] {processor.py:830} INFO - Processing file /home/airflow/.local/lib/python3.12/site-packages/airflow/example_dags/example_setup_teardown.py for tasks to queue
[2024-07-27T22:21:47.151+0000] {logging_mixin.py:188} INFO - [2024-07-27T22:21:47.150+0000] {dagbag.py:545} INFO - Filling up the DagBag from /home/airflow/.local/lib/python3.12/site-packages/airflow/example_dags/example_setup_teardown.py
[2024-07-27T22:21:47.157+0000] {processor.py:840} INFO - DAG(s) 'example_setup_teardown' retrieved from /home/airflow/.local/lib/python3.12/site-packages/airflow/example_dags/example_setup_teardown.py
[2024-07-27T22:21:47.177+0000] {logging_mixin.py:188} INFO - [2024-07-27T22:21:47.177+0000] {dag.py:3089} INFO - Sync 1 DAGs
[2024-07-27T22:21:47.195+0000] {logging_mixin.py:188} INFO - [2024-07-27T22:21:47.194+0000] {dag.py:3947} INFO - Setting next_dagrun for example_setup_teardown to 2024-07-26 00:00:00+00:00, run_after=2024-07-27 00:00:00+00:00
[2024-07-27T22:21:47.206+0000] {processor.py:183} INFO - Processing /home/airflow/.local/lib/python3.12/site-packages/airflow/example_dags/example_setup_teardown.py took 0.067 seconds
[2024-07-27T22:22:17.474+0000] {processor.py:161} INFO - Started process (PID=13615) to work on /home/airflow/.local/lib/python3.12/site-packages/airflow/example_dags/example_setup_teardown.py
[2024-07-27T22:22:17.477+0000] {processor.py:830} INFO - Processing file /home/airflow/.local/lib/python3.12/site-packages/airflow/example_dags/example_setup_teardown.py for tasks to queue
[2024-07-27T22:22:17.481+0000] {logging_mixin.py:188} INFO - [2024-07-27T22:22:17.481+0000] {dagbag.py:545} INFO - Filling up the DagBag from /home/airflow/.local/lib/python3.12/site-packages/airflow/example_dags/example_setup_teardown.py
[2024-07-27T22:22:17.491+0000] {processor.py:840} INFO - DAG(s) 'example_setup_teardown' retrieved from /home/airflow/.local/lib/python3.12/site-packages/airflow/example_dags/example_setup_teardown.py
[2024-07-27T22:22:17.521+0000] {logging_mixin.py:188} INFO - [2024-07-27T22:22:17.521+0000] {dag.py:3089} INFO - Sync 1 DAGs
[2024-07-27T22:22:17.541+0000] {logging_mixin.py:188} INFO - [2024-07-27T22:22:17.541+0000] {dag.py:3947} INFO - Setting next_dagrun for example_setup_teardown to 2024-07-26 00:00:00+00:00, run_after=2024-07-27 00:00:00+00:00
[2024-07-27T22:22:17.553+0000] {processor.py:183} INFO - Processing /home/airflow/.local/lib/python3.12/site-packages/airflow/example_dags/example_setup_teardown.py took 0.094 seconds
[2024-07-27T22:22:47.929+0000] {processor.py:161} INFO - Started process (PID=13882) to work on /home/airflow/.local/lib/python3.12/site-packages/airflow/example_dags/example_setup_teardown.py
[2024-07-27T22:22:47.932+0000] {processor.py:830} INFO - Processing file /home/airflow/.local/lib/python3.12/site-packages/airflow/example_dags/example_setup_teardown.py for tasks to queue
[2024-07-27T22:22:47.935+0000] {logging_mixin.py:188} INFO - [2024-07-27T22:22:47.934+0000] {dagbag.py:545} INFO - Filling up the DagBag from /home/airflow/.local/lib/python3.12/site-packages/airflow/example_dags/example_setup_teardown.py
[2024-07-27T22:22:47.945+0000] {processor.py:840} INFO - DAG(s) 'example_setup_teardown' retrieved from /home/airflow/.local/lib/python3.12/site-packages/airflow/example_dags/example_setup_teardown.py
[2024-07-27T22:22:47.961+0000] {logging_mixin.py:188} INFO - [2024-07-27T22:22:47.961+0000] {dag.py:3089} INFO - Sync 1 DAGs
[2024-07-27T22:22:47.973+0000] {logging_mixin.py:188} INFO - [2024-07-27T22:22:47.973+0000] {dag.py:3947} INFO - Setting next_dagrun for example_setup_teardown to 2024-07-26 00:00:00+00:00, run_after=2024-07-27 00:00:00+00:00
[2024-07-27T22:22:47.982+0000] {processor.py:183} INFO - Processing /home/airflow/.local/lib/python3.12/site-packages/airflow/example_dags/example_setup_teardown.py took 0.066 seconds
[2024-07-27T22:23:18.495+0000] {processor.py:161} INFO - Started process (PID=14170) to work on /home/airflow/.local/lib/python3.12/site-packages/airflow/example_dags/example_setup_teardown.py
[2024-07-27T22:23:18.496+0000] {processor.py:830} INFO - Processing file /home/airflow/.local/lib/python3.12/site-packages/airflow/example_dags/example_setup_teardown.py for tasks to queue
[2024-07-27T22:23:18.499+0000] {logging_mixin.py:188} INFO - [2024-07-27T22:23:18.498+0000] {dagbag.py:545} INFO - Filling up the DagBag from /home/airflow/.local/lib/python3.12/site-packages/airflow/example_dags/example_setup_teardown.py
[2024-07-27T22:23:18.505+0000] {processor.py:840} INFO - DAG(s) 'example_setup_teardown' retrieved from /home/airflow/.local/lib/python3.12/site-packages/airflow/example_dags/example_setup_teardown.py
[2024-07-27T22:23:18.520+0000] {logging_mixin.py:188} INFO - [2024-07-27T22:23:18.520+0000] {dag.py:3089} INFO - Sync 1 DAGs
[2024-07-27T22:23:18.532+0000] {logging_mixin.py:188} INFO - [2024-07-27T22:23:18.532+0000] {dag.py:3947} INFO - Setting next_dagrun for example_setup_teardown to 2024-07-26 00:00:00+00:00, run_after=2024-07-27 00:00:00+00:00
[2024-07-27T22:23:18.541+0000] {processor.py:183} INFO - Processing /home/airflow/.local/lib/python3.12/site-packages/airflow/example_dags/example_setup_teardown.py took 0.052 seconds
[2024-07-27T22:23:48.844+0000] {processor.py:161} INFO - Started process (PID=14437) to work on /home/airflow/.local/lib/python3.12/site-packages/airflow/example_dags/example_setup_teardown.py
[2024-07-27T22:23:48.847+0000] {processor.py:830} INFO - Processing file /home/airflow/.local/lib/python3.12/site-packages/airflow/example_dags/example_setup_teardown.py for tasks to queue
[2024-07-27T22:23:48.850+0000] {logging_mixin.py:188} INFO - [2024-07-27T22:23:48.849+0000] {dagbag.py:545} INFO - Filling up the DagBag from /home/airflow/.local/lib/python3.12/site-packages/airflow/example_dags/example_setup_teardown.py
[2024-07-27T22:23:48.859+0000] {processor.py:840} INFO - DAG(s) 'example_setup_teardown' retrieved from /home/airflow/.local/lib/python3.12/site-packages/airflow/example_dags/example_setup_teardown.py
[2024-07-27T22:23:48.878+0000] {logging_mixin.py:188} INFO - [2024-07-27T22:23:48.878+0000] {dag.py:3089} INFO - Sync 1 DAGs
[2024-07-27T22:23:48.891+0000] {logging_mixin.py:188} INFO - [2024-07-27T22:23:48.891+0000] {dag.py:3947} INFO - Setting next_dagrun for example_setup_teardown to 2024-07-26 00:00:00+00:00, run_after=2024-07-27 00:00:00+00:00
[2024-07-27T22:23:48.901+0000] {processor.py:183} INFO - Processing /home/airflow/.local/lib/python3.12/site-packages/airflow/example_dags/example_setup_teardown.py took 0.071 seconds
[2024-07-27T22:24:19.068+0000] {processor.py:161} INFO - Started process (PID=14704) to work on /home/airflow/.local/lib/python3.12/site-packages/airflow/example_dags/example_setup_teardown.py
[2024-07-27T22:24:19.069+0000] {processor.py:830} INFO - Processing file /home/airflow/.local/lib/python3.12/site-packages/airflow/example_dags/example_setup_teardown.py for tasks to queue
[2024-07-27T22:24:19.071+0000] {logging_mixin.py:188} INFO - [2024-07-27T22:24:19.071+0000] {dagbag.py:545} INFO - Filling up the DagBag from /home/airflow/.local/lib/python3.12/site-packages/airflow/example_dags/example_setup_teardown.py
[2024-07-27T22:24:19.078+0000] {processor.py:840} INFO - DAG(s) 'example_setup_teardown' retrieved from /home/airflow/.local/lib/python3.12/site-packages/airflow/example_dags/example_setup_teardown.py
[2024-07-27T22:24:19.092+0000] {logging_mixin.py:188} INFO - [2024-07-27T22:24:19.092+0000] {dag.py:3089} INFO - Sync 1 DAGs
[2024-07-27T22:24:19.104+0000] {logging_mixin.py:188} INFO - [2024-07-27T22:24:19.104+0000] {dag.py:3947} INFO - Setting next_dagrun for example_setup_teardown to 2024-07-26 00:00:00+00:00, run_after=2024-07-27 00:00:00+00:00
[2024-07-27T22:24:19.113+0000] {processor.py:183} INFO - Processing /home/airflow/.local/lib/python3.12/site-packages/airflow/example_dags/example_setup_teardown.py took 0.055 seconds
[2024-07-27T22:24:49.265+0000] {processor.py:161} INFO - Started process (PID=14971) to work on /home/airflow/.local/lib/python3.12/site-packages/airflow/example_dags/example_setup_teardown.py
[2024-07-27T22:24:49.267+0000] {processor.py:830} INFO - Processing file /home/airflow/.local/lib/python3.12/site-packages/airflow/example_dags/example_setup_teardown.py for tasks to queue
[2024-07-27T22:24:49.270+0000] {logging_mixin.py:188} INFO - [2024-07-27T22:24:49.269+0000] {dagbag.py:545} INFO - Filling up the DagBag from /home/airflow/.local/lib/python3.12/site-packages/airflow/example_dags/example_setup_teardown.py
[2024-07-27T22:24:49.278+0000] {processor.py:840} INFO - DAG(s) 'example_setup_teardown' retrieved from /home/airflow/.local/lib/python3.12/site-packages/airflow/example_dags/example_setup_teardown.py
[2024-07-27T22:24:49.299+0000] {logging_mixin.py:188} INFO - [2024-07-27T22:24:49.299+0000] {dag.py:3089} INFO - Sync 1 DAGs
[2024-07-27T22:24:49.312+0000] {logging_mixin.py:188} INFO - [2024-07-27T22:24:49.312+0000] {dag.py:3947} INFO - Setting next_dagrun for example_setup_teardown to 2024-07-26 00:00:00+00:00, run_after=2024-07-27 00:00:00+00:00
[2024-07-27T22:24:49.325+0000] {processor.py:183} INFO - Processing /home/airflow/.local/lib/python3.12/site-packages/airflow/example_dags/example_setup_teardown.py took 0.070 seconds
[2024-07-27T22:25:19.549+0000] {processor.py:161} INFO - Started process (PID=15238) to work on /home/airflow/.local/lib/python3.12/site-packages/airflow/example_dags/example_setup_teardown.py
[2024-07-27T22:25:19.551+0000] {processor.py:830} INFO - Processing file /home/airflow/.local/lib/python3.12/site-packages/airflow/example_dags/example_setup_teardown.py for tasks to queue
[2024-07-27T22:25:19.554+0000] {logging_mixin.py:188} INFO - [2024-07-27T22:25:19.553+0000] {dagbag.py:545} INFO - Filling up the DagBag from /home/airflow/.local/lib/python3.12/site-packages/airflow/example_dags/example_setup_teardown.py
[2024-07-27T22:25:19.561+0000] {processor.py:840} INFO - DAG(s) 'example_setup_teardown' retrieved from /home/airflow/.local/lib/python3.12/site-packages/airflow/example_dags/example_setup_teardown.py
[2024-07-27T22:25:19.579+0000] {logging_mixin.py:188} INFO - [2024-07-27T22:25:19.579+0000] {dag.py:3089} INFO - Sync 1 DAGs
[2024-07-27T22:25:19.592+0000] {logging_mixin.py:188} INFO - [2024-07-27T22:25:19.592+0000] {dag.py:3947} INFO - Setting next_dagrun for example_setup_teardown to 2024-07-26 00:00:00+00:00, run_after=2024-07-27 00:00:00+00:00
[2024-07-27T22:25:19.600+0000] {processor.py:183} INFO - Processing /home/airflow/.local/lib/python3.12/site-packages/airflow/example_dags/example_setup_teardown.py took 0.061 seconds
[2024-07-27T22:25:49.821+0000] {processor.py:161} INFO - Started process (PID=15505) to work on /home/airflow/.local/lib/python3.12/site-packages/airflow/example_dags/example_setup_teardown.py
[2024-07-27T22:25:49.823+0000] {processor.py:830} INFO - Processing file /home/airflow/.local/lib/python3.12/site-packages/airflow/example_dags/example_setup_teardown.py for tasks to queue
[2024-07-27T22:25:49.825+0000] {logging_mixin.py:188} INFO - [2024-07-27T22:25:49.825+0000] {dagbag.py:545} INFO - Filling up the DagBag from /home/airflow/.local/lib/python3.12/site-packages/airflow/example_dags/example_setup_teardown.py
[2024-07-27T22:25:49.833+0000] {processor.py:840} INFO - DAG(s) 'example_setup_teardown' retrieved from /home/airflow/.local/lib/python3.12/site-packages/airflow/example_dags/example_setup_teardown.py
[2024-07-27T22:25:49.851+0000] {logging_mixin.py:188} INFO - [2024-07-27T22:25:49.851+0000] {dag.py:3089} INFO - Sync 1 DAGs
[2024-07-27T22:25:49.864+0000] {logging_mixin.py:188} INFO - [2024-07-27T22:25:49.864+0000] {dag.py:3947} INFO - Setting next_dagrun for example_setup_teardown to 2024-07-26 00:00:00+00:00, run_after=2024-07-27 00:00:00+00:00
[2024-07-27T22:25:49.873+0000] {processor.py:183} INFO - Processing /home/airflow/.local/lib/python3.12/site-packages/airflow/example_dags/example_setup_teardown.py took 0.060 seconds
[2024-07-27T22:26:20.341+0000] {processor.py:161} INFO - Started process (PID=15777) to work on /home/airflow/.local/lib/python3.12/site-packages/airflow/example_dags/example_setup_teardown.py
[2024-07-27T22:26:20.343+0000] {processor.py:830} INFO - Processing file /home/airflow/.local/lib/python3.12/site-packages/airflow/example_dags/example_setup_teardown.py for tasks to queue
[2024-07-27T22:26:20.345+0000] {logging_mixin.py:188} INFO - [2024-07-27T22:26:20.345+0000] {dagbag.py:545} INFO - Filling up the DagBag from /home/airflow/.local/lib/python3.12/site-packages/airflow/example_dags/example_setup_teardown.py
[2024-07-27T22:26:20.353+0000] {processor.py:840} INFO - DAG(s) 'example_setup_teardown' retrieved from /home/airflow/.local/lib/python3.12/site-packages/airflow/example_dags/example_setup_teardown.py
[2024-07-27T22:26:20.371+0000] {logging_mixin.py:188} INFO - [2024-07-27T22:26:20.371+0000] {dag.py:3089} INFO - Sync 1 DAGs
[2024-07-27T22:26:20.385+0000] {logging_mixin.py:188} INFO - [2024-07-27T22:26:20.385+0000] {dag.py:3947} INFO - Setting next_dagrun for example_setup_teardown to 2024-07-26 00:00:00+00:00, run_after=2024-07-27 00:00:00+00:00
[2024-07-27T22:26:20.394+0000] {processor.py:183} INFO - Processing /home/airflow/.local/lib/python3.12/site-packages/airflow/example_dags/example_setup_teardown.py took 0.062 seconds
[2024-07-27T22:55:20.509+0000] {processor.py:161} INFO - Started process (PID=16030) to work on /home/airflow/.local/lib/python3.12/site-packages/airflow/example_dags/example_setup_teardown.py
[2024-07-27T22:55:20.510+0000] {processor.py:830} INFO - Processing file /home/airflow/.local/lib/python3.12/site-packages/airflow/example_dags/example_setup_teardown.py for tasks to queue
[2024-07-27T22:55:20.511+0000] {logging_mixin.py:188} INFO - [2024-07-27T22:55:20.511+0000] {dagbag.py:545} INFO - Filling up the DagBag from /home/airflow/.local/lib/python3.12/site-packages/airflow/example_dags/example_setup_teardown.py
[2024-07-27T22:55:20.516+0000] {processor.py:840} INFO - DAG(s) 'example_setup_teardown' retrieved from /home/airflow/.local/lib/python3.12/site-packages/airflow/example_dags/example_setup_teardown.py
[2024-07-27T22:55:20.529+0000] {logging_mixin.py:188} INFO - [2024-07-27T22:55:20.528+0000] {dag.py:3089} INFO - Sync 1 DAGs
[2024-07-27T22:55:20.540+0000] {logging_mixin.py:188} INFO - [2024-07-27T22:55:20.540+0000] {dag.py:3947} INFO - Setting next_dagrun for example_setup_teardown to 2024-07-26 00:00:00+00:00, run_after=2024-07-27 00:00:00+00:00
[2024-07-27T22:55:20.549+0000] {processor.py:183} INFO - Processing /home/airflow/.local/lib/python3.12/site-packages/airflow/example_dags/example_setup_teardown.py took 0.045 seconds
[2024-07-27T22:55:50.851+0000] {processor.py:161} INFO - Started process (PID=16298) to work on /home/airflow/.local/lib/python3.12/site-packages/airflow/example_dags/example_setup_teardown.py
[2024-07-27T22:55:50.852+0000] {processor.py:830} INFO - Processing file /home/airflow/.local/lib/python3.12/site-packages/airflow/example_dags/example_setup_teardown.py for tasks to queue
[2024-07-27T22:55:50.853+0000] {logging_mixin.py:188} INFO - [2024-07-27T22:55:50.853+0000] {dagbag.py:545} INFO - Filling up the DagBag from /home/airflow/.local/lib/python3.12/site-packages/airflow/example_dags/example_setup_teardown.py
[2024-07-27T22:55:50.858+0000] {processor.py:840} INFO - DAG(s) 'example_setup_teardown' retrieved from /home/airflow/.local/lib/python3.12/site-packages/airflow/example_dags/example_setup_teardown.py
[2024-07-27T22:55:50.872+0000] {logging_mixin.py:188} INFO - [2024-07-27T22:55:50.872+0000] {dag.py:3089} INFO - Sync 1 DAGs
[2024-07-27T22:55:50.884+0000] {logging_mixin.py:188} INFO - [2024-07-27T22:55:50.884+0000] {dag.py:3947} INFO - Setting next_dagrun for example_setup_teardown to 2024-07-26 00:00:00+00:00, run_after=2024-07-27 00:00:00+00:00
[2024-07-27T22:55:50.893+0000] {processor.py:183} INFO - Processing /home/airflow/.local/lib/python3.12/site-packages/airflow/example_dags/example_setup_teardown.py took 0.046 seconds
