[2024-07-27T20:14:08.397+0000] {processor.py:161} INFO - Started process (PID=340) to work on /home/airflow/.local/lib/python3.12/site-packages/airflow/example_dags/example_python_decorator.py
[2024-07-27T20:14:08.398+0000] {processor.py:830} INFO - Processing file /home/airflow/.local/lib/python3.12/site-packages/airflow/example_dags/example_python_decorator.py for tasks to queue
[2024-07-27T20:14:08.399+0000] {logging_mixin.py:188} INFO - [2024-07-27T20:14:08.399+0000] {dagbag.py:545} INFO - Filling up the DagBag from /home/airflow/.local/lib/python3.12/site-packages/airflow/example_dags/example_python_decorator.py
[2024-07-27T20:14:08.410+0000] {processor.py:840} INFO - DAG(s) 'example_python_decorator' retrieved from /home/airflow/.local/lib/python3.12/site-packages/airflow/example_dags/example_python_decorator.py
[2024-07-27T20:14:08.417+0000] {logging_mixin.py:188} INFO - [2024-07-27T20:14:08.417+0000] {dag.py:3089} INFO - Sync 1 DAGs
[2024-07-27T20:14:08.425+0000] {logging_mixin.py:188} INFO - [2024-07-27T20:14:08.425+0000] {dag.py:3947} INFO - Setting next_dagrun for example_python_decorator to None, run_after=None
[2024-07-27T20:14:08.436+0000] {processor.py:183} INFO - Processing /home/airflow/.local/lib/python3.12/site-packages/airflow/example_dags/example_python_decorator.py took 0.045 seconds
[2024-07-27T20:14:39.117+0000] {processor.py:161} INFO - Started process (PID=601) to work on /home/airflow/.local/lib/python3.12/site-packages/airflow/example_dags/example_python_decorator.py
[2024-07-27T20:14:39.118+0000] {processor.py:830} INFO - Processing file /home/airflow/.local/lib/python3.12/site-packages/airflow/example_dags/example_python_decorator.py for tasks to queue
[2024-07-27T20:14:39.119+0000] {logging_mixin.py:188} INFO - [2024-07-27T20:14:39.118+0000] {dagbag.py:545} INFO - Filling up the DagBag from /home/airflow/.local/lib/python3.12/site-packages/airflow/example_dags/example_python_decorator.py
[2024-07-27T20:14:39.125+0000] {processor.py:840} INFO - DAG(s) 'example_python_decorator' retrieved from /home/airflow/.local/lib/python3.12/site-packages/airflow/example_dags/example_python_decorator.py
[2024-07-27T20:14:39.179+0000] {logging_mixin.py:188} INFO - [2024-07-27T20:14:39.178+0000] {dag.py:3089} INFO - Sync 1 DAGs
[2024-07-27T20:14:39.184+0000] {logging_mixin.py:188} INFO - [2024-07-27T20:14:39.184+0000] {dag.py:3947} INFO - Setting next_dagrun for example_python_decorator to None, run_after=None
[2024-07-27T20:14:39.193+0000] {processor.py:183} INFO - Processing /home/airflow/.local/lib/python3.12/site-packages/airflow/example_dags/example_python_decorator.py took 0.080 seconds
[2024-07-27T20:15:09.244+0000] {processor.py:161} INFO - Started process (PID=865) to work on /home/airflow/.local/lib/python3.12/site-packages/airflow/example_dags/example_python_decorator.py
[2024-07-27T20:15:09.245+0000] {processor.py:830} INFO - Processing file /home/airflow/.local/lib/python3.12/site-packages/airflow/example_dags/example_python_decorator.py for tasks to queue
[2024-07-27T20:15:09.246+0000] {logging_mixin.py:188} INFO - [2024-07-27T20:15:09.246+0000] {dagbag.py:545} INFO - Filling up the DagBag from /home/airflow/.local/lib/python3.12/site-packages/airflow/example_dags/example_python_decorator.py
[2024-07-27T20:15:09.253+0000] {processor.py:840} INFO - DAG(s) 'example_python_decorator' retrieved from /home/airflow/.local/lib/python3.12/site-packages/airflow/example_dags/example_python_decorator.py
[2024-07-27T20:15:09.264+0000] {logging_mixin.py:188} INFO - [2024-07-27T20:15:09.264+0000] {dag.py:3089} INFO - Sync 1 DAGs
[2024-07-27T20:15:09.270+0000] {logging_mixin.py:188} INFO - [2024-07-27T20:15:09.270+0000] {dag.py:3947} INFO - Setting next_dagrun for example_python_decorator to None, run_after=None
[2024-07-27T20:15:09.280+0000] {processor.py:183} INFO - Processing /home/airflow/.local/lib/python3.12/site-packages/airflow/example_dags/example_python_decorator.py took 0.038 seconds
[2024-07-27T20:15:39.711+0000] {processor.py:161} INFO - Started process (PID=1124) to work on /home/airflow/.local/lib/python3.12/site-packages/airflow/example_dags/example_python_decorator.py
[2024-07-27T20:15:39.712+0000] {processor.py:830} INFO - Processing file /home/airflow/.local/lib/python3.12/site-packages/airflow/example_dags/example_python_decorator.py for tasks to queue
[2024-07-27T20:15:39.713+0000] {logging_mixin.py:188} INFO - [2024-07-27T20:15:39.712+0000] {dagbag.py:545} INFO - Filling up the DagBag from /home/airflow/.local/lib/python3.12/site-packages/airflow/example_dags/example_python_decorator.py
[2024-07-27T20:15:39.719+0000] {processor.py:840} INFO - DAG(s) 'example_python_decorator' retrieved from /home/airflow/.local/lib/python3.12/site-packages/airflow/example_dags/example_python_decorator.py
[2024-07-27T20:15:39.731+0000] {logging_mixin.py:188} INFO - [2024-07-27T20:15:39.731+0000] {dag.py:3089} INFO - Sync 1 DAGs
[2024-07-27T20:15:39.738+0000] {logging_mixin.py:188} INFO - [2024-07-27T20:15:39.737+0000] {dag.py:3947} INFO - Setting next_dagrun for example_python_decorator to None, run_after=None
[2024-07-27T20:15:39.752+0000] {processor.py:183} INFO - Processing /home/airflow/.local/lib/python3.12/site-packages/airflow/example_dags/example_python_decorator.py took 0.044 seconds
[2024-07-27T20:16:09.790+0000] {processor.py:161} INFO - Started process (PID=1386) to work on /home/airflow/.local/lib/python3.12/site-packages/airflow/example_dags/example_python_decorator.py
[2024-07-27T20:16:09.791+0000] {processor.py:830} INFO - Processing file /home/airflow/.local/lib/python3.12/site-packages/airflow/example_dags/example_python_decorator.py for tasks to queue
[2024-07-27T20:16:09.792+0000] {logging_mixin.py:188} INFO - [2024-07-27T20:16:09.792+0000] {dagbag.py:545} INFO - Filling up the DagBag from /home/airflow/.local/lib/python3.12/site-packages/airflow/example_dags/example_python_decorator.py
[2024-07-27T20:16:09.804+0000] {processor.py:840} INFO - DAG(s) 'example_python_decorator' retrieved from /home/airflow/.local/lib/python3.12/site-packages/airflow/example_dags/example_python_decorator.py
[2024-07-27T20:16:09.818+0000] {logging_mixin.py:188} INFO - [2024-07-27T20:16:09.818+0000] {dag.py:3089} INFO - Sync 1 DAGs
[2024-07-27T20:16:09.825+0000] {logging_mixin.py:188} INFO - [2024-07-27T20:16:09.825+0000] {dag.py:3947} INFO - Setting next_dagrun for example_python_decorator to None, run_after=None
[2024-07-27T20:16:09.834+0000] {processor.py:183} INFO - Processing /home/airflow/.local/lib/python3.12/site-packages/airflow/example_dags/example_python_decorator.py took 0.048 seconds
[2024-07-27T20:16:40.063+0000] {processor.py:161} INFO - Started process (PID=1648) to work on /home/airflow/.local/lib/python3.12/site-packages/airflow/example_dags/example_python_decorator.py
[2024-07-27T20:16:40.064+0000] {processor.py:830} INFO - Processing file /home/airflow/.local/lib/python3.12/site-packages/airflow/example_dags/example_python_decorator.py for tasks to queue
[2024-07-27T20:16:40.065+0000] {logging_mixin.py:188} INFO - [2024-07-27T20:16:40.065+0000] {dagbag.py:545} INFO - Filling up the DagBag from /home/airflow/.local/lib/python3.12/site-packages/airflow/example_dags/example_python_decorator.py
[2024-07-27T20:16:40.072+0000] {processor.py:840} INFO - DAG(s) 'example_python_decorator' retrieved from /home/airflow/.local/lib/python3.12/site-packages/airflow/example_dags/example_python_decorator.py
[2024-07-27T20:16:40.084+0000] {logging_mixin.py:188} INFO - [2024-07-27T20:16:40.084+0000] {dag.py:3089} INFO - Sync 1 DAGs
[2024-07-27T20:16:40.090+0000] {logging_mixin.py:188} INFO - [2024-07-27T20:16:40.090+0000] {dag.py:3947} INFO - Setting next_dagrun for example_python_decorator to None, run_after=None
[2024-07-27T20:16:40.100+0000] {processor.py:183} INFO - Processing /home/airflow/.local/lib/python3.12/site-packages/airflow/example_dags/example_python_decorator.py took 0.040 seconds
[2024-07-27T20:17:11.058+0000] {processor.py:161} INFO - Started process (PID=1910) to work on /home/airflow/.local/lib/python3.12/site-packages/airflow/example_dags/example_python_decorator.py
[2024-07-27T20:17:11.059+0000] {processor.py:830} INFO - Processing file /home/airflow/.local/lib/python3.12/site-packages/airflow/example_dags/example_python_decorator.py for tasks to queue
[2024-07-27T20:17:11.060+0000] {logging_mixin.py:188} INFO - [2024-07-27T20:17:11.060+0000] {dagbag.py:545} INFO - Filling up the DagBag from /home/airflow/.local/lib/python3.12/site-packages/airflow/example_dags/example_python_decorator.py
[2024-07-27T20:17:11.068+0000] {processor.py:840} INFO - DAG(s) 'example_python_decorator' retrieved from /home/airflow/.local/lib/python3.12/site-packages/airflow/example_dags/example_python_decorator.py
[2024-07-27T20:17:11.082+0000] {logging_mixin.py:188} INFO - [2024-07-27T20:17:11.082+0000] {dag.py:3089} INFO - Sync 1 DAGs
[2024-07-27T20:17:11.093+0000] {logging_mixin.py:188} INFO - [2024-07-27T20:17:11.092+0000] {dag.py:3947} INFO - Setting next_dagrun for example_python_decorator to None, run_after=None
[2024-07-27T20:17:11.109+0000] {processor.py:183} INFO - Processing /home/airflow/.local/lib/python3.12/site-packages/airflow/example_dags/example_python_decorator.py took 0.055 seconds
[2024-07-27T21:59:59.843+0000] {processor.py:161} INFO - Started process (PID=2166) to work on /home/airflow/.local/lib/python3.12/site-packages/airflow/example_dags/example_python_decorator.py
[2024-07-27T21:59:59.844+0000] {processor.py:830} INFO - Processing file /home/airflow/.local/lib/python3.12/site-packages/airflow/example_dags/example_python_decorator.py for tasks to queue
[2024-07-27T21:59:59.845+0000] {logging_mixin.py:188} INFO - [2024-07-27T21:59:59.845+0000] {dagbag.py:545} INFO - Filling up the DagBag from /home/airflow/.local/lib/python3.12/site-packages/airflow/example_dags/example_python_decorator.py
[2024-07-27T21:59:59.852+0000] {processor.py:840} INFO - DAG(s) 'example_python_decorator' retrieved from /home/airflow/.local/lib/python3.12/site-packages/airflow/example_dags/example_python_decorator.py
[2024-07-27T21:59:59.863+0000] {logging_mixin.py:188} INFO - [2024-07-27T21:59:59.863+0000] {dag.py:3089} INFO - Sync 1 DAGs
[2024-07-27T21:59:59.871+0000] {logging_mixin.py:188} INFO - [2024-07-27T21:59:59.870+0000] {dag.py:3947} INFO - Setting next_dagrun for example_python_decorator to None, run_after=None
[2024-07-27T21:59:59.880+0000] {processor.py:183} INFO - Processing /home/airflow/.local/lib/python3.12/site-packages/airflow/example_dags/example_python_decorator.py took 0.041 seconds
[2024-07-27T22:00:30.033+0000] {processor.py:161} INFO - Started process (PID=2429) to work on /home/airflow/.local/lib/python3.12/site-packages/airflow/example_dags/example_python_decorator.py
[2024-07-27T22:00:30.034+0000] {processor.py:830} INFO - Processing file /home/airflow/.local/lib/python3.12/site-packages/airflow/example_dags/example_python_decorator.py for tasks to queue
[2024-07-27T22:00:30.035+0000] {logging_mixin.py:188} INFO - [2024-07-27T22:00:30.035+0000] {dagbag.py:545} INFO - Filling up the DagBag from /home/airflow/.local/lib/python3.12/site-packages/airflow/example_dags/example_python_decorator.py
[2024-07-27T22:00:30.042+0000] {processor.py:840} INFO - DAG(s) 'example_python_decorator' retrieved from /home/airflow/.local/lib/python3.12/site-packages/airflow/example_dags/example_python_decorator.py
[2024-07-27T22:00:30.055+0000] {logging_mixin.py:188} INFO - [2024-07-27T22:00:30.055+0000] {dag.py:3089} INFO - Sync 1 DAGs
[2024-07-27T22:00:30.061+0000] {logging_mixin.py:188} INFO - [2024-07-27T22:00:30.061+0000] {dag.py:3947} INFO - Setting next_dagrun for example_python_decorator to None, run_after=None
[2024-07-27T22:00:30.071+0000] {processor.py:183} INFO - Processing /home/airflow/.local/lib/python3.12/site-packages/airflow/example_dags/example_python_decorator.py took 0.042 seconds
[2024-07-27T22:01:01.324+0000] {processor.py:161} INFO - Started process (PID=2697) to work on /home/airflow/.local/lib/python3.12/site-packages/airflow/example_dags/example_python_decorator.py
[2024-07-27T22:01:01.324+0000] {processor.py:830} INFO - Processing file /home/airflow/.local/lib/python3.12/site-packages/airflow/example_dags/example_python_decorator.py for tasks to queue
[2024-07-27T22:01:01.326+0000] {logging_mixin.py:188} INFO - [2024-07-27T22:01:01.325+0000] {dagbag.py:545} INFO - Filling up the DagBag from /home/airflow/.local/lib/python3.12/site-packages/airflow/example_dags/example_python_decorator.py
[2024-07-27T22:01:01.333+0000] {processor.py:840} INFO - DAG(s) 'example_python_decorator' retrieved from /home/airflow/.local/lib/python3.12/site-packages/airflow/example_dags/example_python_decorator.py
[2024-07-27T22:01:01.343+0000] {logging_mixin.py:188} INFO - [2024-07-27T22:01:01.343+0000] {dag.py:3089} INFO - Sync 1 DAGs
[2024-07-27T22:01:01.349+0000] {logging_mixin.py:188} INFO - [2024-07-27T22:01:01.349+0000] {dag.py:3947} INFO - Setting next_dagrun for example_python_decorator to None, run_after=None
[2024-07-27T22:01:01.357+0000] {processor.py:183} INFO - Processing /home/airflow/.local/lib/python3.12/site-packages/airflow/example_dags/example_python_decorator.py took 0.037 seconds
[2024-07-27T22:01:31.706+0000] {processor.py:161} INFO - Started process (PID=2959) to work on /home/airflow/.local/lib/python3.12/site-packages/airflow/example_dags/example_python_decorator.py
[2024-07-27T22:01:31.707+0000] {processor.py:830} INFO - Processing file /home/airflow/.local/lib/python3.12/site-packages/airflow/example_dags/example_python_decorator.py for tasks to queue
[2024-07-27T22:01:31.708+0000] {logging_mixin.py:188} INFO - [2024-07-27T22:01:31.708+0000] {dagbag.py:545} INFO - Filling up the DagBag from /home/airflow/.local/lib/python3.12/site-packages/airflow/example_dags/example_python_decorator.py
[2024-07-27T22:01:31.715+0000] {processor.py:840} INFO - DAG(s) 'example_python_decorator' retrieved from /home/airflow/.local/lib/python3.12/site-packages/airflow/example_dags/example_python_decorator.py
[2024-07-27T22:01:31.728+0000] {logging_mixin.py:188} INFO - [2024-07-27T22:01:31.728+0000] {dag.py:3089} INFO - Sync 1 DAGs
[2024-07-27T22:01:31.736+0000] {logging_mixin.py:188} INFO - [2024-07-27T22:01:31.736+0000] {dag.py:3947} INFO - Setting next_dagrun for example_python_decorator to None, run_after=None
[2024-07-27T22:01:31.745+0000] {processor.py:183} INFO - Processing /home/airflow/.local/lib/python3.12/site-packages/airflow/example_dags/example_python_decorator.py took 0.042 seconds
[2024-07-27T22:02:01.852+0000] {processor.py:161} INFO - Started process (PID=3223) to work on /home/airflow/.local/lib/python3.12/site-packages/airflow/example_dags/example_python_decorator.py
[2024-07-27T22:02:01.853+0000] {processor.py:830} INFO - Processing file /home/airflow/.local/lib/python3.12/site-packages/airflow/example_dags/example_python_decorator.py for tasks to queue
[2024-07-27T22:02:01.854+0000] {logging_mixin.py:188} INFO - [2024-07-27T22:02:01.854+0000] {dagbag.py:545} INFO - Filling up the DagBag from /home/airflow/.local/lib/python3.12/site-packages/airflow/example_dags/example_python_decorator.py
[2024-07-27T22:02:01.862+0000] {processor.py:840} INFO - DAG(s) 'example_python_decorator' retrieved from /home/airflow/.local/lib/python3.12/site-packages/airflow/example_dags/example_python_decorator.py
[2024-07-27T22:02:01.875+0000] {logging_mixin.py:188} INFO - [2024-07-27T22:02:01.875+0000] {dag.py:3089} INFO - Sync 1 DAGs
[2024-07-27T22:02:01.882+0000] {logging_mixin.py:188} INFO - [2024-07-27T22:02:01.882+0000] {dag.py:3947} INFO - Setting next_dagrun for example_python_decorator to None, run_after=None
[2024-07-27T22:02:01.891+0000] {processor.py:183} INFO - Processing /home/airflow/.local/lib/python3.12/site-packages/airflow/example_dags/example_python_decorator.py took 0.043 seconds
[2024-07-27T22:02:32.283+0000] {processor.py:161} INFO - Started process (PID=3478) to work on /home/airflow/.local/lib/python3.12/site-packages/airflow/example_dags/example_python_decorator.py
[2024-07-27T22:02:32.284+0000] {processor.py:830} INFO - Processing file /home/airflow/.local/lib/python3.12/site-packages/airflow/example_dags/example_python_decorator.py for tasks to queue
[2024-07-27T22:02:32.285+0000] {logging_mixin.py:188} INFO - [2024-07-27T22:02:32.285+0000] {dagbag.py:545} INFO - Filling up the DagBag from /home/airflow/.local/lib/python3.12/site-packages/airflow/example_dags/example_python_decorator.py
[2024-07-27T22:02:32.292+0000] {processor.py:840} INFO - DAG(s) 'example_python_decorator' retrieved from /home/airflow/.local/lib/python3.12/site-packages/airflow/example_dags/example_python_decorator.py
[2024-07-27T22:02:32.304+0000] {logging_mixin.py:188} INFO - [2024-07-27T22:02:32.304+0000] {dag.py:3089} INFO - Sync 1 DAGs
[2024-07-27T22:02:32.311+0000] {logging_mixin.py:188} INFO - [2024-07-27T22:02:32.311+0000] {dag.py:3947} INFO - Setting next_dagrun for example_python_decorator to None, run_after=None
[2024-07-27T22:02:32.321+0000] {processor.py:183} INFO - Processing /home/airflow/.local/lib/python3.12/site-packages/airflow/example_dags/example_python_decorator.py took 0.041 seconds
[2024-07-27T22:03:02.849+0000] {processor.py:161} INFO - Started process (PID=3741) to work on /home/airflow/.local/lib/python3.12/site-packages/airflow/example_dags/example_python_decorator.py
[2024-07-27T22:03:02.850+0000] {processor.py:830} INFO - Processing file /home/airflow/.local/lib/python3.12/site-packages/airflow/example_dags/example_python_decorator.py for tasks to queue
[2024-07-27T22:03:02.851+0000] {logging_mixin.py:188} INFO - [2024-07-27T22:03:02.851+0000] {dagbag.py:545} INFO - Filling up the DagBag from /home/airflow/.local/lib/python3.12/site-packages/airflow/example_dags/example_python_decorator.py
[2024-07-27T22:03:02.859+0000] {processor.py:840} INFO - DAG(s) 'example_python_decorator' retrieved from /home/airflow/.local/lib/python3.12/site-packages/airflow/example_dags/example_python_decorator.py
[2024-07-27T22:03:02.871+0000] {logging_mixin.py:188} INFO - [2024-07-27T22:03:02.871+0000] {dag.py:3089} INFO - Sync 1 DAGs
[2024-07-27T22:03:02.878+0000] {logging_mixin.py:188} INFO - [2024-07-27T22:03:02.878+0000] {dag.py:3947} INFO - Setting next_dagrun for example_python_decorator to None, run_after=None
[2024-07-27T22:03:02.887+0000] {processor.py:183} INFO - Processing /home/airflow/.local/lib/python3.12/site-packages/airflow/example_dags/example_python_decorator.py took 0.042 seconds
[2024-07-27T22:03:33.801+0000] {processor.py:161} INFO - Started process (PID=4003) to work on /home/airflow/.local/lib/python3.12/site-packages/airflow/example_dags/example_python_decorator.py
[2024-07-27T22:03:33.802+0000] {processor.py:830} INFO - Processing file /home/airflow/.local/lib/python3.12/site-packages/airflow/example_dags/example_python_decorator.py for tasks to queue
[2024-07-27T22:03:33.804+0000] {logging_mixin.py:188} INFO - [2024-07-27T22:03:33.803+0000] {dagbag.py:545} INFO - Filling up the DagBag from /home/airflow/.local/lib/python3.12/site-packages/airflow/example_dags/example_python_decorator.py
[2024-07-27T22:03:33.814+0000] {processor.py:840} INFO - DAG(s) 'example_python_decorator' retrieved from /home/airflow/.local/lib/python3.12/site-packages/airflow/example_dags/example_python_decorator.py
[2024-07-27T22:03:33.831+0000] {logging_mixin.py:188} INFO - [2024-07-27T22:03:33.830+0000] {dag.py:3089} INFO - Sync 1 DAGs
[2024-07-27T22:03:33.838+0000] {logging_mixin.py:188} INFO - [2024-07-27T22:03:33.838+0000] {dag.py:3947} INFO - Setting next_dagrun for example_python_decorator to None, run_after=None
[2024-07-27T22:03:33.850+0000] {processor.py:183} INFO - Processing /home/airflow/.local/lib/python3.12/site-packages/airflow/example_dags/example_python_decorator.py took 0.054 seconds
[2024-07-27T22:04:04.050+0000] {processor.py:161} INFO - Started process (PID=4265) to work on /home/airflow/.local/lib/python3.12/site-packages/airflow/example_dags/example_python_decorator.py
[2024-07-27T22:04:04.052+0000] {processor.py:830} INFO - Processing file /home/airflow/.local/lib/python3.12/site-packages/airflow/example_dags/example_python_decorator.py for tasks to queue
[2024-07-27T22:04:04.054+0000] {logging_mixin.py:188} INFO - [2024-07-27T22:04:04.054+0000] {dagbag.py:545} INFO - Filling up the DagBag from /home/airflow/.local/lib/python3.12/site-packages/airflow/example_dags/example_python_decorator.py
[2024-07-27T22:04:04.066+0000] {processor.py:840} INFO - DAG(s) 'example_python_decorator' retrieved from /home/airflow/.local/lib/python3.12/site-packages/airflow/example_dags/example_python_decorator.py
[2024-07-27T22:04:04.087+0000] {logging_mixin.py:188} INFO - [2024-07-27T22:04:04.087+0000] {dag.py:3089} INFO - Sync 1 DAGs
[2024-07-27T22:04:04.097+0000] {logging_mixin.py:188} INFO - [2024-07-27T22:04:04.097+0000] {dag.py:3947} INFO - Setting next_dagrun for example_python_decorator to None, run_after=None
[2024-07-27T22:04:04.111+0000] {processor.py:183} INFO - Processing /home/airflow/.local/lib/python3.12/site-packages/airflow/example_dags/example_python_decorator.py took 0.066 seconds
[2024-07-27T22:04:34.165+0000] {processor.py:161} INFO - Started process (PID=4527) to work on /home/airflow/.local/lib/python3.12/site-packages/airflow/example_dags/example_python_decorator.py
[2024-07-27T22:04:34.166+0000] {processor.py:830} INFO - Processing file /home/airflow/.local/lib/python3.12/site-packages/airflow/example_dags/example_python_decorator.py for tasks to queue
[2024-07-27T22:04:34.167+0000] {logging_mixin.py:188} INFO - [2024-07-27T22:04:34.166+0000] {dagbag.py:545} INFO - Filling up the DagBag from /home/airflow/.local/lib/python3.12/site-packages/airflow/example_dags/example_python_decorator.py
[2024-07-27T22:04:34.173+0000] {processor.py:840} INFO - DAG(s) 'example_python_decorator' retrieved from /home/airflow/.local/lib/python3.12/site-packages/airflow/example_dags/example_python_decorator.py
[2024-07-27T22:04:34.185+0000] {logging_mixin.py:188} INFO - [2024-07-27T22:04:34.184+0000] {dag.py:3089} INFO - Sync 1 DAGs
[2024-07-27T22:04:34.191+0000] {logging_mixin.py:188} INFO - [2024-07-27T22:04:34.191+0000] {dag.py:3947} INFO - Setting next_dagrun for example_python_decorator to None, run_after=None
[2024-07-27T22:04:34.199+0000] {processor.py:183} INFO - Processing /home/airflow/.local/lib/python3.12/site-packages/airflow/example_dags/example_python_decorator.py took 0.038 seconds
[2024-07-27T22:05:04.740+0000] {processor.py:161} INFO - Started process (PID=4788) to work on /home/airflow/.local/lib/python3.12/site-packages/airflow/example_dags/example_python_decorator.py
[2024-07-27T22:05:04.741+0000] {processor.py:830} INFO - Processing file /home/airflow/.local/lib/python3.12/site-packages/airflow/example_dags/example_python_decorator.py for tasks to queue
[2024-07-27T22:05:04.742+0000] {logging_mixin.py:188} INFO - [2024-07-27T22:05:04.742+0000] {dagbag.py:545} INFO - Filling up the DagBag from /home/airflow/.local/lib/python3.12/site-packages/airflow/example_dags/example_python_decorator.py
[2024-07-27T22:05:04.749+0000] {processor.py:840} INFO - DAG(s) 'example_python_decorator' retrieved from /home/airflow/.local/lib/python3.12/site-packages/airflow/example_dags/example_python_decorator.py
[2024-07-27T22:05:04.761+0000] {logging_mixin.py:188} INFO - [2024-07-27T22:05:04.761+0000] {dag.py:3089} INFO - Sync 1 DAGs
[2024-07-27T22:05:04.768+0000] {logging_mixin.py:188} INFO - [2024-07-27T22:05:04.768+0000] {dag.py:3947} INFO - Setting next_dagrun for example_python_decorator to None, run_after=None
[2024-07-27T22:05:04.780+0000] {processor.py:183} INFO - Processing /home/airflow/.local/lib/python3.12/site-packages/airflow/example_dags/example_python_decorator.py took 0.043 seconds
[2024-07-27T22:05:35.779+0000] {processor.py:161} INFO - Started process (PID=5050) to work on /home/airflow/.local/lib/python3.12/site-packages/airflow/example_dags/example_python_decorator.py
[2024-07-27T22:05:35.780+0000] {processor.py:830} INFO - Processing file /home/airflow/.local/lib/python3.12/site-packages/airflow/example_dags/example_python_decorator.py for tasks to queue
[2024-07-27T22:05:35.781+0000] {logging_mixin.py:188} INFO - [2024-07-27T22:05:35.781+0000] {dagbag.py:545} INFO - Filling up the DagBag from /home/airflow/.local/lib/python3.12/site-packages/airflow/example_dags/example_python_decorator.py
[2024-07-27T22:05:35.788+0000] {processor.py:840} INFO - DAG(s) 'example_python_decorator' retrieved from /home/airflow/.local/lib/python3.12/site-packages/airflow/example_dags/example_python_decorator.py
[2024-07-27T22:05:35.800+0000] {logging_mixin.py:188} INFO - [2024-07-27T22:05:35.799+0000] {dag.py:3089} INFO - Sync 1 DAGs
[2024-07-27T22:05:35.806+0000] {logging_mixin.py:188} INFO - [2024-07-27T22:05:35.806+0000] {dag.py:3947} INFO - Setting next_dagrun for example_python_decorator to None, run_after=None
[2024-07-27T22:05:35.815+0000] {processor.py:183} INFO - Processing /home/airflow/.local/lib/python3.12/site-packages/airflow/example_dags/example_python_decorator.py took 0.039 seconds
[2024-07-27T22:06:05.976+0000] {processor.py:161} INFO - Started process (PID=5313) to work on /home/airflow/.local/lib/python3.12/site-packages/airflow/example_dags/example_python_decorator.py
[2024-07-27T22:06:05.977+0000] {processor.py:830} INFO - Processing file /home/airflow/.local/lib/python3.12/site-packages/airflow/example_dags/example_python_decorator.py for tasks to queue
[2024-07-27T22:06:05.979+0000] {logging_mixin.py:188} INFO - [2024-07-27T22:06:05.978+0000] {dagbag.py:545} INFO - Filling up the DagBag from /home/airflow/.local/lib/python3.12/site-packages/airflow/example_dags/example_python_decorator.py
[2024-07-27T22:06:05.986+0000] {processor.py:840} INFO - DAG(s) 'example_python_decorator' retrieved from /home/airflow/.local/lib/python3.12/site-packages/airflow/example_dags/example_python_decorator.py
[2024-07-27T22:06:05.998+0000] {logging_mixin.py:188} INFO - [2024-07-27T22:06:05.998+0000] {dag.py:3089} INFO - Sync 1 DAGs
[2024-07-27T22:06:06.005+0000] {logging_mixin.py:188} INFO - [2024-07-27T22:06:06.005+0000] {dag.py:3947} INFO - Setting next_dagrun for example_python_decorator to None, run_after=None
[2024-07-27T22:06:06.016+0000] {processor.py:183} INFO - Processing /home/airflow/.local/lib/python3.12/site-packages/airflow/example_dags/example_python_decorator.py took 0.043 seconds
[2024-07-27T22:06:36.340+0000] {processor.py:161} INFO - Started process (PID=5573) to work on /home/airflow/.local/lib/python3.12/site-packages/airflow/example_dags/example_python_decorator.py
[2024-07-27T22:06:36.341+0000] {processor.py:830} INFO - Processing file /home/airflow/.local/lib/python3.12/site-packages/airflow/example_dags/example_python_decorator.py for tasks to queue
[2024-07-27T22:06:36.342+0000] {logging_mixin.py:188} INFO - [2024-07-27T22:06:36.342+0000] {dagbag.py:545} INFO - Filling up the DagBag from /home/airflow/.local/lib/python3.12/site-packages/airflow/example_dags/example_python_decorator.py
[2024-07-27T22:06:36.349+0000] {processor.py:840} INFO - DAG(s) 'example_python_decorator' retrieved from /home/airflow/.local/lib/python3.12/site-packages/airflow/example_dags/example_python_decorator.py
[2024-07-27T22:06:36.361+0000] {logging_mixin.py:188} INFO - [2024-07-27T22:06:36.361+0000] {dag.py:3089} INFO - Sync 1 DAGs
[2024-07-27T22:06:36.368+0000] {logging_mixin.py:188} INFO - [2024-07-27T22:06:36.368+0000] {dag.py:3947} INFO - Setting next_dagrun for example_python_decorator to None, run_after=None
[2024-07-27T22:06:36.377+0000] {processor.py:183} INFO - Processing /home/airflow/.local/lib/python3.12/site-packages/airflow/example_dags/example_python_decorator.py took 0.040 seconds
[2024-07-27T22:07:06.763+0000] {processor.py:161} INFO - Started process (PID=5835) to work on /home/airflow/.local/lib/python3.12/site-packages/airflow/example_dags/example_python_decorator.py
[2024-07-27T22:07:06.764+0000] {processor.py:830} INFO - Processing file /home/airflow/.local/lib/python3.12/site-packages/airflow/example_dags/example_python_decorator.py for tasks to queue
[2024-07-27T22:07:06.766+0000] {logging_mixin.py:188} INFO - [2024-07-27T22:07:06.765+0000] {dagbag.py:545} INFO - Filling up the DagBag from /home/airflow/.local/lib/python3.12/site-packages/airflow/example_dags/example_python_decorator.py
[2024-07-27T22:07:06.775+0000] {processor.py:840} INFO - DAG(s) 'example_python_decorator' retrieved from /home/airflow/.local/lib/python3.12/site-packages/airflow/example_dags/example_python_decorator.py
[2024-07-27T22:07:06.788+0000] {logging_mixin.py:188} INFO - [2024-07-27T22:07:06.788+0000] {dag.py:3089} INFO - Sync 1 DAGs
[2024-07-27T22:07:06.795+0000] {logging_mixin.py:188} INFO - [2024-07-27T22:07:06.795+0000] {dag.py:3947} INFO - Setting next_dagrun for example_python_decorator to None, run_after=None
[2024-07-27T22:07:06.804+0000] {processor.py:183} INFO - Processing /home/airflow/.local/lib/python3.12/site-packages/airflow/example_dags/example_python_decorator.py took 0.045 seconds
[2024-07-27T22:07:36.903+0000] {processor.py:161} INFO - Started process (PID=6097) to work on /home/airflow/.local/lib/python3.12/site-packages/airflow/example_dags/example_python_decorator.py
[2024-07-27T22:07:36.904+0000] {processor.py:830} INFO - Processing file /home/airflow/.local/lib/python3.12/site-packages/airflow/example_dags/example_python_decorator.py for tasks to queue
[2024-07-27T22:07:36.905+0000] {logging_mixin.py:188} INFO - [2024-07-27T22:07:36.905+0000] {dagbag.py:545} INFO - Filling up the DagBag from /home/airflow/.local/lib/python3.12/site-packages/airflow/example_dags/example_python_decorator.py
[2024-07-27T22:07:36.912+0000] {processor.py:840} INFO - DAG(s) 'example_python_decorator' retrieved from /home/airflow/.local/lib/python3.12/site-packages/airflow/example_dags/example_python_decorator.py
[2024-07-27T22:07:36.923+0000] {logging_mixin.py:188} INFO - [2024-07-27T22:07:36.923+0000] {dag.py:3089} INFO - Sync 1 DAGs
[2024-07-27T22:07:36.930+0000] {logging_mixin.py:188} INFO - [2024-07-27T22:07:36.930+0000] {dag.py:3947} INFO - Setting next_dagrun for example_python_decorator to None, run_after=None
[2024-07-27T22:07:36.939+0000] {processor.py:183} INFO - Processing /home/airflow/.local/lib/python3.12/site-packages/airflow/example_dags/example_python_decorator.py took 0.039 seconds
[2024-07-27T22:08:08.014+0000] {processor.py:161} INFO - Started process (PID=6359) to work on /home/airflow/.local/lib/python3.12/site-packages/airflow/example_dags/example_python_decorator.py
[2024-07-27T22:08:08.015+0000] {processor.py:830} INFO - Processing file /home/airflow/.local/lib/python3.12/site-packages/airflow/example_dags/example_python_decorator.py for tasks to queue
[2024-07-27T22:08:08.017+0000] {logging_mixin.py:188} INFO - [2024-07-27T22:08:08.016+0000] {dagbag.py:545} INFO - Filling up the DagBag from /home/airflow/.local/lib/python3.12/site-packages/airflow/example_dags/example_python_decorator.py
[2024-07-27T22:08:08.023+0000] {processor.py:840} INFO - DAG(s) 'example_python_decorator' retrieved from /home/airflow/.local/lib/python3.12/site-packages/airflow/example_dags/example_python_decorator.py
[2024-07-27T22:08:08.036+0000] {logging_mixin.py:188} INFO - [2024-07-27T22:08:08.036+0000] {dag.py:3089} INFO - Sync 1 DAGs
[2024-07-27T22:08:08.043+0000] {logging_mixin.py:188} INFO - [2024-07-27T22:08:08.043+0000] {dag.py:3947} INFO - Setting next_dagrun for example_python_decorator to None, run_after=None
[2024-07-27T22:08:08.053+0000] {processor.py:183} INFO - Processing /home/airflow/.local/lib/python3.12/site-packages/airflow/example_dags/example_python_decorator.py took 0.042 seconds
[2024-07-27T22:08:38.273+0000] {processor.py:161} INFO - Started process (PID=6621) to work on /home/airflow/.local/lib/python3.12/site-packages/airflow/example_dags/example_python_decorator.py
[2024-07-27T22:08:38.274+0000] {processor.py:830} INFO - Processing file /home/airflow/.local/lib/python3.12/site-packages/airflow/example_dags/example_python_decorator.py for tasks to queue
[2024-07-27T22:08:38.275+0000] {logging_mixin.py:188} INFO - [2024-07-27T22:08:38.275+0000] {dagbag.py:545} INFO - Filling up the DagBag from /home/airflow/.local/lib/python3.12/site-packages/airflow/example_dags/example_python_decorator.py
[2024-07-27T22:08:38.284+0000] {processor.py:840} INFO - DAG(s) 'example_python_decorator' retrieved from /home/airflow/.local/lib/python3.12/site-packages/airflow/example_dags/example_python_decorator.py
[2024-07-27T22:08:38.296+0000] {logging_mixin.py:188} INFO - [2024-07-27T22:08:38.296+0000] {dag.py:3089} INFO - Sync 1 DAGs
[2024-07-27T22:08:38.303+0000] {logging_mixin.py:188} INFO - [2024-07-27T22:08:38.303+0000] {dag.py:3947} INFO - Setting next_dagrun for example_python_decorator to None, run_after=None
[2024-07-27T22:08:38.312+0000] {processor.py:183} INFO - Processing /home/airflow/.local/lib/python3.12/site-packages/airflow/example_dags/example_python_decorator.py took 0.042 seconds
[2024-07-27T22:09:09.203+0000] {processor.py:161} INFO - Started process (PID=6883) to work on /home/airflow/.local/lib/python3.12/site-packages/airflow/example_dags/example_python_decorator.py
[2024-07-27T22:09:09.203+0000] {processor.py:830} INFO - Processing file /home/airflow/.local/lib/python3.12/site-packages/airflow/example_dags/example_python_decorator.py for tasks to queue
[2024-07-27T22:09:09.204+0000] {logging_mixin.py:188} INFO - [2024-07-27T22:09:09.204+0000] {dagbag.py:545} INFO - Filling up the DagBag from /home/airflow/.local/lib/python3.12/site-packages/airflow/example_dags/example_python_decorator.py
[2024-07-27T22:09:09.211+0000] {processor.py:840} INFO - DAG(s) 'example_python_decorator' retrieved from /home/airflow/.local/lib/python3.12/site-packages/airflow/example_dags/example_python_decorator.py
[2024-07-27T22:09:09.223+0000] {logging_mixin.py:188} INFO - [2024-07-27T22:09:09.223+0000] {dag.py:3089} INFO - Sync 1 DAGs
[2024-07-27T22:09:09.229+0000] {logging_mixin.py:188} INFO - [2024-07-27T22:09:09.229+0000] {dag.py:3947} INFO - Setting next_dagrun for example_python_decorator to None, run_after=None
[2024-07-27T22:09:09.238+0000] {processor.py:183} INFO - Processing /home/airflow/.local/lib/python3.12/site-packages/airflow/example_dags/example_python_decorator.py took 0.039 seconds
[2024-07-27T22:09:39.488+0000] {processor.py:161} INFO - Started process (PID=7145) to work on /home/airflow/.local/lib/python3.12/site-packages/airflow/example_dags/example_python_decorator.py
[2024-07-27T22:09:39.489+0000] {processor.py:830} INFO - Processing file /home/airflow/.local/lib/python3.12/site-packages/airflow/example_dags/example_python_decorator.py for tasks to queue
[2024-07-27T22:09:39.490+0000] {logging_mixin.py:188} INFO - [2024-07-27T22:09:39.489+0000] {dagbag.py:545} INFO - Filling up the DagBag from /home/airflow/.local/lib/python3.12/site-packages/airflow/example_dags/example_python_decorator.py
[2024-07-27T22:09:39.496+0000] {processor.py:840} INFO - DAG(s) 'example_python_decorator' retrieved from /home/airflow/.local/lib/python3.12/site-packages/airflow/example_dags/example_python_decorator.py
[2024-07-27T22:09:39.508+0000] {logging_mixin.py:188} INFO - [2024-07-27T22:09:39.508+0000] {dag.py:3089} INFO - Sync 1 DAGs
[2024-07-27T22:09:39.515+0000] {logging_mixin.py:188} INFO - [2024-07-27T22:09:39.515+0000] {dag.py:3947} INFO - Setting next_dagrun for example_python_decorator to None, run_after=None
[2024-07-27T22:09:39.524+0000] {processor.py:183} INFO - Processing /home/airflow/.local/lib/python3.12/site-packages/airflow/example_dags/example_python_decorator.py took 0.040 seconds
[2024-07-27T22:10:09.813+0000] {processor.py:161} INFO - Started process (PID=7407) to work on /home/airflow/.local/lib/python3.12/site-packages/airflow/example_dags/example_python_decorator.py
[2024-07-27T22:10:09.814+0000] {processor.py:830} INFO - Processing file /home/airflow/.local/lib/python3.12/site-packages/airflow/example_dags/example_python_decorator.py for tasks to queue
[2024-07-27T22:10:09.815+0000] {logging_mixin.py:188} INFO - [2024-07-27T22:10:09.815+0000] {dagbag.py:545} INFO - Filling up the DagBag from /home/airflow/.local/lib/python3.12/site-packages/airflow/example_dags/example_python_decorator.py
[2024-07-27T22:10:09.822+0000] {processor.py:840} INFO - DAG(s) 'example_python_decorator' retrieved from /home/airflow/.local/lib/python3.12/site-packages/airflow/example_dags/example_python_decorator.py
[2024-07-27T22:10:09.834+0000] {logging_mixin.py:188} INFO - [2024-07-27T22:10:09.834+0000] {dag.py:3089} INFO - Sync 1 DAGs
[2024-07-27T22:10:09.840+0000] {logging_mixin.py:188} INFO - [2024-07-27T22:10:09.840+0000] {dag.py:3947} INFO - Setting next_dagrun for example_python_decorator to None, run_after=None
[2024-07-27T22:10:09.849+0000] {processor.py:183} INFO - Processing /home/airflow/.local/lib/python3.12/site-packages/airflow/example_dags/example_python_decorator.py took 0.039 seconds
[2024-07-27T22:10:40.193+0000] {processor.py:161} INFO - Started process (PID=7669) to work on /home/airflow/.local/lib/python3.12/site-packages/airflow/example_dags/example_python_decorator.py
[2024-07-27T22:10:40.194+0000] {processor.py:830} INFO - Processing file /home/airflow/.local/lib/python3.12/site-packages/airflow/example_dags/example_python_decorator.py for tasks to queue
[2024-07-27T22:10:40.196+0000] {logging_mixin.py:188} INFO - [2024-07-27T22:10:40.196+0000] {dagbag.py:545} INFO - Filling up the DagBag from /home/airflow/.local/lib/python3.12/site-packages/airflow/example_dags/example_python_decorator.py
[2024-07-27T22:10:40.204+0000] {processor.py:840} INFO - DAG(s) 'example_python_decorator' retrieved from /home/airflow/.local/lib/python3.12/site-packages/airflow/example_dags/example_python_decorator.py
[2024-07-27T22:10:40.218+0000] {logging_mixin.py:188} INFO - [2024-07-27T22:10:40.218+0000] {dag.py:3089} INFO - Sync 1 DAGs
[2024-07-27T22:10:40.224+0000] {logging_mixin.py:188} INFO - [2024-07-27T22:10:40.224+0000] {dag.py:3947} INFO - Setting next_dagrun for example_python_decorator to None, run_after=None
[2024-07-27T22:10:40.232+0000] {processor.py:183} INFO - Processing /home/airflow/.local/lib/python3.12/site-packages/airflow/example_dags/example_python_decorator.py took 0.043 seconds
[2024-07-27T22:11:11.323+0000] {processor.py:161} INFO - Started process (PID=7937) to work on /home/airflow/.local/lib/python3.12/site-packages/airflow/example_dags/example_python_decorator.py
[2024-07-27T22:11:11.324+0000] {processor.py:830} INFO - Processing file /home/airflow/.local/lib/python3.12/site-packages/airflow/example_dags/example_python_decorator.py for tasks to queue
[2024-07-27T22:11:11.325+0000] {logging_mixin.py:188} INFO - [2024-07-27T22:11:11.325+0000] {dagbag.py:545} INFO - Filling up the DagBag from /home/airflow/.local/lib/python3.12/site-packages/airflow/example_dags/example_python_decorator.py
[2024-07-27T22:11:11.331+0000] {processor.py:840} INFO - DAG(s) 'example_python_decorator' retrieved from /home/airflow/.local/lib/python3.12/site-packages/airflow/example_dags/example_python_decorator.py
[2024-07-27T22:11:11.342+0000] {logging_mixin.py:188} INFO - [2024-07-27T22:11:11.342+0000] {dag.py:3089} INFO - Sync 1 DAGs
[2024-07-27T22:11:11.349+0000] {logging_mixin.py:188} INFO - [2024-07-27T22:11:11.349+0000] {dag.py:3947} INFO - Setting next_dagrun for example_python_decorator to None, run_after=None
[2024-07-27T22:11:11.359+0000] {processor.py:183} INFO - Processing /home/airflow/.local/lib/python3.12/site-packages/airflow/example_dags/example_python_decorator.py took 0.040 seconds
[2024-07-27T22:11:41.603+0000] {processor.py:161} INFO - Started process (PID=8200) to work on /home/airflow/.local/lib/python3.12/site-packages/airflow/example_dags/example_python_decorator.py
[2024-07-27T22:11:41.604+0000] {processor.py:830} INFO - Processing file /home/airflow/.local/lib/python3.12/site-packages/airflow/example_dags/example_python_decorator.py for tasks to queue
[2024-07-27T22:11:41.605+0000] {logging_mixin.py:188} INFO - [2024-07-27T22:11:41.605+0000] {dagbag.py:545} INFO - Filling up the DagBag from /home/airflow/.local/lib/python3.12/site-packages/airflow/example_dags/example_python_decorator.py
[2024-07-27T22:11:41.612+0000] {processor.py:840} INFO - DAG(s) 'example_python_decorator' retrieved from /home/airflow/.local/lib/python3.12/site-packages/airflow/example_dags/example_python_decorator.py
[2024-07-27T22:11:41.624+0000] {logging_mixin.py:188} INFO - [2024-07-27T22:11:41.624+0000] {dag.py:3089} INFO - Sync 1 DAGs
[2024-07-27T22:11:41.632+0000] {logging_mixin.py:188} INFO - [2024-07-27T22:11:41.631+0000] {dag.py:3947} INFO - Setting next_dagrun for example_python_decorator to None, run_after=None
[2024-07-27T22:11:41.643+0000] {processor.py:183} INFO - Processing /home/airflow/.local/lib/python3.12/site-packages/airflow/example_dags/example_python_decorator.py took 0.044 seconds
[2024-07-27T22:12:11.950+0000] {processor.py:161} INFO - Started process (PID=8462) to work on /home/airflow/.local/lib/python3.12/site-packages/airflow/example_dags/example_python_decorator.py
[2024-07-27T22:12:11.951+0000] {processor.py:830} INFO - Processing file /home/airflow/.local/lib/python3.12/site-packages/airflow/example_dags/example_python_decorator.py for tasks to queue
[2024-07-27T22:12:11.952+0000] {logging_mixin.py:188} INFO - [2024-07-27T22:12:11.951+0000] {dagbag.py:545} INFO - Filling up the DagBag from /home/airflow/.local/lib/python3.12/site-packages/airflow/example_dags/example_python_decorator.py
[2024-07-27T22:12:11.959+0000] {processor.py:840} INFO - DAG(s) 'example_python_decorator' retrieved from /home/airflow/.local/lib/python3.12/site-packages/airflow/example_dags/example_python_decorator.py
[2024-07-27T22:12:11.971+0000] {logging_mixin.py:188} INFO - [2024-07-27T22:12:11.971+0000] {dag.py:3089} INFO - Sync 1 DAGs
[2024-07-27T22:12:11.978+0000] {logging_mixin.py:188} INFO - [2024-07-27T22:12:11.978+0000] {dag.py:3947} INFO - Setting next_dagrun for example_python_decorator to None, run_after=None
[2024-07-27T22:12:11.987+0000] {processor.py:183} INFO - Processing /home/airflow/.local/lib/python3.12/site-packages/airflow/example_dags/example_python_decorator.py took 0.040 seconds
[2024-07-27T22:12:42.334+0000] {processor.py:161} INFO - Started process (PID=8724) to work on /home/airflow/.local/lib/python3.12/site-packages/airflow/example_dags/example_python_decorator.py
[2024-07-27T22:12:42.336+0000] {processor.py:830} INFO - Processing file /home/airflow/.local/lib/python3.12/site-packages/airflow/example_dags/example_python_decorator.py for tasks to queue
[2024-07-27T22:12:42.337+0000] {logging_mixin.py:188} INFO - [2024-07-27T22:12:42.337+0000] {dagbag.py:545} INFO - Filling up the DagBag from /home/airflow/.local/lib/python3.12/site-packages/airflow/example_dags/example_python_decorator.py
[2024-07-27T22:12:42.344+0000] {processor.py:840} INFO - DAG(s) 'example_python_decorator' retrieved from /home/airflow/.local/lib/python3.12/site-packages/airflow/example_dags/example_python_decorator.py
[2024-07-27T22:12:42.356+0000] {logging_mixin.py:188} INFO - [2024-07-27T22:12:42.356+0000] {dag.py:3089} INFO - Sync 1 DAGs
[2024-07-27T22:12:42.366+0000] {logging_mixin.py:188} INFO - [2024-07-27T22:12:42.366+0000] {dag.py:3947} INFO - Setting next_dagrun for example_python_decorator to None, run_after=None
[2024-07-27T22:12:42.384+0000] {processor.py:183} INFO - Processing /home/airflow/.local/lib/python3.12/site-packages/airflow/example_dags/example_python_decorator.py took 0.053 seconds
[2024-07-27T22:13:12.510+0000] {processor.py:161} INFO - Started process (PID=8983) to work on /home/airflow/.local/lib/python3.12/site-packages/airflow/example_dags/example_python_decorator.py
[2024-07-27T22:13:12.511+0000] {processor.py:830} INFO - Processing file /home/airflow/.local/lib/python3.12/site-packages/airflow/example_dags/example_python_decorator.py for tasks to queue
[2024-07-27T22:13:12.513+0000] {logging_mixin.py:188} INFO - [2024-07-27T22:13:12.512+0000] {dagbag.py:545} INFO - Filling up the DagBag from /home/airflow/.local/lib/python3.12/site-packages/airflow/example_dags/example_python_decorator.py
[2024-07-27T22:13:12.519+0000] {processor.py:840} INFO - DAG(s) 'example_python_decorator' retrieved from /home/airflow/.local/lib/python3.12/site-packages/airflow/example_dags/example_python_decorator.py
[2024-07-27T22:13:12.530+0000] {logging_mixin.py:188} INFO - [2024-07-27T22:13:12.530+0000] {dag.py:3089} INFO - Sync 1 DAGs
[2024-07-27T22:13:12.536+0000] {logging_mixin.py:188} INFO - [2024-07-27T22:13:12.536+0000] {dag.py:3947} INFO - Setting next_dagrun for example_python_decorator to None, run_after=None
[2024-07-27T22:13:12.544+0000] {processor.py:183} INFO - Processing /home/airflow/.local/lib/python3.12/site-packages/airflow/example_dags/example_python_decorator.py took 0.037 seconds
[2024-07-27T22:13:42.746+0000] {processor.py:161} INFO - Started process (PID=9243) to work on /home/airflow/.local/lib/python3.12/site-packages/airflow/example_dags/example_python_decorator.py
[2024-07-27T22:13:42.747+0000] {processor.py:830} INFO - Processing file /home/airflow/.local/lib/python3.12/site-packages/airflow/example_dags/example_python_decorator.py for tasks to queue
[2024-07-27T22:13:42.748+0000] {logging_mixin.py:188} INFO - [2024-07-27T22:13:42.747+0000] {dagbag.py:545} INFO - Filling up the DagBag from /home/airflow/.local/lib/python3.12/site-packages/airflow/example_dags/example_python_decorator.py
[2024-07-27T22:13:42.754+0000] {processor.py:840} INFO - DAG(s) 'example_python_decorator' retrieved from /home/airflow/.local/lib/python3.12/site-packages/airflow/example_dags/example_python_decorator.py
[2024-07-27T22:13:42.765+0000] {logging_mixin.py:188} INFO - [2024-07-27T22:13:42.764+0000] {dag.py:3089} INFO - Sync 1 DAGs
[2024-07-27T22:13:42.771+0000] {logging_mixin.py:188} INFO - [2024-07-27T22:13:42.771+0000] {dag.py:3947} INFO - Setting next_dagrun for example_python_decorator to None, run_after=None
[2024-07-27T22:13:42.779+0000] {processor.py:183} INFO - Processing /home/airflow/.local/lib/python3.12/site-packages/airflow/example_dags/example_python_decorator.py took 0.037 seconds
[2024-07-27T22:14:13.235+0000] {processor.py:161} INFO - Started process (PID=9504) to work on /home/airflow/.local/lib/python3.12/site-packages/airflow/example_dags/example_python_decorator.py
[2024-07-27T22:14:13.236+0000] {processor.py:830} INFO - Processing file /home/airflow/.local/lib/python3.12/site-packages/airflow/example_dags/example_python_decorator.py for tasks to queue
[2024-07-27T22:14:13.237+0000] {logging_mixin.py:188} INFO - [2024-07-27T22:14:13.236+0000] {dagbag.py:545} INFO - Filling up the DagBag from /home/airflow/.local/lib/python3.12/site-packages/airflow/example_dags/example_python_decorator.py
[2024-07-27T22:14:13.243+0000] {processor.py:840} INFO - DAG(s) 'example_python_decorator' retrieved from /home/airflow/.local/lib/python3.12/site-packages/airflow/example_dags/example_python_decorator.py
[2024-07-27T22:14:13.255+0000] {logging_mixin.py:188} INFO - [2024-07-27T22:14:13.255+0000] {dag.py:3089} INFO - Sync 1 DAGs
[2024-07-27T22:14:13.261+0000] {logging_mixin.py:188} INFO - [2024-07-27T22:14:13.261+0000] {dag.py:3947} INFO - Setting next_dagrun for example_python_decorator to None, run_after=None
[2024-07-27T22:14:13.277+0000] {processor.py:183} INFO - Processing /home/airflow/.local/lib/python3.12/site-packages/airflow/example_dags/example_python_decorator.py took 0.046 seconds
[2024-07-27T22:14:43.556+0000] {processor.py:161} INFO - Started process (PID=9766) to work on /home/airflow/.local/lib/python3.12/site-packages/airflow/example_dags/example_python_decorator.py
[2024-07-27T22:14:43.557+0000] {processor.py:830} INFO - Processing file /home/airflow/.local/lib/python3.12/site-packages/airflow/example_dags/example_python_decorator.py for tasks to queue
[2024-07-27T22:14:43.558+0000] {logging_mixin.py:188} INFO - [2024-07-27T22:14:43.558+0000] {dagbag.py:545} INFO - Filling up the DagBag from /home/airflow/.local/lib/python3.12/site-packages/airflow/example_dags/example_python_decorator.py
[2024-07-27T22:14:43.567+0000] {processor.py:840} INFO - DAG(s) 'example_python_decorator' retrieved from /home/airflow/.local/lib/python3.12/site-packages/airflow/example_dags/example_python_decorator.py
[2024-07-27T22:14:43.583+0000] {logging_mixin.py:188} INFO - [2024-07-27T22:14:43.583+0000] {dag.py:3089} INFO - Sync 1 DAGs
[2024-07-27T22:14:43.590+0000] {logging_mixin.py:188} INFO - [2024-07-27T22:14:43.590+0000] {dag.py:3947} INFO - Setting next_dagrun for example_python_decorator to None, run_after=None
[2024-07-27T22:14:43.601+0000] {processor.py:183} INFO - Processing /home/airflow/.local/lib/python3.12/site-packages/airflow/example_dags/example_python_decorator.py took 0.049 seconds
[2024-07-27T22:15:13.945+0000] {processor.py:161} INFO - Started process (PID=10029) to work on /home/airflow/.local/lib/python3.12/site-packages/airflow/example_dags/example_python_decorator.py
[2024-07-27T22:15:13.946+0000] {processor.py:830} INFO - Processing file /home/airflow/.local/lib/python3.12/site-packages/airflow/example_dags/example_python_decorator.py for tasks to queue
[2024-07-27T22:15:13.947+0000] {logging_mixin.py:188} INFO - [2024-07-27T22:15:13.947+0000] {dagbag.py:545} INFO - Filling up the DagBag from /home/airflow/.local/lib/python3.12/site-packages/airflow/example_dags/example_python_decorator.py
[2024-07-27T22:15:13.954+0000] {processor.py:840} INFO - DAG(s) 'example_python_decorator' retrieved from /home/airflow/.local/lib/python3.12/site-packages/airflow/example_dags/example_python_decorator.py
[2024-07-27T22:15:13.967+0000] {logging_mixin.py:188} INFO - [2024-07-27T22:15:13.967+0000] {dag.py:3089} INFO - Sync 1 DAGs
[2024-07-27T22:15:13.974+0000] {logging_mixin.py:188} INFO - [2024-07-27T22:15:13.973+0000] {dag.py:3947} INFO - Setting next_dagrun for example_python_decorator to None, run_after=None
[2024-07-27T22:15:13.983+0000] {processor.py:183} INFO - Processing /home/airflow/.local/lib/python3.12/site-packages/airflow/example_dags/example_python_decorator.py took 0.041 seconds
[2024-07-27T22:15:44.105+0000] {processor.py:161} INFO - Started process (PID=10293) to work on /home/airflow/.local/lib/python3.12/site-packages/airflow/example_dags/example_python_decorator.py
[2024-07-27T22:15:44.107+0000] {processor.py:830} INFO - Processing file /home/airflow/.local/lib/python3.12/site-packages/airflow/example_dags/example_python_decorator.py for tasks to queue
[2024-07-27T22:15:44.108+0000] {logging_mixin.py:188} INFO - [2024-07-27T22:15:44.108+0000] {dagbag.py:545} INFO - Filling up the DagBag from /home/airflow/.local/lib/python3.12/site-packages/airflow/example_dags/example_python_decorator.py
[2024-07-27T22:15:44.117+0000] {processor.py:840} INFO - DAG(s) 'example_python_decorator' retrieved from /home/airflow/.local/lib/python3.12/site-packages/airflow/example_dags/example_python_decorator.py
[2024-07-27T22:15:44.129+0000] {logging_mixin.py:188} INFO - [2024-07-27T22:15:44.129+0000] {dag.py:3089} INFO - Sync 1 DAGs
[2024-07-27T22:15:44.135+0000] {logging_mixin.py:188} INFO - [2024-07-27T22:15:44.135+0000] {dag.py:3947} INFO - Setting next_dagrun for example_python_decorator to None, run_after=None
[2024-07-27T22:15:44.143+0000] {processor.py:183} INFO - Processing /home/airflow/.local/lib/python3.12/site-packages/airflow/example_dags/example_python_decorator.py took 0.042 seconds
[2024-07-27T22:16:15.200+0000] {processor.py:161} INFO - Started process (PID=10554) to work on /home/airflow/.local/lib/python3.12/site-packages/airflow/example_dags/example_python_decorator.py
[2024-07-27T22:16:15.200+0000] {processor.py:830} INFO - Processing file /home/airflow/.local/lib/python3.12/site-packages/airflow/example_dags/example_python_decorator.py for tasks to queue
[2024-07-27T22:16:15.201+0000] {logging_mixin.py:188} INFO - [2024-07-27T22:16:15.201+0000] {dagbag.py:545} INFO - Filling up the DagBag from /home/airflow/.local/lib/python3.12/site-packages/airflow/example_dags/example_python_decorator.py
[2024-07-27T22:16:15.209+0000] {processor.py:840} INFO - DAG(s) 'example_python_decorator' retrieved from /home/airflow/.local/lib/python3.12/site-packages/airflow/example_dags/example_python_decorator.py
[2024-07-27T22:16:15.222+0000] {logging_mixin.py:188} INFO - [2024-07-27T22:16:15.222+0000] {dag.py:3089} INFO - Sync 1 DAGs
[2024-07-27T22:16:15.228+0000] {logging_mixin.py:188} INFO - [2024-07-27T22:16:15.228+0000] {dag.py:3947} INFO - Setting next_dagrun for example_python_decorator to None, run_after=None
[2024-07-27T22:16:15.237+0000] {processor.py:183} INFO - Processing /home/airflow/.local/lib/python3.12/site-packages/airflow/example_dags/example_python_decorator.py took 0.041 seconds
[2024-07-27T22:16:46.580+0000] {processor.py:161} INFO - Started process (PID=10816) to work on /home/airflow/.local/lib/python3.12/site-packages/airflow/example_dags/example_python_decorator.py
[2024-07-27T22:16:46.581+0000] {processor.py:830} INFO - Processing file /home/airflow/.local/lib/python3.12/site-packages/airflow/example_dags/example_python_decorator.py for tasks to queue
[2024-07-27T22:16:46.583+0000] {logging_mixin.py:188} INFO - [2024-07-27T22:16:46.582+0000] {dagbag.py:545} INFO - Filling up the DagBag from /home/airflow/.local/lib/python3.12/site-packages/airflow/example_dags/example_python_decorator.py
[2024-07-27T22:16:46.592+0000] {processor.py:840} INFO - DAG(s) 'example_python_decorator' retrieved from /home/airflow/.local/lib/python3.12/site-packages/airflow/example_dags/example_python_decorator.py
[2024-07-27T22:16:46.607+0000] {logging_mixin.py:188} INFO - [2024-07-27T22:16:46.607+0000] {dag.py:3089} INFO - Sync 1 DAGs
[2024-07-27T22:16:46.732+0000] {logging_mixin.py:188} INFO - [2024-07-27T22:16:46.732+0000] {dag.py:3947} INFO - Setting next_dagrun for example_python_decorator to None, run_after=None
[2024-07-27T22:16:46.746+0000] {processor.py:183} INFO - Processing /home/airflow/.local/lib/python3.12/site-packages/airflow/example_dags/example_python_decorator.py took 0.171 seconds
[2024-07-27T22:17:17.653+0000] {processor.py:161} INFO - Started process (PID=11078) to work on /home/airflow/.local/lib/python3.12/site-packages/airflow/example_dags/example_python_decorator.py
[2024-07-27T22:17:17.654+0000] {processor.py:830} INFO - Processing file /home/airflow/.local/lib/python3.12/site-packages/airflow/example_dags/example_python_decorator.py for tasks to queue
[2024-07-27T22:17:17.655+0000] {logging_mixin.py:188} INFO - [2024-07-27T22:17:17.655+0000] {dagbag.py:545} INFO - Filling up the DagBag from /home/airflow/.local/lib/python3.12/site-packages/airflow/example_dags/example_python_decorator.py
[2024-07-27T22:17:17.663+0000] {processor.py:840} INFO - DAG(s) 'example_python_decorator' retrieved from /home/airflow/.local/lib/python3.12/site-packages/airflow/example_dags/example_python_decorator.py
[2024-07-27T22:17:17.678+0000] {logging_mixin.py:188} INFO - [2024-07-27T22:17:17.678+0000] {dag.py:3089} INFO - Sync 1 DAGs
[2024-07-27T22:17:17.691+0000] {logging_mixin.py:188} INFO - [2024-07-27T22:17:17.690+0000] {dag.py:3947} INFO - Setting next_dagrun for example_python_decorator to None, run_after=None
[2024-07-27T22:17:17.703+0000] {processor.py:183} INFO - Processing /home/airflow/.local/lib/python3.12/site-packages/airflow/example_dags/example_python_decorator.py took 0.054 seconds
[2024-07-27T22:17:48.139+0000] {processor.py:161} INFO - Started process (PID=11342) to work on /home/airflow/.local/lib/python3.12/site-packages/airflow/example_dags/example_python_decorator.py
[2024-07-27T22:17:48.140+0000] {processor.py:830} INFO - Processing file /home/airflow/.local/lib/python3.12/site-packages/airflow/example_dags/example_python_decorator.py for tasks to queue
[2024-07-27T22:17:48.141+0000] {logging_mixin.py:188} INFO - [2024-07-27T22:17:48.141+0000] {dagbag.py:545} INFO - Filling up the DagBag from /home/airflow/.local/lib/python3.12/site-packages/airflow/example_dags/example_python_decorator.py
[2024-07-27T22:17:48.148+0000] {processor.py:840} INFO - DAG(s) 'example_python_decorator' retrieved from /home/airflow/.local/lib/python3.12/site-packages/airflow/example_dags/example_python_decorator.py
[2024-07-27T22:17:48.159+0000] {logging_mixin.py:188} INFO - [2024-07-27T22:17:48.159+0000] {dag.py:3089} INFO - Sync 1 DAGs
[2024-07-27T22:17:48.164+0000] {logging_mixin.py:188} INFO - [2024-07-27T22:17:48.164+0000] {dag.py:3947} INFO - Setting next_dagrun for example_python_decorator to None, run_after=None
[2024-07-27T22:17:48.173+0000] {processor.py:183} INFO - Processing /home/airflow/.local/lib/python3.12/site-packages/airflow/example_dags/example_python_decorator.py took 0.037 seconds
[2024-07-27T22:18:18.409+0000] {processor.py:161} INFO - Started process (PID=11602) to work on /home/airflow/.local/lib/python3.12/site-packages/airflow/example_dags/example_python_decorator.py
[2024-07-27T22:18:18.409+0000] {processor.py:830} INFO - Processing file /home/airflow/.local/lib/python3.12/site-packages/airflow/example_dags/example_python_decorator.py for tasks to queue
[2024-07-27T22:18:18.411+0000] {logging_mixin.py:188} INFO - [2024-07-27T22:18:18.410+0000] {dagbag.py:545} INFO - Filling up the DagBag from /home/airflow/.local/lib/python3.12/site-packages/airflow/example_dags/example_python_decorator.py
[2024-07-27T22:18:18.420+0000] {processor.py:840} INFO - DAG(s) 'example_python_decorator' retrieved from /home/airflow/.local/lib/python3.12/site-packages/airflow/example_dags/example_python_decorator.py
[2024-07-27T22:18:18.433+0000] {logging_mixin.py:188} INFO - [2024-07-27T22:18:18.433+0000] {dag.py:3089} INFO - Sync 1 DAGs
[2024-07-27T22:18:18.439+0000] {logging_mixin.py:188} INFO - [2024-07-27T22:18:18.439+0000] {dag.py:3947} INFO - Setting next_dagrun for example_python_decorator to None, run_after=None
[2024-07-27T22:18:18.449+0000] {processor.py:183} INFO - Processing /home/airflow/.local/lib/python3.12/site-packages/airflow/example_dags/example_python_decorator.py took 0.044 seconds
[2024-07-27T22:18:48.607+0000] {processor.py:161} INFO - Started process (PID=11864) to work on /home/airflow/.local/lib/python3.12/site-packages/airflow/example_dags/example_python_decorator.py
[2024-07-27T22:18:48.607+0000] {processor.py:830} INFO - Processing file /home/airflow/.local/lib/python3.12/site-packages/airflow/example_dags/example_python_decorator.py for tasks to queue
[2024-07-27T22:18:48.608+0000] {logging_mixin.py:188} INFO - [2024-07-27T22:18:48.608+0000] {dagbag.py:545} INFO - Filling up the DagBag from /home/airflow/.local/lib/python3.12/site-packages/airflow/example_dags/example_python_decorator.py
[2024-07-27T22:18:48.616+0000] {processor.py:840} INFO - DAG(s) 'example_python_decorator' retrieved from /home/airflow/.local/lib/python3.12/site-packages/airflow/example_dags/example_python_decorator.py
[2024-07-27T22:18:48.627+0000] {logging_mixin.py:188} INFO - [2024-07-27T22:18:48.627+0000] {dag.py:3089} INFO - Sync 1 DAGs
[2024-07-27T22:18:48.634+0000] {logging_mixin.py:188} INFO - [2024-07-27T22:18:48.633+0000] {dag.py:3947} INFO - Setting next_dagrun for example_python_decorator to None, run_after=None
[2024-07-27T22:18:48.643+0000] {processor.py:183} INFO - Processing /home/airflow/.local/lib/python3.12/site-packages/airflow/example_dags/example_python_decorator.py took 0.040 seconds
[2024-07-27T22:19:18.965+0000] {processor.py:161} INFO - Started process (PID=12126) to work on /home/airflow/.local/lib/python3.12/site-packages/airflow/example_dags/example_python_decorator.py
[2024-07-27T22:19:18.966+0000] {processor.py:830} INFO - Processing file /home/airflow/.local/lib/python3.12/site-packages/airflow/example_dags/example_python_decorator.py for tasks to queue
[2024-07-27T22:19:18.967+0000] {logging_mixin.py:188} INFO - [2024-07-27T22:19:18.967+0000] {dagbag.py:545} INFO - Filling up the DagBag from /home/airflow/.local/lib/python3.12/site-packages/airflow/example_dags/example_python_decorator.py
[2024-07-27T22:19:18.976+0000] {processor.py:840} INFO - DAG(s) 'example_python_decorator' retrieved from /home/airflow/.local/lib/python3.12/site-packages/airflow/example_dags/example_python_decorator.py
[2024-07-27T22:19:18.989+0000] {logging_mixin.py:188} INFO - [2024-07-27T22:19:18.989+0000] {dag.py:3089} INFO - Sync 1 DAGs
[2024-07-27T22:19:18.995+0000] {logging_mixin.py:188} INFO - [2024-07-27T22:19:18.995+0000] {dag.py:3947} INFO - Setting next_dagrun for example_python_decorator to None, run_after=None
[2024-07-27T22:19:19.006+0000] {processor.py:183} INFO - Processing /home/airflow/.local/lib/python3.12/site-packages/airflow/example_dags/example_python_decorator.py took 0.044 seconds
[2024-07-27T22:19:49.156+0000] {processor.py:161} INFO - Started process (PID=12388) to work on /home/airflow/.local/lib/python3.12/site-packages/airflow/example_dags/example_python_decorator.py
[2024-07-27T22:19:49.157+0000] {processor.py:830} INFO - Processing file /home/airflow/.local/lib/python3.12/site-packages/airflow/example_dags/example_python_decorator.py for tasks to queue
[2024-07-27T22:19:49.158+0000] {logging_mixin.py:188} INFO - [2024-07-27T22:19:49.158+0000] {dagbag.py:545} INFO - Filling up the DagBag from /home/airflow/.local/lib/python3.12/site-packages/airflow/example_dags/example_python_decorator.py
[2024-07-27T22:19:49.165+0000] {processor.py:840} INFO - DAG(s) 'example_python_decorator' retrieved from /home/airflow/.local/lib/python3.12/site-packages/airflow/example_dags/example_python_decorator.py
[2024-07-27T22:19:49.179+0000] {logging_mixin.py:188} INFO - [2024-07-27T22:19:49.179+0000] {dag.py:3089} INFO - Sync 1 DAGs
[2024-07-27T22:19:49.185+0000] {logging_mixin.py:188} INFO - [2024-07-27T22:19:49.185+0000] {dag.py:3947} INFO - Setting next_dagrun for example_python_decorator to None, run_after=None
[2024-07-27T22:19:49.194+0000] {processor.py:183} INFO - Processing /home/airflow/.local/lib/python3.12/site-packages/airflow/example_dags/example_python_decorator.py took 0.041 seconds
[2024-07-27T22:20:19.962+0000] {processor.py:161} INFO - Started process (PID=12655) to work on /home/airflow/.local/lib/python3.12/site-packages/airflow/example_dags/example_python_decorator.py
[2024-07-27T22:20:19.963+0000] {processor.py:830} INFO - Processing file /home/airflow/.local/lib/python3.12/site-packages/airflow/example_dags/example_python_decorator.py for tasks to queue
[2024-07-27T22:20:19.964+0000] {logging_mixin.py:188} INFO - [2024-07-27T22:20:19.964+0000] {dagbag.py:545} INFO - Filling up the DagBag from /home/airflow/.local/lib/python3.12/site-packages/airflow/example_dags/example_python_decorator.py
[2024-07-27T22:20:19.972+0000] {processor.py:840} INFO - DAG(s) 'example_python_decorator' retrieved from /home/airflow/.local/lib/python3.12/site-packages/airflow/example_dags/example_python_decorator.py
[2024-07-27T22:20:19.985+0000] {logging_mixin.py:188} INFO - [2024-07-27T22:20:19.985+0000] {dag.py:3089} INFO - Sync 1 DAGs
[2024-07-27T22:20:19.991+0000] {logging_mixin.py:188} INFO - [2024-07-27T22:20:19.991+0000] {dag.py:3947} INFO - Setting next_dagrun for example_python_decorator to None, run_after=None
[2024-07-27T22:20:20.002+0000] {processor.py:183} INFO - Processing /home/airflow/.local/lib/python3.12/site-packages/airflow/example_dags/example_python_decorator.py took 0.044 seconds
[2024-07-27T22:20:50.297+0000] {processor.py:161} INFO - Started process (PID=12927) to work on /home/airflow/.local/lib/python3.12/site-packages/airflow/example_dags/example_python_decorator.py
[2024-07-27T22:20:50.297+0000] {processor.py:830} INFO - Processing file /home/airflow/.local/lib/python3.12/site-packages/airflow/example_dags/example_python_decorator.py for tasks to queue
[2024-07-27T22:20:50.298+0000] {logging_mixin.py:188} INFO - [2024-07-27T22:20:50.298+0000] {dagbag.py:545} INFO - Filling up the DagBag from /home/airflow/.local/lib/python3.12/site-packages/airflow/example_dags/example_python_decorator.py
[2024-07-27T22:20:50.305+0000] {processor.py:840} INFO - DAG(s) 'example_python_decorator' retrieved from /home/airflow/.local/lib/python3.12/site-packages/airflow/example_dags/example_python_decorator.py
[2024-07-27T22:20:50.317+0000] {logging_mixin.py:188} INFO - [2024-07-27T22:20:50.316+0000] {dag.py:3089} INFO - Sync 1 DAGs
[2024-07-27T22:20:50.323+0000] {logging_mixin.py:188} INFO - [2024-07-27T22:20:50.323+0000] {dag.py:3947} INFO - Setting next_dagrun for example_python_decorator to None, run_after=None
[2024-07-27T22:20:50.338+0000] {processor.py:183} INFO - Processing /home/airflow/.local/lib/python3.12/site-packages/airflow/example_dags/example_python_decorator.py took 0.045 seconds
[2024-07-27T22:21:20.702+0000] {processor.py:161} INFO - Started process (PID=13194) to work on /home/airflow/.local/lib/python3.12/site-packages/airflow/example_dags/example_python_decorator.py
[2024-07-27T22:21:20.703+0000] {processor.py:830} INFO - Processing file /home/airflow/.local/lib/python3.12/site-packages/airflow/example_dags/example_python_decorator.py for tasks to queue
[2024-07-27T22:21:20.704+0000] {logging_mixin.py:188} INFO - [2024-07-27T22:21:20.704+0000] {dagbag.py:545} INFO - Filling up the DagBag from /home/airflow/.local/lib/python3.12/site-packages/airflow/example_dags/example_python_decorator.py
[2024-07-27T22:21:20.711+0000] {processor.py:840} INFO - DAG(s) 'example_python_decorator' retrieved from /home/airflow/.local/lib/python3.12/site-packages/airflow/example_dags/example_python_decorator.py
[2024-07-27T22:21:20.723+0000] {logging_mixin.py:188} INFO - [2024-07-27T22:21:20.723+0000] {dag.py:3089} INFO - Sync 1 DAGs
[2024-07-27T22:21:20.731+0000] {logging_mixin.py:188} INFO - [2024-07-27T22:21:20.731+0000] {dag.py:3947} INFO - Setting next_dagrun for example_python_decorator to None, run_after=None
[2024-07-27T22:21:20.742+0000] {processor.py:183} INFO - Processing /home/airflow/.local/lib/python3.12/site-packages/airflow/example_dags/example_python_decorator.py took 0.044 seconds
[2024-07-27T22:21:51.072+0000] {processor.py:161} INFO - Started process (PID=13461) to work on /home/airflow/.local/lib/python3.12/site-packages/airflow/example_dags/example_python_decorator.py
[2024-07-27T22:21:51.073+0000] {processor.py:830} INFO - Processing file /home/airflow/.local/lib/python3.12/site-packages/airflow/example_dags/example_python_decorator.py for tasks to queue
[2024-07-27T22:21:51.074+0000] {logging_mixin.py:188} INFO - [2024-07-27T22:21:51.074+0000] {dagbag.py:545} INFO - Filling up the DagBag from /home/airflow/.local/lib/python3.12/site-packages/airflow/example_dags/example_python_decorator.py
[2024-07-27T22:21:51.081+0000] {processor.py:840} INFO - DAG(s) 'example_python_decorator' retrieved from /home/airflow/.local/lib/python3.12/site-packages/airflow/example_dags/example_python_decorator.py
[2024-07-27T22:21:51.093+0000] {logging_mixin.py:188} INFO - [2024-07-27T22:21:51.093+0000] {dag.py:3089} INFO - Sync 1 DAGs
[2024-07-27T22:21:51.099+0000] {logging_mixin.py:188} INFO - [2024-07-27T22:21:51.099+0000] {dag.py:3947} INFO - Setting next_dagrun for example_python_decorator to None, run_after=None
[2024-07-27T22:21:51.110+0000] {processor.py:183} INFO - Processing /home/airflow/.local/lib/python3.12/site-packages/airflow/example_dags/example_python_decorator.py took 0.043 seconds
[2024-07-27T22:22:21.319+0000] {processor.py:161} INFO - Started process (PID=13728) to work on /home/airflow/.local/lib/python3.12/site-packages/airflow/example_dags/example_python_decorator.py
[2024-07-27T22:22:21.320+0000] {processor.py:830} INFO - Processing file /home/airflow/.local/lib/python3.12/site-packages/airflow/example_dags/example_python_decorator.py for tasks to queue
[2024-07-27T22:22:21.321+0000] {logging_mixin.py:188} INFO - [2024-07-27T22:22:21.321+0000] {dagbag.py:545} INFO - Filling up the DagBag from /home/airflow/.local/lib/python3.12/site-packages/airflow/example_dags/example_python_decorator.py
[2024-07-27T22:22:21.329+0000] {processor.py:840} INFO - DAG(s) 'example_python_decorator' retrieved from /home/airflow/.local/lib/python3.12/site-packages/airflow/example_dags/example_python_decorator.py
[2024-07-27T22:22:21.342+0000] {logging_mixin.py:188} INFO - [2024-07-27T22:22:21.342+0000] {dag.py:3089} INFO - Sync 1 DAGs
[2024-07-27T22:22:21.349+0000] {logging_mixin.py:188} INFO - [2024-07-27T22:22:21.349+0000] {dag.py:3947} INFO - Setting next_dagrun for example_python_decorator to None, run_after=None
[2024-07-27T22:22:21.359+0000] {processor.py:183} INFO - Processing /home/airflow/.local/lib/python3.12/site-packages/airflow/example_dags/example_python_decorator.py took 0.044 seconds
[2024-07-27T22:22:52.038+0000] {processor.py:161} INFO - Started process (PID=13997) to work on /home/airflow/.local/lib/python3.12/site-packages/airflow/example_dags/example_python_decorator.py
[2024-07-27T22:22:52.039+0000] {processor.py:830} INFO - Processing file /home/airflow/.local/lib/python3.12/site-packages/airflow/example_dags/example_python_decorator.py for tasks to queue
[2024-07-27T22:22:52.040+0000] {logging_mixin.py:188} INFO - [2024-07-27T22:22:52.040+0000] {dagbag.py:545} INFO - Filling up the DagBag from /home/airflow/.local/lib/python3.12/site-packages/airflow/example_dags/example_python_decorator.py
[2024-07-27T22:22:52.053+0000] {processor.py:840} INFO - DAG(s) 'example_python_decorator' retrieved from /home/airflow/.local/lib/python3.12/site-packages/airflow/example_dags/example_python_decorator.py
[2024-07-27T22:22:52.072+0000] {logging_mixin.py:188} INFO - [2024-07-27T22:22:52.072+0000] {dag.py:3089} INFO - Sync 1 DAGs
[2024-07-27T22:22:52.083+0000] {logging_mixin.py:188} INFO - [2024-07-27T22:22:52.082+0000] {dag.py:3947} INFO - Setting next_dagrun for example_python_decorator to None, run_after=None
[2024-07-27T22:22:52.093+0000] {processor.py:183} INFO - Processing /home/airflow/.local/lib/python3.12/site-packages/airflow/example_dags/example_python_decorator.py took 0.059 seconds
[2024-07-27T22:23:22.534+0000] {processor.py:161} INFO - Started process (PID=14283) to work on /home/airflow/.local/lib/python3.12/site-packages/airflow/example_dags/example_python_decorator.py
[2024-07-27T22:23:22.534+0000] {processor.py:830} INFO - Processing file /home/airflow/.local/lib/python3.12/site-packages/airflow/example_dags/example_python_decorator.py for tasks to queue
[2024-07-27T22:23:22.535+0000] {logging_mixin.py:188} INFO - [2024-07-27T22:23:22.535+0000] {dagbag.py:545} INFO - Filling up the DagBag from /home/airflow/.local/lib/python3.12/site-packages/airflow/example_dags/example_python_decorator.py
[2024-07-27T22:23:22.542+0000] {processor.py:840} INFO - DAG(s) 'example_python_decorator' retrieved from /home/airflow/.local/lib/python3.12/site-packages/airflow/example_dags/example_python_decorator.py
[2024-07-27T22:23:22.554+0000] {logging_mixin.py:188} INFO - [2024-07-27T22:23:22.554+0000] {dag.py:3089} INFO - Sync 1 DAGs
[2024-07-27T22:23:22.561+0000] {logging_mixin.py:188} INFO - [2024-07-27T22:23:22.560+0000] {dag.py:3947} INFO - Setting next_dagrun for example_python_decorator to None, run_after=None
[2024-07-27T22:23:22.571+0000] {processor.py:183} INFO - Processing /home/airflow/.local/lib/python3.12/site-packages/airflow/example_dags/example_python_decorator.py took 0.041 seconds
[2024-07-27T22:23:53.157+0000] {processor.py:161} INFO - Started process (PID=14552) to work on /home/airflow/.local/lib/python3.12/site-packages/airflow/example_dags/example_python_decorator.py
[2024-07-27T22:23:53.158+0000] {processor.py:830} INFO - Processing file /home/airflow/.local/lib/python3.12/site-packages/airflow/example_dags/example_python_decorator.py for tasks to queue
[2024-07-27T22:23:53.159+0000] {logging_mixin.py:188} INFO - [2024-07-27T22:23:53.159+0000] {dagbag.py:545} INFO - Filling up the DagBag from /home/airflow/.local/lib/python3.12/site-packages/airflow/example_dags/example_python_decorator.py
[2024-07-27T22:23:53.172+0000] {processor.py:840} INFO - DAG(s) 'example_python_decorator' retrieved from /home/airflow/.local/lib/python3.12/site-packages/airflow/example_dags/example_python_decorator.py
[2024-07-27T22:23:53.185+0000] {logging_mixin.py:188} INFO - [2024-07-27T22:23:53.184+0000] {dag.py:3089} INFO - Sync 1 DAGs
[2024-07-27T22:23:53.191+0000] {logging_mixin.py:188} INFO - [2024-07-27T22:23:53.191+0000] {dag.py:3947} INFO - Setting next_dagrun for example_python_decorator to None, run_after=None
[2024-07-27T22:23:53.202+0000] {processor.py:183} INFO - Processing /home/airflow/.local/lib/python3.12/site-packages/airflow/example_dags/example_python_decorator.py took 0.049 seconds
[2024-07-27T22:24:24.004+0000] {processor.py:161} INFO - Started process (PID=14819) to work on /home/airflow/.local/lib/python3.12/site-packages/airflow/example_dags/example_python_decorator.py
[2024-07-27T22:24:24.005+0000] {processor.py:830} INFO - Processing file /home/airflow/.local/lib/python3.12/site-packages/airflow/example_dags/example_python_decorator.py for tasks to queue
[2024-07-27T22:24:24.006+0000] {logging_mixin.py:188} INFO - [2024-07-27T22:24:24.005+0000] {dagbag.py:545} INFO - Filling up the DagBag from /home/airflow/.local/lib/python3.12/site-packages/airflow/example_dags/example_python_decorator.py
[2024-07-27T22:24:24.015+0000] {processor.py:840} INFO - DAG(s) 'example_python_decorator' retrieved from /home/airflow/.local/lib/python3.12/site-packages/airflow/example_dags/example_python_decorator.py
[2024-07-27T22:24:24.027+0000] {logging_mixin.py:188} INFO - [2024-07-27T22:24:24.027+0000] {dag.py:3089} INFO - Sync 1 DAGs
[2024-07-27T22:24:24.034+0000] {logging_mixin.py:188} INFO - [2024-07-27T22:24:24.034+0000] {dag.py:3947} INFO - Setting next_dagrun for example_python_decorator to None, run_after=None
[2024-07-27T22:24:24.043+0000] {processor.py:183} INFO - Processing /home/airflow/.local/lib/python3.12/site-packages/airflow/example_dags/example_python_decorator.py took 0.044 seconds
[2024-07-27T22:24:54.204+0000] {processor.py:161} INFO - Started process (PID=15086) to work on /home/airflow/.local/lib/python3.12/site-packages/airflow/example_dags/example_python_decorator.py
[2024-07-27T22:24:54.205+0000] {processor.py:830} INFO - Processing file /home/airflow/.local/lib/python3.12/site-packages/airflow/example_dags/example_python_decorator.py for tasks to queue
[2024-07-27T22:24:54.206+0000] {logging_mixin.py:188} INFO - [2024-07-27T22:24:54.206+0000] {dagbag.py:545} INFO - Filling up the DagBag from /home/airflow/.local/lib/python3.12/site-packages/airflow/example_dags/example_python_decorator.py
[2024-07-27T22:24:54.214+0000] {processor.py:840} INFO - DAG(s) 'example_python_decorator' retrieved from /home/airflow/.local/lib/python3.12/site-packages/airflow/example_dags/example_python_decorator.py
[2024-07-27T22:24:54.233+0000] {logging_mixin.py:188} INFO - [2024-07-27T22:24:54.233+0000] {dag.py:3089} INFO - Sync 1 DAGs
[2024-07-27T22:24:54.244+0000] {logging_mixin.py:188} INFO - [2024-07-27T22:24:54.244+0000] {dag.py:3947} INFO - Setting next_dagrun for example_python_decorator to None, run_after=None
[2024-07-27T22:24:54.255+0000] {processor.py:183} INFO - Processing /home/airflow/.local/lib/python3.12/site-packages/airflow/example_dags/example_python_decorator.py took 0.055 seconds
[2024-07-27T22:25:24.498+0000] {processor.py:161} INFO - Started process (PID=15353) to work on /home/airflow/.local/lib/python3.12/site-packages/airflow/example_dags/example_python_decorator.py
[2024-07-27T22:25:24.499+0000] {processor.py:830} INFO - Processing file /home/airflow/.local/lib/python3.12/site-packages/airflow/example_dags/example_python_decorator.py for tasks to queue
[2024-07-27T22:25:24.501+0000] {logging_mixin.py:188} INFO - [2024-07-27T22:25:24.501+0000] {dagbag.py:545} INFO - Filling up the DagBag from /home/airflow/.local/lib/python3.12/site-packages/airflow/example_dags/example_python_decorator.py
[2024-07-27T22:25:24.511+0000] {processor.py:840} INFO - DAG(s) 'example_python_decorator' retrieved from /home/airflow/.local/lib/python3.12/site-packages/airflow/example_dags/example_python_decorator.py
[2024-07-27T22:25:24.524+0000] {logging_mixin.py:188} INFO - [2024-07-27T22:25:24.524+0000] {dag.py:3089} INFO - Sync 1 DAGs
[2024-07-27T22:25:24.532+0000] {logging_mixin.py:188} INFO - [2024-07-27T22:25:24.531+0000] {dag.py:3947} INFO - Setting next_dagrun for example_python_decorator to None, run_after=None
[2024-07-27T22:25:24.542+0000] {processor.py:183} INFO - Processing /home/airflow/.local/lib/python3.12/site-packages/airflow/example_dags/example_python_decorator.py took 0.049 seconds
[2024-07-27T22:25:54.805+0000] {processor.py:161} INFO - Started process (PID=15620) to work on /home/airflow/.local/lib/python3.12/site-packages/airflow/example_dags/example_python_decorator.py
[2024-07-27T22:25:54.806+0000] {processor.py:830} INFO - Processing file /home/airflow/.local/lib/python3.12/site-packages/airflow/example_dags/example_python_decorator.py for tasks to queue
[2024-07-27T22:25:54.807+0000] {logging_mixin.py:188} INFO - [2024-07-27T22:25:54.807+0000] {dagbag.py:545} INFO - Filling up the DagBag from /home/airflow/.local/lib/python3.12/site-packages/airflow/example_dags/example_python_decorator.py
[2024-07-27T22:25:54.818+0000] {processor.py:840} INFO - DAG(s) 'example_python_decorator' retrieved from /home/airflow/.local/lib/python3.12/site-packages/airflow/example_dags/example_python_decorator.py
[2024-07-27T22:25:54.843+0000] {logging_mixin.py:188} INFO - [2024-07-27T22:25:54.843+0000] {dag.py:3089} INFO - Sync 1 DAGs
[2024-07-27T22:25:54.849+0000] {logging_mixin.py:188} INFO - [2024-07-27T22:25:54.849+0000] {dag.py:3947} INFO - Setting next_dagrun for example_python_decorator to None, run_after=None
[2024-07-27T22:25:54.858+0000] {processor.py:183} INFO - Processing /home/airflow/.local/lib/python3.12/site-packages/airflow/example_dags/example_python_decorator.py took 0.057 seconds
[2024-07-27T22:26:25.393+0000] {processor.py:161} INFO - Started process (PID=15892) to work on /home/airflow/.local/lib/python3.12/site-packages/airflow/example_dags/example_python_decorator.py
[2024-07-27T22:26:25.394+0000] {processor.py:830} INFO - Processing file /home/airflow/.local/lib/python3.12/site-packages/airflow/example_dags/example_python_decorator.py for tasks to queue
[2024-07-27T22:26:25.395+0000] {logging_mixin.py:188} INFO - [2024-07-27T22:26:25.395+0000] {dagbag.py:545} INFO - Filling up the DagBag from /home/airflow/.local/lib/python3.12/site-packages/airflow/example_dags/example_python_decorator.py
[2024-07-27T22:26:25.403+0000] {processor.py:840} INFO - DAG(s) 'example_python_decorator' retrieved from /home/airflow/.local/lib/python3.12/site-packages/airflow/example_dags/example_python_decorator.py
[2024-07-27T22:26:25.416+0000] {logging_mixin.py:188} INFO - [2024-07-27T22:26:25.415+0000] {dag.py:3089} INFO - Sync 1 DAGs
[2024-07-27T22:26:25.422+0000] {logging_mixin.py:188} INFO - [2024-07-27T22:26:25.422+0000] {dag.py:3947} INFO - Setting next_dagrun for example_python_decorator to None, run_after=None
[2024-07-27T22:26:25.431+0000] {processor.py:183} INFO - Processing /home/airflow/.local/lib/python3.12/site-packages/airflow/example_dags/example_python_decorator.py took 0.042 seconds
[2024-07-27T22:55:21.457+0000] {processor.py:161} INFO - Started process (PID=16145) to work on /home/airflow/.local/lib/python3.12/site-packages/airflow/example_dags/example_python_decorator.py
[2024-07-27T22:55:21.458+0000] {processor.py:830} INFO - Processing file /home/airflow/.local/lib/python3.12/site-packages/airflow/example_dags/example_python_decorator.py for tasks to queue
[2024-07-27T22:55:21.460+0000] {logging_mixin.py:188} INFO - [2024-07-27T22:55:21.459+0000] {dagbag.py:545} INFO - Filling up the DagBag from /home/airflow/.local/lib/python3.12/site-packages/airflow/example_dags/example_python_decorator.py
[2024-07-27T22:55:21.470+0000] {processor.py:840} INFO - DAG(s) 'example_python_decorator' retrieved from /home/airflow/.local/lib/python3.12/site-packages/airflow/example_dags/example_python_decorator.py
[2024-07-27T22:55:21.487+0000] {logging_mixin.py:188} INFO - [2024-07-27T22:55:21.487+0000] {dag.py:3089} INFO - Sync 1 DAGs
[2024-07-27T22:55:21.494+0000] {logging_mixin.py:188} INFO - [2024-07-27T22:55:21.494+0000] {dag.py:3947} INFO - Setting next_dagrun for example_python_decorator to None, run_after=None
[2024-07-27T22:55:21.504+0000] {processor.py:183} INFO - Processing /home/airflow/.local/lib/python3.12/site-packages/airflow/example_dags/example_python_decorator.py took 0.055 seconds
[2024-07-27T22:55:51.728+0000] {processor.py:161} INFO - Started process (PID=16413) to work on /home/airflow/.local/lib/python3.12/site-packages/airflow/example_dags/example_python_decorator.py
[2024-07-27T22:55:51.729+0000] {processor.py:830} INFO - Processing file /home/airflow/.local/lib/python3.12/site-packages/airflow/example_dags/example_python_decorator.py for tasks to queue
[2024-07-27T22:55:51.730+0000] {logging_mixin.py:188} INFO - [2024-07-27T22:55:51.730+0000] {dagbag.py:545} INFO - Filling up the DagBag from /home/airflow/.local/lib/python3.12/site-packages/airflow/example_dags/example_python_decorator.py
[2024-07-27T22:55:51.737+0000] {processor.py:840} INFO - DAG(s) 'example_python_decorator' retrieved from /home/airflow/.local/lib/python3.12/site-packages/airflow/example_dags/example_python_decorator.py
[2024-07-27T22:55:51.749+0000] {logging_mixin.py:188} INFO - [2024-07-27T22:55:51.748+0000] {dag.py:3089} INFO - Sync 1 DAGs
[2024-07-27T22:55:51.755+0000] {logging_mixin.py:188} INFO - [2024-07-27T22:55:51.755+0000] {dag.py:3947} INFO - Setting next_dagrun for example_python_decorator to None, run_after=None
[2024-07-27T22:55:51.764+0000] {processor.py:183} INFO - Processing /home/airflow/.local/lib/python3.12/site-packages/airflow/example_dags/example_python_decorator.py took 0.039 seconds
