[2024-07-27T20:14:08.034+0000] {processor.py:161} INFO - Started process (PID=290) to work on /home/airflow/.local/lib/python3.12/site-packages/airflow/example_dags/example_sensors.py
[2024-07-27T20:14:08.035+0000] {processor.py:830} INFO - Processing file /home/airflow/.local/lib/python3.12/site-packages/airflow/example_dags/example_sensors.py for tasks to queue
[2024-07-27T20:14:08.036+0000] {logging_mixin.py:188} INFO - [2024-07-27T20:14:08.036+0000] {dagbag.py:545} INFO - Filling up the DagBag from /home/airflow/.local/lib/python3.12/site-packages/airflow/example_dags/example_sensors.py
[2024-07-27T20:14:08.042+0000] {processor.py:840} INFO - DAG(s) 'example_sensors' retrieved from /home/airflow/.local/lib/python3.12/site-packages/airflow/example_dags/example_sensors.py
[2024-07-27T20:14:08.049+0000] {logging_mixin.py:188} INFO - [2024-07-27T20:14:08.049+0000] {dag.py:3089} INFO - Sync 1 DAGs
[2024-07-27T20:14:08.057+0000] {logging_mixin.py:188} INFO - [2024-07-27T20:14:08.057+0000] {dag.py:3947} INFO - Setting next_dagrun for example_sensors to None, run_after=None
[2024-07-27T20:14:08.067+0000] {processor.py:183} INFO - Processing /home/airflow/.local/lib/python3.12/site-packages/airflow/example_dags/example_sensors.py took 0.037 seconds
[2024-07-27T20:14:38.614+0000] {processor.py:161} INFO - Started process (PID=551) to work on /home/airflow/.local/lib/python3.12/site-packages/airflow/example_dags/example_sensors.py
[2024-07-27T20:14:38.615+0000] {processor.py:830} INFO - Processing file /home/airflow/.local/lib/python3.12/site-packages/airflow/example_dags/example_sensors.py for tasks to queue
[2024-07-27T20:14:38.616+0000] {logging_mixin.py:188} INFO - [2024-07-27T20:14:38.616+0000] {dagbag.py:545} INFO - Filling up the DagBag from /home/airflow/.local/lib/python3.12/site-packages/airflow/example_dags/example_sensors.py
[2024-07-27T20:14:38.622+0000] {processor.py:840} INFO - DAG(s) 'example_sensors' retrieved from /home/airflow/.local/lib/python3.12/site-packages/airflow/example_dags/example_sensors.py
[2024-07-27T20:14:38.678+0000] {logging_mixin.py:188} INFO - [2024-07-27T20:14:38.677+0000] {dag.py:3089} INFO - Sync 1 DAGs
[2024-07-27T20:14:38.685+0000] {logging_mixin.py:188} INFO - [2024-07-27T20:14:38.685+0000] {dag.py:3947} INFO - Setting next_dagrun for example_sensors to None, run_after=None
[2024-07-27T20:14:38.698+0000] {processor.py:183} INFO - Processing /home/airflow/.local/lib/python3.12/site-packages/airflow/example_dags/example_sensors.py took 0.086 seconds
[2024-07-27T20:15:08.743+0000] {processor.py:161} INFO - Started process (PID=813) to work on /home/airflow/.local/lib/python3.12/site-packages/airflow/example_dags/example_sensors.py
[2024-07-27T20:15:08.744+0000] {processor.py:830} INFO - Processing file /home/airflow/.local/lib/python3.12/site-packages/airflow/example_dags/example_sensors.py for tasks to queue
[2024-07-27T20:15:08.745+0000] {logging_mixin.py:188} INFO - [2024-07-27T20:15:08.745+0000] {dagbag.py:545} INFO - Filling up the DagBag from /home/airflow/.local/lib/python3.12/site-packages/airflow/example_dags/example_sensors.py
[2024-07-27T20:15:08.750+0000] {processor.py:840} INFO - DAG(s) 'example_sensors' retrieved from /home/airflow/.local/lib/python3.12/site-packages/airflow/example_dags/example_sensors.py
[2024-07-27T20:15:08.762+0000] {logging_mixin.py:188} INFO - [2024-07-27T20:15:08.762+0000] {dag.py:3089} INFO - Sync 1 DAGs
[2024-07-27T20:15:08.767+0000] {logging_mixin.py:188} INFO - [2024-07-27T20:15:08.767+0000] {dag.py:3947} INFO - Setting next_dagrun for example_sensors to None, run_after=None
[2024-07-27T20:15:08.775+0000] {processor.py:183} INFO - Processing /home/airflow/.local/lib/python3.12/site-packages/airflow/example_dags/example_sensors.py took 0.035 seconds
[2024-07-27T20:15:39.336+0000] {processor.py:161} INFO - Started process (PID=1076) to work on /home/airflow/.local/lib/python3.12/site-packages/airflow/example_dags/example_sensors.py
[2024-07-27T20:15:39.337+0000] {processor.py:830} INFO - Processing file /home/airflow/.local/lib/python3.12/site-packages/airflow/example_dags/example_sensors.py for tasks to queue
[2024-07-27T20:15:39.338+0000] {logging_mixin.py:188} INFO - [2024-07-27T20:15:39.338+0000] {dagbag.py:545} INFO - Filling up the DagBag from /home/airflow/.local/lib/python3.12/site-packages/airflow/example_dags/example_sensors.py
[2024-07-27T20:15:39.343+0000] {processor.py:840} INFO - DAG(s) 'example_sensors' retrieved from /home/airflow/.local/lib/python3.12/site-packages/airflow/example_dags/example_sensors.py
[2024-07-27T20:15:39.355+0000] {logging_mixin.py:188} INFO - [2024-07-27T20:15:39.355+0000] {dag.py:3089} INFO - Sync 1 DAGs
[2024-07-27T20:15:39.362+0000] {logging_mixin.py:188} INFO - [2024-07-27T20:15:39.362+0000] {dag.py:3947} INFO - Setting next_dagrun for example_sensors to None, run_after=None
[2024-07-27T20:15:39.370+0000] {processor.py:183} INFO - Processing /home/airflow/.local/lib/python3.12/site-packages/airflow/example_dags/example_sensors.py took 0.036 seconds
[2024-07-27T20:16:09.441+0000] {processor.py:161} INFO - Started process (PID=1336) to work on /home/airflow/.local/lib/python3.12/site-packages/airflow/example_dags/example_sensors.py
[2024-07-27T20:16:09.442+0000] {processor.py:830} INFO - Processing file /home/airflow/.local/lib/python3.12/site-packages/airflow/example_dags/example_sensors.py for tasks to queue
[2024-07-27T20:16:09.443+0000] {logging_mixin.py:188} INFO - [2024-07-27T20:16:09.443+0000] {dagbag.py:545} INFO - Filling up the DagBag from /home/airflow/.local/lib/python3.12/site-packages/airflow/example_dags/example_sensors.py
[2024-07-27T20:16:09.448+0000] {processor.py:840} INFO - DAG(s) 'example_sensors' retrieved from /home/airflow/.local/lib/python3.12/site-packages/airflow/example_dags/example_sensors.py
[2024-07-27T20:16:09.461+0000] {logging_mixin.py:188} INFO - [2024-07-27T20:16:09.461+0000] {dag.py:3089} INFO - Sync 1 DAGs
[2024-07-27T20:16:09.467+0000] {logging_mixin.py:188} INFO - [2024-07-27T20:16:09.467+0000] {dag.py:3947} INFO - Setting next_dagrun for example_sensors to None, run_after=None
[2024-07-27T20:16:09.476+0000] {processor.py:183} INFO - Processing /home/airflow/.local/lib/python3.12/site-packages/airflow/example_dags/example_sensors.py took 0.039 seconds
[2024-07-27T20:16:39.727+0000] {processor.py:161} INFO - Started process (PID=1600) to work on /home/airflow/.local/lib/python3.12/site-packages/airflow/example_dags/example_sensors.py
[2024-07-27T20:16:39.727+0000] {processor.py:830} INFO - Processing file /home/airflow/.local/lib/python3.12/site-packages/airflow/example_dags/example_sensors.py for tasks to queue
[2024-07-27T20:16:39.729+0000] {logging_mixin.py:188} INFO - [2024-07-27T20:16:39.728+0000] {dagbag.py:545} INFO - Filling up the DagBag from /home/airflow/.local/lib/python3.12/site-packages/airflow/example_dags/example_sensors.py
[2024-07-27T20:16:39.733+0000] {processor.py:840} INFO - DAG(s) 'example_sensors' retrieved from /home/airflow/.local/lib/python3.12/site-packages/airflow/example_dags/example_sensors.py
[2024-07-27T20:16:39.745+0000] {logging_mixin.py:188} INFO - [2024-07-27T20:16:39.745+0000] {dag.py:3089} INFO - Sync 1 DAGs
[2024-07-27T20:16:39.751+0000] {logging_mixin.py:188} INFO - [2024-07-27T20:16:39.751+0000] {dag.py:3947} INFO - Setting next_dagrun for example_sensors to None, run_after=None
[2024-07-27T20:16:39.758+0000] {processor.py:183} INFO - Processing /home/airflow/.local/lib/python3.12/site-packages/airflow/example_dags/example_sensors.py took 0.035 seconds
[2024-07-27T20:17:10.088+0000] {processor.py:161} INFO - Started process (PID=1860) to work on /home/airflow/.local/lib/python3.12/site-packages/airflow/example_dags/example_sensors.py
[2024-07-27T20:17:10.095+0000] {processor.py:830} INFO - Processing file /home/airflow/.local/lib/python3.12/site-packages/airflow/example_dags/example_sensors.py for tasks to queue
[2024-07-27T20:17:10.100+0000] {logging_mixin.py:188} INFO - [2024-07-27T20:17:10.100+0000] {dagbag.py:545} INFO - Filling up the DagBag from /home/airflow/.local/lib/python3.12/site-packages/airflow/example_dags/example_sensors.py
[2024-07-27T20:17:10.109+0000] {processor.py:840} INFO - DAG(s) 'example_sensors' retrieved from /home/airflow/.local/lib/python3.12/site-packages/airflow/example_dags/example_sensors.py
[2024-07-27T20:17:10.131+0000] {logging_mixin.py:188} INFO - [2024-07-27T20:17:10.131+0000] {dag.py:3089} INFO - Sync 1 DAGs
[2024-07-27T20:17:10.144+0000] {logging_mixin.py:188} INFO - [2024-07-27T20:17:10.144+0000] {dag.py:3947} INFO - Setting next_dagrun for example_sensors to None, run_after=None
[2024-07-27T20:17:10.162+0000] {processor.py:183} INFO - Processing /home/airflow/.local/lib/python3.12/site-packages/airflow/example_dags/example_sensors.py took 0.077 seconds
[2024-07-27T21:59:59.424+0000] {processor.py:161} INFO - Started process (PID=2116) to work on /home/airflow/.local/lib/python3.12/site-packages/airflow/example_dags/example_sensors.py
[2024-07-27T21:59:59.426+0000] {processor.py:830} INFO - Processing file /home/airflow/.local/lib/python3.12/site-packages/airflow/example_dags/example_sensors.py for tasks to queue
[2024-07-27T21:59:59.427+0000] {logging_mixin.py:188} INFO - [2024-07-27T21:59:59.427+0000] {dagbag.py:545} INFO - Filling up the DagBag from /home/airflow/.local/lib/python3.12/site-packages/airflow/example_dags/example_sensors.py
[2024-07-27T21:59:59.433+0000] {processor.py:840} INFO - DAG(s) 'example_sensors' retrieved from /home/airflow/.local/lib/python3.12/site-packages/airflow/example_dags/example_sensors.py
[2024-07-27T21:59:59.446+0000] {logging_mixin.py:188} INFO - [2024-07-27T21:59:59.446+0000] {dag.py:3089} INFO - Sync 1 DAGs
[2024-07-27T21:59:59.454+0000] {logging_mixin.py:188} INFO - [2024-07-27T21:59:59.454+0000] {dag.py:3947} INFO - Setting next_dagrun for example_sensors to None, run_after=None
[2024-07-27T21:59:59.466+0000] {processor.py:183} INFO - Processing /home/airflow/.local/lib/python3.12/site-packages/airflow/example_dags/example_sensors.py took 0.045 seconds
[2024-07-27T22:00:29.749+0000] {processor.py:161} INFO - Started process (PID=2379) to work on /home/airflow/.local/lib/python3.12/site-packages/airflow/example_dags/example_sensors.py
[2024-07-27T22:00:29.750+0000] {processor.py:830} INFO - Processing file /home/airflow/.local/lib/python3.12/site-packages/airflow/example_dags/example_sensors.py for tasks to queue
[2024-07-27T22:00:29.751+0000] {logging_mixin.py:188} INFO - [2024-07-27T22:00:29.751+0000] {dagbag.py:545} INFO - Filling up the DagBag from /home/airflow/.local/lib/python3.12/site-packages/airflow/example_dags/example_sensors.py
[2024-07-27T22:00:29.757+0000] {processor.py:840} INFO - DAG(s) 'example_sensors' retrieved from /home/airflow/.local/lib/python3.12/site-packages/airflow/example_dags/example_sensors.py
[2024-07-27T22:00:29.772+0000] {logging_mixin.py:188} INFO - [2024-07-27T22:00:29.772+0000] {dag.py:3089} INFO - Sync 1 DAGs
[2024-07-27T22:00:29.779+0000] {logging_mixin.py:188} INFO - [2024-07-27T22:00:29.779+0000] {dag.py:3947} INFO - Setting next_dagrun for example_sensors to None, run_after=None
[2024-07-27T22:00:29.789+0000] {processor.py:183} INFO - Processing /home/airflow/.local/lib/python3.12/site-packages/airflow/example_dags/example_sensors.py took 0.044 seconds
[2024-07-27T22:01:00.620+0000] {processor.py:161} INFO - Started process (PID=2641) to work on /home/airflow/.local/lib/python3.12/site-packages/airflow/example_dags/example_sensors.py
[2024-07-27T22:01:00.621+0000] {processor.py:830} INFO - Processing file /home/airflow/.local/lib/python3.12/site-packages/airflow/example_dags/example_sensors.py for tasks to queue
[2024-07-27T22:01:00.622+0000] {logging_mixin.py:188} INFO - [2024-07-27T22:01:00.622+0000] {dagbag.py:545} INFO - Filling up the DagBag from /home/airflow/.local/lib/python3.12/site-packages/airflow/example_dags/example_sensors.py
[2024-07-27T22:01:00.627+0000] {processor.py:840} INFO - DAG(s) 'example_sensors' retrieved from /home/airflow/.local/lib/python3.12/site-packages/airflow/example_dags/example_sensors.py
[2024-07-27T22:01:00.639+0000] {logging_mixin.py:188} INFO - [2024-07-27T22:01:00.639+0000] {dag.py:3089} INFO - Sync 1 DAGs
[2024-07-27T22:01:00.646+0000] {logging_mixin.py:188} INFO - [2024-07-27T22:01:00.645+0000] {dag.py:3947} INFO - Setting next_dagrun for example_sensors to None, run_after=None
[2024-07-27T22:01:00.657+0000] {processor.py:183} INFO - Processing /home/airflow/.local/lib/python3.12/site-packages/airflow/example_dags/example_sensors.py took 0.040 seconds
[2024-07-27T22:01:30.947+0000] {processor.py:161} INFO - Started process (PID=2903) to work on /home/airflow/.local/lib/python3.12/site-packages/airflow/example_dags/example_sensors.py
[2024-07-27T22:01:30.948+0000] {processor.py:830} INFO - Processing file /home/airflow/.local/lib/python3.12/site-packages/airflow/example_dags/example_sensors.py for tasks to queue
[2024-07-27T22:01:30.949+0000] {logging_mixin.py:188} INFO - [2024-07-27T22:01:30.949+0000] {dagbag.py:545} INFO - Filling up the DagBag from /home/airflow/.local/lib/python3.12/site-packages/airflow/example_dags/example_sensors.py
[2024-07-27T22:01:30.953+0000] {processor.py:840} INFO - DAG(s) 'example_sensors' retrieved from /home/airflow/.local/lib/python3.12/site-packages/airflow/example_dags/example_sensors.py
[2024-07-27T22:01:30.965+0000] {logging_mixin.py:188} INFO - [2024-07-27T22:01:30.965+0000] {dag.py:3089} INFO - Sync 1 DAGs
[2024-07-27T22:01:30.971+0000] {logging_mixin.py:188} INFO - [2024-07-27T22:01:30.971+0000] {dag.py:3947} INFO - Setting next_dagrun for example_sensors to None, run_after=None
[2024-07-27T22:01:30.979+0000] {processor.py:183} INFO - Processing /home/airflow/.local/lib/python3.12/site-packages/airflow/example_dags/example_sensors.py took 0.035 seconds
[2024-07-27T22:02:01.482+0000] {processor.py:161} INFO - Started process (PID=3167) to work on /home/airflow/.local/lib/python3.12/site-packages/airflow/example_dags/example_sensors.py
[2024-07-27T22:02:01.482+0000] {processor.py:830} INFO - Processing file /home/airflow/.local/lib/python3.12/site-packages/airflow/example_dags/example_sensors.py for tasks to queue
[2024-07-27T22:02:01.483+0000] {logging_mixin.py:188} INFO - [2024-07-27T22:02:01.483+0000] {dagbag.py:545} INFO - Filling up the DagBag from /home/airflow/.local/lib/python3.12/site-packages/airflow/example_dags/example_sensors.py
[2024-07-27T22:02:01.489+0000] {processor.py:840} INFO - DAG(s) 'example_sensors' retrieved from /home/airflow/.local/lib/python3.12/site-packages/airflow/example_dags/example_sensors.py
[2024-07-27T22:02:01.502+0000] {logging_mixin.py:188} INFO - [2024-07-27T22:02:01.502+0000] {dag.py:3089} INFO - Sync 1 DAGs
[2024-07-27T22:02:01.509+0000] {logging_mixin.py:188} INFO - [2024-07-27T22:02:01.509+0000] {dag.py:3947} INFO - Setting next_dagrun for example_sensors to None, run_after=None
[2024-07-27T22:02:01.518+0000] {processor.py:183} INFO - Processing /home/airflow/.local/lib/python3.12/site-packages/airflow/example_dags/example_sensors.py took 0.041 seconds
[2024-07-27T22:02:31.966+0000] {processor.py:161} INFO - Started process (PID=3428) to work on /home/airflow/.local/lib/python3.12/site-packages/airflow/example_dags/example_sensors.py
[2024-07-27T22:02:31.967+0000] {processor.py:830} INFO - Processing file /home/airflow/.local/lib/python3.12/site-packages/airflow/example_dags/example_sensors.py for tasks to queue
[2024-07-27T22:02:31.968+0000] {logging_mixin.py:188} INFO - [2024-07-27T22:02:31.968+0000] {dagbag.py:545} INFO - Filling up the DagBag from /home/airflow/.local/lib/python3.12/site-packages/airflow/example_dags/example_sensors.py
[2024-07-27T22:02:31.973+0000] {processor.py:840} INFO - DAG(s) 'example_sensors' retrieved from /home/airflow/.local/lib/python3.12/site-packages/airflow/example_dags/example_sensors.py
[2024-07-27T22:02:31.987+0000] {logging_mixin.py:188} INFO - [2024-07-27T22:02:31.987+0000] {dag.py:3089} INFO - Sync 1 DAGs
[2024-07-27T22:02:31.994+0000] {logging_mixin.py:188} INFO - [2024-07-27T22:02:31.994+0000] {dag.py:3947} INFO - Setting next_dagrun for example_sensors to None, run_after=None
[2024-07-27T22:02:32.004+0000] {processor.py:183} INFO - Processing /home/airflow/.local/lib/python3.12/site-packages/airflow/example_dags/example_sensors.py took 0.042 seconds
[2024-07-27T22:03:02.515+0000] {processor.py:161} INFO - Started process (PID=3691) to work on /home/airflow/.local/lib/python3.12/site-packages/airflow/example_dags/example_sensors.py
[2024-07-27T22:03:02.516+0000] {processor.py:830} INFO - Processing file /home/airflow/.local/lib/python3.12/site-packages/airflow/example_dags/example_sensors.py for tasks to queue
[2024-07-27T22:03:02.517+0000] {logging_mixin.py:188} INFO - [2024-07-27T22:03:02.517+0000] {dagbag.py:545} INFO - Filling up the DagBag from /home/airflow/.local/lib/python3.12/site-packages/airflow/example_dags/example_sensors.py
[2024-07-27T22:03:02.522+0000] {processor.py:840} INFO - DAG(s) 'example_sensors' retrieved from /home/airflow/.local/lib/python3.12/site-packages/airflow/example_dags/example_sensors.py
[2024-07-27T22:03:02.539+0000] {logging_mixin.py:188} INFO - [2024-07-27T22:03:02.539+0000] {dag.py:3089} INFO - Sync 1 DAGs
[2024-07-27T22:03:02.552+0000] {logging_mixin.py:188} INFO - [2024-07-27T22:03:02.552+0000] {dag.py:3947} INFO - Setting next_dagrun for example_sensors to None, run_after=None
[2024-07-27T22:03:02.564+0000] {processor.py:183} INFO - Processing /home/airflow/.local/lib/python3.12/site-packages/airflow/example_dags/example_sensors.py took 0.053 seconds
[2024-07-27T22:03:33.465+0000] {processor.py:161} INFO - Started process (PID=3953) to work on /home/airflow/.local/lib/python3.12/site-packages/airflow/example_dags/example_sensors.py
[2024-07-27T22:03:33.467+0000] {processor.py:830} INFO - Processing file /home/airflow/.local/lib/python3.12/site-packages/airflow/example_dags/example_sensors.py for tasks to queue
[2024-07-27T22:03:33.469+0000] {logging_mixin.py:188} INFO - [2024-07-27T22:03:33.468+0000] {dagbag.py:545} INFO - Filling up the DagBag from /home/airflow/.local/lib/python3.12/site-packages/airflow/example_dags/example_sensors.py
[2024-07-27T22:03:33.478+0000] {processor.py:840} INFO - DAG(s) 'example_sensors' retrieved from /home/airflow/.local/lib/python3.12/site-packages/airflow/example_dags/example_sensors.py
[2024-07-27T22:03:33.499+0000] {logging_mixin.py:188} INFO - [2024-07-27T22:03:33.499+0000] {dag.py:3089} INFO - Sync 1 DAGs
[2024-07-27T22:03:33.508+0000] {logging_mixin.py:188} INFO - [2024-07-27T22:03:33.507+0000] {dag.py:3947} INFO - Setting next_dagrun for example_sensors to None, run_after=None
[2024-07-27T22:03:33.518+0000] {processor.py:183} INFO - Processing /home/airflow/.local/lib/python3.12/site-packages/airflow/example_dags/example_sensors.py took 0.060 seconds
[2024-07-27T22:04:03.585+0000] {processor.py:161} INFO - Started process (PID=4215) to work on /home/airflow/.local/lib/python3.12/site-packages/airflow/example_dags/example_sensors.py
[2024-07-27T22:04:03.586+0000] {processor.py:830} INFO - Processing file /home/airflow/.local/lib/python3.12/site-packages/airflow/example_dags/example_sensors.py for tasks to queue
[2024-07-27T22:04:03.587+0000] {logging_mixin.py:188} INFO - [2024-07-27T22:04:03.587+0000] {dagbag.py:545} INFO - Filling up the DagBag from /home/airflow/.local/lib/python3.12/site-packages/airflow/example_dags/example_sensors.py
[2024-07-27T22:04:03.592+0000] {processor.py:840} INFO - DAG(s) 'example_sensors' retrieved from /home/airflow/.local/lib/python3.12/site-packages/airflow/example_dags/example_sensors.py
[2024-07-27T22:04:03.609+0000] {logging_mixin.py:188} INFO - [2024-07-27T22:04:03.609+0000] {dag.py:3089} INFO - Sync 1 DAGs
[2024-07-27T22:04:03.617+0000] {logging_mixin.py:188} INFO - [2024-07-27T22:04:03.617+0000] {dag.py:3947} INFO - Setting next_dagrun for example_sensors to None, run_after=None
[2024-07-27T22:04:03.631+0000] {processor.py:183} INFO - Processing /home/airflow/.local/lib/python3.12/site-packages/airflow/example_dags/example_sensors.py took 0.050 seconds
[2024-07-27T22:04:33.886+0000] {processor.py:161} INFO - Started process (PID=4477) to work on /home/airflow/.local/lib/python3.12/site-packages/airflow/example_dags/example_sensors.py
[2024-07-27T22:04:33.887+0000] {processor.py:830} INFO - Processing file /home/airflow/.local/lib/python3.12/site-packages/airflow/example_dags/example_sensors.py for tasks to queue
[2024-07-27T22:04:33.888+0000] {logging_mixin.py:188} INFO - [2024-07-27T22:04:33.888+0000] {dagbag.py:545} INFO - Filling up the DagBag from /home/airflow/.local/lib/python3.12/site-packages/airflow/example_dags/example_sensors.py
[2024-07-27T22:04:33.893+0000] {processor.py:840} INFO - DAG(s) 'example_sensors' retrieved from /home/airflow/.local/lib/python3.12/site-packages/airflow/example_dags/example_sensors.py
[2024-07-27T22:04:33.905+0000] {logging_mixin.py:188} INFO - [2024-07-27T22:04:33.905+0000] {dag.py:3089} INFO - Sync 1 DAGs
[2024-07-27T22:04:33.912+0000] {logging_mixin.py:188} INFO - [2024-07-27T22:04:33.911+0000] {dag.py:3947} INFO - Setting next_dagrun for example_sensors to None, run_after=None
[2024-07-27T22:04:33.921+0000] {processor.py:183} INFO - Processing /home/airflow/.local/lib/python3.12/site-packages/airflow/example_dags/example_sensors.py took 0.038 seconds
[2024-07-27T22:05:04.450+0000] {processor.py:161} INFO - Started process (PID=4738) to work on /home/airflow/.local/lib/python3.12/site-packages/airflow/example_dags/example_sensors.py
[2024-07-27T22:05:04.451+0000] {processor.py:830} INFO - Processing file /home/airflow/.local/lib/python3.12/site-packages/airflow/example_dags/example_sensors.py for tasks to queue
[2024-07-27T22:05:04.452+0000] {logging_mixin.py:188} INFO - [2024-07-27T22:05:04.452+0000] {dagbag.py:545} INFO - Filling up the DagBag from /home/airflow/.local/lib/python3.12/site-packages/airflow/example_dags/example_sensors.py
[2024-07-27T22:05:04.457+0000] {processor.py:840} INFO - DAG(s) 'example_sensors' retrieved from /home/airflow/.local/lib/python3.12/site-packages/airflow/example_dags/example_sensors.py
[2024-07-27T22:05:04.475+0000] {logging_mixin.py:188} INFO - [2024-07-27T22:05:04.475+0000] {dag.py:3089} INFO - Sync 1 DAGs
[2024-07-27T22:05:04.481+0000] {logging_mixin.py:188} INFO - [2024-07-27T22:05:04.481+0000] {dag.py:3947} INFO - Setting next_dagrun for example_sensors to None, run_after=None
[2024-07-27T22:05:04.493+0000] {processor.py:183} INFO - Processing /home/airflow/.local/lib/python3.12/site-packages/airflow/example_dags/example_sensors.py took 0.046 seconds
[2024-07-27T22:05:35.513+0000] {processor.py:161} INFO - Started process (PID=5002) to work on /home/airflow/.local/lib/python3.12/site-packages/airflow/example_dags/example_sensors.py
[2024-07-27T22:05:35.514+0000] {processor.py:830} INFO - Processing file /home/airflow/.local/lib/python3.12/site-packages/airflow/example_dags/example_sensors.py for tasks to queue
[2024-07-27T22:05:35.515+0000] {logging_mixin.py:188} INFO - [2024-07-27T22:05:35.515+0000] {dagbag.py:545} INFO - Filling up the DagBag from /home/airflow/.local/lib/python3.12/site-packages/airflow/example_dags/example_sensors.py
[2024-07-27T22:05:35.520+0000] {processor.py:840} INFO - DAG(s) 'example_sensors' retrieved from /home/airflow/.local/lib/python3.12/site-packages/airflow/example_dags/example_sensors.py
[2024-07-27T22:05:35.534+0000] {logging_mixin.py:188} INFO - [2024-07-27T22:05:35.533+0000] {dag.py:3089} INFO - Sync 1 DAGs
[2024-07-27T22:05:35.540+0000] {logging_mixin.py:188} INFO - [2024-07-27T22:05:35.540+0000] {dag.py:3947} INFO - Setting next_dagrun for example_sensors to None, run_after=None
[2024-07-27T22:05:35.549+0000] {processor.py:183} INFO - Processing /home/airflow/.local/lib/python3.12/site-packages/airflow/example_dags/example_sensors.py took 0.041 seconds
[2024-07-27T22:06:05.664+0000] {processor.py:161} INFO - Started process (PID=5263) to work on /home/airflow/.local/lib/python3.12/site-packages/airflow/example_dags/example_sensors.py
[2024-07-27T22:06:05.665+0000] {processor.py:830} INFO - Processing file /home/airflow/.local/lib/python3.12/site-packages/airflow/example_dags/example_sensors.py for tasks to queue
[2024-07-27T22:06:05.666+0000] {logging_mixin.py:188} INFO - [2024-07-27T22:06:05.666+0000] {dagbag.py:545} INFO - Filling up the DagBag from /home/airflow/.local/lib/python3.12/site-packages/airflow/example_dags/example_sensors.py
[2024-07-27T22:06:05.671+0000] {processor.py:840} INFO - DAG(s) 'example_sensors' retrieved from /home/airflow/.local/lib/python3.12/site-packages/airflow/example_dags/example_sensors.py
[2024-07-27T22:06:05.684+0000] {logging_mixin.py:188} INFO - [2024-07-27T22:06:05.683+0000] {dag.py:3089} INFO - Sync 1 DAGs
[2024-07-27T22:06:05.690+0000] {logging_mixin.py:188} INFO - [2024-07-27T22:06:05.690+0000] {dag.py:3947} INFO - Setting next_dagrun for example_sensors to None, run_after=None
[2024-07-27T22:06:05.699+0000] {processor.py:183} INFO - Processing /home/airflow/.local/lib/python3.12/site-packages/airflow/example_dags/example_sensors.py took 0.038 seconds
[2024-07-27T22:06:36.054+0000] {processor.py:161} INFO - Started process (PID=5523) to work on /home/airflow/.local/lib/python3.12/site-packages/airflow/example_dags/example_sensors.py
[2024-07-27T22:06:36.054+0000] {processor.py:830} INFO - Processing file /home/airflow/.local/lib/python3.12/site-packages/airflow/example_dags/example_sensors.py for tasks to queue
[2024-07-27T22:06:36.055+0000] {logging_mixin.py:188} INFO - [2024-07-27T22:06:36.055+0000] {dagbag.py:545} INFO - Filling up the DagBag from /home/airflow/.local/lib/python3.12/site-packages/airflow/example_dags/example_sensors.py
[2024-07-27T22:06:36.060+0000] {processor.py:840} INFO - DAG(s) 'example_sensors' retrieved from /home/airflow/.local/lib/python3.12/site-packages/airflow/example_dags/example_sensors.py
[2024-07-27T22:06:36.074+0000] {logging_mixin.py:188} INFO - [2024-07-27T22:06:36.074+0000] {dag.py:3089} INFO - Sync 1 DAGs
[2024-07-27T22:06:36.082+0000] {logging_mixin.py:188} INFO - [2024-07-27T22:06:36.082+0000] {dag.py:3947} INFO - Setting next_dagrun for example_sensors to None, run_after=None
[2024-07-27T22:06:36.091+0000] {processor.py:183} INFO - Processing /home/airflow/.local/lib/python3.12/site-packages/airflow/example_dags/example_sensors.py took 0.042 seconds
[2024-07-27T22:07:06.494+0000] {processor.py:161} INFO - Started process (PID=5787) to work on /home/airflow/.local/lib/python3.12/site-packages/airflow/example_dags/example_sensors.py
[2024-07-27T22:07:06.495+0000] {processor.py:830} INFO - Processing file /home/airflow/.local/lib/python3.12/site-packages/airflow/example_dags/example_sensors.py for tasks to queue
[2024-07-27T22:07:06.496+0000] {logging_mixin.py:188} INFO - [2024-07-27T22:07:06.496+0000] {dagbag.py:545} INFO - Filling up the DagBag from /home/airflow/.local/lib/python3.12/site-packages/airflow/example_dags/example_sensors.py
[2024-07-27T22:07:06.501+0000] {processor.py:840} INFO - DAG(s) 'example_sensors' retrieved from /home/airflow/.local/lib/python3.12/site-packages/airflow/example_dags/example_sensors.py
[2024-07-27T22:07:06.514+0000] {logging_mixin.py:188} INFO - [2024-07-27T22:07:06.513+0000] {dag.py:3089} INFO - Sync 1 DAGs
[2024-07-27T22:07:06.520+0000] {logging_mixin.py:188} INFO - [2024-07-27T22:07:06.520+0000] {dag.py:3947} INFO - Setting next_dagrun for example_sensors to None, run_after=None
[2024-07-27T22:07:06.529+0000] {processor.py:183} INFO - Processing /home/airflow/.local/lib/python3.12/site-packages/airflow/example_dags/example_sensors.py took 0.038 seconds
[2024-07-27T22:07:36.630+0000] {processor.py:161} INFO - Started process (PID=6047) to work on /home/airflow/.local/lib/python3.12/site-packages/airflow/example_dags/example_sensors.py
[2024-07-27T22:07:36.631+0000] {processor.py:830} INFO - Processing file /home/airflow/.local/lib/python3.12/site-packages/airflow/example_dags/example_sensors.py for tasks to queue
[2024-07-27T22:07:36.632+0000] {logging_mixin.py:188} INFO - [2024-07-27T22:07:36.632+0000] {dagbag.py:545} INFO - Filling up the DagBag from /home/airflow/.local/lib/python3.12/site-packages/airflow/example_dags/example_sensors.py
[2024-07-27T22:07:36.637+0000] {processor.py:840} INFO - DAG(s) 'example_sensors' retrieved from /home/airflow/.local/lib/python3.12/site-packages/airflow/example_dags/example_sensors.py
[2024-07-27T22:07:36.650+0000] {logging_mixin.py:188} INFO - [2024-07-27T22:07:36.650+0000] {dag.py:3089} INFO - Sync 1 DAGs
[2024-07-27T22:07:36.657+0000] {logging_mixin.py:188} INFO - [2024-07-27T22:07:36.656+0000] {dag.py:3947} INFO - Setting next_dagrun for example_sensors to None, run_after=None
[2024-07-27T22:07:36.665+0000] {processor.py:183} INFO - Processing /home/airflow/.local/lib/python3.12/site-packages/airflow/example_dags/example_sensors.py took 0.039 seconds
[2024-07-27T22:08:07.724+0000] {processor.py:161} INFO - Started process (PID=6309) to work on /home/airflow/.local/lib/python3.12/site-packages/airflow/example_dags/example_sensors.py
[2024-07-27T22:08:07.725+0000] {processor.py:830} INFO - Processing file /home/airflow/.local/lib/python3.12/site-packages/airflow/example_dags/example_sensors.py for tasks to queue
[2024-07-27T22:08:07.727+0000] {logging_mixin.py:188} INFO - [2024-07-27T22:08:07.726+0000] {dagbag.py:545} INFO - Filling up the DagBag from /home/airflow/.local/lib/python3.12/site-packages/airflow/example_dags/example_sensors.py
[2024-07-27T22:08:07.735+0000] {processor.py:840} INFO - DAG(s) 'example_sensors' retrieved from /home/airflow/.local/lib/python3.12/site-packages/airflow/example_dags/example_sensors.py
[2024-07-27T22:08:07.749+0000] {logging_mixin.py:188} INFO - [2024-07-27T22:08:07.749+0000] {dag.py:3089} INFO - Sync 1 DAGs
[2024-07-27T22:08:07.755+0000] {logging_mixin.py:188} INFO - [2024-07-27T22:08:07.755+0000] {dag.py:3947} INFO - Setting next_dagrun for example_sensors to None, run_after=None
[2024-07-27T22:08:07.765+0000] {processor.py:183} INFO - Processing /home/airflow/.local/lib/python3.12/site-packages/airflow/example_dags/example_sensors.py took 0.046 seconds
[2024-07-27T22:08:37.994+0000] {processor.py:161} INFO - Started process (PID=6571) to work on /home/airflow/.local/lib/python3.12/site-packages/airflow/example_dags/example_sensors.py
[2024-07-27T22:08:37.995+0000] {processor.py:830} INFO - Processing file /home/airflow/.local/lib/python3.12/site-packages/airflow/example_dags/example_sensors.py for tasks to queue
[2024-07-27T22:08:37.996+0000] {logging_mixin.py:188} INFO - [2024-07-27T22:08:37.996+0000] {dagbag.py:545} INFO - Filling up the DagBag from /home/airflow/.local/lib/python3.12/site-packages/airflow/example_dags/example_sensors.py
[2024-07-27T22:08:38.001+0000] {processor.py:840} INFO - DAG(s) 'example_sensors' retrieved from /home/airflow/.local/lib/python3.12/site-packages/airflow/example_dags/example_sensors.py
[2024-07-27T22:08:38.014+0000] {logging_mixin.py:188} INFO - [2024-07-27T22:08:38.014+0000] {dag.py:3089} INFO - Sync 1 DAGs
[2024-07-27T22:08:38.020+0000] {logging_mixin.py:188} INFO - [2024-07-27T22:08:38.020+0000] {dag.py:3947} INFO - Setting next_dagrun for example_sensors to None, run_after=None
[2024-07-27T22:08:38.029+0000] {processor.py:183} INFO - Processing /home/airflow/.local/lib/python3.12/site-packages/airflow/example_dags/example_sensors.py took 0.038 seconds
[2024-07-27T22:09:08.926+0000] {processor.py:161} INFO - Started process (PID=6833) to work on /home/airflow/.local/lib/python3.12/site-packages/airflow/example_dags/example_sensors.py
[2024-07-27T22:09:08.927+0000] {processor.py:830} INFO - Processing file /home/airflow/.local/lib/python3.12/site-packages/airflow/example_dags/example_sensors.py for tasks to queue
[2024-07-27T22:09:08.929+0000] {logging_mixin.py:188} INFO - [2024-07-27T22:09:08.928+0000] {dagbag.py:545} INFO - Filling up the DagBag from /home/airflow/.local/lib/python3.12/site-packages/airflow/example_dags/example_sensors.py
[2024-07-27T22:09:08.933+0000] {processor.py:840} INFO - DAG(s) 'example_sensors' retrieved from /home/airflow/.local/lib/python3.12/site-packages/airflow/example_dags/example_sensors.py
[2024-07-27T22:09:08.946+0000] {logging_mixin.py:188} INFO - [2024-07-27T22:09:08.946+0000] {dag.py:3089} INFO - Sync 1 DAGs
[2024-07-27T22:09:08.953+0000] {logging_mixin.py:188} INFO - [2024-07-27T22:09:08.953+0000] {dag.py:3947} INFO - Setting next_dagrun for example_sensors to None, run_after=None
[2024-07-27T22:09:08.962+0000] {processor.py:183} INFO - Processing /home/airflow/.local/lib/python3.12/site-packages/airflow/example_dags/example_sensors.py took 0.039 seconds
[2024-07-27T22:09:39.209+0000] {processor.py:161} INFO - Started process (PID=7095) to work on /home/airflow/.local/lib/python3.12/site-packages/airflow/example_dags/example_sensors.py
[2024-07-27T22:09:39.210+0000] {processor.py:830} INFO - Processing file /home/airflow/.local/lib/python3.12/site-packages/airflow/example_dags/example_sensors.py for tasks to queue
[2024-07-27T22:09:39.211+0000] {logging_mixin.py:188} INFO - [2024-07-27T22:09:39.211+0000] {dagbag.py:545} INFO - Filling up the DagBag from /home/airflow/.local/lib/python3.12/site-packages/airflow/example_dags/example_sensors.py
[2024-07-27T22:09:39.216+0000] {processor.py:840} INFO - DAG(s) 'example_sensors' retrieved from /home/airflow/.local/lib/python3.12/site-packages/airflow/example_dags/example_sensors.py
[2024-07-27T22:09:39.229+0000] {logging_mixin.py:188} INFO - [2024-07-27T22:09:39.229+0000] {dag.py:3089} INFO - Sync 1 DAGs
[2024-07-27T22:09:39.235+0000] {logging_mixin.py:188} INFO - [2024-07-27T22:09:39.235+0000] {dag.py:3947} INFO - Setting next_dagrun for example_sensors to None, run_after=None
[2024-07-27T22:09:39.244+0000] {processor.py:183} INFO - Processing /home/airflow/.local/lib/python3.12/site-packages/airflow/example_dags/example_sensors.py took 0.038 seconds
[2024-07-27T22:10:09.543+0000] {processor.py:161} INFO - Started process (PID=7359) to work on /home/airflow/.local/lib/python3.12/site-packages/airflow/example_dags/example_sensors.py
[2024-07-27T22:10:09.544+0000] {processor.py:830} INFO - Processing file /home/airflow/.local/lib/python3.12/site-packages/airflow/example_dags/example_sensors.py for tasks to queue
[2024-07-27T22:10:09.545+0000] {logging_mixin.py:188} INFO - [2024-07-27T22:10:09.545+0000] {dagbag.py:545} INFO - Filling up the DagBag from /home/airflow/.local/lib/python3.12/site-packages/airflow/example_dags/example_sensors.py
[2024-07-27T22:10:09.550+0000] {processor.py:840} INFO - DAG(s) 'example_sensors' retrieved from /home/airflow/.local/lib/python3.12/site-packages/airflow/example_dags/example_sensors.py
[2024-07-27T22:10:09.564+0000] {logging_mixin.py:188} INFO - [2024-07-27T22:10:09.563+0000] {dag.py:3089} INFO - Sync 1 DAGs
[2024-07-27T22:10:09.570+0000] {logging_mixin.py:188} INFO - [2024-07-27T22:10:09.570+0000] {dag.py:3947} INFO - Setting next_dagrun for example_sensors to None, run_after=None
[2024-07-27T22:10:09.579+0000] {processor.py:183} INFO - Processing /home/airflow/.local/lib/python3.12/site-packages/airflow/example_dags/example_sensors.py took 0.039 seconds
[2024-07-27T22:10:39.869+0000] {processor.py:161} INFO - Started process (PID=7621) to work on /home/airflow/.local/lib/python3.12/site-packages/airflow/example_dags/example_sensors.py
[2024-07-27T22:10:39.871+0000] {processor.py:830} INFO - Processing file /home/airflow/.local/lib/python3.12/site-packages/airflow/example_dags/example_sensors.py for tasks to queue
[2024-07-27T22:10:39.872+0000] {logging_mixin.py:188} INFO - [2024-07-27T22:10:39.872+0000] {dagbag.py:545} INFO - Filling up the DagBag from /home/airflow/.local/lib/python3.12/site-packages/airflow/example_dags/example_sensors.py
[2024-07-27T22:10:39.877+0000] {processor.py:840} INFO - DAG(s) 'example_sensors' retrieved from /home/airflow/.local/lib/python3.12/site-packages/airflow/example_dags/example_sensors.py
[2024-07-27T22:10:39.890+0000] {logging_mixin.py:188} INFO - [2024-07-27T22:10:39.890+0000] {dag.py:3089} INFO - Sync 1 DAGs
[2024-07-27T22:10:39.897+0000] {logging_mixin.py:188} INFO - [2024-07-27T22:10:39.897+0000] {dag.py:3947} INFO - Setting next_dagrun for example_sensors to None, run_after=None
[2024-07-27T22:10:39.905+0000] {processor.py:183} INFO - Processing /home/airflow/.local/lib/python3.12/site-packages/airflow/example_dags/example_sensors.py took 0.040 seconds
[2024-07-27T22:11:10.838+0000] {processor.py:161} INFO - Started process (PID=7881) to work on /home/airflow/.local/lib/python3.12/site-packages/airflow/example_dags/example_sensors.py
[2024-07-27T22:11:10.839+0000] {processor.py:830} INFO - Processing file /home/airflow/.local/lib/python3.12/site-packages/airflow/example_dags/example_sensors.py for tasks to queue
[2024-07-27T22:11:10.841+0000] {logging_mixin.py:188} INFO - [2024-07-27T22:11:10.841+0000] {dagbag.py:545} INFO - Filling up the DagBag from /home/airflow/.local/lib/python3.12/site-packages/airflow/example_dags/example_sensors.py
[2024-07-27T22:11:10.850+0000] {processor.py:840} INFO - DAG(s) 'example_sensors' retrieved from /home/airflow/.local/lib/python3.12/site-packages/airflow/example_dags/example_sensors.py
[2024-07-27T22:11:10.868+0000] {logging_mixin.py:188} INFO - [2024-07-27T22:11:10.868+0000] {dag.py:3089} INFO - Sync 1 DAGs
[2024-07-27T22:11:10.876+0000] {logging_mixin.py:188} INFO - [2024-07-27T22:11:10.876+0000] {dag.py:3947} INFO - Setting next_dagrun for example_sensors to None, run_after=None
[2024-07-27T22:11:10.885+0000] {processor.py:183} INFO - Processing /home/airflow/.local/lib/python3.12/site-packages/airflow/example_dags/example_sensors.py took 0.054 seconds
[2024-07-27T22:11:41.048+0000] {processor.py:161} INFO - Started process (PID=8140) to work on /home/airflow/.local/lib/python3.12/site-packages/airflow/example_dags/example_sensors.py
[2024-07-27T22:11:41.050+0000] {processor.py:830} INFO - Processing file /home/airflow/.local/lib/python3.12/site-packages/airflow/example_dags/example_sensors.py for tasks to queue
[2024-07-27T22:11:41.052+0000] {logging_mixin.py:188} INFO - [2024-07-27T22:11:41.051+0000] {dagbag.py:545} INFO - Filling up the DagBag from /home/airflow/.local/lib/python3.12/site-packages/airflow/example_dags/example_sensors.py
[2024-07-27T22:11:41.060+0000] {processor.py:840} INFO - DAG(s) 'example_sensors' retrieved from /home/airflow/.local/lib/python3.12/site-packages/airflow/example_dags/example_sensors.py
[2024-07-27T22:11:41.083+0000] {logging_mixin.py:188} INFO - [2024-07-27T22:11:41.083+0000] {dag.py:3089} INFO - Sync 1 DAGs
[2024-07-27T22:11:41.091+0000] {logging_mixin.py:188} INFO - [2024-07-27T22:11:41.091+0000] {dag.py:3947} INFO - Setting next_dagrun for example_sensors to None, run_after=None
[2024-07-27T22:11:41.100+0000] {processor.py:183} INFO - Processing /home/airflow/.local/lib/python3.12/site-packages/airflow/example_dags/example_sensors.py took 0.060 seconds
[2024-07-27T22:12:11.454+0000] {processor.py:161} INFO - Started process (PID=8409) to work on /home/airflow/.local/lib/python3.12/site-packages/airflow/example_dags/example_sensors.py
[2024-07-27T22:12:11.455+0000] {processor.py:830} INFO - Processing file /home/airflow/.local/lib/python3.12/site-packages/airflow/example_dags/example_sensors.py for tasks to queue
[2024-07-27T22:12:11.456+0000] {logging_mixin.py:188} INFO - [2024-07-27T22:12:11.456+0000] {dagbag.py:545} INFO - Filling up the DagBag from /home/airflow/.local/lib/python3.12/site-packages/airflow/example_dags/example_sensors.py
[2024-07-27T22:12:11.461+0000] {processor.py:840} INFO - DAG(s) 'example_sensors' retrieved from /home/airflow/.local/lib/python3.12/site-packages/airflow/example_dags/example_sensors.py
[2024-07-27T22:12:11.478+0000] {logging_mixin.py:188} INFO - [2024-07-27T22:12:11.478+0000] {dag.py:3089} INFO - Sync 1 DAGs
[2024-07-27T22:12:11.487+0000] {logging_mixin.py:188} INFO - [2024-07-27T22:12:11.487+0000] {dag.py:3947} INFO - Setting next_dagrun for example_sensors to None, run_after=None
[2024-07-27T22:12:11.497+0000] {processor.py:183} INFO - Processing /home/airflow/.local/lib/python3.12/site-packages/airflow/example_dags/example_sensors.py took 0.047 seconds
[2024-07-27T22:12:41.923+0000] {processor.py:161} INFO - Started process (PID=8671) to work on /home/airflow/.local/lib/python3.12/site-packages/airflow/example_dags/example_sensors.py
[2024-07-27T22:12:41.925+0000] {processor.py:830} INFO - Processing file /home/airflow/.local/lib/python3.12/site-packages/airflow/example_dags/example_sensors.py for tasks to queue
[2024-07-27T22:12:41.928+0000] {logging_mixin.py:188} INFO - [2024-07-27T22:12:41.927+0000] {dagbag.py:545} INFO - Filling up the DagBag from /home/airflow/.local/lib/python3.12/site-packages/airflow/example_dags/example_sensors.py
[2024-07-27T22:12:41.936+0000] {processor.py:840} INFO - DAG(s) 'example_sensors' retrieved from /home/airflow/.local/lib/python3.12/site-packages/airflow/example_dags/example_sensors.py
[2024-07-27T22:12:41.955+0000] {logging_mixin.py:188} INFO - [2024-07-27T22:12:41.955+0000] {dag.py:3089} INFO - Sync 1 DAGs
[2024-07-27T22:12:41.962+0000] {logging_mixin.py:188} INFO - [2024-07-27T22:12:41.962+0000] {dag.py:3947} INFO - Setting next_dagrun for example_sensors to None, run_after=None
[2024-07-27T22:12:41.972+0000] {processor.py:183} INFO - Processing /home/airflow/.local/lib/python3.12/site-packages/airflow/example_dags/example_sensors.py took 0.057 seconds
[2024-07-27T22:13:12.165+0000] {processor.py:161} INFO - Started process (PID=8933) to work on /home/airflow/.local/lib/python3.12/site-packages/airflow/example_dags/example_sensors.py
[2024-07-27T22:13:12.166+0000] {processor.py:830} INFO - Processing file /home/airflow/.local/lib/python3.12/site-packages/airflow/example_dags/example_sensors.py for tasks to queue
[2024-07-27T22:13:12.167+0000] {logging_mixin.py:188} INFO - [2024-07-27T22:13:12.167+0000] {dagbag.py:545} INFO - Filling up the DagBag from /home/airflow/.local/lib/python3.12/site-packages/airflow/example_dags/example_sensors.py
[2024-07-27T22:13:12.175+0000] {processor.py:840} INFO - DAG(s) 'example_sensors' retrieved from /home/airflow/.local/lib/python3.12/site-packages/airflow/example_dags/example_sensors.py
[2024-07-27T22:13:12.192+0000] {logging_mixin.py:188} INFO - [2024-07-27T22:13:12.192+0000] {dag.py:3089} INFO - Sync 1 DAGs
[2024-07-27T22:13:12.199+0000] {logging_mixin.py:188} INFO - [2024-07-27T22:13:12.199+0000] {dag.py:3947} INFO - Setting next_dagrun for example_sensors to None, run_after=None
[2024-07-27T22:13:12.209+0000] {processor.py:183} INFO - Processing /home/airflow/.local/lib/python3.12/site-packages/airflow/example_dags/example_sensors.py took 0.050 seconds
[2024-07-27T22:13:42.395+0000] {processor.py:161} INFO - Started process (PID=9195) to work on /home/airflow/.local/lib/python3.12/site-packages/airflow/example_dags/example_sensors.py
[2024-07-27T22:13:42.397+0000] {processor.py:830} INFO - Processing file /home/airflow/.local/lib/python3.12/site-packages/airflow/example_dags/example_sensors.py for tasks to queue
[2024-07-27T22:13:42.399+0000] {logging_mixin.py:188} INFO - [2024-07-27T22:13:42.398+0000] {dagbag.py:545} INFO - Filling up the DagBag from /home/airflow/.local/lib/python3.12/site-packages/airflow/example_dags/example_sensors.py
[2024-07-27T22:13:42.408+0000] {processor.py:840} INFO - DAG(s) 'example_sensors' retrieved from /home/airflow/.local/lib/python3.12/site-packages/airflow/example_dags/example_sensors.py
[2024-07-27T22:13:42.428+0000] {logging_mixin.py:188} INFO - [2024-07-27T22:13:42.427+0000] {dag.py:3089} INFO - Sync 1 DAGs
[2024-07-27T22:13:42.436+0000] {logging_mixin.py:188} INFO - [2024-07-27T22:13:42.435+0000] {dag.py:3947} INFO - Setting next_dagrun for example_sensors to None, run_after=None
[2024-07-27T22:13:42.446+0000] {processor.py:183} INFO - Processing /home/airflow/.local/lib/python3.12/site-packages/airflow/example_dags/example_sensors.py took 0.060 seconds
[2024-07-27T22:14:12.864+0000] {processor.py:161} INFO - Started process (PID=9456) to work on /home/airflow/.local/lib/python3.12/site-packages/airflow/example_dags/example_sensors.py
[2024-07-27T22:14:12.866+0000] {processor.py:830} INFO - Processing file /home/airflow/.local/lib/python3.12/site-packages/airflow/example_dags/example_sensors.py for tasks to queue
[2024-07-27T22:14:12.867+0000] {logging_mixin.py:188} INFO - [2024-07-27T22:14:12.867+0000] {dagbag.py:545} INFO - Filling up the DagBag from /home/airflow/.local/lib/python3.12/site-packages/airflow/example_dags/example_sensors.py
[2024-07-27T22:14:12.873+0000] {processor.py:840} INFO - DAG(s) 'example_sensors' retrieved from /home/airflow/.local/lib/python3.12/site-packages/airflow/example_dags/example_sensors.py
[2024-07-27T22:14:12.890+0000] {logging_mixin.py:188} INFO - [2024-07-27T22:14:12.889+0000] {dag.py:3089} INFO - Sync 1 DAGs
[2024-07-27T22:14:12.898+0000] {logging_mixin.py:188} INFO - [2024-07-27T22:14:12.898+0000] {dag.py:3947} INFO - Setting next_dagrun for example_sensors to None, run_after=None
[2024-07-27T22:14:12.916+0000] {processor.py:183} INFO - Processing /home/airflow/.local/lib/python3.12/site-packages/airflow/example_dags/example_sensors.py took 0.056 seconds
[2024-07-27T22:14:43.241+0000] {processor.py:161} INFO - Started process (PID=9718) to work on /home/airflow/.local/lib/python3.12/site-packages/airflow/example_dags/example_sensors.py
[2024-07-27T22:14:43.243+0000] {processor.py:830} INFO - Processing file /home/airflow/.local/lib/python3.12/site-packages/airflow/example_dags/example_sensors.py for tasks to queue
[2024-07-27T22:14:43.245+0000] {logging_mixin.py:188} INFO - [2024-07-27T22:14:43.245+0000] {dagbag.py:545} INFO - Filling up the DagBag from /home/airflow/.local/lib/python3.12/site-packages/airflow/example_dags/example_sensors.py
[2024-07-27T22:14:43.253+0000] {processor.py:840} INFO - DAG(s) 'example_sensors' retrieved from /home/airflow/.local/lib/python3.12/site-packages/airflow/example_dags/example_sensors.py
[2024-07-27T22:14:43.271+0000] {logging_mixin.py:188} INFO - [2024-07-27T22:14:43.271+0000] {dag.py:3089} INFO - Sync 1 DAGs
[2024-07-27T22:14:43.279+0000] {logging_mixin.py:188} INFO - [2024-07-27T22:14:43.278+0000] {dag.py:3947} INFO - Setting next_dagrun for example_sensors to None, run_after=None
[2024-07-27T22:14:43.288+0000] {processor.py:183} INFO - Processing /home/airflow/.local/lib/python3.12/site-packages/airflow/example_dags/example_sensors.py took 0.054 seconds
[2024-07-27T22:15:13.613+0000] {processor.py:161} INFO - Started process (PID=9981) to work on /home/airflow/.local/lib/python3.12/site-packages/airflow/example_dags/example_sensors.py
[2024-07-27T22:15:13.615+0000] {processor.py:830} INFO - Processing file /home/airflow/.local/lib/python3.12/site-packages/airflow/example_dags/example_sensors.py for tasks to queue
[2024-07-27T22:15:13.618+0000] {logging_mixin.py:188} INFO - [2024-07-27T22:15:13.618+0000] {dagbag.py:545} INFO - Filling up the DagBag from /home/airflow/.local/lib/python3.12/site-packages/airflow/example_dags/example_sensors.py
[2024-07-27T22:15:13.630+0000] {processor.py:840} INFO - DAG(s) 'example_sensors' retrieved from /home/airflow/.local/lib/python3.12/site-packages/airflow/example_dags/example_sensors.py
[2024-07-27T22:15:13.656+0000] {logging_mixin.py:188} INFO - [2024-07-27T22:15:13.656+0000] {dag.py:3089} INFO - Sync 1 DAGs
[2024-07-27T22:15:13.671+0000] {logging_mixin.py:188} INFO - [2024-07-27T22:15:13.670+0000] {dag.py:3947} INFO - Setting next_dagrun for example_sensors to None, run_after=None
[2024-07-27T22:15:13.682+0000] {processor.py:183} INFO - Processing /home/airflow/.local/lib/python3.12/site-packages/airflow/example_dags/example_sensors.py took 0.081 seconds
[2024-07-27T22:15:43.713+0000] {processor.py:161} INFO - Started process (PID=10243) to work on /home/airflow/.local/lib/python3.12/site-packages/airflow/example_dags/example_sensors.py
[2024-07-27T22:15:43.714+0000] {processor.py:830} INFO - Processing file /home/airflow/.local/lib/python3.12/site-packages/airflow/example_dags/example_sensors.py for tasks to queue
[2024-07-27T22:15:43.715+0000] {logging_mixin.py:188} INFO - [2024-07-27T22:15:43.715+0000] {dagbag.py:545} INFO - Filling up the DagBag from /home/airflow/.local/lib/python3.12/site-packages/airflow/example_dags/example_sensors.py
[2024-07-27T22:15:43.722+0000] {processor.py:840} INFO - DAG(s) 'example_sensors' retrieved from /home/airflow/.local/lib/python3.12/site-packages/airflow/example_dags/example_sensors.py
[2024-07-27T22:15:43.737+0000] {logging_mixin.py:188} INFO - [2024-07-27T22:15:43.737+0000] {dag.py:3089} INFO - Sync 1 DAGs
[2024-07-27T22:15:43.743+0000] {logging_mixin.py:188} INFO - [2024-07-27T22:15:43.743+0000] {dag.py:3947} INFO - Setting next_dagrun for example_sensors to None, run_after=None
[2024-07-27T22:15:43.751+0000] {processor.py:183} INFO - Processing /home/airflow/.local/lib/python3.12/site-packages/airflow/example_dags/example_sensors.py took 0.044 seconds
[2024-07-27T22:16:14.758+0000] {processor.py:161} INFO - Started process (PID=10506) to work on /home/airflow/.local/lib/python3.12/site-packages/airflow/example_dags/example_sensors.py
[2024-07-27T22:16:14.761+0000] {processor.py:830} INFO - Processing file /home/airflow/.local/lib/python3.12/site-packages/airflow/example_dags/example_sensors.py for tasks to queue
[2024-07-27T22:16:14.764+0000] {logging_mixin.py:188} INFO - [2024-07-27T22:16:14.764+0000] {dagbag.py:545} INFO - Filling up the DagBag from /home/airflow/.local/lib/python3.12/site-packages/airflow/example_dags/example_sensors.py
[2024-07-27T22:16:14.771+0000] {processor.py:840} INFO - DAG(s) 'example_sensors' retrieved from /home/airflow/.local/lib/python3.12/site-packages/airflow/example_dags/example_sensors.py
[2024-07-27T22:16:14.789+0000] {logging_mixin.py:188} INFO - [2024-07-27T22:16:14.789+0000] {dag.py:3089} INFO - Sync 1 DAGs
[2024-07-27T22:16:14.900+0000] {logging_mixin.py:188} INFO - [2024-07-27T22:16:14.900+0000] {dag.py:3947} INFO - Setting next_dagrun for example_sensors to None, run_after=None
[2024-07-27T22:16:14.942+0000] {processor.py:183} INFO - Processing /home/airflow/.local/lib/python3.12/site-packages/airflow/example_dags/example_sensors.py took 0.194 seconds
[2024-07-27T22:16:45.615+0000] {processor.py:161} INFO - Started process (PID=10766) to work on /home/airflow/.local/lib/python3.12/site-packages/airflow/example_dags/example_sensors.py
[2024-07-27T22:16:45.616+0000] {processor.py:830} INFO - Processing file /home/airflow/.local/lib/python3.12/site-packages/airflow/example_dags/example_sensors.py for tasks to queue
[2024-07-27T22:16:45.617+0000] {logging_mixin.py:188} INFO - [2024-07-27T22:16:45.617+0000] {dagbag.py:545} INFO - Filling up the DagBag from /home/airflow/.local/lib/python3.12/site-packages/airflow/example_dags/example_sensors.py
[2024-07-27T22:16:45.623+0000] {processor.py:840} INFO - DAG(s) 'example_sensors' retrieved from /home/airflow/.local/lib/python3.12/site-packages/airflow/example_dags/example_sensors.py
[2024-07-27T22:16:45.636+0000] {logging_mixin.py:188} INFO - [2024-07-27T22:16:45.636+0000] {dag.py:3089} INFO - Sync 1 DAGs
[2024-07-27T22:16:45.644+0000] {logging_mixin.py:188} INFO - [2024-07-27T22:16:45.644+0000] {dag.py:3947} INFO - Setting next_dagrun for example_sensors to None, run_after=None
[2024-07-27T22:16:45.656+0000] {processor.py:183} INFO - Processing /home/airflow/.local/lib/python3.12/site-packages/airflow/example_dags/example_sensors.py took 0.044 seconds
[2024-07-27T22:17:16.119+0000] {processor.py:161} INFO - Started process (PID=11028) to work on /home/airflow/.local/lib/python3.12/site-packages/airflow/example_dags/example_sensors.py
[2024-07-27T22:17:16.120+0000] {processor.py:830} INFO - Processing file /home/airflow/.local/lib/python3.12/site-packages/airflow/example_dags/example_sensors.py for tasks to queue
[2024-07-27T22:17:16.121+0000] {logging_mixin.py:188} INFO - [2024-07-27T22:17:16.121+0000] {dagbag.py:545} INFO - Filling up the DagBag from /home/airflow/.local/lib/python3.12/site-packages/airflow/example_dags/example_sensors.py
[2024-07-27T22:17:16.126+0000] {processor.py:840} INFO - DAG(s) 'example_sensors' retrieved from /home/airflow/.local/lib/python3.12/site-packages/airflow/example_dags/example_sensors.py
[2024-07-27T22:17:16.139+0000] {logging_mixin.py:188} INFO - [2024-07-27T22:17:16.139+0000] {dag.py:3089} INFO - Sync 1 DAGs
[2024-07-27T22:17:16.148+0000] {logging_mixin.py:188} INFO - [2024-07-27T22:17:16.148+0000] {dag.py:3947} INFO - Setting next_dagrun for example_sensors to None, run_after=None
[2024-07-27T22:17:16.159+0000] {processor.py:183} INFO - Processing /home/airflow/.local/lib/python3.12/site-packages/airflow/example_dags/example_sensors.py took 0.044 seconds
[2024-07-27T22:17:46.458+0000] {processor.py:161} INFO - Started process (PID=11290) to work on /home/airflow/.local/lib/python3.12/site-packages/airflow/example_dags/example_sensors.py
[2024-07-27T22:17:46.459+0000] {processor.py:830} INFO - Processing file /home/airflow/.local/lib/python3.12/site-packages/airflow/example_dags/example_sensors.py for tasks to queue
[2024-07-27T22:17:46.460+0000] {logging_mixin.py:188} INFO - [2024-07-27T22:17:46.460+0000] {dagbag.py:545} INFO - Filling up the DagBag from /home/airflow/.local/lib/python3.12/site-packages/airflow/example_dags/example_sensors.py
[2024-07-27T22:17:46.466+0000] {processor.py:840} INFO - DAG(s) 'example_sensors' retrieved from /home/airflow/.local/lib/python3.12/site-packages/airflow/example_dags/example_sensors.py
[2024-07-27T22:17:46.481+0000] {logging_mixin.py:188} INFO - [2024-07-27T22:17:46.481+0000] {dag.py:3089} INFO - Sync 1 DAGs
[2024-07-27T22:17:46.488+0000] {logging_mixin.py:188} INFO - [2024-07-27T22:17:46.487+0000] {dag.py:3947} INFO - Setting next_dagrun for example_sensors to None, run_after=None
[2024-07-27T22:17:46.507+0000] {processor.py:183} INFO - Processing /home/airflow/.local/lib/python3.12/site-packages/airflow/example_dags/example_sensors.py took 0.057 seconds
[2024-07-27T22:18:17.078+0000] {processor.py:161} INFO - Started process (PID=11552) to work on /home/airflow/.local/lib/python3.12/site-packages/airflow/example_dags/example_sensors.py
[2024-07-27T22:18:17.079+0000] {processor.py:830} INFO - Processing file /home/airflow/.local/lib/python3.12/site-packages/airflow/example_dags/example_sensors.py for tasks to queue
[2024-07-27T22:18:17.080+0000] {logging_mixin.py:188} INFO - [2024-07-27T22:18:17.080+0000] {dagbag.py:545} INFO - Filling up the DagBag from /home/airflow/.local/lib/python3.12/site-packages/airflow/example_dags/example_sensors.py
[2024-07-27T22:18:17.085+0000] {processor.py:840} INFO - DAG(s) 'example_sensors' retrieved from /home/airflow/.local/lib/python3.12/site-packages/airflow/example_dags/example_sensors.py
[2024-07-27T22:18:17.098+0000] {logging_mixin.py:188} INFO - [2024-07-27T22:18:17.098+0000] {dag.py:3089} INFO - Sync 1 DAGs
[2024-07-27T22:18:17.105+0000] {logging_mixin.py:188} INFO - [2024-07-27T22:18:17.105+0000] {dag.py:3947} INFO - Setting next_dagrun for example_sensors to None, run_after=None
[2024-07-27T22:18:17.114+0000] {processor.py:183} INFO - Processing /home/airflow/.local/lib/python3.12/site-packages/airflow/example_dags/example_sensors.py took 0.040 seconds
[2024-07-27T22:18:47.232+0000] {processor.py:161} INFO - Started process (PID=11814) to work on /home/airflow/.local/lib/python3.12/site-packages/airflow/example_dags/example_sensors.py
[2024-07-27T22:18:47.232+0000] {processor.py:830} INFO - Processing file /home/airflow/.local/lib/python3.12/site-packages/airflow/example_dags/example_sensors.py for tasks to queue
[2024-07-27T22:18:47.233+0000] {logging_mixin.py:188} INFO - [2024-07-27T22:18:47.233+0000] {dagbag.py:545} INFO - Filling up the DagBag from /home/airflow/.local/lib/python3.12/site-packages/airflow/example_dags/example_sensors.py
[2024-07-27T22:18:47.239+0000] {processor.py:840} INFO - DAG(s) 'example_sensors' retrieved from /home/airflow/.local/lib/python3.12/site-packages/airflow/example_dags/example_sensors.py
[2024-07-27T22:18:47.252+0000] {logging_mixin.py:188} INFO - [2024-07-27T22:18:47.252+0000] {dag.py:3089} INFO - Sync 1 DAGs
[2024-07-27T22:18:47.259+0000] {logging_mixin.py:188} INFO - [2024-07-27T22:18:47.259+0000] {dag.py:3947} INFO - Setting next_dagrun for example_sensors to None, run_after=None
[2024-07-27T22:18:47.268+0000] {processor.py:183} INFO - Processing /home/airflow/.local/lib/python3.12/site-packages/airflow/example_dags/example_sensors.py took 0.040 seconds
[2024-07-27T22:19:17.624+0000] {processor.py:161} INFO - Started process (PID=12076) to work on /home/airflow/.local/lib/python3.12/site-packages/airflow/example_dags/example_sensors.py
[2024-07-27T22:19:17.625+0000] {processor.py:830} INFO - Processing file /home/airflow/.local/lib/python3.12/site-packages/airflow/example_dags/example_sensors.py for tasks to queue
[2024-07-27T22:19:17.626+0000] {logging_mixin.py:188} INFO - [2024-07-27T22:19:17.626+0000] {dagbag.py:545} INFO - Filling up the DagBag from /home/airflow/.local/lib/python3.12/site-packages/airflow/example_dags/example_sensors.py
[2024-07-27T22:19:17.631+0000] {processor.py:840} INFO - DAG(s) 'example_sensors' retrieved from /home/airflow/.local/lib/python3.12/site-packages/airflow/example_dags/example_sensors.py
[2024-07-27T22:19:17.645+0000] {logging_mixin.py:188} INFO - [2024-07-27T22:19:17.645+0000] {dag.py:3089} INFO - Sync 1 DAGs
[2024-07-27T22:19:17.652+0000] {logging_mixin.py:188} INFO - [2024-07-27T22:19:17.652+0000] {dag.py:3947} INFO - Setting next_dagrun for example_sensors to None, run_after=None
[2024-07-27T22:19:17.661+0000] {processor.py:183} INFO - Processing /home/airflow/.local/lib/python3.12/site-packages/airflow/example_dags/example_sensors.py took 0.041 seconds
[2024-07-27T22:19:47.859+0000] {processor.py:161} INFO - Started process (PID=12338) to work on /home/airflow/.local/lib/python3.12/site-packages/airflow/example_dags/example_sensors.py
[2024-07-27T22:19:47.860+0000] {processor.py:830} INFO - Processing file /home/airflow/.local/lib/python3.12/site-packages/airflow/example_dags/example_sensors.py for tasks to queue
[2024-07-27T22:19:47.861+0000] {logging_mixin.py:188} INFO - [2024-07-27T22:19:47.861+0000] {dagbag.py:545} INFO - Filling up the DagBag from /home/airflow/.local/lib/python3.12/site-packages/airflow/example_dags/example_sensors.py
[2024-07-27T22:19:47.866+0000] {processor.py:840} INFO - DAG(s) 'example_sensors' retrieved from /home/airflow/.local/lib/python3.12/site-packages/airflow/example_dags/example_sensors.py
[2024-07-27T22:19:47.879+0000] {logging_mixin.py:188} INFO - [2024-07-27T22:19:47.879+0000] {dag.py:3089} INFO - Sync 1 DAGs
[2024-07-27T22:19:47.885+0000] {logging_mixin.py:188} INFO - [2024-07-27T22:19:47.885+0000] {dag.py:3947} INFO - Setting next_dagrun for example_sensors to None, run_after=None
[2024-07-27T22:19:47.894+0000] {processor.py:183} INFO - Processing /home/airflow/.local/lib/python3.12/site-packages/airflow/example_dags/example_sensors.py took 0.039 seconds
[2024-07-27T22:20:18.361+0000] {processor.py:161} INFO - Started process (PID=12605) to work on /home/airflow/.local/lib/python3.12/site-packages/airflow/example_dags/example_sensors.py
[2024-07-27T22:20:18.362+0000] {processor.py:830} INFO - Processing file /home/airflow/.local/lib/python3.12/site-packages/airflow/example_dags/example_sensors.py for tasks to queue
[2024-07-27T22:20:18.363+0000] {logging_mixin.py:188} INFO - [2024-07-27T22:20:18.363+0000] {dagbag.py:545} INFO - Filling up the DagBag from /home/airflow/.local/lib/python3.12/site-packages/airflow/example_dags/example_sensors.py
[2024-07-27T22:20:18.369+0000] {processor.py:840} INFO - DAG(s) 'example_sensors' retrieved from /home/airflow/.local/lib/python3.12/site-packages/airflow/example_dags/example_sensors.py
[2024-07-27T22:20:18.382+0000] {logging_mixin.py:188} INFO - [2024-07-27T22:20:18.382+0000] {dag.py:3089} INFO - Sync 1 DAGs
[2024-07-27T22:20:18.389+0000] {logging_mixin.py:188} INFO - [2024-07-27T22:20:18.389+0000] {dag.py:3947} INFO - Setting next_dagrun for example_sensors to None, run_after=None
[2024-07-27T22:20:18.398+0000] {processor.py:183} INFO - Processing /home/airflow/.local/lib/python3.12/site-packages/airflow/example_dags/example_sensors.py took 0.040 seconds
[2024-07-27T22:20:48.944+0000] {processor.py:161} INFO - Started process (PID=12872) to work on /home/airflow/.local/lib/python3.12/site-packages/airflow/example_dags/example_sensors.py
[2024-07-27T22:20:48.946+0000] {processor.py:830} INFO - Processing file /home/airflow/.local/lib/python3.12/site-packages/airflow/example_dags/example_sensors.py for tasks to queue
[2024-07-27T22:20:48.948+0000] {logging_mixin.py:188} INFO - [2024-07-27T22:20:48.948+0000] {dagbag.py:545} INFO - Filling up the DagBag from /home/airflow/.local/lib/python3.12/site-packages/airflow/example_dags/example_sensors.py
[2024-07-27T22:20:48.954+0000] {processor.py:840} INFO - DAG(s) 'example_sensors' retrieved from /home/airflow/.local/lib/python3.12/site-packages/airflow/example_dags/example_sensors.py
[2024-07-27T22:20:48.971+0000] {logging_mixin.py:188} INFO - [2024-07-27T22:20:48.970+0000] {dag.py:3089} INFO - Sync 1 DAGs
[2024-07-27T22:20:48.978+0000] {logging_mixin.py:188} INFO - [2024-07-27T22:20:48.978+0000] {dag.py:3947} INFO - Setting next_dagrun for example_sensors to None, run_after=None
[2024-07-27T22:20:48.989+0000] {processor.py:183} INFO - Processing /home/airflow/.local/lib/python3.12/site-packages/airflow/example_dags/example_sensors.py took 0.053 seconds
[2024-07-27T22:21:19.292+0000] {processor.py:161} INFO - Started process (PID=13139) to work on /home/airflow/.local/lib/python3.12/site-packages/airflow/example_dags/example_sensors.py
[2024-07-27T22:21:19.293+0000] {processor.py:830} INFO - Processing file /home/airflow/.local/lib/python3.12/site-packages/airflow/example_dags/example_sensors.py for tasks to queue
[2024-07-27T22:21:19.294+0000] {logging_mixin.py:188} INFO - [2024-07-27T22:21:19.294+0000] {dagbag.py:545} INFO - Filling up the DagBag from /home/airflow/.local/lib/python3.12/site-packages/airflow/example_dags/example_sensors.py
[2024-07-27T22:21:19.299+0000] {processor.py:840} INFO - DAG(s) 'example_sensors' retrieved from /home/airflow/.local/lib/python3.12/site-packages/airflow/example_dags/example_sensors.py
[2024-07-27T22:21:19.314+0000] {logging_mixin.py:188} INFO - [2024-07-27T22:21:19.314+0000] {dag.py:3089} INFO - Sync 1 DAGs
[2024-07-27T22:21:19.321+0000] {logging_mixin.py:188} INFO - [2024-07-27T22:21:19.320+0000] {dag.py:3947} INFO - Setting next_dagrun for example_sensors to None, run_after=None
[2024-07-27T22:21:19.330+0000] {processor.py:183} INFO - Processing /home/airflow/.local/lib/python3.12/site-packages/airflow/example_dags/example_sensors.py took 0.042 seconds
[2024-07-27T22:21:49.699+0000] {processor.py:161} INFO - Started process (PID=13411) to work on /home/airflow/.local/lib/python3.12/site-packages/airflow/example_dags/example_sensors.py
[2024-07-27T22:21:49.701+0000] {processor.py:830} INFO - Processing file /home/airflow/.local/lib/python3.12/site-packages/airflow/example_dags/example_sensors.py for tasks to queue
[2024-07-27T22:21:49.703+0000] {logging_mixin.py:188} INFO - [2024-07-27T22:21:49.702+0000] {dagbag.py:545} INFO - Filling up the DagBag from /home/airflow/.local/lib/python3.12/site-packages/airflow/example_dags/example_sensors.py
[2024-07-27T22:21:49.708+0000] {processor.py:840} INFO - DAG(s) 'example_sensors' retrieved from /home/airflow/.local/lib/python3.12/site-packages/airflow/example_dags/example_sensors.py
[2024-07-27T22:21:49.724+0000] {logging_mixin.py:188} INFO - [2024-07-27T22:21:49.724+0000] {dag.py:3089} INFO - Sync 1 DAGs
[2024-07-27T22:21:49.731+0000] {logging_mixin.py:188} INFO - [2024-07-27T22:21:49.731+0000] {dag.py:3947} INFO - Setting next_dagrun for example_sensors to None, run_after=None
[2024-07-27T22:21:49.742+0000] {processor.py:183} INFO - Processing /home/airflow/.local/lib/python3.12/site-packages/airflow/example_dags/example_sensors.py took 0.047 seconds
[2024-07-27T22:22:19.971+0000] {processor.py:161} INFO - Started process (PID=13678) to work on /home/airflow/.local/lib/python3.12/site-packages/airflow/example_dags/example_sensors.py
[2024-07-27T22:22:19.972+0000] {processor.py:830} INFO - Processing file /home/airflow/.local/lib/python3.12/site-packages/airflow/example_dags/example_sensors.py for tasks to queue
[2024-07-27T22:22:19.974+0000] {logging_mixin.py:188} INFO - [2024-07-27T22:22:19.973+0000] {dagbag.py:545} INFO - Filling up the DagBag from /home/airflow/.local/lib/python3.12/site-packages/airflow/example_dags/example_sensors.py
[2024-07-27T22:22:19.980+0000] {processor.py:840} INFO - DAG(s) 'example_sensors' retrieved from /home/airflow/.local/lib/python3.12/site-packages/airflow/example_dags/example_sensors.py
[2024-07-27T22:22:19.994+0000] {logging_mixin.py:188} INFO - [2024-07-27T22:22:19.994+0000] {dag.py:3089} INFO - Sync 1 DAGs
[2024-07-27T22:22:20.000+0000] {logging_mixin.py:188} INFO - [2024-07-27T22:22:20.000+0000] {dag.py:3947} INFO - Setting next_dagrun for example_sensors to None, run_after=None
[2024-07-27T22:22:20.013+0000] {processor.py:183} INFO - Processing /home/airflow/.local/lib/python3.12/site-packages/airflow/example_dags/example_sensors.py took 0.047 seconds
[2024-07-27T22:22:50.484+0000] {processor.py:161} INFO - Started process (PID=13947) to work on /home/airflow/.local/lib/python3.12/site-packages/airflow/example_dags/example_sensors.py
[2024-07-27T22:22:50.484+0000] {processor.py:830} INFO - Processing file /home/airflow/.local/lib/python3.12/site-packages/airflow/example_dags/example_sensors.py for tasks to queue
[2024-07-27T22:22:50.485+0000] {logging_mixin.py:188} INFO - [2024-07-27T22:22:50.485+0000] {dagbag.py:545} INFO - Filling up the DagBag from /home/airflow/.local/lib/python3.12/site-packages/airflow/example_dags/example_sensors.py
[2024-07-27T22:22:50.491+0000] {processor.py:840} INFO - DAG(s) 'example_sensors' retrieved from /home/airflow/.local/lib/python3.12/site-packages/airflow/example_dags/example_sensors.py
[2024-07-27T22:22:50.507+0000] {logging_mixin.py:188} INFO - [2024-07-27T22:22:50.507+0000] {dag.py:3089} INFO - Sync 1 DAGs
[2024-07-27T22:22:50.513+0000] {logging_mixin.py:188} INFO - [2024-07-27T22:22:50.513+0000] {dag.py:3947} INFO - Setting next_dagrun for example_sensors to None, run_after=None
[2024-07-27T22:22:50.523+0000] {processor.py:183} INFO - Processing /home/airflow/.local/lib/python3.12/site-packages/airflow/example_dags/example_sensors.py took 0.043 seconds
[2024-07-27T22:23:21.145+0000] {processor.py:161} INFO - Started process (PID=14233) to work on /home/airflow/.local/lib/python3.12/site-packages/airflow/example_dags/example_sensors.py
[2024-07-27T22:23:21.146+0000] {processor.py:830} INFO - Processing file /home/airflow/.local/lib/python3.12/site-packages/airflow/example_dags/example_sensors.py for tasks to queue
[2024-07-27T22:23:21.147+0000] {logging_mixin.py:188} INFO - [2024-07-27T22:23:21.147+0000] {dagbag.py:545} INFO - Filling up the DagBag from /home/airflow/.local/lib/python3.12/site-packages/airflow/example_dags/example_sensors.py
[2024-07-27T22:23:21.152+0000] {processor.py:840} INFO - DAG(s) 'example_sensors' retrieved from /home/airflow/.local/lib/python3.12/site-packages/airflow/example_dags/example_sensors.py
[2024-07-27T22:23:21.166+0000] {logging_mixin.py:188} INFO - [2024-07-27T22:23:21.166+0000] {dag.py:3089} INFO - Sync 1 DAGs
[2024-07-27T22:23:21.173+0000] {logging_mixin.py:188} INFO - [2024-07-27T22:23:21.173+0000] {dag.py:3947} INFO - Setting next_dagrun for example_sensors to None, run_after=None
[2024-07-27T22:23:21.183+0000] {processor.py:183} INFO - Processing /home/airflow/.local/lib/python3.12/site-packages/airflow/example_dags/example_sensors.py took 0.042 seconds
[2024-07-27T22:23:51.507+0000] {processor.py:161} INFO - Started process (PID=14500) to work on /home/airflow/.local/lib/python3.12/site-packages/airflow/example_dags/example_sensors.py
[2024-07-27T22:23:51.508+0000] {processor.py:830} INFO - Processing file /home/airflow/.local/lib/python3.12/site-packages/airflow/example_dags/example_sensors.py for tasks to queue
[2024-07-27T22:23:51.509+0000] {logging_mixin.py:188} INFO - [2024-07-27T22:23:51.509+0000] {dagbag.py:545} INFO - Filling up the DagBag from /home/airflow/.local/lib/python3.12/site-packages/airflow/example_dags/example_sensors.py
[2024-07-27T22:23:51.517+0000] {processor.py:840} INFO - DAG(s) 'example_sensors' retrieved from /home/airflow/.local/lib/python3.12/site-packages/airflow/example_dags/example_sensors.py
[2024-07-27T22:23:51.532+0000] {logging_mixin.py:188} INFO - [2024-07-27T22:23:51.532+0000] {dag.py:3089} INFO - Sync 1 DAGs
[2024-07-27T22:23:51.545+0000] {logging_mixin.py:188} INFO - [2024-07-27T22:23:51.545+0000] {dag.py:3947} INFO - Setting next_dagrun for example_sensors to None, run_after=None
[2024-07-27T22:23:51.576+0000] {processor.py:183} INFO - Processing /home/airflow/.local/lib/python3.12/site-packages/airflow/example_dags/example_sensors.py took 0.074 seconds
[2024-07-27T22:24:22.565+0000] {processor.py:161} INFO - Started process (PID=14767) to work on /home/airflow/.local/lib/python3.12/site-packages/airflow/example_dags/example_sensors.py
[2024-07-27T22:24:22.566+0000] {processor.py:830} INFO - Processing file /home/airflow/.local/lib/python3.12/site-packages/airflow/example_dags/example_sensors.py for tasks to queue
[2024-07-27T22:24:22.567+0000] {logging_mixin.py:188} INFO - [2024-07-27T22:24:22.567+0000] {dagbag.py:545} INFO - Filling up the DagBag from /home/airflow/.local/lib/python3.12/site-packages/airflow/example_dags/example_sensors.py
[2024-07-27T22:24:22.572+0000] {processor.py:840} INFO - DAG(s) 'example_sensors' retrieved from /home/airflow/.local/lib/python3.12/site-packages/airflow/example_dags/example_sensors.py
[2024-07-27T22:24:22.585+0000] {logging_mixin.py:188} INFO - [2024-07-27T22:24:22.585+0000] {dag.py:3089} INFO - Sync 1 DAGs
[2024-07-27T22:24:22.592+0000] {logging_mixin.py:188} INFO - [2024-07-27T22:24:22.592+0000] {dag.py:3947} INFO - Setting next_dagrun for example_sensors to None, run_after=None
[2024-07-27T22:24:22.602+0000] {processor.py:183} INFO - Processing /home/airflow/.local/lib/python3.12/site-packages/airflow/example_dags/example_sensors.py took 0.040 seconds
[2024-07-27T22:24:52.715+0000] {processor.py:161} INFO - Started process (PID=15034) to work on /home/airflow/.local/lib/python3.12/site-packages/airflow/example_dags/example_sensors.py
[2024-07-27T22:24:52.715+0000] {processor.py:830} INFO - Processing file /home/airflow/.local/lib/python3.12/site-packages/airflow/example_dags/example_sensors.py for tasks to queue
[2024-07-27T22:24:52.716+0000] {logging_mixin.py:188} INFO - [2024-07-27T22:24:52.716+0000] {dagbag.py:545} INFO - Filling up the DagBag from /home/airflow/.local/lib/python3.12/site-packages/airflow/example_dags/example_sensors.py
[2024-07-27T22:24:52.722+0000] {processor.py:840} INFO - DAG(s) 'example_sensors' retrieved from /home/airflow/.local/lib/python3.12/site-packages/airflow/example_dags/example_sensors.py
[2024-07-27T22:24:52.735+0000] {logging_mixin.py:188} INFO - [2024-07-27T22:24:52.735+0000] {dag.py:3089} INFO - Sync 1 DAGs
[2024-07-27T22:24:52.742+0000] {logging_mixin.py:188} INFO - [2024-07-27T22:24:52.742+0000] {dag.py:3947} INFO - Setting next_dagrun for example_sensors to None, run_after=None
[2024-07-27T22:24:52.758+0000] {processor.py:183} INFO - Processing /home/airflow/.local/lib/python3.12/site-packages/airflow/example_dags/example_sensors.py took 0.047 seconds
[2024-07-27T22:25:23.096+0000] {processor.py:161} INFO - Started process (PID=15301) to work on /home/airflow/.local/lib/python3.12/site-packages/airflow/example_dags/example_sensors.py
[2024-07-27T22:25:23.097+0000] {processor.py:830} INFO - Processing file /home/airflow/.local/lib/python3.12/site-packages/airflow/example_dags/example_sensors.py for tasks to queue
[2024-07-27T22:25:23.098+0000] {logging_mixin.py:188} INFO - [2024-07-27T22:25:23.098+0000] {dagbag.py:545} INFO - Filling up the DagBag from /home/airflow/.local/lib/python3.12/site-packages/airflow/example_dags/example_sensors.py
[2024-07-27T22:25:23.103+0000] {processor.py:840} INFO - DAG(s) 'example_sensors' retrieved from /home/airflow/.local/lib/python3.12/site-packages/airflow/example_dags/example_sensors.py
[2024-07-27T22:25:23.116+0000] {logging_mixin.py:188} INFO - [2024-07-27T22:25:23.116+0000] {dag.py:3089} INFO - Sync 1 DAGs
[2024-07-27T22:25:23.123+0000] {logging_mixin.py:188} INFO - [2024-07-27T22:25:23.122+0000] {dag.py:3947} INFO - Setting next_dagrun for example_sensors to None, run_after=None
[2024-07-27T22:25:23.132+0000] {processor.py:183} INFO - Processing /home/airflow/.local/lib/python3.12/site-packages/airflow/example_dags/example_sensors.py took 0.040 seconds
[2024-07-27T22:25:53.402+0000] {processor.py:161} INFO - Started process (PID=15570) to work on /home/airflow/.local/lib/python3.12/site-packages/airflow/example_dags/example_sensors.py
[2024-07-27T22:25:53.403+0000] {processor.py:830} INFO - Processing file /home/airflow/.local/lib/python3.12/site-packages/airflow/example_dags/example_sensors.py for tasks to queue
[2024-07-27T22:25:53.404+0000] {logging_mixin.py:188} INFO - [2024-07-27T22:25:53.404+0000] {dagbag.py:545} INFO - Filling up the DagBag from /home/airflow/.local/lib/python3.12/site-packages/airflow/example_dags/example_sensors.py
[2024-07-27T22:25:53.409+0000] {processor.py:840} INFO - DAG(s) 'example_sensors' retrieved from /home/airflow/.local/lib/python3.12/site-packages/airflow/example_dags/example_sensors.py
[2024-07-27T22:25:53.422+0000] {logging_mixin.py:188} INFO - [2024-07-27T22:25:53.422+0000] {dag.py:3089} INFO - Sync 1 DAGs
[2024-07-27T22:25:53.429+0000] {logging_mixin.py:188} INFO - [2024-07-27T22:25:53.429+0000] {dag.py:3947} INFO - Setting next_dagrun for example_sensors to None, run_after=None
[2024-07-27T22:25:53.438+0000] {processor.py:183} INFO - Processing /home/airflow/.local/lib/python3.12/site-packages/airflow/example_dags/example_sensors.py took 0.040 seconds
[2024-07-27T22:26:23.974+0000] {processor.py:161} INFO - Started process (PID=15842) to work on /home/airflow/.local/lib/python3.12/site-packages/airflow/example_dags/example_sensors.py
[2024-07-27T22:26:23.975+0000] {processor.py:830} INFO - Processing file /home/airflow/.local/lib/python3.12/site-packages/airflow/example_dags/example_sensors.py for tasks to queue
[2024-07-27T22:26:23.977+0000] {logging_mixin.py:188} INFO - [2024-07-27T22:26:23.977+0000] {dagbag.py:545} INFO - Filling up the DagBag from /home/airflow/.local/lib/python3.12/site-packages/airflow/example_dags/example_sensors.py
[2024-07-27T22:26:23.986+0000] {processor.py:840} INFO - DAG(s) 'example_sensors' retrieved from /home/airflow/.local/lib/python3.12/site-packages/airflow/example_dags/example_sensors.py
[2024-07-27T22:26:24.003+0000] {logging_mixin.py:188} INFO - [2024-07-27T22:26:24.003+0000] {dag.py:3089} INFO - Sync 1 DAGs
[2024-07-27T22:26:24.013+0000] {logging_mixin.py:188} INFO - [2024-07-27T22:26:24.013+0000] {dag.py:3947} INFO - Setting next_dagrun for example_sensors to None, run_after=None
[2024-07-27T22:26:24.028+0000] {processor.py:183} INFO - Processing /home/airflow/.local/lib/python3.12/site-packages/airflow/example_dags/example_sensors.py took 0.058 seconds
[2024-07-27T22:55:20.994+0000] {processor.py:161} INFO - Started process (PID=16095) to work on /home/airflow/.local/lib/python3.12/site-packages/airflow/example_dags/example_sensors.py
[2024-07-27T22:55:20.995+0000] {processor.py:830} INFO - Processing file /home/airflow/.local/lib/python3.12/site-packages/airflow/example_dags/example_sensors.py for tasks to queue
[2024-07-27T22:55:20.996+0000] {logging_mixin.py:188} INFO - [2024-07-27T22:55:20.996+0000] {dagbag.py:545} INFO - Filling up the DagBag from /home/airflow/.local/lib/python3.12/site-packages/airflow/example_dags/example_sensors.py
[2024-07-27T22:55:21.002+0000] {processor.py:840} INFO - DAG(s) 'example_sensors' retrieved from /home/airflow/.local/lib/python3.12/site-packages/airflow/example_dags/example_sensors.py
[2024-07-27T22:55:21.018+0000] {logging_mixin.py:188} INFO - [2024-07-27T22:55:21.018+0000] {dag.py:3089} INFO - Sync 1 DAGs
[2024-07-27T22:55:21.025+0000] {logging_mixin.py:188} INFO - [2024-07-27T22:55:21.025+0000] {dag.py:3947} INFO - Setting next_dagrun for example_sensors to None, run_after=None
[2024-07-27T22:55:21.035+0000] {processor.py:183} INFO - Processing /home/airflow/.local/lib/python3.12/site-packages/airflow/example_dags/example_sensors.py took 0.050 seconds
[2024-07-27T22:55:51.359+0000] {processor.py:161} INFO - Started process (PID=16365) to work on /home/airflow/.local/lib/python3.12/site-packages/airflow/example_dags/example_sensors.py
[2024-07-27T22:55:51.360+0000] {processor.py:830} INFO - Processing file /home/airflow/.local/lib/python3.12/site-packages/airflow/example_dags/example_sensors.py for tasks to queue
[2024-07-27T22:55:51.361+0000] {logging_mixin.py:188} INFO - [2024-07-27T22:55:51.360+0000] {dagbag.py:545} INFO - Filling up the DagBag from /home/airflow/.local/lib/python3.12/site-packages/airflow/example_dags/example_sensors.py
[2024-07-27T22:55:51.365+0000] {processor.py:840} INFO - DAG(s) 'example_sensors' retrieved from /home/airflow/.local/lib/python3.12/site-packages/airflow/example_dags/example_sensors.py
[2024-07-27T22:55:51.378+0000] {logging_mixin.py:188} INFO - [2024-07-27T22:55:51.377+0000] {dag.py:3089} INFO - Sync 1 DAGs
[2024-07-27T22:55:51.383+0000] {logging_mixin.py:188} INFO - [2024-07-27T22:55:51.383+0000] {dag.py:3947} INFO - Setting next_dagrun for example_sensors to None, run_after=None
[2024-07-27T22:55:51.391+0000] {processor.py:183} INFO - Processing /home/airflow/.local/lib/python3.12/site-packages/airflow/example_dags/example_sensors.py took 0.036 seconds
