[2024-12-20T04:27:10.688+0000] {processor.py:161} INFO - Started process (PID=213) to work on /home/airflow/.local/lib/python3.12/site-packages/airflow/example_dags/example_datasets.py
[2024-12-20T04:27:10.689+0000] {processor.py:830} INFO - Processing file /home/airflow/.local/lib/python3.12/site-packages/airflow/example_dags/example_datasets.py for tasks to queue
[2024-12-20T04:27:10.691+0000] {logging_mixin.py:188} INFO - [2024-12-20T04:27:10.691+0000] {dagbag.py:545} INFO - Filling up the DagBag from /home/airflow/.local/lib/python3.12/site-packages/airflow/example_dags/example_datasets.py
[2024-12-20T04:27:10.814+0000] {processor.py:840} INFO - DAG(s) 'consume_1_or_2_with_dataset_expressions', 'dataset_produces_1', 'dataset_consumes_1', 'conditional_dataset_and_time_based_timetable', 'dataset_produces_2', 'dataset_consumes_1_and_2', 'dataset_consumes_1_never_scheduled', 'dataset_consumes_unknown_never_scheduled', 'consume_1_or_both_2_and_3_with_dataset_expressions', 'consume_1_and_2_with_dataset_expressions' retrieved from /home/airflow/.local/lib/python3.12/site-packages/airflow/example_dags/example_datasets.py
[2024-12-20T04:27:11.500+0000] {logging_mixin.py:188} INFO - [2024-12-20T04:27:11.499+0000] {dag.py:3089} INFO - Sync 10 DAGs
[2024-12-20T04:27:11.577+0000] {logging_mixin.py:188} INFO - [2024-12-20T04:27:11.577+0000] {dag.py:3947} INFO - Setting next_dagrun for conditional_dataset_and_time_based_timetable to 2024-12-18 01:00:00+00:00, run_after=2024-12-18 01:00:00+00:00
[2024-12-20T04:27:11.584+0000] {logging_mixin.py:188} INFO - [2024-12-20T04:27:11.583+0000] {dag.py:3947} INFO - Setting next_dagrun for consume_1_and_2_with_dataset_expressions to None, run_after=None
[2024-12-20T04:27:11.585+0000] {logging_mixin.py:188} INFO - [2024-12-20T04:27:11.585+0000] {dag.py:3947} INFO - Setting next_dagrun for consume_1_or_2_with_dataset_expressions to None, run_after=None
[2024-12-20T04:27:11.587+0000] {logging_mixin.py:188} INFO - [2024-12-20T04:27:11.587+0000] {dag.py:3947} INFO - Setting next_dagrun for consume_1_or_both_2_and_3_with_dataset_expressions to None, run_after=None
[2024-12-20T04:27:11.589+0000] {logging_mixin.py:188} INFO - [2024-12-20T04:27:11.589+0000] {dag.py:3947} INFO - Setting next_dagrun for dataset_consumes_1 to None, run_after=None
[2024-12-20T04:27:11.590+0000] {logging_mixin.py:188} INFO - [2024-12-20T04:27:11.590+0000] {dag.py:3947} INFO - Setting next_dagrun for dataset_consumes_1_and_2 to None, run_after=None
[2024-12-20T04:27:11.590+0000] {logging_mixin.py:188} INFO - [2024-12-20T04:27:11.590+0000] {dag.py:3947} INFO - Setting next_dagrun for dataset_consumes_1_never_scheduled to None, run_after=None
[2024-12-20T04:27:11.591+0000] {logging_mixin.py:188} INFO - [2024-12-20T04:27:11.591+0000] {dag.py:3947} INFO - Setting next_dagrun for dataset_consumes_unknown_never_scheduled to None, run_after=None
[2024-12-20T04:27:11.592+0000] {logging_mixin.py:188} INFO - [2024-12-20T04:27:11.592+0000] {dag.py:3947} INFO - Setting next_dagrun for dataset_produces_1 to 2024-12-19 00:00:00+00:00, run_after=2024-12-20 00:00:00+00:00
[2024-12-20T04:27:11.593+0000] {logging_mixin.py:188} INFO - [2024-12-20T04:27:11.593+0000] {dag.py:3947} INFO - Setting next_dagrun for dataset_produces_2 to None, run_after=None
[2024-12-20T04:27:11.781+0000] {processor.py:183} INFO - Processing /home/airflow/.local/lib/python3.12/site-packages/airflow/example_dags/example_datasets.py took 1.109 seconds
[2024-12-20T04:29:56.954+0000] {processor.py:161} INFO - Started process (PID=205) to work on /home/airflow/.local/lib/python3.12/site-packages/airflow/example_dags/example_datasets.py
[2024-12-20T04:29:56.962+0000] {processor.py:830} INFO - Processing file /home/airflow/.local/lib/python3.12/site-packages/airflow/example_dags/example_datasets.py for tasks to queue
[2024-12-20T04:29:56.971+0000] {logging_mixin.py:188} INFO - [2024-12-20T04:29:56.969+0000] {dagbag.py:545} INFO - Filling up the DagBag from /home/airflow/.local/lib/python3.12/site-packages/airflow/example_dags/example_datasets.py
[2024-12-20T04:29:57.036+0000] {processor.py:840} INFO - DAG(s) 'consume_1_and_2_with_dataset_expressions', 'consume_1_or_2_with_dataset_expressions', 'dataset_consumes_1_and_2', 'dataset_consumes_1', 'dataset_consumes_unknown_never_scheduled', 'dataset_consumes_1_never_scheduled', 'dataset_produces_2', 'consume_1_or_both_2_and_3_with_dataset_expressions', 'dataset_produces_1', 'conditional_dataset_and_time_based_timetable' retrieved from /home/airflow/.local/lib/python3.12/site-packages/airflow/example_dags/example_datasets.py
[2024-12-20T04:29:57.533+0000] {logging_mixin.py:188} INFO - [2024-12-20T04:29:57.532+0000] {dag.py:3089} INFO - Sync 10 DAGs
[2024-12-20T04:29:57.549+0000] {logging_mixin.py:188} INFO - [2024-12-20T04:29:57.548+0000] {dag.py:3947} INFO - Setting next_dagrun for conditional_dataset_and_time_based_timetable to 2024-12-18 01:00:00+00:00, run_after=2024-12-18 01:00:00+00:00
[2024-12-20T04:29:57.553+0000] {logging_mixin.py:188} INFO - [2024-12-20T04:29:57.553+0000] {dag.py:3947} INFO - Setting next_dagrun for consume_1_and_2_with_dataset_expressions to None, run_after=None
[2024-12-20T04:29:57.556+0000] {logging_mixin.py:188} INFO - [2024-12-20T04:29:57.556+0000] {dag.py:3947} INFO - Setting next_dagrun for consume_1_or_2_with_dataset_expressions to None, run_after=None
[2024-12-20T04:29:57.559+0000] {logging_mixin.py:188} INFO - [2024-12-20T04:29:57.559+0000] {dag.py:3947} INFO - Setting next_dagrun for consume_1_or_both_2_and_3_with_dataset_expressions to None, run_after=None
[2024-12-20T04:29:57.560+0000] {logging_mixin.py:188} INFO - [2024-12-20T04:29:57.560+0000] {dag.py:3947} INFO - Setting next_dagrun for dataset_consumes_1 to None, run_after=None
[2024-12-20T04:29:57.564+0000] {logging_mixin.py:188} INFO - [2024-12-20T04:29:57.564+0000] {dag.py:3947} INFO - Setting next_dagrun for dataset_consumes_1_and_2 to None, run_after=None
[2024-12-20T04:29:57.566+0000] {logging_mixin.py:188} INFO - [2024-12-20T04:29:57.566+0000] {dag.py:3947} INFO - Setting next_dagrun for dataset_consumes_1_never_scheduled to None, run_after=None
[2024-12-20T04:29:57.568+0000] {logging_mixin.py:188} INFO - [2024-12-20T04:29:57.568+0000] {dag.py:3947} INFO - Setting next_dagrun for dataset_consumes_unknown_never_scheduled to None, run_after=None
[2024-12-20T04:29:57.574+0000] {logging_mixin.py:188} INFO - [2024-12-20T04:29:57.572+0000] {dag.py:3947} INFO - Setting next_dagrun for dataset_produces_1 to 2024-12-19 00:00:00+00:00, run_after=2024-12-20 00:00:00+00:00
[2024-12-20T04:29:57.578+0000] {logging_mixin.py:188} INFO - [2024-12-20T04:29:57.578+0000] {dag.py:3947} INFO - Setting next_dagrun for dataset_produces_2 to None, run_after=None
[2024-12-20T04:29:57.625+0000] {processor.py:183} INFO - Processing /home/airflow/.local/lib/python3.12/site-packages/airflow/example_dags/example_datasets.py took 0.730 seconds
[2024-12-20T04:37:14.256+0000] {processor.py:161} INFO - Started process (PID=202) to work on /home/airflow/.local/lib/python3.12/site-packages/airflow/example_dags/example_datasets.py
[2024-12-20T04:37:14.259+0000] {processor.py:830} INFO - Processing file /home/airflow/.local/lib/python3.12/site-packages/airflow/example_dags/example_datasets.py for tasks to queue
[2024-12-20T04:37:14.262+0000] {logging_mixin.py:188} INFO - [2024-12-20T04:37:14.262+0000] {dagbag.py:545} INFO - Filling up the DagBag from /home/airflow/.local/lib/python3.12/site-packages/airflow/example_dags/example_datasets.py
[2024-12-20T04:37:14.275+0000] {processor.py:840} INFO - DAG(s) 'dataset_produces_2', 'consume_1_or_2_with_dataset_expressions', 'dataset_consumes_1_never_scheduled', 'dataset_consumes_1', 'consume_1_and_2_with_dataset_expressions', 'conditional_dataset_and_time_based_timetable', 'consume_1_or_both_2_and_3_with_dataset_expressions', 'dataset_produces_1', 'dataset_consumes_1_and_2', 'dataset_consumes_unknown_never_scheduled' retrieved from /home/airflow/.local/lib/python3.12/site-packages/airflow/example_dags/example_datasets.py
[2024-12-20T04:37:14.307+0000] {logging_mixin.py:188} INFO - [2024-12-20T04:37:14.307+0000] {dag.py:3089} INFO - Sync 10 DAGs
[2024-12-20T04:37:14.330+0000] {logging_mixin.py:188} INFO - [2024-12-20T04:37:14.330+0000] {dag.py:3947} INFO - Setting next_dagrun for conditional_dataset_and_time_based_timetable to 2024-12-18 01:00:00+00:00, run_after=2024-12-18 01:00:00+00:00
[2024-12-20T04:37:14.334+0000] {logging_mixin.py:188} INFO - [2024-12-20T04:37:14.334+0000] {dag.py:3947} INFO - Setting next_dagrun for consume_1_and_2_with_dataset_expressions to None, run_after=None
[2024-12-20T04:37:14.341+0000] {logging_mixin.py:188} INFO - [2024-12-20T04:37:14.340+0000] {dag.py:3947} INFO - Setting next_dagrun for consume_1_or_2_with_dataset_expressions to None, run_after=None
[2024-12-20T04:37:14.341+0000] {logging_mixin.py:188} INFO - [2024-12-20T04:37:14.341+0000] {dag.py:3947} INFO - Setting next_dagrun for consume_1_or_both_2_and_3_with_dataset_expressions to None, run_after=None
[2024-12-20T04:37:14.343+0000] {logging_mixin.py:188} INFO - [2024-12-20T04:37:14.343+0000] {dag.py:3947} INFO - Setting next_dagrun for dataset_consumes_1 to None, run_after=None
[2024-12-20T04:37:14.344+0000] {logging_mixin.py:188} INFO - [2024-12-20T04:37:14.344+0000] {dag.py:3947} INFO - Setting next_dagrun for dataset_consumes_1_and_2 to None, run_after=None
[2024-12-20T04:37:14.345+0000] {logging_mixin.py:188} INFO - [2024-12-20T04:37:14.345+0000] {dag.py:3947} INFO - Setting next_dagrun for dataset_consumes_1_never_scheduled to None, run_after=None
[2024-12-20T04:37:14.346+0000] {logging_mixin.py:188} INFO - [2024-12-20T04:37:14.346+0000] {dag.py:3947} INFO - Setting next_dagrun for dataset_consumes_unknown_never_scheduled to None, run_after=None
[2024-12-20T04:37:14.355+0000] {logging_mixin.py:188} INFO - [2024-12-20T04:37:14.355+0000] {dag.py:3947} INFO - Setting next_dagrun for dataset_produces_1 to 2024-12-19 00:00:00+00:00, run_after=2024-12-20 00:00:00+00:00
[2024-12-20T04:37:14.356+0000] {logging_mixin.py:188} INFO - [2024-12-20T04:37:14.356+0000] {dag.py:3947} INFO - Setting next_dagrun for dataset_produces_2 to None, run_after=None
[2024-12-20T04:37:14.396+0000] {processor.py:183} INFO - Processing /home/airflow/.local/lib/python3.12/site-packages/airflow/example_dags/example_datasets.py took 0.143 seconds
[2024-12-20T04:38:15.394+0000] {processor.py:161} INFO - Started process (PID=536) to work on /home/airflow/.local/lib/python3.12/site-packages/airflow/example_dags/example_datasets.py
[2024-12-20T04:38:15.437+0000] {processor.py:830} INFO - Processing file /home/airflow/.local/lib/python3.12/site-packages/airflow/example_dags/example_datasets.py for tasks to queue
[2024-12-20T04:38:15.458+0000] {logging_mixin.py:188} INFO - [2024-12-20T04:38:15.457+0000] {dagbag.py:545} INFO - Filling up the DagBag from /home/airflow/.local/lib/python3.12/site-packages/airflow/example_dags/example_datasets.py
[2024-12-20T04:38:15.656+0000] {processor.py:840} INFO - DAG(s) 'dataset_consumes_unknown_never_scheduled', 'dataset_consumes_1', 'consume_1_and_2_with_dataset_expressions', 'dataset_produces_2', 'dataset_consumes_1_and_2', 'conditional_dataset_and_time_based_timetable', 'dataset_consumes_1_never_scheduled', 'dataset_produces_1', 'consume_1_or_both_2_and_3_with_dataset_expressions', 'consume_1_or_2_with_dataset_expressions' retrieved from /home/airflow/.local/lib/python3.12/site-packages/airflow/example_dags/example_datasets.py
[2024-12-20T04:38:16.920+0000] {logging_mixin.py:188} INFO - [2024-12-20T04:38:16.908+0000] {dag.py:3089} INFO - Sync 10 DAGs
[2024-12-20T04:38:17.056+0000] {logging_mixin.py:188} INFO - [2024-12-20T04:38:17.054+0000] {dag.py:3947} INFO - Setting next_dagrun for conditional_dataset_and_time_based_timetable to 2024-12-18 01:00:00+00:00, run_after=2024-12-18 01:00:00+00:00
[2024-12-20T04:38:17.064+0000] {logging_mixin.py:188} INFO - [2024-12-20T04:38:17.063+0000] {dag.py:3947} INFO - Setting next_dagrun for consume_1_and_2_with_dataset_expressions to None, run_after=None
[2024-12-20T04:38:17.080+0000] {logging_mixin.py:188} INFO - [2024-12-20T04:38:17.079+0000] {dag.py:3947} INFO - Setting next_dagrun for consume_1_or_2_with_dataset_expressions to None, run_after=None
[2024-12-20T04:38:17.084+0000] {logging_mixin.py:188} INFO - [2024-12-20T04:38:17.084+0000] {dag.py:3947} INFO - Setting next_dagrun for consume_1_or_both_2_and_3_with_dataset_expressions to None, run_after=None
[2024-12-20T04:38:17.099+0000] {logging_mixin.py:188} INFO - [2024-12-20T04:38:17.098+0000] {dag.py:3947} INFO - Setting next_dagrun for dataset_consumes_1 to None, run_after=None
[2024-12-20T04:38:17.123+0000] {logging_mixin.py:188} INFO - [2024-12-20T04:38:17.123+0000] {dag.py:3947} INFO - Setting next_dagrun for dataset_consumes_1_and_2 to None, run_after=None
[2024-12-20T04:38:17.128+0000] {logging_mixin.py:188} INFO - [2024-12-20T04:38:17.128+0000] {dag.py:3947} INFO - Setting next_dagrun for dataset_consumes_1_never_scheduled to None, run_after=None
[2024-12-20T04:38:17.140+0000] {logging_mixin.py:188} INFO - [2024-12-20T04:38:17.139+0000] {dag.py:3947} INFO - Setting next_dagrun for dataset_consumes_unknown_never_scheduled to None, run_after=None
[2024-12-20T04:38:17.144+0000] {logging_mixin.py:188} INFO - [2024-12-20T04:38:17.144+0000] {dag.py:3947} INFO - Setting next_dagrun for dataset_produces_1 to 2024-12-19 00:00:00+00:00, run_after=2024-12-20 00:00:00+00:00
[2024-12-20T04:38:17.147+0000] {logging_mixin.py:188} INFO - [2024-12-20T04:38:17.147+0000] {dag.py:3947} INFO - Setting next_dagrun for dataset_produces_2 to None, run_after=None
[2024-12-20T04:38:17.512+0000] {processor.py:183} INFO - Processing /home/airflow/.local/lib/python3.12/site-packages/airflow/example_dags/example_datasets.py took 2.162 seconds
[2024-12-20T04:38:54.000+0000] {processor.py:161} INFO - Started process (PID=654) to work on /home/airflow/.local/lib/python3.12/site-packages/airflow/example_dags/example_datasets.py
[2024-12-20T04:38:54.001+0000] {processor.py:830} INFO - Processing file /home/airflow/.local/lib/python3.12/site-packages/airflow/example_dags/example_datasets.py for tasks to queue
[2024-12-20T04:38:54.003+0000] {logging_mixin.py:188} INFO - [2024-12-20T04:38:54.002+0000] {dagbag.py:545} INFO - Filling up the DagBag from /home/airflow/.local/lib/python3.12/site-packages/airflow/example_dags/example_datasets.py
[2024-12-20T04:38:54.026+0000] {processor.py:840} INFO - DAG(s) 'dataset_produces_1', 'dataset_produces_2', 'consume_1_or_both_2_and_3_with_dataset_expressions', 'conditional_dataset_and_time_based_timetable', 'dataset_consumes_1_never_scheduled', 'dataset_consumes_1_and_2', 'dataset_consumes_1', 'consume_1_and_2_with_dataset_expressions', 'dataset_consumes_unknown_never_scheduled', 'consume_1_or_2_with_dataset_expressions' retrieved from /home/airflow/.local/lib/python3.12/site-packages/airflow/example_dags/example_datasets.py
[2024-12-20T04:38:54.062+0000] {logging_mixin.py:188} INFO - [2024-12-20T04:38:54.062+0000] {dag.py:3089} INFO - Sync 10 DAGs
[2024-12-20T04:38:54.079+0000] {logging_mixin.py:188} INFO - [2024-12-20T04:38:54.079+0000] {dag.py:3947} INFO - Setting next_dagrun for conditional_dataset_and_time_based_timetable to 2024-12-18 01:00:00+00:00, run_after=2024-12-18 01:00:00+00:00
[2024-12-20T04:38:54.082+0000] {logging_mixin.py:188} INFO - [2024-12-20T04:38:54.082+0000] {dag.py:3947} INFO - Setting next_dagrun for consume_1_and_2_with_dataset_expressions to None, run_after=None
[2024-12-20T04:38:54.083+0000] {logging_mixin.py:188} INFO - [2024-12-20T04:38:54.083+0000] {dag.py:3947} INFO - Setting next_dagrun for consume_1_or_2_with_dataset_expressions to None, run_after=None
[2024-12-20T04:38:54.083+0000] {logging_mixin.py:188} INFO - [2024-12-20T04:38:54.083+0000] {dag.py:3947} INFO - Setting next_dagrun for consume_1_or_both_2_and_3_with_dataset_expressions to None, run_after=None
[2024-12-20T04:38:54.084+0000] {logging_mixin.py:188} INFO - [2024-12-20T04:38:54.084+0000] {dag.py:3947} INFO - Setting next_dagrun for dataset_consumes_1 to None, run_after=None
[2024-12-20T04:38:54.084+0000] {logging_mixin.py:188} INFO - [2024-12-20T04:38:54.084+0000] {dag.py:3947} INFO - Setting next_dagrun for dataset_consumes_1_and_2 to None, run_after=None
[2024-12-20T04:38:54.085+0000] {logging_mixin.py:188} INFO - [2024-12-20T04:38:54.085+0000] {dag.py:3947} INFO - Setting next_dagrun for dataset_consumes_1_never_scheduled to None, run_after=None
[2024-12-20T04:38:54.086+0000] {logging_mixin.py:188} INFO - [2024-12-20T04:38:54.086+0000] {dag.py:3947} INFO - Setting next_dagrun for dataset_consumes_unknown_never_scheduled to None, run_after=None
[2024-12-20T04:38:54.087+0000] {logging_mixin.py:188} INFO - [2024-12-20T04:38:54.087+0000] {dag.py:3947} INFO - Setting next_dagrun for dataset_produces_1 to 2024-12-19 00:00:00+00:00, run_after=2024-12-20 00:00:00+00:00
[2024-12-20T04:38:54.087+0000] {logging_mixin.py:188} INFO - [2024-12-20T04:38:54.087+0000] {dag.py:3947} INFO - Setting next_dagrun for dataset_produces_2 to None, run_after=None
[2024-12-20T04:38:54.105+0000] {processor.py:183} INFO - Processing /home/airflow/.local/lib/python3.12/site-packages/airflow/example_dags/example_datasets.py took 0.111 seconds
[2024-12-20T04:39:24.419+0000] {processor.py:161} INFO - Started process (PID=929) to work on /home/airflow/.local/lib/python3.12/site-packages/airflow/example_dags/example_datasets.py
[2024-12-20T04:39:24.420+0000] {processor.py:830} INFO - Processing file /home/airflow/.local/lib/python3.12/site-packages/airflow/example_dags/example_datasets.py for tasks to queue
[2024-12-20T04:39:24.422+0000] {logging_mixin.py:188} INFO - [2024-12-20T04:39:24.421+0000] {dagbag.py:545} INFO - Filling up the DagBag from /home/airflow/.local/lib/python3.12/site-packages/airflow/example_dags/example_datasets.py
[2024-12-20T04:39:24.432+0000] {processor.py:840} INFO - DAG(s) 'dataset_consumes_unknown_never_scheduled', 'dataset_consumes_1', 'consume_1_or_2_with_dataset_expressions', 'dataset_produces_1', 'consume_1_and_2_with_dataset_expressions', 'dataset_consumes_1_and_2', 'dataset_consumes_1_never_scheduled', 'conditional_dataset_and_time_based_timetable', 'consume_1_or_both_2_and_3_with_dataset_expressions', 'dataset_produces_2' retrieved from /home/airflow/.local/lib/python3.12/site-packages/airflow/example_dags/example_datasets.py
[2024-12-20T04:39:24.463+0000] {logging_mixin.py:188} INFO - [2024-12-20T04:39:24.463+0000] {dag.py:3089} INFO - Sync 10 DAGs
[2024-12-20T04:39:24.487+0000] {logging_mixin.py:188} INFO - [2024-12-20T04:39:24.487+0000] {dag.py:3947} INFO - Setting next_dagrun for conditional_dataset_and_time_based_timetable to 2024-12-18 01:00:00+00:00, run_after=2024-12-18 01:00:00+00:00
[2024-12-20T04:39:24.491+0000] {logging_mixin.py:188} INFO - [2024-12-20T04:39:24.490+0000] {dag.py:3947} INFO - Setting next_dagrun for consume_1_and_2_with_dataset_expressions to None, run_after=None
[2024-12-20T04:39:24.492+0000] {logging_mixin.py:188} INFO - [2024-12-20T04:39:24.492+0000] {dag.py:3947} INFO - Setting next_dagrun for consume_1_or_2_with_dataset_expressions to None, run_after=None
[2024-12-20T04:39:24.493+0000] {logging_mixin.py:188} INFO - [2024-12-20T04:39:24.492+0000] {dag.py:3947} INFO - Setting next_dagrun for consume_1_or_both_2_and_3_with_dataset_expressions to None, run_after=None
[2024-12-20T04:39:24.494+0000] {logging_mixin.py:188} INFO - [2024-12-20T04:39:24.494+0000] {dag.py:3947} INFO - Setting next_dagrun for dataset_consumes_1 to None, run_after=None
[2024-12-20T04:39:24.494+0000] {logging_mixin.py:188} INFO - [2024-12-20T04:39:24.494+0000] {dag.py:3947} INFO - Setting next_dagrun for dataset_consumes_1_and_2 to None, run_after=None
[2024-12-20T04:39:24.495+0000] {logging_mixin.py:188} INFO - [2024-12-20T04:39:24.495+0000] {dag.py:3947} INFO - Setting next_dagrun for dataset_consumes_1_never_scheduled to None, run_after=None
[2024-12-20T04:39:24.496+0000] {logging_mixin.py:188} INFO - [2024-12-20T04:39:24.496+0000] {dag.py:3947} INFO - Setting next_dagrun for dataset_consumes_unknown_never_scheduled to None, run_after=None
[2024-12-20T04:39:24.497+0000] {logging_mixin.py:188} INFO - [2024-12-20T04:39:24.497+0000] {dag.py:3947} INFO - Setting next_dagrun for dataset_produces_1 to 2024-12-19 00:00:00+00:00, run_after=2024-12-20 00:00:00+00:00
[2024-12-20T04:39:24.498+0000] {logging_mixin.py:188} INFO - [2024-12-20T04:39:24.498+0000] {dag.py:3947} INFO - Setting next_dagrun for dataset_produces_2 to None, run_after=None
[2024-12-20T04:39:24.521+0000] {processor.py:183} INFO - Processing /home/airflow/.local/lib/python3.12/site-packages/airflow/example_dags/example_datasets.py took 0.106 seconds
[2024-12-20T04:39:54.547+0000] {processor.py:161} INFO - Started process (PID=1206) to work on /home/airflow/.local/lib/python3.12/site-packages/airflow/example_dags/example_datasets.py
[2024-12-20T04:39:54.548+0000] {processor.py:830} INFO - Processing file /home/airflow/.local/lib/python3.12/site-packages/airflow/example_dags/example_datasets.py for tasks to queue
[2024-12-20T04:39:54.549+0000] {logging_mixin.py:188} INFO - [2024-12-20T04:39:54.549+0000] {dagbag.py:545} INFO - Filling up the DagBag from /home/airflow/.local/lib/python3.12/site-packages/airflow/example_dags/example_datasets.py
[2024-12-20T04:39:54.558+0000] {processor.py:840} INFO - DAG(s) 'consume_1_or_2_with_dataset_expressions', 'conditional_dataset_and_time_based_timetable', 'consume_1_or_both_2_and_3_with_dataset_expressions', 'dataset_consumes_1_never_scheduled', 'dataset_consumes_1_and_2', 'consume_1_and_2_with_dataset_expressions', 'dataset_produces_1', 'dataset_produces_2', 'dataset_consumes_unknown_never_scheduled', 'dataset_consumes_1' retrieved from /home/airflow/.local/lib/python3.12/site-packages/airflow/example_dags/example_datasets.py
[2024-12-20T04:39:54.580+0000] {logging_mixin.py:188} INFO - [2024-12-20T04:39:54.580+0000] {dag.py:3089} INFO - Sync 10 DAGs
[2024-12-20T04:39:54.592+0000] {logging_mixin.py:188} INFO - [2024-12-20T04:39:54.592+0000] {dag.py:3947} INFO - Setting next_dagrun for conditional_dataset_and_time_based_timetable to 2024-12-18 01:00:00+00:00, run_after=2024-12-18 01:00:00+00:00
[2024-12-20T04:39:54.594+0000] {logging_mixin.py:188} INFO - [2024-12-20T04:39:54.594+0000] {dag.py:3947} INFO - Setting next_dagrun for consume_1_and_2_with_dataset_expressions to None, run_after=None
[2024-12-20T04:39:54.595+0000] {logging_mixin.py:188} INFO - [2024-12-20T04:39:54.595+0000] {dag.py:3947} INFO - Setting next_dagrun for consume_1_or_2_with_dataset_expressions to None, run_after=None
[2024-12-20T04:39:54.595+0000] {logging_mixin.py:188} INFO - [2024-12-20T04:39:54.595+0000] {dag.py:3947} INFO - Setting next_dagrun for consume_1_or_both_2_and_3_with_dataset_expressions to None, run_after=None
[2024-12-20T04:39:54.596+0000] {logging_mixin.py:188} INFO - [2024-12-20T04:39:54.596+0000] {dag.py:3947} INFO - Setting next_dagrun for dataset_consumes_1 to None, run_after=None
[2024-12-20T04:39:54.597+0000] {logging_mixin.py:188} INFO - [2024-12-20T04:39:54.597+0000] {dag.py:3947} INFO - Setting next_dagrun for dataset_consumes_1_and_2 to None, run_after=None
[2024-12-20T04:39:54.597+0000] {logging_mixin.py:188} INFO - [2024-12-20T04:39:54.597+0000] {dag.py:3947} INFO - Setting next_dagrun for dataset_consumes_1_never_scheduled to None, run_after=None
[2024-12-20T04:39:54.598+0000] {logging_mixin.py:188} INFO - [2024-12-20T04:39:54.598+0000] {dag.py:3947} INFO - Setting next_dagrun for dataset_consumes_unknown_never_scheduled to None, run_after=None
[2024-12-20T04:39:54.599+0000] {logging_mixin.py:188} INFO - [2024-12-20T04:39:54.599+0000] {dag.py:3947} INFO - Setting next_dagrun for dataset_produces_1 to 2024-12-19 00:00:00+00:00, run_after=2024-12-20 00:00:00+00:00
[2024-12-20T04:39:54.600+0000] {logging_mixin.py:188} INFO - [2024-12-20T04:39:54.600+0000] {dag.py:3947} INFO - Setting next_dagrun for dataset_produces_2 to None, run_after=None
[2024-12-20T04:39:54.621+0000] {processor.py:183} INFO - Processing /home/airflow/.local/lib/python3.12/site-packages/airflow/example_dags/example_datasets.py took 0.079 seconds
[2024-12-20T04:40:44.687+0000] {processor.py:161} INFO - Started process (PID=1517) to work on /home/airflow/.local/lib/python3.12/site-packages/airflow/example_dags/example_datasets.py
[2024-12-20T04:40:44.715+0000] {processor.py:830} INFO - Processing file /home/airflow/.local/lib/python3.12/site-packages/airflow/example_dags/example_datasets.py for tasks to queue
[2024-12-20T04:40:44.753+0000] {logging_mixin.py:188} INFO - [2024-12-20T04:40:44.741+0000] {dagbag.py:545} INFO - Filling up the DagBag from /home/airflow/.local/lib/python3.12/site-packages/airflow/example_dags/example_datasets.py
[2024-12-20T04:40:44.928+0000] {processor.py:840} INFO - DAG(s) 'dataset_consumes_1_never_scheduled', 'dataset_consumes_1', 'dataset_produces_1', 'consume_1_and_2_with_dataset_expressions', 'conditional_dataset_and_time_based_timetable', 'consume_1_or_2_with_dataset_expressions', 'dataset_consumes_unknown_never_scheduled', 'dataset_consumes_1_and_2', 'dataset_produces_2', 'consume_1_or_both_2_and_3_with_dataset_expressions' retrieved from /home/airflow/.local/lib/python3.12/site-packages/airflow/example_dags/example_datasets.py
[2024-12-20T04:40:46.082+0000] {logging_mixin.py:188} INFO - [2024-12-20T04:40:46.042+0000] {dag.py:3089} INFO - Sync 10 DAGs
[2024-12-20T04:40:46.396+0000] {logging_mixin.py:188} INFO - [2024-12-20T04:40:46.395+0000] {dag.py:3947} INFO - Setting next_dagrun for conditional_dataset_and_time_based_timetable to 2024-12-18 01:00:00+00:00, run_after=2024-12-18 01:00:00+00:00
[2024-12-20T04:40:46.407+0000] {logging_mixin.py:188} INFO - [2024-12-20T04:40:46.407+0000] {dag.py:3947} INFO - Setting next_dagrun for consume_1_and_2_with_dataset_expressions to None, run_after=None
[2024-12-20T04:40:46.429+0000] {logging_mixin.py:188} INFO - [2024-12-20T04:40:46.428+0000] {dag.py:3947} INFO - Setting next_dagrun for consume_1_or_2_with_dataset_expressions to None, run_after=None
[2024-12-20T04:40:46.486+0000] {logging_mixin.py:188} INFO - [2024-12-20T04:40:46.475+0000] {dag.py:3947} INFO - Setting next_dagrun for consume_1_or_both_2_and_3_with_dataset_expressions to None, run_after=None
[2024-12-20T04:40:46.497+0000] {logging_mixin.py:188} INFO - [2024-12-20T04:40:46.495+0000] {dag.py:3947} INFO - Setting next_dagrun for dataset_consumes_1 to None, run_after=None
[2024-12-20T04:40:46.505+0000] {logging_mixin.py:188} INFO - [2024-12-20T04:40:46.505+0000] {dag.py:3947} INFO - Setting next_dagrun for dataset_consumes_1_and_2 to None, run_after=None
[2024-12-20T04:40:46.509+0000] {logging_mixin.py:188} INFO - [2024-12-20T04:40:46.509+0000] {dag.py:3947} INFO - Setting next_dagrun for dataset_consumes_1_never_scheduled to None, run_after=None
[2024-12-20T04:40:46.524+0000] {logging_mixin.py:188} INFO - [2024-12-20T04:40:46.524+0000] {dag.py:3947} INFO - Setting next_dagrun for dataset_consumes_unknown_never_scheduled to None, run_after=None
[2024-12-20T04:40:46.530+0000] {logging_mixin.py:188} INFO - [2024-12-20T04:40:46.529+0000] {dag.py:3947} INFO - Setting next_dagrun for dataset_produces_1 to 2024-12-19 00:00:00+00:00, run_after=2024-12-20 00:00:00+00:00
[2024-12-20T04:40:46.539+0000] {logging_mixin.py:188} INFO - [2024-12-20T04:40:46.538+0000] {dag.py:3947} INFO - Setting next_dagrun for dataset_produces_2 to None, run_after=None
[2024-12-20T04:40:46.758+0000] {processor.py:183} INFO - Processing /home/airflow/.local/lib/python3.12/site-packages/airflow/example_dags/example_datasets.py took 2.197 seconds
[2024-12-20T04:42:05.162+0000] {processor.py:161} INFO - Started process (PID=1817) to work on /home/airflow/.local/lib/python3.12/site-packages/airflow/example_dags/example_datasets.py
[2024-12-20T04:42:05.165+0000] {processor.py:830} INFO - Processing file /home/airflow/.local/lib/python3.12/site-packages/airflow/example_dags/example_datasets.py for tasks to queue
[2024-12-20T04:42:05.178+0000] {logging_mixin.py:188} INFO - [2024-12-20T04:42:05.174+0000] {dagbag.py:545} INFO - Filling up the DagBag from /home/airflow/.local/lib/python3.12/site-packages/airflow/example_dags/example_datasets.py
[2024-12-20T04:42:05.305+0000] {processor.py:840} INFO - DAG(s) 'dataset_consumes_1_and_2', 'dataset_produces_2', 'dataset_consumes_unknown_never_scheduled', 'consume_1_and_2_with_dataset_expressions', 'conditional_dataset_and_time_based_timetable', 'dataset_produces_1', 'dataset_consumes_1', 'consume_1_or_both_2_and_3_with_dataset_expressions', 'consume_1_or_2_with_dataset_expressions', 'dataset_consumes_1_never_scheduled' retrieved from /home/airflow/.local/lib/python3.12/site-packages/airflow/example_dags/example_datasets.py
[2024-12-20T04:42:05.440+0000] {logging_mixin.py:188} INFO - [2024-12-20T04:42:05.440+0000] {dag.py:3089} INFO - Sync 10 DAGs
[2024-12-20T04:42:05.475+0000] {logging_mixin.py:188} INFO - [2024-12-20T04:42:05.475+0000] {dag.py:3947} INFO - Setting next_dagrun for conditional_dataset_and_time_based_timetable to 2024-12-18 01:00:00+00:00, run_after=2024-12-18 01:00:00+00:00
[2024-12-20T04:42:05.480+0000] {logging_mixin.py:188} INFO - [2024-12-20T04:42:05.480+0000] {dag.py:3947} INFO - Setting next_dagrun for consume_1_and_2_with_dataset_expressions to None, run_after=None
[2024-12-20T04:42:05.481+0000] {logging_mixin.py:188} INFO - [2024-12-20T04:42:05.481+0000] {dag.py:3947} INFO - Setting next_dagrun for consume_1_or_2_with_dataset_expressions to None, run_after=None
[2024-12-20T04:42:05.482+0000] {logging_mixin.py:188} INFO - [2024-12-20T04:42:05.482+0000] {dag.py:3947} INFO - Setting next_dagrun for consume_1_or_both_2_and_3_with_dataset_expressions to None, run_after=None
[2024-12-20T04:42:05.483+0000] {logging_mixin.py:188} INFO - [2024-12-20T04:42:05.483+0000] {dag.py:3947} INFO - Setting next_dagrun for dataset_consumes_1 to None, run_after=None
[2024-12-20T04:42:05.484+0000] {logging_mixin.py:188} INFO - [2024-12-20T04:42:05.484+0000] {dag.py:3947} INFO - Setting next_dagrun for dataset_consumes_1_and_2 to None, run_after=None
[2024-12-20T04:42:05.485+0000] {logging_mixin.py:188} INFO - [2024-12-20T04:42:05.485+0000] {dag.py:3947} INFO - Setting next_dagrun for dataset_consumes_1_never_scheduled to None, run_after=None
[2024-12-20T04:42:05.486+0000] {logging_mixin.py:188} INFO - [2024-12-20T04:42:05.486+0000] {dag.py:3947} INFO - Setting next_dagrun for dataset_consumes_unknown_never_scheduled to None, run_after=None
[2024-12-20T04:42:05.491+0000] {logging_mixin.py:188} INFO - [2024-12-20T04:42:05.491+0000] {dag.py:3947} INFO - Setting next_dagrun for dataset_produces_1 to 2024-12-19 00:00:00+00:00, run_after=2024-12-20 00:00:00+00:00
[2024-12-20T04:42:05.493+0000] {logging_mixin.py:188} INFO - [2024-12-20T04:42:05.493+0000] {dag.py:3947} INFO - Setting next_dagrun for dataset_produces_2 to None, run_after=None
[2024-12-20T04:42:05.556+0000] {processor.py:183} INFO - Processing /home/airflow/.local/lib/python3.12/site-packages/airflow/example_dags/example_datasets.py took 0.408 seconds
[2024-12-20T04:42:54.456+0000] {processor.py:161} INFO - Started process (PID=2153) to work on /home/airflow/.local/lib/python3.12/site-packages/airflow/example_dags/example_datasets.py
[2024-12-20T04:42:54.459+0000] {processor.py:830} INFO - Processing file /home/airflow/.local/lib/python3.12/site-packages/airflow/example_dags/example_datasets.py for tasks to queue
[2024-12-20T04:42:54.465+0000] {logging_mixin.py:188} INFO - [2024-12-20T04:42:54.464+0000] {dagbag.py:545} INFO - Filling up the DagBag from /home/airflow/.local/lib/python3.12/site-packages/airflow/example_dags/example_datasets.py
[2024-12-20T04:42:54.616+0000] {processor.py:840} INFO - DAG(s) 'dataset_produces_2', 'consume_1_and_2_with_dataset_expressions', 'dataset_consumes_1', 'consume_1_or_2_with_dataset_expressions', 'dataset_produces_1', 'dataset_consumes_unknown_never_scheduled', 'dataset_consumes_1_and_2', 'conditional_dataset_and_time_based_timetable', 'consume_1_or_both_2_and_3_with_dataset_expressions', 'dataset_consumes_1_never_scheduled' retrieved from /home/airflow/.local/lib/python3.12/site-packages/airflow/example_dags/example_datasets.py
[2024-12-20T04:42:54.836+0000] {logging_mixin.py:188} INFO - [2024-12-20T04:42:54.835+0000] {dag.py:3089} INFO - Sync 10 DAGs
[2024-12-20T04:42:54.974+0000] {logging_mixin.py:188} INFO - [2024-12-20T04:42:54.974+0000] {dag.py:3947} INFO - Setting next_dagrun for conditional_dataset_and_time_based_timetable to 2024-12-18 01:00:00+00:00, run_after=2024-12-18 01:00:00+00:00
[2024-12-20T04:42:54.978+0000] {logging_mixin.py:188} INFO - [2024-12-20T04:42:54.978+0000] {dag.py:3947} INFO - Setting next_dagrun for consume_1_and_2_with_dataset_expressions to None, run_after=None
[2024-12-20T04:42:54.981+0000] {logging_mixin.py:188} INFO - [2024-12-20T04:42:54.980+0000] {dag.py:3947} INFO - Setting next_dagrun for consume_1_or_2_with_dataset_expressions to None, run_after=None
[2024-12-20T04:42:54.982+0000] {logging_mixin.py:188} INFO - [2024-12-20T04:42:54.982+0000] {dag.py:3947} INFO - Setting next_dagrun for consume_1_or_both_2_and_3_with_dataset_expressions to None, run_after=None
[2024-12-20T04:42:54.984+0000] {logging_mixin.py:188} INFO - [2024-12-20T04:42:54.984+0000] {dag.py:3947} INFO - Setting next_dagrun for dataset_consumes_1 to None, run_after=None
[2024-12-20T04:42:54.986+0000] {logging_mixin.py:188} INFO - [2024-12-20T04:42:54.986+0000] {dag.py:3947} INFO - Setting next_dagrun for dataset_consumes_1_and_2 to None, run_after=None
[2024-12-20T04:42:54.987+0000] {logging_mixin.py:188} INFO - [2024-12-20T04:42:54.987+0000] {dag.py:3947} INFO - Setting next_dagrun for dataset_consumes_1_never_scheduled to None, run_after=None
[2024-12-20T04:42:54.989+0000] {logging_mixin.py:188} INFO - [2024-12-20T04:42:54.989+0000] {dag.py:3947} INFO - Setting next_dagrun for dataset_consumes_unknown_never_scheduled to None, run_after=None
[2024-12-20T04:42:54.993+0000] {logging_mixin.py:188} INFO - [2024-12-20T04:42:54.992+0000] {dag.py:3947} INFO - Setting next_dagrun for dataset_produces_1 to 2024-12-19 00:00:00+00:00, run_after=2024-12-20 00:00:00+00:00
[2024-12-20T04:42:54.995+0000] {logging_mixin.py:188} INFO - [2024-12-20T04:42:54.994+0000] {dag.py:3947} INFO - Setting next_dagrun for dataset_produces_2 to None, run_after=None
[2024-12-20T04:42:55.351+0000] {processor.py:183} INFO - Processing /home/airflow/.local/lib/python3.12/site-packages/airflow/example_dags/example_datasets.py took 0.947 seconds
[2024-12-20T04:43:29.860+0000] {processor.py:161} INFO - Started process (PID=2474) to work on /home/airflow/.local/lib/python3.12/site-packages/airflow/example_dags/example_datasets.py
[2024-12-20T04:43:29.917+0000] {processor.py:830} INFO - Processing file /home/airflow/.local/lib/python3.12/site-packages/airflow/example_dags/example_datasets.py for tasks to queue
[2024-12-20T04:43:29.950+0000] {logging_mixin.py:188} INFO - [2024-12-20T04:43:29.949+0000] {dagbag.py:545} INFO - Filling up the DagBag from /home/airflow/.local/lib/python3.12/site-packages/airflow/example_dags/example_datasets.py
[2024-12-20T04:43:30.218+0000] {processor.py:840} INFO - DAG(s) 'dataset_consumes_1_never_scheduled', 'dataset_consumes_unknown_never_scheduled', 'dataset_consumes_1', 'dataset_produces_1', 'consume_1_and_2_with_dataset_expressions', 'consume_1_or_both_2_and_3_with_dataset_expressions', 'consume_1_or_2_with_dataset_expressions', 'conditional_dataset_and_time_based_timetable', 'dataset_consumes_1_and_2', 'dataset_produces_2' retrieved from /home/airflow/.local/lib/python3.12/site-packages/airflow/example_dags/example_datasets.py
[2024-12-20T04:43:30.451+0000] {logging_mixin.py:188} INFO - [2024-12-20T04:43:30.451+0000] {dag.py:3089} INFO - Sync 10 DAGs
[2024-12-20T04:43:30.663+0000] {logging_mixin.py:188} INFO - [2024-12-20T04:43:30.659+0000] {dag.py:3947} INFO - Setting next_dagrun for conditional_dataset_and_time_based_timetable to 2024-12-18 01:00:00+00:00, run_after=2024-12-18 01:00:00+00:00
[2024-12-20T04:43:30.686+0000] {logging_mixin.py:188} INFO - [2024-12-20T04:43:30.684+0000] {dag.py:3947} INFO - Setting next_dagrun for consume_1_and_2_with_dataset_expressions to None, run_after=None
[2024-12-20T04:43:30.688+0000] {logging_mixin.py:188} INFO - [2024-12-20T04:43:30.688+0000] {dag.py:3947} INFO - Setting next_dagrun for consume_1_or_2_with_dataset_expressions to None, run_after=None
[2024-12-20T04:43:30.697+0000] {logging_mixin.py:188} INFO - [2024-12-20T04:43:30.696+0000] {dag.py:3947} INFO - Setting next_dagrun for consume_1_or_both_2_and_3_with_dataset_expressions to None, run_after=None
[2024-12-20T04:43:30.750+0000] {logging_mixin.py:188} INFO - [2024-12-20T04:43:30.748+0000] {dag.py:3947} INFO - Setting next_dagrun for dataset_consumes_1 to None, run_after=None
[2024-12-20T04:43:30.756+0000] {logging_mixin.py:188} INFO - [2024-12-20T04:43:30.756+0000] {dag.py:3947} INFO - Setting next_dagrun for dataset_consumes_1_and_2 to None, run_after=None
[2024-12-20T04:43:30.760+0000] {logging_mixin.py:188} INFO - [2024-12-20T04:43:30.759+0000] {dag.py:3947} INFO - Setting next_dagrun for dataset_consumes_1_never_scheduled to None, run_after=None
[2024-12-20T04:43:30.767+0000] {logging_mixin.py:188} INFO - [2024-12-20T04:43:30.766+0000] {dag.py:3947} INFO - Setting next_dagrun for dataset_consumes_unknown_never_scheduled to None, run_after=None
[2024-12-20T04:43:30.777+0000] {logging_mixin.py:188} INFO - [2024-12-20T04:43:30.777+0000] {dag.py:3947} INFO - Setting next_dagrun for dataset_produces_1 to 2024-12-19 00:00:00+00:00, run_after=2024-12-20 00:00:00+00:00
[2024-12-20T04:43:30.786+0000] {logging_mixin.py:188} INFO - [2024-12-20T04:43:30.786+0000] {dag.py:3947} INFO - Setting next_dagrun for dataset_produces_2 to None, run_after=None
[2024-12-20T04:43:30.961+0000] {processor.py:183} INFO - Processing /home/airflow/.local/lib/python3.12/site-packages/airflow/example_dags/example_datasets.py took 1.333 seconds
[2024-12-20T04:44:39.562+0000] {processor.py:161} INFO - Started process (PID=2723) to work on /home/airflow/.local/lib/python3.12/site-packages/airflow/example_dags/example_datasets.py
[2024-12-20T04:44:39.567+0000] {processor.py:830} INFO - Processing file /home/airflow/.local/lib/python3.12/site-packages/airflow/example_dags/example_datasets.py for tasks to queue
[2024-12-20T04:44:39.588+0000] {logging_mixin.py:188} INFO - [2024-12-20T04:44:39.582+0000] {dagbag.py:545} INFO - Filling up the DagBag from /home/airflow/.local/lib/python3.12/site-packages/airflow/example_dags/example_datasets.py
[2024-12-20T04:44:39.945+0000] {processor.py:840} INFO - DAG(s) 'consume_1_or_2_with_dataset_expressions', 'dataset_consumes_1_and_2', 'dataset_consumes_1', 'dataset_produces_2', 'conditional_dataset_and_time_based_timetable', 'consume_1_and_2_with_dataset_expressions', 'dataset_consumes_unknown_never_scheduled', 'consume_1_or_both_2_and_3_with_dataset_expressions', 'dataset_produces_1', 'dataset_consumes_1_never_scheduled' retrieved from /home/airflow/.local/lib/python3.12/site-packages/airflow/example_dags/example_datasets.py
[2024-12-20T04:44:40.364+0000] {logging_mixin.py:188} INFO - [2024-12-20T04:44:40.357+0000] {dag.py:3089} INFO - Sync 10 DAGs
[2024-12-20T04:44:40.698+0000] {logging_mixin.py:188} INFO - [2024-12-20T04:44:40.696+0000] {dag.py:3947} INFO - Setting next_dagrun for conditional_dataset_and_time_based_timetable to 2024-12-18 01:00:00+00:00, run_after=2024-12-18 01:00:00+00:00
[2024-12-20T04:44:40.748+0000] {logging_mixin.py:188} INFO - [2024-12-20T04:44:40.748+0000] {dag.py:3947} INFO - Setting next_dagrun for consume_1_and_2_with_dataset_expressions to None, run_after=None
[2024-12-20T04:44:40.760+0000] {logging_mixin.py:188} INFO - [2024-12-20T04:44:40.751+0000] {dag.py:3947} INFO - Setting next_dagrun for consume_1_or_2_with_dataset_expressions to None, run_after=None
[2024-12-20T04:44:40.768+0000] {logging_mixin.py:188} INFO - [2024-12-20T04:44:40.764+0000] {dag.py:3947} INFO - Setting next_dagrun for consume_1_or_both_2_and_3_with_dataset_expressions to None, run_after=None
[2024-12-20T04:44:40.777+0000] {logging_mixin.py:188} INFO - [2024-12-20T04:44:40.777+0000] {dag.py:3947} INFO - Setting next_dagrun for dataset_consumes_1 to None, run_after=None
[2024-12-20T04:44:40.783+0000] {logging_mixin.py:188} INFO - [2024-12-20T04:44:40.782+0000] {dag.py:3947} INFO - Setting next_dagrun for dataset_consumes_1_and_2 to None, run_after=None
[2024-12-20T04:44:40.797+0000] {logging_mixin.py:188} INFO - [2024-12-20T04:44:40.793+0000] {dag.py:3947} INFO - Setting next_dagrun for dataset_consumes_1_never_scheduled to None, run_after=None
[2024-12-20T04:44:40.809+0000] {logging_mixin.py:188} INFO - [2024-12-20T04:44:40.808+0000] {dag.py:3947} INFO - Setting next_dagrun for dataset_consumes_unknown_never_scheduled to None, run_after=None
[2024-12-20T04:44:40.813+0000] {logging_mixin.py:188} INFO - [2024-12-20T04:44:40.813+0000] {dag.py:3947} INFO - Setting next_dagrun for dataset_produces_1 to 2024-12-19 00:00:00+00:00, run_after=2024-12-20 00:00:00+00:00
[2024-12-20T04:44:40.821+0000] {logging_mixin.py:188} INFO - [2024-12-20T04:44:40.820+0000] {dag.py:3947} INFO - Setting next_dagrun for dataset_produces_2 to None, run_after=None
[2024-12-20T04:44:41.455+0000] {processor.py:183} INFO - Processing /home/airflow/.local/lib/python3.12/site-packages/airflow/example_dags/example_datasets.py took 1.989 seconds
[2024-12-20T04:45:56.589+0000] {processor.py:161} INFO - Started process (PID=3052) to work on /home/airflow/.local/lib/python3.12/site-packages/airflow/example_dags/example_datasets.py
[2024-12-20T04:45:56.592+0000] {processor.py:830} INFO - Processing file /home/airflow/.local/lib/python3.12/site-packages/airflow/example_dags/example_datasets.py for tasks to queue
[2024-12-20T04:45:56.596+0000] {logging_mixin.py:188} INFO - [2024-12-20T04:45:56.595+0000] {dagbag.py:545} INFO - Filling up the DagBag from /home/airflow/.local/lib/python3.12/site-packages/airflow/example_dags/example_datasets.py
[2024-12-20T04:45:56.673+0000] {processor.py:840} INFO - DAG(s) 'dataset_produces_1', 'consume_1_or_both_2_and_3_with_dataset_expressions', 'dataset_consumes_1_and_2', 'dataset_consumes_1', 'consume_1_or_2_with_dataset_expressions', 'dataset_consumes_1_never_scheduled', 'dataset_consumes_unknown_never_scheduled', 'consume_1_and_2_with_dataset_expressions', 'dataset_produces_2', 'conditional_dataset_and_time_based_timetable' retrieved from /home/airflow/.local/lib/python3.12/site-packages/airflow/example_dags/example_datasets.py
[2024-12-20T04:45:56.729+0000] {logging_mixin.py:188} INFO - [2024-12-20T04:45:56.728+0000] {dag.py:3089} INFO - Sync 10 DAGs
[2024-12-20T04:45:56.800+0000] {logging_mixin.py:188} INFO - [2024-12-20T04:45:56.799+0000] {dag.py:3947} INFO - Setting next_dagrun for conditional_dataset_and_time_based_timetable to 2024-12-18 01:00:00+00:00, run_after=2024-12-18 01:00:00+00:00
[2024-12-20T04:45:56.806+0000] {logging_mixin.py:188} INFO - [2024-12-20T04:45:56.805+0000] {dag.py:3947} INFO - Setting next_dagrun for consume_1_and_2_with_dataset_expressions to None, run_after=None
[2024-12-20T04:45:56.809+0000] {logging_mixin.py:188} INFO - [2024-12-20T04:45:56.808+0000] {dag.py:3947} INFO - Setting next_dagrun for consume_1_or_2_with_dataset_expressions to None, run_after=None
[2024-12-20T04:45:56.810+0000] {logging_mixin.py:188} INFO - [2024-12-20T04:45:56.810+0000] {dag.py:3947} INFO - Setting next_dagrun for consume_1_or_both_2_and_3_with_dataset_expressions to None, run_after=None
[2024-12-20T04:45:56.812+0000] {logging_mixin.py:188} INFO - [2024-12-20T04:45:56.812+0000] {dag.py:3947} INFO - Setting next_dagrun for dataset_consumes_1 to None, run_after=None
[2024-12-20T04:45:56.813+0000] {logging_mixin.py:188} INFO - [2024-12-20T04:45:56.813+0000] {dag.py:3947} INFO - Setting next_dagrun for dataset_consumes_1_and_2 to None, run_after=None
[2024-12-20T04:45:56.816+0000] {logging_mixin.py:188} INFO - [2024-12-20T04:45:56.815+0000] {dag.py:3947} INFO - Setting next_dagrun for dataset_consumes_1_never_scheduled to None, run_after=None
[2024-12-20T04:45:56.818+0000] {logging_mixin.py:188} INFO - [2024-12-20T04:45:56.818+0000] {dag.py:3947} INFO - Setting next_dagrun for dataset_consumes_unknown_never_scheduled to None, run_after=None
[2024-12-20T04:45:56.820+0000] {logging_mixin.py:188} INFO - [2024-12-20T04:45:56.820+0000] {dag.py:3947} INFO - Setting next_dagrun for dataset_produces_1 to 2024-12-19 00:00:00+00:00, run_after=2024-12-20 00:00:00+00:00
[2024-12-20T04:45:56.821+0000] {logging_mixin.py:188} INFO - [2024-12-20T04:45:56.821+0000] {dag.py:3947} INFO - Setting next_dagrun for dataset_produces_2 to None, run_after=None
[2024-12-20T04:45:56.884+0000] {processor.py:183} INFO - Processing /home/airflow/.local/lib/python3.12/site-packages/airflow/example_dags/example_datasets.py took 0.300 seconds
[2024-12-20T04:46:27.293+0000] {processor.py:161} INFO - Started process (PID=3333) to work on /home/airflow/.local/lib/python3.12/site-packages/airflow/example_dags/example_datasets.py
[2024-12-20T04:46:27.293+0000] {processor.py:830} INFO - Processing file /home/airflow/.local/lib/python3.12/site-packages/airflow/example_dags/example_datasets.py for tasks to queue
[2024-12-20T04:46:27.295+0000] {logging_mixin.py:188} INFO - [2024-12-20T04:46:27.294+0000] {dagbag.py:545} INFO - Filling up the DagBag from /home/airflow/.local/lib/python3.12/site-packages/airflow/example_dags/example_datasets.py
[2024-12-20T04:46:27.304+0000] {processor.py:840} INFO - DAG(s) 'dataset_consumes_unknown_never_scheduled', 'conditional_dataset_and_time_based_timetable', 'dataset_consumes_1_and_2', 'dataset_produces_1', 'dataset_consumes_1', 'consume_1_and_2_with_dataset_expressions', 'consume_1_or_both_2_and_3_with_dataset_expressions', 'dataset_produces_2', 'dataset_consumes_1_never_scheduled', 'consume_1_or_2_with_dataset_expressions' retrieved from /home/airflow/.local/lib/python3.12/site-packages/airflow/example_dags/example_datasets.py
[2024-12-20T04:46:27.326+0000] {logging_mixin.py:188} INFO - [2024-12-20T04:46:27.326+0000] {dag.py:3089} INFO - Sync 10 DAGs
[2024-12-20T04:46:27.339+0000] {logging_mixin.py:188} INFO - [2024-12-20T04:46:27.339+0000] {dag.py:3947} INFO - Setting next_dagrun for conditional_dataset_and_time_based_timetable to 2024-12-18 01:00:00+00:00, run_after=2024-12-18 01:00:00+00:00
[2024-12-20T04:46:27.342+0000] {logging_mixin.py:188} INFO - [2024-12-20T04:46:27.341+0000] {dag.py:3947} INFO - Setting next_dagrun for consume_1_and_2_with_dataset_expressions to None, run_after=None
[2024-12-20T04:46:27.342+0000] {logging_mixin.py:188} INFO - [2024-12-20T04:46:27.342+0000] {dag.py:3947} INFO - Setting next_dagrun for consume_1_or_2_with_dataset_expressions to None, run_after=None
[2024-12-20T04:46:27.343+0000] {logging_mixin.py:188} INFO - [2024-12-20T04:46:27.343+0000] {dag.py:3947} INFO - Setting next_dagrun for consume_1_or_both_2_and_3_with_dataset_expressions to None, run_after=None
[2024-12-20T04:46:27.343+0000] {logging_mixin.py:188} INFO - [2024-12-20T04:46:27.343+0000] {dag.py:3947} INFO - Setting next_dagrun for dataset_consumes_1 to None, run_after=None
[2024-12-20T04:46:27.344+0000] {logging_mixin.py:188} INFO - [2024-12-20T04:46:27.344+0000] {dag.py:3947} INFO - Setting next_dagrun for dataset_consumes_1_and_2 to None, run_after=None
[2024-12-20T04:46:27.344+0000] {logging_mixin.py:188} INFO - [2024-12-20T04:46:27.344+0000] {dag.py:3947} INFO - Setting next_dagrun for dataset_consumes_1_never_scheduled to None, run_after=None
[2024-12-20T04:46:27.345+0000] {logging_mixin.py:188} INFO - [2024-12-20T04:46:27.345+0000] {dag.py:3947} INFO - Setting next_dagrun for dataset_consumes_unknown_never_scheduled to None, run_after=None
[2024-12-20T04:46:27.346+0000] {logging_mixin.py:188} INFO - [2024-12-20T04:46:27.346+0000] {dag.py:3947} INFO - Setting next_dagrun for dataset_produces_1 to 2024-12-19 00:00:00+00:00, run_after=2024-12-20 00:00:00+00:00
[2024-12-20T04:46:27.347+0000] {logging_mixin.py:188} INFO - [2024-12-20T04:46:27.346+0000] {dag.py:3947} INFO - Setting next_dagrun for dataset_produces_2 to None, run_after=None
[2024-12-20T04:46:27.365+0000] {processor.py:183} INFO - Processing /home/airflow/.local/lib/python3.12/site-packages/airflow/example_dags/example_datasets.py took 0.077 seconds
[2024-12-20T04:46:57.639+0000] {processor.py:161} INFO - Started process (PID=3610) to work on /home/airflow/.local/lib/python3.12/site-packages/airflow/example_dags/example_datasets.py
[2024-12-20T04:46:57.640+0000] {processor.py:830} INFO - Processing file /home/airflow/.local/lib/python3.12/site-packages/airflow/example_dags/example_datasets.py for tasks to queue
[2024-12-20T04:46:57.641+0000] {logging_mixin.py:188} INFO - [2024-12-20T04:46:57.641+0000] {dagbag.py:545} INFO - Filling up the DagBag from /home/airflow/.local/lib/python3.12/site-packages/airflow/example_dags/example_datasets.py
[2024-12-20T04:46:57.653+0000] {processor.py:840} INFO - DAG(s) 'dataset_consumes_unknown_never_scheduled', 'dataset_consumes_1_never_scheduled', 'consume_1_and_2_with_dataset_expressions', 'dataset_produces_2', 'dataset_consumes_1_and_2', 'conditional_dataset_and_time_based_timetable', 'dataset_produces_1', 'dataset_consumes_1', 'consume_1_or_2_with_dataset_expressions', 'consume_1_or_both_2_and_3_with_dataset_expressions' retrieved from /home/airflow/.local/lib/python3.12/site-packages/airflow/example_dags/example_datasets.py
[2024-12-20T04:46:57.683+0000] {logging_mixin.py:188} INFO - [2024-12-20T04:46:57.683+0000] {dag.py:3089} INFO - Sync 10 DAGs
[2024-12-20T04:46:57.701+0000] {logging_mixin.py:188} INFO - [2024-12-20T04:46:57.701+0000] {dag.py:3947} INFO - Setting next_dagrun for conditional_dataset_and_time_based_timetable to 2024-12-18 01:00:00+00:00, run_after=2024-12-18 01:00:00+00:00
[2024-12-20T04:46:57.705+0000] {logging_mixin.py:188} INFO - [2024-12-20T04:46:57.704+0000] {dag.py:3947} INFO - Setting next_dagrun for consume_1_and_2_with_dataset_expressions to None, run_after=None
[2024-12-20T04:46:57.708+0000] {logging_mixin.py:188} INFO - [2024-12-20T04:46:57.707+0000] {dag.py:3947} INFO - Setting next_dagrun for consume_1_or_2_with_dataset_expressions to None, run_after=None
[2024-12-20T04:46:57.710+0000] {logging_mixin.py:188} INFO - [2024-12-20T04:46:57.710+0000] {dag.py:3947} INFO - Setting next_dagrun for consume_1_or_both_2_and_3_with_dataset_expressions to None, run_after=None
[2024-12-20T04:46:57.711+0000] {logging_mixin.py:188} INFO - [2024-12-20T04:46:57.711+0000] {dag.py:3947} INFO - Setting next_dagrun for dataset_consumes_1 to None, run_after=None
[2024-12-20T04:46:57.712+0000] {logging_mixin.py:188} INFO - [2024-12-20T04:46:57.712+0000] {dag.py:3947} INFO - Setting next_dagrun for dataset_consumes_1_and_2 to None, run_after=None
[2024-12-20T04:46:57.713+0000] {logging_mixin.py:188} INFO - [2024-12-20T04:46:57.713+0000] {dag.py:3947} INFO - Setting next_dagrun for dataset_consumes_1_never_scheduled to None, run_after=None
[2024-12-20T04:46:57.714+0000] {logging_mixin.py:188} INFO - [2024-12-20T04:46:57.714+0000] {dag.py:3947} INFO - Setting next_dagrun for dataset_consumes_unknown_never_scheduled to None, run_after=None
[2024-12-20T04:46:57.715+0000] {logging_mixin.py:188} INFO - [2024-12-20T04:46:57.715+0000] {dag.py:3947} INFO - Setting next_dagrun for dataset_produces_1 to 2024-12-19 00:00:00+00:00, run_after=2024-12-20 00:00:00+00:00
[2024-12-20T04:46:57.715+0000] {logging_mixin.py:188} INFO - [2024-12-20T04:46:57.715+0000] {dag.py:3947} INFO - Setting next_dagrun for dataset_produces_2 to None, run_after=None
[2024-12-20T04:46:57.732+0000] {processor.py:183} INFO - Processing /home/airflow/.local/lib/python3.12/site-packages/airflow/example_dags/example_datasets.py took 0.097 seconds
[2024-12-20T04:47:28.033+0000] {processor.py:161} INFO - Started process (PID=3887) to work on /home/airflow/.local/lib/python3.12/site-packages/airflow/example_dags/example_datasets.py
[2024-12-20T04:47:28.035+0000] {processor.py:830} INFO - Processing file /home/airflow/.local/lib/python3.12/site-packages/airflow/example_dags/example_datasets.py for tasks to queue
[2024-12-20T04:47:28.036+0000] {logging_mixin.py:188} INFO - [2024-12-20T04:47:28.036+0000] {dagbag.py:545} INFO - Filling up the DagBag from /home/airflow/.local/lib/python3.12/site-packages/airflow/example_dags/example_datasets.py
[2024-12-20T04:47:28.048+0000] {processor.py:840} INFO - DAG(s) 'dataset_produces_1', 'consume_1_or_both_2_and_3_with_dataset_expressions', 'consume_1_and_2_with_dataset_expressions', 'dataset_consumes_unknown_never_scheduled', 'dataset_consumes_1_and_2', 'dataset_produces_2', 'consume_1_or_2_with_dataset_expressions', 'dataset_consumes_1', 'conditional_dataset_and_time_based_timetable', 'dataset_consumes_1_never_scheduled' retrieved from /home/airflow/.local/lib/python3.12/site-packages/airflow/example_dags/example_datasets.py
[2024-12-20T04:47:28.069+0000] {logging_mixin.py:188} INFO - [2024-12-20T04:47:28.069+0000] {dag.py:3089} INFO - Sync 10 DAGs
[2024-12-20T04:47:28.089+0000] {logging_mixin.py:188} INFO - [2024-12-20T04:47:28.088+0000] {dag.py:3947} INFO - Setting next_dagrun for conditional_dataset_and_time_based_timetable to 2024-12-18 01:00:00+00:00, run_after=2024-12-18 01:00:00+00:00
[2024-12-20T04:47:28.091+0000] {logging_mixin.py:188} INFO - [2024-12-20T04:47:28.091+0000] {dag.py:3947} INFO - Setting next_dagrun for consume_1_and_2_with_dataset_expressions to None, run_after=None
[2024-12-20T04:47:28.092+0000] {logging_mixin.py:188} INFO - [2024-12-20T04:47:28.092+0000] {dag.py:3947} INFO - Setting next_dagrun for consume_1_or_2_with_dataset_expressions to None, run_after=None
[2024-12-20T04:47:28.093+0000] {logging_mixin.py:188} INFO - [2024-12-20T04:47:28.093+0000] {dag.py:3947} INFO - Setting next_dagrun for consume_1_or_both_2_and_3_with_dataset_expressions to None, run_after=None
[2024-12-20T04:47:28.093+0000] {logging_mixin.py:188} INFO - [2024-12-20T04:47:28.093+0000] {dag.py:3947} INFO - Setting next_dagrun for dataset_consumes_1 to None, run_after=None
[2024-12-20T04:47:28.094+0000] {logging_mixin.py:188} INFO - [2024-12-20T04:47:28.094+0000] {dag.py:3947} INFO - Setting next_dagrun for dataset_consumes_1_and_2 to None, run_after=None
[2024-12-20T04:47:28.095+0000] {logging_mixin.py:188} INFO - [2024-12-20T04:47:28.095+0000] {dag.py:3947} INFO - Setting next_dagrun for dataset_consumes_1_never_scheduled to None, run_after=None
[2024-12-20T04:47:28.096+0000] {logging_mixin.py:188} INFO - [2024-12-20T04:47:28.095+0000] {dag.py:3947} INFO - Setting next_dagrun for dataset_consumes_unknown_never_scheduled to None, run_after=None
[2024-12-20T04:47:28.096+0000] {logging_mixin.py:188} INFO - [2024-12-20T04:47:28.096+0000] {dag.py:3947} INFO - Setting next_dagrun for dataset_produces_1 to 2024-12-19 00:00:00+00:00, run_after=2024-12-20 00:00:00+00:00
[2024-12-20T04:47:28.097+0000] {logging_mixin.py:188} INFO - [2024-12-20T04:47:28.097+0000] {dag.py:3947} INFO - Setting next_dagrun for dataset_produces_2 to None, run_after=None
[2024-12-20T04:47:28.113+0000] {processor.py:183} INFO - Processing /home/airflow/.local/lib/python3.12/site-packages/airflow/example_dags/example_datasets.py took 0.084 seconds
