[2024-12-20T04:27:13.279+0000] {processor.py:161} INFO - Started process (PID=231) to work on /home/airflow/.local/lib/python3.12/site-packages/airflow/example_dags/example_python_operator.py
[2024-12-20T04:27:13.282+0000] {processor.py:830} INFO - Processing file /home/airflow/.local/lib/python3.12/site-packages/airflow/example_dags/example_python_operator.py for tasks to queue
[2024-12-20T04:27:13.287+0000] {logging_mixin.py:188} INFO - [2024-12-20T04:27:13.287+0000] {dagbag.py:545} INFO - Filling up the DagBag from /home/airflow/.local/lib/python3.12/site-packages/airflow/example_dags/example_python_operator.py
[2024-12-20T04:27:13.322+0000] {processor.py:840} INFO - DAG(s) 'example_python_operator' retrieved from /home/airflow/.local/lib/python3.12/site-packages/airflow/example_dags/example_python_operator.py
[2024-12-20T04:27:13.891+0000] {logging_mixin.py:188} INFO - [2024-12-20T04:27:13.891+0000] {dag.py:3089} INFO - Sync 1 DAGs
[2024-12-20T04:27:14.030+0000] {logging_mixin.py:188} INFO - [2024-12-20T04:27:14.029+0000] {dag.py:3947} INFO - Setting next_dagrun for example_python_operator to None, run_after=None
[2024-12-20T04:27:14.119+0000] {processor.py:183} INFO - Processing /home/airflow/.local/lib/python3.12/site-packages/airflow/example_dags/example_python_operator.py took 0.856 seconds
[2024-12-20T04:29:59.786+0000] {processor.py:161} INFO - Started process (PID=227) to work on /home/airflow/.local/lib/python3.12/site-packages/airflow/example_dags/example_python_operator.py
[2024-12-20T04:29:59.790+0000] {processor.py:830} INFO - Processing file /home/airflow/.local/lib/python3.12/site-packages/airflow/example_dags/example_python_operator.py for tasks to queue
[2024-12-20T04:29:59.799+0000] {logging_mixin.py:188} INFO - [2024-12-20T04:29:59.795+0000] {dagbag.py:545} INFO - Filling up the DagBag from /home/airflow/.local/lib/python3.12/site-packages/airflow/example_dags/example_python_operator.py
[2024-12-20T04:29:59.814+0000] {processor.py:840} INFO - DAG(s) 'example_python_operator' retrieved from /home/airflow/.local/lib/python3.12/site-packages/airflow/example_dags/example_python_operator.py
[2024-12-20T04:29:59.904+0000] {logging_mixin.py:188} INFO - [2024-12-20T04:29:59.904+0000] {dag.py:3089} INFO - Sync 1 DAGs
[2024-12-20T04:29:59.912+0000] {logging_mixin.py:188} INFO - [2024-12-20T04:29:59.911+0000] {dag.py:3947} INFO - Setting next_dagrun for example_python_operator to None, run_after=None
[2024-12-20T04:29:59.923+0000] {processor.py:183} INFO - Processing /home/airflow/.local/lib/python3.12/site-packages/airflow/example_dags/example_python_operator.py took 0.152 seconds
[2024-12-20T04:37:14.702+0000] {processor.py:161} INFO - Started process (PID=224) to work on /home/airflow/.local/lib/python3.12/site-packages/airflow/example_dags/example_python_operator.py
[2024-12-20T04:37:14.705+0000] {processor.py:830} INFO - Processing file /home/airflow/.local/lib/python3.12/site-packages/airflow/example_dags/example_python_operator.py for tasks to queue
[2024-12-20T04:37:14.707+0000] {logging_mixin.py:188} INFO - [2024-12-20T04:37:14.707+0000] {dagbag.py:545} INFO - Filling up the DagBag from /home/airflow/.local/lib/python3.12/site-packages/airflow/example_dags/example_python_operator.py
[2024-12-20T04:37:14.719+0000] {processor.py:840} INFO - DAG(s) 'example_python_operator' retrieved from /home/airflow/.local/lib/python3.12/site-packages/airflow/example_dags/example_python_operator.py
[2024-12-20T04:37:14.742+0000] {logging_mixin.py:188} INFO - [2024-12-20T04:37:14.741+0000] {dag.py:3089} INFO - Sync 1 DAGs
[2024-12-20T04:37:14.750+0000] {logging_mixin.py:188} INFO - [2024-12-20T04:37:14.750+0000] {dag.py:3947} INFO - Setting next_dagrun for example_python_operator to None, run_after=None
[2024-12-20T04:37:14.765+0000] {processor.py:183} INFO - Processing /home/airflow/.local/lib/python3.12/site-packages/airflow/example_dags/example_python_operator.py took 0.070 seconds
[2024-12-20T04:38:20.657+0000] {processor.py:161} INFO - Started process (PID=569) to work on /home/airflow/.local/lib/python3.12/site-packages/airflow/example_dags/example_python_operator.py
[2024-12-20T04:38:20.663+0000] {processor.py:830} INFO - Processing file /home/airflow/.local/lib/python3.12/site-packages/airflow/example_dags/example_python_operator.py for tasks to queue
[2024-12-20T04:38:20.704+0000] {logging_mixin.py:188} INFO - [2024-12-20T04:38:20.701+0000] {dagbag.py:545} INFO - Filling up the DagBag from /home/airflow/.local/lib/python3.12/site-packages/airflow/example_dags/example_python_operator.py
[2024-12-20T04:38:21.113+0000] {processor.py:840} INFO - DAG(s) 'example_python_operator' retrieved from /home/airflow/.local/lib/python3.12/site-packages/airflow/example_dags/example_python_operator.py
[2024-12-20T04:38:27.380+0000] {logging_mixin.py:188} INFO - [2024-12-20T04:38:27.249+0000] {dag.py:3089} INFO - Sync 1 DAGs
[2024-12-20T04:38:29.454+0000] {logging_mixin.py:188} INFO - [2024-12-20T04:38:29.179+0000] {dag.py:3947} INFO - Setting next_dagrun for example_python_operator to None, run_after=None
[2024-12-20T04:38:48.577+0000] {processor.py:183} INFO - Processing /home/airflow/.local/lib/python3.12/site-packages/airflow/example_dags/example_python_operator.py took 28.039 seconds
[2024-12-20T04:39:20.465+0000] {processor.py:161} INFO - Started process (PID=856) to work on /home/airflow/.local/lib/python3.12/site-packages/airflow/example_dags/example_python_operator.py
[2024-12-20T04:39:20.468+0000] {processor.py:830} INFO - Processing file /home/airflow/.local/lib/python3.12/site-packages/airflow/example_dags/example_python_operator.py for tasks to queue
[2024-12-20T04:39:20.479+0000] {logging_mixin.py:188} INFO - [2024-12-20T04:39:20.477+0000] {dagbag.py:545} INFO - Filling up the DagBag from /home/airflow/.local/lib/python3.12/site-packages/airflow/example_dags/example_python_operator.py
[2024-12-20T04:39:20.527+0000] {processor.py:840} INFO - DAG(s) 'example_python_operator' retrieved from /home/airflow/.local/lib/python3.12/site-packages/airflow/example_dags/example_python_operator.py
[2024-12-20T04:39:20.596+0000] {logging_mixin.py:188} INFO - [2024-12-20T04:39:20.595+0000] {dag.py:3089} INFO - Sync 1 DAGs
[2024-12-20T04:39:20.640+0000] {logging_mixin.py:188} INFO - [2024-12-20T04:39:20.639+0000] {dag.py:3947} INFO - Setting next_dagrun for example_python_operator to None, run_after=None
[2024-12-20T04:39:20.661+0000] {processor.py:183} INFO - Processing /home/airflow/.local/lib/python3.12/site-packages/airflow/example_dags/example_python_operator.py took 0.211 seconds
[2024-12-20T04:39:50.713+0000] {processor.py:161} INFO - Started process (PID=1133) to work on /home/airflow/.local/lib/python3.12/site-packages/airflow/example_dags/example_python_operator.py
[2024-12-20T04:39:50.715+0000] {processor.py:830} INFO - Processing file /home/airflow/.local/lib/python3.12/site-packages/airflow/example_dags/example_python_operator.py for tasks to queue
[2024-12-20T04:39:50.718+0000] {logging_mixin.py:188} INFO - [2024-12-20T04:39:50.717+0000] {dagbag.py:545} INFO - Filling up the DagBag from /home/airflow/.local/lib/python3.12/site-packages/airflow/example_dags/example_python_operator.py
[2024-12-20T04:39:50.733+0000] {processor.py:840} INFO - DAG(s) 'example_python_operator' retrieved from /home/airflow/.local/lib/python3.12/site-packages/airflow/example_dags/example_python_operator.py
[2024-12-20T04:39:50.756+0000] {logging_mixin.py:188} INFO - [2024-12-20T04:39:50.756+0000] {dag.py:3089} INFO - Sync 1 DAGs
[2024-12-20T04:39:50.768+0000] {logging_mixin.py:188} INFO - [2024-12-20T04:39:50.768+0000] {dag.py:3947} INFO - Setting next_dagrun for example_python_operator to None, run_after=None
[2024-12-20T04:39:50.780+0000] {processor.py:183} INFO - Processing /home/airflow/.local/lib/python3.12/site-packages/airflow/example_dags/example_python_operator.py took 0.081 seconds
[2024-12-20T04:40:21.717+0000] {processor.py:161} INFO - Started process (PID=1447) to work on /home/airflow/.local/lib/python3.12/site-packages/airflow/example_dags/example_python_operator.py
[2024-12-20T04:40:21.722+0000] {processor.py:830} INFO - Processing file /home/airflow/.local/lib/python3.12/site-packages/airflow/example_dags/example_python_operator.py for tasks to queue
[2024-12-20T04:40:21.779+0000] {logging_mixin.py:188} INFO - [2024-12-20T04:40:21.770+0000] {dagbag.py:545} INFO - Filling up the DagBag from /home/airflow/.local/lib/python3.12/site-packages/airflow/example_dags/example_python_operator.py
[2024-12-20T04:40:22.039+0000] {processor.py:840} INFO - DAG(s) 'example_python_operator' retrieved from /home/airflow/.local/lib/python3.12/site-packages/airflow/example_dags/example_python_operator.py
[2024-12-20T04:40:22.276+0000] {logging_mixin.py:188} INFO - [2024-12-20T04:40:22.276+0000] {dag.py:3089} INFO - Sync 1 DAGs
[2024-12-20T04:40:22.434+0000] {logging_mixin.py:188} INFO - [2024-12-20T04:40:22.434+0000] {dag.py:3947} INFO - Setting next_dagrun for example_python_operator to None, run_after=None
[2024-12-20T04:40:22.552+0000] {processor.py:183} INFO - Processing /home/airflow/.local/lib/python3.12/site-packages/airflow/example_dags/example_python_operator.py took 0.967 seconds
[2024-12-20T04:42:06.048+0000] {processor.py:161} INFO - Started process (PID=1843) to work on /home/airflow/.local/lib/python3.12/site-packages/airflow/example_dags/example_python_operator.py
[2024-12-20T04:42:06.049+0000] {processor.py:830} INFO - Processing file /home/airflow/.local/lib/python3.12/site-packages/airflow/example_dags/example_python_operator.py for tasks to queue
[2024-12-20T04:42:06.051+0000] {logging_mixin.py:188} INFO - [2024-12-20T04:42:06.051+0000] {dagbag.py:545} INFO - Filling up the DagBag from /home/airflow/.local/lib/python3.12/site-packages/airflow/example_dags/example_python_operator.py
[2024-12-20T04:42:06.084+0000] {processor.py:840} INFO - DAG(s) 'example_python_operator' retrieved from /home/airflow/.local/lib/python3.12/site-packages/airflow/example_dags/example_python_operator.py
[2024-12-20T04:42:06.156+0000] {logging_mixin.py:188} INFO - [2024-12-20T04:42:06.155+0000] {dag.py:3089} INFO - Sync 1 DAGs
[2024-12-20T04:42:06.179+0000] {logging_mixin.py:188} INFO - [2024-12-20T04:42:06.179+0000] {dag.py:3947} INFO - Setting next_dagrun for example_python_operator to None, run_after=None
[2024-12-20T04:42:06.214+0000] {processor.py:183} INFO - Processing /home/airflow/.local/lib/python3.12/site-packages/airflow/example_dags/example_python_operator.py took 0.170 seconds
[2024-12-20T04:42:57.384+0000] {processor.py:161} INFO - Started process (PID=2177) to work on /home/airflow/.local/lib/python3.12/site-packages/airflow/example_dags/example_python_operator.py
[2024-12-20T04:42:57.394+0000] {processor.py:830} INFO - Processing file /home/airflow/.local/lib/python3.12/site-packages/airflow/example_dags/example_python_operator.py for tasks to queue
[2024-12-20T04:42:57.405+0000] {logging_mixin.py:188} INFO - [2024-12-20T04:42:57.404+0000] {dagbag.py:545} INFO - Filling up the DagBag from /home/airflow/.local/lib/python3.12/site-packages/airflow/example_dags/example_python_operator.py
[2024-12-20T04:42:57.426+0000] {processor.py:840} INFO - DAG(s) 'example_python_operator' retrieved from /home/airflow/.local/lib/python3.12/site-packages/airflow/example_dags/example_python_operator.py
[2024-12-20T04:42:57.466+0000] {logging_mixin.py:188} INFO - [2024-12-20T04:42:57.466+0000] {dag.py:3089} INFO - Sync 1 DAGs
[2024-12-20T04:42:57.516+0000] {logging_mixin.py:188} INFO - [2024-12-20T04:42:57.516+0000] {dag.py:3947} INFO - Setting next_dagrun for example_python_operator to None, run_after=None
[2024-12-20T04:42:57.574+0000] {processor.py:183} INFO - Processing /home/airflow/.local/lib/python3.12/site-packages/airflow/example_dags/example_python_operator.py took 0.211 seconds
[2024-12-20T04:43:32.193+0000] {processor.py:161} INFO - Started process (PID=2498) to work on /home/airflow/.local/lib/python3.12/site-packages/airflow/example_dags/example_python_operator.py
[2024-12-20T04:43:32.198+0000] {processor.py:830} INFO - Processing file /home/airflow/.local/lib/python3.12/site-packages/airflow/example_dags/example_python_operator.py for tasks to queue
[2024-12-20T04:43:32.232+0000] {logging_mixin.py:188} INFO - [2024-12-20T04:43:32.228+0000] {dagbag.py:545} INFO - Filling up the DagBag from /home/airflow/.local/lib/python3.12/site-packages/airflow/example_dags/example_python_operator.py
[2024-12-20T04:43:32.589+0000] {processor.py:840} INFO - DAG(s) 'example_python_operator' retrieved from /home/airflow/.local/lib/python3.12/site-packages/airflow/example_dags/example_python_operator.py
[2024-12-20T04:43:33.015+0000] {logging_mixin.py:188} INFO - [2024-12-20T04:43:33.008+0000] {dag.py:3089} INFO - Sync 1 DAGs
[2024-12-20T04:43:33.197+0000] {logging_mixin.py:188} INFO - [2024-12-20T04:43:33.196+0000] {dag.py:3947} INFO - Setting next_dagrun for example_python_operator to None, run_after=None
[2024-12-20T04:43:33.384+0000] {processor.py:183} INFO - Processing /home/airflow/.local/lib/python3.12/site-packages/airflow/example_dags/example_python_operator.py took 1.317 seconds
[2024-12-20T04:44:46.264+0000] {processor.py:161} INFO - Started process (PID=2751) to work on /home/airflow/.local/lib/python3.12/site-packages/airflow/example_dags/example_python_operator.py
[2024-12-20T04:44:46.273+0000] {processor.py:830} INFO - Processing file /home/airflow/.local/lib/python3.12/site-packages/airflow/example_dags/example_python_operator.py for tasks to queue
[2024-12-20T04:44:46.285+0000] {logging_mixin.py:188} INFO - [2024-12-20T04:44:46.284+0000] {dagbag.py:545} INFO - Filling up the DagBag from /home/airflow/.local/lib/python3.12/site-packages/airflow/example_dags/example_python_operator.py
[2024-12-20T04:44:46.344+0000] {processor.py:840} INFO - DAG(s) 'example_python_operator' retrieved from /home/airflow/.local/lib/python3.12/site-packages/airflow/example_dags/example_python_operator.py
[2024-12-20T04:44:46.414+0000] {logging_mixin.py:188} INFO - [2024-12-20T04:44:46.414+0000] {dag.py:3089} INFO - Sync 1 DAGs
[2024-12-20T04:44:46.449+0000] {logging_mixin.py:188} INFO - [2024-12-20T04:44:46.449+0000] {dag.py:3947} INFO - Setting next_dagrun for example_python_operator to None, run_after=None
[2024-12-20T04:44:46.600+0000] {processor.py:183} INFO - Processing /home/airflow/.local/lib/python3.12/site-packages/airflow/example_dags/example_python_operator.py took 0.389 seconds
[2024-12-20T04:45:57.377+0000] {processor.py:161} INFO - Started process (PID=3072) to work on /home/airflow/.local/lib/python3.12/site-packages/airflow/example_dags/example_python_operator.py
[2024-12-20T04:45:57.379+0000] {processor.py:830} INFO - Processing file /home/airflow/.local/lib/python3.12/site-packages/airflow/example_dags/example_python_operator.py for tasks to queue
[2024-12-20T04:45:57.381+0000] {logging_mixin.py:188} INFO - [2024-12-20T04:45:57.381+0000] {dagbag.py:545} INFO - Filling up the DagBag from /home/airflow/.local/lib/python3.12/site-packages/airflow/example_dags/example_python_operator.py
[2024-12-20T04:45:57.404+0000] {processor.py:840} INFO - DAG(s) 'example_python_operator' retrieved from /home/airflow/.local/lib/python3.12/site-packages/airflow/example_dags/example_python_operator.py
[2024-12-20T04:45:57.430+0000] {logging_mixin.py:188} INFO - [2024-12-20T04:45:57.429+0000] {dag.py:3089} INFO - Sync 1 DAGs
[2024-12-20T04:45:57.441+0000] {logging_mixin.py:188} INFO - [2024-12-20T04:45:57.441+0000] {dag.py:3947} INFO - Setting next_dagrun for example_python_operator to None, run_after=None
[2024-12-20T04:45:57.453+0000] {processor.py:183} INFO - Processing /home/airflow/.local/lib/python3.12/site-packages/airflow/example_dags/example_python_operator.py took 0.084 seconds
[2024-12-20T04:46:28.480+0000] {processor.py:161} INFO - Started process (PID=3350) to work on /home/airflow/.local/lib/python3.12/site-packages/airflow/example_dags/example_python_operator.py
[2024-12-20T04:46:28.483+0000] {processor.py:830} INFO - Processing file /home/airflow/.local/lib/python3.12/site-packages/airflow/example_dags/example_python_operator.py for tasks to queue
[2024-12-20T04:46:28.490+0000] {logging_mixin.py:188} INFO - [2024-12-20T04:46:28.489+0000] {dagbag.py:545} INFO - Filling up the DagBag from /home/airflow/.local/lib/python3.12/site-packages/airflow/example_dags/example_python_operator.py
[2024-12-20T04:46:28.530+0000] {processor.py:840} INFO - DAG(s) 'example_python_operator' retrieved from /home/airflow/.local/lib/python3.12/site-packages/airflow/example_dags/example_python_operator.py
[2024-12-20T04:46:28.654+0000] {logging_mixin.py:188} INFO - [2024-12-20T04:46:28.654+0000] {dag.py:3089} INFO - Sync 1 DAGs
[2024-12-20T04:46:28.791+0000] {logging_mixin.py:188} INFO - [2024-12-20T04:46:28.790+0000] {dag.py:3947} INFO - Setting next_dagrun for example_python_operator to None, run_after=None
[2024-12-20T04:46:28.836+0000] {processor.py:183} INFO - Processing /home/airflow/.local/lib/python3.12/site-packages/airflow/example_dags/example_python_operator.py took 0.381 seconds
[2024-12-20T04:46:59.893+0000] {processor.py:161} INFO - Started process (PID=3628) to work on /home/airflow/.local/lib/python3.12/site-packages/airflow/example_dags/example_python_operator.py
[2024-12-20T04:46:59.894+0000] {processor.py:830} INFO - Processing file /home/airflow/.local/lib/python3.12/site-packages/airflow/example_dags/example_python_operator.py for tasks to queue
[2024-12-20T04:46:59.896+0000] {logging_mixin.py:188} INFO - [2024-12-20T04:46:59.896+0000] {dagbag.py:545} INFO - Filling up the DagBag from /home/airflow/.local/lib/python3.12/site-packages/airflow/example_dags/example_python_operator.py
[2024-12-20T04:46:59.912+0000] {processor.py:840} INFO - DAG(s) 'example_python_operator' retrieved from /home/airflow/.local/lib/python3.12/site-packages/airflow/example_dags/example_python_operator.py
[2024-12-20T04:46:59.968+0000] {logging_mixin.py:188} INFO - [2024-12-20T04:46:59.968+0000] {dag.py:3089} INFO - Sync 1 DAGs
[2024-12-20T04:46:59.984+0000] {logging_mixin.py:188} INFO - [2024-12-20T04:46:59.984+0000] {dag.py:3947} INFO - Setting next_dagrun for example_python_operator to None, run_after=None
[2024-12-20T04:47:00.003+0000] {processor.py:183} INFO - Processing /home/airflow/.local/lib/python3.12/site-packages/airflow/example_dags/example_python_operator.py took 0.120 seconds
[2024-12-20T04:47:30.203+0000] {processor.py:161} INFO - Started process (PID=3903) to work on /home/airflow/.local/lib/python3.12/site-packages/airflow/example_dags/example_python_operator.py
[2024-12-20T04:47:30.205+0000] {processor.py:830} INFO - Processing file /home/airflow/.local/lib/python3.12/site-packages/airflow/example_dags/example_python_operator.py for tasks to queue
[2024-12-20T04:47:30.209+0000] {logging_mixin.py:188} INFO - [2024-12-20T04:47:30.209+0000] {dagbag.py:545} INFO - Filling up the DagBag from /home/airflow/.local/lib/python3.12/site-packages/airflow/example_dags/example_python_operator.py
[2024-12-20T04:47:30.238+0000] {processor.py:840} INFO - DAG(s) 'example_python_operator' retrieved from /home/airflow/.local/lib/python3.12/site-packages/airflow/example_dags/example_python_operator.py
[2024-12-20T04:47:30.295+0000] {logging_mixin.py:188} INFO - [2024-12-20T04:47:30.294+0000] {dag.py:3089} INFO - Sync 1 DAGs
[2024-12-20T04:47:30.330+0000] {logging_mixin.py:188} INFO - [2024-12-20T04:47:30.330+0000] {dag.py:3947} INFO - Setting next_dagrun for example_python_operator to None, run_after=None
[2024-12-20T04:47:30.350+0000] {processor.py:183} INFO - Processing /home/airflow/.local/lib/python3.12/site-packages/airflow/example_dags/example_python_operator.py took 0.186 seconds
