[2024-12-20T04:27:23.135+0000] {processor.py:161} INFO - Started process (PID=261) to work on /home/airflow/.local/lib/python3.12/site-packages/airflow/example_dags/example_short_circuit_operator.py
[2024-12-20T04:27:23.154+0000] {processor.py:830} INFO - Processing file /home/airflow/.local/lib/python3.12/site-packages/airflow/example_dags/example_short_circuit_operator.py for tasks to queue
[2024-12-20T04:27:23.185+0000] {logging_mixin.py:188} INFO - [2024-12-20T04:27:23.184+0000] {dagbag.py:545} INFO - Filling up the DagBag from /home/airflow/.local/lib/python3.12/site-packages/airflow/example_dags/example_short_circuit_operator.py
[2024-12-20T04:27:23.453+0000] {processor.py:840} INFO - DAG(s) 'example_short_circuit_operator' retrieved from /home/airflow/.local/lib/python3.12/site-packages/airflow/example_dags/example_short_circuit_operator.py
[2024-12-20T04:27:24.844+0000] {logging_mixin.py:188} INFO - [2024-12-20T04:27:24.843+0000] {dag.py:3089} INFO - Sync 1 DAGs
[2024-12-20T04:27:24.929+0000] {logging_mixin.py:188} INFO - [2024-12-20T04:27:24.928+0000] {dag.py:3947} INFO - Setting next_dagrun for example_short_circuit_operator to 2024-12-19 00:00:00+00:00, run_after=2024-12-20 00:00:00+00:00
[2024-12-20T04:27:25.102+0000] {processor.py:183} INFO - Processing /home/airflow/.local/lib/python3.12/site-packages/airflow/example_dags/example_short_circuit_operator.py took 2.044 seconds
[2024-12-20T04:30:00.869+0000] {processor.py:161} INFO - Started process (PID=254) to work on /home/airflow/.local/lib/python3.12/site-packages/airflow/example_dags/example_short_circuit_operator.py
[2024-12-20T04:30:00.872+0000] {processor.py:830} INFO - Processing file /home/airflow/.local/lib/python3.12/site-packages/airflow/example_dags/example_short_circuit_operator.py for tasks to queue
[2024-12-20T04:30:00.875+0000] {logging_mixin.py:188} INFO - [2024-12-20T04:30:00.875+0000] {dagbag.py:545} INFO - Filling up the DagBag from /home/airflow/.local/lib/python3.12/site-packages/airflow/example_dags/example_short_circuit_operator.py
[2024-12-20T04:30:00.885+0000] {processor.py:840} INFO - DAG(s) 'example_short_circuit_operator' retrieved from /home/airflow/.local/lib/python3.12/site-packages/airflow/example_dags/example_short_circuit_operator.py
[2024-12-20T04:30:00.979+0000] {logging_mixin.py:188} INFO - [2024-12-20T04:30:00.979+0000] {dag.py:3089} INFO - Sync 1 DAGs
[2024-12-20T04:30:00.999+0000] {logging_mixin.py:188} INFO - [2024-12-20T04:30:00.999+0000] {dag.py:3947} INFO - Setting next_dagrun for example_short_circuit_operator to 2024-12-19 00:00:00+00:00, run_after=2024-12-20 00:00:00+00:00
[2024-12-20T04:30:01.014+0000] {processor.py:183} INFO - Processing /home/airflow/.local/lib/python3.12/site-packages/airflow/example_dags/example_short_circuit_operator.py took 0.153 seconds
[2024-12-20T04:37:15.591+0000] {processor.py:161} INFO - Started process (PID=254) to work on /home/airflow/.local/lib/python3.12/site-packages/airflow/example_dags/example_short_circuit_operator.py
[2024-12-20T04:37:15.596+0000] {processor.py:830} INFO - Processing file /home/airflow/.local/lib/python3.12/site-packages/airflow/example_dags/example_short_circuit_operator.py for tasks to queue
[2024-12-20T04:37:15.621+0000] {logging_mixin.py:188} INFO - [2024-12-20T04:37:15.621+0000] {dagbag.py:545} INFO - Filling up the DagBag from /home/airflow/.local/lib/python3.12/site-packages/airflow/example_dags/example_short_circuit_operator.py
[2024-12-20T04:37:15.639+0000] {processor.py:840} INFO - DAG(s) 'example_short_circuit_operator' retrieved from /home/airflow/.local/lib/python3.12/site-packages/airflow/example_dags/example_short_circuit_operator.py
[2024-12-20T04:37:15.701+0000] {logging_mixin.py:188} INFO - [2024-12-20T04:37:15.700+0000] {dag.py:3089} INFO - Sync 1 DAGs
[2024-12-20T04:37:15.799+0000] {logging_mixin.py:188} INFO - [2024-12-20T04:37:15.798+0000] {dag.py:3947} INFO - Setting next_dagrun for example_short_circuit_operator to 2024-12-19 00:00:00+00:00, run_after=2024-12-20 00:00:00+00:00
[2024-12-20T04:37:15.824+0000] {processor.py:183} INFO - Processing /home/airflow/.local/lib/python3.12/site-packages/airflow/example_dags/example_short_circuit_operator.py took 0.251 seconds
[2024-12-20T04:38:53.331+0000] {processor.py:161} INFO - Started process (PID=609) to work on /home/airflow/.local/lib/python3.12/site-packages/airflow/example_dags/example_short_circuit_operator.py
[2024-12-20T04:38:53.333+0000] {processor.py:830} INFO - Processing file /home/airflow/.local/lib/python3.12/site-packages/airflow/example_dags/example_short_circuit_operator.py for tasks to queue
[2024-12-20T04:38:53.337+0000] {logging_mixin.py:188} INFO - [2024-12-20T04:38:53.336+0000] {dagbag.py:545} INFO - Filling up the DagBag from /home/airflow/.local/lib/python3.12/site-packages/airflow/example_dags/example_short_circuit_operator.py
[2024-12-20T04:38:53.347+0000] {processor.py:840} INFO - DAG(s) 'example_short_circuit_operator' retrieved from /home/airflow/.local/lib/python3.12/site-packages/airflow/example_dags/example_short_circuit_operator.py
[2024-12-20T04:38:53.448+0000] {logging_mixin.py:188} INFO - [2024-12-20T04:38:53.448+0000] {dag.py:3089} INFO - Sync 1 DAGs
[2024-12-20T04:38:53.468+0000] {logging_mixin.py:188} INFO - [2024-12-20T04:38:53.468+0000] {dag.py:3947} INFO - Setting next_dagrun for example_short_circuit_operator to 2024-12-19 00:00:00+00:00, run_after=2024-12-20 00:00:00+00:00
[2024-12-20T04:38:53.484+0000] {processor.py:183} INFO - Processing /home/airflow/.local/lib/python3.12/site-packages/airflow/example_dags/example_short_circuit_operator.py took 0.166 seconds
[2024-12-20T04:39:24.155+0000] {processor.py:161} INFO - Started process (PID=896) to work on /home/airflow/.local/lib/python3.12/site-packages/airflow/example_dags/example_short_circuit_operator.py
[2024-12-20T04:39:24.156+0000] {processor.py:830} INFO - Processing file /home/airflow/.local/lib/python3.12/site-packages/airflow/example_dags/example_short_circuit_operator.py for tasks to queue
[2024-12-20T04:39:24.157+0000] {logging_mixin.py:188} INFO - [2024-12-20T04:39:24.157+0000] {dagbag.py:545} INFO - Filling up the DagBag from /home/airflow/.local/lib/python3.12/site-packages/airflow/example_dags/example_short_circuit_operator.py
[2024-12-20T04:39:24.163+0000] {processor.py:840} INFO - DAG(s) 'example_short_circuit_operator' retrieved from /home/airflow/.local/lib/python3.12/site-packages/airflow/example_dags/example_short_circuit_operator.py
[2024-12-20T04:39:24.179+0000] {logging_mixin.py:188} INFO - [2024-12-20T04:39:24.179+0000] {dag.py:3089} INFO - Sync 1 DAGs
[2024-12-20T04:39:24.194+0000] {logging_mixin.py:188} INFO - [2024-12-20T04:39:24.194+0000] {dag.py:3947} INFO - Setting next_dagrun for example_short_circuit_operator to 2024-12-19 00:00:00+00:00, run_after=2024-12-20 00:00:00+00:00
[2024-12-20T04:39:24.205+0000] {processor.py:183} INFO - Processing /home/airflow/.local/lib/python3.12/site-packages/airflow/example_dags/example_short_circuit_operator.py took 0.054 seconds
[2024-12-20T04:39:54.297+0000] {processor.py:161} INFO - Started process (PID=1173) to work on /home/airflow/.local/lib/python3.12/site-packages/airflow/example_dags/example_short_circuit_operator.py
[2024-12-20T04:39:54.298+0000] {processor.py:830} INFO - Processing file /home/airflow/.local/lib/python3.12/site-packages/airflow/example_dags/example_short_circuit_operator.py for tasks to queue
[2024-12-20T04:39:54.299+0000] {logging_mixin.py:188} INFO - [2024-12-20T04:39:54.299+0000] {dagbag.py:545} INFO - Filling up the DagBag from /home/airflow/.local/lib/python3.12/site-packages/airflow/example_dags/example_short_circuit_operator.py
[2024-12-20T04:39:54.304+0000] {processor.py:840} INFO - DAG(s) 'example_short_circuit_operator' retrieved from /home/airflow/.local/lib/python3.12/site-packages/airflow/example_dags/example_short_circuit_operator.py
[2024-12-20T04:39:54.316+0000] {logging_mixin.py:188} INFO - [2024-12-20T04:39:54.316+0000] {dag.py:3089} INFO - Sync 1 DAGs
[2024-12-20T04:39:54.327+0000] {logging_mixin.py:188} INFO - [2024-12-20T04:39:54.327+0000] {dag.py:3947} INFO - Setting next_dagrun for example_short_circuit_operator to 2024-12-19 00:00:00+00:00, run_after=2024-12-20 00:00:00+00:00
[2024-12-20T04:39:54.336+0000] {processor.py:183} INFO - Processing /home/airflow/.local/lib/python3.12/site-packages/airflow/example_dags/example_short_circuit_operator.py took 0.043 seconds
[2024-12-20T04:40:51.839+0000] {processor.py:161} INFO - Started process (PID=1567) to work on /home/airflow/.local/lib/python3.12/site-packages/airflow/example_dags/example_short_circuit_operator.py
[2024-12-20T04:40:51.845+0000] {processor.py:830} INFO - Processing file /home/airflow/.local/lib/python3.12/site-packages/airflow/example_dags/example_short_circuit_operator.py for tasks to queue
[2024-12-20T04:40:51.886+0000] {logging_mixin.py:188} INFO - [2024-12-20T04:40:51.884+0000] {dagbag.py:545} INFO - Filling up the DagBag from /home/airflow/.local/lib/python3.12/site-packages/airflow/example_dags/example_short_circuit_operator.py
[2024-12-20T04:40:52.086+0000] {processor.py:840} INFO - DAG(s) 'example_short_circuit_operator' retrieved from /home/airflow/.local/lib/python3.12/site-packages/airflow/example_dags/example_short_circuit_operator.py
[2024-12-20T04:40:52.309+0000] {logging_mixin.py:188} INFO - [2024-12-20T04:40:52.309+0000] {dag.py:3089} INFO - Sync 1 DAGs
[2024-12-20T04:40:52.706+0000] {logging_mixin.py:188} INFO - [2024-12-20T04:40:52.671+0000] {dag.py:3947} INFO - Setting next_dagrun for example_short_circuit_operator to 2024-12-19 00:00:00+00:00, run_after=2024-12-20 00:00:00+00:00
[2024-12-20T04:40:53.167+0000] {processor.py:183} INFO - Processing /home/airflow/.local/lib/python3.12/site-packages/airflow/example_dags/example_short_circuit_operator.py took 1.517 seconds
[2024-12-20T04:42:06.571+0000] {processor.py:161} INFO - Started process (PID=1873) to work on /home/airflow/.local/lib/python3.12/site-packages/airflow/example_dags/example_short_circuit_operator.py
[2024-12-20T04:42:06.572+0000] {processor.py:830} INFO - Processing file /home/airflow/.local/lib/python3.12/site-packages/airflow/example_dags/example_short_circuit_operator.py for tasks to queue
[2024-12-20T04:42:06.577+0000] {logging_mixin.py:188} INFO - [2024-12-20T04:42:06.574+0000] {dagbag.py:545} INFO - Filling up the DagBag from /home/airflow/.local/lib/python3.12/site-packages/airflow/example_dags/example_short_circuit_operator.py
[2024-12-20T04:42:06.583+0000] {processor.py:840} INFO - DAG(s) 'example_short_circuit_operator' retrieved from /home/airflow/.local/lib/python3.12/site-packages/airflow/example_dags/example_short_circuit_operator.py
[2024-12-20T04:42:06.612+0000] {logging_mixin.py:188} INFO - [2024-12-20T04:42:06.611+0000] {dag.py:3089} INFO - Sync 1 DAGs
[2024-12-20T04:42:06.637+0000] {logging_mixin.py:188} INFO - [2024-12-20T04:42:06.637+0000] {dag.py:3947} INFO - Setting next_dagrun for example_short_circuit_operator to 2024-12-19 00:00:00+00:00, run_after=2024-12-20 00:00:00+00:00
[2024-12-20T04:42:06.650+0000] {processor.py:183} INFO - Processing /home/airflow/.local/lib/python3.12/site-packages/airflow/example_dags/example_short_circuit_operator.py took 0.084 seconds
[2024-12-20T04:42:58.071+0000] {processor.py:161} INFO - Started process (PID=2212) to work on /home/airflow/.local/lib/python3.12/site-packages/airflow/example_dags/example_short_circuit_operator.py
[2024-12-20T04:42:58.072+0000] {processor.py:830} INFO - Processing file /home/airflow/.local/lib/python3.12/site-packages/airflow/example_dags/example_short_circuit_operator.py for tasks to queue
[2024-12-20T04:42:58.074+0000] {logging_mixin.py:188} INFO - [2024-12-20T04:42:58.074+0000] {dagbag.py:545} INFO - Filling up the DagBag from /home/airflow/.local/lib/python3.12/site-packages/airflow/example_dags/example_short_circuit_operator.py
[2024-12-20T04:42:58.080+0000] {processor.py:840} INFO - DAG(s) 'example_short_circuit_operator' retrieved from /home/airflow/.local/lib/python3.12/site-packages/airflow/example_dags/example_short_circuit_operator.py
[2024-12-20T04:42:58.098+0000] {logging_mixin.py:188} INFO - [2024-12-20T04:42:58.098+0000] {dag.py:3089} INFO - Sync 1 DAGs
[2024-12-20T04:42:58.114+0000] {logging_mixin.py:188} INFO - [2024-12-20T04:42:58.114+0000] {dag.py:3947} INFO - Setting next_dagrun for example_short_circuit_operator to 2024-12-19 00:00:00+00:00, run_after=2024-12-20 00:00:00+00:00
[2024-12-20T04:42:58.145+0000] {processor.py:183} INFO - Processing /home/airflow/.local/lib/python3.12/site-packages/airflow/example_dags/example_short_circuit_operator.py took 0.081 seconds
[2024-12-20T04:43:36.205+0000] {processor.py:161} INFO - Started process (PID=2543) to work on /home/airflow/.local/lib/python3.12/site-packages/airflow/example_dags/example_short_circuit_operator.py
[2024-12-20T04:43:36.222+0000] {processor.py:830} INFO - Processing file /home/airflow/.local/lib/python3.12/site-packages/airflow/example_dags/example_short_circuit_operator.py for tasks to queue
[2024-12-20T04:43:36.257+0000] {logging_mixin.py:188} INFO - [2024-12-20T04:43:36.256+0000] {dagbag.py:545} INFO - Filling up the DagBag from /home/airflow/.local/lib/python3.12/site-packages/airflow/example_dags/example_short_circuit_operator.py
[2024-12-20T04:43:36.360+0000] {processor.py:840} INFO - DAG(s) 'example_short_circuit_operator' retrieved from /home/airflow/.local/lib/python3.12/site-packages/airflow/example_dags/example_short_circuit_operator.py
[2024-12-20T04:43:36.777+0000] {logging_mixin.py:188} INFO - [2024-12-20T04:43:36.774+0000] {dag.py:3089} INFO - Sync 1 DAGs
[2024-12-20T04:43:36.998+0000] {logging_mixin.py:188} INFO - [2024-12-20T04:43:36.990+0000] {dag.py:3947} INFO - Setting next_dagrun for example_short_circuit_operator to 2024-12-19 00:00:00+00:00, run_after=2024-12-20 00:00:00+00:00
[2024-12-20T04:43:37.157+0000] {processor.py:183} INFO - Processing /home/airflow/.local/lib/python3.12/site-packages/airflow/example_dags/example_short_circuit_operator.py took 0.965 seconds
[2024-12-20T04:44:48.239+0000] {processor.py:161} INFO - Started process (PID=2787) to work on /home/airflow/.local/lib/python3.12/site-packages/airflow/example_dags/example_short_circuit_operator.py
[2024-12-20T04:44:48.248+0000] {processor.py:830} INFO - Processing file /home/airflow/.local/lib/python3.12/site-packages/airflow/example_dags/example_short_circuit_operator.py for tasks to queue
[2024-12-20T04:44:48.256+0000] {logging_mixin.py:188} INFO - [2024-12-20T04:44:48.255+0000] {dagbag.py:545} INFO - Filling up the DagBag from /home/airflow/.local/lib/python3.12/site-packages/airflow/example_dags/example_short_circuit_operator.py
[2024-12-20T04:44:48.264+0000] {processor.py:840} INFO - DAG(s) 'example_short_circuit_operator' retrieved from /home/airflow/.local/lib/python3.12/site-packages/airflow/example_dags/example_short_circuit_operator.py
[2024-12-20T04:44:48.337+0000] {logging_mixin.py:188} INFO - [2024-12-20T04:44:48.337+0000] {dag.py:3089} INFO - Sync 1 DAGs
[2024-12-20T04:44:48.389+0000] {logging_mixin.py:188} INFO - [2024-12-20T04:44:48.389+0000] {dag.py:3947} INFO - Setting next_dagrun for example_short_circuit_operator to 2024-12-19 00:00:00+00:00, run_after=2024-12-20 00:00:00+00:00
[2024-12-20T04:44:48.436+0000] {processor.py:183} INFO - Processing /home/airflow/.local/lib/python3.12/site-packages/airflow/example_dags/example_short_circuit_operator.py took 0.219 seconds
[2024-12-20T04:45:58.021+0000] {processor.py:161} INFO - Started process (PID=3102) to work on /home/airflow/.local/lib/python3.12/site-packages/airflow/example_dags/example_short_circuit_operator.py
[2024-12-20T04:45:58.024+0000] {processor.py:830} INFO - Processing file /home/airflow/.local/lib/python3.12/site-packages/airflow/example_dags/example_short_circuit_operator.py for tasks to queue
[2024-12-20T04:45:58.026+0000] {logging_mixin.py:188} INFO - [2024-12-20T04:45:58.026+0000] {dagbag.py:545} INFO - Filling up the DagBag from /home/airflow/.local/lib/python3.12/site-packages/airflow/example_dags/example_short_circuit_operator.py
[2024-12-20T04:45:58.039+0000] {processor.py:840} INFO - DAG(s) 'example_short_circuit_operator' retrieved from /home/airflow/.local/lib/python3.12/site-packages/airflow/example_dags/example_short_circuit_operator.py
[2024-12-20T04:45:58.181+0000] {logging_mixin.py:188} INFO - [2024-12-20T04:45:58.181+0000] {dag.py:3089} INFO - Sync 1 DAGs
[2024-12-20T04:45:58.221+0000] {logging_mixin.py:188} INFO - [2024-12-20T04:45:58.221+0000] {dag.py:3947} INFO - Setting next_dagrun for example_short_circuit_operator to 2024-12-19 00:00:00+00:00, run_after=2024-12-20 00:00:00+00:00
[2024-12-20T04:45:58.280+0000] {processor.py:183} INFO - Processing /home/airflow/.local/lib/python3.12/site-packages/airflow/example_dags/example_short_circuit_operator.py took 0.175 seconds
[2024-12-20T04:46:29.549+0000] {processor.py:161} INFO - Started process (PID=3381) to work on /home/airflow/.local/lib/python3.12/site-packages/airflow/example_dags/example_short_circuit_operator.py
[2024-12-20T04:46:29.549+0000] {processor.py:830} INFO - Processing file /home/airflow/.local/lib/python3.12/site-packages/airflow/example_dags/example_short_circuit_operator.py for tasks to queue
[2024-12-20T04:46:29.551+0000] {logging_mixin.py:188} INFO - [2024-12-20T04:46:29.550+0000] {dagbag.py:545} INFO - Filling up the DagBag from /home/airflow/.local/lib/python3.12/site-packages/airflow/example_dags/example_short_circuit_operator.py
[2024-12-20T04:46:29.555+0000] {processor.py:840} INFO - DAG(s) 'example_short_circuit_operator' retrieved from /home/airflow/.local/lib/python3.12/site-packages/airflow/example_dags/example_short_circuit_operator.py
[2024-12-20T04:46:29.567+0000] {logging_mixin.py:188} INFO - [2024-12-20T04:46:29.567+0000] {dag.py:3089} INFO - Sync 1 DAGs
[2024-12-20T04:46:29.578+0000] {logging_mixin.py:188} INFO - [2024-12-20T04:46:29.578+0000] {dag.py:3947} INFO - Setting next_dagrun for example_short_circuit_operator to 2024-12-19 00:00:00+00:00, run_after=2024-12-20 00:00:00+00:00
[2024-12-20T04:46:29.589+0000] {processor.py:183} INFO - Processing /home/airflow/.local/lib/python3.12/site-packages/airflow/example_dags/example_short_circuit_operator.py took 0.044 seconds
[2024-12-20T04:47:00.245+0000] {processor.py:161} INFO - Started process (PID=3658) to work on /home/airflow/.local/lib/python3.12/site-packages/airflow/example_dags/example_short_circuit_operator.py
[2024-12-20T04:47:00.246+0000] {processor.py:830} INFO - Processing file /home/airflow/.local/lib/python3.12/site-packages/airflow/example_dags/example_short_circuit_operator.py for tasks to queue
[2024-12-20T04:47:00.247+0000] {logging_mixin.py:188} INFO - [2024-12-20T04:47:00.247+0000] {dagbag.py:545} INFO - Filling up the DagBag from /home/airflow/.local/lib/python3.12/site-packages/airflow/example_dags/example_short_circuit_operator.py
[2024-12-20T04:47:00.252+0000] {processor.py:840} INFO - DAG(s) 'example_short_circuit_operator' retrieved from /home/airflow/.local/lib/python3.12/site-packages/airflow/example_dags/example_short_circuit_operator.py
[2024-12-20T04:47:00.265+0000] {logging_mixin.py:188} INFO - [2024-12-20T04:47:00.265+0000] {dag.py:3089} INFO - Sync 1 DAGs
[2024-12-20T04:47:00.275+0000] {logging_mixin.py:188} INFO - [2024-12-20T04:47:00.275+0000] {dag.py:3947} INFO - Setting next_dagrun for example_short_circuit_operator to 2024-12-19 00:00:00+00:00, run_after=2024-12-20 00:00:00+00:00
[2024-12-20T04:47:00.284+0000] {processor.py:183} INFO - Processing /home/airflow/.local/lib/python3.12/site-packages/airflow/example_dags/example_short_circuit_operator.py took 0.043 seconds
