[2024-12-20T04:30:02.707+0000] {processor.py:161} INFO - Started process (PID=332) to work on /home/airflow/.local/lib/python3.12/site-packages/airflow/example_dags/example_branch_datetime_operator.py
[2024-12-20T04:30:02.709+0000] {processor.py:830} INFO - Processing file /home/airflow/.local/lib/python3.12/site-packages/airflow/example_dags/example_branch_datetime_operator.py for tasks to queue
[2024-12-20T04:30:02.717+0000] {logging_mixin.py:188} INFO - [2024-12-20T04:30:02.716+0000] {dagbag.py:545} INFO - Filling up the DagBag from /home/airflow/.local/lib/python3.12/site-packages/airflow/example_dags/example_branch_datetime_operator.py
[2024-12-20T04:30:02.727+0000] {processor.py:840} INFO - DAG(s) 'example_branch_datetime_operator', 'example_branch_datetime_operator_3', 'example_branch_datetime_operator_2' retrieved from /home/airflow/.local/lib/python3.12/site-packages/airflow/example_dags/example_branch_datetime_operator.py
[2024-12-20T04:30:02.911+0000] {logging_mixin.py:188} INFO - [2024-12-20T04:30:02.911+0000] {dag.py:3089} INFO - Sync 3 DAGs
[2024-12-20T04:30:02.942+0000] {logging_mixin.py:188} INFO - [2024-12-20T04:30:02.941+0000] {dag.py:3947} INFO - Setting next_dagrun for example_branch_datetime_operator to 2024-12-19 00:00:00+00:00, run_after=2024-12-20 00:00:00+00:00
[2024-12-20T04:30:02.949+0000] {logging_mixin.py:188} INFO - [2024-12-20T04:30:02.949+0000] {dag.py:3947} INFO - Setting next_dagrun for example_branch_datetime_operator_2 to 2024-12-19 00:00:00+00:00, run_after=2024-12-20 00:00:00+00:00
[2024-12-20T04:30:02.953+0000] {logging_mixin.py:188} INFO - [2024-12-20T04:30:02.953+0000] {dag.py:3947} INFO - Setting next_dagrun for example_branch_datetime_operator_3 to 2024-12-19 00:00:00+00:00, run_after=2024-12-20 00:00:00+00:00
[2024-12-20T04:30:02.985+0000] {processor.py:183} INFO - Processing /home/airflow/.local/lib/python3.12/site-packages/airflow/example_dags/example_branch_datetime_operator.py took 0.285 seconds
[2024-12-20T04:37:18.101+0000] {processor.py:161} INFO - Started process (PID=331) to work on /home/airflow/.local/lib/python3.12/site-packages/airflow/example_dags/example_branch_datetime_operator.py
[2024-12-20T04:37:18.102+0000] {processor.py:830} INFO - Processing file /home/airflow/.local/lib/python3.12/site-packages/airflow/example_dags/example_branch_datetime_operator.py for tasks to queue
[2024-12-20T04:37:18.108+0000] {logging_mixin.py:188} INFO - [2024-12-20T04:37:18.108+0000] {dagbag.py:545} INFO - Filling up the DagBag from /home/airflow/.local/lib/python3.12/site-packages/airflow/example_dags/example_branch_datetime_operator.py
[2024-12-20T04:37:18.115+0000] {processor.py:840} INFO - DAG(s) 'example_branch_datetime_operator_3', 'example_branch_datetime_operator_2', 'example_branch_datetime_operator' retrieved from /home/airflow/.local/lib/python3.12/site-packages/airflow/example_dags/example_branch_datetime_operator.py
[2024-12-20T04:37:18.127+0000] {logging_mixin.py:188} INFO - [2024-12-20T04:37:18.127+0000] {dag.py:3089} INFO - Sync 3 DAGs
[2024-12-20T04:37:18.147+0000] {logging_mixin.py:188} INFO - [2024-12-20T04:37:18.146+0000] {dag.py:3947} INFO - Setting next_dagrun for example_branch_datetime_operator to 2024-12-19 00:00:00+00:00, run_after=2024-12-20 00:00:00+00:00
[2024-12-20T04:37:18.150+0000] {logging_mixin.py:188} INFO - [2024-12-20T04:37:18.150+0000] {dag.py:3947} INFO - Setting next_dagrun for example_branch_datetime_operator_2 to 2024-12-19 00:00:00+00:00, run_after=2024-12-20 00:00:00+00:00
[2024-12-20T04:37:18.151+0000] {logging_mixin.py:188} INFO - [2024-12-20T04:37:18.151+0000] {dag.py:3947} INFO - Setting next_dagrun for example_branch_datetime_operator_3 to 2024-12-19 00:00:00+00:00, run_after=2024-12-20 00:00:00+00:00
[2024-12-20T04:37:18.163+0000] {processor.py:183} INFO - Processing /home/airflow/.local/lib/python3.12/site-packages/airflow/example_dags/example_branch_datetime_operator.py took 0.069 seconds
[2024-12-20T04:38:55.826+0000] {processor.py:161} INFO - Started process (PID=742) to work on /home/airflow/.local/lib/python3.12/site-packages/airflow/example_dags/example_branch_datetime_operator.py
[2024-12-20T04:38:55.827+0000] {processor.py:830} INFO - Processing file /home/airflow/.local/lib/python3.12/site-packages/airflow/example_dags/example_branch_datetime_operator.py for tasks to queue
[2024-12-20T04:38:55.828+0000] {logging_mixin.py:188} INFO - [2024-12-20T04:38:55.828+0000] {dagbag.py:545} INFO - Filling up the DagBag from /home/airflow/.local/lib/python3.12/site-packages/airflow/example_dags/example_branch_datetime_operator.py
[2024-12-20T04:38:55.834+0000] {processor.py:840} INFO - DAG(s) 'example_branch_datetime_operator_2', 'example_branch_datetime_operator_3', 'example_branch_datetime_operator' retrieved from /home/airflow/.local/lib/python3.12/site-packages/airflow/example_dags/example_branch_datetime_operator.py
[2024-12-20T04:38:55.928+0000] {logging_mixin.py:188} INFO - [2024-12-20T04:38:55.928+0000] {dag.py:3089} INFO - Sync 3 DAGs
[2024-12-20T04:38:55.943+0000] {logging_mixin.py:188} INFO - [2024-12-20T04:38:55.943+0000] {dag.py:3947} INFO - Setting next_dagrun for example_branch_datetime_operator to 2024-12-19 00:00:00+00:00, run_after=2024-12-20 00:00:00+00:00
[2024-12-20T04:38:55.946+0000] {logging_mixin.py:188} INFO - [2024-12-20T04:38:55.946+0000] {dag.py:3947} INFO - Setting next_dagrun for example_branch_datetime_operator_2 to 2024-12-19 00:00:00+00:00, run_after=2024-12-20 00:00:00+00:00
[2024-12-20T04:38:55.947+0000] {logging_mixin.py:188} INFO - [2024-12-20T04:38:55.947+0000] {dag.py:3947} INFO - Setting next_dagrun for example_branch_datetime_operator_3 to 2024-12-19 00:00:00+00:00, run_after=2024-12-20 00:00:00+00:00
[2024-12-20T04:38:55.958+0000] {processor.py:183} INFO - Processing /home/airflow/.local/lib/python3.12/site-packages/airflow/example_dags/example_branch_datetime_operator.py took 0.135 seconds
[2024-12-20T04:39:26.341+0000] {processor.py:161} INFO - Started process (PID=1019) to work on /home/airflow/.local/lib/python3.12/site-packages/airflow/example_dags/example_branch_datetime_operator.py
[2024-12-20T04:39:26.342+0000] {processor.py:830} INFO - Processing file /home/airflow/.local/lib/python3.12/site-packages/airflow/example_dags/example_branch_datetime_operator.py for tasks to queue
[2024-12-20T04:39:26.343+0000] {logging_mixin.py:188} INFO - [2024-12-20T04:39:26.343+0000] {dagbag.py:545} INFO - Filling up the DagBag from /home/airflow/.local/lib/python3.12/site-packages/airflow/example_dags/example_branch_datetime_operator.py
[2024-12-20T04:39:26.349+0000] {processor.py:840} INFO - DAG(s) 'example_branch_datetime_operator', 'example_branch_datetime_operator_2', 'example_branch_datetime_operator_3' retrieved from /home/airflow/.local/lib/python3.12/site-packages/airflow/example_dags/example_branch_datetime_operator.py
[2024-12-20T04:39:26.363+0000] {logging_mixin.py:188} INFO - [2024-12-20T04:39:26.363+0000] {dag.py:3089} INFO - Sync 3 DAGs
[2024-12-20T04:39:26.378+0000] {logging_mixin.py:188} INFO - [2024-12-20T04:39:26.378+0000] {dag.py:3947} INFO - Setting next_dagrun for example_branch_datetime_operator to 2024-12-19 00:00:00+00:00, run_after=2024-12-20 00:00:00+00:00
[2024-12-20T04:39:26.380+0000] {logging_mixin.py:188} INFO - [2024-12-20T04:39:26.380+0000] {dag.py:3947} INFO - Setting next_dagrun for example_branch_datetime_operator_2 to 2024-12-19 00:00:00+00:00, run_after=2024-12-20 00:00:00+00:00
[2024-12-20T04:39:26.382+0000] {logging_mixin.py:188} INFO - [2024-12-20T04:39:26.381+0000] {dag.py:3947} INFO - Setting next_dagrun for example_branch_datetime_operator_3 to 2024-12-19 00:00:00+00:00, run_after=2024-12-20 00:00:00+00:00
[2024-12-20T04:39:26.389+0000] {processor.py:183} INFO - Processing /home/airflow/.local/lib/python3.12/site-packages/airflow/example_dags/example_branch_datetime_operator.py took 0.052 seconds
[2024-12-20T04:39:57.297+0000] {processor.py:161} INFO - Started process (PID=1298) to work on /home/airflow/.local/lib/python3.12/site-packages/airflow/example_dags/example_branch_datetime_operator.py
[2024-12-20T04:39:57.298+0000] {processor.py:830} INFO - Processing file /home/airflow/.local/lib/python3.12/site-packages/airflow/example_dags/example_branch_datetime_operator.py for tasks to queue
[2024-12-20T04:39:57.301+0000] {logging_mixin.py:188} INFO - [2024-12-20T04:39:57.301+0000] {dagbag.py:545} INFO - Filling up the DagBag from /home/airflow/.local/lib/python3.12/site-packages/airflow/example_dags/example_branch_datetime_operator.py
[2024-12-20T04:39:57.309+0000] {processor.py:840} INFO - DAG(s) 'example_branch_datetime_operator', 'example_branch_datetime_operator_3', 'example_branch_datetime_operator_2' retrieved from /home/airflow/.local/lib/python3.12/site-packages/airflow/example_dags/example_branch_datetime_operator.py
[2024-12-20T04:39:57.330+0000] {logging_mixin.py:188} INFO - [2024-12-20T04:39:57.330+0000] {dag.py:3089} INFO - Sync 3 DAGs
[2024-12-20T04:39:57.348+0000] {logging_mixin.py:188} INFO - [2024-12-20T04:39:57.348+0000] {dag.py:3947} INFO - Setting next_dagrun for example_branch_datetime_operator to 2024-12-19 00:00:00+00:00, run_after=2024-12-20 00:00:00+00:00
[2024-12-20T04:39:57.351+0000] {logging_mixin.py:188} INFO - [2024-12-20T04:39:57.351+0000] {dag.py:3947} INFO - Setting next_dagrun for example_branch_datetime_operator_2 to 2024-12-19 00:00:00+00:00, run_after=2024-12-20 00:00:00+00:00
[2024-12-20T04:39:57.352+0000] {logging_mixin.py:188} INFO - [2024-12-20T04:39:57.352+0000] {dag.py:3947} INFO - Setting next_dagrun for example_branch_datetime_operator_3 to 2024-12-19 00:00:00+00:00, run_after=2024-12-20 00:00:00+00:00
[2024-12-20T04:39:57.360+0000] {processor.py:183} INFO - Processing /home/airflow/.local/lib/python3.12/site-packages/airflow/example_dags/example_branch_datetime_operator.py took 0.071 seconds
[2024-12-20T04:41:36.568+0000] {processor.py:161} INFO - Started process (PID=1672) to work on /home/airflow/.local/lib/python3.12/site-packages/airflow/example_dags/example_branch_datetime_operator.py
[2024-12-20T04:41:36.586+0000] {processor.py:830} INFO - Processing file /home/airflow/.local/lib/python3.12/site-packages/airflow/example_dags/example_branch_datetime_operator.py for tasks to queue
[2024-12-20T04:41:36.606+0000] {logging_mixin.py:188} INFO - [2024-12-20T04:41:36.594+0000] {dagbag.py:545} INFO - Filling up the DagBag from /home/airflow/.local/lib/python3.12/site-packages/airflow/example_dags/example_branch_datetime_operator.py
[2024-12-20T04:41:36.953+0000] {processor.py:840} INFO - DAG(s) 'example_branch_datetime_operator_3', 'example_branch_datetime_operator', 'example_branch_datetime_operator_2' retrieved from /home/airflow/.local/lib/python3.12/site-packages/airflow/example_dags/example_branch_datetime_operator.py
[2024-12-20T04:41:39.208+0000] {logging_mixin.py:188} INFO - [2024-12-20T04:41:39.200+0000] {dag.py:3089} INFO - Sync 3 DAGs
[2024-12-20T04:41:41.438+0000] {logging_mixin.py:188} INFO - [2024-12-20T04:41:41.399+0000] {dag.py:3947} INFO - Setting next_dagrun for example_branch_datetime_operator to 2024-12-19 00:00:00+00:00, run_after=2024-12-20 00:00:00+00:00
[2024-12-20T04:41:41.535+0000] {logging_mixin.py:188} INFO - [2024-12-20T04:41:41.534+0000] {dag.py:3947} INFO - Setting next_dagrun for example_branch_datetime_operator_2 to 2024-12-19 00:00:00+00:00, run_after=2024-12-20 00:00:00+00:00
[2024-12-20T04:41:41.624+0000] {logging_mixin.py:188} INFO - [2024-12-20T04:41:41.623+0000] {dag.py:3947} INFO - Setting next_dagrun for example_branch_datetime_operator_3 to 2024-12-19 00:00:00+00:00, run_after=2024-12-20 00:00:00+00:00
[2024-12-20T04:41:42.757+0000] {processor.py:183} INFO - Processing /home/airflow/.local/lib/python3.12/site-packages/airflow/example_dags/example_branch_datetime_operator.py took 6.501 seconds
[2024-12-20T04:42:14.954+0000] {processor.py:161} INFO - Started process (PID=1992) to work on /home/airflow/.local/lib/python3.12/site-packages/airflow/example_dags/example_branch_datetime_operator.py
[2024-12-20T04:42:14.973+0000] {processor.py:830} INFO - Processing file /home/airflow/.local/lib/python3.12/site-packages/airflow/example_dags/example_branch_datetime_operator.py for tasks to queue
[2024-12-20T04:42:14.991+0000] {logging_mixin.py:188} INFO - [2024-12-20T04:42:14.989+0000] {dagbag.py:545} INFO - Filling up the DagBag from /home/airflow/.local/lib/python3.12/site-packages/airflow/example_dags/example_branch_datetime_operator.py
[2024-12-20T04:42:15.011+0000] {processor.py:840} INFO - DAG(s) 'example_branch_datetime_operator_3', 'example_branch_datetime_operator_2', 'example_branch_datetime_operator' retrieved from /home/airflow/.local/lib/python3.12/site-packages/airflow/example_dags/example_branch_datetime_operator.py
[2024-12-20T04:42:15.081+0000] {logging_mixin.py:188} INFO - [2024-12-20T04:42:15.081+0000] {dag.py:3089} INFO - Sync 3 DAGs
[2024-12-20T04:42:15.115+0000] {logging_mixin.py:188} INFO - [2024-12-20T04:42:15.115+0000] {dag.py:3947} INFO - Setting next_dagrun for example_branch_datetime_operator to 2024-12-19 00:00:00+00:00, run_after=2024-12-20 00:00:00+00:00
[2024-12-20T04:42:15.119+0000] {logging_mixin.py:188} INFO - [2024-12-20T04:42:15.118+0000] {dag.py:3947} INFO - Setting next_dagrun for example_branch_datetime_operator_2 to 2024-12-19 00:00:00+00:00, run_after=2024-12-20 00:00:00+00:00
[2024-12-20T04:42:15.129+0000] {logging_mixin.py:188} INFO - [2024-12-20T04:42:15.128+0000] {dag.py:3947} INFO - Setting next_dagrun for example_branch_datetime_operator_3 to 2024-12-19 00:00:00+00:00, run_after=2024-12-20 00:00:00+00:00
[2024-12-20T04:42:15.168+0000] {processor.py:183} INFO - Processing /home/airflow/.local/lib/python3.12/site-packages/airflow/example_dags/example_branch_datetime_operator.py took 0.267 seconds
[2024-12-20T04:42:59.487+0000] {processor.py:161} INFO - Started process (PID=2287) to work on /home/airflow/.local/lib/python3.12/site-packages/airflow/example_dags/example_branch_datetime_operator.py
[2024-12-20T04:42:59.489+0000] {processor.py:830} INFO - Processing file /home/airflow/.local/lib/python3.12/site-packages/airflow/example_dags/example_branch_datetime_operator.py for tasks to queue
[2024-12-20T04:42:59.490+0000] {logging_mixin.py:188} INFO - [2024-12-20T04:42:59.490+0000] {dagbag.py:545} INFO - Filling up the DagBag from /home/airflow/.local/lib/python3.12/site-packages/airflow/example_dags/example_branch_datetime_operator.py
[2024-12-20T04:42:59.499+0000] {processor.py:840} INFO - DAG(s) 'example_branch_datetime_operator_3', 'example_branch_datetime_operator_2', 'example_branch_datetime_operator' retrieved from /home/airflow/.local/lib/python3.12/site-packages/airflow/example_dags/example_branch_datetime_operator.py
[2024-12-20T04:42:59.548+0000] {logging_mixin.py:188} INFO - [2024-12-20T04:42:59.548+0000] {dag.py:3089} INFO - Sync 3 DAGs
[2024-12-20T04:42:59.577+0000] {logging_mixin.py:188} INFO - [2024-12-20T04:42:59.577+0000] {dag.py:3947} INFO - Setting next_dagrun for example_branch_datetime_operator to 2024-12-19 00:00:00+00:00, run_after=2024-12-20 00:00:00+00:00
[2024-12-20T04:42:59.583+0000] {logging_mixin.py:188} INFO - [2024-12-20T04:42:59.583+0000] {dag.py:3947} INFO - Setting next_dagrun for example_branch_datetime_operator_2 to 2024-12-19 00:00:00+00:00, run_after=2024-12-20 00:00:00+00:00
[2024-12-20T04:42:59.586+0000] {logging_mixin.py:188} INFO - [2024-12-20T04:42:59.586+0000] {dag.py:3947} INFO - Setting next_dagrun for example_branch_datetime_operator_3 to 2024-12-19 00:00:00+00:00, run_after=2024-12-20 00:00:00+00:00
[2024-12-20T04:42:59.620+0000] {processor.py:183} INFO - Processing /home/airflow/.local/lib/python3.12/site-packages/airflow/example_dags/example_branch_datetime_operator.py took 0.139 seconds
[2024-12-20T04:44:26.561+0000] {processor.py:161} INFO - Started process (PID=2651) to work on /home/airflow/.local/lib/python3.12/site-packages/airflow/example_dags/example_branch_datetime_operator.py
[2024-12-20T04:44:26.576+0000] {processor.py:830} INFO - Processing file /home/airflow/.local/lib/python3.12/site-packages/airflow/example_dags/example_branch_datetime_operator.py for tasks to queue
[2024-12-20T04:44:26.594+0000] {logging_mixin.py:188} INFO - [2024-12-20T04:44:26.593+0000] {dagbag.py:545} INFO - Filling up the DagBag from /home/airflow/.local/lib/python3.12/site-packages/airflow/example_dags/example_branch_datetime_operator.py
[2024-12-20T04:44:26.644+0000] {processor.py:840} INFO - DAG(s) 'example_branch_datetime_operator', 'example_branch_datetime_operator_2', 'example_branch_datetime_operator_3' retrieved from /home/airflow/.local/lib/python3.12/site-packages/airflow/example_dags/example_branch_datetime_operator.py
[2024-12-20T04:44:26.842+0000] {logging_mixin.py:188} INFO - [2024-12-20T04:44:26.841+0000] {dag.py:3089} INFO - Sync 3 DAGs
[2024-12-20T04:44:26.950+0000] {logging_mixin.py:188} INFO - [2024-12-20T04:44:26.950+0000] {dag.py:3947} INFO - Setting next_dagrun for example_branch_datetime_operator to 2024-12-19 00:00:00+00:00, run_after=2024-12-20 00:00:00+00:00
[2024-12-20T04:44:26.986+0000] {logging_mixin.py:188} INFO - [2024-12-20T04:44:26.964+0000] {dag.py:3947} INFO - Setting next_dagrun for example_branch_datetime_operator_2 to 2024-12-19 00:00:00+00:00, run_after=2024-12-20 00:00:00+00:00
[2024-12-20T04:44:27.004+0000] {logging_mixin.py:188} INFO - [2024-12-20T04:44:27.004+0000] {dag.py:3947} INFO - Setting next_dagrun for example_branch_datetime_operator_3 to 2024-12-19 00:00:00+00:00, run_after=2024-12-20 00:00:00+00:00
[2024-12-20T04:44:27.150+0000] {processor.py:183} INFO - Processing /home/airflow/.local/lib/python3.12/site-packages/airflow/example_dags/example_branch_datetime_operator.py took 0.675 seconds
[2024-12-20T04:44:58.238+0000] {processor.py:161} INFO - Started process (PID=2977) to work on /home/airflow/.local/lib/python3.12/site-packages/airflow/example_dags/example_branch_datetime_operator.py
[2024-12-20T04:44:58.262+0000] {processor.py:830} INFO - Processing file /home/airflow/.local/lib/python3.12/site-packages/airflow/example_dags/example_branch_datetime_operator.py for tasks to queue
[2024-12-20T04:44:58.327+0000] {logging_mixin.py:188} INFO - [2024-12-20T04:44:58.322+0000] {dagbag.py:545} INFO - Filling up the DagBag from /home/airflow/.local/lib/python3.12/site-packages/airflow/example_dags/example_branch_datetime_operator.py
[2024-12-20T04:44:58.507+0000] {processor.py:840} INFO - DAG(s) 'example_branch_datetime_operator_3', 'example_branch_datetime_operator', 'example_branch_datetime_operator_2' retrieved from /home/airflow/.local/lib/python3.12/site-packages/airflow/example_dags/example_branch_datetime_operator.py
[2024-12-20T04:44:58.808+0000] {logging_mixin.py:188} INFO - [2024-12-20T04:44:58.805+0000] {dag.py:3089} INFO - Sync 3 DAGs
[2024-12-20T04:44:59.008+0000] {logging_mixin.py:188} INFO - [2024-12-20T04:44:59.007+0000] {dag.py:3947} INFO - Setting next_dagrun for example_branch_datetime_operator to 2024-12-19 00:00:00+00:00, run_after=2024-12-20 00:00:00+00:00
[2024-12-20T04:44:59.029+0000] {logging_mixin.py:188} INFO - [2024-12-20T04:44:59.028+0000] {dag.py:3947} INFO - Setting next_dagrun for example_branch_datetime_operator_2 to 2024-12-19 00:00:00+00:00, run_after=2024-12-20 00:00:00+00:00
[2024-12-20T04:44:59.053+0000] {logging_mixin.py:188} INFO - [2024-12-20T04:44:59.052+0000] {dag.py:3947} INFO - Setting next_dagrun for example_branch_datetime_operator_3 to 2024-12-19 00:00:00+00:00, run_after=2024-12-20 00:00:00+00:00
[2024-12-20T04:44:59.300+0000] {processor.py:183} INFO - Processing /home/airflow/.local/lib/python3.12/site-packages/airflow/example_dags/example_branch_datetime_operator.py took 1.200 seconds
[2024-12-20T04:45:59.500+0000] {processor.py:161} INFO - Started process (PID=3179) to work on /home/airflow/.local/lib/python3.12/site-packages/airflow/example_dags/example_branch_datetime_operator.py
[2024-12-20T04:45:59.501+0000] {processor.py:830} INFO - Processing file /home/airflow/.local/lib/python3.12/site-packages/airflow/example_dags/example_branch_datetime_operator.py for tasks to queue
[2024-12-20T04:45:59.502+0000] {logging_mixin.py:188} INFO - [2024-12-20T04:45:59.502+0000] {dagbag.py:545} INFO - Filling up the DagBag from /home/airflow/.local/lib/python3.12/site-packages/airflow/example_dags/example_branch_datetime_operator.py
[2024-12-20T04:45:59.510+0000] {processor.py:840} INFO - DAG(s) 'example_branch_datetime_operator', 'example_branch_datetime_operator_2', 'example_branch_datetime_operator_3' retrieved from /home/airflow/.local/lib/python3.12/site-packages/airflow/example_dags/example_branch_datetime_operator.py
[2024-12-20T04:45:59.533+0000] {logging_mixin.py:188} INFO - [2024-12-20T04:45:59.533+0000] {dag.py:3089} INFO - Sync 3 DAGs
[2024-12-20T04:45:59.571+0000] {logging_mixin.py:188} INFO - [2024-12-20T04:45:59.571+0000] {dag.py:3947} INFO - Setting next_dagrun for example_branch_datetime_operator to 2024-12-19 00:00:00+00:00, run_after=2024-12-20 00:00:00+00:00
[2024-12-20T04:45:59.575+0000] {logging_mixin.py:188} INFO - [2024-12-20T04:45:59.574+0000] {dag.py:3947} INFO - Setting next_dagrun for example_branch_datetime_operator_2 to 2024-12-19 00:00:00+00:00, run_after=2024-12-20 00:00:00+00:00
[2024-12-20T04:45:59.576+0000] {logging_mixin.py:188} INFO - [2024-12-20T04:45:59.576+0000] {dag.py:3947} INFO - Setting next_dagrun for example_branch_datetime_operator_3 to 2024-12-19 00:00:00+00:00, run_after=2024-12-20 00:00:00+00:00
[2024-12-20T04:45:59.588+0000] {processor.py:183} INFO - Processing /home/airflow/.local/lib/python3.12/site-packages/airflow/example_dags/example_branch_datetime_operator.py took 0.095 seconds
[2024-12-20T04:46:30.223+0000] {processor.py:161} INFO - Started process (PID=3456) to work on /home/airflow/.local/lib/python3.12/site-packages/airflow/example_dags/example_branch_datetime_operator.py
[2024-12-20T04:46:30.224+0000] {processor.py:830} INFO - Processing file /home/airflow/.local/lib/python3.12/site-packages/airflow/example_dags/example_branch_datetime_operator.py for tasks to queue
[2024-12-20T04:46:30.225+0000] {logging_mixin.py:188} INFO - [2024-12-20T04:46:30.225+0000] {dagbag.py:545} INFO - Filling up the DagBag from /home/airflow/.local/lib/python3.12/site-packages/airflow/example_dags/example_branch_datetime_operator.py
[2024-12-20T04:46:30.231+0000] {processor.py:840} INFO - DAG(s) 'example_branch_datetime_operator_3', 'example_branch_datetime_operator', 'example_branch_datetime_operator_2' retrieved from /home/airflow/.local/lib/python3.12/site-packages/airflow/example_dags/example_branch_datetime_operator.py
[2024-12-20T04:46:30.246+0000] {logging_mixin.py:188} INFO - [2024-12-20T04:46:30.246+0000] {dag.py:3089} INFO - Sync 3 DAGs
[2024-12-20T04:46:30.259+0000] {logging_mixin.py:188} INFO - [2024-12-20T04:46:30.259+0000] {dag.py:3947} INFO - Setting next_dagrun for example_branch_datetime_operator to 2024-12-19 00:00:00+00:00, run_after=2024-12-20 00:00:00+00:00
[2024-12-20T04:46:30.262+0000] {logging_mixin.py:188} INFO - [2024-12-20T04:46:30.261+0000] {dag.py:3947} INFO - Setting next_dagrun for example_branch_datetime_operator_2 to 2024-12-19 00:00:00+00:00, run_after=2024-12-20 00:00:00+00:00
[2024-12-20T04:46:30.263+0000] {logging_mixin.py:188} INFO - [2024-12-20T04:46:30.263+0000] {dag.py:3947} INFO - Setting next_dagrun for example_branch_datetime_operator_3 to 2024-12-19 00:00:00+00:00, run_after=2024-12-20 00:00:00+00:00
[2024-12-20T04:46:30.270+0000] {processor.py:183} INFO - Processing /home/airflow/.local/lib/python3.12/site-packages/airflow/example_dags/example_branch_datetime_operator.py took 0.052 seconds
[2024-12-20T04:47:00.788+0000] {processor.py:161} INFO - Started process (PID=3733) to work on /home/airflow/.local/lib/python3.12/site-packages/airflow/example_dags/example_branch_datetime_operator.py
[2024-12-20T04:47:00.789+0000] {processor.py:830} INFO - Processing file /home/airflow/.local/lib/python3.12/site-packages/airflow/example_dags/example_branch_datetime_operator.py for tasks to queue
[2024-12-20T04:47:00.790+0000] {logging_mixin.py:188} INFO - [2024-12-20T04:47:00.790+0000] {dagbag.py:545} INFO - Filling up the DagBag from /home/airflow/.local/lib/python3.12/site-packages/airflow/example_dags/example_branch_datetime_operator.py
[2024-12-20T04:47:00.796+0000] {processor.py:840} INFO - DAG(s) 'example_branch_datetime_operator_2', 'example_branch_datetime_operator_3', 'example_branch_datetime_operator' retrieved from /home/airflow/.local/lib/python3.12/site-packages/airflow/example_dags/example_branch_datetime_operator.py
[2024-12-20T04:47:00.811+0000] {logging_mixin.py:188} INFO - [2024-12-20T04:47:00.811+0000] {dag.py:3089} INFO - Sync 3 DAGs
[2024-12-20T04:47:00.824+0000] {logging_mixin.py:188} INFO - [2024-12-20T04:47:00.824+0000] {dag.py:3947} INFO - Setting next_dagrun for example_branch_datetime_operator to 2024-12-19 00:00:00+00:00, run_after=2024-12-20 00:00:00+00:00
[2024-12-20T04:47:00.828+0000] {logging_mixin.py:188} INFO - [2024-12-20T04:47:00.828+0000] {dag.py:3947} INFO - Setting next_dagrun for example_branch_datetime_operator_2 to 2024-12-19 00:00:00+00:00, run_after=2024-12-20 00:00:00+00:00
[2024-12-20T04:47:00.829+0000] {logging_mixin.py:188} INFO - [2024-12-20T04:47:00.829+0000] {dag.py:3947} INFO - Setting next_dagrun for example_branch_datetime_operator_3 to 2024-12-19 00:00:00+00:00, run_after=2024-12-20 00:00:00+00:00
[2024-12-20T04:47:00.837+0000] {processor.py:183} INFO - Processing /home/airflow/.local/lib/python3.12/site-packages/airflow/example_dags/example_branch_datetime_operator.py took 0.054 seconds
