[2024-12-20T04:30:03.054+0000] {processor.py:161} INFO - Started process (PID=340) to work on /home/airflow/.local/lib/python3.12/site-packages/airflow/example_dags/example_branch_labels.py
[2024-12-20T04:30:03.056+0000] {processor.py:830} INFO - Processing file /home/airflow/.local/lib/python3.12/site-packages/airflow/example_dags/example_branch_labels.py for tasks to queue
[2024-12-20T04:30:03.057+0000] {logging_mixin.py:188} INFO - [2024-12-20T04:30:03.057+0000] {dagbag.py:545} INFO - Filling up the DagBag from /home/airflow/.local/lib/python3.12/site-packages/airflow/example_dags/example_branch_labels.py
[2024-12-20T04:30:03.078+0000] {processor.py:840} INFO - DAG(s) 'example_branch_labels' retrieved from /home/airflow/.local/lib/python3.12/site-packages/airflow/example_dags/example_branch_labels.py
[2024-12-20T04:30:03.285+0000] {logging_mixin.py:188} INFO - [2024-12-20T04:30:03.284+0000] {dag.py:3089} INFO - Sync 1 DAGs
[2024-12-20T04:30:03.305+0000] {logging_mixin.py:188} INFO - [2024-12-20T04:30:03.305+0000] {dag.py:3947} INFO - Setting next_dagrun for example_branch_labels to 2024-12-19 00:00:00+00:00, run_after=2024-12-20 00:00:00+00:00
[2024-12-20T04:30:03.349+0000] {processor.py:183} INFO - Processing /home/airflow/.local/lib/python3.12/site-packages/airflow/example_dags/example_branch_labels.py took 0.300 seconds
[2024-12-20T04:37:18.286+0000] {processor.py:161} INFO - Started process (PID=344) to work on /home/airflow/.local/lib/python3.12/site-packages/airflow/example_dags/example_branch_labels.py
[2024-12-20T04:37:18.287+0000] {processor.py:830} INFO - Processing file /home/airflow/.local/lib/python3.12/site-packages/airflow/example_dags/example_branch_labels.py for tasks to queue
[2024-12-20T04:37:18.288+0000] {logging_mixin.py:188} INFO - [2024-12-20T04:37:18.288+0000] {dagbag.py:545} INFO - Filling up the DagBag from /home/airflow/.local/lib/python3.12/site-packages/airflow/example_dags/example_branch_labels.py
[2024-12-20T04:37:18.296+0000] {processor.py:840} INFO - DAG(s) 'example_branch_labels' retrieved from /home/airflow/.local/lib/python3.12/site-packages/airflow/example_dags/example_branch_labels.py
[2024-12-20T04:37:18.322+0000] {logging_mixin.py:188} INFO - [2024-12-20T04:37:18.322+0000] {dag.py:3089} INFO - Sync 1 DAGs
[2024-12-20T04:37:18.345+0000] {logging_mixin.py:188} INFO - [2024-12-20T04:37:18.345+0000] {dag.py:3947} INFO - Setting next_dagrun for example_branch_labels to 2024-12-19 00:00:00+00:00, run_after=2024-12-20 00:00:00+00:00
[2024-12-20T04:37:18.365+0000] {processor.py:183} INFO - Processing /home/airflow/.local/lib/python3.12/site-packages/airflow/example_dags/example_branch_labels.py took 0.083 seconds
[2024-12-20T04:38:55.995+0000] {processor.py:161} INFO - Started process (PID=752) to work on /home/airflow/.local/lib/python3.12/site-packages/airflow/example_dags/example_branch_labels.py
[2024-12-20T04:38:55.996+0000] {processor.py:830} INFO - Processing file /home/airflow/.local/lib/python3.12/site-packages/airflow/example_dags/example_branch_labels.py for tasks to queue
[2024-12-20T04:38:55.998+0000] {logging_mixin.py:188} INFO - [2024-12-20T04:38:55.998+0000] {dagbag.py:545} INFO - Filling up the DagBag from /home/airflow/.local/lib/python3.12/site-packages/airflow/example_dags/example_branch_labels.py
[2024-12-20T04:38:56.005+0000] {processor.py:840} INFO - DAG(s) 'example_branch_labels' retrieved from /home/airflow/.local/lib/python3.12/site-packages/airflow/example_dags/example_branch_labels.py
[2024-12-20T04:38:56.072+0000] {logging_mixin.py:188} INFO - [2024-12-20T04:38:56.071+0000] {dag.py:3089} INFO - Sync 1 DAGs
[2024-12-20T04:38:56.083+0000] {logging_mixin.py:188} INFO - [2024-12-20T04:38:56.083+0000] {dag.py:3947} INFO - Setting next_dagrun for example_branch_labels to 2024-12-19 00:00:00+00:00, run_after=2024-12-20 00:00:00+00:00
[2024-12-20T04:38:56.093+0000] {processor.py:183} INFO - Processing /home/airflow/.local/lib/python3.12/site-packages/airflow/example_dags/example_branch_labels.py took 0.105 seconds
[2024-12-20T04:39:26.406+0000] {processor.py:161} INFO - Started process (PID=1029) to work on /home/airflow/.local/lib/python3.12/site-packages/airflow/example_dags/example_branch_labels.py
[2024-12-20T04:39:26.407+0000] {processor.py:830} INFO - Processing file /home/airflow/.local/lib/python3.12/site-packages/airflow/example_dags/example_branch_labels.py for tasks to queue
[2024-12-20T04:39:26.408+0000] {logging_mixin.py:188} INFO - [2024-12-20T04:39:26.408+0000] {dagbag.py:545} INFO - Filling up the DagBag from /home/airflow/.local/lib/python3.12/site-packages/airflow/example_dags/example_branch_labels.py
[2024-12-20T04:39:26.413+0000] {processor.py:840} INFO - DAG(s) 'example_branch_labels' retrieved from /home/airflow/.local/lib/python3.12/site-packages/airflow/example_dags/example_branch_labels.py
[2024-12-20T04:39:26.425+0000] {logging_mixin.py:188} INFO - [2024-12-20T04:39:26.425+0000] {dag.py:3089} INFO - Sync 1 DAGs
[2024-12-20T04:39:26.438+0000] {logging_mixin.py:188} INFO - [2024-12-20T04:39:26.438+0000] {dag.py:3947} INFO - Setting next_dagrun for example_branch_labels to 2024-12-19 00:00:00+00:00, run_after=2024-12-20 00:00:00+00:00
[2024-12-20T04:39:26.447+0000] {processor.py:183} INFO - Processing /home/airflow/.local/lib/python3.12/site-packages/airflow/example_dags/example_branch_labels.py took 0.044 seconds
[2024-12-20T04:39:57.375+0000] {processor.py:161} INFO - Started process (PID=1308) to work on /home/airflow/.local/lib/python3.12/site-packages/airflow/example_dags/example_branch_labels.py
[2024-12-20T04:39:57.376+0000] {processor.py:830} INFO - Processing file /home/airflow/.local/lib/python3.12/site-packages/airflow/example_dags/example_branch_labels.py for tasks to queue
[2024-12-20T04:39:57.378+0000] {logging_mixin.py:188} INFO - [2024-12-20T04:39:57.378+0000] {dagbag.py:545} INFO - Filling up the DagBag from /home/airflow/.local/lib/python3.12/site-packages/airflow/example_dags/example_branch_labels.py
[2024-12-20T04:39:57.384+0000] {processor.py:840} INFO - DAG(s) 'example_branch_labels' retrieved from /home/airflow/.local/lib/python3.12/site-packages/airflow/example_dags/example_branch_labels.py
[2024-12-20T04:39:57.396+0000] {logging_mixin.py:188} INFO - [2024-12-20T04:39:57.396+0000] {dag.py:3089} INFO - Sync 1 DAGs
[2024-12-20T04:39:57.407+0000] {logging_mixin.py:188} INFO - [2024-12-20T04:39:57.407+0000] {dag.py:3947} INFO - Setting next_dagrun for example_branch_labels to 2024-12-19 00:00:00+00:00, run_after=2024-12-20 00:00:00+00:00
[2024-12-20T04:39:57.417+0000] {processor.py:183} INFO - Processing /home/airflow/.local/lib/python3.12/site-packages/airflow/example_dags/example_branch_labels.py took 0.047 seconds
[2024-12-20T04:41:43.929+0000] {processor.py:161} INFO - Started process (PID=1690) to work on /home/airflow/.local/lib/python3.12/site-packages/airflow/example_dags/example_branch_labels.py
[2024-12-20T04:41:43.938+0000] {processor.py:830} INFO - Processing file /home/airflow/.local/lib/python3.12/site-packages/airflow/example_dags/example_branch_labels.py for tasks to queue
[2024-12-20T04:41:44.013+0000] {logging_mixin.py:188} INFO - [2024-12-20T04:41:43.999+0000] {dagbag.py:545} INFO - Filling up the DagBag from /home/airflow/.local/lib/python3.12/site-packages/airflow/example_dags/example_branch_labels.py
[2024-12-20T04:41:44.346+0000] {processor.py:840} INFO - DAG(s) 'example_branch_labels' retrieved from /home/airflow/.local/lib/python3.12/site-packages/airflow/example_dags/example_branch_labels.py
[2024-12-20T04:41:44.835+0000] {logging_mixin.py:188} INFO - [2024-12-20T04:41:44.832+0000] {dag.py:3089} INFO - Sync 1 DAGs
[2024-12-20T04:41:45.166+0000] {logging_mixin.py:188} INFO - [2024-12-20T04:41:45.129+0000] {dag.py:3947} INFO - Setting next_dagrun for example_branch_labels to 2024-12-19 00:00:00+00:00, run_after=2024-12-20 00:00:00+00:00
[2024-12-20T04:41:45.485+0000] {processor.py:183} INFO - Processing /home/airflow/.local/lib/python3.12/site-packages/airflow/example_dags/example_branch_labels.py took 1.651 seconds
[2024-12-20T04:42:16.251+0000] {processor.py:161} INFO - Started process (PID=2007) to work on /home/airflow/.local/lib/python3.12/site-packages/airflow/example_dags/example_branch_labels.py
[2024-12-20T04:42:16.252+0000] {processor.py:830} INFO - Processing file /home/airflow/.local/lib/python3.12/site-packages/airflow/example_dags/example_branch_labels.py for tasks to queue
[2024-12-20T04:42:16.255+0000] {logging_mixin.py:188} INFO - [2024-12-20T04:42:16.255+0000] {dagbag.py:545} INFO - Filling up the DagBag from /home/airflow/.local/lib/python3.12/site-packages/airflow/example_dags/example_branch_labels.py
[2024-12-20T04:42:16.266+0000] {processor.py:840} INFO - DAG(s) 'example_branch_labels' retrieved from /home/airflow/.local/lib/python3.12/site-packages/airflow/example_dags/example_branch_labels.py
[2024-12-20T04:42:16.312+0000] {logging_mixin.py:188} INFO - [2024-12-20T04:42:16.312+0000] {dag.py:3089} INFO - Sync 1 DAGs
[2024-12-20T04:42:16.399+0000] {logging_mixin.py:188} INFO - [2024-12-20T04:42:16.398+0000] {dag.py:3947} INFO - Setting next_dagrun for example_branch_labels to 2024-12-19 00:00:00+00:00, run_after=2024-12-20 00:00:00+00:00
[2024-12-20T04:42:16.469+0000] {processor.py:183} INFO - Processing /home/airflow/.local/lib/python3.12/site-packages/airflow/example_dags/example_branch_labels.py took 0.235 seconds
[2024-12-20T04:42:59.650+0000] {processor.py:161} INFO - Started process (PID=2297) to work on /home/airflow/.local/lib/python3.12/site-packages/airflow/example_dags/example_branch_labels.py
[2024-12-20T04:42:59.651+0000] {processor.py:830} INFO - Processing file /home/airflow/.local/lib/python3.12/site-packages/airflow/example_dags/example_branch_labels.py for tasks to queue
[2024-12-20T04:42:59.654+0000] {logging_mixin.py:188} INFO - [2024-12-20T04:42:59.654+0000] {dagbag.py:545} INFO - Filling up the DagBag from /home/airflow/.local/lib/python3.12/site-packages/airflow/example_dags/example_branch_labels.py
[2024-12-20T04:42:59.662+0000] {processor.py:840} INFO - DAG(s) 'example_branch_labels' retrieved from /home/airflow/.local/lib/python3.12/site-packages/airflow/example_dags/example_branch_labels.py
[2024-12-20T04:42:59.700+0000] {logging_mixin.py:188} INFO - [2024-12-20T04:42:59.700+0000] {dag.py:3089} INFO - Sync 1 DAGs
[2024-12-20T04:42:59.729+0000] {logging_mixin.py:188} INFO - [2024-12-20T04:42:59.729+0000] {dag.py:3947} INFO - Setting next_dagrun for example_branch_labels to 2024-12-19 00:00:00+00:00, run_after=2024-12-20 00:00:00+00:00
[2024-12-20T04:42:59.754+0000] {processor.py:183} INFO - Processing /home/airflow/.local/lib/python3.12/site-packages/airflow/example_dags/example_branch_labels.py took 0.111 seconds
[2024-12-20T04:44:27.387+0000] {processor.py:161} INFO - Started process (PID=2661) to work on /home/airflow/.local/lib/python3.12/site-packages/airflow/example_dags/example_branch_labels.py
[2024-12-20T04:44:27.409+0000] {processor.py:830} INFO - Processing file /home/airflow/.local/lib/python3.12/site-packages/airflow/example_dags/example_branch_labels.py for tasks to queue
[2024-12-20T04:44:27.452+0000] {logging_mixin.py:188} INFO - [2024-12-20T04:44:27.439+0000] {dagbag.py:545} INFO - Filling up the DagBag from /home/airflow/.local/lib/python3.12/site-packages/airflow/example_dags/example_branch_labels.py
[2024-12-20T04:44:27.558+0000] {processor.py:840} INFO - DAG(s) 'example_branch_labels' retrieved from /home/airflow/.local/lib/python3.12/site-packages/airflow/example_dags/example_branch_labels.py
[2024-12-20T04:44:27.702+0000] {logging_mixin.py:188} INFO - [2024-12-20T04:44:27.701+0000] {dag.py:3089} INFO - Sync 1 DAGs
[2024-12-20T04:44:27.897+0000] {logging_mixin.py:188} INFO - [2024-12-20T04:44:27.897+0000] {dag.py:3947} INFO - Setting next_dagrun for example_branch_labels to 2024-12-19 00:00:00+00:00, run_after=2024-12-20 00:00:00+00:00
[2024-12-20T04:44:28.011+0000] {processor.py:183} INFO - Processing /home/airflow/.local/lib/python3.12/site-packages/airflow/example_dags/example_branch_labels.py took 0.662 seconds
[2024-12-20T04:45:00.186+0000] {processor.py:161} INFO - Started process (PID=2990) to work on /home/airflow/.local/lib/python3.12/site-packages/airflow/example_dags/example_branch_labels.py
[2024-12-20T04:45:00.194+0000] {processor.py:830} INFO - Processing file /home/airflow/.local/lib/python3.12/site-packages/airflow/example_dags/example_branch_labels.py for tasks to queue
[2024-12-20T04:45:00.242+0000] {logging_mixin.py:188} INFO - [2024-12-20T04:45:00.208+0000] {dagbag.py:545} INFO - Filling up the DagBag from /home/airflow/.local/lib/python3.12/site-packages/airflow/example_dags/example_branch_labels.py
[2024-12-20T04:45:05.807+0000] {processor.py:840} INFO - DAG(s) 'example_branch_labels' retrieved from /home/airflow/.local/lib/python3.12/site-packages/airflow/example_dags/example_branch_labels.py
[2024-12-20T04:45:15.024+0000] {logging_mixin.py:188} INFO - [2024-12-20T04:45:13.359+0000] {dag.py:3089} INFO - Sync 1 DAGs
[2024-12-20T04:45:48.171+0000] {logging_mixin.py:188} INFO - [2024-12-20T04:45:48.134+0000] {dag.py:3947} INFO - Setting next_dagrun for example_branch_labels to 2024-12-19 00:00:00+00:00, run_after=2024-12-20 00:00:00+00:00
[2024-12-20T04:45:48.642+0000] {processor.py:183} INFO - Processing /home/airflow/.local/lib/python3.12/site-packages/airflow/example_dags/example_branch_labels.py took 48.782 seconds
[2024-12-20T04:46:19.723+0000] {processor.py:161} INFO - Started process (PID=3278) to work on /home/airflow/.local/lib/python3.12/site-packages/airflow/example_dags/example_branch_labels.py
[2024-12-20T04:46:19.726+0000] {processor.py:830} INFO - Processing file /home/airflow/.local/lib/python3.12/site-packages/airflow/example_dags/example_branch_labels.py for tasks to queue
[2024-12-20T04:46:19.731+0000] {logging_mixin.py:188} INFO - [2024-12-20T04:46:19.730+0000] {dagbag.py:545} INFO - Filling up the DagBag from /home/airflow/.local/lib/python3.12/site-packages/airflow/example_dags/example_branch_labels.py
[2024-12-20T04:46:19.745+0000] {processor.py:840} INFO - DAG(s) 'example_branch_labels' retrieved from /home/airflow/.local/lib/python3.12/site-packages/airflow/example_dags/example_branch_labels.py
[2024-12-20T04:46:19.788+0000] {logging_mixin.py:188} INFO - [2024-12-20T04:46:19.788+0000] {dag.py:3089} INFO - Sync 1 DAGs
[2024-12-20T04:46:19.810+0000] {logging_mixin.py:188} INFO - [2024-12-20T04:46:19.810+0000] {dag.py:3947} INFO - Setting next_dagrun for example_branch_labels to 2024-12-19 00:00:00+00:00, run_after=2024-12-20 00:00:00+00:00
[2024-12-20T04:46:19.826+0000] {processor.py:183} INFO - Processing /home/airflow/.local/lib/python3.12/site-packages/airflow/example_dags/example_branch_labels.py took 0.119 seconds
[2024-12-20T04:46:49.991+0000] {processor.py:161} INFO - Started process (PID=3555) to work on /home/airflow/.local/lib/python3.12/site-packages/airflow/example_dags/example_branch_labels.py
[2024-12-20T04:46:49.993+0000] {processor.py:830} INFO - Processing file /home/airflow/.local/lib/python3.12/site-packages/airflow/example_dags/example_branch_labels.py for tasks to queue
[2024-12-20T04:46:49.998+0000] {logging_mixin.py:188} INFO - [2024-12-20T04:46:49.998+0000] {dagbag.py:545} INFO - Filling up the DagBag from /home/airflow/.local/lib/python3.12/site-packages/airflow/example_dags/example_branch_labels.py
[2024-12-20T04:46:50.014+0000] {processor.py:840} INFO - DAG(s) 'example_branch_labels' retrieved from /home/airflow/.local/lib/python3.12/site-packages/airflow/example_dags/example_branch_labels.py
[2024-12-20T04:46:50.065+0000] {logging_mixin.py:188} INFO - [2024-12-20T04:46:50.065+0000] {dag.py:3089} INFO - Sync 1 DAGs
[2024-12-20T04:46:50.140+0000] {logging_mixin.py:188} INFO - [2024-12-20T04:46:50.138+0000] {dag.py:3947} INFO - Setting next_dagrun for example_branch_labels to 2024-12-19 00:00:00+00:00, run_after=2024-12-20 00:00:00+00:00
[2024-12-20T04:46:50.241+0000] {processor.py:183} INFO - Processing /home/airflow/.local/lib/python3.12/site-packages/airflow/example_dags/example_branch_labels.py took 0.261 seconds
[2024-12-20T04:47:20.502+0000] {processor.py:161} INFO - Started process (PID=3832) to work on /home/airflow/.local/lib/python3.12/site-packages/airflow/example_dags/example_branch_labels.py
[2024-12-20T04:47:20.505+0000] {processor.py:830} INFO - Processing file /home/airflow/.local/lib/python3.12/site-packages/airflow/example_dags/example_branch_labels.py for tasks to queue
[2024-12-20T04:47:20.512+0000] {logging_mixin.py:188} INFO - [2024-12-20T04:47:20.511+0000] {dagbag.py:545} INFO - Filling up the DagBag from /home/airflow/.local/lib/python3.12/site-packages/airflow/example_dags/example_branch_labels.py
[2024-12-20T04:47:20.545+0000] {processor.py:840} INFO - DAG(s) 'example_branch_labels' retrieved from /home/airflow/.local/lib/python3.12/site-packages/airflow/example_dags/example_branch_labels.py
[2024-12-20T04:47:20.653+0000] {logging_mixin.py:188} INFO - [2024-12-20T04:47:20.653+0000] {dag.py:3089} INFO - Sync 1 DAGs
[2024-12-20T04:47:20.726+0000] {logging_mixin.py:188} INFO - [2024-12-20T04:47:20.725+0000] {dag.py:3947} INFO - Setting next_dagrun for example_branch_labels to 2024-12-19 00:00:00+00:00, run_after=2024-12-20 00:00:00+00:00
[2024-12-20T04:47:20.777+0000] {processor.py:183} INFO - Processing /home/airflow/.local/lib/python3.12/site-packages/airflow/example_dags/example_branch_labels.py took 0.309 seconds
