[2024-12-20T04:27:11.878+0000] {processor.py:161} INFO - Started process (PID=221) to work on /home/airflow/.local/lib/python3.12/site-packages/airflow/example_dags/example_short_circuit_decorator.py
[2024-12-20T04:27:11.884+0000] {processor.py:830} INFO - Processing file /home/airflow/.local/lib/python3.12/site-packages/airflow/example_dags/example_short_circuit_decorator.py for tasks to queue
[2024-12-20T04:27:11.893+0000] {logging_mixin.py:188} INFO - [2024-12-20T04:27:11.886+0000] {dagbag.py:545} INFO - Filling up the DagBag from /home/airflow/.local/lib/python3.12/site-packages/airflow/example_dags/example_short_circuit_decorator.py
[2024-12-20T04:27:12.017+0000] {processor.py:840} INFO - DAG(s) 'example_short_circuit_decorator' retrieved from /home/airflow/.local/lib/python3.12/site-packages/airflow/example_dags/example_short_circuit_decorator.py
[2024-12-20T04:27:12.210+0000] {logging_mixin.py:188} INFO - [2024-12-20T04:27:12.209+0000] {dag.py:3089} INFO - Sync 1 DAGs
[2024-12-20T04:27:12.338+0000] {logging_mixin.py:188} INFO - [2024-12-20T04:27:12.337+0000] {dag.py:3947} INFO - Setting next_dagrun for example_short_circuit_decorator to 2024-12-19 00:00:00+00:00, run_after=2024-12-20 00:00:00+00:00
[2024-12-20T04:27:12.460+0000] {processor.py:183} INFO - Processing /home/airflow/.local/lib/python3.12/site-packages/airflow/example_dags/example_short_circuit_decorator.py took 0.591 seconds
[2024-12-20T04:29:57.778+0000] {processor.py:161} INFO - Started process (PID=215) to work on /home/airflow/.local/lib/python3.12/site-packages/airflow/example_dags/example_short_circuit_decorator.py
[2024-12-20T04:29:57.791+0000] {processor.py:830} INFO - Processing file /home/airflow/.local/lib/python3.12/site-packages/airflow/example_dags/example_short_circuit_decorator.py for tasks to queue
[2024-12-20T04:29:57.819+0000] {logging_mixin.py:188} INFO - [2024-12-20T04:29:57.818+0000] {dagbag.py:545} INFO - Filling up the DagBag from /home/airflow/.local/lib/python3.12/site-packages/airflow/example_dags/example_short_circuit_decorator.py
[2024-12-20T04:29:57.862+0000] {processor.py:840} INFO - DAG(s) 'example_short_circuit_decorator' retrieved from /home/airflow/.local/lib/python3.12/site-packages/airflow/example_dags/example_short_circuit_decorator.py
[2024-12-20T04:29:58.451+0000] {logging_mixin.py:188} INFO - [2024-12-20T04:29:58.450+0000] {dag.py:3089} INFO - Sync 1 DAGs
[2024-12-20T04:29:58.480+0000] {logging_mixin.py:188} INFO - [2024-12-20T04:29:58.479+0000] {dag.py:3947} INFO - Setting next_dagrun for example_short_circuit_decorator to 2024-12-19 00:00:00+00:00, run_after=2024-12-20 00:00:00+00:00
[2024-12-20T04:29:58.569+0000] {processor.py:183} INFO - Processing /home/airflow/.local/lib/python3.12/site-packages/airflow/example_dags/example_short_circuit_decorator.py took 0.820 seconds
[2024-12-20T04:37:14.467+0000] {processor.py:161} INFO - Started process (PID=212) to work on /home/airflow/.local/lib/python3.12/site-packages/airflow/example_dags/example_short_circuit_decorator.py
[2024-12-20T04:37:14.469+0000] {processor.py:830} INFO - Processing file /home/airflow/.local/lib/python3.12/site-packages/airflow/example_dags/example_short_circuit_decorator.py for tasks to queue
[2024-12-20T04:37:14.473+0000] {logging_mixin.py:188} INFO - [2024-12-20T04:37:14.472+0000] {dagbag.py:545} INFO - Filling up the DagBag from /home/airflow/.local/lib/python3.12/site-packages/airflow/example_dags/example_short_circuit_decorator.py
[2024-12-20T04:37:14.505+0000] {processor.py:840} INFO - DAG(s) 'example_short_circuit_decorator' retrieved from /home/airflow/.local/lib/python3.12/site-packages/airflow/example_dags/example_short_circuit_decorator.py
[2024-12-20T04:37:14.529+0000] {logging_mixin.py:188} INFO - [2024-12-20T04:37:14.529+0000] {dag.py:3089} INFO - Sync 1 DAGs
[2024-12-20T04:37:14.577+0000] {logging_mixin.py:188} INFO - [2024-12-20T04:37:14.577+0000] {dag.py:3947} INFO - Setting next_dagrun for example_short_circuit_decorator to 2024-12-19 00:00:00+00:00, run_after=2024-12-20 00:00:00+00:00
[2024-12-20T04:37:14.614+0000] {processor.py:183} INFO - Processing /home/airflow/.local/lib/python3.12/site-packages/airflow/example_dags/example_short_circuit_decorator.py took 0.158 seconds
[2024-12-20T04:38:17.831+0000] {processor.py:161} INFO - Started process (PID=554) to work on /home/airflow/.local/lib/python3.12/site-packages/airflow/example_dags/example_short_circuit_decorator.py
[2024-12-20T04:38:17.843+0000] {processor.py:830} INFO - Processing file /home/airflow/.local/lib/python3.12/site-packages/airflow/example_dags/example_short_circuit_decorator.py for tasks to queue
[2024-12-20T04:38:17.856+0000] {logging_mixin.py:188} INFO - [2024-12-20T04:38:17.855+0000] {dagbag.py:545} INFO - Filling up the DagBag from /home/airflow/.local/lib/python3.12/site-packages/airflow/example_dags/example_short_circuit_decorator.py
[2024-12-20T04:38:17.921+0000] {processor.py:840} INFO - DAG(s) 'example_short_circuit_decorator' retrieved from /home/airflow/.local/lib/python3.12/site-packages/airflow/example_dags/example_short_circuit_decorator.py
[2024-12-20T04:38:19.002+0000] {logging_mixin.py:188} INFO - [2024-12-20T04:38:18.997+0000] {dag.py:3089} INFO - Sync 1 DAGs
[2024-12-20T04:38:19.122+0000] {logging_mixin.py:188} INFO - [2024-12-20T04:38:19.121+0000] {dag.py:3947} INFO - Setting next_dagrun for example_short_circuit_decorator to 2024-12-19 00:00:00+00:00, run_after=2024-12-20 00:00:00+00:00
[2024-12-20T04:38:19.400+0000] {processor.py:183} INFO - Processing /home/airflow/.local/lib/python3.12/site-packages/airflow/example_dags/example_short_circuit_decorator.py took 1.590 seconds
[2024-12-20T04:38:54.132+0000] {processor.py:161} INFO - Started process (PID=662) to work on /home/airflow/.local/lib/python3.12/site-packages/airflow/example_dags/example_short_circuit_decorator.py
[2024-12-20T04:38:54.133+0000] {processor.py:830} INFO - Processing file /home/airflow/.local/lib/python3.12/site-packages/airflow/example_dags/example_short_circuit_decorator.py for tasks to queue
[2024-12-20T04:38:54.134+0000] {logging_mixin.py:188} INFO - [2024-12-20T04:38:54.134+0000] {dagbag.py:545} INFO - Filling up the DagBag from /home/airflow/.local/lib/python3.12/site-packages/airflow/example_dags/example_short_circuit_decorator.py
[2024-12-20T04:38:54.140+0000] {processor.py:840} INFO - DAG(s) 'example_short_circuit_decorator' retrieved from /home/airflow/.local/lib/python3.12/site-packages/airflow/example_dags/example_short_circuit_decorator.py
[2024-12-20T04:38:54.159+0000] {logging_mixin.py:188} INFO - [2024-12-20T04:38:54.159+0000] {dag.py:3089} INFO - Sync 1 DAGs
[2024-12-20T04:38:54.188+0000] {logging_mixin.py:188} INFO - [2024-12-20T04:38:54.188+0000] {dag.py:3947} INFO - Setting next_dagrun for example_short_circuit_decorator to 2024-12-19 00:00:00+00:00, run_after=2024-12-20 00:00:00+00:00
[2024-12-20T04:38:54.233+0000] {processor.py:183} INFO - Processing /home/airflow/.local/lib/python3.12/site-packages/airflow/example_dags/example_short_circuit_decorator.py took 0.105 seconds
[2024-12-20T04:39:24.440+0000] {processor.py:161} INFO - Started process (PID=934) to work on /home/airflow/.local/lib/python3.12/site-packages/airflow/example_dags/example_short_circuit_decorator.py
[2024-12-20T04:39:24.441+0000] {processor.py:830} INFO - Processing file /home/airflow/.local/lib/python3.12/site-packages/airflow/example_dags/example_short_circuit_decorator.py for tasks to queue
[2024-12-20T04:39:24.442+0000] {logging_mixin.py:188} INFO - [2024-12-20T04:39:24.442+0000] {dagbag.py:545} INFO - Filling up the DagBag from /home/airflow/.local/lib/python3.12/site-packages/airflow/example_dags/example_short_circuit_decorator.py
[2024-12-20T04:39:24.447+0000] {processor.py:840} INFO - DAG(s) 'example_short_circuit_decorator' retrieved from /home/airflow/.local/lib/python3.12/site-packages/airflow/example_dags/example_short_circuit_decorator.py
[2024-12-20T04:39:24.466+0000] {logging_mixin.py:188} INFO - [2024-12-20T04:39:24.466+0000] {dag.py:3089} INFO - Sync 1 DAGs
[2024-12-20T04:39:24.487+0000] {logging_mixin.py:188} INFO - [2024-12-20T04:39:24.487+0000] {dag.py:3947} INFO - Setting next_dagrun for example_short_circuit_decorator to 2024-12-19 00:00:00+00:00, run_after=2024-12-20 00:00:00+00:00
[2024-12-20T04:39:24.502+0000] {processor.py:183} INFO - Processing /home/airflow/.local/lib/python3.12/site-packages/airflow/example_dags/example_short_circuit_decorator.py took 0.066 seconds
[2024-12-20T04:39:54.559+0000] {processor.py:161} INFO - Started process (PID=1211) to work on /home/airflow/.local/lib/python3.12/site-packages/airflow/example_dags/example_short_circuit_decorator.py
[2024-12-20T04:39:54.560+0000] {processor.py:830} INFO - Processing file /home/airflow/.local/lib/python3.12/site-packages/airflow/example_dags/example_short_circuit_decorator.py for tasks to queue
[2024-12-20T04:39:54.561+0000] {logging_mixin.py:188} INFO - [2024-12-20T04:39:54.561+0000] {dagbag.py:545} INFO - Filling up the DagBag from /home/airflow/.local/lib/python3.12/site-packages/airflow/example_dags/example_short_circuit_decorator.py
[2024-12-20T04:39:54.566+0000] {processor.py:840} INFO - DAG(s) 'example_short_circuit_decorator' retrieved from /home/airflow/.local/lib/python3.12/site-packages/airflow/example_dags/example_short_circuit_decorator.py
[2024-12-20T04:39:54.578+0000] {logging_mixin.py:188} INFO - [2024-12-20T04:39:54.578+0000] {dag.py:3089} INFO - Sync 1 DAGs
[2024-12-20T04:39:54.589+0000] {logging_mixin.py:188} INFO - [2024-12-20T04:39:54.589+0000] {dag.py:3947} INFO - Setting next_dagrun for example_short_circuit_decorator to 2024-12-19 00:00:00+00:00, run_after=2024-12-20 00:00:00+00:00
[2024-12-20T04:39:54.598+0000] {processor.py:183} INFO - Processing /home/airflow/.local/lib/python3.12/site-packages/airflow/example_dags/example_short_circuit_decorator.py took 0.042 seconds
[2024-12-20T04:40:47.121+0000] {processor.py:161} INFO - Started process (PID=1528) to work on /home/airflow/.local/lib/python3.12/site-packages/airflow/example_dags/example_short_circuit_decorator.py
[2024-12-20T04:40:47.129+0000] {processor.py:830} INFO - Processing file /home/airflow/.local/lib/python3.12/site-packages/airflow/example_dags/example_short_circuit_decorator.py for tasks to queue
[2024-12-20T04:40:47.160+0000] {logging_mixin.py:188} INFO - [2024-12-20T04:40:47.150+0000] {dagbag.py:545} INFO - Filling up the DagBag from /home/airflow/.local/lib/python3.12/site-packages/airflow/example_dags/example_short_circuit_decorator.py
[2024-12-20T04:40:47.429+0000] {processor.py:840} INFO - DAG(s) 'example_short_circuit_decorator' retrieved from /home/airflow/.local/lib/python3.12/site-packages/airflow/example_dags/example_short_circuit_decorator.py
[2024-12-20T04:40:48.029+0000] {logging_mixin.py:188} INFO - [2024-12-20T04:40:48.027+0000] {dag.py:3089} INFO - Sync 1 DAGs
[2024-12-20T04:40:48.151+0000] {logging_mixin.py:188} INFO - [2024-12-20T04:40:48.151+0000] {dag.py:3947} INFO - Setting next_dagrun for example_short_circuit_decorator to 2024-12-19 00:00:00+00:00, run_after=2024-12-20 00:00:00+00:00
[2024-12-20T04:40:48.287+0000] {processor.py:183} INFO - Processing /home/airflow/.local/lib/python3.12/site-packages/airflow/example_dags/example_short_circuit_decorator.py took 1.318 seconds
[2024-12-20T04:42:05.637+0000] {processor.py:161} INFO - Started process (PID=1830) to work on /home/airflow/.local/lib/python3.12/site-packages/airflow/example_dags/example_short_circuit_decorator.py
[2024-12-20T04:42:05.638+0000] {processor.py:830} INFO - Processing file /home/airflow/.local/lib/python3.12/site-packages/airflow/example_dags/example_short_circuit_decorator.py for tasks to queue
[2024-12-20T04:42:05.642+0000] {logging_mixin.py:188} INFO - [2024-12-20T04:42:05.641+0000] {dagbag.py:545} INFO - Filling up the DagBag from /home/airflow/.local/lib/python3.12/site-packages/airflow/example_dags/example_short_circuit_decorator.py
[2024-12-20T04:42:05.667+0000] {processor.py:840} INFO - DAG(s) 'example_short_circuit_decorator' retrieved from /home/airflow/.local/lib/python3.12/site-packages/airflow/example_dags/example_short_circuit_decorator.py
[2024-12-20T04:42:05.705+0000] {logging_mixin.py:188} INFO - [2024-12-20T04:42:05.705+0000] {dag.py:3089} INFO - Sync 1 DAGs
[2024-12-20T04:42:05.768+0000] {logging_mixin.py:188} INFO - [2024-12-20T04:42:05.767+0000] {dag.py:3947} INFO - Setting next_dagrun for example_short_circuit_decorator to 2024-12-19 00:00:00+00:00, run_after=2024-12-20 00:00:00+00:00
[2024-12-20T04:42:05.785+0000] {processor.py:183} INFO - Processing /home/airflow/.local/lib/python3.12/site-packages/airflow/example_dags/example_short_circuit_decorator.py took 0.154 seconds
[2024-12-20T04:42:55.794+0000] {processor.py:161} INFO - Started process (PID=2166) to work on /home/airflow/.local/lib/python3.12/site-packages/airflow/example_dags/example_short_circuit_decorator.py
[2024-12-20T04:42:55.820+0000] {processor.py:830} INFO - Processing file /home/airflow/.local/lib/python3.12/site-packages/airflow/example_dags/example_short_circuit_decorator.py for tasks to queue
[2024-12-20T04:42:55.854+0000] {logging_mixin.py:188} INFO - [2024-12-20T04:42:55.846+0000] {dagbag.py:545} INFO - Filling up the DagBag from /home/airflow/.local/lib/python3.12/site-packages/airflow/example_dags/example_short_circuit_decorator.py
[2024-12-20T04:42:55.991+0000] {processor.py:840} INFO - DAG(s) 'example_short_circuit_decorator' retrieved from /home/airflow/.local/lib/python3.12/site-packages/airflow/example_dags/example_short_circuit_decorator.py
[2024-12-20T04:42:56.208+0000] {logging_mixin.py:188} INFO - [2024-12-20T04:42:56.207+0000] {dag.py:3089} INFO - Sync 1 DAGs
[2024-12-20T04:42:56.397+0000] {logging_mixin.py:188} INFO - [2024-12-20T04:42:56.396+0000] {dag.py:3947} INFO - Setting next_dagrun for example_short_circuit_decorator to 2024-12-19 00:00:00+00:00, run_after=2024-12-20 00:00:00+00:00
[2024-12-20T04:42:56.523+0000] {processor.py:183} INFO - Processing /home/airflow/.local/lib/python3.12/site-packages/airflow/example_dags/example_short_circuit_decorator.py took 0.797 seconds
[2024-12-20T04:43:29.952+0000] {processor.py:161} INFO - Started process (PID=2480) to work on /home/airflow/.local/lib/python3.12/site-packages/airflow/example_dags/example_short_circuit_decorator.py
[2024-12-20T04:43:29.975+0000] {processor.py:830} INFO - Processing file /home/airflow/.local/lib/python3.12/site-packages/airflow/example_dags/example_short_circuit_decorator.py for tasks to queue
[2024-12-20T04:43:30.004+0000] {logging_mixin.py:188} INFO - [2024-12-20T04:43:29.997+0000] {dagbag.py:545} INFO - Filling up the DagBag from /home/airflow/.local/lib/python3.12/site-packages/airflow/example_dags/example_short_circuit_decorator.py
[2024-12-20T04:43:30.211+0000] {processor.py:840} INFO - DAG(s) 'example_short_circuit_decorator' retrieved from /home/airflow/.local/lib/python3.12/site-packages/airflow/example_dags/example_short_circuit_decorator.py
[2024-12-20T04:43:30.338+0000] {logging_mixin.py:188} INFO - [2024-12-20T04:43:30.338+0000] {dag.py:3089} INFO - Sync 1 DAGs
[2024-12-20T04:43:30.534+0000] {logging_mixin.py:188} INFO - [2024-12-20T04:43:30.534+0000] {dag.py:3947} INFO - Setting next_dagrun for example_short_circuit_decorator to 2024-12-19 00:00:00+00:00, run_after=2024-12-20 00:00:00+00:00
[2024-12-20T04:43:30.693+0000] {processor.py:183} INFO - Processing /home/airflow/.local/lib/python3.12/site-packages/airflow/example_dags/example_short_circuit_decorator.py took 0.848 seconds
[2024-12-20T04:44:41.870+0000] {processor.py:161} INFO - Started process (PID=2737) to work on /home/airflow/.local/lib/python3.12/site-packages/airflow/example_dags/example_short_circuit_decorator.py
[2024-12-20T04:44:41.877+0000] {processor.py:830} INFO - Processing file /home/airflow/.local/lib/python3.12/site-packages/airflow/example_dags/example_short_circuit_decorator.py for tasks to queue
[2024-12-20T04:44:41.918+0000] {logging_mixin.py:188} INFO - [2024-12-20T04:44:41.883+0000] {dagbag.py:545} INFO - Filling up the DagBag from /home/airflow/.local/lib/python3.12/site-packages/airflow/example_dags/example_short_circuit_decorator.py
[2024-12-20T04:44:42.014+0000] {processor.py:840} INFO - DAG(s) 'example_short_circuit_decorator' retrieved from /home/airflow/.local/lib/python3.12/site-packages/airflow/example_dags/example_short_circuit_decorator.py
[2024-12-20T04:44:42.158+0000] {logging_mixin.py:188} INFO - [2024-12-20T04:44:42.157+0000] {dag.py:3089} INFO - Sync 1 DAGs
[2024-12-20T04:44:42.766+0000] {logging_mixin.py:188} INFO - [2024-12-20T04:44:42.759+0000] {dag.py:3947} INFO - Setting next_dagrun for example_short_circuit_decorator to 2024-12-19 00:00:00+00:00, run_after=2024-12-20 00:00:00+00:00
[2024-12-20T04:44:43.022+0000] {processor.py:183} INFO - Processing /home/airflow/.local/lib/python3.12/site-packages/airflow/example_dags/example_short_circuit_decorator.py took 1.241 seconds
[2024-12-20T04:45:56.962+0000] {processor.py:161} INFO - Started process (PID=3062) to work on /home/airflow/.local/lib/python3.12/site-packages/airflow/example_dags/example_short_circuit_decorator.py
[2024-12-20T04:45:56.964+0000] {processor.py:830} INFO - Processing file /home/airflow/.local/lib/python3.12/site-packages/airflow/example_dags/example_short_circuit_decorator.py for tasks to queue
[2024-12-20T04:45:56.970+0000] {logging_mixin.py:188} INFO - [2024-12-20T04:45:56.969+0000] {dagbag.py:545} INFO - Filling up the DagBag from /home/airflow/.local/lib/python3.12/site-packages/airflow/example_dags/example_short_circuit_decorator.py
[2024-12-20T04:45:57.015+0000] {processor.py:840} INFO - DAG(s) 'example_short_circuit_decorator' retrieved from /home/airflow/.local/lib/python3.12/site-packages/airflow/example_dags/example_short_circuit_decorator.py
[2024-12-20T04:45:57.058+0000] {logging_mixin.py:188} INFO - [2024-12-20T04:45:57.057+0000] {dag.py:3089} INFO - Sync 1 DAGs
[2024-12-20T04:45:57.097+0000] {logging_mixin.py:188} INFO - [2024-12-20T04:45:57.097+0000] {dag.py:3947} INFO - Setting next_dagrun for example_short_circuit_decorator to 2024-12-19 00:00:00+00:00, run_after=2024-12-20 00:00:00+00:00
[2024-12-20T04:45:57.114+0000] {processor.py:183} INFO - Processing /home/airflow/.local/lib/python3.12/site-packages/airflow/example_dags/example_short_circuit_decorator.py took 0.164 seconds
[2024-12-20T04:46:27.295+0000] {processor.py:161} INFO - Started process (PID=3336) to work on /home/airflow/.local/lib/python3.12/site-packages/airflow/example_dags/example_short_circuit_decorator.py
[2024-12-20T04:46:27.296+0000] {processor.py:830} INFO - Processing file /home/airflow/.local/lib/python3.12/site-packages/airflow/example_dags/example_short_circuit_decorator.py for tasks to queue
[2024-12-20T04:46:27.297+0000] {logging_mixin.py:188} INFO - [2024-12-20T04:46:27.297+0000] {dagbag.py:545} INFO - Filling up the DagBag from /home/airflow/.local/lib/python3.12/site-packages/airflow/example_dags/example_short_circuit_decorator.py
[2024-12-20T04:46:27.302+0000] {processor.py:840} INFO - DAG(s) 'example_short_circuit_decorator' retrieved from /home/airflow/.local/lib/python3.12/site-packages/airflow/example_dags/example_short_circuit_decorator.py
[2024-12-20T04:46:27.316+0000] {logging_mixin.py:188} INFO - [2024-12-20T04:46:27.316+0000] {dag.py:3089} INFO - Sync 1 DAGs
[2024-12-20T04:46:27.327+0000] {logging_mixin.py:188} INFO - [2024-12-20T04:46:27.327+0000] {dag.py:3947} INFO - Setting next_dagrun for example_short_circuit_decorator to 2024-12-19 00:00:00+00:00, run_after=2024-12-20 00:00:00+00:00
[2024-12-20T04:46:27.336+0000] {processor.py:183} INFO - Processing /home/airflow/.local/lib/python3.12/site-packages/airflow/example_dags/example_short_circuit_decorator.py took 0.044 seconds
[2024-12-20T04:46:57.643+0000] {processor.py:161} INFO - Started process (PID=3613) to work on /home/airflow/.local/lib/python3.12/site-packages/airflow/example_dags/example_short_circuit_decorator.py
[2024-12-20T04:46:57.644+0000] {processor.py:830} INFO - Processing file /home/airflow/.local/lib/python3.12/site-packages/airflow/example_dags/example_short_circuit_decorator.py for tasks to queue
[2024-12-20T04:46:57.645+0000] {logging_mixin.py:188} INFO - [2024-12-20T04:46:57.645+0000] {dagbag.py:545} INFO - Filling up the DagBag from /home/airflow/.local/lib/python3.12/site-packages/airflow/example_dags/example_short_circuit_decorator.py
[2024-12-20T04:46:57.650+0000] {processor.py:840} INFO - DAG(s) 'example_short_circuit_decorator' retrieved from /home/airflow/.local/lib/python3.12/site-packages/airflow/example_dags/example_short_circuit_decorator.py
[2024-12-20T04:46:57.663+0000] {logging_mixin.py:188} INFO - [2024-12-20T04:46:57.663+0000] {dag.py:3089} INFO - Sync 1 DAGs
[2024-12-20T04:46:57.680+0000] {logging_mixin.py:188} INFO - [2024-12-20T04:46:57.679+0000] {dag.py:3947} INFO - Setting next_dagrun for example_short_circuit_decorator to 2024-12-19 00:00:00+00:00, run_after=2024-12-20 00:00:00+00:00
[2024-12-20T04:46:57.691+0000] {processor.py:183} INFO - Processing /home/airflow/.local/lib/python3.12/site-packages/airflow/example_dags/example_short_circuit_decorator.py took 0.051 seconds
[2024-12-20T04:47:28.036+0000] {processor.py:161} INFO - Started process (PID=3890) to work on /home/airflow/.local/lib/python3.12/site-packages/airflow/example_dags/example_short_circuit_decorator.py
[2024-12-20T04:47:28.037+0000] {processor.py:830} INFO - Processing file /home/airflow/.local/lib/python3.12/site-packages/airflow/example_dags/example_short_circuit_decorator.py for tasks to queue
[2024-12-20T04:47:28.038+0000] {logging_mixin.py:188} INFO - [2024-12-20T04:47:28.037+0000] {dagbag.py:545} INFO - Filling up the DagBag from /home/airflow/.local/lib/python3.12/site-packages/airflow/example_dags/example_short_circuit_decorator.py
[2024-12-20T04:47:28.043+0000] {processor.py:840} INFO - DAG(s) 'example_short_circuit_decorator' retrieved from /home/airflow/.local/lib/python3.12/site-packages/airflow/example_dags/example_short_circuit_decorator.py
[2024-12-20T04:47:28.056+0000] {logging_mixin.py:188} INFO - [2024-12-20T04:47:28.056+0000] {dag.py:3089} INFO - Sync 1 DAGs
[2024-12-20T04:47:28.067+0000] {logging_mixin.py:188} INFO - [2024-12-20T04:47:28.067+0000] {dag.py:3947} INFO - Setting next_dagrun for example_short_circuit_decorator to 2024-12-19 00:00:00+00:00, run_after=2024-12-20 00:00:00+00:00
[2024-12-20T04:47:28.076+0000] {processor.py:183} INFO - Processing /home/airflow/.local/lib/python3.12/site-packages/airflow/example_dags/example_short_circuit_decorator.py took 0.043 seconds
