[2024-12-20T04:27:08.264+0000] {processor.py:161} INFO - Started process (PID=183) to work on /home/airflow/.local/lib/python3.12/site-packages/airflow/example_dags/example_task_group_decorator.py
[2024-12-20T04:27:08.282+0000] {processor.py:830} INFO - Processing file /home/airflow/.local/lib/python3.12/site-packages/airflow/example_dags/example_task_group_decorator.py for tasks to queue
[2024-12-20T04:27:08.328+0000] {logging_mixin.py:188} INFO - [2024-12-20T04:27:08.322+0000] {dagbag.py:545} INFO - Filling up the DagBag from /home/airflow/.local/lib/python3.12/site-packages/airflow/example_dags/example_task_group_decorator.py
[2024-12-20T04:27:08.407+0000] {processor.py:840} INFO - DAG(s) 'example_task_group_decorator' retrieved from /home/airflow/.local/lib/python3.12/site-packages/airflow/example_dags/example_task_group_decorator.py
[2024-12-20T04:27:08.936+0000] {logging_mixin.py:188} INFO - [2024-12-20T04:27:08.936+0000] {dag.py:3089} INFO - Sync 1 DAGs
[2024-12-20T04:27:09.132+0000] {logging_mixin.py:188} INFO - [2024-12-20T04:27:09.131+0000] {dag.py:3947} INFO - Setting next_dagrun for example_task_group_decorator to 2024-12-19 00:00:00+00:00, run_after=2024-12-20 00:00:00+00:00
[2024-12-20T04:27:09.240+0000] {processor.py:183} INFO - Processing /home/airflow/.local/lib/python3.12/site-packages/airflow/example_dags/example_task_group_decorator.py took 1.012 seconds
[2024-12-20T04:29:53.518+0000] {processor.py:161} INFO - Started process (PID=177) to work on /home/airflow/.local/lib/python3.12/site-packages/airflow/example_dags/example_task_group_decorator.py
[2024-12-20T04:29:53.519+0000] {processor.py:830} INFO - Processing file /home/airflow/.local/lib/python3.12/site-packages/airflow/example_dags/example_task_group_decorator.py for tasks to queue
[2024-12-20T04:29:53.521+0000] {logging_mixin.py:188} INFO - [2024-12-20T04:29:53.521+0000] {dagbag.py:545} INFO - Filling up the DagBag from /home/airflow/.local/lib/python3.12/site-packages/airflow/example_dags/example_task_group_decorator.py
[2024-12-20T04:29:53.534+0000] {processor.py:840} INFO - DAG(s) 'example_task_group_decorator' retrieved from /home/airflow/.local/lib/python3.12/site-packages/airflow/example_dags/example_task_group_decorator.py
[2024-12-20T04:29:53.694+0000] {logging_mixin.py:188} INFO - [2024-12-20T04:29:53.694+0000] {dag.py:3089} INFO - Sync 1 DAGs
[2024-12-20T04:29:53.740+0000] {logging_mixin.py:188} INFO - [2024-12-20T04:29:53.739+0000] {dag.py:3947} INFO - Setting next_dagrun for example_task_group_decorator to 2024-12-19 00:00:00+00:00, run_after=2024-12-20 00:00:00+00:00
[2024-12-20T04:29:53.757+0000] {processor.py:183} INFO - Processing /home/airflow/.local/lib/python3.12/site-packages/airflow/example_dags/example_task_group_decorator.py took 0.260 seconds
[2024-12-20T04:37:13.863+0000] {processor.py:161} INFO - Started process (PID=172) to work on /home/airflow/.local/lib/python3.12/site-packages/airflow/example_dags/example_task_group_decorator.py
[2024-12-20T04:37:13.870+0000] {processor.py:830} INFO - Processing file /home/airflow/.local/lib/python3.12/site-packages/airflow/example_dags/example_task_group_decorator.py for tasks to queue
[2024-12-20T04:37:13.874+0000] {logging_mixin.py:188} INFO - [2024-12-20T04:37:13.874+0000] {dagbag.py:545} INFO - Filling up the DagBag from /home/airflow/.local/lib/python3.12/site-packages/airflow/example_dags/example_task_group_decorator.py
[2024-12-20T04:37:13.909+0000] {processor.py:840} INFO - DAG(s) 'example_task_group_decorator' retrieved from /home/airflow/.local/lib/python3.12/site-packages/airflow/example_dags/example_task_group_decorator.py
[2024-12-20T04:37:13.929+0000] {logging_mixin.py:188} INFO - [2024-12-20T04:37:13.929+0000] {dag.py:3089} INFO - Sync 1 DAGs
[2024-12-20T04:37:13.952+0000] {logging_mixin.py:188} INFO - [2024-12-20T04:37:13.952+0000] {dag.py:3947} INFO - Setting next_dagrun for example_task_group_decorator to 2024-12-19 00:00:00+00:00, run_after=2024-12-20 00:00:00+00:00
[2024-12-20T04:37:14.001+0000] {processor.py:183} INFO - Processing /home/airflow/.local/lib/python3.12/site-packages/airflow/example_dags/example_task_group_decorator.py took 0.160 seconds
[2024-12-20T04:38:07.858+0000] {processor.py:161} INFO - Started process (PID=490) to work on /home/airflow/.local/lib/python3.12/site-packages/airflow/example_dags/example_task_group_decorator.py
[2024-12-20T04:38:07.917+0000] {processor.py:830} INFO - Processing file /home/airflow/.local/lib/python3.12/site-packages/airflow/example_dags/example_task_group_decorator.py for tasks to queue
[2024-12-20T04:38:08.087+0000] {logging_mixin.py:188} INFO - [2024-12-20T04:38:08.065+0000] {dagbag.py:545} INFO - Filling up the DagBag from /home/airflow/.local/lib/python3.12/site-packages/airflow/example_dags/example_task_group_decorator.py
[2024-12-20T04:38:08.861+0000] {processor.py:840} INFO - DAG(s) 'example_task_group_decorator' retrieved from /home/airflow/.local/lib/python3.12/site-packages/airflow/example_dags/example_task_group_decorator.py
[2024-12-20T04:38:12.539+0000] {logging_mixin.py:188} INFO - [2024-12-20T04:38:12.463+0000] {dag.py:3089} INFO - Sync 1 DAGs
[2024-12-20T04:38:12.976+0000] {logging_mixin.py:188} INFO - [2024-12-20T04:38:12.961+0000] {dag.py:3947} INFO - Setting next_dagrun for example_task_group_decorator to 2024-12-19 00:00:00+00:00, run_after=2024-12-20 00:00:00+00:00
[2024-12-20T04:38:13.248+0000] {processor.py:183} INFO - Processing /home/airflow/.local/lib/python3.12/site-packages/airflow/example_dags/example_task_group_decorator.py took 5.701 seconds
[2024-12-20T04:38:53.672+0000] {processor.py:161} INFO - Started process (PID=622) to work on /home/airflow/.local/lib/python3.12/site-packages/airflow/example_dags/example_task_group_decorator.py
[2024-12-20T04:38:53.673+0000] {processor.py:830} INFO - Processing file /home/airflow/.local/lib/python3.12/site-packages/airflow/example_dags/example_task_group_decorator.py for tasks to queue
[2024-12-20T04:38:53.675+0000] {logging_mixin.py:188} INFO - [2024-12-20T04:38:53.674+0000] {dagbag.py:545} INFO - Filling up the DagBag from /home/airflow/.local/lib/python3.12/site-packages/airflow/example_dags/example_task_group_decorator.py
[2024-12-20T04:38:53.705+0000] {processor.py:840} INFO - DAG(s) 'example_task_group_decorator' retrieved from /home/airflow/.local/lib/python3.12/site-packages/airflow/example_dags/example_task_group_decorator.py
[2024-12-20T04:38:53.737+0000] {logging_mixin.py:188} INFO - [2024-12-20T04:38:53.737+0000] {dag.py:3089} INFO - Sync 1 DAGs
[2024-12-20T04:38:53.758+0000] {logging_mixin.py:188} INFO - [2024-12-20T04:38:53.758+0000] {dag.py:3947} INFO - Setting next_dagrun for example_task_group_decorator to 2024-12-19 00:00:00+00:00, run_after=2024-12-20 00:00:00+00:00
[2024-12-20T04:38:53.772+0000] {processor.py:183} INFO - Processing /home/airflow/.local/lib/python3.12/site-packages/airflow/example_dags/example_task_group_decorator.py took 0.105 seconds
[2024-12-20T04:39:24.227+0000] {processor.py:161} INFO - Started process (PID=901) to work on /home/airflow/.local/lib/python3.12/site-packages/airflow/example_dags/example_task_group_decorator.py
[2024-12-20T04:39:24.228+0000] {processor.py:830} INFO - Processing file /home/airflow/.local/lib/python3.12/site-packages/airflow/example_dags/example_task_group_decorator.py for tasks to queue
[2024-12-20T04:39:24.229+0000] {logging_mixin.py:188} INFO - [2024-12-20T04:39:24.229+0000] {dagbag.py:545} INFO - Filling up the DagBag from /home/airflow/.local/lib/python3.12/site-packages/airflow/example_dags/example_task_group_decorator.py
[2024-12-20T04:39:24.239+0000] {processor.py:840} INFO - DAG(s) 'example_task_group_decorator' retrieved from /home/airflow/.local/lib/python3.12/site-packages/airflow/example_dags/example_task_group_decorator.py
[2024-12-20T04:39:24.263+0000] {logging_mixin.py:188} INFO - [2024-12-20T04:39:24.263+0000] {dag.py:3089} INFO - Sync 1 DAGs
[2024-12-20T04:39:24.275+0000] {logging_mixin.py:188} INFO - [2024-12-20T04:39:24.275+0000] {dag.py:3947} INFO - Setting next_dagrun for example_task_group_decorator to 2024-12-19 00:00:00+00:00, run_after=2024-12-20 00:00:00+00:00
[2024-12-20T04:39:24.284+0000] {processor.py:183} INFO - Processing /home/airflow/.local/lib/python3.12/site-packages/airflow/example_dags/example_task_group_decorator.py took 0.063 seconds
[2024-12-20T04:39:54.352+0000] {processor.py:161} INFO - Started process (PID=1178) to work on /home/airflow/.local/lib/python3.12/site-packages/airflow/example_dags/example_task_group_decorator.py
[2024-12-20T04:39:54.353+0000] {processor.py:830} INFO - Processing file /home/airflow/.local/lib/python3.12/site-packages/airflow/example_dags/example_task_group_decorator.py for tasks to queue
[2024-12-20T04:39:54.354+0000] {logging_mixin.py:188} INFO - [2024-12-20T04:39:54.354+0000] {dagbag.py:545} INFO - Filling up the DagBag from /home/airflow/.local/lib/python3.12/site-packages/airflow/example_dags/example_task_group_decorator.py
[2024-12-20T04:39:54.362+0000] {processor.py:840} INFO - DAG(s) 'example_task_group_decorator' retrieved from /home/airflow/.local/lib/python3.12/site-packages/airflow/example_dags/example_task_group_decorator.py
[2024-12-20T04:39:54.385+0000] {logging_mixin.py:188} INFO - [2024-12-20T04:39:54.385+0000] {dag.py:3089} INFO - Sync 1 DAGs
[2024-12-20T04:39:54.397+0000] {logging_mixin.py:188} INFO - [2024-12-20T04:39:54.397+0000] {dag.py:3947} INFO - Setting next_dagrun for example_task_group_decorator to 2024-12-19 00:00:00+00:00, run_after=2024-12-20 00:00:00+00:00
[2024-12-20T04:39:54.406+0000] {processor.py:183} INFO - Processing /home/airflow/.local/lib/python3.12/site-packages/airflow/example_dags/example_task_group_decorator.py took 0.058 seconds
[2024-12-20T04:40:29.190+0000] {processor.py:161} INFO - Started process (PID=1474) to work on /home/airflow/.local/lib/python3.12/site-packages/airflow/example_dags/example_task_group_decorator.py
[2024-12-20T04:40:29.202+0000] {processor.py:830} INFO - Processing file /home/airflow/.local/lib/python3.12/site-packages/airflow/example_dags/example_task_group_decorator.py for tasks to queue
[2024-12-20T04:40:29.220+0000] {logging_mixin.py:188} INFO - [2024-12-20T04:40:29.215+0000] {dagbag.py:545} INFO - Filling up the DagBag from /home/airflow/.local/lib/python3.12/site-packages/airflow/example_dags/example_task_group_decorator.py
[2024-12-20T04:40:29.968+0000] {processor.py:840} INFO - DAG(s) 'example_task_group_decorator' retrieved from /home/airflow/.local/lib/python3.12/site-packages/airflow/example_dags/example_task_group_decorator.py
[2024-12-20T04:40:30.715+0000] {logging_mixin.py:188} INFO - [2024-12-20T04:40:30.692+0000] {dag.py:3089} INFO - Sync 1 DAGs
[2024-12-20T04:40:32.155+0000] {logging_mixin.py:188} INFO - [2024-12-20T04:40:32.093+0000] {dag.py:3947} INFO - Setting next_dagrun for example_task_group_decorator to 2024-12-19 00:00:00+00:00, run_after=2024-12-20 00:00:00+00:00
[2024-12-20T04:40:34.310+0000] {processor.py:183} INFO - Processing /home/airflow/.local/lib/python3.12/site-packages/airflow/example_dags/example_task_group_decorator.py took 5.267 seconds
[2024-12-20T04:42:01.619+0000] {processor.py:161} INFO - Started process (PID=1781) to work on /home/airflow/.local/lib/python3.12/site-packages/airflow/example_dags/example_task_group_decorator.py
[2024-12-20T04:42:01.650+0000] {processor.py:830} INFO - Processing file /home/airflow/.local/lib/python3.12/site-packages/airflow/example_dags/example_task_group_decorator.py for tasks to queue
[2024-12-20T04:42:01.759+0000] {logging_mixin.py:188} INFO - [2024-12-20T04:42:01.721+0000] {dagbag.py:545} INFO - Filling up the DagBag from /home/airflow/.local/lib/python3.12/site-packages/airflow/example_dags/example_task_group_decorator.py
[2024-12-20T04:42:01.987+0000] {processor.py:840} INFO - DAG(s) 'example_task_group_decorator' retrieved from /home/airflow/.local/lib/python3.12/site-packages/airflow/example_dags/example_task_group_decorator.py
[2024-12-20T04:42:02.254+0000] {logging_mixin.py:188} INFO - [2024-12-20T04:42:02.253+0000] {dag.py:3089} INFO - Sync 1 DAGs
[2024-12-20T04:42:02.523+0000] {logging_mixin.py:188} INFO - [2024-12-20T04:42:02.506+0000] {dag.py:3947} INFO - Setting next_dagrun for example_task_group_decorator to 2024-12-19 00:00:00+00:00, run_after=2024-12-20 00:00:00+00:00
[2024-12-20T04:42:02.937+0000] {processor.py:183} INFO - Processing /home/airflow/.local/lib/python3.12/site-packages/airflow/example_dags/example_task_group_decorator.py took 1.491 seconds
[2024-12-20T04:42:45.415+0000] {processor.py:161} INFO - Started process (PID=2110) to work on /home/airflow/.local/lib/python3.12/site-packages/airflow/example_dags/example_task_group_decorator.py
[2024-12-20T04:42:45.642+0000] {processor.py:830} INFO - Processing file /home/airflow/.local/lib/python3.12/site-packages/airflow/example_dags/example_task_group_decorator.py for tasks to queue
[2024-12-20T04:42:45.796+0000] {logging_mixin.py:188} INFO - [2024-12-20T04:42:45.781+0000] {dagbag.py:545} INFO - Filling up the DagBag from /home/airflow/.local/lib/python3.12/site-packages/airflow/example_dags/example_task_group_decorator.py
[2024-12-20T04:42:46.106+0000] {processor.py:840} INFO - DAG(s) 'example_task_group_decorator' retrieved from /home/airflow/.local/lib/python3.12/site-packages/airflow/example_dags/example_task_group_decorator.py
[2024-12-20T04:42:46.891+0000] {logging_mixin.py:188} INFO - [2024-12-20T04:42:46.824+0000] {dag.py:3089} INFO - Sync 1 DAGs
[2024-12-20T04:42:48.304+0000] {logging_mixin.py:188} INFO - [2024-12-20T04:42:48.293+0000] {dag.py:3947} INFO - Setting next_dagrun for example_task_group_decorator to 2024-12-19 00:00:00+00:00, run_after=2024-12-20 00:00:00+00:00
[2024-12-20T04:42:48.569+0000] {processor.py:183} INFO - Processing /home/airflow/.local/lib/python3.12/site-packages/airflow/example_dags/example_task_group_decorator.py took 4.153 seconds
[2024-12-20T04:43:19.189+0000] {processor.py:161} INFO - Started process (PID=2430) to work on /home/airflow/.local/lib/python3.12/site-packages/airflow/example_dags/example_task_group_decorator.py
[2024-12-20T04:43:19.231+0000] {processor.py:830} INFO - Processing file /home/airflow/.local/lib/python3.12/site-packages/airflow/example_dags/example_task_group_decorator.py for tasks to queue
[2024-12-20T04:43:19.307+0000] {logging_mixin.py:188} INFO - [2024-12-20T04:43:19.291+0000] {dagbag.py:545} INFO - Filling up the DagBag from /home/airflow/.local/lib/python3.12/site-packages/airflow/example_dags/example_task_group_decorator.py
[2024-12-20T04:43:19.722+0000] {processor.py:840} INFO - DAG(s) 'example_task_group_decorator' retrieved from /home/airflow/.local/lib/python3.12/site-packages/airflow/example_dags/example_task_group_decorator.py
[2024-12-20T04:43:20.386+0000] {logging_mixin.py:188} INFO - [2024-12-20T04:43:20.374+0000] {dag.py:3089} INFO - Sync 1 DAGs
[2024-12-20T04:43:21.060+0000] {logging_mixin.py:188} INFO - [2024-12-20T04:43:21.046+0000] {dag.py:3947} INFO - Setting next_dagrun for example_task_group_decorator to 2024-12-19 00:00:00+00:00, run_after=2024-12-20 00:00:00+00:00
[2024-12-20T04:43:21.581+0000] {processor.py:183} INFO - Processing /home/airflow/.local/lib/python3.12/site-packages/airflow/example_dags/example_task_group_decorator.py took 2.536 seconds
[2024-12-20T04:44:33.535+0000] {processor.py:161} INFO - Started process (PID=2687) to work on /home/airflow/.local/lib/python3.12/site-packages/airflow/example_dags/example_task_group_decorator.py
[2024-12-20T04:44:33.556+0000] {processor.py:830} INFO - Processing file /home/airflow/.local/lib/python3.12/site-packages/airflow/example_dags/example_task_group_decorator.py for tasks to queue
[2024-12-20T04:44:33.593+0000] {logging_mixin.py:188} INFO - [2024-12-20T04:44:33.590+0000] {dagbag.py:545} INFO - Filling up the DagBag from /home/airflow/.local/lib/python3.12/site-packages/airflow/example_dags/example_task_group_decorator.py
[2024-12-20T04:44:33.855+0000] {processor.py:840} INFO - DAG(s) 'example_task_group_decorator' retrieved from /home/airflow/.local/lib/python3.12/site-packages/airflow/example_dags/example_task_group_decorator.py
[2024-12-20T04:44:34.893+0000] {logging_mixin.py:188} INFO - [2024-12-20T04:44:34.882+0000] {dag.py:3089} INFO - Sync 1 DAGs
[2024-12-20T04:44:35.516+0000] {logging_mixin.py:188} INFO - [2024-12-20T04:44:35.485+0000] {dag.py:3947} INFO - Setting next_dagrun for example_task_group_decorator to 2024-12-19 00:00:00+00:00, run_after=2024-12-20 00:00:00+00:00
[2024-12-20T04:44:36.028+0000] {processor.py:183} INFO - Processing /home/airflow/.local/lib/python3.12/site-packages/airflow/example_dags/example_task_group_decorator.py took 2.699 seconds
[2024-12-20T04:45:53.854+0000] {processor.py:161} INFO - Started process (PID=3022) to work on /home/airflow/.local/lib/python3.12/site-packages/airflow/example_dags/example_task_group_decorator.py
[2024-12-20T04:45:53.876+0000] {processor.py:830} INFO - Processing file /home/airflow/.local/lib/python3.12/site-packages/airflow/example_dags/example_task_group_decorator.py for tasks to queue
[2024-12-20T04:45:53.924+0000] {logging_mixin.py:188} INFO - [2024-12-20T04:45:53.923+0000] {dagbag.py:545} INFO - Filling up the DagBag from /home/airflow/.local/lib/python3.12/site-packages/airflow/example_dags/example_task_group_decorator.py
[2024-12-20T04:45:54.577+0000] {processor.py:840} INFO - DAG(s) 'example_task_group_decorator' retrieved from /home/airflow/.local/lib/python3.12/site-packages/airflow/example_dags/example_task_group_decorator.py
[2024-12-20T04:45:55.187+0000] {logging_mixin.py:188} INFO - [2024-12-20T04:45:55.165+0000] {dag.py:3089} INFO - Sync 1 DAGs
[2024-12-20T04:45:55.496+0000] {logging_mixin.py:188} INFO - [2024-12-20T04:45:55.495+0000] {dag.py:3947} INFO - Setting next_dagrun for example_task_group_decorator to 2024-12-19 00:00:00+00:00, run_after=2024-12-20 00:00:00+00:00
[2024-12-20T04:45:55.623+0000] {processor.py:183} INFO - Processing /home/airflow/.local/lib/python3.12/site-packages/airflow/example_dags/example_task_group_decorator.py took 1.919 seconds
[2024-12-20T04:46:25.929+0000] {processor.py:161} INFO - Started process (PID=3298) to work on /home/airflow/.local/lib/python3.12/site-packages/airflow/example_dags/example_task_group_decorator.py
[2024-12-20T04:46:25.932+0000] {processor.py:830} INFO - Processing file /home/airflow/.local/lib/python3.12/site-packages/airflow/example_dags/example_task_group_decorator.py for tasks to queue
[2024-12-20T04:46:25.944+0000] {logging_mixin.py:188} INFO - [2024-12-20T04:46:25.943+0000] {dagbag.py:545} INFO - Filling up the DagBag from /home/airflow/.local/lib/python3.12/site-packages/airflow/example_dags/example_task_group_decorator.py
[2024-12-20T04:46:25.970+0000] {processor.py:840} INFO - DAG(s) 'example_task_group_decorator' retrieved from /home/airflow/.local/lib/python3.12/site-packages/airflow/example_dags/example_task_group_decorator.py
[2024-12-20T04:46:26.024+0000] {logging_mixin.py:188} INFO - [2024-12-20T04:46:26.023+0000] {dag.py:3089} INFO - Sync 1 DAGs
[2024-12-20T04:46:26.062+0000] {logging_mixin.py:188} INFO - [2024-12-20T04:46:26.062+0000] {dag.py:3947} INFO - Setting next_dagrun for example_task_group_decorator to 2024-12-19 00:00:00+00:00, run_after=2024-12-20 00:00:00+00:00
[2024-12-20T04:46:26.076+0000] {processor.py:183} INFO - Processing /home/airflow/.local/lib/python3.12/site-packages/airflow/example_dags/example_task_group_decorator.py took 0.175 seconds
[2024-12-20T04:46:56.322+0000] {processor.py:161} INFO - Started process (PID=3575) to work on /home/airflow/.local/lib/python3.12/site-packages/airflow/example_dags/example_task_group_decorator.py
[2024-12-20T04:46:56.324+0000] {processor.py:830} INFO - Processing file /home/airflow/.local/lib/python3.12/site-packages/airflow/example_dags/example_task_group_decorator.py for tasks to queue
[2024-12-20T04:46:56.327+0000] {logging_mixin.py:188} INFO - [2024-12-20T04:46:56.327+0000] {dagbag.py:545} INFO - Filling up the DagBag from /home/airflow/.local/lib/python3.12/site-packages/airflow/example_dags/example_task_group_decorator.py
[2024-12-20T04:46:56.345+0000] {processor.py:840} INFO - DAG(s) 'example_task_group_decorator' retrieved from /home/airflow/.local/lib/python3.12/site-packages/airflow/example_dags/example_task_group_decorator.py
[2024-12-20T04:46:56.365+0000] {logging_mixin.py:188} INFO - [2024-12-20T04:46:56.365+0000] {dag.py:3089} INFO - Sync 1 DAGs
[2024-12-20T04:46:56.385+0000] {logging_mixin.py:188} INFO - [2024-12-20T04:46:56.384+0000] {dag.py:3947} INFO - Setting next_dagrun for example_task_group_decorator to 2024-12-19 00:00:00+00:00, run_after=2024-12-20 00:00:00+00:00
[2024-12-20T04:46:56.398+0000] {processor.py:183} INFO - Processing /home/airflow/.local/lib/python3.12/site-packages/airflow/example_dags/example_task_group_decorator.py took 0.086 seconds
[2024-12-20T04:47:26.723+0000] {processor.py:161} INFO - Started process (PID=3852) to work on /home/airflow/.local/lib/python3.12/site-packages/airflow/example_dags/example_task_group_decorator.py
[2024-12-20T04:47:26.726+0000] {processor.py:830} INFO - Processing file /home/airflow/.local/lib/python3.12/site-packages/airflow/example_dags/example_task_group_decorator.py for tasks to queue
[2024-12-20T04:47:26.736+0000] {logging_mixin.py:188} INFO - [2024-12-20T04:47:26.734+0000] {dagbag.py:545} INFO - Filling up the DagBag from /home/airflow/.local/lib/python3.12/site-packages/airflow/example_dags/example_task_group_decorator.py
[2024-12-20T04:47:26.753+0000] {processor.py:840} INFO - DAG(s) 'example_task_group_decorator' retrieved from /home/airflow/.local/lib/python3.12/site-packages/airflow/example_dags/example_task_group_decorator.py
[2024-12-20T04:47:26.777+0000] {logging_mixin.py:188} INFO - [2024-12-20T04:47:26.777+0000] {dag.py:3089} INFO - Sync 1 DAGs
[2024-12-20T04:47:26.806+0000] {logging_mixin.py:188} INFO - [2024-12-20T04:47:26.806+0000] {dag.py:3947} INFO - Setting next_dagrun for example_task_group_decorator to 2024-12-19 00:00:00+00:00, run_after=2024-12-20 00:00:00+00:00
[2024-12-20T04:47:26.817+0000] {processor.py:183} INFO - Processing /home/airflow/.local/lib/python3.12/site-packages/airflow/example_dags/example_task_group_decorator.py took 0.115 seconds
