[2024-12-20T04:30:03.344+0000] {processor.py:161} INFO - Started process (PID=345) to work on /home/airflow/.local/lib/python3.12/site-packages/airflow/example_dags/example_python_decorator.py
[2024-12-20T04:30:03.345+0000] {processor.py:830} INFO - Processing file /home/airflow/.local/lib/python3.12/site-packages/airflow/example_dags/example_python_decorator.py for tasks to queue
[2024-12-20T04:30:03.349+0000] {logging_mixin.py:188} INFO - [2024-12-20T04:30:03.348+0000] {dagbag.py:545} INFO - Filling up the DagBag from /home/airflow/.local/lib/python3.12/site-packages/airflow/example_dags/example_python_decorator.py
[2024-12-20T04:30:03.370+0000] {processor.py:840} INFO - DAG(s) 'example_python_decorator' retrieved from /home/airflow/.local/lib/python3.12/site-packages/airflow/example_dags/example_python_decorator.py
[2024-12-20T04:30:03.604+0000] {logging_mixin.py:188} INFO - [2024-12-20T04:30:03.604+0000] {dag.py:3089} INFO - Sync 1 DAGs
[2024-12-20T04:30:03.626+0000] {logging_mixin.py:188} INFO - [2024-12-20T04:30:03.626+0000] {dag.py:3947} INFO - Setting next_dagrun for example_python_decorator to None, run_after=None
[2024-12-20T04:30:03.661+0000] {processor.py:183} INFO - Processing /home/airflow/.local/lib/python3.12/site-packages/airflow/example_dags/example_python_decorator.py took 0.327 seconds
[2024-12-20T04:37:18.288+0000] {processor.py:161} INFO - Started process (PID=345) to work on /home/airflow/.local/lib/python3.12/site-packages/airflow/example_dags/example_python_decorator.py
[2024-12-20T04:37:18.290+0000] {processor.py:830} INFO - Processing file /home/airflow/.local/lib/python3.12/site-packages/airflow/example_dags/example_python_decorator.py for tasks to queue
[2024-12-20T04:37:18.295+0000] {logging_mixin.py:188} INFO - [2024-12-20T04:37:18.295+0000] {dagbag.py:545} INFO - Filling up the DagBag from /home/airflow/.local/lib/python3.12/site-packages/airflow/example_dags/example_python_decorator.py
[2024-12-20T04:37:18.314+0000] {processor.py:840} INFO - DAG(s) 'example_python_decorator' retrieved from /home/airflow/.local/lib/python3.12/site-packages/airflow/example_dags/example_python_decorator.py
[2024-12-20T04:37:18.352+0000] {logging_mixin.py:188} INFO - [2024-12-20T04:37:18.352+0000] {dag.py:3089} INFO - Sync 1 DAGs
[2024-12-20T04:37:18.381+0000] {logging_mixin.py:188} INFO - [2024-12-20T04:37:18.380+0000] {dag.py:3947} INFO - Setting next_dagrun for example_python_decorator to None, run_after=None
[2024-12-20T04:37:18.408+0000] {processor.py:183} INFO - Processing /home/airflow/.local/lib/python3.12/site-packages/airflow/example_dags/example_python_decorator.py took 0.129 seconds
[2024-12-20T04:38:56.088+0000] {processor.py:161} INFO - Started process (PID=757) to work on /home/airflow/.local/lib/python3.12/site-packages/airflow/example_dags/example_python_decorator.py
[2024-12-20T04:38:56.089+0000] {processor.py:830} INFO - Processing file /home/airflow/.local/lib/python3.12/site-packages/airflow/example_dags/example_python_decorator.py for tasks to queue
[2024-12-20T04:38:56.090+0000] {logging_mixin.py:188} INFO - [2024-12-20T04:38:56.090+0000] {dagbag.py:545} INFO - Filling up the DagBag from /home/airflow/.local/lib/python3.12/site-packages/airflow/example_dags/example_python_decorator.py
[2024-12-20T04:38:56.099+0000] {processor.py:840} INFO - DAG(s) 'example_python_decorator' retrieved from /home/airflow/.local/lib/python3.12/site-packages/airflow/example_dags/example_python_decorator.py
[2024-12-20T04:38:56.175+0000] {logging_mixin.py:188} INFO - [2024-12-20T04:38:56.174+0000] {dag.py:3089} INFO - Sync 1 DAGs
[2024-12-20T04:38:56.185+0000] {logging_mixin.py:188} INFO - [2024-12-20T04:38:56.185+0000] {dag.py:3947} INFO - Setting next_dagrun for example_python_decorator to None, run_after=None
[2024-12-20T04:38:56.200+0000] {processor.py:183} INFO - Processing /home/airflow/.local/lib/python3.12/site-packages/airflow/example_dags/example_python_decorator.py took 0.116 seconds
[2024-12-20T04:39:26.434+0000] {processor.py:161} INFO - Started process (PID=1034) to work on /home/airflow/.local/lib/python3.12/site-packages/airflow/example_dags/example_python_decorator.py
[2024-12-20T04:39:26.434+0000] {processor.py:830} INFO - Processing file /home/airflow/.local/lib/python3.12/site-packages/airflow/example_dags/example_python_decorator.py for tasks to queue
[2024-12-20T04:39:26.436+0000] {logging_mixin.py:188} INFO - [2024-12-20T04:39:26.436+0000] {dagbag.py:545} INFO - Filling up the DagBag from /home/airflow/.local/lib/python3.12/site-packages/airflow/example_dags/example_python_decorator.py
[2024-12-20T04:39:26.445+0000] {processor.py:840} INFO - DAG(s) 'example_python_decorator' retrieved from /home/airflow/.local/lib/python3.12/site-packages/airflow/example_dags/example_python_decorator.py
[2024-12-20T04:39:26.459+0000] {logging_mixin.py:188} INFO - [2024-12-20T04:39:26.459+0000] {dag.py:3089} INFO - Sync 1 DAGs
[2024-12-20T04:39:26.467+0000] {logging_mixin.py:188} INFO - [2024-12-20T04:39:26.467+0000] {dag.py:3947} INFO - Setting next_dagrun for example_python_decorator to None, run_after=None
[2024-12-20T04:39:26.477+0000] {processor.py:183} INFO - Processing /home/airflow/.local/lib/python3.12/site-packages/airflow/example_dags/example_python_decorator.py took 0.048 seconds
[2024-12-20T04:39:57.383+0000] {processor.py:161} INFO - Started process (PID=1311) to work on /home/airflow/.local/lib/python3.12/site-packages/airflow/example_dags/example_python_decorator.py
[2024-12-20T04:39:57.384+0000] {processor.py:830} INFO - Processing file /home/airflow/.local/lib/python3.12/site-packages/airflow/example_dags/example_python_decorator.py for tasks to queue
[2024-12-20T04:39:57.385+0000] {logging_mixin.py:188} INFO - [2024-12-20T04:39:57.385+0000] {dagbag.py:545} INFO - Filling up the DagBag from /home/airflow/.local/lib/python3.12/site-packages/airflow/example_dags/example_python_decorator.py
[2024-12-20T04:39:57.393+0000] {processor.py:840} INFO - DAG(s) 'example_python_decorator' retrieved from /home/airflow/.local/lib/python3.12/site-packages/airflow/example_dags/example_python_decorator.py
[2024-12-20T04:39:57.404+0000] {logging_mixin.py:188} INFO - [2024-12-20T04:39:57.404+0000] {dag.py:3089} INFO - Sync 1 DAGs
[2024-12-20T04:39:57.412+0000] {logging_mixin.py:188} INFO - [2024-12-20T04:39:57.412+0000] {dag.py:3947} INFO - Setting next_dagrun for example_python_decorator to None, run_after=None
[2024-12-20T04:39:57.424+0000] {processor.py:183} INFO - Processing /home/airflow/.local/lib/python3.12/site-packages/airflow/example_dags/example_python_decorator.py took 0.045 seconds
[2024-12-20T04:41:45.365+0000] {processor.py:161} INFO - Started process (PID=1695) to work on /home/airflow/.local/lib/python3.12/site-packages/airflow/example_dags/example_python_decorator.py
[2024-12-20T04:41:45.373+0000] {processor.py:830} INFO - Processing file /home/airflow/.local/lib/python3.12/site-packages/airflow/example_dags/example_python_decorator.py for tasks to queue
[2024-12-20T04:41:45.411+0000] {logging_mixin.py:188} INFO - [2024-12-20T04:41:45.404+0000] {dagbag.py:545} INFO - Filling up the DagBag from /home/airflow/.local/lib/python3.12/site-packages/airflow/example_dags/example_python_decorator.py
[2024-12-20T04:41:46.087+0000] {processor.py:840} INFO - DAG(s) 'example_python_decorator' retrieved from /home/airflow/.local/lib/python3.12/site-packages/airflow/example_dags/example_python_decorator.py
[2024-12-20T04:41:46.537+0000] {logging_mixin.py:188} INFO - [2024-12-20T04:41:46.488+0000] {dag.py:3089} INFO - Sync 1 DAGs
[2024-12-20T04:41:46.599+0000] {logging_mixin.py:188} INFO - [2024-12-20T04:41:46.598+0000] {dag.py:3947} INFO - Setting next_dagrun for example_python_decorator to None, run_after=None
[2024-12-20T04:41:46.815+0000] {processor.py:183} INFO - Processing /home/airflow/.local/lib/python3.12/site-packages/airflow/example_dags/example_python_decorator.py took 1.663 seconds
[2024-12-20T04:42:17.316+0000] {processor.py:161} INFO - Started process (PID=2013) to work on /home/airflow/.local/lib/python3.12/site-packages/airflow/example_dags/example_python_decorator.py
[2024-12-20T04:42:17.317+0000] {processor.py:830} INFO - Processing file /home/airflow/.local/lib/python3.12/site-packages/airflow/example_dags/example_python_decorator.py for tasks to queue
[2024-12-20T04:42:17.321+0000] {logging_mixin.py:188} INFO - [2024-12-20T04:42:17.321+0000] {dagbag.py:545} INFO - Filling up the DagBag from /home/airflow/.local/lib/python3.12/site-packages/airflow/example_dags/example_python_decorator.py
[2024-12-20T04:42:17.335+0000] {processor.py:840} INFO - DAG(s) 'example_python_decorator' retrieved from /home/airflow/.local/lib/python3.12/site-packages/airflow/example_dags/example_python_decorator.py
[2024-12-20T04:42:17.352+0000] {logging_mixin.py:188} INFO - [2024-12-20T04:42:17.351+0000] {dag.py:3089} INFO - Sync 1 DAGs
[2024-12-20T04:42:17.361+0000] {logging_mixin.py:188} INFO - [2024-12-20T04:42:17.360+0000] {dag.py:3947} INFO - Setting next_dagrun for example_python_decorator to None, run_after=None
[2024-12-20T04:42:17.372+0000] {processor.py:183} INFO - Processing /home/airflow/.local/lib/python3.12/site-packages/airflow/example_dags/example_python_decorator.py took 0.066 seconds
[2024-12-20T04:42:59.757+0000] {processor.py:161} INFO - Started process (PID=2302) to work on /home/airflow/.local/lib/python3.12/site-packages/airflow/example_dags/example_python_decorator.py
[2024-12-20T04:42:59.759+0000] {processor.py:830} INFO - Processing file /home/airflow/.local/lib/python3.12/site-packages/airflow/example_dags/example_python_decorator.py for tasks to queue
[2024-12-20T04:42:59.763+0000] {logging_mixin.py:188} INFO - [2024-12-20T04:42:59.762+0000] {dagbag.py:545} INFO - Filling up the DagBag from /home/airflow/.local/lib/python3.12/site-packages/airflow/example_dags/example_python_decorator.py
[2024-12-20T04:42:59.814+0000] {processor.py:840} INFO - DAG(s) 'example_python_decorator' retrieved from /home/airflow/.local/lib/python3.12/site-packages/airflow/example_dags/example_python_decorator.py
[2024-12-20T04:42:59.920+0000] {logging_mixin.py:188} INFO - [2024-12-20T04:42:59.919+0000] {dag.py:3089} INFO - Sync 1 DAGs
[2024-12-20T04:42:59.965+0000] {logging_mixin.py:188} INFO - [2024-12-20T04:42:59.964+0000] {dag.py:3947} INFO - Setting next_dagrun for example_python_decorator to None, run_after=None
[2024-12-20T04:43:00.012+0000] {processor.py:183} INFO - Processing /home/airflow/.local/lib/python3.12/site-packages/airflow/example_dags/example_python_decorator.py took 0.261 seconds
[2024-12-20T04:44:27.499+0000] {processor.py:161} INFO - Started process (PID=2667) to work on /home/airflow/.local/lib/python3.12/site-packages/airflow/example_dags/example_python_decorator.py
[2024-12-20T04:44:27.508+0000] {processor.py:830} INFO - Processing file /home/airflow/.local/lib/python3.12/site-packages/airflow/example_dags/example_python_decorator.py for tasks to queue
[2024-12-20T04:44:27.545+0000] {logging_mixin.py:188} INFO - [2024-12-20T04:44:27.539+0000] {dagbag.py:545} INFO - Filling up the DagBag from /home/airflow/.local/lib/python3.12/site-packages/airflow/example_dags/example_python_decorator.py
[2024-12-20T04:44:27.643+0000] {processor.py:840} INFO - DAG(s) 'example_python_decorator' retrieved from /home/airflow/.local/lib/python3.12/site-packages/airflow/example_dags/example_python_decorator.py
[2024-12-20T04:44:27.906+0000] {logging_mixin.py:188} INFO - [2024-12-20T04:44:27.905+0000] {dag.py:3089} INFO - Sync 1 DAGs
[2024-12-20T04:44:28.041+0000] {logging_mixin.py:188} INFO - [2024-12-20T04:44:28.040+0000] {dag.py:3947} INFO - Setting next_dagrun for example_python_decorator to None, run_after=None
[2024-12-20T04:44:28.281+0000] {processor.py:183} INFO - Processing /home/airflow/.local/lib/python3.12/site-packages/airflow/example_dags/example_python_decorator.py took 0.805 seconds
[2024-12-20T04:45:05.961+0000] {processor.py:161} INFO - Started process (PID=2993) to work on /home/airflow/.local/lib/python3.12/site-packages/airflow/example_dags/example_python_decorator.py
[2024-12-20T04:45:06.175+0000] {processor.py:830} INFO - Processing file /home/airflow/.local/lib/python3.12/site-packages/airflow/example_dags/example_python_decorator.py for tasks to queue
[2024-12-20T04:45:06.809+0000] {logging_mixin.py:188} INFO - [2024-12-20T04:45:06.657+0000] {dagbag.py:545} INFO - Filling up the DagBag from /home/airflow/.local/lib/python3.12/site-packages/airflow/example_dags/example_python_decorator.py
[2024-12-20T04:45:09.875+0000] {processor.py:840} INFO - DAG(s) 'example_python_decorator' retrieved from /home/airflow/.local/lib/python3.12/site-packages/airflow/example_dags/example_python_decorator.py
[2024-12-20T04:45:48.303+0000] {logging_mixin.py:188} INFO - [2024-12-20T04:45:48.260+0000] {dag.py:3089} INFO - Sync 1 DAGs
[2024-12-20T04:45:49.055+0000] {logging_mixin.py:188} INFO - [2024-12-20T04:45:49.041+0000] {dag.py:3947} INFO - Setting next_dagrun for example_python_decorator to None, run_after=None
[2024-12-20T04:45:49.788+0000] {processor.py:183} INFO - Processing /home/airflow/.local/lib/python3.12/site-packages/airflow/example_dags/example_python_decorator.py took 49.181 seconds
[2024-12-20T04:46:20.737+0000] {processor.py:161} INFO - Started process (PID=3283) to work on /home/airflow/.local/lib/python3.12/site-packages/airflow/example_dags/example_python_decorator.py
[2024-12-20T04:46:20.738+0000] {processor.py:830} INFO - Processing file /home/airflow/.local/lib/python3.12/site-packages/airflow/example_dags/example_python_decorator.py for tasks to queue
[2024-12-20T04:46:20.739+0000] {logging_mixin.py:188} INFO - [2024-12-20T04:46:20.739+0000] {dagbag.py:545} INFO - Filling up the DagBag from /home/airflow/.local/lib/python3.12/site-packages/airflow/example_dags/example_python_decorator.py
[2024-12-20T04:46:20.759+0000] {processor.py:840} INFO - DAG(s) 'example_python_decorator' retrieved from /home/airflow/.local/lib/python3.12/site-packages/airflow/example_dags/example_python_decorator.py
[2024-12-20T04:46:20.789+0000] {logging_mixin.py:188} INFO - [2024-12-20T04:46:20.789+0000] {dag.py:3089} INFO - Sync 1 DAGs
[2024-12-20T04:46:20.801+0000] {logging_mixin.py:188} INFO - [2024-12-20T04:46:20.801+0000] {dag.py:3947} INFO - Setting next_dagrun for example_python_decorator to None, run_after=None
[2024-12-20T04:46:20.816+0000] {processor.py:183} INFO - Processing /home/airflow/.local/lib/python3.12/site-packages/airflow/example_dags/example_python_decorator.py took 0.084 seconds
[2024-12-20T04:46:51.048+0000] {processor.py:161} INFO - Started process (PID=3560) to work on /home/airflow/.local/lib/python3.12/site-packages/airflow/example_dags/example_python_decorator.py
[2024-12-20T04:46:51.050+0000] {processor.py:830} INFO - Processing file /home/airflow/.local/lib/python3.12/site-packages/airflow/example_dags/example_python_decorator.py for tasks to queue
[2024-12-20T04:46:51.054+0000] {logging_mixin.py:188} INFO - [2024-12-20T04:46:51.053+0000] {dagbag.py:545} INFO - Filling up the DagBag from /home/airflow/.local/lib/python3.12/site-packages/airflow/example_dags/example_python_decorator.py
[2024-12-20T04:46:51.096+0000] {processor.py:840} INFO - DAG(s) 'example_python_decorator' retrieved from /home/airflow/.local/lib/python3.12/site-packages/airflow/example_dags/example_python_decorator.py
[2024-12-20T04:46:51.144+0000] {logging_mixin.py:188} INFO - [2024-12-20T04:46:51.144+0000] {dag.py:3089} INFO - Sync 1 DAGs
[2024-12-20T04:46:51.157+0000] {logging_mixin.py:188} INFO - [2024-12-20T04:46:51.157+0000] {dag.py:3947} INFO - Setting next_dagrun for example_python_decorator to None, run_after=None
[2024-12-20T04:46:51.203+0000] {processor.py:183} INFO - Processing /home/airflow/.local/lib/python3.12/site-packages/airflow/example_dags/example_python_decorator.py took 0.168 seconds
[2024-12-20T04:47:21.537+0000] {processor.py:161} INFO - Started process (PID=3837) to work on /home/airflow/.local/lib/python3.12/site-packages/airflow/example_dags/example_python_decorator.py
[2024-12-20T04:47:21.539+0000] {processor.py:830} INFO - Processing file /home/airflow/.local/lib/python3.12/site-packages/airflow/example_dags/example_python_decorator.py for tasks to queue
[2024-12-20T04:47:21.544+0000] {logging_mixin.py:188} INFO - [2024-12-20T04:47:21.543+0000] {dagbag.py:545} INFO - Filling up the DagBag from /home/airflow/.local/lib/python3.12/site-packages/airflow/example_dags/example_python_decorator.py
[2024-12-20T04:47:21.568+0000] {processor.py:840} INFO - DAG(s) 'example_python_decorator' retrieved from /home/airflow/.local/lib/python3.12/site-packages/airflow/example_dags/example_python_decorator.py
[2024-12-20T04:47:21.611+0000] {logging_mixin.py:188} INFO - [2024-12-20T04:47:21.611+0000] {dag.py:3089} INFO - Sync 1 DAGs
[2024-12-20T04:47:21.625+0000] {logging_mixin.py:188} INFO - [2024-12-20T04:47:21.625+0000] {dag.py:3947} INFO - Setting next_dagrun for example_python_decorator to None, run_after=None
[2024-12-20T04:47:21.638+0000] {processor.py:183} INFO - Processing /home/airflow/.local/lib/python3.12/site-packages/airflow/example_dags/example_python_decorator.py took 0.122 seconds
