[2024-12-20T04:27:11.463+0000] {processor.py:161} INFO - Started process (PID=216) to work on /home/airflow/.local/lib/python3.12/site-packages/airflow/example_dags/example_dag_decorator.py
[2024-12-20T04:27:11.469+0000] {processor.py:830} INFO - Processing file /home/airflow/.local/lib/python3.12/site-packages/airflow/example_dags/example_dag_decorator.py for tasks to queue
[2024-12-20T04:27:11.503+0000] {logging_mixin.py:188} INFO - [2024-12-20T04:27:11.502+0000] {dagbag.py:545} INFO - Filling up the DagBag from /home/airflow/.local/lib/python3.12/site-packages/airflow/example_dags/example_dag_decorator.py
[2024-12-20T04:27:13.163+0000] {processor.py:840} INFO - DAG(s) 'example_dag_decorator' retrieved from /home/airflow/.local/lib/python3.12/site-packages/airflow/example_dags/example_dag_decorator.py
[2024-12-20T04:27:13.512+0000] {logging_mixin.py:188} INFO - [2024-12-20T04:27:13.512+0000] {dag.py:3089} INFO - Sync 1 DAGs
[2024-12-20T04:27:13.541+0000] {logging_mixin.py:188} INFO - [2024-12-20T04:27:13.541+0000] {dag.py:3947} INFO - Setting next_dagrun for example_dag_decorator to None, run_after=None
[2024-12-20T04:27:13.642+0000] {processor.py:183} INFO - Processing /home/airflow/.local/lib/python3.12/site-packages/airflow/example_dags/example_dag_decorator.py took 2.282 seconds
[2024-12-20T04:29:57.685+0000] {processor.py:161} INFO - Started process (PID=210) to work on /home/airflow/.local/lib/python3.12/site-packages/airflow/example_dags/example_dag_decorator.py
[2024-12-20T04:29:57.694+0000] {processor.py:830} INFO - Processing file /home/airflow/.local/lib/python3.12/site-packages/airflow/example_dags/example_dag_decorator.py for tasks to queue
[2024-12-20T04:29:57.717+0000] {logging_mixin.py:188} INFO - [2024-12-20T04:29:57.717+0000] {dagbag.py:545} INFO - Filling up the DagBag from /home/airflow/.local/lib/python3.12/site-packages/airflow/example_dags/example_dag_decorator.py
[2024-12-20T04:29:59.548+0000] {processor.py:840} INFO - DAG(s) 'example_dag_decorator' retrieved from /home/airflow/.local/lib/python3.12/site-packages/airflow/example_dags/example_dag_decorator.py
[2024-12-20T04:29:59.712+0000] {logging_mixin.py:188} INFO - [2024-12-20T04:29:59.711+0000] {dag.py:3089} INFO - Sync 1 DAGs
[2024-12-20T04:29:59.723+0000] {logging_mixin.py:188} INFO - [2024-12-20T04:29:59.723+0000] {dag.py:3947} INFO - Setting next_dagrun for example_dag_decorator to None, run_after=None
[2024-12-20T04:29:59.739+0000] {processor.py:183} INFO - Processing /home/airflow/.local/lib/python3.12/site-packages/airflow/example_dags/example_dag_decorator.py took 2.075 seconds
[2024-12-20T04:37:14.339+0000] {processor.py:161} INFO - Started process (PID=207) to work on /home/airflow/.local/lib/python3.12/site-packages/airflow/example_dags/example_dag_decorator.py
[2024-12-20T04:37:14.342+0000] {processor.py:830} INFO - Processing file /home/airflow/.local/lib/python3.12/site-packages/airflow/example_dags/example_dag_decorator.py for tasks to queue
[2024-12-20T04:37:14.344+0000] {logging_mixin.py:188} INFO - [2024-12-20T04:37:14.343+0000] {dagbag.py:545} INFO - Filling up the DagBag from /home/airflow/.local/lib/python3.12/site-packages/airflow/example_dags/example_dag_decorator.py
[2024-12-20T04:37:14.513+0000] {processor.py:840} INFO - DAG(s) 'example_dag_decorator' retrieved from /home/airflow/.local/lib/python3.12/site-packages/airflow/example_dags/example_dag_decorator.py
[2024-12-20T04:37:14.528+0000] {logging_mixin.py:188} INFO - [2024-12-20T04:37:14.528+0000] {dag.py:3089} INFO - Sync 1 DAGs
[2024-12-20T04:37:14.560+0000] {logging_mixin.py:188} INFO - [2024-12-20T04:37:14.560+0000] {dag.py:3947} INFO - Setting next_dagrun for example_dag_decorator to None, run_after=None
[2024-12-20T04:37:14.610+0000] {processor.py:183} INFO - Processing /home/airflow/.local/lib/python3.12/site-packages/airflow/example_dags/example_dag_decorator.py took 0.275 seconds
[2024-12-20T04:38:15.548+0000] {processor.py:161} INFO - Started process (PID=539) to work on /home/airflow/.local/lib/python3.12/site-packages/airflow/example_dags/example_dag_decorator.py
[2024-12-20T04:38:15.567+0000] {processor.py:830} INFO - Processing file /home/airflow/.local/lib/python3.12/site-packages/airflow/example_dags/example_dag_decorator.py for tasks to queue
[2024-12-20T04:38:15.570+0000] {logging_mixin.py:188} INFO - [2024-12-20T04:38:15.570+0000] {dagbag.py:545} INFO - Filling up the DagBag from /home/airflow/.local/lib/python3.12/site-packages/airflow/example_dags/example_dag_decorator.py
[2024-12-20T04:38:16.464+0000] {processor.py:840} INFO - DAG(s) 'example_dag_decorator' retrieved from /home/airflow/.local/lib/python3.12/site-packages/airflow/example_dags/example_dag_decorator.py
[2024-12-20T04:38:17.161+0000] {logging_mixin.py:188} INFO - [2024-12-20T04:38:17.161+0000] {dag.py:3089} INFO - Sync 1 DAGs
[2024-12-20T04:38:17.221+0000] {logging_mixin.py:188} INFO - [2024-12-20T04:38:17.221+0000] {dag.py:3947} INFO - Setting next_dagrun for example_dag_decorator to None, run_after=None
[2024-12-20T04:38:17.365+0000] {processor.py:183} INFO - Processing /home/airflow/.local/lib/python3.12/site-packages/airflow/example_dags/example_dag_decorator.py took 1.867 seconds
[2024-12-20T04:38:54.124+0000] {processor.py:161} INFO - Started process (PID=659) to work on /home/airflow/.local/lib/python3.12/site-packages/airflow/example_dags/example_dag_decorator.py
[2024-12-20T04:38:54.125+0000] {processor.py:830} INFO - Processing file /home/airflow/.local/lib/python3.12/site-packages/airflow/example_dags/example_dag_decorator.py for tasks to queue
[2024-12-20T04:38:54.126+0000] {logging_mixin.py:188} INFO - [2024-12-20T04:38:54.126+0000] {dagbag.py:545} INFO - Filling up the DagBag from /home/airflow/.local/lib/python3.12/site-packages/airflow/example_dags/example_dag_decorator.py
[2024-12-20T04:38:54.441+0000] {processor.py:840} INFO - DAG(s) 'example_dag_decorator' retrieved from /home/airflow/.local/lib/python3.12/site-packages/airflow/example_dags/example_dag_decorator.py
[2024-12-20T04:38:54.493+0000] {logging_mixin.py:188} INFO - [2024-12-20T04:38:54.493+0000] {dag.py:3089} INFO - Sync 1 DAGs
[2024-12-20T04:38:54.506+0000] {logging_mixin.py:188} INFO - [2024-12-20T04:38:54.505+0000] {dag.py:3947} INFO - Setting next_dagrun for example_dag_decorator to None, run_after=None
[2024-12-20T04:38:54.519+0000] {processor.py:183} INFO - Processing /home/airflow/.local/lib/python3.12/site-packages/airflow/example_dags/example_dag_decorator.py took 0.400 seconds
[2024-12-20T04:39:24.547+0000] {processor.py:161} INFO - Started process (PID=944) to work on /home/airflow/.local/lib/python3.12/site-packages/airflow/example_dags/example_dag_decorator.py
[2024-12-20T04:39:24.549+0000] {processor.py:830} INFO - Processing file /home/airflow/.local/lib/python3.12/site-packages/airflow/example_dags/example_dag_decorator.py for tasks to queue
[2024-12-20T04:39:24.551+0000] {logging_mixin.py:188} INFO - [2024-12-20T04:39:24.551+0000] {dagbag.py:545} INFO - Filling up the DagBag from /home/airflow/.local/lib/python3.12/site-packages/airflow/example_dags/example_dag_decorator.py
[2024-12-20T04:39:24.642+0000] {processor.py:840} INFO - DAG(s) 'example_dag_decorator' retrieved from /home/airflow/.local/lib/python3.12/site-packages/airflow/example_dags/example_dag_decorator.py
[2024-12-20T04:39:24.720+0000] {logging_mixin.py:188} INFO - [2024-12-20T04:39:24.720+0000] {dag.py:3089} INFO - Sync 1 DAGs
[2024-12-20T04:39:24.727+0000] {logging_mixin.py:188} INFO - [2024-12-20T04:39:24.726+0000] {dag.py:3947} INFO - Setting next_dagrun for example_dag_decorator to None, run_after=None
[2024-12-20T04:39:24.738+0000] {processor.py:183} INFO - Processing /home/airflow/.local/lib/python3.12/site-packages/airflow/example_dags/example_dag_decorator.py took 0.196 seconds
[2024-12-20T04:39:55.685+0000] {processor.py:161} INFO - Started process (PID=1223) to work on /home/airflow/.local/lib/python3.12/site-packages/airflow/example_dags/example_dag_decorator.py
[2024-12-20T04:39:55.688+0000] {processor.py:830} INFO - Processing file /home/airflow/.local/lib/python3.12/site-packages/airflow/example_dags/example_dag_decorator.py for tasks to queue
[2024-12-20T04:39:55.692+0000] {logging_mixin.py:188} INFO - [2024-12-20T04:39:55.691+0000] {dagbag.py:545} INFO - Filling up the DagBag from /home/airflow/.local/lib/python3.12/site-packages/airflow/example_dags/example_dag_decorator.py
[2024-12-20T04:39:55.873+0000] {processor.py:840} INFO - DAG(s) 'example_dag_decorator' retrieved from /home/airflow/.local/lib/python3.12/site-packages/airflow/example_dags/example_dag_decorator.py
[2024-12-20T04:39:55.983+0000] {logging_mixin.py:188} INFO - [2024-12-20T04:39:55.982+0000] {dag.py:3089} INFO - Sync 1 DAGs
[2024-12-20T04:39:55.997+0000] {logging_mixin.py:188} INFO - [2024-12-20T04:39:55.997+0000] {dag.py:3947} INFO - Setting next_dagrun for example_dag_decorator to None, run_after=None
[2024-12-20T04:39:56.010+0000] {processor.py:183} INFO - Processing /home/airflow/.local/lib/python3.12/site-packages/airflow/example_dags/example_dag_decorator.py took 0.334 seconds
[2024-12-20T04:40:44.758+0000] {processor.py:161} INFO - Started process (PID=1520) to work on /home/airflow/.local/lib/python3.12/site-packages/airflow/example_dags/example_dag_decorator.py
[2024-12-20T04:40:44.764+0000] {processor.py:830} INFO - Processing file /home/airflow/.local/lib/python3.12/site-packages/airflow/example_dags/example_dag_decorator.py for tasks to queue
[2024-12-20T04:40:44.781+0000] {logging_mixin.py:188} INFO - [2024-12-20T04:40:44.775+0000] {dagbag.py:545} INFO - Filling up the DagBag from /home/airflow/.local/lib/python3.12/site-packages/airflow/example_dags/example_dag_decorator.py
[2024-12-20T04:40:47.328+0000] {processor.py:840} INFO - DAG(s) 'example_dag_decorator' retrieved from /home/airflow/.local/lib/python3.12/site-packages/airflow/example_dags/example_dag_decorator.py
[2024-12-20T04:40:49.364+0000] {logging_mixin.py:188} INFO - [2024-12-20T04:40:49.362+0000] {dag.py:3089} INFO - Sync 1 DAGs
[2024-12-20T04:40:49.415+0000] {logging_mixin.py:188} INFO - [2024-12-20T04:40:49.414+0000] {dag.py:3947} INFO - Setting next_dagrun for example_dag_decorator to None, run_after=None
[2024-12-20T04:40:49.551+0000] {processor.py:183} INFO - Processing /home/airflow/.local/lib/python3.12/site-packages/airflow/example_dags/example_dag_decorator.py took 4.870 seconds
[2024-12-20T04:42:05.287+0000] {processor.py:161} INFO - Started process (PID=1822) to work on /home/airflow/.local/lib/python3.12/site-packages/airflow/example_dags/example_dag_decorator.py
[2024-12-20T04:42:05.293+0000] {processor.py:830} INFO - Processing file /home/airflow/.local/lib/python3.12/site-packages/airflow/example_dags/example_dag_decorator.py for tasks to queue
[2024-12-20T04:42:05.296+0000] {logging_mixin.py:188} INFO - [2024-12-20T04:42:05.295+0000] {dagbag.py:545} INFO - Filling up the DagBag from /home/airflow/.local/lib/python3.12/site-packages/airflow/example_dags/example_dag_decorator.py
[2024-12-20T04:42:06.053+0000] {processor.py:840} INFO - DAG(s) 'example_dag_decorator' retrieved from /home/airflow/.local/lib/python3.12/site-packages/airflow/example_dags/example_dag_decorator.py
[2024-12-20T04:42:06.379+0000] {logging_mixin.py:188} INFO - [2024-12-20T04:42:06.379+0000] {dag.py:3089} INFO - Sync 1 DAGs
[2024-12-20T04:42:06.387+0000] {logging_mixin.py:188} INFO - [2024-12-20T04:42:06.386+0000] {dag.py:3947} INFO - Setting next_dagrun for example_dag_decorator to None, run_after=None
[2024-12-20T04:42:06.401+0000] {processor.py:183} INFO - Processing /home/airflow/.local/lib/python3.12/site-packages/airflow/example_dags/example_dag_decorator.py took 1.172 seconds
[2024-12-20T04:42:54.780+0000] {processor.py:161} INFO - Started process (PID=2159) to work on /home/airflow/.local/lib/python3.12/site-packages/airflow/example_dags/example_dag_decorator.py
[2024-12-20T04:42:54.785+0000] {processor.py:830} INFO - Processing file /home/airflow/.local/lib/python3.12/site-packages/airflow/example_dags/example_dag_decorator.py for tasks to queue
[2024-12-20T04:42:54.795+0000] {logging_mixin.py:188} INFO - [2024-12-20T04:42:54.794+0000] {dagbag.py:545} INFO - Filling up the DagBag from /home/airflow/.local/lib/python3.12/site-packages/airflow/example_dags/example_dag_decorator.py
[2024-12-20T04:42:56.609+0000] {processor.py:840} INFO - DAG(s) 'example_dag_decorator' retrieved from /home/airflow/.local/lib/python3.12/site-packages/airflow/example_dags/example_dag_decorator.py
[2024-12-20T04:42:57.573+0000] {logging_mixin.py:188} INFO - [2024-12-20T04:42:57.572+0000] {dag.py:3089} INFO - Sync 1 DAGs
[2024-12-20T04:42:57.591+0000] {logging_mixin.py:188} INFO - [2024-12-20T04:42:57.591+0000] {dag.py:3947} INFO - Setting next_dagrun for example_dag_decorator to None, run_after=None
[2024-12-20T04:42:57.608+0000] {processor.py:183} INFO - Processing /home/airflow/.local/lib/python3.12/site-packages/airflow/example_dags/example_dag_decorator.py took 2.849 seconds
[2024-12-20T04:43:30.997+0000] {processor.py:161} INFO - Started process (PID=2487) to work on /home/airflow/.local/lib/python3.12/site-packages/airflow/example_dags/example_dag_decorator.py
[2024-12-20T04:43:31.034+0000] {processor.py:830} INFO - Processing file /home/airflow/.local/lib/python3.12/site-packages/airflow/example_dags/example_dag_decorator.py for tasks to queue
[2024-12-20T04:43:31.051+0000] {logging_mixin.py:188} INFO - [2024-12-20T04:43:31.049+0000] {dagbag.py:545} INFO - Filling up the DagBag from /home/airflow/.local/lib/python3.12/site-packages/airflow/example_dags/example_dag_decorator.py
[2024-12-20T04:43:31.950+0000] {processor.py:840} INFO - DAG(s) 'example_dag_decorator' retrieved from /home/airflow/.local/lib/python3.12/site-packages/airflow/example_dags/example_dag_decorator.py
[2024-12-20T04:43:33.798+0000] {logging_mixin.py:188} INFO - [2024-12-20T04:43:33.797+0000] {dag.py:3089} INFO - Sync 1 DAGs
[2024-12-20T04:43:33.937+0000] {logging_mixin.py:188} INFO - [2024-12-20T04:43:33.936+0000] {dag.py:3947} INFO - Setting next_dagrun for example_dag_decorator to None, run_after=None
[2024-12-20T04:43:34.083+0000] {processor.py:183} INFO - Processing /home/airflow/.local/lib/python3.12/site-packages/airflow/example_dags/example_dag_decorator.py took 3.148 seconds
[2024-12-20T04:44:39.907+0000] {processor.py:161} INFO - Started process (PID=2728) to work on /home/airflow/.local/lib/python3.12/site-packages/airflow/example_dags/example_dag_decorator.py
[2024-12-20T04:44:39.916+0000] {processor.py:830} INFO - Processing file /home/airflow/.local/lib/python3.12/site-packages/airflow/example_dags/example_dag_decorator.py for tasks to queue
[2024-12-20T04:44:39.948+0000] {logging_mixin.py:188} INFO - [2024-12-20T04:44:39.945+0000] {dagbag.py:545} INFO - Filling up the DagBag from /home/airflow/.local/lib/python3.12/site-packages/airflow/example_dags/example_dag_decorator.py
[2024-12-20T04:44:41.892+0000] {processor.py:840} INFO - DAG(s) 'example_dag_decorator' retrieved from /home/airflow/.local/lib/python3.12/site-packages/airflow/example_dags/example_dag_decorator.py
[2024-12-20T04:44:44.252+0000] {logging_mixin.py:188} INFO - [2024-12-20T04:44:44.245+0000] {dag.py:3089} INFO - Sync 1 DAGs
[2024-12-20T04:44:45.180+0000] {logging_mixin.py:188} INFO - [2024-12-20T04:44:45.166+0000] {dag.py:3947} INFO - Setting next_dagrun for example_dag_decorator to None, run_after=None
[2024-12-20T04:44:45.865+0000] {processor.py:183} INFO - Processing /home/airflow/.local/lib/python3.12/site-packages/airflow/example_dags/example_dag_decorator.py took 6.012 seconds
[2024-12-20T04:45:56.618+0000] {processor.py:161} INFO - Started process (PID=3057) to work on /home/airflow/.local/lib/python3.12/site-packages/airflow/example_dags/example_dag_decorator.py
[2024-12-20T04:45:56.619+0000] {processor.py:830} INFO - Processing file /home/airflow/.local/lib/python3.12/site-packages/airflow/example_dags/example_dag_decorator.py for tasks to queue
[2024-12-20T04:45:56.621+0000] {logging_mixin.py:188} INFO - [2024-12-20T04:45:56.621+0000] {dagbag.py:545} INFO - Filling up the DagBag from /home/airflow/.local/lib/python3.12/site-packages/airflow/example_dags/example_dag_decorator.py
[2024-12-20T04:45:57.313+0000] {processor.py:840} INFO - DAG(s) 'example_dag_decorator' retrieved from /home/airflow/.local/lib/python3.12/site-packages/airflow/example_dags/example_dag_decorator.py
[2024-12-20T04:45:57.623+0000] {logging_mixin.py:188} INFO - [2024-12-20T04:45:57.622+0000] {dag.py:3089} INFO - Sync 1 DAGs
[2024-12-20T04:45:57.633+0000] {logging_mixin.py:188} INFO - [2024-12-20T04:45:57.633+0000] {dag.py:3947} INFO - Setting next_dagrun for example_dag_decorator to None, run_after=None
[2024-12-20T04:45:57.649+0000] {processor.py:183} INFO - Processing /home/airflow/.local/lib/python3.12/site-packages/airflow/example_dags/example_dag_decorator.py took 1.038 seconds
[2024-12-20T04:46:28.480+0000] {processor.py:161} INFO - Started process (PID=3348) to work on /home/airflow/.local/lib/python3.12/site-packages/airflow/example_dags/example_dag_decorator.py
[2024-12-20T04:46:28.483+0000] {processor.py:830} INFO - Processing file /home/airflow/.local/lib/python3.12/site-packages/airflow/example_dags/example_dag_decorator.py for tasks to queue
[2024-12-20T04:46:28.490+0000] {logging_mixin.py:188} INFO - [2024-12-20T04:46:28.489+0000] {dagbag.py:545} INFO - Filling up the DagBag from /home/airflow/.local/lib/python3.12/site-packages/airflow/example_dags/example_dag_decorator.py
[2024-12-20T04:46:28.894+0000] {processor.py:840} INFO - DAG(s) 'example_dag_decorator' retrieved from /home/airflow/.local/lib/python3.12/site-packages/airflow/example_dags/example_dag_decorator.py
[2024-12-20T04:46:29.299+0000] {logging_mixin.py:188} INFO - [2024-12-20T04:46:29.299+0000] {dag.py:3089} INFO - Sync 1 DAGs
[2024-12-20T04:46:29.316+0000] {logging_mixin.py:188} INFO - [2024-12-20T04:46:29.316+0000] {dag.py:3947} INFO - Setting next_dagrun for example_dag_decorator to None, run_after=None
[2024-12-20T04:46:29.392+0000] {processor.py:183} INFO - Processing /home/airflow/.local/lib/python3.12/site-packages/airflow/example_dags/example_dag_decorator.py took 0.937 seconds
[2024-12-20T04:46:59.889+0000] {processor.py:161} INFO - Started process (PID=3625) to work on /home/airflow/.local/lib/python3.12/site-packages/airflow/example_dags/example_dag_decorator.py
[2024-12-20T04:46:59.891+0000] {processor.py:830} INFO - Processing file /home/airflow/.local/lib/python3.12/site-packages/airflow/example_dags/example_dag_decorator.py for tasks to queue
[2024-12-20T04:46:59.895+0000] {logging_mixin.py:188} INFO - [2024-12-20T04:46:59.895+0000] {dagbag.py:545} INFO - Filling up the DagBag from /home/airflow/.local/lib/python3.12/site-packages/airflow/example_dags/example_dag_decorator.py
[2024-12-20T04:47:00.021+0000] {processor.py:840} INFO - DAG(s) 'example_dag_decorator' retrieved from /home/airflow/.local/lib/python3.12/site-packages/airflow/example_dags/example_dag_decorator.py
[2024-12-20T04:47:00.129+0000] {logging_mixin.py:188} INFO - [2024-12-20T04:47:00.129+0000] {dag.py:3089} INFO - Sync 1 DAGs
[2024-12-20T04:47:00.136+0000] {logging_mixin.py:188} INFO - [2024-12-20T04:47:00.135+0000] {dag.py:3947} INFO - Setting next_dagrun for example_dag_decorator to None, run_after=None
[2024-12-20T04:47:00.148+0000] {processor.py:183} INFO - Processing /home/airflow/.local/lib/python3.12/site-packages/airflow/example_dags/example_dag_decorator.py took 0.273 seconds
[2024-12-20T04:47:30.416+0000] {processor.py:161} INFO - Started process (PID=3905) to work on /home/airflow/.local/lib/python3.12/site-packages/airflow/example_dags/example_dag_decorator.py
[2024-12-20T04:47:30.418+0000] {processor.py:830} INFO - Processing file /home/airflow/.local/lib/python3.12/site-packages/airflow/example_dags/example_dag_decorator.py for tasks to queue
[2024-12-20T04:47:30.425+0000] {logging_mixin.py:188} INFO - [2024-12-20T04:47:30.424+0000] {dagbag.py:545} INFO - Filling up the DagBag from /home/airflow/.local/lib/python3.12/site-packages/airflow/example_dags/example_dag_decorator.py
[2024-12-20T04:47:30.660+0000] {processor.py:840} INFO - DAG(s) 'example_dag_decorator' retrieved from /home/airflow/.local/lib/python3.12/site-packages/airflow/example_dags/example_dag_decorator.py
[2024-12-20T04:47:31.691+0000] {logging_mixin.py:188} INFO - [2024-12-20T04:47:31.690+0000] {process_utils.py:263} INFO - Waiting up to 5 seconds for processes to exit...
