[2024-12-20T04:27:34.048+0000] {processor.py:161} INFO - Started process (PID=321) to work on /home/airflow/.local/lib/python3.12/site-packages/airflow/example_dags/example_display_name.py
[2024-12-20T04:27:34.063+0000] {processor.py:830} INFO - Processing file /home/airflow/.local/lib/python3.12/site-packages/airflow/example_dags/example_display_name.py for tasks to queue
[2024-12-20T04:27:34.076+0000] {logging_mixin.py:188} INFO - [2024-12-20T04:27:34.075+0000] {dagbag.py:545} INFO - Filling up the DagBag from /home/airflow/.local/lib/python3.12/site-packages/airflow/example_dags/example_display_name.py
[2024-12-20T04:27:34.117+0000] {processor.py:840} INFO - DAG(s) 'example_display_name' retrieved from /home/airflow/.local/lib/python3.12/site-packages/airflow/example_dags/example_display_name.py
[2024-12-20T04:27:34.373+0000] {logging_mixin.py:188} INFO - [2024-12-20T04:27:34.372+0000] {dag.py:3089} INFO - Sync 1 DAGs
[2024-12-20T04:27:34.416+0000] {logging_mixin.py:188} INFO - [2024-12-20T04:27:34.416+0000] {dag.py:3947} INFO - Setting next_dagrun for example_display_name to None, run_after=None
[2024-12-20T04:27:34.443+0000] {processor.py:183} INFO - Processing /home/airflow/.local/lib/python3.12/site-packages/airflow/example_dags/example_display_name.py took 0.426 seconds
[2024-12-20T04:30:02.247+0000] {processor.py:161} INFO - Started process (PID=317) to work on /home/airflow/.local/lib/python3.12/site-packages/airflow/example_dags/example_display_name.py
[2024-12-20T04:30:02.249+0000] {processor.py:830} INFO - Processing file /home/airflow/.local/lib/python3.12/site-packages/airflow/example_dags/example_display_name.py for tasks to queue
[2024-12-20T04:30:02.252+0000] {logging_mixin.py:188} INFO - [2024-12-20T04:30:02.251+0000] {dagbag.py:545} INFO - Filling up the DagBag from /home/airflow/.local/lib/python3.12/site-packages/airflow/example_dags/example_display_name.py
[2024-12-20T04:30:02.262+0000] {processor.py:840} INFO - DAG(s) 'example_display_name' retrieved from /home/airflow/.local/lib/python3.12/site-packages/airflow/example_dags/example_display_name.py
[2024-12-20T04:30:02.361+0000] {logging_mixin.py:188} INFO - [2024-12-20T04:30:02.361+0000] {dag.py:3089} INFO - Sync 1 DAGs
[2024-12-20T04:30:02.372+0000] {logging_mixin.py:188} INFO - [2024-12-20T04:30:02.371+0000] {dag.py:3947} INFO - Setting next_dagrun for example_display_name to None, run_after=None
[2024-12-20T04:30:02.386+0000] {processor.py:183} INFO - Processing /home/airflow/.local/lib/python3.12/site-packages/airflow/example_dags/example_display_name.py took 0.147 seconds
[2024-12-20T04:37:17.545+0000] {processor.py:161} INFO - Started process (PID=316) to work on /home/airflow/.local/lib/python3.12/site-packages/airflow/example_dags/example_display_name.py
[2024-12-20T04:37:17.560+0000] {processor.py:830} INFO - Processing file /home/airflow/.local/lib/python3.12/site-packages/airflow/example_dags/example_display_name.py for tasks to queue
[2024-12-20T04:37:17.584+0000] {logging_mixin.py:188} INFO - [2024-12-20T04:37:17.583+0000] {dagbag.py:545} INFO - Filling up the DagBag from /home/airflow/.local/lib/python3.12/site-packages/airflow/example_dags/example_display_name.py
[2024-12-20T04:37:17.667+0000] {processor.py:840} INFO - DAG(s) 'example_display_name' retrieved from /home/airflow/.local/lib/python3.12/site-packages/airflow/example_dags/example_display_name.py
[2024-12-20T04:37:17.760+0000] {logging_mixin.py:188} INFO - [2024-12-20T04:37:17.759+0000] {dag.py:3089} INFO - Sync 1 DAGs
[2024-12-20T04:37:17.804+0000] {logging_mixin.py:188} INFO - [2024-12-20T04:37:17.804+0000] {dag.py:3947} INFO - Setting next_dagrun for example_display_name to None, run_after=None
[2024-12-20T04:37:17.876+0000] {processor.py:183} INFO - Processing /home/airflow/.local/lib/python3.12/site-packages/airflow/example_dags/example_display_name.py took 0.358 seconds
[2024-12-20T04:38:55.672+0000] {processor.py:161} INFO - Started process (PID=727) to work on /home/airflow/.local/lib/python3.12/site-packages/airflow/example_dags/example_display_name.py
[2024-12-20T04:38:55.673+0000] {processor.py:830} INFO - Processing file /home/airflow/.local/lib/python3.12/site-packages/airflow/example_dags/example_display_name.py for tasks to queue
[2024-12-20T04:38:55.674+0000] {logging_mixin.py:188} INFO - [2024-12-20T04:38:55.674+0000] {dagbag.py:545} INFO - Filling up the DagBag from /home/airflow/.local/lib/python3.12/site-packages/airflow/example_dags/example_display_name.py
[2024-12-20T04:38:55.677+0000] {processor.py:840} INFO - DAG(s) 'example_display_name' retrieved from /home/airflow/.local/lib/python3.12/site-packages/airflow/example_dags/example_display_name.py
[2024-12-20T04:38:55.755+0000] {logging_mixin.py:188} INFO - [2024-12-20T04:38:55.755+0000] {dag.py:3089} INFO - Sync 1 DAGs
[2024-12-20T04:38:55.762+0000] {logging_mixin.py:188} INFO - [2024-12-20T04:38:55.762+0000] {dag.py:3947} INFO - Setting next_dagrun for example_display_name to None, run_after=None
[2024-12-20T04:38:55.776+0000] {processor.py:183} INFO - Processing /home/airflow/.local/lib/python3.12/site-packages/airflow/example_dags/example_display_name.py took 0.108 seconds
[2024-12-20T04:39:26.236+0000] {processor.py:161} INFO - Started process (PID=1004) to work on /home/airflow/.local/lib/python3.12/site-packages/airflow/example_dags/example_display_name.py
[2024-12-20T04:39:26.237+0000] {processor.py:830} INFO - Processing file /home/airflow/.local/lib/python3.12/site-packages/airflow/example_dags/example_display_name.py for tasks to queue
[2024-12-20T04:39:26.239+0000] {logging_mixin.py:188} INFO - [2024-12-20T04:39:26.238+0000] {dagbag.py:545} INFO - Filling up the DagBag from /home/airflow/.local/lib/python3.12/site-packages/airflow/example_dags/example_display_name.py
[2024-12-20T04:39:26.243+0000] {processor.py:840} INFO - DAG(s) 'example_display_name' retrieved from /home/airflow/.local/lib/python3.12/site-packages/airflow/example_dags/example_display_name.py
[2024-12-20T04:39:26.255+0000] {logging_mixin.py:188} INFO - [2024-12-20T04:39:26.255+0000] {dag.py:3089} INFO - Sync 1 DAGs
[2024-12-20T04:39:26.266+0000] {logging_mixin.py:188} INFO - [2024-12-20T04:39:26.266+0000] {dag.py:3947} INFO - Setting next_dagrun for example_display_name to None, run_after=None
[2024-12-20T04:39:26.292+0000] {processor.py:183} INFO - Processing /home/airflow/.local/lib/python3.12/site-packages/airflow/example_dags/example_display_name.py took 0.060 seconds
[2024-12-20T04:39:57.145+0000] {processor.py:161} INFO - Started process (PID=1283) to work on /home/airflow/.local/lib/python3.12/site-packages/airflow/example_dags/example_display_name.py
[2024-12-20T04:39:57.149+0000] {processor.py:830} INFO - Processing file /home/airflow/.local/lib/python3.12/site-packages/airflow/example_dags/example_display_name.py for tasks to queue
[2024-12-20T04:39:57.153+0000] {logging_mixin.py:188} INFO - [2024-12-20T04:39:57.152+0000] {dagbag.py:545} INFO - Filling up the DagBag from /home/airflow/.local/lib/python3.12/site-packages/airflow/example_dags/example_display_name.py
[2024-12-20T04:39:57.161+0000] {processor.py:840} INFO - DAG(s) 'example_display_name' retrieved from /home/airflow/.local/lib/python3.12/site-packages/airflow/example_dags/example_display_name.py
[2024-12-20T04:39:57.177+0000] {logging_mixin.py:188} INFO - [2024-12-20T04:39:57.177+0000] {dag.py:3089} INFO - Sync 1 DAGs
[2024-12-20T04:39:57.185+0000] {logging_mixin.py:188} INFO - [2024-12-20T04:39:57.185+0000] {dag.py:3947} INFO - Setting next_dagrun for example_display_name to None, run_after=None
[2024-12-20T04:39:57.195+0000] {processor.py:183} INFO - Processing /home/airflow/.local/lib/python3.12/site-packages/airflow/example_dags/example_display_name.py took 0.069 seconds
[2024-12-20T04:41:30.888+0000] {processor.py:161} INFO - Started process (PID=1654) to work on /home/airflow/.local/lib/python3.12/site-packages/airflow/example_dags/example_display_name.py
[2024-12-20T04:41:30.894+0000] {processor.py:830} INFO - Processing file /home/airflow/.local/lib/python3.12/site-packages/airflow/example_dags/example_display_name.py for tasks to queue
[2024-12-20T04:41:30.976+0000] {logging_mixin.py:188} INFO - [2024-12-20T04:41:30.959+0000] {dagbag.py:545} INFO - Filling up the DagBag from /home/airflow/.local/lib/python3.12/site-packages/airflow/example_dags/example_display_name.py
[2024-12-20T04:41:31.310+0000] {processor.py:840} INFO - DAG(s) 'example_display_name' retrieved from /home/airflow/.local/lib/python3.12/site-packages/airflow/example_dags/example_display_name.py
[2024-12-20T04:41:32.010+0000] {logging_mixin.py:188} INFO - [2024-12-20T04:41:32.007+0000] {dag.py:3089} INFO - Sync 1 DAGs
[2024-12-20T04:41:32.567+0000] {logging_mixin.py:188} INFO - [2024-12-20T04:41:32.556+0000] {dag.py:3947} INFO - Setting next_dagrun for example_display_name to None, run_after=None
[2024-12-20T04:41:33.180+0000] {processor.py:183} INFO - Processing /home/airflow/.local/lib/python3.12/site-packages/airflow/example_dags/example_display_name.py took 2.355 seconds
[2024-12-20T04:42:13.683+0000] {processor.py:161} INFO - Started process (PID=1975) to work on /home/airflow/.local/lib/python3.12/site-packages/airflow/example_dags/example_display_name.py
[2024-12-20T04:42:13.693+0000] {processor.py:830} INFO - Processing file /home/airflow/.local/lib/python3.12/site-packages/airflow/example_dags/example_display_name.py for tasks to queue
[2024-12-20T04:42:13.726+0000] {logging_mixin.py:188} INFO - [2024-12-20T04:42:13.722+0000] {dagbag.py:545} INFO - Filling up the DagBag from /home/airflow/.local/lib/python3.12/site-packages/airflow/example_dags/example_display_name.py
[2024-12-20T04:42:13.810+0000] {processor.py:840} INFO - DAG(s) 'example_display_name' retrieved from /home/airflow/.local/lib/python3.12/site-packages/airflow/example_dags/example_display_name.py
[2024-12-20T04:42:13.998+0000] {logging_mixin.py:188} INFO - [2024-12-20T04:42:13.998+0000] {dag.py:3089} INFO - Sync 1 DAGs
[2024-12-20T04:42:14.262+0000] {logging_mixin.py:188} INFO - [2024-12-20T04:42:14.235+0000] {dag.py:3947} INFO - Setting next_dagrun for example_display_name to None, run_after=None
[2024-12-20T04:42:14.475+0000] {processor.py:183} INFO - Processing /home/airflow/.local/lib/python3.12/site-packages/airflow/example_dags/example_display_name.py took 0.856 seconds
[2024-12-20T04:42:59.271+0000] {processor.py:161} INFO - Started process (PID=2273) to work on /home/airflow/.local/lib/python3.12/site-packages/airflow/example_dags/example_display_name.py
[2024-12-20T04:42:59.280+0000] {processor.py:830} INFO - Processing file /home/airflow/.local/lib/python3.12/site-packages/airflow/example_dags/example_display_name.py for tasks to queue
[2024-12-20T04:42:59.290+0000] {logging_mixin.py:188} INFO - [2024-12-20T04:42:59.287+0000] {dagbag.py:545} INFO - Filling up the DagBag from /home/airflow/.local/lib/python3.12/site-packages/airflow/example_dags/example_display_name.py
[2024-12-20T04:42:59.305+0000] {processor.py:840} INFO - DAG(s) 'example_display_name' retrieved from /home/airflow/.local/lib/python3.12/site-packages/airflow/example_dags/example_display_name.py
[2024-12-20T04:42:59.323+0000] {logging_mixin.py:188} INFO - [2024-12-20T04:42:59.323+0000] {dag.py:3089} INFO - Sync 1 DAGs
[2024-12-20T04:42:59.333+0000] {logging_mixin.py:188} INFO - [2024-12-20T04:42:59.332+0000] {dag.py:3947} INFO - Setting next_dagrun for example_display_name to None, run_after=None
[2024-12-20T04:42:59.348+0000] {processor.py:183} INFO - Processing /home/airflow/.local/lib/python3.12/site-packages/airflow/example_dags/example_display_name.py took 0.082 seconds
[2024-12-20T04:44:21.215+0000] {processor.py:161} INFO - Started process (PID=2626) to work on /home/airflow/.local/lib/python3.12/site-packages/airflow/example_dags/example_display_name.py
[2024-12-20T04:44:21.244+0000] {processor.py:830} INFO - Processing file /home/airflow/.local/lib/python3.12/site-packages/airflow/example_dags/example_display_name.py for tasks to queue
[2024-12-20T04:44:21.310+0000] {logging_mixin.py:188} INFO - [2024-12-20T04:44:21.298+0000] {dagbag.py:545} INFO - Filling up the DagBag from /home/airflow/.local/lib/python3.12/site-packages/airflow/example_dags/example_display_name.py
[2024-12-20T04:44:21.460+0000] {processor.py:840} INFO - DAG(s) 'example_display_name' retrieved from /home/airflow/.local/lib/python3.12/site-packages/airflow/example_dags/example_display_name.py
[2024-12-20T04:44:22.690+0000] {logging_mixin.py:188} INFO - [2024-12-20T04:44:22.599+0000] {dag.py:3089} INFO - Sync 1 DAGs
[2024-12-20T04:44:23.221+0000] {logging_mixin.py:188} INFO - [2024-12-20T04:44:23.162+0000] {dag.py:3947} INFO - Setting next_dagrun for example_display_name to None, run_after=None
[2024-12-20T04:44:24.202+0000] {processor.py:183} INFO - Processing /home/airflow/.local/lib/python3.12/site-packages/airflow/example_dags/example_display_name.py took 3.111 seconds
[2024-12-20T04:44:55.332+0000] {processor.py:161} INFO - Started process (PID=2953) to work on /home/airflow/.local/lib/python3.12/site-packages/airflow/example_dags/example_display_name.py
[2024-12-20T04:44:55.351+0000] {processor.py:830} INFO - Processing file /home/airflow/.local/lib/python3.12/site-packages/airflow/example_dags/example_display_name.py for tasks to queue
[2024-12-20T04:44:55.433+0000] {logging_mixin.py:188} INFO - [2024-12-20T04:44:55.420+0000] {dagbag.py:545} INFO - Filling up the DagBag from /home/airflow/.local/lib/python3.12/site-packages/airflow/example_dags/example_display_name.py
[2024-12-20T04:44:55.550+0000] {processor.py:840} INFO - DAG(s) 'example_display_name' retrieved from /home/airflow/.local/lib/python3.12/site-packages/airflow/example_dags/example_display_name.py
[2024-12-20T04:44:55.846+0000] {logging_mixin.py:188} INFO - [2024-12-20T04:44:55.845+0000] {dag.py:3089} INFO - Sync 1 DAGs
[2024-12-20T04:44:56.040+0000] {logging_mixin.py:188} INFO - [2024-12-20T04:44:56.039+0000] {dag.py:3947} INFO - Setting next_dagrun for example_display_name to None, run_after=None
[2024-12-20T04:44:56.283+0000] {processor.py:183} INFO - Processing /home/airflow/.local/lib/python3.12/site-packages/airflow/example_dags/example_display_name.py took 1.079 seconds
[2024-12-20T04:45:59.327+0000] {processor.py:161} INFO - Started process (PID=3164) to work on /home/airflow/.local/lib/python3.12/site-packages/airflow/example_dags/example_display_name.py
[2024-12-20T04:45:59.328+0000] {processor.py:830} INFO - Processing file /home/airflow/.local/lib/python3.12/site-packages/airflow/example_dags/example_display_name.py for tasks to queue
[2024-12-20T04:45:59.330+0000] {logging_mixin.py:188} INFO - [2024-12-20T04:45:59.330+0000] {dagbag.py:545} INFO - Filling up the DagBag from /home/airflow/.local/lib/python3.12/site-packages/airflow/example_dags/example_display_name.py
[2024-12-20T04:45:59.335+0000] {processor.py:840} INFO - DAG(s) 'example_display_name' retrieved from /home/airflow/.local/lib/python3.12/site-packages/airflow/example_dags/example_display_name.py
[2024-12-20T04:45:59.347+0000] {logging_mixin.py:188} INFO - [2024-12-20T04:45:59.347+0000] {dag.py:3089} INFO - Sync 1 DAGs
[2024-12-20T04:45:59.363+0000] {logging_mixin.py:188} INFO - [2024-12-20T04:45:59.363+0000] {dag.py:3947} INFO - Setting next_dagrun for example_display_name to None, run_after=None
[2024-12-20T04:45:59.413+0000] {processor.py:183} INFO - Processing /home/airflow/.local/lib/python3.12/site-packages/airflow/example_dags/example_display_name.py took 0.091 seconds
[2024-12-20T04:46:30.083+0000] {processor.py:161} INFO - Started process (PID=3441) to work on /home/airflow/.local/lib/python3.12/site-packages/airflow/example_dags/example_display_name.py
[2024-12-20T04:46:30.085+0000] {processor.py:830} INFO - Processing file /home/airflow/.local/lib/python3.12/site-packages/airflow/example_dags/example_display_name.py for tasks to queue
[2024-12-20T04:46:30.087+0000] {logging_mixin.py:188} INFO - [2024-12-20T04:46:30.087+0000] {dagbag.py:545} INFO - Filling up the DagBag from /home/airflow/.local/lib/python3.12/site-packages/airflow/example_dags/example_display_name.py
[2024-12-20T04:46:30.093+0000] {processor.py:840} INFO - DAG(s) 'example_display_name' retrieved from /home/airflow/.local/lib/python3.12/site-packages/airflow/example_dags/example_display_name.py
[2024-12-20T04:46:30.111+0000] {logging_mixin.py:188} INFO - [2024-12-20T04:46:30.111+0000] {dag.py:3089} INFO - Sync 1 DAGs
[2024-12-20T04:46:30.119+0000] {logging_mixin.py:188} INFO - [2024-12-20T04:46:30.118+0000] {dag.py:3947} INFO - Setting next_dagrun for example_display_name to None, run_after=None
[2024-12-20T04:46:30.130+0000] {processor.py:183} INFO - Processing /home/airflow/.local/lib/python3.12/site-packages/airflow/example_dags/example_display_name.py took 0.060 seconds
[2024-12-20T04:47:00.671+0000] {processor.py:161} INFO - Started process (PID=3718) to work on /home/airflow/.local/lib/python3.12/site-packages/airflow/example_dags/example_display_name.py
[2024-12-20T04:47:00.672+0000] {processor.py:830} INFO - Processing file /home/airflow/.local/lib/python3.12/site-packages/airflow/example_dags/example_display_name.py for tasks to queue
[2024-12-20T04:47:00.673+0000] {logging_mixin.py:188} INFO - [2024-12-20T04:47:00.673+0000] {dagbag.py:545} INFO - Filling up the DagBag from /home/airflow/.local/lib/python3.12/site-packages/airflow/example_dags/example_display_name.py
[2024-12-20T04:47:00.677+0000] {processor.py:840} INFO - DAG(s) 'example_display_name' retrieved from /home/airflow/.local/lib/python3.12/site-packages/airflow/example_dags/example_display_name.py
[2024-12-20T04:47:00.689+0000] {logging_mixin.py:188} INFO - [2024-12-20T04:47:00.689+0000] {dag.py:3089} INFO - Sync 1 DAGs
[2024-12-20T04:47:00.711+0000] {logging_mixin.py:188} INFO - [2024-12-20T04:47:00.711+0000] {dag.py:3947} INFO - Setting next_dagrun for example_display_name to None, run_after=None
[2024-12-20T04:47:00.723+0000] {processor.py:183} INFO - Processing /home/airflow/.local/lib/python3.12/site-packages/airflow/example_dags/example_display_name.py took 0.058 seconds
