[2024-12-20T04:30:03.809+0000] {processor.py:161} INFO - Started process (PID=360) to work on /home/airflow/.local/lib/python3.12/site-packages/airflow/example_dags/example_complex.py
[2024-12-20T04:30:03.811+0000] {processor.py:830} INFO - Processing file /home/airflow/.local/lib/python3.12/site-packages/airflow/example_dags/example_complex.py for tasks to queue
[2024-12-20T04:30:03.814+0000] {logging_mixin.py:188} INFO - [2024-12-20T04:30:03.813+0000] {dagbag.py:545} INFO - Filling up the DagBag from /home/airflow/.local/lib/python3.12/site-packages/airflow/example_dags/example_complex.py
[2024-12-20T04:30:03.825+0000] {processor.py:840} INFO - DAG(s) 'example_complex' retrieved from /home/airflow/.local/lib/python3.12/site-packages/airflow/example_dags/example_complex.py
[2024-12-20T04:30:03.984+0000] {logging_mixin.py:188} INFO - [2024-12-20T04:30:03.984+0000] {dag.py:3089} INFO - Sync 1 DAGs
[2024-12-20T04:30:03.995+0000] {logging_mixin.py:188} INFO - [2024-12-20T04:30:03.995+0000] {dag.py:3947} INFO - Setting next_dagrun for example_complex to None, run_after=None
[2024-12-20T04:30:04.035+0000] {processor.py:183} INFO - Processing /home/airflow/.local/lib/python3.12/site-packages/airflow/example_dags/example_complex.py took 0.233 seconds
[2024-12-20T04:37:18.637+0000] {processor.py:161} INFO - Started process (PID=362) to work on /home/airflow/.local/lib/python3.12/site-packages/airflow/example_dags/example_complex.py
[2024-12-20T04:37:18.638+0000] {processor.py:830} INFO - Processing file /home/airflow/.local/lib/python3.12/site-packages/airflow/example_dags/example_complex.py for tasks to queue
[2024-12-20T04:37:18.640+0000] {logging_mixin.py:188} INFO - [2024-12-20T04:37:18.640+0000] {dagbag.py:545} INFO - Filling up the DagBag from /home/airflow/.local/lib/python3.12/site-packages/airflow/example_dags/example_complex.py
[2024-12-20T04:37:18.660+0000] {processor.py:840} INFO - DAG(s) 'example_complex' retrieved from /home/airflow/.local/lib/python3.12/site-packages/airflow/example_dags/example_complex.py
[2024-12-20T04:37:18.684+0000] {logging_mixin.py:188} INFO - [2024-12-20T04:37:18.684+0000] {dag.py:3089} INFO - Sync 1 DAGs
[2024-12-20T04:37:18.699+0000] {logging_mixin.py:188} INFO - [2024-12-20T04:37:18.699+0000] {dag.py:3947} INFO - Setting next_dagrun for example_complex to None, run_after=None
[2024-12-20T04:37:18.722+0000] {processor.py:183} INFO - Processing /home/airflow/.local/lib/python3.12/site-packages/airflow/example_dags/example_complex.py took 0.093 seconds
[2024-12-20T04:38:56.246+0000] {processor.py:161} INFO - Started process (PID=772) to work on /home/airflow/.local/lib/python3.12/site-packages/airflow/example_dags/example_complex.py
[2024-12-20T04:38:56.247+0000] {processor.py:830} INFO - Processing file /home/airflow/.local/lib/python3.12/site-packages/airflow/example_dags/example_complex.py for tasks to queue
[2024-12-20T04:38:56.248+0000] {logging_mixin.py:188} INFO - [2024-12-20T04:38:56.248+0000] {dagbag.py:545} INFO - Filling up the DagBag from /home/airflow/.local/lib/python3.12/site-packages/airflow/example_dags/example_complex.py
[2024-12-20T04:38:56.254+0000] {processor.py:840} INFO - DAG(s) 'example_complex' retrieved from /home/airflow/.local/lib/python3.12/site-packages/airflow/example_dags/example_complex.py
[2024-12-20T04:38:56.311+0000] {logging_mixin.py:188} INFO - [2024-12-20T04:38:56.311+0000] {dag.py:3089} INFO - Sync 1 DAGs
[2024-12-20T04:38:56.318+0000] {logging_mixin.py:188} INFO - [2024-12-20T04:38:56.317+0000] {dag.py:3947} INFO - Setting next_dagrun for example_complex to None, run_after=None
[2024-12-20T04:38:56.328+0000] {processor.py:183} INFO - Processing /home/airflow/.local/lib/python3.12/site-packages/airflow/example_dags/example_complex.py took 0.087 seconds
[2024-12-20T04:39:26.544+0000] {processor.py:161} INFO - Started process (PID=1049) to work on /home/airflow/.local/lib/python3.12/site-packages/airflow/example_dags/example_complex.py
[2024-12-20T04:39:26.546+0000] {processor.py:830} INFO - Processing file /home/airflow/.local/lib/python3.12/site-packages/airflow/example_dags/example_complex.py for tasks to queue
[2024-12-20T04:39:26.547+0000] {logging_mixin.py:188} INFO - [2024-12-20T04:39:26.547+0000] {dagbag.py:545} INFO - Filling up the DagBag from /home/airflow/.local/lib/python3.12/site-packages/airflow/example_dags/example_complex.py
[2024-12-20T04:39:26.553+0000] {processor.py:840} INFO - DAG(s) 'example_complex' retrieved from /home/airflow/.local/lib/python3.12/site-packages/airflow/example_dags/example_complex.py
[2024-12-20T04:39:26.570+0000] {logging_mixin.py:188} INFO - [2024-12-20T04:39:26.570+0000] {dag.py:3089} INFO - Sync 1 DAGs
[2024-12-20T04:39:26.578+0000] {logging_mixin.py:188} INFO - [2024-12-20T04:39:26.578+0000] {dag.py:3947} INFO - Setting next_dagrun for example_complex to None, run_after=None
[2024-12-20T04:39:26.597+0000] {processor.py:183} INFO - Processing /home/airflow/.local/lib/python3.12/site-packages/airflow/example_dags/example_complex.py took 0.058 seconds
[2024-12-20T04:39:57.535+0000] {processor.py:161} INFO - Started process (PID=1326) to work on /home/airflow/.local/lib/python3.12/site-packages/airflow/example_dags/example_complex.py
[2024-12-20T04:39:57.536+0000] {processor.py:830} INFO - Processing file /home/airflow/.local/lib/python3.12/site-packages/airflow/example_dags/example_complex.py for tasks to queue
[2024-12-20T04:39:57.538+0000] {logging_mixin.py:188} INFO - [2024-12-20T04:39:57.538+0000] {dagbag.py:545} INFO - Filling up the DagBag from /home/airflow/.local/lib/python3.12/site-packages/airflow/example_dags/example_complex.py
[2024-12-20T04:39:57.550+0000] {processor.py:840} INFO - DAG(s) 'example_complex' retrieved from /home/airflow/.local/lib/python3.12/site-packages/airflow/example_dags/example_complex.py
[2024-12-20T04:39:57.573+0000] {logging_mixin.py:188} INFO - [2024-12-20T04:39:57.573+0000] {dag.py:3089} INFO - Sync 1 DAGs
[2024-12-20T04:39:57.580+0000] {logging_mixin.py:188} INFO - [2024-12-20T04:39:57.580+0000] {dag.py:3947} INFO - Setting next_dagrun for example_complex to None, run_after=None
[2024-12-20T04:39:57.589+0000] {processor.py:183} INFO - Processing /home/airflow/.local/lib/python3.12/site-packages/airflow/example_dags/example_complex.py took 0.060 seconds
[2024-12-20T04:41:47.908+0000] {processor.py:161} INFO - Started process (PID=1716) to work on /home/airflow/.local/lib/python3.12/site-packages/airflow/example_dags/example_complex.py
[2024-12-20T04:41:47.938+0000] {processor.py:830} INFO - Processing file /home/airflow/.local/lib/python3.12/site-packages/airflow/example_dags/example_complex.py for tasks to queue
[2024-12-20T04:41:48.012+0000] {logging_mixin.py:188} INFO - [2024-12-20T04:41:48.001+0000] {dagbag.py:545} INFO - Filling up the DagBag from /home/airflow/.local/lib/python3.12/site-packages/airflow/example_dags/example_complex.py
[2024-12-20T04:41:48.323+0000] {processor.py:840} INFO - DAG(s) 'example_complex' retrieved from /home/airflow/.local/lib/python3.12/site-packages/airflow/example_dags/example_complex.py
[2024-12-20T04:41:48.560+0000] {logging_mixin.py:188} INFO - [2024-12-20T04:41:48.558+0000] {dag.py:3089} INFO - Sync 1 DAGs
[2024-12-20T04:41:48.683+0000] {logging_mixin.py:188} INFO - [2024-12-20T04:41:48.680+0000] {dag.py:3947} INFO - Setting next_dagrun for example_complex to None, run_after=None
[2024-12-20T04:41:49.340+0000] {processor.py:183} INFO - Processing /home/airflow/.local/lib/python3.12/site-packages/airflow/example_dags/example_complex.py took 1.760 seconds
[2024-12-20T04:42:21.111+0000] {processor.py:161} INFO - Started process (PID=2041) to work on /home/airflow/.local/lib/python3.12/site-packages/airflow/example_dags/example_complex.py
[2024-12-20T04:42:21.147+0000] {processor.py:830} INFO - Processing file /home/airflow/.local/lib/python3.12/site-packages/airflow/example_dags/example_complex.py for tasks to queue
[2024-12-20T04:42:21.201+0000] {logging_mixin.py:188} INFO - [2024-12-20T04:42:21.200+0000] {dagbag.py:545} INFO - Filling up the DagBag from /home/airflow/.local/lib/python3.12/site-packages/airflow/example_dags/example_complex.py
[2024-12-20T04:42:21.359+0000] {processor.py:840} INFO - DAG(s) 'example_complex' retrieved from /home/airflow/.local/lib/python3.12/site-packages/airflow/example_dags/example_complex.py
[2024-12-20T04:42:21.854+0000] {logging_mixin.py:188} INFO - [2024-12-20T04:42:21.853+0000] {dag.py:3089} INFO - Sync 1 DAGs
[2024-12-20T04:42:22.059+0000] {logging_mixin.py:188} INFO - [2024-12-20T04:42:22.058+0000] {dag.py:3947} INFO - Setting next_dagrun for example_complex to None, run_after=None
[2024-12-20T04:42:22.174+0000] {processor.py:183} INFO - Processing /home/airflow/.local/lib/python3.12/site-packages/airflow/example_dags/example_complex.py took 1.146 seconds
[2024-12-20T04:43:00.398+0000] {processor.py:161} INFO - Started process (PID=2317) to work on /home/airflow/.local/lib/python3.12/site-packages/airflow/example_dags/example_complex.py
[2024-12-20T04:43:00.421+0000] {processor.py:830} INFO - Processing file /home/airflow/.local/lib/python3.12/site-packages/airflow/example_dags/example_complex.py for tasks to queue
[2024-12-20T04:43:00.447+0000] {logging_mixin.py:188} INFO - [2024-12-20T04:43:00.446+0000] {dagbag.py:545} INFO - Filling up the DagBag from /home/airflow/.local/lib/python3.12/site-packages/airflow/example_dags/example_complex.py
[2024-12-20T04:43:00.516+0000] {processor.py:840} INFO - DAG(s) 'example_complex' retrieved from /home/airflow/.local/lib/python3.12/site-packages/airflow/example_dags/example_complex.py
[2024-12-20T04:43:00.624+0000] {logging_mixin.py:188} INFO - [2024-12-20T04:43:00.623+0000] {dag.py:3089} INFO - Sync 1 DAGs
[2024-12-20T04:43:00.737+0000] {logging_mixin.py:188} INFO - [2024-12-20T04:43:00.736+0000] {dag.py:3947} INFO - Setting next_dagrun for example_complex to None, run_after=None
[2024-12-20T04:43:00.930+0000] {processor.py:183} INFO - Processing /home/airflow/.local/lib/python3.12/site-packages/airflow/example_dags/example_complex.py took 0.569 seconds
[2024-12-20T04:44:48.958+0000] {processor.py:161} INFO - Started process (PID=2819) to work on /home/airflow/.local/lib/python3.12/site-packages/airflow/example_dags/example_complex.py
[2024-12-20T04:44:48.960+0000] {processor.py:830} INFO - Processing file /home/airflow/.local/lib/python3.12/site-packages/airflow/example_dags/example_complex.py for tasks to queue
[2024-12-20T04:44:48.961+0000] {logging_mixin.py:188} INFO - [2024-12-20T04:44:48.961+0000] {dagbag.py:545} INFO - Filling up the DagBag from /home/airflow/.local/lib/python3.12/site-packages/airflow/example_dags/example_complex.py
[2024-12-20T04:44:48.970+0000] {processor.py:840} INFO - DAG(s) 'example_complex' retrieved from /home/airflow/.local/lib/python3.12/site-packages/airflow/example_dags/example_complex.py
[2024-12-20T04:44:49.055+0000] {logging_mixin.py:188} INFO - [2024-12-20T04:44:49.055+0000] {dag.py:3089} INFO - Sync 1 DAGs
[2024-12-20T04:44:49.073+0000] {logging_mixin.py:188} INFO - [2024-12-20T04:44:49.072+0000] {dag.py:3947} INFO - Setting next_dagrun for example_complex to None, run_after=None
[2024-12-20T04:44:49.105+0000] {processor.py:183} INFO - Processing /home/airflow/.local/lib/python3.12/site-packages/airflow/example_dags/example_complex.py took 0.154 seconds
[2024-12-20T04:45:59.692+0000] {processor.py:161} INFO - Started process (PID=3194) to work on /home/airflow/.local/lib/python3.12/site-packages/airflow/example_dags/example_complex.py
[2024-12-20T04:45:59.693+0000] {processor.py:830} INFO - Processing file /home/airflow/.local/lib/python3.12/site-packages/airflow/example_dags/example_complex.py for tasks to queue
[2024-12-20T04:45:59.694+0000] {logging_mixin.py:188} INFO - [2024-12-20T04:45:59.694+0000] {dagbag.py:545} INFO - Filling up the DagBag from /home/airflow/.local/lib/python3.12/site-packages/airflow/example_dags/example_complex.py
[2024-12-20T04:45:59.700+0000] {processor.py:840} INFO - DAG(s) 'example_complex' retrieved from /home/airflow/.local/lib/python3.12/site-packages/airflow/example_dags/example_complex.py
[2024-12-20T04:45:59.722+0000] {logging_mixin.py:188} INFO - [2024-12-20T04:45:59.722+0000] {dag.py:3089} INFO - Sync 1 DAGs
[2024-12-20T04:45:59.737+0000] {logging_mixin.py:188} INFO - [2024-12-20T04:45:59.737+0000] {dag.py:3947} INFO - Setting next_dagrun for example_complex to None, run_after=None
[2024-12-20T04:45:59.751+0000] {processor.py:183} INFO - Processing /home/airflow/.local/lib/python3.12/site-packages/airflow/example_dags/example_complex.py took 0.064 seconds
[2024-12-20T04:46:30.321+0000] {processor.py:161} INFO - Started process (PID=3471) to work on /home/airflow/.local/lib/python3.12/site-packages/airflow/example_dags/example_complex.py
[2024-12-20T04:46:30.322+0000] {processor.py:830} INFO - Processing file /home/airflow/.local/lib/python3.12/site-packages/airflow/example_dags/example_complex.py for tasks to queue
[2024-12-20T04:46:30.323+0000] {logging_mixin.py:188} INFO - [2024-12-20T04:46:30.323+0000] {dagbag.py:545} INFO - Filling up the DagBag from /home/airflow/.local/lib/python3.12/site-packages/airflow/example_dags/example_complex.py
[2024-12-20T04:46:30.329+0000] {processor.py:840} INFO - DAG(s) 'example_complex' retrieved from /home/airflow/.local/lib/python3.12/site-packages/airflow/example_dags/example_complex.py
[2024-12-20T04:46:30.345+0000] {logging_mixin.py:188} INFO - [2024-12-20T04:46:30.345+0000] {dag.py:3089} INFO - Sync 1 DAGs
[2024-12-20T04:46:30.352+0000] {logging_mixin.py:188} INFO - [2024-12-20T04:46:30.352+0000] {dag.py:3947} INFO - Setting next_dagrun for example_complex to None, run_after=None
[2024-12-20T04:46:30.362+0000] {processor.py:183} INFO - Processing /home/airflow/.local/lib/python3.12/site-packages/airflow/example_dags/example_complex.py took 0.045 seconds
[2024-12-20T04:47:00.881+0000] {processor.py:161} INFO - Started process (PID=3748) to work on /home/airflow/.local/lib/python3.12/site-packages/airflow/example_dags/example_complex.py
[2024-12-20T04:47:00.883+0000] {processor.py:830} INFO - Processing file /home/airflow/.local/lib/python3.12/site-packages/airflow/example_dags/example_complex.py for tasks to queue
[2024-12-20T04:47:00.884+0000] {logging_mixin.py:188} INFO - [2024-12-20T04:47:00.884+0000] {dagbag.py:545} INFO - Filling up the DagBag from /home/airflow/.local/lib/python3.12/site-packages/airflow/example_dags/example_complex.py
[2024-12-20T04:47:00.890+0000] {processor.py:840} INFO - DAG(s) 'example_complex' retrieved from /home/airflow/.local/lib/python3.12/site-packages/airflow/example_dags/example_complex.py
[2024-12-20T04:47:00.905+0000] {logging_mixin.py:188} INFO - [2024-12-20T04:47:00.905+0000] {dag.py:3089} INFO - Sync 1 DAGs
[2024-12-20T04:47:00.913+0000] {logging_mixin.py:188} INFO - [2024-12-20T04:47:00.913+0000] {dag.py:3947} INFO - Setting next_dagrun for example_complex to None, run_after=None
[2024-12-20T04:47:00.922+0000] {processor.py:183} INFO - Processing /home/airflow/.local/lib/python3.12/site-packages/airflow/example_dags/example_complex.py took 0.045 seconds
