[2024-12-20T04:30:04.668+0000] {processor.py:161} INFO - Started process (PID=385) to work on /home/airflow/.local/lib/python3.12/site-packages/airflow/example_dags/example_branch_day_of_week_operator.py
[2024-12-20T04:30:04.670+0000] {processor.py:830} INFO - Processing file /home/airflow/.local/lib/python3.12/site-packages/airflow/example_dags/example_branch_day_of_week_operator.py for tasks to queue
[2024-12-20T04:30:04.673+0000] {logging_mixin.py:188} INFO - [2024-12-20T04:30:04.672+0000] {dagbag.py:545} INFO - Filling up the DagBag from /home/airflow/.local/lib/python3.12/site-packages/airflow/example_dags/example_branch_day_of_week_operator.py
[2024-12-20T04:30:04.700+0000] {processor.py:840} INFO - DAG(s) 'example_weekday_branch_operator' retrieved from /home/airflow/.local/lib/python3.12/site-packages/airflow/example_dags/example_branch_day_of_week_operator.py
[2024-12-20T04:30:04.809+0000] {logging_mixin.py:188} INFO - [2024-12-20T04:30:04.809+0000] {dag.py:3089} INFO - Sync 1 DAGs
[2024-12-20T04:30:04.824+0000] {logging_mixin.py:188} INFO - [2024-12-20T04:30:04.824+0000] {dag.py:3947} INFO - Setting next_dagrun for example_weekday_branch_operator to 2024-12-19 00:00:00+00:00, run_after=2024-12-20 00:00:00+00:00
[2024-12-20T04:30:04.847+0000] {processor.py:183} INFO - Processing /home/airflow/.local/lib/python3.12/site-packages/airflow/example_dags/example_branch_day_of_week_operator.py took 0.201 seconds
[2024-12-20T04:37:19.012+0000] {processor.py:161} INFO - Started process (PID=387) to work on /home/airflow/.local/lib/python3.12/site-packages/airflow/example_dags/example_branch_day_of_week_operator.py
[2024-12-20T04:37:19.014+0000] {processor.py:830} INFO - Processing file /home/airflow/.local/lib/python3.12/site-packages/airflow/example_dags/example_branch_day_of_week_operator.py for tasks to queue
[2024-12-20T04:37:19.024+0000] {logging_mixin.py:188} INFO - [2024-12-20T04:37:19.024+0000] {dagbag.py:545} INFO - Filling up the DagBag from /home/airflow/.local/lib/python3.12/site-packages/airflow/example_dags/example_branch_day_of_week_operator.py
[2024-12-20T04:37:19.040+0000] {processor.py:840} INFO - DAG(s) 'example_weekday_branch_operator' retrieved from /home/airflow/.local/lib/python3.12/site-packages/airflow/example_dags/example_branch_day_of_week_operator.py
[2024-12-20T04:37:19.094+0000] {logging_mixin.py:188} INFO - [2024-12-20T04:37:19.094+0000] {dag.py:3089} INFO - Sync 1 DAGs
[2024-12-20T04:37:19.113+0000] {logging_mixin.py:188} INFO - [2024-12-20T04:37:19.113+0000] {dag.py:3947} INFO - Setting next_dagrun for example_weekday_branch_operator to 2024-12-19 00:00:00+00:00, run_after=2024-12-20 00:00:00+00:00
[2024-12-20T04:37:19.161+0000] {processor.py:183} INFO - Processing /home/airflow/.local/lib/python3.12/site-packages/airflow/example_dags/example_branch_day_of_week_operator.py took 0.168 seconds
[2024-12-20T04:38:56.533+0000] {processor.py:161} INFO - Started process (PID=797) to work on /home/airflow/.local/lib/python3.12/site-packages/airflow/example_dags/example_branch_day_of_week_operator.py
[2024-12-20T04:38:56.534+0000] {processor.py:830} INFO - Processing file /home/airflow/.local/lib/python3.12/site-packages/airflow/example_dags/example_branch_day_of_week_operator.py for tasks to queue
[2024-12-20T04:38:56.536+0000] {logging_mixin.py:188} INFO - [2024-12-20T04:38:56.535+0000] {dagbag.py:545} INFO - Filling up the DagBag from /home/airflow/.local/lib/python3.12/site-packages/airflow/example_dags/example_branch_day_of_week_operator.py
[2024-12-20T04:38:56.542+0000] {processor.py:840} INFO - DAG(s) 'example_weekday_branch_operator' retrieved from /home/airflow/.local/lib/python3.12/site-packages/airflow/example_dags/example_branch_day_of_week_operator.py
[2024-12-20T04:38:56.600+0000] {logging_mixin.py:188} INFO - [2024-12-20T04:38:56.600+0000] {dag.py:3089} INFO - Sync 1 DAGs
[2024-12-20T04:38:56.611+0000] {logging_mixin.py:188} INFO - [2024-12-20T04:38:56.611+0000] {dag.py:3947} INFO - Setting next_dagrun for example_weekday_branch_operator to 2024-12-19 00:00:00+00:00, run_after=2024-12-20 00:00:00+00:00
[2024-12-20T04:38:56.620+0000] {processor.py:183} INFO - Processing /home/airflow/.local/lib/python3.12/site-packages/airflow/example_dags/example_branch_day_of_week_operator.py took 0.091 seconds
[2024-12-20T04:39:26.693+0000] {processor.py:161} INFO - Started process (PID=1074) to work on /home/airflow/.local/lib/python3.12/site-packages/airflow/example_dags/example_branch_day_of_week_operator.py
[2024-12-20T04:39:26.694+0000] {processor.py:830} INFO - Processing file /home/airflow/.local/lib/python3.12/site-packages/airflow/example_dags/example_branch_day_of_week_operator.py for tasks to queue
[2024-12-20T04:39:26.696+0000] {logging_mixin.py:188} INFO - [2024-12-20T04:39:26.695+0000] {dagbag.py:545} INFO - Filling up the DagBag from /home/airflow/.local/lib/python3.12/site-packages/airflow/example_dags/example_branch_day_of_week_operator.py
[2024-12-20T04:39:26.701+0000] {processor.py:840} INFO - DAG(s) 'example_weekday_branch_operator' retrieved from /home/airflow/.local/lib/python3.12/site-packages/airflow/example_dags/example_branch_day_of_week_operator.py
[2024-12-20T04:39:26.714+0000] {logging_mixin.py:188} INFO - [2024-12-20T04:39:26.714+0000] {dag.py:3089} INFO - Sync 1 DAGs
[2024-12-20T04:39:26.726+0000] {logging_mixin.py:188} INFO - [2024-12-20T04:39:26.726+0000] {dag.py:3947} INFO - Setting next_dagrun for example_weekday_branch_operator to 2024-12-19 00:00:00+00:00, run_after=2024-12-20 00:00:00+00:00
[2024-12-20T04:39:26.735+0000] {processor.py:183} INFO - Processing /home/airflow/.local/lib/python3.12/site-packages/airflow/example_dags/example_branch_day_of_week_operator.py took 0.046 seconds
[2024-12-20T04:39:57.677+0000] {processor.py:161} INFO - Started process (PID=1351) to work on /home/airflow/.local/lib/python3.12/site-packages/airflow/example_dags/example_branch_day_of_week_operator.py
[2024-12-20T04:39:57.678+0000] {processor.py:830} INFO - Processing file /home/airflow/.local/lib/python3.12/site-packages/airflow/example_dags/example_branch_day_of_week_operator.py for tasks to queue
[2024-12-20T04:39:57.680+0000] {logging_mixin.py:188} INFO - [2024-12-20T04:39:57.680+0000] {dagbag.py:545} INFO - Filling up the DagBag from /home/airflow/.local/lib/python3.12/site-packages/airflow/example_dags/example_branch_day_of_week_operator.py
[2024-12-20T04:39:57.690+0000] {processor.py:840} INFO - DAG(s) 'example_weekday_branch_operator' retrieved from /home/airflow/.local/lib/python3.12/site-packages/airflow/example_dags/example_branch_day_of_week_operator.py
[2024-12-20T04:39:57.704+0000] {logging_mixin.py:188} INFO - [2024-12-20T04:39:57.704+0000] {dag.py:3089} INFO - Sync 1 DAGs
[2024-12-20T04:39:57.721+0000] {logging_mixin.py:188} INFO - [2024-12-20T04:39:57.721+0000] {dag.py:3947} INFO - Setting next_dagrun for example_weekday_branch_operator to 2024-12-19 00:00:00+00:00, run_after=2024-12-20 00:00:00+00:00
[2024-12-20T04:39:57.732+0000] {processor.py:183} INFO - Processing /home/airflow/.local/lib/python3.12/site-packages/airflow/example_dags/example_branch_day_of_week_operator.py took 0.060 seconds
[2024-12-20T04:41:54.079+0000] {processor.py:161} INFO - Started process (PID=1744) to work on /home/airflow/.local/lib/python3.12/site-packages/airflow/example_dags/example_branch_day_of_week_operator.py
[2024-12-20T04:41:54.135+0000] {processor.py:830} INFO - Processing file /home/airflow/.local/lib/python3.12/site-packages/airflow/example_dags/example_branch_day_of_week_operator.py for tasks to queue
[2024-12-20T04:41:54.185+0000] {logging_mixin.py:188} INFO - [2024-12-20T04:41:54.184+0000] {dagbag.py:545} INFO - Filling up the DagBag from /home/airflow/.local/lib/python3.12/site-packages/airflow/example_dags/example_branch_day_of_week_operator.py
[2024-12-20T04:41:54.485+0000] {processor.py:840} INFO - DAG(s) 'example_weekday_branch_operator' retrieved from /home/airflow/.local/lib/python3.12/site-packages/airflow/example_dags/example_branch_day_of_week_operator.py
[2024-12-20T04:41:55.018+0000] {logging_mixin.py:188} INFO - [2024-12-20T04:41:54.999+0000] {dag.py:3089} INFO - Sync 1 DAGs
[2024-12-20T04:41:55.573+0000] {logging_mixin.py:188} INFO - [2024-12-20T04:41:55.560+0000] {dag.py:3947} INFO - Setting next_dagrun for example_weekday_branch_operator to 2024-12-19 00:00:00+00:00, run_after=2024-12-20 00:00:00+00:00
[2024-12-20T04:41:56.166+0000] {processor.py:183} INFO - Processing /home/airflow/.local/lib/python3.12/site-packages/airflow/example_dags/example_branch_day_of_week_operator.py took 2.255 seconds
[2024-12-20T04:42:27.589+0000] {processor.py:161} INFO - Started process (PID=2071) to work on /home/airflow/.local/lib/python3.12/site-packages/airflow/example_dags/example_branch_day_of_week_operator.py
[2024-12-20T04:42:27.599+0000] {processor.py:830} INFO - Processing file /home/airflow/.local/lib/python3.12/site-packages/airflow/example_dags/example_branch_day_of_week_operator.py for tasks to queue
[2024-12-20T04:42:27.625+0000] {logging_mixin.py:188} INFO - [2024-12-20T04:42:27.623+0000] {dagbag.py:545} INFO - Filling up the DagBag from /home/airflow/.local/lib/python3.12/site-packages/airflow/example_dags/example_branch_day_of_week_operator.py
[2024-12-20T04:42:27.842+0000] {processor.py:840} INFO - DAG(s) 'example_weekday_branch_operator' retrieved from /home/airflow/.local/lib/python3.12/site-packages/airflow/example_dags/example_branch_day_of_week_operator.py
[2024-12-20T04:42:28.588+0000] {logging_mixin.py:188} INFO - [2024-12-20T04:42:28.587+0000] {dag.py:3089} INFO - Sync 1 DAGs
[2024-12-20T04:42:29.548+0000] {logging_mixin.py:188} INFO - [2024-12-20T04:42:29.473+0000] {dag.py:3947} INFO - Setting next_dagrun for example_weekday_branch_operator to 2024-12-19 00:00:00+00:00, run_after=2024-12-20 00:00:00+00:00
[2024-12-20T04:42:30.016+0000] {processor.py:183} INFO - Processing /home/airflow/.local/lib/python3.12/site-packages/airflow/example_dags/example_branch_day_of_week_operator.py took 2.489 seconds
[2024-12-20T04:43:04.623+0000] {processor.py:161} INFO - Started process (PID=2373) to work on /home/airflow/.local/lib/python3.12/site-packages/airflow/example_dags/example_branch_day_of_week_operator.py
[2024-12-20T04:43:04.625+0000] {processor.py:830} INFO - Processing file /home/airflow/.local/lib/python3.12/site-packages/airflow/example_dags/example_branch_day_of_week_operator.py for tasks to queue
[2024-12-20T04:43:04.627+0000] {logging_mixin.py:188} INFO - [2024-12-20T04:43:04.626+0000] {dagbag.py:545} INFO - Filling up the DagBag from /home/airflow/.local/lib/python3.12/site-packages/airflow/example_dags/example_branch_day_of_week_operator.py
[2024-12-20T04:43:04.634+0000] {processor.py:840} INFO - DAG(s) 'example_weekday_branch_operator' retrieved from /home/airflow/.local/lib/python3.12/site-packages/airflow/example_dags/example_branch_day_of_week_operator.py
[2024-12-20T04:43:04.650+0000] {logging_mixin.py:188} INFO - [2024-12-20T04:43:04.650+0000] {dag.py:3089} INFO - Sync 1 DAGs
[2024-12-20T04:43:04.665+0000] {logging_mixin.py:188} INFO - [2024-12-20T04:43:04.665+0000] {dag.py:3947} INFO - Setting next_dagrun for example_weekday_branch_operator to 2024-12-19 00:00:00+00:00, run_after=2024-12-20 00:00:00+00:00
[2024-12-20T04:43:04.695+0000] {processor.py:183} INFO - Processing /home/airflow/.local/lib/python3.12/site-packages/airflow/example_dags/example_branch_day_of_week_operator.py took 0.078 seconds
[2024-12-20T04:44:51.193+0000] {processor.py:161} INFO - Started process (PID=2850) to work on /home/airflow/.local/lib/python3.12/site-packages/airflow/example_dags/example_branch_day_of_week_operator.py
[2024-12-20T04:44:51.196+0000] {processor.py:830} INFO - Processing file /home/airflow/.local/lib/python3.12/site-packages/airflow/example_dags/example_branch_day_of_week_operator.py for tasks to queue
[2024-12-20T04:44:51.199+0000] {logging_mixin.py:188} INFO - [2024-12-20T04:44:51.199+0000] {dagbag.py:545} INFO - Filling up the DagBag from /home/airflow/.local/lib/python3.12/site-packages/airflow/example_dags/example_branch_day_of_week_operator.py
[2024-12-20T04:44:51.232+0000] {processor.py:840} INFO - DAG(s) 'example_weekday_branch_operator' retrieved from /home/airflow/.local/lib/python3.12/site-packages/airflow/example_dags/example_branch_day_of_week_operator.py
[2024-12-20T04:44:51.274+0000] {logging_mixin.py:188} INFO - [2024-12-20T04:44:51.273+0000] {dag.py:3089} INFO - Sync 1 DAGs
[2024-12-20T04:44:51.328+0000] {logging_mixin.py:188} INFO - [2024-12-20T04:44:51.328+0000] {dag.py:3947} INFO - Setting next_dagrun for example_weekday_branch_operator to 2024-12-19 00:00:00+00:00, run_after=2024-12-20 00:00:00+00:00
[2024-12-20T04:44:51.390+0000] {processor.py:183} INFO - Processing /home/airflow/.local/lib/python3.12/site-packages/airflow/example_dags/example_branch_day_of_week_operator.py took 0.209 seconds
[2024-12-20T04:45:59.837+0000] {processor.py:161} INFO - Started process (PID=3219) to work on /home/airflow/.local/lib/python3.12/site-packages/airflow/example_dags/example_branch_day_of_week_operator.py
[2024-12-20T04:45:59.838+0000] {processor.py:830} INFO - Processing file /home/airflow/.local/lib/python3.12/site-packages/airflow/example_dags/example_branch_day_of_week_operator.py for tasks to queue
[2024-12-20T04:45:59.842+0000] {logging_mixin.py:188} INFO - [2024-12-20T04:45:59.841+0000] {dagbag.py:545} INFO - Filling up the DagBag from /home/airflow/.local/lib/python3.12/site-packages/airflow/example_dags/example_branch_day_of_week_operator.py
[2024-12-20T04:45:59.852+0000] {processor.py:840} INFO - DAG(s) 'example_weekday_branch_operator' retrieved from /home/airflow/.local/lib/python3.12/site-packages/airflow/example_dags/example_branch_day_of_week_operator.py
[2024-12-20T04:45:59.867+0000] {logging_mixin.py:188} INFO - [2024-12-20T04:45:59.867+0000] {dag.py:3089} INFO - Sync 1 DAGs
[2024-12-20T04:45:59.880+0000] {logging_mixin.py:188} INFO - [2024-12-20T04:45:59.880+0000] {dag.py:3947} INFO - Setting next_dagrun for example_weekday_branch_operator to 2024-12-19 00:00:00+00:00, run_after=2024-12-20 00:00:00+00:00
[2024-12-20T04:45:59.893+0000] {processor.py:183} INFO - Processing /home/airflow/.local/lib/python3.12/site-packages/airflow/example_dags/example_branch_day_of_week_operator.py took 0.063 seconds
[2024-12-20T04:46:30.464+0000] {processor.py:161} INFO - Started process (PID=3496) to work on /home/airflow/.local/lib/python3.12/site-packages/airflow/example_dags/example_branch_day_of_week_operator.py
[2024-12-20T04:46:30.465+0000] {processor.py:830} INFO - Processing file /home/airflow/.local/lib/python3.12/site-packages/airflow/example_dags/example_branch_day_of_week_operator.py for tasks to queue
[2024-12-20T04:46:30.466+0000] {logging_mixin.py:188} INFO - [2024-12-20T04:46:30.466+0000] {dagbag.py:545} INFO - Filling up the DagBag from /home/airflow/.local/lib/python3.12/site-packages/airflow/example_dags/example_branch_day_of_week_operator.py
[2024-12-20T04:46:30.471+0000] {processor.py:840} INFO - DAG(s) 'example_weekday_branch_operator' retrieved from /home/airflow/.local/lib/python3.12/site-packages/airflow/example_dags/example_branch_day_of_week_operator.py
[2024-12-20T04:46:30.484+0000] {logging_mixin.py:188} INFO - [2024-12-20T04:46:30.484+0000] {dag.py:3089} INFO - Sync 1 DAGs
[2024-12-20T04:46:30.496+0000] {logging_mixin.py:188} INFO - [2024-12-20T04:46:30.496+0000] {dag.py:3947} INFO - Setting next_dagrun for example_weekday_branch_operator to 2024-12-19 00:00:00+00:00, run_after=2024-12-20 00:00:00+00:00
[2024-12-20T04:46:30.506+0000] {processor.py:183} INFO - Processing /home/airflow/.local/lib/python3.12/site-packages/airflow/example_dags/example_branch_day_of_week_operator.py took 0.045 seconds
[2024-12-20T04:47:01.030+0000] {processor.py:161} INFO - Started process (PID=3773) to work on /home/airflow/.local/lib/python3.12/site-packages/airflow/example_dags/example_branch_day_of_week_operator.py
[2024-12-20T04:47:01.030+0000] {processor.py:830} INFO - Processing file /home/airflow/.local/lib/python3.12/site-packages/airflow/example_dags/example_branch_day_of_week_operator.py for tasks to queue
[2024-12-20T04:47:01.032+0000] {logging_mixin.py:188} INFO - [2024-12-20T04:47:01.031+0000] {dagbag.py:545} INFO - Filling up the DagBag from /home/airflow/.local/lib/python3.12/site-packages/airflow/example_dags/example_branch_day_of_week_operator.py
[2024-12-20T04:47:01.036+0000] {processor.py:840} INFO - DAG(s) 'example_weekday_branch_operator' retrieved from /home/airflow/.local/lib/python3.12/site-packages/airflow/example_dags/example_branch_day_of_week_operator.py
[2024-12-20T04:47:01.048+0000] {logging_mixin.py:188} INFO - [2024-12-20T04:47:01.048+0000] {dag.py:3089} INFO - Sync 1 DAGs
[2024-12-20T04:47:01.071+0000] {logging_mixin.py:188} INFO - [2024-12-20T04:47:01.070+0000] {dag.py:3947} INFO - Setting next_dagrun for example_weekday_branch_operator to 2024-12-19 00:00:00+00:00, run_after=2024-12-20 00:00:00+00:00
[2024-12-20T04:47:01.083+0000] {processor.py:183} INFO - Processing /home/airflow/.local/lib/python3.12/site-packages/airflow/example_dags/example_branch_day_of_week_operator.py took 0.058 seconds
