[2024-12-20T04:30:03.048+0000] {processor.py:161} INFO - Started process (PID=337) to work on /home/airflow/.local/lib/python3.12/site-packages/airflow/example_dags/example_external_task_marker_dag.py
[2024-12-20T04:30:03.049+0000] {processor.py:830} INFO - Processing file /home/airflow/.local/lib/python3.12/site-packages/airflow/example_dags/example_external_task_marker_dag.py for tasks to queue
[2024-12-20T04:30:03.051+0000] {logging_mixin.py:188} INFO - [2024-12-20T04:30:03.051+0000] {dagbag.py:545} INFO - Filling up the DagBag from /home/airflow/.local/lib/python3.12/site-packages/airflow/example_dags/example_external_task_marker_dag.py
[2024-12-20T04:30:03.062+0000] {processor.py:840} INFO - DAG(s) 'example_external_task_marker_parent', 'example_external_task_marker_child' retrieved from /home/airflow/.local/lib/python3.12/site-packages/airflow/example_dags/example_external_task_marker_dag.py
[2024-12-20T04:30:03.254+0000] {logging_mixin.py:188} INFO - [2024-12-20T04:30:03.254+0000] {dag.py:3089} INFO - Sync 2 DAGs
[2024-12-20T04:30:03.274+0000] {logging_mixin.py:188} INFO - [2024-12-20T04:30:03.274+0000] {dag.py:3947} INFO - Setting next_dagrun for example_external_task_marker_child to None, run_after=None
[2024-12-20T04:30:03.277+0000] {logging_mixin.py:188} INFO - [2024-12-20T04:30:03.277+0000] {dag.py:3947} INFO - Setting next_dagrun for example_external_task_marker_parent to None, run_after=None
[2024-12-20T04:30:03.294+0000] {processor.py:183} INFO - Processing /home/airflow/.local/lib/python3.12/site-packages/airflow/example_dags/example_external_task_marker_dag.py took 0.253 seconds
[2024-12-20T04:37:18.202+0000] {processor.py:161} INFO - Started process (PID=338) to work on /home/airflow/.local/lib/python3.12/site-packages/airflow/example_dags/example_external_task_marker_dag.py
[2024-12-20T04:37:18.203+0000] {processor.py:830} INFO - Processing file /home/airflow/.local/lib/python3.12/site-packages/airflow/example_dags/example_external_task_marker_dag.py for tasks to queue
[2024-12-20T04:37:18.205+0000] {logging_mixin.py:188} INFO - [2024-12-20T04:37:18.205+0000] {dagbag.py:545} INFO - Filling up the DagBag from /home/airflow/.local/lib/python3.12/site-packages/airflow/example_dags/example_external_task_marker_dag.py
[2024-12-20T04:37:18.210+0000] {processor.py:840} INFO - DAG(s) 'example_external_task_marker_parent', 'example_external_task_marker_child' retrieved from /home/airflow/.local/lib/python3.12/site-packages/airflow/example_dags/example_external_task_marker_dag.py
[2024-12-20T04:37:18.218+0000] {logging_mixin.py:188} INFO - [2024-12-20T04:37:18.218+0000] {dag.py:3089} INFO - Sync 2 DAGs
[2024-12-20T04:37:18.228+0000] {logging_mixin.py:188} INFO - [2024-12-20T04:37:18.227+0000] {dag.py:3947} INFO - Setting next_dagrun for example_external_task_marker_child to None, run_after=None
[2024-12-20T04:37:18.232+0000] {logging_mixin.py:188} INFO - [2024-12-20T04:37:18.232+0000] {dag.py:3947} INFO - Setting next_dagrun for example_external_task_marker_parent to None, run_after=None
[2024-12-20T04:37:18.250+0000] {processor.py:183} INFO - Processing /home/airflow/.local/lib/python3.12/site-packages/airflow/example_dags/example_external_task_marker_dag.py took 0.053 seconds
[2024-12-20T04:38:55.949+0000] {processor.py:161} INFO - Started process (PID=747) to work on /home/airflow/.local/lib/python3.12/site-packages/airflow/example_dags/example_external_task_marker_dag.py
[2024-12-20T04:38:55.950+0000] {processor.py:830} INFO - Processing file /home/airflow/.local/lib/python3.12/site-packages/airflow/example_dags/example_external_task_marker_dag.py for tasks to queue
[2024-12-20T04:38:55.952+0000] {logging_mixin.py:188} INFO - [2024-12-20T04:38:55.951+0000] {dagbag.py:545} INFO - Filling up the DagBag from /home/airflow/.local/lib/python3.12/site-packages/airflow/example_dags/example_external_task_marker_dag.py
[2024-12-20T04:38:55.959+0000] {processor.py:840} INFO - DAG(s) 'example_external_task_marker_parent', 'example_external_task_marker_child' retrieved from /home/airflow/.local/lib/python3.12/site-packages/airflow/example_dags/example_external_task_marker_dag.py
[2024-12-20T04:38:56.052+0000] {logging_mixin.py:188} INFO - [2024-12-20T04:38:56.052+0000] {dag.py:3089} INFO - Sync 2 DAGs
[2024-12-20T04:38:56.058+0000] {logging_mixin.py:188} INFO - [2024-12-20T04:38:56.057+0000] {dag.py:3947} INFO - Setting next_dagrun for example_external_task_marker_child to None, run_after=None
[2024-12-20T04:38:56.060+0000] {logging_mixin.py:188} INFO - [2024-12-20T04:38:56.059+0000] {dag.py:3947} INFO - Setting next_dagrun for example_external_task_marker_parent to None, run_after=None
[2024-12-20T04:38:56.069+0000] {processor.py:183} INFO - Processing /home/airflow/.local/lib/python3.12/site-packages/airflow/example_dags/example_external_task_marker_dag.py took 0.127 seconds
[2024-12-20T04:39:26.380+0000] {processor.py:161} INFO - Started process (PID=1024) to work on /home/airflow/.local/lib/python3.12/site-packages/airflow/example_dags/example_external_task_marker_dag.py
[2024-12-20T04:39:26.381+0000] {processor.py:830} INFO - Processing file /home/airflow/.local/lib/python3.12/site-packages/airflow/example_dags/example_external_task_marker_dag.py for tasks to queue
[2024-12-20T04:39:26.382+0000] {logging_mixin.py:188} INFO - [2024-12-20T04:39:26.382+0000] {dagbag.py:545} INFO - Filling up the DagBag from /home/airflow/.local/lib/python3.12/site-packages/airflow/example_dags/example_external_task_marker_dag.py
[2024-12-20T04:39:26.386+0000] {processor.py:840} INFO - DAG(s) 'example_external_task_marker_parent', 'example_external_task_marker_child' retrieved from /home/airflow/.local/lib/python3.12/site-packages/airflow/example_dags/example_external_task_marker_dag.py
[2024-12-20T04:39:26.399+0000] {logging_mixin.py:188} INFO - [2024-12-20T04:39:26.399+0000] {dag.py:3089} INFO - Sync 2 DAGs
[2024-12-20T04:39:26.406+0000] {logging_mixin.py:188} INFO - [2024-12-20T04:39:26.406+0000] {dag.py:3947} INFO - Setting next_dagrun for example_external_task_marker_child to None, run_after=None
[2024-12-20T04:39:26.409+0000] {logging_mixin.py:188} INFO - [2024-12-20T04:39:26.409+0000] {dag.py:3947} INFO - Setting next_dagrun for example_external_task_marker_parent to None, run_after=None
[2024-12-20T04:39:26.416+0000] {processor.py:183} INFO - Processing /home/airflow/.local/lib/python3.12/site-packages/airflow/example_dags/example_external_task_marker_dag.py took 0.040 seconds
[2024-12-20T04:39:57.309+0000] {processor.py:161} INFO - Started process (PID=1301) to work on /home/airflow/.local/lib/python3.12/site-packages/airflow/example_dags/example_external_task_marker_dag.py
[2024-12-20T04:39:57.310+0000] {processor.py:830} INFO - Processing file /home/airflow/.local/lib/python3.12/site-packages/airflow/example_dags/example_external_task_marker_dag.py for tasks to queue
[2024-12-20T04:39:57.311+0000] {logging_mixin.py:188} INFO - [2024-12-20T04:39:57.311+0000] {dagbag.py:545} INFO - Filling up the DagBag from /home/airflow/.local/lib/python3.12/site-packages/airflow/example_dags/example_external_task_marker_dag.py
[2024-12-20T04:39:57.317+0000] {processor.py:840} INFO - DAG(s) 'example_external_task_marker_parent', 'example_external_task_marker_child' retrieved from /home/airflow/.local/lib/python3.12/site-packages/airflow/example_dags/example_external_task_marker_dag.py
[2024-12-20T04:39:57.333+0000] {logging_mixin.py:188} INFO - [2024-12-20T04:39:57.333+0000] {dag.py:3089} INFO - Sync 2 DAGs
[2024-12-20T04:39:57.345+0000] {logging_mixin.py:188} INFO - [2024-12-20T04:39:57.345+0000] {dag.py:3947} INFO - Setting next_dagrun for example_external_task_marker_child to None, run_after=None
[2024-12-20T04:39:57.347+0000] {logging_mixin.py:188} INFO - [2024-12-20T04:39:57.347+0000] {dag.py:3947} INFO - Setting next_dagrun for example_external_task_marker_parent to None, run_after=None
[2024-12-20T04:39:57.355+0000] {processor.py:183} INFO - Processing /home/airflow/.local/lib/python3.12/site-packages/airflow/example_dags/example_external_task_marker_dag.py took 0.051 seconds
[2024-12-20T04:41:42.259+0000] {processor.py:161} INFO - Started process (PID=1685) to work on /home/airflow/.local/lib/python3.12/site-packages/airflow/example_dags/example_external_task_marker_dag.py
[2024-12-20T04:41:42.372+0000] {processor.py:830} INFO - Processing file /home/airflow/.local/lib/python3.12/site-packages/airflow/example_dags/example_external_task_marker_dag.py for tasks to queue
[2024-12-20T04:41:42.428+0000] {logging_mixin.py:188} INFO - [2024-12-20T04:41:42.423+0000] {dagbag.py:545} INFO - Filling up the DagBag from /home/airflow/.local/lib/python3.12/site-packages/airflow/example_dags/example_external_task_marker_dag.py
[2024-12-20T04:41:42.527+0000] {processor.py:840} INFO - DAG(s) 'example_external_task_marker_child', 'example_external_task_marker_parent' retrieved from /home/airflow/.local/lib/python3.12/site-packages/airflow/example_dags/example_external_task_marker_dag.py
[2024-12-20T04:41:43.565+0000] {logging_mixin.py:188} INFO - [2024-12-20T04:41:43.540+0000] {dag.py:3089} INFO - Sync 2 DAGs
[2024-12-20T04:41:44.182+0000] {logging_mixin.py:188} INFO - [2024-12-20T04:41:44.135+0000] {dag.py:3947} INFO - Setting next_dagrun for example_external_task_marker_child to None, run_after=None
[2024-12-20T04:41:44.257+0000] {logging_mixin.py:188} INFO - [2024-12-20T04:41:44.256+0000] {dag.py:3947} INFO - Setting next_dagrun for example_external_task_marker_parent to None, run_after=None
[2024-12-20T04:41:44.603+0000] {processor.py:183} INFO - Processing /home/airflow/.local/lib/python3.12/site-packages/airflow/example_dags/example_external_task_marker_dag.py took 2.616 seconds
[2024-12-20T04:42:15.161+0000] {processor.py:161} INFO - Started process (PID=1997) to work on /home/airflow/.local/lib/python3.12/site-packages/airflow/example_dags/example_external_task_marker_dag.py
[2024-12-20T04:42:15.163+0000] {processor.py:830} INFO - Processing file /home/airflow/.local/lib/python3.12/site-packages/airflow/example_dags/example_external_task_marker_dag.py for tasks to queue
[2024-12-20T04:42:15.166+0000] {logging_mixin.py:188} INFO - [2024-12-20T04:42:15.166+0000] {dagbag.py:545} INFO - Filling up the DagBag from /home/airflow/.local/lib/python3.12/site-packages/airflow/example_dags/example_external_task_marker_dag.py
[2024-12-20T04:42:15.177+0000] {processor.py:840} INFO - DAG(s) 'example_external_task_marker_child', 'example_external_task_marker_parent' retrieved from /home/airflow/.local/lib/python3.12/site-packages/airflow/example_dags/example_external_task_marker_dag.py
[2024-12-20T04:42:15.201+0000] {logging_mixin.py:188} INFO - [2024-12-20T04:42:15.201+0000] {dag.py:3089} INFO - Sync 2 DAGs
[2024-12-20T04:42:15.210+0000] {logging_mixin.py:188} INFO - [2024-12-20T04:42:15.210+0000] {dag.py:3947} INFO - Setting next_dagrun for example_external_task_marker_child to None, run_after=None
[2024-12-20T04:42:15.213+0000] {logging_mixin.py:188} INFO - [2024-12-20T04:42:15.213+0000] {dag.py:3947} INFO - Setting next_dagrun for example_external_task_marker_parent to None, run_after=None
[2024-12-20T04:42:15.241+0000] {processor.py:183} INFO - Processing /home/airflow/.local/lib/python3.12/site-packages/airflow/example_dags/example_external_task_marker_dag.py took 0.090 seconds
[2024-12-20T04:42:59.618+0000] {processor.py:161} INFO - Started process (PID=2292) to work on /home/airflow/.local/lib/python3.12/site-packages/airflow/example_dags/example_external_task_marker_dag.py
[2024-12-20T04:42:59.620+0000] {processor.py:830} INFO - Processing file /home/airflow/.local/lib/python3.12/site-packages/airflow/example_dags/example_external_task_marker_dag.py for tasks to queue
[2024-12-20T04:42:59.623+0000] {logging_mixin.py:188} INFO - [2024-12-20T04:42:59.622+0000] {dagbag.py:545} INFO - Filling up the DagBag from /home/airflow/.local/lib/python3.12/site-packages/airflow/example_dags/example_external_task_marker_dag.py
[2024-12-20T04:42:59.632+0000] {processor.py:840} INFO - DAG(s) 'example_external_task_marker_parent', 'example_external_task_marker_child' retrieved from /home/airflow/.local/lib/python3.12/site-packages/airflow/example_dags/example_external_task_marker_dag.py
[2024-12-20T04:42:59.673+0000] {logging_mixin.py:188} INFO - [2024-12-20T04:42:59.672+0000] {dag.py:3089} INFO - Sync 2 DAGs
[2024-12-20T04:42:59.692+0000] {logging_mixin.py:188} INFO - [2024-12-20T04:42:59.692+0000] {dag.py:3947} INFO - Setting next_dagrun for example_external_task_marker_child to None, run_after=None
[2024-12-20T04:42:59.696+0000] {logging_mixin.py:188} INFO - [2024-12-20T04:42:59.696+0000] {dag.py:3947} INFO - Setting next_dagrun for example_external_task_marker_parent to None, run_after=None
[2024-12-20T04:42:59.709+0000] {processor.py:183} INFO - Processing /home/airflow/.local/lib/python3.12/site-packages/airflow/example_dags/example_external_task_marker_dag.py took 0.106 seconds
[2024-12-20T04:44:26.829+0000] {processor.py:161} INFO - Started process (PID=2654) to work on /home/airflow/.local/lib/python3.12/site-packages/airflow/example_dags/example_external_task_marker_dag.py
[2024-12-20T04:44:26.841+0000] {processor.py:830} INFO - Processing file /home/airflow/.local/lib/python3.12/site-packages/airflow/example_dags/example_external_task_marker_dag.py for tasks to queue
[2024-12-20T04:44:26.859+0000] {logging_mixin.py:188} INFO - [2024-12-20T04:44:26.857+0000] {dagbag.py:545} INFO - Filling up the DagBag from /home/airflow/.local/lib/python3.12/site-packages/airflow/example_dags/example_external_task_marker_dag.py
[2024-12-20T04:44:26.938+0000] {processor.py:840} INFO - DAG(s) 'example_external_task_marker_parent', 'example_external_task_marker_child' retrieved from /home/airflow/.local/lib/python3.12/site-packages/airflow/example_dags/example_external_task_marker_dag.py
[2024-12-20T04:44:27.109+0000] {logging_mixin.py:188} INFO - [2024-12-20T04:44:27.109+0000] {dag.py:3089} INFO - Sync 2 DAGs
[2024-12-20T04:44:27.174+0000] {logging_mixin.py:188} INFO - [2024-12-20T04:44:27.174+0000] {dag.py:3947} INFO - Setting next_dagrun for example_external_task_marker_child to None, run_after=None
[2024-12-20T04:44:27.205+0000] {logging_mixin.py:188} INFO - [2024-12-20T04:44:27.205+0000] {dag.py:3947} INFO - Setting next_dagrun for example_external_task_marker_parent to None, run_after=None
[2024-12-20T04:44:27.264+0000] {processor.py:183} INFO - Processing /home/airflow/.local/lib/python3.12/site-packages/airflow/example_dags/example_external_task_marker_dag.py took 0.446 seconds
[2024-12-20T04:44:58.830+0000] {processor.py:161} INFO - Started process (PID=2980) to work on /home/airflow/.local/lib/python3.12/site-packages/airflow/example_dags/example_external_task_marker_dag.py
[2024-12-20T04:44:58.838+0000] {processor.py:830} INFO - Processing file /home/airflow/.local/lib/python3.12/site-packages/airflow/example_dags/example_external_task_marker_dag.py for tasks to queue
[2024-12-20T04:44:58.846+0000] {logging_mixin.py:188} INFO - [2024-12-20T04:44:58.845+0000] {dagbag.py:545} INFO - Filling up the DagBag from /home/airflow/.local/lib/python3.12/site-packages/airflow/example_dags/example_external_task_marker_dag.py
[2024-12-20T04:44:58.877+0000] {processor.py:840} INFO - DAG(s) 'example_external_task_marker_child', 'example_external_task_marker_parent' retrieved from /home/airflow/.local/lib/python3.12/site-packages/airflow/example_dags/example_external_task_marker_dag.py
[2024-12-20T04:44:59.055+0000] {logging_mixin.py:188} INFO - [2024-12-20T04:44:59.048+0000] {dag.py:3089} INFO - Sync 2 DAGs
[2024-12-20T04:44:59.211+0000] {logging_mixin.py:188} INFO - [2024-12-20T04:44:59.209+0000] {dag.py:3947} INFO - Setting next_dagrun for example_external_task_marker_child to None, run_after=None
[2024-12-20T04:44:59.220+0000] {logging_mixin.py:188} INFO - [2024-12-20T04:44:59.220+0000] {dag.py:3947} INFO - Setting next_dagrun for example_external_task_marker_parent to None, run_after=None
[2024-12-20T04:44:59.280+0000] {processor.py:183} INFO - Processing /home/airflow/.local/lib/python3.12/site-packages/airflow/example_dags/example_external_task_marker_dag.py took 0.565 seconds
[2024-12-20T04:45:59.599+0000] {processor.py:161} INFO - Started process (PID=3184) to work on /home/airflow/.local/lib/python3.12/site-packages/airflow/example_dags/example_external_task_marker_dag.py
[2024-12-20T04:45:59.600+0000] {processor.py:830} INFO - Processing file /home/airflow/.local/lib/python3.12/site-packages/airflow/example_dags/example_external_task_marker_dag.py for tasks to queue
[2024-12-20T04:45:59.603+0000] {logging_mixin.py:188} INFO - [2024-12-20T04:45:59.602+0000] {dagbag.py:545} INFO - Filling up the DagBag from /home/airflow/.local/lib/python3.12/site-packages/airflow/example_dags/example_external_task_marker_dag.py
[2024-12-20T04:45:59.610+0000] {processor.py:840} INFO - DAG(s) 'example_external_task_marker_parent', 'example_external_task_marker_child' retrieved from /home/airflow/.local/lib/python3.12/site-packages/airflow/example_dags/example_external_task_marker_dag.py
[2024-12-20T04:45:59.649+0000] {logging_mixin.py:188} INFO - [2024-12-20T04:45:59.649+0000] {dag.py:3089} INFO - Sync 2 DAGs
[2024-12-20T04:45:59.659+0000] {logging_mixin.py:188} INFO - [2024-12-20T04:45:59.659+0000] {dag.py:3947} INFO - Setting next_dagrun for example_external_task_marker_child to None, run_after=None
[2024-12-20T04:45:59.662+0000] {logging_mixin.py:188} INFO - [2024-12-20T04:45:59.662+0000] {dag.py:3947} INFO - Setting next_dagrun for example_external_task_marker_parent to None, run_after=None
[2024-12-20T04:45:59.672+0000] {processor.py:183} INFO - Processing /home/airflow/.local/lib/python3.12/site-packages/airflow/example_dags/example_external_task_marker_dag.py took 0.079 seconds
[2024-12-20T04:46:30.249+0000] {processor.py:161} INFO - Started process (PID=3461) to work on /home/airflow/.local/lib/python3.12/site-packages/airflow/example_dags/example_external_task_marker_dag.py
[2024-12-20T04:46:30.250+0000] {processor.py:830} INFO - Processing file /home/airflow/.local/lib/python3.12/site-packages/airflow/example_dags/example_external_task_marker_dag.py for tasks to queue
[2024-12-20T04:46:30.252+0000] {logging_mixin.py:188} INFO - [2024-12-20T04:46:30.251+0000] {dagbag.py:545} INFO - Filling up the DagBag from /home/airflow/.local/lib/python3.12/site-packages/airflow/example_dags/example_external_task_marker_dag.py
[2024-12-20T04:46:30.256+0000] {processor.py:840} INFO - DAG(s) 'example_external_task_marker_child', 'example_external_task_marker_parent' retrieved from /home/airflow/.local/lib/python3.12/site-packages/airflow/example_dags/example_external_task_marker_dag.py
[2024-12-20T04:46:30.269+0000] {logging_mixin.py:188} INFO - [2024-12-20T04:46:30.269+0000] {dag.py:3089} INFO - Sync 2 DAGs
[2024-12-20T04:46:30.282+0000] {logging_mixin.py:188} INFO - [2024-12-20T04:46:30.281+0000] {dag.py:3947} INFO - Setting next_dagrun for example_external_task_marker_child to None, run_after=None
[2024-12-20T04:46:30.289+0000] {logging_mixin.py:188} INFO - [2024-12-20T04:46:30.289+0000] {dag.py:3947} INFO - Setting next_dagrun for example_external_task_marker_parent to None, run_after=None
[2024-12-20T04:46:30.302+0000] {processor.py:183} INFO - Processing /home/airflow/.local/lib/python3.12/site-packages/airflow/example_dags/example_external_task_marker_dag.py took 0.057 seconds
[2024-12-20T04:47:00.827+0000] {processor.py:161} INFO - Started process (PID=3738) to work on /home/airflow/.local/lib/python3.12/site-packages/airflow/example_dags/example_external_task_marker_dag.py
[2024-12-20T04:47:00.828+0000] {processor.py:830} INFO - Processing file /home/airflow/.local/lib/python3.12/site-packages/airflow/example_dags/example_external_task_marker_dag.py for tasks to queue
[2024-12-20T04:47:00.829+0000] {logging_mixin.py:188} INFO - [2024-12-20T04:47:00.829+0000] {dagbag.py:545} INFO - Filling up the DagBag from /home/airflow/.local/lib/python3.12/site-packages/airflow/example_dags/example_external_task_marker_dag.py
[2024-12-20T04:47:00.833+0000] {processor.py:840} INFO - DAG(s) 'example_external_task_marker_parent', 'example_external_task_marker_child' retrieved from /home/airflow/.local/lib/python3.12/site-packages/airflow/example_dags/example_external_task_marker_dag.py
[2024-12-20T04:47:00.846+0000] {logging_mixin.py:188} INFO - [2024-12-20T04:47:00.846+0000] {dag.py:3089} INFO - Sync 2 DAGs
[2024-12-20T04:47:00.854+0000] {logging_mixin.py:188} INFO - [2024-12-20T04:47:00.853+0000] {dag.py:3947} INFO - Setting next_dagrun for example_external_task_marker_child to None, run_after=None
[2024-12-20T04:47:00.856+0000] {logging_mixin.py:188} INFO - [2024-12-20T04:47:00.856+0000] {dag.py:3947} INFO - Setting next_dagrun for example_external_task_marker_parent to None, run_after=None
[2024-12-20T04:47:00.864+0000] {processor.py:183} INFO - Processing /home/airflow/.local/lib/python3.12/site-packages/airflow/example_dags/example_external_task_marker_dag.py took 0.041 seconds
