[2024-12-20T04:27:03.107+0000] {processor.py:161} INFO - Started process (PID=167) to work on /home/airflow/.local/lib/python3.12/site-packages/airflow/example_dags/example_latest_only_with_trigger.py
[2024-12-20T04:27:03.200+0000] {processor.py:830} INFO - Processing file /home/airflow/.local/lib/python3.12/site-packages/airflow/example_dags/example_latest_only_with_trigger.py for tasks to queue
[2024-12-20T04:27:03.283+0000] {logging_mixin.py:188} INFO - [2024-12-20T04:27:03.237+0000] {dagbag.py:545} INFO - Filling up the DagBag from /home/airflow/.local/lib/python3.12/site-packages/airflow/example_dags/example_latest_only_with_trigger.py
[2024-12-20T04:27:03.729+0000] {processor.py:840} INFO - DAG(s) 'latest_only_with_trigger' retrieved from /home/airflow/.local/lib/python3.12/site-packages/airflow/example_dags/example_latest_only_with_trigger.py
[2024-12-20T04:27:07.256+0000] {logging_mixin.py:188} INFO - [2024-12-20T04:27:07.255+0000] {dag.py:3089} INFO - Sync 1 DAGs
[2024-12-20T04:27:07.741+0000] {logging_mixin.py:188} INFO - [2024-12-20T04:27:07.740+0000] {dag.py:3947} INFO - Setting next_dagrun for latest_only_with_trigger to 2024-12-20 00:00:00+00:00, run_after=2024-12-20 04:00:00+00:00
[2024-12-20T04:27:07.839+0000] {processor.py:183} INFO - Processing /home/airflow/.local/lib/python3.12/site-packages/airflow/example_dags/example_latest_only_with_trigger.py took 5.155 seconds
[2024-12-20T04:29:51.319+0000] {processor.py:161} INFO - Started process (PID=167) to work on /home/airflow/.local/lib/python3.12/site-packages/airflow/example_dags/example_latest_only_with_trigger.py
[2024-12-20T04:29:51.377+0000] {processor.py:830} INFO - Processing file /home/airflow/.local/lib/python3.12/site-packages/airflow/example_dags/example_latest_only_with_trigger.py for tasks to queue
[2024-12-20T04:29:51.658+0000] {logging_mixin.py:188} INFO - [2024-12-20T04:29:51.631+0000] {dagbag.py:545} INFO - Filling up the DagBag from /home/airflow/.local/lib/python3.12/site-packages/airflow/example_dags/example_latest_only_with_trigger.py
[2024-12-20T04:29:51.832+0000] {processor.py:840} INFO - DAG(s) 'latest_only_with_trigger' retrieved from /home/airflow/.local/lib/python3.12/site-packages/airflow/example_dags/example_latest_only_with_trigger.py
[2024-12-20T04:29:53.172+0000] {logging_mixin.py:188} INFO - [2024-12-20T04:29:53.172+0000] {dag.py:3089} INFO - Sync 1 DAGs
[2024-12-20T04:29:53.246+0000] {logging_mixin.py:188} INFO - [2024-12-20T04:29:53.246+0000] {dag.py:3947} INFO - Setting next_dagrun for latest_only_with_trigger to 2024-12-20 00:00:00+00:00, run_after=2024-12-20 04:00:00+00:00
[2024-12-20T04:29:53.295+0000] {processor.py:183} INFO - Processing /home/airflow/.local/lib/python3.12/site-packages/airflow/example_dags/example_latest_only_with_trigger.py took 2.034 seconds
[2024-12-20T04:37:13.586+0000] {processor.py:161} INFO - Started process (PID=164) to work on /home/airflow/.local/lib/python3.12/site-packages/airflow/example_dags/example_latest_only_with_trigger.py
[2024-12-20T04:37:13.588+0000] {processor.py:830} INFO - Processing file /home/airflow/.local/lib/python3.12/site-packages/airflow/example_dags/example_latest_only_with_trigger.py for tasks to queue
[2024-12-20T04:37:13.591+0000] {logging_mixin.py:188} INFO - [2024-12-20T04:37:13.591+0000] {dagbag.py:545} INFO - Filling up the DagBag from /home/airflow/.local/lib/python3.12/site-packages/airflow/example_dags/example_latest_only_with_trigger.py
[2024-12-20T04:37:13.602+0000] {processor.py:840} INFO - DAG(s) 'latest_only_with_trigger' retrieved from /home/airflow/.local/lib/python3.12/site-packages/airflow/example_dags/example_latest_only_with_trigger.py
[2024-12-20T04:37:13.661+0000] {logging_mixin.py:188} INFO - [2024-12-20T04:37:13.661+0000] {dag.py:3089} INFO - Sync 1 DAGs
[2024-12-20T04:37:13.687+0000] {logging_mixin.py:188} INFO - [2024-12-20T04:37:13.687+0000] {dag.py:3947} INFO - Setting next_dagrun for latest_only_with_trigger to 2024-12-20 00:00:00+00:00, run_after=2024-12-20 04:00:00+00:00
[2024-12-20T04:37:13.730+0000] {processor.py:183} INFO - Processing /home/airflow/.local/lib/python3.12/site-packages/airflow/example_dags/example_latest_only_with_trigger.py took 0.159 seconds
[2024-12-20T04:37:59.437+0000] {processor.py:161} INFO - Started process (PID=480) to work on /home/airflow/.local/lib/python3.12/site-packages/airflow/example_dags/example_latest_only_with_trigger.py
[2024-12-20T04:37:59.562+0000] {processor.py:830} INFO - Processing file /home/airflow/.local/lib/python3.12/site-packages/airflow/example_dags/example_latest_only_with_trigger.py for tasks to queue
[2024-12-20T04:37:59.846+0000] {logging_mixin.py:188} INFO - [2024-12-20T04:37:59.829+0000] {dagbag.py:545} INFO - Filling up the DagBag from /home/airflow/.local/lib/python3.12/site-packages/airflow/example_dags/example_latest_only_with_trigger.py
[2024-12-20T04:38:00.268+0000] {processor.py:840} INFO - DAG(s) 'latest_only_with_trigger' retrieved from /home/airflow/.local/lib/python3.12/site-packages/airflow/example_dags/example_latest_only_with_trigger.py
[2024-12-20T04:38:04.864+0000] {logging_mixin.py:188} INFO - [2024-12-20T04:38:04.855+0000] {dag.py:3089} INFO - Sync 1 DAGs
[2024-12-20T04:38:05.947+0000] {logging_mixin.py:188} INFO - [2024-12-20T04:38:05.906+0000] {dag.py:3947} INFO - Setting next_dagrun for latest_only_with_trigger to 2024-12-20 00:00:00+00:00, run_after=2024-12-20 04:00:00+00:00
[2024-12-20T04:38:06.480+0000] {processor.py:183} INFO - Processing /home/airflow/.local/lib/python3.12/site-packages/airflow/example_dags/example_latest_only_with_trigger.py took 7.472 seconds
[2024-12-20T04:38:53.521+0000] {processor.py:161} INFO - Started process (PID=614) to work on /home/airflow/.local/lib/python3.12/site-packages/airflow/example_dags/example_latest_only_with_trigger.py
[2024-12-20T04:38:53.522+0000] {processor.py:830} INFO - Processing file /home/airflow/.local/lib/python3.12/site-packages/airflow/example_dags/example_latest_only_with_trigger.py for tasks to queue
[2024-12-20T04:38:53.524+0000] {logging_mixin.py:188} INFO - [2024-12-20T04:38:53.524+0000] {dagbag.py:545} INFO - Filling up the DagBag from /home/airflow/.local/lib/python3.12/site-packages/airflow/example_dags/example_latest_only_with_trigger.py
[2024-12-20T04:38:53.529+0000] {processor.py:840} INFO - DAG(s) 'latest_only_with_trigger' retrieved from /home/airflow/.local/lib/python3.12/site-packages/airflow/example_dags/example_latest_only_with_trigger.py
[2024-12-20T04:38:53.545+0000] {logging_mixin.py:188} INFO - [2024-12-20T04:38:53.545+0000] {dag.py:3089} INFO - Sync 1 DAGs
[2024-12-20T04:38:53.563+0000] {logging_mixin.py:188} INFO - [2024-12-20T04:38:53.563+0000] {dag.py:3947} INFO - Setting next_dagrun for latest_only_with_trigger to 2024-12-20 00:00:00+00:00, run_after=2024-12-20 04:00:00+00:00
[2024-12-20T04:38:53.608+0000] {processor.py:183} INFO - Processing /home/airflow/.local/lib/python3.12/site-packages/airflow/example_dags/example_latest_only_with_trigger.py took 0.093 seconds
[2024-12-20T04:39:23.750+0000] {processor.py:161} INFO - Started process (PID=866) to work on /home/airflow/.local/lib/python3.12/site-packages/airflow/example_dags/example_latest_only_with_trigger.py
[2024-12-20T04:39:23.754+0000] {processor.py:830} INFO - Processing file /home/airflow/.local/lib/python3.12/site-packages/airflow/example_dags/example_latest_only_with_trigger.py for tasks to queue
[2024-12-20T04:39:23.762+0000] {logging_mixin.py:188} INFO - [2024-12-20T04:39:23.761+0000] {dagbag.py:545} INFO - Filling up the DagBag from /home/airflow/.local/lib/python3.12/site-packages/airflow/example_dags/example_latest_only_with_trigger.py
[2024-12-20T04:39:23.771+0000] {processor.py:840} INFO - DAG(s) 'latest_only_with_trigger' retrieved from /home/airflow/.local/lib/python3.12/site-packages/airflow/example_dags/example_latest_only_with_trigger.py
[2024-12-20T04:39:23.815+0000] {logging_mixin.py:188} INFO - [2024-12-20T04:39:23.815+0000] {dag.py:3089} INFO - Sync 1 DAGs
[2024-12-20T04:39:23.837+0000] {logging_mixin.py:188} INFO - [2024-12-20T04:39:23.837+0000] {dag.py:3947} INFO - Setting next_dagrun for latest_only_with_trigger to 2024-12-20 00:00:00+00:00, run_after=2024-12-20 04:00:00+00:00
[2024-12-20T04:39:23.864+0000] {processor.py:183} INFO - Processing /home/airflow/.local/lib/python3.12/site-packages/airflow/example_dags/example_latest_only_with_trigger.py took 0.135 seconds
[2024-12-20T04:39:53.953+0000] {processor.py:161} INFO - Started process (PID=1143) to work on /home/airflow/.local/lib/python3.12/site-packages/airflow/example_dags/example_latest_only_with_trigger.py
[2024-12-20T04:39:53.955+0000] {processor.py:830} INFO - Processing file /home/airflow/.local/lib/python3.12/site-packages/airflow/example_dags/example_latest_only_with_trigger.py for tasks to queue
[2024-12-20T04:39:53.959+0000] {logging_mixin.py:188} INFO - [2024-12-20T04:39:53.959+0000] {dagbag.py:545} INFO - Filling up the DagBag from /home/airflow/.local/lib/python3.12/site-packages/airflow/example_dags/example_latest_only_with_trigger.py
[2024-12-20T04:39:53.969+0000] {processor.py:840} INFO - DAG(s) 'latest_only_with_trigger' retrieved from /home/airflow/.local/lib/python3.12/site-packages/airflow/example_dags/example_latest_only_with_trigger.py
[2024-12-20T04:39:54.028+0000] {logging_mixin.py:188} INFO - [2024-12-20T04:39:54.027+0000] {dag.py:3089} INFO - Sync 1 DAGs
[2024-12-20T04:39:54.045+0000] {logging_mixin.py:188} INFO - [2024-12-20T04:39:54.044+0000] {dag.py:3947} INFO - Setting next_dagrun for latest_only_with_trigger to 2024-12-20 00:00:00+00:00, run_after=2024-12-20 04:00:00+00:00
[2024-12-20T04:39:54.055+0000] {processor.py:183} INFO - Processing /home/airflow/.local/lib/python3.12/site-packages/airflow/example_dags/example_latest_only_with_trigger.py took 0.127 seconds
[2024-12-20T04:40:24.592+0000] {processor.py:161} INFO - Started process (PID=1460) to work on /home/airflow/.local/lib/python3.12/site-packages/airflow/example_dags/example_latest_only_with_trigger.py
[2024-12-20T04:40:24.607+0000] {processor.py:830} INFO - Processing file /home/airflow/.local/lib/python3.12/site-packages/airflow/example_dags/example_latest_only_with_trigger.py for tasks to queue
[2024-12-20T04:40:24.635+0000] {logging_mixin.py:188} INFO - [2024-12-20T04:40:24.629+0000] {dagbag.py:545} INFO - Filling up the DagBag from /home/airflow/.local/lib/python3.12/site-packages/airflow/example_dags/example_latest_only_with_trigger.py
[2024-12-20T04:40:24.744+0000] {processor.py:840} INFO - DAG(s) 'latest_only_with_trigger' retrieved from /home/airflow/.local/lib/python3.12/site-packages/airflow/example_dags/example_latest_only_with_trigger.py
[2024-12-20T04:40:25.429+0000] {logging_mixin.py:188} INFO - [2024-12-20T04:40:25.427+0000] {dag.py:3089} INFO - Sync 1 DAGs
[2024-12-20T04:40:26.088+0000] {logging_mixin.py:188} INFO - [2024-12-20T04:40:26.067+0000] {dag.py:3947} INFO - Setting next_dagrun for latest_only_with_trigger to 2024-12-20 00:00:00+00:00, run_after=2024-12-20 04:00:00+00:00
[2024-12-20T04:40:26.780+0000] {processor.py:183} INFO - Processing /home/airflow/.local/lib/python3.12/site-packages/airflow/example_dags/example_latest_only_with_trigger.py took 2.375 seconds
[2024-12-20T04:42:00.035+0000] {processor.py:161} INFO - Started process (PID=1770) to work on /home/airflow/.local/lib/python3.12/site-packages/airflow/example_dags/example_latest_only_with_trigger.py
[2024-12-20T04:42:00.097+0000] {processor.py:830} INFO - Processing file /home/airflow/.local/lib/python3.12/site-packages/airflow/example_dags/example_latest_only_with_trigger.py for tasks to queue
[2024-12-20T04:42:00.288+0000] {logging_mixin.py:188} INFO - [2024-12-20T04:42:00.258+0000] {dagbag.py:545} INFO - Filling up the DagBag from /home/airflow/.local/lib/python3.12/site-packages/airflow/example_dags/example_latest_only_with_trigger.py
[2024-12-20T04:42:00.427+0000] {processor.py:840} INFO - DAG(s) 'latest_only_with_trigger' retrieved from /home/airflow/.local/lib/python3.12/site-packages/airflow/example_dags/example_latest_only_with_trigger.py
[2024-12-20T04:42:00.764+0000] {logging_mixin.py:188} INFO - [2024-12-20T04:42:00.716+0000] {dag.py:3089} INFO - Sync 1 DAGs
[2024-12-20T04:42:01.062+0000] {logging_mixin.py:188} INFO - [2024-12-20T04:42:01.061+0000] {dag.py:3947} INFO - Setting next_dagrun for latest_only_with_trigger to 2024-12-20 00:00:00+00:00, run_after=2024-12-20 04:00:00+00:00
[2024-12-20T04:42:01.207+0000] {processor.py:183} INFO - Processing /home/airflow/.local/lib/python3.12/site-packages/airflow/example_dags/example_latest_only_with_trigger.py took 1.384 seconds
[2024-12-20T04:42:35.704+0000] {processor.py:161} INFO - Started process (PID=2091) to work on /home/airflow/.local/lib/python3.12/site-packages/airflow/example_dags/example_latest_only_with_trigger.py
[2024-12-20T04:42:35.729+0000] {processor.py:830} INFO - Processing file /home/airflow/.local/lib/python3.12/site-packages/airflow/example_dags/example_latest_only_with_trigger.py for tasks to queue
[2024-12-20T04:42:35.851+0000] {logging_mixin.py:188} INFO - [2024-12-20T04:42:35.790+0000] {dagbag.py:545} INFO - Filling up the DagBag from /home/airflow/.local/lib/python3.12/site-packages/airflow/example_dags/example_latest_only_with_trigger.py
[2024-12-20T04:42:36.709+0000] {processor.py:840} INFO - DAG(s) 'latest_only_with_trigger' retrieved from /home/airflow/.local/lib/python3.12/site-packages/airflow/example_dags/example_latest_only_with_trigger.py
[2024-12-20T04:42:37.888+0000] {logging_mixin.py:188} INFO - [2024-12-20T04:42:37.878+0000] {dag.py:3089} INFO - Sync 1 DAGs
[2024-12-20T04:42:38.860+0000] {logging_mixin.py:188} INFO - [2024-12-20T04:42:38.835+0000] {dag.py:3947} INFO - Setting next_dagrun for latest_only_with_trigger to 2024-12-20 00:00:00+00:00, run_after=2024-12-20 04:00:00+00:00
[2024-12-20T04:42:40.167+0000] {processor.py:183} INFO - Processing /home/airflow/.local/lib/python3.12/site-packages/airflow/example_dags/example_latest_only_with_trigger.py took 4.515 seconds
[2024-12-20T04:43:12.222+0000] {processor.py:161} INFO - Started process (PID=2420) to work on /home/airflow/.local/lib/python3.12/site-packages/airflow/example_dags/example_latest_only_with_trigger.py
[2024-12-20T04:43:12.234+0000] {processor.py:830} INFO - Processing file /home/airflow/.local/lib/python3.12/site-packages/airflow/example_dags/example_latest_only_with_trigger.py for tasks to queue
[2024-12-20T04:43:12.269+0000] {logging_mixin.py:188} INFO - [2024-12-20T04:43:12.248+0000] {dagbag.py:545} INFO - Filling up the DagBag from /home/airflow/.local/lib/python3.12/site-packages/airflow/example_dags/example_latest_only_with_trigger.py
[2024-12-20T04:43:12.353+0000] {processor.py:840} INFO - DAG(s) 'latest_only_with_trigger' retrieved from /home/airflow/.local/lib/python3.12/site-packages/airflow/example_dags/example_latest_only_with_trigger.py
[2024-12-20T04:43:12.565+0000] {logging_mixin.py:188} INFO - [2024-12-20T04:43:12.565+0000] {dag.py:3089} INFO - Sync 1 DAGs
[2024-12-20T04:43:12.703+0000] {logging_mixin.py:188} INFO - [2024-12-20T04:43:12.703+0000] {dag.py:3947} INFO - Setting next_dagrun for latest_only_with_trigger to 2024-12-20 00:00:00+00:00, run_after=2024-12-20 04:00:00+00:00
[2024-12-20T04:43:12.955+0000] {processor.py:183} INFO - Processing /home/airflow/.local/lib/python3.12/site-packages/airflow/example_dags/example_latest_only_with_trigger.py took 0.794 seconds
[2024-12-20T04:44:28.817+0000] {processor.py:161} INFO - Started process (PID=2677) to work on /home/airflow/.local/lib/python3.12/site-packages/airflow/example_dags/example_latest_only_with_trigger.py
[2024-12-20T04:44:28.837+0000] {processor.py:830} INFO - Processing file /home/airflow/.local/lib/python3.12/site-packages/airflow/example_dags/example_latest_only_with_trigger.py for tasks to queue
[2024-12-20T04:44:28.853+0000] {logging_mixin.py:188} INFO - [2024-12-20T04:44:28.853+0000] {dagbag.py:545} INFO - Filling up the DagBag from /home/airflow/.local/lib/python3.12/site-packages/airflow/example_dags/example_latest_only_with_trigger.py
[2024-12-20T04:44:29.047+0000] {processor.py:840} INFO - DAG(s) 'latest_only_with_trigger' retrieved from /home/airflow/.local/lib/python3.12/site-packages/airflow/example_dags/example_latest_only_with_trigger.py
[2024-12-20T04:44:30.474+0000] {logging_mixin.py:188} INFO - [2024-12-20T04:44:30.467+0000] {dag.py:3089} INFO - Sync 1 DAGs
[2024-12-20T04:44:31.182+0000] {logging_mixin.py:188} INFO - [2024-12-20T04:44:31.173+0000] {dag.py:3947} INFO - Setting next_dagrun for latest_only_with_trigger to 2024-12-20 00:00:00+00:00, run_after=2024-12-20 04:00:00+00:00
[2024-12-20T04:44:31.740+0000] {processor.py:183} INFO - Processing /home/airflow/.local/lib/python3.12/site-packages/airflow/example_dags/example_latest_only_with_trigger.py took 2.957 seconds
[2024-12-20T04:45:51.205+0000] {processor.py:161} INFO - Started process (PID=3005) to work on /home/airflow/.local/lib/python3.12/site-packages/airflow/example_dags/example_latest_only_with_trigger.py
[2024-12-20T04:45:51.354+0000] {processor.py:830} INFO - Processing file /home/airflow/.local/lib/python3.12/site-packages/airflow/example_dags/example_latest_only_with_trigger.py for tasks to queue
[2024-12-20T04:45:51.484+0000] {logging_mixin.py:188} INFO - [2024-12-20T04:45:51.442+0000] {dagbag.py:545} INFO - Filling up the DagBag from /home/airflow/.local/lib/python3.12/site-packages/airflow/example_dags/example_latest_only_with_trigger.py
[2024-12-20T04:45:51.706+0000] {processor.py:840} INFO - DAG(s) 'latest_only_with_trigger' retrieved from /home/airflow/.local/lib/python3.12/site-packages/airflow/example_dags/example_latest_only_with_trigger.py
[2024-12-20T04:45:52.348+0000] {logging_mixin.py:188} INFO - [2024-12-20T04:45:52.336+0000] {dag.py:3089} INFO - Sync 1 DAGs
[2024-12-20T04:45:52.809+0000] {logging_mixin.py:188} INFO - [2024-12-20T04:45:52.808+0000] {dag.py:3947} INFO - Setting next_dagrun for latest_only_with_trigger to 2024-12-20 00:00:00+00:00, run_after=2024-12-20 04:00:00+00:00
[2024-12-20T04:45:53.019+0000] {processor.py:183} INFO - Processing /home/airflow/.local/lib/python3.12/site-packages/airflow/example_dags/example_latest_only_with_trigger.py took 2.799 seconds
[2024-12-20T04:46:23.844+0000] {processor.py:161} INFO - Started process (PID=3288) to work on /home/airflow/.local/lib/python3.12/site-packages/airflow/example_dags/example_latest_only_with_trigger.py
[2024-12-20T04:46:23.847+0000] {processor.py:830} INFO - Processing file /home/airflow/.local/lib/python3.12/site-packages/airflow/example_dags/example_latest_only_with_trigger.py for tasks to queue
[2024-12-20T04:46:23.851+0000] {logging_mixin.py:188} INFO - [2024-12-20T04:46:23.850+0000] {dagbag.py:545} INFO - Filling up the DagBag from /home/airflow/.local/lib/python3.12/site-packages/airflow/example_dags/example_latest_only_with_trigger.py
[2024-12-20T04:46:23.862+0000] {processor.py:840} INFO - DAG(s) 'latest_only_with_trigger' retrieved from /home/airflow/.local/lib/python3.12/site-packages/airflow/example_dags/example_latest_only_with_trigger.py
[2024-12-20T04:46:23.911+0000] {logging_mixin.py:188} INFO - [2024-12-20T04:46:23.910+0000] {dag.py:3089} INFO - Sync 1 DAGs
[2024-12-20T04:46:23.934+0000] {logging_mixin.py:188} INFO - [2024-12-20T04:46:23.933+0000] {dag.py:3947} INFO - Setting next_dagrun for latest_only_with_trigger to 2024-12-20 00:00:00+00:00, run_after=2024-12-20 04:00:00+00:00
[2024-12-20T04:46:23.951+0000] {processor.py:183} INFO - Processing /home/airflow/.local/lib/python3.12/site-packages/airflow/example_dags/example_latest_only_with_trigger.py took 0.136 seconds
[2024-12-20T04:46:54.147+0000] {processor.py:161} INFO - Started process (PID=3565) to work on /home/airflow/.local/lib/python3.12/site-packages/airflow/example_dags/example_latest_only_with_trigger.py
[2024-12-20T04:46:54.149+0000] {processor.py:830} INFO - Processing file /home/airflow/.local/lib/python3.12/site-packages/airflow/example_dags/example_latest_only_with_trigger.py for tasks to queue
[2024-12-20T04:46:54.154+0000] {logging_mixin.py:188} INFO - [2024-12-20T04:46:54.153+0000] {dagbag.py:545} INFO - Filling up the DagBag from /home/airflow/.local/lib/python3.12/site-packages/airflow/example_dags/example_latest_only_with_trigger.py
[2024-12-20T04:46:54.164+0000] {processor.py:840} INFO - DAG(s) 'latest_only_with_trigger' retrieved from /home/airflow/.local/lib/python3.12/site-packages/airflow/example_dags/example_latest_only_with_trigger.py
[2024-12-20T04:46:54.205+0000] {logging_mixin.py:188} INFO - [2024-12-20T04:46:54.205+0000] {dag.py:3089} INFO - Sync 1 DAGs
[2024-12-20T04:46:54.226+0000] {logging_mixin.py:188} INFO - [2024-12-20T04:46:54.226+0000] {dag.py:3947} INFO - Setting next_dagrun for latest_only_with_trigger to 2024-12-20 00:00:00+00:00, run_after=2024-12-20 04:00:00+00:00
[2024-12-20T04:46:54.247+0000] {processor.py:183} INFO - Processing /home/airflow/.local/lib/python3.12/site-packages/airflow/example_dags/example_latest_only_with_trigger.py took 0.111 seconds
[2024-12-20T04:47:24.578+0000] {processor.py:161} INFO - Started process (PID=3842) to work on /home/airflow/.local/lib/python3.12/site-packages/airflow/example_dags/example_latest_only_with_trigger.py
[2024-12-20T04:47:24.579+0000] {processor.py:830} INFO - Processing file /home/airflow/.local/lib/python3.12/site-packages/airflow/example_dags/example_latest_only_with_trigger.py for tasks to queue
[2024-12-20T04:47:24.582+0000] {logging_mixin.py:188} INFO - [2024-12-20T04:47:24.581+0000] {dagbag.py:545} INFO - Filling up the DagBag from /home/airflow/.local/lib/python3.12/site-packages/airflow/example_dags/example_latest_only_with_trigger.py
[2024-12-20T04:47:24.588+0000] {processor.py:840} INFO - DAG(s) 'latest_only_with_trigger' retrieved from /home/airflow/.local/lib/python3.12/site-packages/airflow/example_dags/example_latest_only_with_trigger.py
[2024-12-20T04:47:24.606+0000] {logging_mixin.py:188} INFO - [2024-12-20T04:47:24.606+0000] {dag.py:3089} INFO - Sync 1 DAGs
[2024-12-20T04:47:24.621+0000] {logging_mixin.py:188} INFO - [2024-12-20T04:47:24.621+0000] {dag.py:3947} INFO - Setting next_dagrun for latest_only_with_trigger to 2024-12-20 00:00:00+00:00, run_after=2024-12-20 04:00:00+00:00
[2024-12-20T04:47:24.631+0000] {processor.py:183} INFO - Processing /home/airflow/.local/lib/python3.12/site-packages/airflow/example_dags/example_latest_only_with_trigger.py took 0.061 seconds
