[2024-12-20T04:27:34.355+0000] {processor.py:161} INFO - Started process (PID=326) to work on /home/airflow/.local/lib/python3.12/site-packages/airflow/example_dags/example_params_ui_tutorial.py
[2024-12-20T04:27:34.359+0000] {processor.py:830} INFO - Processing file /home/airflow/.local/lib/python3.12/site-packages/airflow/example_dags/example_params_ui_tutorial.py for tasks to queue
[2024-12-20T04:27:34.385+0000] {logging_mixin.py:188} INFO - [2024-12-20T04:27:34.385+0000] {dagbag.py:545} INFO - Filling up the DagBag from /home/airflow/.local/lib/python3.12/site-packages/airflow/example_dags/example_params_ui_tutorial.py
[2024-12-20T04:27:34.416+0000] {processor.py:840} INFO - DAG(s) 'example_params_ui_tutorial' retrieved from /home/airflow/.local/lib/python3.12/site-packages/airflow/example_dags/example_params_ui_tutorial.py
[2024-12-20T04:27:41.198+0000] {logging_mixin.py:188} INFO - [2024-12-20T04:27:41.188+0000] {process_utils.py:263} INFO - Waiting up to 5 seconds for processes to exit...
[2024-12-20T04:30:02.435+0000] {processor.py:161} INFO - Started process (PID=322) to work on /home/airflow/.local/lib/python3.12/site-packages/airflow/example_dags/example_params_ui_tutorial.py
[2024-12-20T04:30:02.438+0000] {processor.py:830} INFO - Processing file /home/airflow/.local/lib/python3.12/site-packages/airflow/example_dags/example_params_ui_tutorial.py for tasks to queue
[2024-12-20T04:30:02.440+0000] {logging_mixin.py:188} INFO - [2024-12-20T04:30:02.440+0000] {dagbag.py:545} INFO - Filling up the DagBag from /home/airflow/.local/lib/python3.12/site-packages/airflow/example_dags/example_params_ui_tutorial.py
[2024-12-20T04:30:02.456+0000] {processor.py:840} INFO - DAG(s) 'example_params_ui_tutorial' retrieved from /home/airflow/.local/lib/python3.12/site-packages/airflow/example_dags/example_params_ui_tutorial.py
[2024-12-20T04:30:02.608+0000] {logging_mixin.py:188} INFO - [2024-12-20T04:30:02.607+0000] {dag.py:3089} INFO - Sync 1 DAGs
[2024-12-20T04:30:02.615+0000] {logging_mixin.py:188} INFO - [2024-12-20T04:30:02.615+0000] {dag.py:3947} INFO - Setting next_dagrun for example_params_ui_tutorial to None, run_after=None
[2024-12-20T04:30:02.645+0000] {processor.py:183} INFO - Processing /home/airflow/.local/lib/python3.12/site-packages/airflow/example_dags/example_params_ui_tutorial.py took 0.218 seconds
[2024-12-20T04:37:17.936+0000] {processor.py:161} INFO - Started process (PID=323) to work on /home/airflow/.local/lib/python3.12/site-packages/airflow/example_dags/example_params_ui_tutorial.py
[2024-12-20T04:37:17.941+0000] {processor.py:830} INFO - Processing file /home/airflow/.local/lib/python3.12/site-packages/airflow/example_dags/example_params_ui_tutorial.py for tasks to queue
[2024-12-20T04:37:17.964+0000] {logging_mixin.py:188} INFO - [2024-12-20T04:37:17.963+0000] {dagbag.py:545} INFO - Filling up the DagBag from /home/airflow/.local/lib/python3.12/site-packages/airflow/example_dags/example_params_ui_tutorial.py
[2024-12-20T04:37:17.997+0000] {processor.py:840} INFO - DAG(s) 'example_params_ui_tutorial' retrieved from /home/airflow/.local/lib/python3.12/site-packages/airflow/example_dags/example_params_ui_tutorial.py
[2024-12-20T04:37:18.023+0000] {logging_mixin.py:188} INFO - [2024-12-20T04:37:18.023+0000] {dag.py:3089} INFO - Sync 1 DAGs
[2024-12-20T04:37:18.036+0000] {logging_mixin.py:188} INFO - [2024-12-20T04:37:18.035+0000] {dag.py:3947} INFO - Setting next_dagrun for example_params_ui_tutorial to None, run_after=None
[2024-12-20T04:37:18.053+0000] {processor.py:183} INFO - Processing /home/airflow/.local/lib/python3.12/site-packages/airflow/example_dags/example_params_ui_tutorial.py took 0.125 seconds
[2024-12-20T04:38:55.683+0000] {processor.py:161} INFO - Started process (PID=732) to work on /home/airflow/.local/lib/python3.12/site-packages/airflow/example_dags/example_params_ui_tutorial.py
[2024-12-20T04:38:55.684+0000] {processor.py:830} INFO - Processing file /home/airflow/.local/lib/python3.12/site-packages/airflow/example_dags/example_params_ui_tutorial.py for tasks to queue
[2024-12-20T04:38:55.685+0000] {logging_mixin.py:188} INFO - [2024-12-20T04:38:55.685+0000] {dagbag.py:545} INFO - Filling up the DagBag from /home/airflow/.local/lib/python3.12/site-packages/airflow/example_dags/example_params_ui_tutorial.py
[2024-12-20T04:38:55.692+0000] {processor.py:840} INFO - DAG(s) 'example_params_ui_tutorial' retrieved from /home/airflow/.local/lib/python3.12/site-packages/airflow/example_dags/example_params_ui_tutorial.py
[2024-12-20T04:38:55.790+0000] {logging_mixin.py:188} INFO - [2024-12-20T04:38:55.789+0000] {dag.py:3089} INFO - Sync 1 DAGs
[2024-12-20T04:38:55.797+0000] {logging_mixin.py:188} INFO - [2024-12-20T04:38:55.797+0000] {dag.py:3947} INFO - Setting next_dagrun for example_params_ui_tutorial to None, run_after=None
[2024-12-20T04:38:55.809+0000] {processor.py:183} INFO - Processing /home/airflow/.local/lib/python3.12/site-packages/airflow/example_dags/example_params_ui_tutorial.py took 0.130 seconds
[2024-12-20T04:39:26.255+0000] {processor.py:161} INFO - Started process (PID=1009) to work on /home/airflow/.local/lib/python3.12/site-packages/airflow/example_dags/example_params_ui_tutorial.py
[2024-12-20T04:39:26.256+0000] {processor.py:830} INFO - Processing file /home/airflow/.local/lib/python3.12/site-packages/airflow/example_dags/example_params_ui_tutorial.py for tasks to queue
[2024-12-20T04:39:26.257+0000] {logging_mixin.py:188} INFO - [2024-12-20T04:39:26.257+0000] {dagbag.py:545} INFO - Filling up the DagBag from /home/airflow/.local/lib/python3.12/site-packages/airflow/example_dags/example_params_ui_tutorial.py
[2024-12-20T04:39:26.264+0000] {processor.py:840} INFO - DAG(s) 'example_params_ui_tutorial' retrieved from /home/airflow/.local/lib/python3.12/site-packages/airflow/example_dags/example_params_ui_tutorial.py
[2024-12-20T04:39:26.308+0000] {logging_mixin.py:188} INFO - [2024-12-20T04:39:26.308+0000] {dag.py:3089} INFO - Sync 1 DAGs
[2024-12-20T04:39:26.316+0000] {logging_mixin.py:188} INFO - [2024-12-20T04:39:26.316+0000] {dag.py:3947} INFO - Setting next_dagrun for example_params_ui_tutorial to None, run_after=None
[2024-12-20T04:39:26.325+0000] {processor.py:183} INFO - Processing /home/airflow/.local/lib/python3.12/site-packages/airflow/example_dags/example_params_ui_tutorial.py took 0.074 seconds
[2024-12-20T04:39:57.220+0000] {processor.py:161} INFO - Started process (PID=1288) to work on /home/airflow/.local/lib/python3.12/site-packages/airflow/example_dags/example_params_ui_tutorial.py
[2024-12-20T04:39:57.221+0000] {processor.py:830} INFO - Processing file /home/airflow/.local/lib/python3.12/site-packages/airflow/example_dags/example_params_ui_tutorial.py for tasks to queue
[2024-12-20T04:39:57.222+0000] {logging_mixin.py:188} INFO - [2024-12-20T04:39:57.222+0000] {dagbag.py:545} INFO - Filling up the DagBag from /home/airflow/.local/lib/python3.12/site-packages/airflow/example_dags/example_params_ui_tutorial.py
[2024-12-20T04:39:57.228+0000] {processor.py:840} INFO - DAG(s) 'example_params_ui_tutorial' retrieved from /home/airflow/.local/lib/python3.12/site-packages/airflow/example_dags/example_params_ui_tutorial.py
[2024-12-20T04:39:57.260+0000] {logging_mixin.py:188} INFO - [2024-12-20T04:39:57.260+0000] {dag.py:3089} INFO - Sync 1 DAGs
[2024-12-20T04:39:57.266+0000] {logging_mixin.py:188} INFO - [2024-12-20T04:39:57.266+0000] {dag.py:3947} INFO - Setting next_dagrun for example_params_ui_tutorial to None, run_after=None
[2024-12-20T04:39:57.276+0000] {processor.py:183} INFO - Processing /home/airflow/.local/lib/python3.12/site-packages/airflow/example_dags/example_params_ui_tutorial.py took 0.062 seconds
[2024-12-20T04:41:32.015+0000] {processor.py:161} INFO - Started process (PID=1657) to work on /home/airflow/.local/lib/python3.12/site-packages/airflow/example_dags/example_params_ui_tutorial.py
[2024-12-20T04:41:32.131+0000] {processor.py:830} INFO - Processing file /home/airflow/.local/lib/python3.12/site-packages/airflow/example_dags/example_params_ui_tutorial.py for tasks to queue
[2024-12-20T04:41:32.316+0000] {logging_mixin.py:188} INFO - [2024-12-20T04:41:32.267+0000] {dagbag.py:545} INFO - Filling up the DagBag from /home/airflow/.local/lib/python3.12/site-packages/airflow/example_dags/example_params_ui_tutorial.py
[2024-12-20T04:41:32.415+0000] {processor.py:840} INFO - DAG(s) 'example_params_ui_tutorial' retrieved from /home/airflow/.local/lib/python3.12/site-packages/airflow/example_dags/example_params_ui_tutorial.py
[2024-12-20T04:41:33.864+0000] {logging_mixin.py:188} INFO - [2024-12-20T04:41:33.860+0000] {dag.py:3089} INFO - Sync 1 DAGs
[2024-12-20T04:41:33.959+0000] {logging_mixin.py:188} INFO - [2024-12-20T04:41:33.959+0000] {dag.py:3947} INFO - Setting next_dagrun for example_params_ui_tutorial to None, run_after=None
[2024-12-20T04:41:35.188+0000] {processor.py:183} INFO - Processing /home/airflow/.local/lib/python3.12/site-packages/airflow/example_dags/example_params_ui_tutorial.py took 3.679 seconds
[2024-12-20T04:42:13.986+0000] {processor.py:161} INFO - Started process (PID=1980) to work on /home/airflow/.local/lib/python3.12/site-packages/airflow/example_dags/example_params_ui_tutorial.py
[2024-12-20T04:42:13.995+0000] {processor.py:830} INFO - Processing file /home/airflow/.local/lib/python3.12/site-packages/airflow/example_dags/example_params_ui_tutorial.py for tasks to queue
[2024-12-20T04:42:14.017+0000] {logging_mixin.py:188} INFO - [2024-12-20T04:42:14.004+0000] {dagbag.py:545} INFO - Filling up the DagBag from /home/airflow/.local/lib/python3.12/site-packages/airflow/example_dags/example_params_ui_tutorial.py
[2024-12-20T04:42:14.364+0000] {processor.py:840} INFO - DAG(s) 'example_params_ui_tutorial' retrieved from /home/airflow/.local/lib/python3.12/site-packages/airflow/example_dags/example_params_ui_tutorial.py
[2024-12-20T04:42:14.688+0000] {logging_mixin.py:188} INFO - [2024-12-20T04:42:14.686+0000] {dag.py:3089} INFO - Sync 1 DAGs
[2024-12-20T04:42:14.736+0000] {logging_mixin.py:188} INFO - [2024-12-20T04:42:14.736+0000] {dag.py:3947} INFO - Setting next_dagrun for example_params_ui_tutorial to None, run_after=None
[2024-12-20T04:42:14.805+0000] {processor.py:183} INFO - Processing /home/airflow/.local/lib/python3.12/site-packages/airflow/example_dags/example_params_ui_tutorial.py took 0.853 seconds
[2024-12-20T04:42:59.303+0000] {processor.py:161} INFO - Started process (PID=2277) to work on /home/airflow/.local/lib/python3.12/site-packages/airflow/example_dags/example_params_ui_tutorial.py
[2024-12-20T04:42:59.304+0000] {processor.py:830} INFO - Processing file /home/airflow/.local/lib/python3.12/site-packages/airflow/example_dags/example_params_ui_tutorial.py for tasks to queue
[2024-12-20T04:42:59.307+0000] {logging_mixin.py:188} INFO - [2024-12-20T04:42:59.306+0000] {dagbag.py:545} INFO - Filling up the DagBag from /home/airflow/.local/lib/python3.12/site-packages/airflow/example_dags/example_params_ui_tutorial.py
[2024-12-20T04:42:59.315+0000] {processor.py:840} INFO - DAG(s) 'example_params_ui_tutorial' retrieved from /home/airflow/.local/lib/python3.12/site-packages/airflow/example_dags/example_params_ui_tutorial.py
[2024-12-20T04:42:59.366+0000] {logging_mixin.py:188} INFO - [2024-12-20T04:42:59.366+0000] {dag.py:3089} INFO - Sync 1 DAGs
[2024-12-20T04:42:59.403+0000] {logging_mixin.py:188} INFO - [2024-12-20T04:42:59.403+0000] {dag.py:3947} INFO - Setting next_dagrun for example_params_ui_tutorial to None, run_after=None
[2024-12-20T04:42:59.430+0000] {processor.py:183} INFO - Processing /home/airflow/.local/lib/python3.12/site-packages/airflow/example_dags/example_params_ui_tutorial.py took 0.136 seconds
[2024-12-20T04:44:24.224+0000] {processor.py:161} INFO - Started process (PID=2634) to work on /home/airflow/.local/lib/python3.12/site-packages/airflow/example_dags/example_params_ui_tutorial.py
[2024-12-20T04:44:24.258+0000] {processor.py:830} INFO - Processing file /home/airflow/.local/lib/python3.12/site-packages/airflow/example_dags/example_params_ui_tutorial.py for tasks to queue
[2024-12-20T04:44:24.288+0000] {logging_mixin.py:188} INFO - [2024-12-20T04:44:24.287+0000] {dagbag.py:545} INFO - Filling up the DagBag from /home/airflow/.local/lib/python3.12/site-packages/airflow/example_dags/example_params_ui_tutorial.py
[2024-12-20T04:44:24.405+0000] {processor.py:840} INFO - DAG(s) 'example_params_ui_tutorial' retrieved from /home/airflow/.local/lib/python3.12/site-packages/airflow/example_dags/example_params_ui_tutorial.py
[2024-12-20T04:44:25.306+0000] {logging_mixin.py:188} INFO - [2024-12-20T04:44:25.275+0000] {dag.py:3089} INFO - Sync 1 DAGs
[2024-12-20T04:44:25.618+0000] {logging_mixin.py:188} INFO - [2024-12-20T04:44:25.586+0000] {dag.py:3947} INFO - Setting next_dagrun for example_params_ui_tutorial to None, run_after=None
[2024-12-20T04:44:25.838+0000] {processor.py:183} INFO - Processing /home/airflow/.local/lib/python3.12/site-packages/airflow/example_dags/example_params_ui_tutorial.py took 1.778 seconds
[2024-12-20T04:44:56.664+0000] {processor.py:161} INFO - Started process (PID=2960) to work on /home/airflow/.local/lib/python3.12/site-packages/airflow/example_dags/example_params_ui_tutorial.py
[2024-12-20T04:44:56.678+0000] {processor.py:830} INFO - Processing file /home/airflow/.local/lib/python3.12/site-packages/airflow/example_dags/example_params_ui_tutorial.py for tasks to queue
[2024-12-20T04:44:56.704+0000] {logging_mixin.py:188} INFO - [2024-12-20T04:44:56.703+0000] {dagbag.py:545} INFO - Filling up the DagBag from /home/airflow/.local/lib/python3.12/site-packages/airflow/example_dags/example_params_ui_tutorial.py
[2024-12-20T04:44:56.767+0000] {processor.py:840} INFO - DAG(s) 'example_params_ui_tutorial' retrieved from /home/airflow/.local/lib/python3.12/site-packages/airflow/example_dags/example_params_ui_tutorial.py
[2024-12-20T04:44:57.177+0000] {logging_mixin.py:188} INFO - [2024-12-20T04:44:57.176+0000] {dag.py:3089} INFO - Sync 1 DAGs
[2024-12-20T04:44:57.406+0000] {logging_mixin.py:188} INFO - [2024-12-20T04:44:57.405+0000] {dag.py:3947} INFO - Setting next_dagrun for example_params_ui_tutorial to None, run_after=None
[2024-12-20T04:44:57.781+0000] {processor.py:183} INFO - Processing /home/airflow/.local/lib/python3.12/site-packages/airflow/example_dags/example_params_ui_tutorial.py took 1.328 seconds
[2024-12-20T04:45:59.340+0000] {processor.py:161} INFO - Started process (PID=3169) to work on /home/airflow/.local/lib/python3.12/site-packages/airflow/example_dags/example_params_ui_tutorial.py
[2024-12-20T04:45:59.341+0000] {processor.py:830} INFO - Processing file /home/airflow/.local/lib/python3.12/site-packages/airflow/example_dags/example_params_ui_tutorial.py for tasks to queue
[2024-12-20T04:45:59.342+0000] {logging_mixin.py:188} INFO - [2024-12-20T04:45:59.342+0000] {dagbag.py:545} INFO - Filling up the DagBag from /home/airflow/.local/lib/python3.12/site-packages/airflow/example_dags/example_params_ui_tutorial.py
[2024-12-20T04:45:59.346+0000] {processor.py:840} INFO - DAG(s) 'example_params_ui_tutorial' retrieved from /home/airflow/.local/lib/python3.12/site-packages/airflow/example_dags/example_params_ui_tutorial.py
[2024-12-20T04:45:59.418+0000] {logging_mixin.py:188} INFO - [2024-12-20T04:45:59.417+0000] {dag.py:3089} INFO - Sync 1 DAGs
[2024-12-20T04:45:59.441+0000] {logging_mixin.py:188} INFO - [2024-12-20T04:45:59.440+0000] {dag.py:3947} INFO - Setting next_dagrun for example_params_ui_tutorial to None, run_after=None
[2024-12-20T04:45:59.462+0000] {processor.py:183} INFO - Processing /home/airflow/.local/lib/python3.12/site-packages/airflow/example_dags/example_params_ui_tutorial.py took 0.126 seconds
[2024-12-20T04:46:30.123+0000] {processor.py:161} INFO - Started process (PID=3446) to work on /home/airflow/.local/lib/python3.12/site-packages/airflow/example_dags/example_params_ui_tutorial.py
[2024-12-20T04:46:30.124+0000] {processor.py:830} INFO - Processing file /home/airflow/.local/lib/python3.12/site-packages/airflow/example_dags/example_params_ui_tutorial.py for tasks to queue
[2024-12-20T04:46:30.125+0000] {logging_mixin.py:188} INFO - [2024-12-20T04:46:30.125+0000] {dagbag.py:545} INFO - Filling up the DagBag from /home/airflow/.local/lib/python3.12/site-packages/airflow/example_dags/example_params_ui_tutorial.py
[2024-12-20T04:46:30.129+0000] {processor.py:840} INFO - DAG(s) 'example_params_ui_tutorial' retrieved from /home/airflow/.local/lib/python3.12/site-packages/airflow/example_dags/example_params_ui_tutorial.py
[2024-12-20T04:46:30.168+0000] {logging_mixin.py:188} INFO - [2024-12-20T04:46:30.167+0000] {dag.py:3089} INFO - Sync 1 DAGs
[2024-12-20T04:46:30.186+0000] {logging_mixin.py:188} INFO - [2024-12-20T04:46:30.186+0000] {dag.py:3947} INFO - Setting next_dagrun for example_params_ui_tutorial to None, run_after=None
[2024-12-20T04:46:30.201+0000] {processor.py:183} INFO - Processing /home/airflow/.local/lib/python3.12/site-packages/airflow/example_dags/example_params_ui_tutorial.py took 0.083 seconds
[2024-12-20T04:47:00.688+0000] {processor.py:161} INFO - Started process (PID=3723) to work on /home/airflow/.local/lib/python3.12/site-packages/airflow/example_dags/example_params_ui_tutorial.py
[2024-12-20T04:47:00.689+0000] {processor.py:830} INFO - Processing file /home/airflow/.local/lib/python3.12/site-packages/airflow/example_dags/example_params_ui_tutorial.py for tasks to queue
[2024-12-20T04:47:00.692+0000] {logging_mixin.py:188} INFO - [2024-12-20T04:47:00.691+0000] {dagbag.py:545} INFO - Filling up the DagBag from /home/airflow/.local/lib/python3.12/site-packages/airflow/example_dags/example_params_ui_tutorial.py
[2024-12-20T04:47:00.708+0000] {processor.py:840} INFO - DAG(s) 'example_params_ui_tutorial' retrieved from /home/airflow/.local/lib/python3.12/site-packages/airflow/example_dags/example_params_ui_tutorial.py
[2024-12-20T04:47:00.740+0000] {logging_mixin.py:188} INFO - [2024-12-20T04:47:00.740+0000] {dag.py:3089} INFO - Sync 1 DAGs
[2024-12-20T04:47:00.753+0000] {logging_mixin.py:188} INFO - [2024-12-20T04:47:00.753+0000] {dag.py:3947} INFO - Setting next_dagrun for example_params_ui_tutorial to None, run_after=None
[2024-12-20T04:47:00.770+0000] {processor.py:183} INFO - Processing /home/airflow/.local/lib/python3.12/site-packages/airflow/example_dags/example_params_ui_tutorial.py took 0.086 seconds
