[2024-12-20T04:27:09.351+0000] {processor.py:161} INFO - Started process (PID=196) to work on /home/airflow/.local/lib/python3.12/site-packages/airflow/example_dags/example_xcomargs.py
[2024-12-20T04:27:09.358+0000] {processor.py:830} INFO - Processing file /home/airflow/.local/lib/python3.12/site-packages/airflow/example_dags/example_xcomargs.py for tasks to queue
[2024-12-20T04:27:09.371+0000] {logging_mixin.py:188} INFO - [2024-12-20T04:27:09.370+0000] {dagbag.py:545} INFO - Filling up the DagBag from /home/airflow/.local/lib/python3.12/site-packages/airflow/example_dags/example_xcomargs.py
[2024-12-20T04:27:09.391+0000] {processor.py:840} INFO - DAG(s) 'example_xcom_args_with_operators', 'example_xcom_args' retrieved from /home/airflow/.local/lib/python3.12/site-packages/airflow/example_dags/example_xcomargs.py
[2024-12-20T04:27:09.997+0000] {logging_mixin.py:188} INFO - [2024-12-20T04:27:09.997+0000] {dag.py:3089} INFO - Sync 2 DAGs
[2024-12-20T04:27:10.104+0000] {logging_mixin.py:188} INFO - [2024-12-20T04:27:10.102+0000] {dag.py:3947} INFO - Setting next_dagrun for example_xcom_args to None, run_after=None
[2024-12-20T04:27:10.116+0000] {logging_mixin.py:188} INFO - [2024-12-20T04:27:10.116+0000] {dag.py:3947} INFO - Setting next_dagrun for example_xcom_args_with_operators to None, run_after=None
[2024-12-20T04:27:10.146+0000] {processor.py:183} INFO - Processing /home/airflow/.local/lib/python3.12/site-packages/airflow/example_dags/example_xcomargs.py took 0.809 seconds
[2024-12-20T04:29:55.787+0000] {processor.py:161} INFO - Started process (PID=192) to work on /home/airflow/.local/lib/python3.12/site-packages/airflow/example_dags/example_xcomargs.py
[2024-12-20T04:29:55.788+0000] {processor.py:830} INFO - Processing file /home/airflow/.local/lib/python3.12/site-packages/airflow/example_dags/example_xcomargs.py for tasks to queue
[2024-12-20T04:29:55.791+0000] {logging_mixin.py:188} INFO - [2024-12-20T04:29:55.790+0000] {dagbag.py:545} INFO - Filling up the DagBag from /home/airflow/.local/lib/python3.12/site-packages/airflow/example_dags/example_xcomargs.py
[2024-12-20T04:29:55.838+0000] {processor.py:840} INFO - DAG(s) 'example_xcom_args_with_operators', 'example_xcom_args' retrieved from /home/airflow/.local/lib/python3.12/site-packages/airflow/example_dags/example_xcomargs.py
[2024-12-20T04:29:56.459+0000] {logging_mixin.py:188} INFO - [2024-12-20T04:29:56.459+0000] {dag.py:3089} INFO - Sync 2 DAGs
[2024-12-20T04:29:56.480+0000] {logging_mixin.py:188} INFO - [2024-12-20T04:29:56.480+0000] {dag.py:3947} INFO - Setting next_dagrun for example_xcom_args to None, run_after=None
[2024-12-20T04:29:56.508+0000] {logging_mixin.py:188} INFO - [2024-12-20T04:29:56.508+0000] {dag.py:3947} INFO - Setting next_dagrun for example_xcom_args_with_operators to None, run_after=None
[2024-12-20T04:29:56.643+0000] {processor.py:183} INFO - Processing /home/airflow/.local/lib/python3.12/site-packages/airflow/example_dags/example_xcomargs.py took 0.866 seconds
[2024-12-20T04:37:14.094+0000] {processor.py:161} INFO - Started process (PID=187) to work on /home/airflow/.local/lib/python3.12/site-packages/airflow/example_dags/example_xcomargs.py
[2024-12-20T04:37:14.095+0000] {processor.py:830} INFO - Processing file /home/airflow/.local/lib/python3.12/site-packages/airflow/example_dags/example_xcomargs.py for tasks to queue
[2024-12-20T04:37:14.097+0000] {logging_mixin.py:188} INFO - [2024-12-20T04:37:14.097+0000] {dagbag.py:545} INFO - Filling up the DagBag from /home/airflow/.local/lib/python3.12/site-packages/airflow/example_dags/example_xcomargs.py
[2024-12-20T04:37:14.112+0000] {processor.py:840} INFO - DAG(s) 'example_xcom_args', 'example_xcom_args_with_operators' retrieved from /home/airflow/.local/lib/python3.12/site-packages/airflow/example_dags/example_xcomargs.py
[2024-12-20T04:37:14.127+0000] {logging_mixin.py:188} INFO - [2024-12-20T04:37:14.127+0000] {dag.py:3089} INFO - Sync 2 DAGs
[2024-12-20T04:37:14.140+0000] {logging_mixin.py:188} INFO - [2024-12-20T04:37:14.140+0000] {dag.py:3947} INFO - Setting next_dagrun for example_xcom_args to None, run_after=None
[2024-12-20T04:37:14.143+0000] {logging_mixin.py:188} INFO - [2024-12-20T04:37:14.143+0000] {dag.py:3947} INFO - Setting next_dagrun for example_xcom_args_with_operators to None, run_after=None
[2024-12-20T04:37:14.157+0000] {processor.py:183} INFO - Processing /home/airflow/.local/lib/python3.12/site-packages/airflow/example_dags/example_xcomargs.py took 0.088 seconds
[2024-12-20T04:38:13.451+0000] {processor.py:161} INFO - Started process (PID=507) to work on /home/airflow/.local/lib/python3.12/site-packages/airflow/example_dags/example_xcomargs.py
[2024-12-20T04:38:13.453+0000] {processor.py:830} INFO - Processing file /home/airflow/.local/lib/python3.12/site-packages/airflow/example_dags/example_xcomargs.py for tasks to queue
[2024-12-20T04:38:13.456+0000] {logging_mixin.py:188} INFO - [2024-12-20T04:38:13.456+0000] {dagbag.py:545} INFO - Filling up the DagBag from /home/airflow/.local/lib/python3.12/site-packages/airflow/example_dags/example_xcomargs.py
[2024-12-20T04:38:13.486+0000] {processor.py:840} INFO - DAG(s) 'example_xcom_args', 'example_xcom_args_with_operators' retrieved from /home/airflow/.local/lib/python3.12/site-packages/airflow/example_dags/example_xcomargs.py
[2024-12-20T04:38:13.926+0000] {logging_mixin.py:188} INFO - [2024-12-20T04:38:13.925+0000] {dag.py:3089} INFO - Sync 2 DAGs
[2024-12-20T04:38:13.968+0000] {logging_mixin.py:188} INFO - [2024-12-20T04:38:13.968+0000] {dag.py:3947} INFO - Setting next_dagrun for example_xcom_args to None, run_after=None
[2024-12-20T04:38:13.979+0000] {logging_mixin.py:188} INFO - [2024-12-20T04:38:13.979+0000] {dag.py:3947} INFO - Setting next_dagrun for example_xcom_args_with_operators to None, run_after=None
[2024-12-20T04:38:14.080+0000] {processor.py:183} INFO - Processing /home/airflow/.local/lib/python3.12/site-packages/airflow/example_dags/example_xcomargs.py took 0.641 seconds
[2024-12-20T04:38:53.806+0000] {processor.py:161} INFO - Started process (PID=637) to work on /home/airflow/.local/lib/python3.12/site-packages/airflow/example_dags/example_xcomargs.py
[2024-12-20T04:38:53.808+0000] {processor.py:830} INFO - Processing file /home/airflow/.local/lib/python3.12/site-packages/airflow/example_dags/example_xcomargs.py for tasks to queue
[2024-12-20T04:38:53.810+0000] {logging_mixin.py:188} INFO - [2024-12-20T04:38:53.809+0000] {dagbag.py:545} INFO - Filling up the DagBag from /home/airflow/.local/lib/python3.12/site-packages/airflow/example_dags/example_xcomargs.py
[2024-12-20T04:38:53.832+0000] {processor.py:840} INFO - DAG(s) 'example_xcom_args_with_operators', 'example_xcom_args' retrieved from /home/airflow/.local/lib/python3.12/site-packages/airflow/example_dags/example_xcomargs.py
[2024-12-20T04:38:53.854+0000] {logging_mixin.py:188} INFO - [2024-12-20T04:38:53.854+0000] {dag.py:3089} INFO - Sync 2 DAGs
[2024-12-20T04:38:53.865+0000] {logging_mixin.py:188} INFO - [2024-12-20T04:38:53.864+0000] {dag.py:3947} INFO - Setting next_dagrun for example_xcom_args to None, run_after=None
[2024-12-20T04:38:53.868+0000] {logging_mixin.py:188} INFO - [2024-12-20T04:38:53.868+0000] {dag.py:3947} INFO - Setting next_dagrun for example_xcom_args_with_operators to None, run_after=None
[2024-12-20T04:38:53.883+0000] {processor.py:183} INFO - Processing /home/airflow/.local/lib/python3.12/site-packages/airflow/example_dags/example_xcomargs.py took 0.082 seconds
[2024-12-20T04:39:24.306+0000] {processor.py:161} INFO - Started process (PID=914) to work on /home/airflow/.local/lib/python3.12/site-packages/airflow/example_dags/example_xcomargs.py
[2024-12-20T04:39:24.307+0000] {processor.py:830} INFO - Processing file /home/airflow/.local/lib/python3.12/site-packages/airflow/example_dags/example_xcomargs.py for tasks to queue
[2024-12-20T04:39:24.308+0000] {logging_mixin.py:188} INFO - [2024-12-20T04:39:24.308+0000] {dagbag.py:545} INFO - Filling up the DagBag from /home/airflow/.local/lib/python3.12/site-packages/airflow/example_dags/example_xcomargs.py
[2024-12-20T04:39:24.314+0000] {processor.py:840} INFO - DAG(s) 'example_xcom_args', 'example_xcom_args_with_operators' retrieved from /home/airflow/.local/lib/python3.12/site-packages/airflow/example_dags/example_xcomargs.py
[2024-12-20T04:39:24.331+0000] {logging_mixin.py:188} INFO - [2024-12-20T04:39:24.331+0000] {dag.py:3089} INFO - Sync 2 DAGs
[2024-12-20T04:39:24.338+0000] {logging_mixin.py:188} INFO - [2024-12-20T04:39:24.338+0000] {dag.py:3947} INFO - Setting next_dagrun for example_xcom_args to None, run_after=None
[2024-12-20T04:39:24.341+0000] {logging_mixin.py:188} INFO - [2024-12-20T04:39:24.341+0000] {dag.py:3947} INFO - Setting next_dagrun for example_xcom_args_with_operators to None, run_after=None
[2024-12-20T04:39:24.354+0000] {processor.py:183} INFO - Processing /home/airflow/.local/lib/python3.12/site-packages/airflow/example_dags/example_xcomargs.py took 0.052 seconds
[2024-12-20T04:39:54.422+0000] {processor.py:161} INFO - Started process (PID=1191) to work on /home/airflow/.local/lib/python3.12/site-packages/airflow/example_dags/example_xcomargs.py
[2024-12-20T04:39:54.423+0000] {processor.py:830} INFO - Processing file /home/airflow/.local/lib/python3.12/site-packages/airflow/example_dags/example_xcomargs.py for tasks to queue
[2024-12-20T04:39:54.424+0000] {logging_mixin.py:188} INFO - [2024-12-20T04:39:54.424+0000] {dagbag.py:545} INFO - Filling up the DagBag from /home/airflow/.local/lib/python3.12/site-packages/airflow/example_dags/example_xcomargs.py
[2024-12-20T04:39:54.430+0000] {processor.py:840} INFO - DAG(s) 'example_xcom_args_with_operators', 'example_xcom_args' retrieved from /home/airflow/.local/lib/python3.12/site-packages/airflow/example_dags/example_xcomargs.py
[2024-12-20T04:39:54.449+0000] {logging_mixin.py:188} INFO - [2024-12-20T04:39:54.449+0000] {dag.py:3089} INFO - Sync 2 DAGs
[2024-12-20T04:39:54.456+0000] {logging_mixin.py:188} INFO - [2024-12-20T04:39:54.456+0000] {dag.py:3947} INFO - Setting next_dagrun for example_xcom_args to None, run_after=None
[2024-12-20T04:39:54.458+0000] {logging_mixin.py:188} INFO - [2024-12-20T04:39:54.458+0000] {dag.py:3947} INFO - Setting next_dagrun for example_xcom_args_with_operators to None, run_after=None
[2024-12-20T04:39:54.466+0000] {processor.py:183} INFO - Processing /home/airflow/.local/lib/python3.12/site-packages/airflow/example_dags/example_xcomargs.py took 0.047 seconds
[2024-12-20T04:40:39.325+0000] {processor.py:161} INFO - Started process (PID=1495) to work on /home/airflow/.local/lib/python3.12/site-packages/airflow/example_dags/example_xcomargs.py
[2024-12-20T04:40:39.330+0000] {processor.py:830} INFO - Processing file /home/airflow/.local/lib/python3.12/site-packages/airflow/example_dags/example_xcomargs.py for tasks to queue
[2024-12-20T04:40:39.393+0000] {logging_mixin.py:188} INFO - [2024-12-20T04:40:39.386+0000] {dagbag.py:545} INFO - Filling up the DagBag from /home/airflow/.local/lib/python3.12/site-packages/airflow/example_dags/example_xcomargs.py
[2024-12-20T04:40:39.660+0000] {processor.py:840} INFO - DAG(s) 'example_xcom_args', 'example_xcom_args_with_operators' retrieved from /home/airflow/.local/lib/python3.12/site-packages/airflow/example_dags/example_xcomargs.py
[2024-12-20T04:40:40.134+0000] {logging_mixin.py:188} INFO - [2024-12-20T04:40:40.127+0000] {dag.py:3089} INFO - Sync 2 DAGs
[2024-12-20T04:40:40.399+0000] {logging_mixin.py:188} INFO - [2024-12-20T04:40:40.396+0000] {dag.py:3947} INFO - Setting next_dagrun for example_xcom_args to None, run_after=None
[2024-12-20T04:40:40.440+0000] {logging_mixin.py:188} INFO - [2024-12-20T04:40:40.429+0000] {dag.py:3947} INFO - Setting next_dagrun for example_xcom_args_with_operators to None, run_after=None
[2024-12-20T04:40:41.329+0000] {processor.py:183} INFO - Processing /home/airflow/.local/lib/python3.12/site-packages/airflow/example_dags/example_xcomargs.py took 2.299 seconds
[2024-12-20T04:42:03.917+0000] {processor.py:161} INFO - Started process (PID=1798) to work on /home/airflow/.local/lib/python3.12/site-packages/airflow/example_dags/example_xcomargs.py
[2024-12-20T04:42:03.937+0000] {processor.py:830} INFO - Processing file /home/airflow/.local/lib/python3.12/site-packages/airflow/example_dags/example_xcomargs.py for tasks to queue
[2024-12-20T04:42:03.984+0000] {logging_mixin.py:188} INFO - [2024-12-20T04:42:03.983+0000] {dagbag.py:545} INFO - Filling up the DagBag from /home/airflow/.local/lib/python3.12/site-packages/airflow/example_dags/example_xcomargs.py
[2024-12-20T04:42:04.171+0000] {processor.py:840} INFO - DAG(s) 'example_xcom_args_with_operators', 'example_xcom_args' retrieved from /home/airflow/.local/lib/python3.12/site-packages/airflow/example_dags/example_xcomargs.py
[2024-12-20T04:42:04.324+0000] {logging_mixin.py:188} INFO - [2024-12-20T04:42:04.324+0000] {dag.py:3089} INFO - Sync 2 DAGs
[2024-12-20T04:42:04.420+0000] {logging_mixin.py:188} INFO - [2024-12-20T04:42:04.419+0000] {dag.py:3947} INFO - Setting next_dagrun for example_xcom_args to None, run_after=None
[2024-12-20T04:42:04.450+0000] {logging_mixin.py:188} INFO - [2024-12-20T04:42:04.449+0000] {dag.py:3947} INFO - Setting next_dagrun for example_xcom_args_with_operators to None, run_after=None
[2024-12-20T04:42:04.526+0000] {processor.py:183} INFO - Processing /home/airflow/.local/lib/python3.12/site-packages/airflow/example_dags/example_xcomargs.py took 0.736 seconds
[2024-12-20T04:42:50.226+0000] {processor.py:161} INFO - Started process (PID=2128) to work on /home/airflow/.local/lib/python3.12/site-packages/airflow/example_dags/example_xcomargs.py
[2024-12-20T04:42:50.231+0000] {processor.py:830} INFO - Processing file /home/airflow/.local/lib/python3.12/site-packages/airflow/example_dags/example_xcomargs.py for tasks to queue
[2024-12-20T04:42:50.246+0000] {logging_mixin.py:188} INFO - [2024-12-20T04:42:50.244+0000] {dagbag.py:545} INFO - Filling up the DagBag from /home/airflow/.local/lib/python3.12/site-packages/airflow/example_dags/example_xcomargs.py
[2024-12-20T04:42:50.760+0000] {processor.py:840} INFO - DAG(s) 'example_xcom_args_with_operators', 'example_xcom_args' retrieved from /home/airflow/.local/lib/python3.12/site-packages/airflow/example_dags/example_xcomargs.py
[2024-12-20T04:42:51.541+0000] {logging_mixin.py:188} INFO - [2024-12-20T04:42:51.537+0000] {dag.py:3089} INFO - Sync 2 DAGs
[2024-12-20T04:42:52.102+0000] {logging_mixin.py:188} INFO - [2024-12-20T04:42:52.037+0000] {dag.py:3947} INFO - Setting next_dagrun for example_xcom_args to None, run_after=None
[2024-12-20T04:42:52.179+0000] {logging_mixin.py:188} INFO - [2024-12-20T04:42:52.178+0000] {dag.py:3947} INFO - Setting next_dagrun for example_xcom_args_with_operators to None, run_after=None
[2024-12-20T04:42:52.436+0000] {processor.py:183} INFO - Processing /home/airflow/.local/lib/python3.12/site-packages/airflow/example_dags/example_xcomargs.py took 2.399 seconds
[2024-12-20T04:43:23.703+0000] {processor.py:161} INFO - Started process (PID=2442) to work on /home/airflow/.local/lib/python3.12/site-packages/airflow/example_dags/example_xcomargs.py
[2024-12-20T04:43:23.754+0000] {processor.py:830} INFO - Processing file /home/airflow/.local/lib/python3.12/site-packages/airflow/example_dags/example_xcomargs.py for tasks to queue
[2024-12-20T04:43:23.799+0000] {logging_mixin.py:188} INFO - [2024-12-20T04:43:23.796+0000] {dagbag.py:545} INFO - Filling up the DagBag from /home/airflow/.local/lib/python3.12/site-packages/airflow/example_dags/example_xcomargs.py
[2024-12-20T04:43:23.952+0000] {processor.py:840} INFO - DAG(s) 'example_xcom_args', 'example_xcom_args_with_operators' retrieved from /home/airflow/.local/lib/python3.12/site-packages/airflow/example_dags/example_xcomargs.py
[2024-12-20T04:43:24.989+0000] {logging_mixin.py:188} INFO - [2024-12-20T04:43:24.982+0000] {dag.py:3089} INFO - Sync 2 DAGs
[2024-12-20T04:43:25.262+0000] {logging_mixin.py:188} INFO - [2024-12-20T04:43:25.246+0000] {dag.py:3947} INFO - Setting next_dagrun for example_xcom_args to None, run_after=None
[2024-12-20T04:43:25.553+0000] {logging_mixin.py:188} INFO - [2024-12-20T04:43:25.537+0000] {dag.py:3947} INFO - Setting next_dagrun for example_xcom_args_with_operators to None, run_after=None
[2024-12-20T04:43:25.894+0000] {processor.py:183} INFO - Processing /home/airflow/.local/lib/python3.12/site-packages/airflow/example_dags/example_xcomargs.py took 2.688 seconds
[2024-12-20T04:44:37.519+0000] {processor.py:161} INFO - Started process (PID=2704) to work on /home/airflow/.local/lib/python3.12/site-packages/airflow/example_dags/example_xcomargs.py
[2024-12-20T04:44:37.540+0000] {processor.py:830} INFO - Processing file /home/airflow/.local/lib/python3.12/site-packages/airflow/example_dags/example_xcomargs.py for tasks to queue
[2024-12-20T04:44:37.602+0000] {logging_mixin.py:188} INFO - [2024-12-20T04:44:37.587+0000] {dagbag.py:545} INFO - Filling up the DagBag from /home/airflow/.local/lib/python3.12/site-packages/airflow/example_dags/example_xcomargs.py
[2024-12-20T04:44:37.830+0000] {processor.py:840} INFO - DAG(s) 'example_xcom_args_with_operators', 'example_xcom_args' retrieved from /home/airflow/.local/lib/python3.12/site-packages/airflow/example_dags/example_xcomargs.py
[2024-12-20T04:44:38.111+0000] {logging_mixin.py:188} INFO - [2024-12-20T04:44:38.106+0000] {dag.py:3089} INFO - Sync 2 DAGs
[2024-12-20T04:44:38.197+0000] {logging_mixin.py:188} INFO - [2024-12-20T04:44:38.196+0000] {dag.py:3947} INFO - Setting next_dagrun for example_xcom_args to None, run_after=None
[2024-12-20T04:44:38.211+0000] {logging_mixin.py:188} INFO - [2024-12-20T04:44:38.211+0000] {dag.py:3947} INFO - Setting next_dagrun for example_xcom_args_with_operators to None, run_after=None
[2024-12-20T04:44:38.321+0000] {processor.py:183} INFO - Processing /home/airflow/.local/lib/python3.12/site-packages/airflow/example_dags/example_xcomargs.py took 0.886 seconds
[2024-12-20T04:45:56.072+0000] {processor.py:161} INFO - Started process (PID=3037) to work on /home/airflow/.local/lib/python3.12/site-packages/airflow/example_dags/example_xcomargs.py
[2024-12-20T04:45:56.083+0000] {processor.py:830} INFO - Processing file /home/airflow/.local/lib/python3.12/site-packages/airflow/example_dags/example_xcomargs.py for tasks to queue
[2024-12-20T04:45:56.099+0000] {logging_mixin.py:188} INFO - [2024-12-20T04:45:56.097+0000] {dagbag.py:545} INFO - Filling up the DagBag from /home/airflow/.local/lib/python3.12/site-packages/airflow/example_dags/example_xcomargs.py
[2024-12-20T04:45:56.186+0000] {processor.py:840} INFO - DAG(s) 'example_xcom_args_with_operators', 'example_xcom_args' retrieved from /home/airflow/.local/lib/python3.12/site-packages/airflow/example_dags/example_xcomargs.py
[2024-12-20T04:45:56.281+0000] {logging_mixin.py:188} INFO - [2024-12-20T04:45:56.280+0000] {dag.py:3089} INFO - Sync 2 DAGs
[2024-12-20T04:45:56.299+0000] {logging_mixin.py:188} INFO - [2024-12-20T04:45:56.299+0000] {dag.py:3947} INFO - Setting next_dagrun for example_xcom_args to None, run_after=None
[2024-12-20T04:45:56.305+0000] {logging_mixin.py:188} INFO - [2024-12-20T04:45:56.305+0000] {dag.py:3947} INFO - Setting next_dagrun for example_xcom_args_with_operators to None, run_after=None
[2024-12-20T04:45:56.354+0000] {processor.py:183} INFO - Processing /home/airflow/.local/lib/python3.12/site-packages/airflow/example_dags/example_xcomargs.py took 0.339 seconds
[2024-12-20T04:46:27.183+0000] {processor.py:161} INFO - Started process (PID=3318) to work on /home/airflow/.local/lib/python3.12/site-packages/airflow/example_dags/example_xcomargs.py
[2024-12-20T04:46:27.184+0000] {processor.py:830} INFO - Processing file /home/airflow/.local/lib/python3.12/site-packages/airflow/example_dags/example_xcomargs.py for tasks to queue
[2024-12-20T04:46:27.186+0000] {logging_mixin.py:188} INFO - [2024-12-20T04:46:27.186+0000] {dagbag.py:545} INFO - Filling up the DagBag from /home/airflow/.local/lib/python3.12/site-packages/airflow/example_dags/example_xcomargs.py
[2024-12-20T04:46:27.193+0000] {processor.py:840} INFO - DAG(s) 'example_xcom_args_with_operators', 'example_xcom_args' retrieved from /home/airflow/.local/lib/python3.12/site-packages/airflow/example_dags/example_xcomargs.py
[2024-12-20T04:46:27.208+0000] {logging_mixin.py:188} INFO - [2024-12-20T04:46:27.208+0000] {dag.py:3089} INFO - Sync 2 DAGs
[2024-12-20T04:46:27.214+0000] {logging_mixin.py:188} INFO - [2024-12-20T04:46:27.214+0000] {dag.py:3947} INFO - Setting next_dagrun for example_xcom_args to None, run_after=None
[2024-12-20T04:46:27.216+0000] {logging_mixin.py:188} INFO - [2024-12-20T04:46:27.216+0000] {dag.py:3947} INFO - Setting next_dagrun for example_xcom_args_with_operators to None, run_after=None
[2024-12-20T04:46:27.225+0000] {processor.py:183} INFO - Processing /home/airflow/.local/lib/python3.12/site-packages/airflow/example_dags/example_xcomargs.py took 0.047 seconds
[2024-12-20T04:46:57.502+0000] {processor.py:161} INFO - Started process (PID=3595) to work on /home/airflow/.local/lib/python3.12/site-packages/airflow/example_dags/example_xcomargs.py
[2024-12-20T04:46:57.504+0000] {processor.py:830} INFO - Processing file /home/airflow/.local/lib/python3.12/site-packages/airflow/example_dags/example_xcomargs.py for tasks to queue
[2024-12-20T04:46:57.506+0000] {logging_mixin.py:188} INFO - [2024-12-20T04:46:57.505+0000] {dagbag.py:545} INFO - Filling up the DagBag from /home/airflow/.local/lib/python3.12/site-packages/airflow/example_dags/example_xcomargs.py
[2024-12-20T04:46:57.513+0000] {processor.py:840} INFO - DAG(s) 'example_xcom_args', 'example_xcom_args_with_operators' retrieved from /home/airflow/.local/lib/python3.12/site-packages/airflow/example_dags/example_xcomargs.py
[2024-12-20T04:46:57.535+0000] {logging_mixin.py:188} INFO - [2024-12-20T04:46:57.534+0000] {dag.py:3089} INFO - Sync 2 DAGs
[2024-12-20T04:46:57.550+0000] {logging_mixin.py:188} INFO - [2024-12-20T04:46:57.550+0000] {dag.py:3947} INFO - Setting next_dagrun for example_xcom_args to None, run_after=None
[2024-12-20T04:46:57.552+0000] {logging_mixin.py:188} INFO - [2024-12-20T04:46:57.552+0000] {dag.py:3947} INFO - Setting next_dagrun for example_xcom_args_with_operators to None, run_after=None
[2024-12-20T04:46:57.564+0000] {processor.py:183} INFO - Processing /home/airflow/.local/lib/python3.12/site-packages/airflow/example_dags/example_xcomargs.py took 0.068 seconds
[2024-12-20T04:47:27.916+0000] {processor.py:161} INFO - Started process (PID=3872) to work on /home/airflow/.local/lib/python3.12/site-packages/airflow/example_dags/example_xcomargs.py
[2024-12-20T04:47:27.917+0000] {processor.py:830} INFO - Processing file /home/airflow/.local/lib/python3.12/site-packages/airflow/example_dags/example_xcomargs.py for tasks to queue
[2024-12-20T04:47:27.918+0000] {logging_mixin.py:188} INFO - [2024-12-20T04:47:27.918+0000] {dagbag.py:545} INFO - Filling up the DagBag from /home/airflow/.local/lib/python3.12/site-packages/airflow/example_dags/example_xcomargs.py
[2024-12-20T04:47:27.924+0000] {processor.py:840} INFO - DAG(s) 'example_xcom_args', 'example_xcom_args_with_operators' retrieved from /home/airflow/.local/lib/python3.12/site-packages/airflow/example_dags/example_xcomargs.py
[2024-12-20T04:47:27.939+0000] {logging_mixin.py:188} INFO - [2024-12-20T04:47:27.939+0000] {dag.py:3089} INFO - Sync 2 DAGs
[2024-12-20T04:47:27.945+0000] {logging_mixin.py:188} INFO - [2024-12-20T04:47:27.945+0000] {dag.py:3947} INFO - Setting next_dagrun for example_xcom_args to None, run_after=None
[2024-12-20T04:47:27.947+0000] {logging_mixin.py:188} INFO - [2024-12-20T04:47:27.947+0000] {dag.py:3947} INFO - Setting next_dagrun for example_xcom_args_with_operators to None, run_after=None
[2024-12-20T04:47:27.957+0000] {processor.py:183} INFO - Processing /home/airflow/.local/lib/python3.12/site-packages/airflow/example_dags/example_xcomargs.py took 0.046 seconds
