[2024-12-20T04:30:04.748+0000] {processor.py:161} INFO - Started process (PID=390) to work on /home/airflow/.local/lib/python3.12/site-packages/airflow/example_dags/example_branch_python_dop_operator_3.py
[2024-12-20T04:30:04.749+0000] {processor.py:830} INFO - Processing file /home/airflow/.local/lib/python3.12/site-packages/airflow/example_dags/example_branch_python_dop_operator_3.py for tasks to queue
[2024-12-20T04:30:04.751+0000] {logging_mixin.py:188} INFO - [2024-12-20T04:30:04.750+0000] {dagbag.py:545} INFO - Filling up the DagBag from /home/airflow/.local/lib/python3.12/site-packages/airflow/example_dags/example_branch_python_dop_operator_3.py
[2024-12-20T04:30:04.761+0000] {processor.py:840} INFO - DAG(s) 'example_branch_dop_operator_v3' retrieved from /home/airflow/.local/lib/python3.12/site-packages/airflow/example_dags/example_branch_python_dop_operator_3.py
[2024-12-20T04:30:04.854+0000] {logging_mixin.py:188} INFO - [2024-12-20T04:30:04.854+0000] {dag.py:3089} INFO - Sync 1 DAGs
[2024-12-20T04:30:04.874+0000] {logging_mixin.py:188} INFO - [2024-12-20T04:30:04.873+0000] {dag.py:3947} INFO - Setting next_dagrun for example_branch_dop_operator_v3 to 2024-12-20 04:29:00+00:00, run_after=2024-12-20 04:30:00+00:00
[2024-12-20T04:30:04.894+0000] {processor.py:183} INFO - Processing /home/airflow/.local/lib/python3.12/site-packages/airflow/example_dags/example_branch_python_dop_operator_3.py took 0.151 seconds
[2024-12-20T04:37:19.136+0000] {processor.py:161} INFO - Started process (PID=392) to work on /home/airflow/.local/lib/python3.12/site-packages/airflow/example_dags/example_branch_python_dop_operator_3.py
[2024-12-20T04:37:19.137+0000] {processor.py:830} INFO - Processing file /home/airflow/.local/lib/python3.12/site-packages/airflow/example_dags/example_branch_python_dop_operator_3.py for tasks to queue
[2024-12-20T04:37:19.139+0000] {logging_mixin.py:188} INFO - [2024-12-20T04:37:19.138+0000] {dagbag.py:545} INFO - Filling up the DagBag from /home/airflow/.local/lib/python3.12/site-packages/airflow/example_dags/example_branch_python_dop_operator_3.py
[2024-12-20T04:37:19.146+0000] {processor.py:840} INFO - DAG(s) 'example_branch_dop_operator_v3' retrieved from /home/airflow/.local/lib/python3.12/site-packages/airflow/example_dags/example_branch_python_dop_operator_3.py
[2024-12-20T04:37:19.163+0000] {logging_mixin.py:188} INFO - [2024-12-20T04:37:19.162+0000] {dag.py:3089} INFO - Sync 1 DAGs
[2024-12-20T04:37:19.184+0000] {logging_mixin.py:188} INFO - [2024-12-20T04:37:19.184+0000] {dag.py:3947} INFO - Setting next_dagrun for example_branch_dop_operator_v3 to 2024-12-20 04:36:00+00:00, run_after=2024-12-20 04:37:00+00:00
[2024-12-20T04:37:19.203+0000] {processor.py:183} INFO - Processing /home/airflow/.local/lib/python3.12/site-packages/airflow/example_dags/example_branch_python_dop_operator_3.py took 0.077 seconds
[2024-12-20T04:38:56.562+0000] {processor.py:161} INFO - Started process (PID=802) to work on /home/airflow/.local/lib/python3.12/site-packages/airflow/example_dags/example_branch_python_dop_operator_3.py
[2024-12-20T04:38:56.563+0000] {processor.py:830} INFO - Processing file /home/airflow/.local/lib/python3.12/site-packages/airflow/example_dags/example_branch_python_dop_operator_3.py for tasks to queue
[2024-12-20T04:38:56.564+0000] {logging_mixin.py:188} INFO - [2024-12-20T04:38:56.564+0000] {dagbag.py:545} INFO - Filling up the DagBag from /home/airflow/.local/lib/python3.12/site-packages/airflow/example_dags/example_branch_python_dop_operator_3.py
[2024-12-20T04:38:56.571+0000] {processor.py:840} INFO - DAG(s) 'example_branch_dop_operator_v3' retrieved from /home/airflow/.local/lib/python3.12/site-packages/airflow/example_dags/example_branch_python_dop_operator_3.py
[2024-12-20T04:38:56.624+0000] {logging_mixin.py:188} INFO - [2024-12-20T04:38:56.624+0000] {dag.py:3089} INFO - Sync 1 DAGs
[2024-12-20T04:38:56.636+0000] {logging_mixin.py:188} INFO - [2024-12-20T04:38:56.636+0000] {dag.py:3947} INFO - Setting next_dagrun for example_branch_dop_operator_v3 to 2024-12-20 04:37:00+00:00, run_after=2024-12-20 04:38:00+00:00
[2024-12-20T04:38:56.649+0000] {processor.py:183} INFO - Processing /home/airflow/.local/lib/python3.12/site-packages/airflow/example_dags/example_branch_python_dop_operator_3.py took 0.092 seconds
[2024-12-20T04:39:26.737+0000] {processor.py:161} INFO - Started process (PID=1079) to work on /home/airflow/.local/lib/python3.12/site-packages/airflow/example_dags/example_branch_python_dop_operator_3.py
[2024-12-20T04:39:26.738+0000] {processor.py:830} INFO - Processing file /home/airflow/.local/lib/python3.12/site-packages/airflow/example_dags/example_branch_python_dop_operator_3.py for tasks to queue
[2024-12-20T04:39:26.739+0000] {logging_mixin.py:188} INFO - [2024-12-20T04:39:26.739+0000] {dagbag.py:545} INFO - Filling up the DagBag from /home/airflow/.local/lib/python3.12/site-packages/airflow/example_dags/example_branch_python_dop_operator_3.py
[2024-12-20T04:39:26.744+0000] {processor.py:840} INFO - DAG(s) 'example_branch_dop_operator_v3' retrieved from /home/airflow/.local/lib/python3.12/site-packages/airflow/example_dags/example_branch_python_dop_operator_3.py
[2024-12-20T04:39:26.757+0000] {logging_mixin.py:188} INFO - [2024-12-20T04:39:26.756+0000] {dag.py:3089} INFO - Sync 1 DAGs
[2024-12-20T04:39:26.778+0000] {logging_mixin.py:188} INFO - [2024-12-20T04:39:26.778+0000] {dag.py:3947} INFO - Setting next_dagrun for example_branch_dop_operator_v3 to 2024-12-20 04:38:00+00:00, run_after=2024-12-20 04:39:00+00:00
[2024-12-20T04:39:26.793+0000] {processor.py:183} INFO - Processing /home/airflow/.local/lib/python3.12/site-packages/airflow/example_dags/example_branch_python_dop_operator_3.py took 0.060 seconds
[2024-12-20T04:39:57.740+0000] {processor.py:161} INFO - Started process (PID=1356) to work on /home/airflow/.local/lib/python3.12/site-packages/airflow/example_dags/example_branch_python_dop_operator_3.py
[2024-12-20T04:39:57.740+0000] {processor.py:830} INFO - Processing file /home/airflow/.local/lib/python3.12/site-packages/airflow/example_dags/example_branch_python_dop_operator_3.py for tasks to queue
[2024-12-20T04:39:57.742+0000] {logging_mixin.py:188} INFO - [2024-12-20T04:39:57.742+0000] {dagbag.py:545} INFO - Filling up the DagBag from /home/airflow/.local/lib/python3.12/site-packages/airflow/example_dags/example_branch_python_dop_operator_3.py
[2024-12-20T04:39:57.747+0000] {processor.py:840} INFO - DAG(s) 'example_branch_dop_operator_v3' retrieved from /home/airflow/.local/lib/python3.12/site-packages/airflow/example_dags/example_branch_python_dop_operator_3.py
[2024-12-20T04:39:57.779+0000] {logging_mixin.py:188} INFO - [2024-12-20T04:39:57.778+0000] {dag.py:3089} INFO - Sync 1 DAGs
[2024-12-20T04:39:57.799+0000] {logging_mixin.py:188} INFO - [2024-12-20T04:39:57.799+0000] {dag.py:3947} INFO - Setting next_dagrun for example_branch_dop_operator_v3 to 2024-12-20 04:38:00+00:00, run_after=2024-12-20 04:39:00+00:00
[2024-12-20T04:39:57.809+0000] {processor.py:183} INFO - Processing /home/airflow/.local/lib/python3.12/site-packages/airflow/example_dags/example_branch_python_dop_operator_3.py took 0.073 seconds
[2024-12-20T04:41:56.004+0000] {processor.py:161} INFO - Started process (PID=1749) to work on /home/airflow/.local/lib/python3.12/site-packages/airflow/example_dags/example_branch_python_dop_operator_3.py
[2024-12-20T04:41:56.026+0000] {processor.py:830} INFO - Processing file /home/airflow/.local/lib/python3.12/site-packages/airflow/example_dags/example_branch_python_dop_operator_3.py for tasks to queue
[2024-12-20T04:41:56.079+0000] {logging_mixin.py:188} INFO - [2024-12-20T04:41:56.078+0000] {dagbag.py:545} INFO - Filling up the DagBag from /home/airflow/.local/lib/python3.12/site-packages/airflow/example_dags/example_branch_python_dop_operator_3.py
[2024-12-20T04:41:56.876+0000] {processor.py:840} INFO - DAG(s) 'example_branch_dop_operator_v3' retrieved from /home/airflow/.local/lib/python3.12/site-packages/airflow/example_dags/example_branch_python_dop_operator_3.py
[2024-12-20T04:41:57.186+0000] {logging_mixin.py:188} INFO - [2024-12-20T04:41:57.181+0000] {dag.py:3089} INFO - Sync 1 DAGs
[2024-12-20T04:41:57.674+0000] {logging_mixin.py:188} INFO - [2024-12-20T04:41:57.670+0000] {dag.py:3947} INFO - Setting next_dagrun for example_branch_dop_operator_v3 to 2024-12-20 04:40:00+00:00, run_after=2024-12-20 04:41:00+00:00
[2024-12-20T04:41:58.080+0000] {processor.py:183} INFO - Processing /home/airflow/.local/lib/python3.12/site-packages/airflow/example_dags/example_branch_python_dop_operator_3.py took 2.213 seconds
[2024-12-20T04:42:30.619+0000] {processor.py:161} INFO - Started process (PID=2076) to work on /home/airflow/.local/lib/python3.12/site-packages/airflow/example_dags/example_branch_python_dop_operator_3.py
[2024-12-20T04:42:30.634+0000] {processor.py:830} INFO - Processing file /home/airflow/.local/lib/python3.12/site-packages/airflow/example_dags/example_branch_python_dop_operator_3.py for tasks to queue
[2024-12-20T04:42:30.681+0000] {logging_mixin.py:188} INFO - [2024-12-20T04:42:30.671+0000] {dagbag.py:545} INFO - Filling up the DagBag from /home/airflow/.local/lib/python3.12/site-packages/airflow/example_dags/example_branch_python_dop_operator_3.py
[2024-12-20T04:42:31.325+0000] {processor.py:840} INFO - DAG(s) 'example_branch_dop_operator_v3' retrieved from /home/airflow/.local/lib/python3.12/site-packages/airflow/example_dags/example_branch_python_dop_operator_3.py
[2024-12-20T04:42:32.388+0000] {logging_mixin.py:188} INFO - [2024-12-20T04:42:32.371+0000] {dag.py:3089} INFO - Sync 1 DAGs
[2024-12-20T04:42:33.423+0000] {logging_mixin.py:188} INFO - [2024-12-20T04:42:33.347+0000] {dag.py:3947} INFO - Setting next_dagrun for example_branch_dop_operator_v3 to 2024-12-20 04:41:00+00:00, run_after=2024-12-20 04:42:00+00:00
[2024-12-20T04:42:35.313+0000] {processor.py:183} INFO - Processing /home/airflow/.local/lib/python3.12/site-packages/airflow/example_dags/example_branch_python_dop_operator_3.py took 5.484 seconds
[2024-12-20T04:43:05.727+0000] {processor.py:161} INFO - Started process (PID=2385) to work on /home/airflow/.local/lib/python3.12/site-packages/airflow/example_dags/example_branch_python_dop_operator_3.py
[2024-12-20T04:43:05.729+0000] {processor.py:830} INFO - Processing file /home/airflow/.local/lib/python3.12/site-packages/airflow/example_dags/example_branch_python_dop_operator_3.py for tasks to queue
[2024-12-20T04:43:05.732+0000] {logging_mixin.py:188} INFO - [2024-12-20T04:43:05.731+0000] {dagbag.py:545} INFO - Filling up the DagBag from /home/airflow/.local/lib/python3.12/site-packages/airflow/example_dags/example_branch_python_dop_operator_3.py
[2024-12-20T04:43:05.742+0000] {processor.py:840} INFO - DAG(s) 'example_branch_dop_operator_v3' retrieved from /home/airflow/.local/lib/python3.12/site-packages/airflow/example_dags/example_branch_python_dop_operator_3.py
[2024-12-20T04:43:05.773+0000] {logging_mixin.py:188} INFO - [2024-12-20T04:43:05.772+0000] {dag.py:3089} INFO - Sync 1 DAGs
[2024-12-20T04:43:05.797+0000] {logging_mixin.py:188} INFO - [2024-12-20T04:43:05.797+0000] {dag.py:3947} INFO - Setting next_dagrun for example_branch_dop_operator_v3 to 2024-12-20 04:42:00+00:00, run_after=2024-12-20 04:43:00+00:00
[2024-12-20T04:43:05.812+0000] {processor.py:183} INFO - Processing /home/airflow/.local/lib/python3.12/site-packages/airflow/example_dags/example_branch_python_dop_operator_3.py took 0.093 seconds
[2024-12-20T04:44:51.200+0000] {processor.py:161} INFO - Started process (PID=2851) to work on /home/airflow/.local/lib/python3.12/site-packages/airflow/example_dags/example_branch_python_dop_operator_3.py
[2024-12-20T04:44:51.212+0000] {processor.py:830} INFO - Processing file /home/airflow/.local/lib/python3.12/site-packages/airflow/example_dags/example_branch_python_dop_operator_3.py for tasks to queue
[2024-12-20T04:44:51.222+0000] {logging_mixin.py:188} INFO - [2024-12-20T04:44:51.221+0000] {dagbag.py:545} INFO - Filling up the DagBag from /home/airflow/.local/lib/python3.12/site-packages/airflow/example_dags/example_branch_python_dop_operator_3.py
[2024-12-20T04:44:51.241+0000] {processor.py:840} INFO - DAG(s) 'example_branch_dop_operator_v3' retrieved from /home/airflow/.local/lib/python3.12/site-packages/airflow/example_dags/example_branch_python_dop_operator_3.py
[2024-12-20T04:44:51.278+0000] {logging_mixin.py:188} INFO - [2024-12-20T04:44:51.278+0000] {dag.py:3089} INFO - Sync 1 DAGs
[2024-12-20T04:44:51.346+0000] {logging_mixin.py:188} INFO - [2024-12-20T04:44:51.346+0000] {dag.py:3947} INFO - Setting next_dagrun for example_branch_dop_operator_v3 to 2024-12-20 04:43:00+00:00, run_after=2024-12-20 04:44:00+00:00
[2024-12-20T04:44:51.462+0000] {processor.py:183} INFO - Processing /home/airflow/.local/lib/python3.12/site-packages/airflow/example_dags/example_branch_python_dop_operator_3.py took 0.270 seconds
[2024-12-20T04:45:59.904+0000] {processor.py:161} INFO - Started process (PID=3226) to work on /home/airflow/.local/lib/python3.12/site-packages/airflow/example_dags/example_branch_python_dop_operator_3.py
[2024-12-20T04:45:59.905+0000] {processor.py:830} INFO - Processing file /home/airflow/.local/lib/python3.12/site-packages/airflow/example_dags/example_branch_python_dop_operator_3.py for tasks to queue
[2024-12-20T04:45:59.906+0000] {logging_mixin.py:188} INFO - [2024-12-20T04:45:59.906+0000] {dagbag.py:545} INFO - Filling up the DagBag from /home/airflow/.local/lib/python3.12/site-packages/airflow/example_dags/example_branch_python_dop_operator_3.py
[2024-12-20T04:45:59.912+0000] {processor.py:840} INFO - DAG(s) 'example_branch_dop_operator_v3' retrieved from /home/airflow/.local/lib/python3.12/site-packages/airflow/example_dags/example_branch_python_dop_operator_3.py
[2024-12-20T04:45:59.934+0000] {logging_mixin.py:188} INFO - [2024-12-20T04:45:59.934+0000] {dag.py:3089} INFO - Sync 1 DAGs
[2024-12-20T04:45:59.993+0000] {logging_mixin.py:188} INFO - [2024-12-20T04:45:59.992+0000] {dag.py:3947} INFO - Setting next_dagrun for example_branch_dop_operator_v3 to 2024-12-20 04:44:00+00:00, run_after=2024-12-20 04:45:00+00:00
[2024-12-20T04:46:00.009+0000] {processor.py:183} INFO - Processing /home/airflow/.local/lib/python3.12/site-packages/airflow/example_dags/example_branch_python_dop_operator_3.py took 0.110 seconds
[2024-12-20T04:46:30.488+0000] {processor.py:161} INFO - Started process (PID=3501) to work on /home/airflow/.local/lib/python3.12/site-packages/airflow/example_dags/example_branch_python_dop_operator_3.py
[2024-12-20T04:46:30.489+0000] {processor.py:830} INFO - Processing file /home/airflow/.local/lib/python3.12/site-packages/airflow/example_dags/example_branch_python_dop_operator_3.py for tasks to queue
[2024-12-20T04:46:30.491+0000] {logging_mixin.py:188} INFO - [2024-12-20T04:46:30.490+0000] {dagbag.py:545} INFO - Filling up the DagBag from /home/airflow/.local/lib/python3.12/site-packages/airflow/example_dags/example_branch_python_dop_operator_3.py
[2024-12-20T04:46:30.496+0000] {processor.py:840} INFO - DAG(s) 'example_branch_dop_operator_v3' retrieved from /home/airflow/.local/lib/python3.12/site-packages/airflow/example_dags/example_branch_python_dop_operator_3.py
[2024-12-20T04:46:30.510+0000] {logging_mixin.py:188} INFO - [2024-12-20T04:46:30.508+0000] {dag.py:3089} INFO - Sync 1 DAGs
[2024-12-20T04:46:30.527+0000] {logging_mixin.py:188} INFO - [2024-12-20T04:46:30.527+0000] {dag.py:3947} INFO - Setting next_dagrun for example_branch_dop_operator_v3 to 2024-12-20 04:45:00+00:00, run_after=2024-12-20 04:46:00+00:00
[2024-12-20T04:46:30.538+0000] {processor.py:183} INFO - Processing /home/airflow/.local/lib/python3.12/site-packages/airflow/example_dags/example_branch_python_dop_operator_3.py took 0.053 seconds
[2024-12-20T04:47:01.081+0000] {processor.py:161} INFO - Started process (PID=3778) to work on /home/airflow/.local/lib/python3.12/site-packages/airflow/example_dags/example_branch_python_dop_operator_3.py
[2024-12-20T04:47:01.082+0000] {processor.py:830} INFO - Processing file /home/airflow/.local/lib/python3.12/site-packages/airflow/example_dags/example_branch_python_dop_operator_3.py for tasks to queue
[2024-12-20T04:47:01.083+0000] {logging_mixin.py:188} INFO - [2024-12-20T04:47:01.083+0000] {dagbag.py:545} INFO - Filling up the DagBag from /home/airflow/.local/lib/python3.12/site-packages/airflow/example_dags/example_branch_python_dop_operator_3.py
[2024-12-20T04:47:01.089+0000] {processor.py:840} INFO - DAG(s) 'example_branch_dop_operator_v3' retrieved from /home/airflow/.local/lib/python3.12/site-packages/airflow/example_dags/example_branch_python_dop_operator_3.py
[2024-12-20T04:47:01.102+0000] {logging_mixin.py:188} INFO - [2024-12-20T04:47:01.101+0000] {dag.py:3089} INFO - Sync 1 DAGs
[2024-12-20T04:47:01.115+0000] {logging_mixin.py:188} INFO - [2024-12-20T04:47:01.114+0000] {dag.py:3947} INFO - Setting next_dagrun for example_branch_dop_operator_v3 to 2024-12-20 04:46:00+00:00, run_after=2024-12-20 04:47:00+00:00
[2024-12-20T04:47:01.126+0000] {processor.py:183} INFO - Processing /home/airflow/.local/lib/python3.12/site-packages/airflow/example_dags/example_branch_python_dop_operator_3.py took 0.050 seconds
