[2024-12-20T04:27:03.339+0000] {processor.py:161} INFO - Started process (PID=170) to work on /home/airflow/.local/lib/python3.12/site-packages/airflow/example_dags/example_subdag_operator.py
[2024-12-20T04:27:03.403+0000] {processor.py:830} INFO - Processing file /home/airflow/.local/lib/python3.12/site-packages/airflow/example_dags/example_subdag_operator.py for tasks to queue
[2024-12-20T04:27:03.544+0000] {logging_mixin.py:188} INFO - [2024-12-20T04:27:03.495+0000] {dagbag.py:545} INFO - Filling up the DagBag from /home/airflow/.local/lib/python3.12/site-packages/airflow/example_dags/example_subdag_operator.py
[2024-12-20T04:27:04.990+0000] {processor.py:840} INFO - DAG(s) 'example_subdag_operator.section-1', 'example_subdag_operator.section-2', 'example_subdag_operator' retrieved from /home/airflow/.local/lib/python3.12/site-packages/airflow/example_dags/example_subdag_operator.py
[2024-12-20T04:27:07.249+0000] {logging_mixin.py:188} INFO - [2024-12-20T04:27:07.239+0000] {dag.py:3089} INFO - Sync 3 DAGs
[2024-12-20T04:27:07.736+0000] {logging_mixin.py:188} INFO - [2024-12-20T04:27:07.735+0000] {dag.py:3947} INFO - Setting next_dagrun for example_subdag_operator to 2022-01-01 00:00:00+00:00, run_after=2022-01-01 00:00:00+00:00
[2024-12-20T04:27:07.754+0000] {logging_mixin.py:188} INFO - [2024-12-20T04:27:07.754+0000] {dag.py:3947} INFO - Setting next_dagrun for example_subdag_operator.section-1 to None, run_after=None
[2024-12-20T04:27:07.762+0000] {logging_mixin.py:188} INFO - [2024-12-20T04:27:07.760+0000] {dag.py:3947} INFO - Setting next_dagrun for example_subdag_operator.section-2 to None, run_after=None
[2024-12-20T04:27:07.816+0000] {logging_mixin.py:188} INFO - [2024-12-20T04:27:07.816+0000] {dag.py:3089} INFO - Sync 2 DAGs
[2024-12-20T04:27:07.825+0000] {logging_mixin.py:188} INFO - [2024-12-20T04:27:07.824+0000] {dag.py:3947} INFO - Setting next_dagrun for example_subdag_operator.section-1 to None, run_after=None
[2024-12-20T04:27:07.829+0000] {logging_mixin.py:188} INFO - [2024-12-20T04:27:07.829+0000] {dag.py:3947} INFO - Setting next_dagrun for example_subdag_operator.section-2 to None, run_after=None
[2024-12-20T04:27:07.880+0000] {processor.py:183} INFO - Processing /home/airflow/.local/lib/python3.12/site-packages/airflow/example_dags/example_subdag_operator.py took 4.558 seconds
[2024-12-20T04:29:51.820+0000] {processor.py:161} INFO - Started process (PID=170) to work on /home/airflow/.local/lib/python3.12/site-packages/airflow/example_dags/example_subdag_operator.py
[2024-12-20T04:29:51.827+0000] {processor.py:830} INFO - Processing file /home/airflow/.local/lib/python3.12/site-packages/airflow/example_dags/example_subdag_operator.py for tasks to queue
[2024-12-20T04:29:51.873+0000] {logging_mixin.py:188} INFO - [2024-12-20T04:29:51.849+0000] {dagbag.py:545} INFO - Filling up the DagBag from /home/airflow/.local/lib/python3.12/site-packages/airflow/example_dags/example_subdag_operator.py
[2024-12-20T04:29:52.302+0000] {processor.py:840} INFO - DAG(s) 'example_subdag_operator.section-1', 'example_subdag_operator.section-2', 'example_subdag_operator' retrieved from /home/airflow/.local/lib/python3.12/site-packages/airflow/example_dags/example_subdag_operator.py
[2024-12-20T04:29:53.169+0000] {logging_mixin.py:188} INFO - [2024-12-20T04:29:53.165+0000] {dag.py:3089} INFO - Sync 3 DAGs
[2024-12-20T04:29:53.237+0000] {logging_mixin.py:188} INFO - [2024-12-20T04:29:53.235+0000] {dag.py:3947} INFO - Setting next_dagrun for example_subdag_operator to 2022-01-01 00:00:00+00:00, run_after=2022-01-01 00:00:00+00:00
[2024-12-20T04:29:53.243+0000] {logging_mixin.py:188} INFO - [2024-12-20T04:29:53.243+0000] {dag.py:3947} INFO - Setting next_dagrun for example_subdag_operator.section-1 to None, run_after=None
[2024-12-20T04:29:53.245+0000] {logging_mixin.py:188} INFO - [2024-12-20T04:29:53.245+0000] {dag.py:3947} INFO - Setting next_dagrun for example_subdag_operator.section-2 to None, run_after=None
[2024-12-20T04:29:53.265+0000] {logging_mixin.py:188} INFO - [2024-12-20T04:29:53.265+0000] {dag.py:3089} INFO - Sync 2 DAGs
[2024-12-20T04:29:53.289+0000] {logging_mixin.py:188} INFO - [2024-12-20T04:29:53.288+0000] {dag.py:3947} INFO - Setting next_dagrun for example_subdag_operator.section-1 to None, run_after=None
[2024-12-20T04:29:53.290+0000] {logging_mixin.py:188} INFO - [2024-12-20T04:29:53.290+0000] {dag.py:3947} INFO - Setting next_dagrun for example_subdag_operator.section-2 to None, run_after=None
[2024-12-20T04:29:53.320+0000] {processor.py:183} INFO - Processing /home/airflow/.local/lib/python3.12/site-packages/airflow/example_dags/example_subdag_operator.py took 1.535 seconds
[2024-12-20T04:37:13.647+0000] {processor.py:161} INFO - Started process (PID=167) to work on /home/airflow/.local/lib/python3.12/site-packages/airflow/example_dags/example_subdag_operator.py
[2024-12-20T04:37:13.648+0000] {processor.py:830} INFO - Processing file /home/airflow/.local/lib/python3.12/site-packages/airflow/example_dags/example_subdag_operator.py for tasks to queue
[2024-12-20T04:37:13.664+0000] {logging_mixin.py:188} INFO - [2024-12-20T04:37:13.664+0000] {dagbag.py:545} INFO - Filling up the DagBag from /home/airflow/.local/lib/python3.12/site-packages/airflow/example_dags/example_subdag_operator.py
[2024-12-20T04:37:13.699+0000] {processor.py:840} INFO - DAG(s) 'example_subdag_operator.section-1', 'example_subdag_operator.section-2', 'example_subdag_operator' retrieved from /home/airflow/.local/lib/python3.12/site-packages/airflow/example_dags/example_subdag_operator.py
[2024-12-20T04:37:13.765+0000] {logging_mixin.py:188} INFO - [2024-12-20T04:37:13.764+0000] {dag.py:3089} INFO - Sync 3 DAGs
[2024-12-20T04:37:13.838+0000] {logging_mixin.py:188} INFO - [2024-12-20T04:37:13.838+0000] {dag.py:3947} INFO - Setting next_dagrun for example_subdag_operator to 2022-01-01 00:00:00+00:00, run_after=2022-01-01 00:00:00+00:00
[2024-12-20T04:37:13.844+0000] {logging_mixin.py:188} INFO - [2024-12-20T04:37:13.844+0000] {dag.py:3947} INFO - Setting next_dagrun for example_subdag_operator.section-1 to None, run_after=None
[2024-12-20T04:37:13.847+0000] {logging_mixin.py:188} INFO - [2024-12-20T04:37:13.847+0000] {dag.py:3947} INFO - Setting next_dagrun for example_subdag_operator.section-2 to None, run_after=None
[2024-12-20T04:37:13.852+0000] {logging_mixin.py:188} INFO - [2024-12-20T04:37:13.852+0000] {dag.py:3089} INFO - Sync 2 DAGs
[2024-12-20T04:37:13.856+0000] {logging_mixin.py:188} INFO - [2024-12-20T04:37:13.856+0000] {dag.py:3947} INFO - Setting next_dagrun for example_subdag_operator.section-1 to None, run_after=None
[2024-12-20T04:37:13.857+0000] {logging_mixin.py:188} INFO - [2024-12-20T04:37:13.856+0000] {dag.py:3947} INFO - Setting next_dagrun for example_subdag_operator.section-2 to None, run_after=None
[2024-12-20T04:37:13.862+0000] {processor.py:183} INFO - Processing /home/airflow/.local/lib/python3.12/site-packages/airflow/example_dags/example_subdag_operator.py took 0.232 seconds
[2024-12-20T04:38:00.121+0000] {processor.py:161} INFO - Started process (PID=481) to work on /home/airflow/.local/lib/python3.12/site-packages/airflow/example_dags/example_subdag_operator.py
[2024-12-20T04:38:00.161+0000] {processor.py:830} INFO - Processing file /home/airflow/.local/lib/python3.12/site-packages/airflow/example_dags/example_subdag_operator.py for tasks to queue
[2024-12-20T04:38:00.185+0000] {logging_mixin.py:188} INFO - [2024-12-20T04:38:00.184+0000] {dagbag.py:545} INFO - Filling up the DagBag from /home/airflow/.local/lib/python3.12/site-packages/airflow/example_dags/example_subdag_operator.py
[2024-12-20T04:38:01.429+0000] {processor.py:840} INFO - DAG(s) 'example_subdag_operator.section-1', 'example_subdag_operator.section-2', 'example_subdag_operator' retrieved from /home/airflow/.local/lib/python3.12/site-packages/airflow/example_dags/example_subdag_operator.py
[2024-12-20T04:38:04.863+0000] {logging_mixin.py:188} INFO - [2024-12-20T04:38:04.855+0000] {dag.py:3089} INFO - Sync 3 DAGs
[2024-12-20T04:38:05.207+0000] {logging_mixin.py:188} INFO - [2024-12-20T04:38:05.205+0000] {dag.py:3947} INFO - Setting next_dagrun for example_subdag_operator to 2022-01-01 00:00:00+00:00, run_after=2022-01-01 00:00:00+00:00
[2024-12-20T04:38:05.241+0000] {logging_mixin.py:188} INFO - [2024-12-20T04:38:05.240+0000] {dag.py:3947} INFO - Setting next_dagrun for example_subdag_operator.section-1 to None, run_after=None
[2024-12-20T04:38:05.245+0000] {logging_mixin.py:188} INFO - [2024-12-20T04:38:05.245+0000] {dag.py:3947} INFO - Setting next_dagrun for example_subdag_operator.section-2 to None, run_after=None
[2024-12-20T04:38:05.383+0000] {logging_mixin.py:188} INFO - [2024-12-20T04:38:05.381+0000] {dag.py:3089} INFO - Sync 2 DAGs
[2024-12-20T04:38:05.563+0000] {logging_mixin.py:188} INFO - [2024-12-20T04:38:05.563+0000] {dag.py:3947} INFO - Setting next_dagrun for example_subdag_operator.section-1 to None, run_after=None
[2024-12-20T04:38:05.586+0000] {logging_mixin.py:188} INFO - [2024-12-20T04:38:05.586+0000] {dag.py:3947} INFO - Setting next_dagrun for example_subdag_operator.section-2 to None, run_after=None
[2024-12-20T04:38:06.001+0000] {processor.py:183} INFO - Processing /home/airflow/.local/lib/python3.12/site-packages/airflow/example_dags/example_subdag_operator.py took 6.222 seconds
[2024-12-20T04:38:53.523+0000] {processor.py:161} INFO - Started process (PID=616) to work on /home/airflow/.local/lib/python3.12/site-packages/airflow/example_dags/example_subdag_operator.py
[2024-12-20T04:38:53.525+0000] {processor.py:830} INFO - Processing file /home/airflow/.local/lib/python3.12/site-packages/airflow/example_dags/example_subdag_operator.py for tasks to queue
[2024-12-20T04:38:53.526+0000] {logging_mixin.py:188} INFO - [2024-12-20T04:38:53.526+0000] {dagbag.py:545} INFO - Filling up the DagBag from /home/airflow/.local/lib/python3.12/site-packages/airflow/example_dags/example_subdag_operator.py
[2024-12-20T04:38:53.550+0000] {processor.py:840} INFO - DAG(s) 'example_subdag_operator.section-1', 'example_subdag_operator.section-2', 'example_subdag_operator' retrieved from /home/airflow/.local/lib/python3.12/site-packages/airflow/example_dags/example_subdag_operator.py
[2024-12-20T04:38:53.568+0000] {logging_mixin.py:188} INFO - [2024-12-20T04:38:53.567+0000] {dag.py:3089} INFO - Sync 3 DAGs
[2024-12-20T04:38:53.598+0000] {logging_mixin.py:188} INFO - [2024-12-20T04:38:53.598+0000] {dag.py:3947} INFO - Setting next_dagrun for example_subdag_operator to 2022-01-01 00:00:00+00:00, run_after=2022-01-01 00:00:00+00:00
[2024-12-20T04:38:53.602+0000] {logging_mixin.py:188} INFO - [2024-12-20T04:38:53.602+0000] {dag.py:3947} INFO - Setting next_dagrun for example_subdag_operator.section-1 to None, run_after=None
[2024-12-20T04:38:53.604+0000] {logging_mixin.py:188} INFO - [2024-12-20T04:38:53.604+0000] {dag.py:3947} INFO - Setting next_dagrun for example_subdag_operator.section-2 to None, run_after=None
[2024-12-20T04:38:53.641+0000] {logging_mixin.py:188} INFO - [2024-12-20T04:38:53.640+0000] {dag.py:3089} INFO - Sync 2 DAGs
[2024-12-20T04:38:53.647+0000] {logging_mixin.py:188} INFO - [2024-12-20T04:38:53.647+0000] {dag.py:3947} INFO - Setting next_dagrun for example_subdag_operator.section-1 to None, run_after=None
[2024-12-20T04:38:53.648+0000] {logging_mixin.py:188} INFO - [2024-12-20T04:38:53.648+0000] {dag.py:3947} INFO - Setting next_dagrun for example_subdag_operator.section-2 to None, run_after=None
[2024-12-20T04:38:53.656+0000] {processor.py:183} INFO - Processing /home/airflow/.local/lib/python3.12/site-packages/airflow/example_dags/example_subdag_operator.py took 0.139 seconds
[2024-12-20T04:39:23.750+0000] {processor.py:161} INFO - Started process (PID=868) to work on /home/airflow/.local/lib/python3.12/site-packages/airflow/example_dags/example_subdag_operator.py
[2024-12-20T04:39:23.754+0000] {processor.py:830} INFO - Processing file /home/airflow/.local/lib/python3.12/site-packages/airflow/example_dags/example_subdag_operator.py for tasks to queue
[2024-12-20T04:39:23.762+0000] {logging_mixin.py:188} INFO - [2024-12-20T04:39:23.761+0000] {dagbag.py:545} INFO - Filling up the DagBag from /home/airflow/.local/lib/python3.12/site-packages/airflow/example_dags/example_subdag_operator.py
[2024-12-20T04:39:23.797+0000] {processor.py:840} INFO - DAG(s) 'example_subdag_operator.section-1', 'example_subdag_operator.section-2', 'example_subdag_operator' retrieved from /home/airflow/.local/lib/python3.12/site-packages/airflow/example_dags/example_subdag_operator.py
[2024-12-20T04:39:23.817+0000] {logging_mixin.py:188} INFO - [2024-12-20T04:39:23.817+0000] {dag.py:3089} INFO - Sync 3 DAGs
[2024-12-20T04:39:23.837+0000] {logging_mixin.py:188} INFO - [2024-12-20T04:39:23.837+0000] {dag.py:3947} INFO - Setting next_dagrun for example_subdag_operator to 2022-01-01 00:00:00+00:00, run_after=2022-01-01 00:00:00+00:00
[2024-12-20T04:39:23.840+0000] {logging_mixin.py:188} INFO - [2024-12-20T04:39:23.840+0000] {dag.py:3947} INFO - Setting next_dagrun for example_subdag_operator.section-1 to None, run_after=None
[2024-12-20T04:39:23.842+0000] {logging_mixin.py:188} INFO - [2024-12-20T04:39:23.841+0000] {dag.py:3947} INFO - Setting next_dagrun for example_subdag_operator.section-2 to None, run_after=None
[2024-12-20T04:39:23.847+0000] {logging_mixin.py:188} INFO - [2024-12-20T04:39:23.847+0000] {dag.py:3089} INFO - Sync 2 DAGs
[2024-12-20T04:39:23.850+0000] {logging_mixin.py:188} INFO - [2024-12-20T04:39:23.850+0000] {dag.py:3947} INFO - Setting next_dagrun for example_subdag_operator.section-1 to None, run_after=None
[2024-12-20T04:39:23.851+0000] {logging_mixin.py:188} INFO - [2024-12-20T04:39:23.851+0000] {dag.py:3947} INFO - Setting next_dagrun for example_subdag_operator.section-2 to None, run_after=None
[2024-12-20T04:39:23.862+0000] {processor.py:183} INFO - Processing /home/airflow/.local/lib/python3.12/site-packages/airflow/example_dags/example_subdag_operator.py took 0.134 seconds
[2024-12-20T04:39:53.953+0000] {processor.py:161} INFO - Started process (PID=1146) to work on /home/airflow/.local/lib/python3.12/site-packages/airflow/example_dags/example_subdag_operator.py
[2024-12-20T04:39:53.955+0000] {processor.py:830} INFO - Processing file /home/airflow/.local/lib/python3.12/site-packages/airflow/example_dags/example_subdag_operator.py for tasks to queue
[2024-12-20T04:39:53.959+0000] {logging_mixin.py:188} INFO - [2024-12-20T04:39:53.959+0000] {dagbag.py:545} INFO - Filling up the DagBag from /home/airflow/.local/lib/python3.12/site-packages/airflow/example_dags/example_subdag_operator.py
[2024-12-20T04:39:54.020+0000] {processor.py:840} INFO - DAG(s) 'example_subdag_operator.section-1', 'example_subdag_operator.section-2', 'example_subdag_operator' retrieved from /home/airflow/.local/lib/python3.12/site-packages/airflow/example_dags/example_subdag_operator.py
[2024-12-20T04:39:54.030+0000] {logging_mixin.py:188} INFO - [2024-12-20T04:39:54.030+0000] {dag.py:3089} INFO - Sync 3 DAGs
[2024-12-20T04:39:54.044+0000] {logging_mixin.py:188} INFO - [2024-12-20T04:39:54.044+0000] {dag.py:3947} INFO - Setting next_dagrun for example_subdag_operator to 2022-01-01 00:00:00+00:00, run_after=2022-01-01 00:00:00+00:00
[2024-12-20T04:39:54.046+0000] {logging_mixin.py:188} INFO - [2024-12-20T04:39:54.046+0000] {dag.py:3947} INFO - Setting next_dagrun for example_subdag_operator.section-1 to None, run_after=None
[2024-12-20T04:39:54.047+0000] {logging_mixin.py:188} INFO - [2024-12-20T04:39:54.047+0000] {dag.py:3947} INFO - Setting next_dagrun for example_subdag_operator.section-2 to None, run_after=None
[2024-12-20T04:39:54.051+0000] {logging_mixin.py:188} INFO - [2024-12-20T04:39:54.050+0000] {dag.py:3089} INFO - Sync 2 DAGs
[2024-12-20T04:39:54.053+0000] {logging_mixin.py:188} INFO - [2024-12-20T04:39:54.053+0000] {dag.py:3947} INFO - Setting next_dagrun for example_subdag_operator.section-1 to None, run_after=None
[2024-12-20T04:39:54.053+0000] {logging_mixin.py:188} INFO - [2024-12-20T04:39:54.053+0000] {dag.py:3947} INFO - Setting next_dagrun for example_subdag_operator.section-2 to None, run_after=None
[2024-12-20T04:39:54.060+0000] {processor.py:183} INFO - Processing /home/airflow/.local/lib/python3.12/site-packages/airflow/example_dags/example_subdag_operator.py took 0.128 seconds
[2024-12-20T04:40:24.574+0000] {processor.py:161} INFO - Started process (PID=1462) to work on /home/airflow/.local/lib/python3.12/site-packages/airflow/example_dags/example_subdag_operator.py
[2024-12-20T04:40:24.600+0000] {processor.py:830} INFO - Processing file /home/airflow/.local/lib/python3.12/site-packages/airflow/example_dags/example_subdag_operator.py for tasks to queue
[2024-12-20T04:40:24.631+0000] {logging_mixin.py:188} INFO - [2024-12-20T04:40:24.628+0000] {dagbag.py:545} INFO - Filling up the DagBag from /home/airflow/.local/lib/python3.12/site-packages/airflow/example_dags/example_subdag_operator.py
[2024-12-20T04:40:25.154+0000] {processor.py:840} INFO - DAG(s) 'example_subdag_operator.section-1', 'example_subdag_operator.section-2', 'example_subdag_operator' retrieved from /home/airflow/.local/lib/python3.12/site-packages/airflow/example_dags/example_subdag_operator.py
[2024-12-20T04:40:25.530+0000] {logging_mixin.py:188} INFO - [2024-12-20T04:40:25.525+0000] {dag.py:3089} INFO - Sync 3 DAGs
[2024-12-20T04:40:26.441+0000] {logging_mixin.py:188} INFO - [2024-12-20T04:40:26.432+0000] {dag.py:3947} INFO - Setting next_dagrun for example_subdag_operator to 2022-01-01 00:00:00+00:00, run_after=2022-01-01 00:00:00+00:00
[2024-12-20T04:40:26.522+0000] {logging_mixin.py:188} INFO - [2024-12-20T04:40:26.521+0000] {dag.py:3947} INFO - Setting next_dagrun for example_subdag_operator.section-1 to None, run_after=None
[2024-12-20T04:40:26.524+0000] {logging_mixin.py:188} INFO - [2024-12-20T04:40:26.524+0000] {dag.py:3947} INFO - Setting next_dagrun for example_subdag_operator.section-2 to None, run_after=None
[2024-12-20T04:40:26.612+0000] {logging_mixin.py:188} INFO - [2024-12-20T04:40:26.608+0000] {dag.py:3089} INFO - Sync 2 DAGs
[2024-12-20T04:40:26.722+0000] {logging_mixin.py:188} INFO - [2024-12-20T04:40:26.720+0000] {dag.py:3947} INFO - Setting next_dagrun for example_subdag_operator.section-1 to None, run_after=None
[2024-12-20T04:40:26.746+0000] {logging_mixin.py:188} INFO - [2024-12-20T04:40:26.746+0000] {dag.py:3947} INFO - Setting next_dagrun for example_subdag_operator.section-2 to None, run_after=None
[2024-12-20T04:40:27.266+0000] {processor.py:183} INFO - Processing /home/airflow/.local/lib/python3.12/site-packages/airflow/example_dags/example_subdag_operator.py took 2.837 seconds
[2024-12-20T04:42:00.699+0000] {processor.py:161} INFO - Started process (PID=1775) to work on /home/airflow/.local/lib/python3.12/site-packages/airflow/example_dags/example_subdag_operator.py
[2024-12-20T04:42:00.712+0000] {processor.py:830} INFO - Processing file /home/airflow/.local/lib/python3.12/site-packages/airflow/example_dags/example_subdag_operator.py for tasks to queue
[2024-12-20T04:42:00.785+0000] {logging_mixin.py:188} INFO - [2024-12-20T04:42:00.783+0000] {dagbag.py:545} INFO - Filling up the DagBag from /home/airflow/.local/lib/python3.12/site-packages/airflow/example_dags/example_subdag_operator.py
[2024-12-20T04:42:01.155+0000] {processor.py:840} INFO - DAG(s) 'example_subdag_operator.section-1', 'example_subdag_operator.section-2', 'example_subdag_operator' retrieved from /home/airflow/.local/lib/python3.12/site-packages/airflow/example_dags/example_subdag_operator.py
[2024-12-20T04:42:01.339+0000] {logging_mixin.py:188} INFO - [2024-12-20T04:42:01.339+0000] {dag.py:3089} INFO - Sync 3 DAGs
[2024-12-20T04:42:01.696+0000] {logging_mixin.py:188} INFO - [2024-12-20T04:42:01.678+0000] {dag.py:3947} INFO - Setting next_dagrun for example_subdag_operator to 2022-01-01 00:00:00+00:00, run_after=2022-01-01 00:00:00+00:00
[2024-12-20T04:42:01.796+0000] {logging_mixin.py:188} INFO - [2024-12-20T04:42:01.756+0000] {dag.py:3947} INFO - Setting next_dagrun for example_subdag_operator.section-1 to None, run_after=None
[2024-12-20T04:42:01.865+0000] {logging_mixin.py:188} INFO - [2024-12-20T04:42:01.865+0000] {dag.py:3947} INFO - Setting next_dagrun for example_subdag_operator.section-2 to None, run_after=None
[2024-12-20T04:42:02.033+0000] {logging_mixin.py:188} INFO - [2024-12-20T04:42:02.026+0000] {dag.py:3089} INFO - Sync 2 DAGs
[2024-12-20T04:42:02.163+0000] {logging_mixin.py:188} INFO - [2024-12-20T04:42:02.158+0000] {dag.py:3947} INFO - Setting next_dagrun for example_subdag_operator.section-1 to None, run_after=None
[2024-12-20T04:42:02.170+0000] {logging_mixin.py:188} INFO - [2024-12-20T04:42:02.170+0000] {dag.py:3947} INFO - Setting next_dagrun for example_subdag_operator.section-2 to None, run_after=None
[2024-12-20T04:42:02.296+0000] {processor.py:183} INFO - Processing /home/airflow/.local/lib/python3.12/site-packages/airflow/example_dags/example_subdag_operator.py took 1.753 seconds
[2024-12-20T04:42:37.516+0000] {processor.py:161} INFO - Started process (PID=2096) to work on /home/airflow/.local/lib/python3.12/site-packages/airflow/example_dags/example_subdag_operator.py
[2024-12-20T04:42:37.527+0000] {processor.py:830} INFO - Processing file /home/airflow/.local/lib/python3.12/site-packages/airflow/example_dags/example_subdag_operator.py for tasks to queue
[2024-12-20T04:42:37.607+0000] {logging_mixin.py:188} INFO - [2024-12-20T04:42:37.596+0000] {dagbag.py:545} INFO - Filling up the DagBag from /home/airflow/.local/lib/python3.12/site-packages/airflow/example_dags/example_subdag_operator.py
[2024-12-20T04:42:38.159+0000] {processor.py:840} INFO - DAG(s) 'example_subdag_operator.section-1', 'example_subdag_operator.section-2', 'example_subdag_operator' retrieved from /home/airflow/.local/lib/python3.12/site-packages/airflow/example_dags/example_subdag_operator.py
[2024-12-20T04:42:38.604+0000] {logging_mixin.py:188} INFO - [2024-12-20T04:42:38.598+0000] {dag.py:3089} INFO - Sync 3 DAGs
[2024-12-20T04:42:40.675+0000] {logging_mixin.py:188} INFO - [2024-12-20T04:42:40.594+0000] {dag.py:3947} INFO - Setting next_dagrun for example_subdag_operator to 2022-01-01 00:00:00+00:00, run_after=2022-01-01 00:00:00+00:00
[2024-12-20T04:42:41.678+0000] {logging_mixin.py:188} INFO - [2024-12-20T04:42:41.588+0000] {dag.py:3947} INFO - Setting next_dagrun for example_subdag_operator.section-1 to None, run_after=None
[2024-12-20T04:42:41.938+0000] {logging_mixin.py:188} INFO - [2024-12-20T04:42:41.937+0000] {dag.py:3947} INFO - Setting next_dagrun for example_subdag_operator.section-2 to None, run_after=None
[2024-12-20T04:42:43.236+0000] {logging_mixin.py:188} INFO - [2024-12-20T04:42:43.137+0000] {dag.py:3089} INFO - Sync 2 DAGs
[2024-12-20T04:42:44.251+0000] {logging_mixin.py:188} INFO - [2024-12-20T04:42:44.191+0000] {dag.py:3947} INFO - Setting next_dagrun for example_subdag_operator.section-1 to None, run_after=None
[2024-12-20T04:42:44.275+0000] {logging_mixin.py:188} INFO - [2024-12-20T04:42:44.274+0000] {dag.py:3947} INFO - Setting next_dagrun for example_subdag_operator.section-2 to None, run_after=None
[2024-12-20T04:42:44.891+0000] {processor.py:183} INFO - Processing /home/airflow/.local/lib/python3.12/site-packages/airflow/example_dags/example_subdag_operator.py took 7.655 seconds
[2024-12-20T04:43:16.893+0000] {processor.py:161} INFO - Started process (PID=2425) to work on /home/airflow/.local/lib/python3.12/site-packages/airflow/example_dags/example_subdag_operator.py
[2024-12-20T04:43:16.924+0000] {processor.py:830} INFO - Processing file /home/airflow/.local/lib/python3.12/site-packages/airflow/example_dags/example_subdag_operator.py for tasks to queue
[2024-12-20T04:43:17.056+0000] {logging_mixin.py:188} INFO - [2024-12-20T04:43:17.029+0000] {dagbag.py:545} INFO - Filling up the DagBag from /home/airflow/.local/lib/python3.12/site-packages/airflow/example_dags/example_subdag_operator.py
[2024-12-20T04:43:17.888+0000] {processor.py:840} INFO - DAG(s) 'example_subdag_operator.section-1', 'example_subdag_operator.section-2', 'example_subdag_operator' retrieved from /home/airflow/.local/lib/python3.12/site-packages/airflow/example_dags/example_subdag_operator.py
[2024-12-20T04:43:18.106+0000] {logging_mixin.py:188} INFO - [2024-12-20T04:43:18.104+0000] {dag.py:3089} INFO - Sync 3 DAGs
[2024-12-20T04:43:18.300+0000] {logging_mixin.py:188} INFO - [2024-12-20T04:43:18.299+0000] {dag.py:3947} INFO - Setting next_dagrun for example_subdag_operator to 2022-01-01 00:00:00+00:00, run_after=2022-01-01 00:00:00+00:00
[2024-12-20T04:43:18.356+0000] {logging_mixin.py:188} INFO - [2024-12-20T04:43:18.355+0000] {dag.py:3947} INFO - Setting next_dagrun for example_subdag_operator.section-1 to None, run_after=None
[2024-12-20T04:43:18.371+0000] {logging_mixin.py:188} INFO - [2024-12-20T04:43:18.371+0000] {dag.py:3947} INFO - Setting next_dagrun for example_subdag_operator.section-2 to None, run_after=None
[2024-12-20T04:43:18.425+0000] {logging_mixin.py:188} INFO - [2024-12-20T04:43:18.424+0000] {dag.py:3089} INFO - Sync 2 DAGs
[2024-12-20T04:43:18.449+0000] {logging_mixin.py:188} INFO - [2024-12-20T04:43:18.448+0000] {dag.py:3947} INFO - Setting next_dagrun for example_subdag_operator.section-1 to None, run_after=None
[2024-12-20T04:43:18.450+0000] {logging_mixin.py:188} INFO - [2024-12-20T04:43:18.450+0000] {dag.py:3947} INFO - Setting next_dagrun for example_subdag_operator.section-2 to None, run_after=None
[2024-12-20T04:43:18.492+0000] {processor.py:183} INFO - Processing /home/airflow/.local/lib/python3.12/site-packages/airflow/example_dags/example_subdag_operator.py took 1.764 seconds
[2024-12-20T04:44:32.249+0000] {processor.py:161} INFO - Started process (PID=2684) to work on /home/airflow/.local/lib/python3.12/site-packages/airflow/example_dags/example_subdag_operator.py
[2024-12-20T04:44:32.271+0000] {processor.py:830} INFO - Processing file /home/airflow/.local/lib/python3.12/site-packages/airflow/example_dags/example_subdag_operator.py for tasks to queue
[2024-12-20T04:44:32.314+0000] {logging_mixin.py:188} INFO - [2024-12-20T04:44:32.310+0000] {dagbag.py:545} INFO - Filling up the DagBag from /home/airflow/.local/lib/python3.12/site-packages/airflow/example_dags/example_subdag_operator.py
[2024-12-20T04:44:33.144+0000] {processor.py:840} INFO - DAG(s) 'example_subdag_operator.section-1', 'example_subdag_operator.section-2', 'example_subdag_operator' retrieved from /home/airflow/.local/lib/python3.12/site-packages/airflow/example_dags/example_subdag_operator.py
[2024-12-20T04:44:33.596+0000] {logging_mixin.py:188} INFO - [2024-12-20T04:44:33.595+0000] {dag.py:3089} INFO - Sync 3 DAGs
[2024-12-20T04:44:34.105+0000] {logging_mixin.py:188} INFO - [2024-12-20T04:44:34.033+0000] {dag.py:3947} INFO - Setting next_dagrun for example_subdag_operator to 2022-01-01 00:00:00+00:00, run_after=2022-01-01 00:00:00+00:00
[2024-12-20T04:44:34.379+0000] {logging_mixin.py:188} INFO - [2024-12-20T04:44:34.378+0000] {dag.py:3947} INFO - Setting next_dagrun for example_subdag_operator.section-1 to None, run_after=None
[2024-12-20T04:44:34.422+0000] {logging_mixin.py:188} INFO - [2024-12-20T04:44:34.421+0000] {dag.py:3947} INFO - Setting next_dagrun for example_subdag_operator.section-2 to None, run_after=None
[2024-12-20T04:44:34.955+0000] {logging_mixin.py:188} INFO - [2024-12-20T04:44:34.928+0000] {dag.py:3089} INFO - Sync 2 DAGs
[2024-12-20T04:44:35.070+0000] {logging_mixin.py:188} INFO - [2024-12-20T04:44:35.068+0000] {dag.py:3947} INFO - Setting next_dagrun for example_subdag_operator.section-1 to None, run_after=None
[2024-12-20T04:44:35.079+0000] {logging_mixin.py:188} INFO - [2024-12-20T04:44:35.078+0000] {dag.py:3947} INFO - Setting next_dagrun for example_subdag_operator.section-2 to None, run_after=None
[2024-12-20T04:44:35.253+0000] {processor.py:183} INFO - Processing /home/airflow/.local/lib/python3.12/site-packages/airflow/example_dags/example_subdag_operator.py took 3.158 seconds
[2024-12-20T04:45:51.202+0000] {processor.py:161} INFO - Started process (PID=3010) to work on /home/airflow/.local/lib/python3.12/site-packages/airflow/example_dags/example_subdag_operator.py
[2024-12-20T04:45:51.355+0000] {processor.py:830} INFO - Processing file /home/airflow/.local/lib/python3.12/site-packages/airflow/example_dags/example_subdag_operator.py for tasks to queue
[2024-12-20T04:45:51.484+0000] {logging_mixin.py:188} INFO - [2024-12-20T04:45:51.441+0000] {dagbag.py:545} INFO - Filling up the DagBag from /home/airflow/.local/lib/python3.12/site-packages/airflow/example_dags/example_subdag_operator.py
[2024-12-20T04:45:52.081+0000] {processor.py:840} INFO - DAG(s) 'example_subdag_operator.section-1', 'example_subdag_operator.section-2', 'example_subdag_operator' retrieved from /home/airflow/.local/lib/python3.12/site-packages/airflow/example_dags/example_subdag_operator.py
[2024-12-20T04:45:52.331+0000] {logging_mixin.py:188} INFO - [2024-12-20T04:45:52.327+0000] {dag.py:3089} INFO - Sync 3 DAGs
[2024-12-20T04:45:52.599+0000] {logging_mixin.py:188} INFO - [2024-12-20T04:45:52.597+0000] {dag.py:3947} INFO - Setting next_dagrun for example_subdag_operator to 2022-01-01 00:00:00+00:00, run_after=2022-01-01 00:00:00+00:00
[2024-12-20T04:45:52.693+0000] {logging_mixin.py:188} INFO - [2024-12-20T04:45:52.693+0000] {dag.py:3947} INFO - Setting next_dagrun for example_subdag_operator.section-1 to None, run_after=None
[2024-12-20T04:45:52.756+0000] {logging_mixin.py:188} INFO - [2024-12-20T04:45:52.754+0000] {dag.py:3947} INFO - Setting next_dagrun for example_subdag_operator.section-2 to None, run_after=None
[2024-12-20T04:45:52.846+0000] {logging_mixin.py:188} INFO - [2024-12-20T04:45:52.846+0000] {dag.py:3089} INFO - Sync 2 DAGs
[2024-12-20T04:45:52.895+0000] {logging_mixin.py:188} INFO - [2024-12-20T04:45:52.895+0000] {dag.py:3947} INFO - Setting next_dagrun for example_subdag_operator.section-1 to None, run_after=None
[2024-12-20T04:45:52.896+0000] {logging_mixin.py:188} INFO - [2024-12-20T04:45:52.896+0000] {dag.py:3947} INFO - Setting next_dagrun for example_subdag_operator.section-2 to None, run_after=None
[2024-12-20T04:45:53.015+0000] {processor.py:183} INFO - Processing /home/airflow/.local/lib/python3.12/site-packages/airflow/example_dags/example_subdag_operator.py took 2.745 seconds
[2024-12-20T04:46:23.844+0000] {processor.py:161} INFO - Started process (PID=3290) to work on /home/airflow/.local/lib/python3.12/site-packages/airflow/example_dags/example_subdag_operator.py
[2024-12-20T04:46:23.847+0000] {processor.py:830} INFO - Processing file /home/airflow/.local/lib/python3.12/site-packages/airflow/example_dags/example_subdag_operator.py for tasks to queue
[2024-12-20T04:46:23.851+0000] {logging_mixin.py:188} INFO - [2024-12-20T04:46:23.850+0000] {dagbag.py:545} INFO - Filling up the DagBag from /home/airflow/.local/lib/python3.12/site-packages/airflow/example_dags/example_subdag_operator.py
[2024-12-20T04:46:23.892+0000] {processor.py:840} INFO - DAG(s) 'example_subdag_operator.section-1', 'example_subdag_operator.section-2', 'example_subdag_operator' retrieved from /home/airflow/.local/lib/python3.12/site-packages/airflow/example_dags/example_subdag_operator.py
[2024-12-20T04:46:23.914+0000] {logging_mixin.py:188} INFO - [2024-12-20T04:46:23.914+0000] {dag.py:3089} INFO - Sync 3 DAGs
[2024-12-20T04:46:23.933+0000] {logging_mixin.py:188} INFO - [2024-12-20T04:46:23.933+0000] {dag.py:3947} INFO - Setting next_dagrun for example_subdag_operator to 2022-01-01 00:00:00+00:00, run_after=2022-01-01 00:00:00+00:00
[2024-12-20T04:46:23.936+0000] {logging_mixin.py:188} INFO - [2024-12-20T04:46:23.936+0000] {dag.py:3947} INFO - Setting next_dagrun for example_subdag_operator.section-1 to None, run_after=None
[2024-12-20T04:46:23.936+0000] {logging_mixin.py:188} INFO - [2024-12-20T04:46:23.936+0000] {dag.py:3947} INFO - Setting next_dagrun for example_subdag_operator.section-2 to None, run_after=None
[2024-12-20T04:46:23.941+0000] {logging_mixin.py:188} INFO - [2024-12-20T04:46:23.941+0000] {dag.py:3089} INFO - Sync 2 DAGs
[2024-12-20T04:46:23.945+0000] {logging_mixin.py:188} INFO - [2024-12-20T04:46:23.945+0000] {dag.py:3947} INFO - Setting next_dagrun for example_subdag_operator.section-1 to None, run_after=None
[2024-12-20T04:46:23.945+0000] {logging_mixin.py:188} INFO - [2024-12-20T04:46:23.945+0000] {dag.py:3947} INFO - Setting next_dagrun for example_subdag_operator.section-2 to None, run_after=None
[2024-12-20T04:46:23.953+0000] {processor.py:183} INFO - Processing /home/airflow/.local/lib/python3.12/site-packages/airflow/example_dags/example_subdag_operator.py took 0.137 seconds
[2024-12-20T04:46:54.147+0000] {processor.py:161} INFO - Started process (PID=3566) to work on /home/airflow/.local/lib/python3.12/site-packages/airflow/example_dags/example_subdag_operator.py
[2024-12-20T04:46:54.149+0000] {processor.py:830} INFO - Processing file /home/airflow/.local/lib/python3.12/site-packages/airflow/example_dags/example_subdag_operator.py for tasks to queue
[2024-12-20T04:46:54.154+0000] {logging_mixin.py:188} INFO - [2024-12-20T04:46:54.153+0000] {dagbag.py:545} INFO - Filling up the DagBag from /home/airflow/.local/lib/python3.12/site-packages/airflow/example_dags/example_subdag_operator.py
[2024-12-20T04:46:54.199+0000] {processor.py:840} INFO - DAG(s) 'example_subdag_operator.section-1', 'example_subdag_operator.section-2', 'example_subdag_operator' retrieved from /home/airflow/.local/lib/python3.12/site-packages/airflow/example_dags/example_subdag_operator.py
[2024-12-20T04:46:54.211+0000] {logging_mixin.py:188} INFO - [2024-12-20T04:46:54.211+0000] {dag.py:3089} INFO - Sync 3 DAGs
[2024-12-20T04:46:54.227+0000] {logging_mixin.py:188} INFO - [2024-12-20T04:46:54.227+0000] {dag.py:3947} INFO - Setting next_dagrun for example_subdag_operator to 2022-01-01 00:00:00+00:00, run_after=2022-01-01 00:00:00+00:00
[2024-12-20T04:46:54.229+0000] {logging_mixin.py:188} INFO - [2024-12-20T04:46:54.229+0000] {dag.py:3947} INFO - Setting next_dagrun for example_subdag_operator.section-1 to None, run_after=None
[2024-12-20T04:46:54.230+0000] {logging_mixin.py:188} INFO - [2024-12-20T04:46:54.229+0000] {dag.py:3947} INFO - Setting next_dagrun for example_subdag_operator.section-2 to None, run_after=None
[2024-12-20T04:46:54.240+0000] {logging_mixin.py:188} INFO - [2024-12-20T04:46:54.240+0000] {dag.py:3089} INFO - Sync 2 DAGs
[2024-12-20T04:46:54.245+0000] {logging_mixin.py:188} INFO - [2024-12-20T04:46:54.245+0000] {dag.py:3947} INFO - Setting next_dagrun for example_subdag_operator.section-1 to None, run_after=None
[2024-12-20T04:46:54.246+0000] {logging_mixin.py:188} INFO - [2024-12-20T04:46:54.246+0000] {dag.py:3947} INFO - Setting next_dagrun for example_subdag_operator.section-2 to None, run_after=None
[2024-12-20T04:46:54.255+0000] {processor.py:183} INFO - Processing /home/airflow/.local/lib/python3.12/site-packages/airflow/example_dags/example_subdag_operator.py took 0.123 seconds
[2024-12-20T04:47:24.583+0000] {processor.py:161} INFO - Started process (PID=3845) to work on /home/airflow/.local/lib/python3.12/site-packages/airflow/example_dags/example_subdag_operator.py
[2024-12-20T04:47:24.584+0000] {processor.py:830} INFO - Processing file /home/airflow/.local/lib/python3.12/site-packages/airflow/example_dags/example_subdag_operator.py for tasks to queue
[2024-12-20T04:47:24.586+0000] {logging_mixin.py:188} INFO - [2024-12-20T04:47:24.585+0000] {dagbag.py:545} INFO - Filling up the DagBag from /home/airflow/.local/lib/python3.12/site-packages/airflow/example_dags/example_subdag_operator.py
[2024-12-20T04:47:24.607+0000] {processor.py:840} INFO - DAG(s) 'example_subdag_operator.section-1', 'example_subdag_operator.section-2', 'example_subdag_operator' retrieved from /home/airflow/.local/lib/python3.12/site-packages/airflow/example_dags/example_subdag_operator.py
[2024-12-20T04:47:24.617+0000] {logging_mixin.py:188} INFO - [2024-12-20T04:47:24.617+0000] {dag.py:3089} INFO - Sync 3 DAGs
[2024-12-20T04:47:24.630+0000] {logging_mixin.py:188} INFO - [2024-12-20T04:47:24.629+0000] {dag.py:3947} INFO - Setting next_dagrun for example_subdag_operator to 2022-01-01 00:00:00+00:00, run_after=2022-01-01 00:00:00+00:00
[2024-12-20T04:47:24.632+0000] {logging_mixin.py:188} INFO - [2024-12-20T04:47:24.631+0000] {dag.py:3947} INFO - Setting next_dagrun for example_subdag_operator.section-1 to None, run_after=None
[2024-12-20T04:47:24.632+0000] {logging_mixin.py:188} INFO - [2024-12-20T04:47:24.632+0000] {dag.py:3947} INFO - Setting next_dagrun for example_subdag_operator.section-2 to None, run_after=None
[2024-12-20T04:47:24.637+0000] {logging_mixin.py:188} INFO - [2024-12-20T04:47:24.637+0000] {dag.py:3089} INFO - Sync 2 DAGs
[2024-12-20T04:47:24.639+0000] {logging_mixin.py:188} INFO - [2024-12-20T04:47:24.639+0000] {dag.py:3947} INFO - Setting next_dagrun for example_subdag_operator.section-1 to None, run_after=None
[2024-12-20T04:47:24.640+0000] {logging_mixin.py:188} INFO - [2024-12-20T04:47:24.640+0000] {dag.py:3947} INFO - Setting next_dagrun for example_subdag_operator.section-2 to None, run_after=None
[2024-12-20T04:47:24.644+0000] {processor.py:183} INFO - Processing /home/airflow/.local/lib/python3.12/site-packages/airflow/example_dags/example_subdag_operator.py took 0.067 seconds
