[2024-12-20T04:27:33.882+0000] {processor.py:161} INFO - Started process (PID=316) to work on /home/airflow/.local/lib/python3.12/site-packages/airflow/example_dags/example_bash_decorator.py
[2024-12-20T04:27:33.884+0000] {processor.py:830} INFO - Processing file /home/airflow/.local/lib/python3.12/site-packages/airflow/example_dags/example_bash_decorator.py for tasks to queue
[2024-12-20T04:27:33.891+0000] {logging_mixin.py:188} INFO - [2024-12-20T04:27:33.891+0000] {dagbag.py:545} INFO - Filling up the DagBag from /home/airflow/.local/lib/python3.12/site-packages/airflow/example_dags/example_bash_decorator.py
[2024-12-20T04:27:33.915+0000] {processor.py:840} INFO - DAG(s) 'example_bash_decorator' retrieved from /home/airflow/.local/lib/python3.12/site-packages/airflow/example_dags/example_bash_decorator.py
[2024-12-20T04:27:34.180+0000] {logging_mixin.py:188} INFO - [2024-12-20T04:27:34.180+0000] {dag.py:3089} INFO - Sync 1 DAGs
[2024-12-20T04:27:34.192+0000] {logging_mixin.py:188} INFO - [2024-12-20T04:27:34.191+0000] {dag.py:3947} INFO - Setting next_dagrun for example_bash_decorator to None, run_after=None
[2024-12-20T04:27:34.221+0000] {processor.py:183} INFO - Processing /home/airflow/.local/lib/python3.12/site-packages/airflow/example_dags/example_bash_decorator.py took 0.370 seconds
[2024-12-20T04:30:02.021+0000] {processor.py:161} INFO - Started process (PID=310) to work on /home/airflow/.local/lib/python3.12/site-packages/airflow/example_dags/example_bash_decorator.py
[2024-12-20T04:30:02.023+0000] {processor.py:830} INFO - Processing file /home/airflow/.local/lib/python3.12/site-packages/airflow/example_dags/example_bash_decorator.py for tasks to queue
[2024-12-20T04:30:02.024+0000] {logging_mixin.py:188} INFO - [2024-12-20T04:30:02.024+0000] {dagbag.py:545} INFO - Filling up the DagBag from /home/airflow/.local/lib/python3.12/site-packages/airflow/example_dags/example_bash_decorator.py
[2024-12-20T04:30:02.040+0000] {processor.py:840} INFO - DAG(s) 'example_bash_decorator' retrieved from /home/airflow/.local/lib/python3.12/site-packages/airflow/example_dags/example_bash_decorator.py
[2024-12-20T04:30:02.142+0000] {logging_mixin.py:188} INFO - [2024-12-20T04:30:02.141+0000] {dag.py:3089} INFO - Sync 1 DAGs
[2024-12-20T04:30:02.152+0000] {logging_mixin.py:188} INFO - [2024-12-20T04:30:02.152+0000] {dag.py:3947} INFO - Setting next_dagrun for example_bash_decorator to None, run_after=None
[2024-12-20T04:30:02.179+0000] {processor.py:183} INFO - Processing /home/airflow/.local/lib/python3.12/site-packages/airflow/example_dags/example_bash_decorator.py took 0.162 seconds
[2024-12-20T04:37:17.456+0000] {processor.py:161} INFO - Started process (PID=311) to work on /home/airflow/.local/lib/python3.12/site-packages/airflow/example_dags/example_bash_decorator.py
[2024-12-20T04:37:17.457+0000] {processor.py:830} INFO - Processing file /home/airflow/.local/lib/python3.12/site-packages/airflow/example_dags/example_bash_decorator.py for tasks to queue
[2024-12-20T04:37:17.469+0000] {logging_mixin.py:188} INFO - [2024-12-20T04:37:17.466+0000] {dagbag.py:545} INFO - Filling up the DagBag from /home/airflow/.local/lib/python3.12/site-packages/airflow/example_dags/example_bash_decorator.py
[2024-12-20T04:37:17.572+0000] {processor.py:840} INFO - DAG(s) 'example_bash_decorator' retrieved from /home/airflow/.local/lib/python3.12/site-packages/airflow/example_dags/example_bash_decorator.py
[2024-12-20T04:37:17.684+0000] {logging_mixin.py:188} INFO - [2024-12-20T04:37:17.682+0000] {dag.py:3089} INFO - Sync 1 DAGs
[2024-12-20T04:37:17.796+0000] {logging_mixin.py:188} INFO - [2024-12-20T04:37:17.796+0000] {dag.py:3947} INFO - Setting next_dagrun for example_bash_decorator to None, run_after=None
[2024-12-20T04:37:17.869+0000] {processor.py:183} INFO - Processing /home/airflow/.local/lib/python3.12/site-packages/airflow/example_dags/example_bash_decorator.py took 0.433 seconds
[2024-12-20T04:38:55.546+0000] {processor.py:161} INFO - Started process (PID=722) to work on /home/airflow/.local/lib/python3.12/site-packages/airflow/example_dags/example_bash_decorator.py
[2024-12-20T04:38:55.548+0000] {processor.py:830} INFO - Processing file /home/airflow/.local/lib/python3.12/site-packages/airflow/example_dags/example_bash_decorator.py for tasks to queue
[2024-12-20T04:38:55.550+0000] {logging_mixin.py:188} INFO - [2024-12-20T04:38:55.550+0000] {dagbag.py:545} INFO - Filling up the DagBag from /home/airflow/.local/lib/python3.12/site-packages/airflow/example_dags/example_bash_decorator.py
[2024-12-20T04:38:55.561+0000] {processor.py:840} INFO - DAG(s) 'example_bash_decorator' retrieved from /home/airflow/.local/lib/python3.12/site-packages/airflow/example_dags/example_bash_decorator.py
[2024-12-20T04:38:55.631+0000] {logging_mixin.py:188} INFO - [2024-12-20T04:38:55.630+0000] {dag.py:3089} INFO - Sync 1 DAGs
[2024-12-20T04:38:55.637+0000] {logging_mixin.py:188} INFO - [2024-12-20T04:38:55.637+0000] {dag.py:3947} INFO - Setting next_dagrun for example_bash_decorator to None, run_after=None
[2024-12-20T04:38:55.649+0000] {processor.py:183} INFO - Processing /home/airflow/.local/lib/python3.12/site-packages/airflow/example_dags/example_bash_decorator.py took 0.108 seconds
[2024-12-20T04:39:26.195+0000] {processor.py:161} INFO - Started process (PID=999) to work on /home/airflow/.local/lib/python3.12/site-packages/airflow/example_dags/example_bash_decorator.py
[2024-12-20T04:39:26.195+0000] {processor.py:830} INFO - Processing file /home/airflow/.local/lib/python3.12/site-packages/airflow/example_dags/example_bash_decorator.py for tasks to queue
[2024-12-20T04:39:26.197+0000] {logging_mixin.py:188} INFO - [2024-12-20T04:39:26.196+0000] {dagbag.py:545} INFO - Filling up the DagBag from /home/airflow/.local/lib/python3.12/site-packages/airflow/example_dags/example_bash_decorator.py
[2024-12-20T04:39:26.204+0000] {processor.py:840} INFO - DAG(s) 'example_bash_decorator' retrieved from /home/airflow/.local/lib/python3.12/site-packages/airflow/example_dags/example_bash_decorator.py
[2024-12-20T04:39:26.216+0000] {logging_mixin.py:188} INFO - [2024-12-20T04:39:26.216+0000] {dag.py:3089} INFO - Sync 1 DAGs
[2024-12-20T04:39:26.224+0000] {logging_mixin.py:188} INFO - [2024-12-20T04:39:26.224+0000] {dag.py:3947} INFO - Setting next_dagrun for example_bash_decorator to None, run_after=None
[2024-12-20T04:39:26.236+0000] {processor.py:183} INFO - Processing /home/airflow/.local/lib/python3.12/site-packages/airflow/example_dags/example_bash_decorator.py took 0.045 seconds
[2024-12-20T04:39:56.794+0000] {processor.py:161} INFO - Started process (PID=1276) to work on /home/airflow/.local/lib/python3.12/site-packages/airflow/example_dags/example_bash_decorator.py
[2024-12-20T04:39:56.796+0000] {processor.py:830} INFO - Processing file /home/airflow/.local/lib/python3.12/site-packages/airflow/example_dags/example_bash_decorator.py for tasks to queue
[2024-12-20T04:39:56.800+0000] {logging_mixin.py:188} INFO - [2024-12-20T04:39:56.799+0000] {dagbag.py:545} INFO - Filling up the DagBag from /home/airflow/.local/lib/python3.12/site-packages/airflow/example_dags/example_bash_decorator.py
[2024-12-20T04:39:56.871+0000] {processor.py:840} INFO - DAG(s) 'example_bash_decorator' retrieved from /home/airflow/.local/lib/python3.12/site-packages/airflow/example_dags/example_bash_decorator.py
[2024-12-20T04:39:57.013+0000] {logging_mixin.py:188} INFO - [2024-12-20T04:39:57.011+0000] {dag.py:3089} INFO - Sync 1 DAGs
[2024-12-20T04:39:57.045+0000] {logging_mixin.py:188} INFO - [2024-12-20T04:39:57.045+0000] {dag.py:3947} INFO - Setting next_dagrun for example_bash_decorator to None, run_after=None
[2024-12-20T04:39:57.074+0000] {processor.py:183} INFO - Processing /home/airflow/.local/lib/python3.12/site-packages/airflow/example_dags/example_bash_decorator.py took 0.288 seconds
[2024-12-20T04:41:27.806+0000] {processor.py:161} INFO - Started process (PID=1645) to work on /home/airflow/.local/lib/python3.12/site-packages/airflow/example_dags/example_bash_decorator.py
[2024-12-20T04:41:27.875+0000] {processor.py:830} INFO - Processing file /home/airflow/.local/lib/python3.12/site-packages/airflow/example_dags/example_bash_decorator.py for tasks to queue
[2024-12-20T04:41:27.993+0000] {logging_mixin.py:188} INFO - [2024-12-20T04:41:27.973+0000] {dagbag.py:545} INFO - Filling up the DagBag from /home/airflow/.local/lib/python3.12/site-packages/airflow/example_dags/example_bash_decorator.py
[2024-12-20T04:41:28.840+0000] {processor.py:840} INFO - DAG(s) 'example_bash_decorator' retrieved from /home/airflow/.local/lib/python3.12/site-packages/airflow/example_dags/example_bash_decorator.py
[2024-12-20T04:41:29.517+0000] {logging_mixin.py:188} INFO - [2024-12-20T04:41:29.515+0000] {dag.py:3089} INFO - Sync 1 DAGs
[2024-12-20T04:41:29.751+0000] {logging_mixin.py:188} INFO - [2024-12-20T04:41:29.750+0000] {dag.py:3947} INFO - Setting next_dagrun for example_bash_decorator to None, run_after=None
[2024-12-20T04:41:30.406+0000] {processor.py:183} INFO - Processing /home/airflow/.local/lib/python3.12/site-packages/airflow/example_dags/example_bash_decorator.py took 3.048 seconds
[2024-12-20T04:42:12.936+0000] {processor.py:161} INFO - Started process (PID=1968) to work on /home/airflow/.local/lib/python3.12/site-packages/airflow/example_dags/example_bash_decorator.py
[2024-12-20T04:42:12.952+0000] {processor.py:830} INFO - Processing file /home/airflow/.local/lib/python3.12/site-packages/airflow/example_dags/example_bash_decorator.py for tasks to queue
[2024-12-20T04:42:12.963+0000] {logging_mixin.py:188} INFO - [2024-12-20T04:42:12.962+0000] {dagbag.py:545} INFO - Filling up the DagBag from /home/airflow/.local/lib/python3.12/site-packages/airflow/example_dags/example_bash_decorator.py
[2024-12-20T04:42:13.058+0000] {processor.py:840} INFO - DAG(s) 'example_bash_decorator' retrieved from /home/airflow/.local/lib/python3.12/site-packages/airflow/example_dags/example_bash_decorator.py
[2024-12-20T04:42:13.223+0000] {logging_mixin.py:188} INFO - [2024-12-20T04:42:13.223+0000] {dag.py:3089} INFO - Sync 1 DAGs
[2024-12-20T04:42:13.270+0000] {logging_mixin.py:188} INFO - [2024-12-20T04:42:13.270+0000] {dag.py:3947} INFO - Setting next_dagrun for example_bash_decorator to None, run_after=None
[2024-12-20T04:42:13.528+0000] {processor.py:183} INFO - Processing /home/airflow/.local/lib/python3.12/site-packages/airflow/example_dags/example_bash_decorator.py took 0.631 seconds
[2024-12-20T04:42:59.137+0000] {processor.py:161} INFO - Started process (PID=2267) to work on /home/airflow/.local/lib/python3.12/site-packages/airflow/example_dags/example_bash_decorator.py
[2024-12-20T04:42:59.139+0000] {processor.py:830} INFO - Processing file /home/airflow/.local/lib/python3.12/site-packages/airflow/example_dags/example_bash_decorator.py for tasks to queue
[2024-12-20T04:42:59.142+0000] {logging_mixin.py:188} INFO - [2024-12-20T04:42:59.141+0000] {dagbag.py:545} INFO - Filling up the DagBag from /home/airflow/.local/lib/python3.12/site-packages/airflow/example_dags/example_bash_decorator.py
[2024-12-20T04:42:59.161+0000] {processor.py:840} INFO - DAG(s) 'example_bash_decorator' retrieved from /home/airflow/.local/lib/python3.12/site-packages/airflow/example_dags/example_bash_decorator.py
[2024-12-20T04:42:59.211+0000] {logging_mixin.py:188} INFO - [2024-12-20T04:42:59.211+0000] {dag.py:3089} INFO - Sync 1 DAGs
[2024-12-20T04:42:59.225+0000] {logging_mixin.py:188} INFO - [2024-12-20T04:42:59.225+0000] {dag.py:3947} INFO - Setting next_dagrun for example_bash_decorator to None, run_after=None
[2024-12-20T04:42:59.242+0000] {processor.py:183} INFO - Processing /home/airflow/.local/lib/python3.12/site-packages/airflow/example_dags/example_bash_decorator.py took 0.114 seconds
[2024-12-20T04:44:20.888+0000] {processor.py:161} INFO - Started process (PID=2621) to work on /home/airflow/.local/lib/python3.12/site-packages/airflow/example_dags/example_bash_decorator.py
[2024-12-20T04:44:20.903+0000] {processor.py:830} INFO - Processing file /home/airflow/.local/lib/python3.12/site-packages/airflow/example_dags/example_bash_decorator.py for tasks to queue
[2024-12-20T04:44:20.951+0000] {logging_mixin.py:188} INFO - [2024-12-20T04:44:20.950+0000] {dagbag.py:545} INFO - Filling up the DagBag from /home/airflow/.local/lib/python3.12/site-packages/airflow/example_dags/example_bash_decorator.py
[2024-12-20T04:44:21.282+0000] {processor.py:840} INFO - DAG(s) 'example_bash_decorator' retrieved from /home/airflow/.local/lib/python3.12/site-packages/airflow/example_dags/example_bash_decorator.py
[2024-12-20T04:44:21.984+0000] {logging_mixin.py:188} INFO - [2024-12-20T04:44:21.975+0000] {dag.py:3089} INFO - Sync 1 DAGs
[2024-12-20T04:44:22.768+0000] {logging_mixin.py:188} INFO - [2024-12-20T04:44:22.716+0000] {dag.py:3947} INFO - Setting next_dagrun for example_bash_decorator to None, run_after=None
[2024-12-20T04:44:23.168+0000] {processor.py:183} INFO - Processing /home/airflow/.local/lib/python3.12/site-packages/airflow/example_dags/example_bash_decorator.py took 2.608 seconds
[2024-12-20T04:44:54.016+0000] {processor.py:161} INFO - Started process (PID=2939) to work on /home/airflow/.local/lib/python3.12/site-packages/airflow/example_dags/example_bash_decorator.py
[2024-12-20T04:44:54.019+0000] {processor.py:830} INFO - Processing file /home/airflow/.local/lib/python3.12/site-packages/airflow/example_dags/example_bash_decorator.py for tasks to queue
[2024-12-20T04:44:54.039+0000] {logging_mixin.py:188} INFO - [2024-12-20T04:44:54.038+0000] {dagbag.py:545} INFO - Filling up the DagBag from /home/airflow/.local/lib/python3.12/site-packages/airflow/example_dags/example_bash_decorator.py
[2024-12-20T04:44:54.114+0000] {processor.py:840} INFO - DAG(s) 'example_bash_decorator' retrieved from /home/airflow/.local/lib/python3.12/site-packages/airflow/example_dags/example_bash_decorator.py
[2024-12-20T04:44:54.213+0000] {logging_mixin.py:188} INFO - [2024-12-20T04:44:54.213+0000] {dag.py:3089} INFO - Sync 1 DAGs
[2024-12-20T04:44:54.321+0000] {logging_mixin.py:188} INFO - [2024-12-20T04:44:54.321+0000] {dag.py:3947} INFO - Setting next_dagrun for example_bash_decorator to None, run_after=None
[2024-12-20T04:44:54.417+0000] {processor.py:183} INFO - Processing /home/airflow/.local/lib/python3.12/site-packages/airflow/example_dags/example_bash_decorator.py took 0.445 seconds
[2024-12-20T04:45:59.230+0000] {processor.py:161} INFO - Started process (PID=3159) to work on /home/airflow/.local/lib/python3.12/site-packages/airflow/example_dags/example_bash_decorator.py
[2024-12-20T04:45:59.231+0000] {processor.py:830} INFO - Processing file /home/airflow/.local/lib/python3.12/site-packages/airflow/example_dags/example_bash_decorator.py for tasks to queue
[2024-12-20T04:45:59.233+0000] {logging_mixin.py:188} INFO - [2024-12-20T04:45:59.233+0000] {dagbag.py:545} INFO - Filling up the DagBag from /home/airflow/.local/lib/python3.12/site-packages/airflow/example_dags/example_bash_decorator.py
[2024-12-20T04:45:59.247+0000] {processor.py:840} INFO - DAG(s) 'example_bash_decorator' retrieved from /home/airflow/.local/lib/python3.12/site-packages/airflow/example_dags/example_bash_decorator.py
[2024-12-20T04:45:59.278+0000] {logging_mixin.py:188} INFO - [2024-12-20T04:45:59.278+0000] {dag.py:3089} INFO - Sync 1 DAGs
[2024-12-20T04:45:59.292+0000] {logging_mixin.py:188} INFO - [2024-12-20T04:45:59.292+0000] {dag.py:3947} INFO - Setting next_dagrun for example_bash_decorator to None, run_after=None
[2024-12-20T04:45:59.308+0000] {processor.py:183} INFO - Processing /home/airflow/.local/lib/python3.12/site-packages/airflow/example_dags/example_bash_decorator.py took 0.083 seconds
[2024-12-20T04:46:30.015+0000] {processor.py:161} INFO - Started process (PID=3436) to work on /home/airflow/.local/lib/python3.12/site-packages/airflow/example_dags/example_bash_decorator.py
[2024-12-20T04:46:30.016+0000] {processor.py:830} INFO - Processing file /home/airflow/.local/lib/python3.12/site-packages/airflow/example_dags/example_bash_decorator.py for tasks to queue
[2024-12-20T04:46:30.018+0000] {logging_mixin.py:188} INFO - [2024-12-20T04:46:30.018+0000] {dagbag.py:545} INFO - Filling up the DagBag from /home/airflow/.local/lib/python3.12/site-packages/airflow/example_dags/example_bash_decorator.py
[2024-12-20T04:46:30.034+0000] {processor.py:840} INFO - DAG(s) 'example_bash_decorator' retrieved from /home/airflow/.local/lib/python3.12/site-packages/airflow/example_dags/example_bash_decorator.py
[2024-12-20T04:46:30.060+0000] {logging_mixin.py:188} INFO - [2024-12-20T04:46:30.060+0000] {dag.py:3089} INFO - Sync 1 DAGs
[2024-12-20T04:46:30.085+0000] {logging_mixin.py:188} INFO - [2024-12-20T04:46:30.084+0000] {dag.py:3947} INFO - Setting next_dagrun for example_bash_decorator to None, run_after=None
[2024-12-20T04:46:30.103+0000] {processor.py:183} INFO - Processing /home/airflow/.local/lib/python3.12/site-packages/airflow/example_dags/example_bash_decorator.py took 0.097 seconds
[2024-12-20T04:47:00.603+0000] {processor.py:161} INFO - Started process (PID=3713) to work on /home/airflow/.local/lib/python3.12/site-packages/airflow/example_dags/example_bash_decorator.py
[2024-12-20T04:47:00.604+0000] {processor.py:830} INFO - Processing file /home/airflow/.local/lib/python3.12/site-packages/airflow/example_dags/example_bash_decorator.py for tasks to queue
[2024-12-20T04:47:00.606+0000] {logging_mixin.py:188} INFO - [2024-12-20T04:47:00.606+0000] {dagbag.py:545} INFO - Filling up the DagBag from /home/airflow/.local/lib/python3.12/site-packages/airflow/example_dags/example_bash_decorator.py
[2024-12-20T04:47:00.619+0000] {processor.py:840} INFO - DAG(s) 'example_bash_decorator' retrieved from /home/airflow/.local/lib/python3.12/site-packages/airflow/example_dags/example_bash_decorator.py
[2024-12-20T04:47:00.642+0000] {logging_mixin.py:188} INFO - [2024-12-20T04:47:00.641+0000] {dag.py:3089} INFO - Sync 1 DAGs
[2024-12-20T04:47:00.656+0000] {logging_mixin.py:188} INFO - [2024-12-20T04:47:00.656+0000] {dag.py:3947} INFO - Setting next_dagrun for example_bash_decorator to None, run_after=None
[2024-12-20T04:47:00.669+0000] {processor.py:183} INFO - Processing /home/airflow/.local/lib/python3.12/site-packages/airflow/example_dags/example_bash_decorator.py took 0.070 seconds
