[2024-12-20T04:30:04.066+0000] {processor.py:161} INFO - Started process (PID=365) to work on /home/airflow/.local/lib/python3.12/site-packages/airflow/example_dags/tutorial.py
[2024-12-20T04:30:04.068+0000] {processor.py:830} INFO - Processing file /home/airflow/.local/lib/python3.12/site-packages/airflow/example_dags/tutorial.py for tasks to queue
[2024-12-20T04:30:04.076+0000] {logging_mixin.py:188} INFO - [2024-12-20T04:30:04.076+0000] {dagbag.py:545} INFO - Filling up the DagBag from /home/airflow/.local/lib/python3.12/site-packages/airflow/example_dags/tutorial.py
[2024-12-20T04:30:04.081+0000] {processor.py:840} INFO - DAG(s) 'tutorial' retrieved from /home/airflow/.local/lib/python3.12/site-packages/airflow/example_dags/tutorial.py
[2024-12-20T04:30:04.189+0000] {logging_mixin.py:188} INFO - [2024-12-20T04:30:04.189+0000] {dag.py:3089} INFO - Sync 1 DAGs
[2024-12-20T04:30:04.220+0000] {logging_mixin.py:188} INFO - [2024-12-20T04:30:04.219+0000] {dag.py:3947} INFO - Setting next_dagrun for tutorial to 2024-12-19 00:00:00+00:00, run_after=2024-12-20 00:00:00+00:00
[2024-12-20T04:30:04.239+0000] {processor.py:183} INFO - Processing /home/airflow/.local/lib/python3.12/site-packages/airflow/example_dags/tutorial.py took 0.180 seconds
[2024-12-20T04:37:18.671+0000] {processor.py:161} INFO - Started process (PID=367) to work on /home/airflow/.local/lib/python3.12/site-packages/airflow/example_dags/tutorial.py
[2024-12-20T04:37:18.676+0000] {processor.py:830} INFO - Processing file /home/airflow/.local/lib/python3.12/site-packages/airflow/example_dags/tutorial.py for tasks to queue
[2024-12-20T04:37:18.685+0000] {logging_mixin.py:188} INFO - [2024-12-20T04:37:18.684+0000] {dagbag.py:545} INFO - Filling up the DagBag from /home/airflow/.local/lib/python3.12/site-packages/airflow/example_dags/tutorial.py
[2024-12-20T04:37:18.692+0000] {processor.py:840} INFO - DAG(s) 'tutorial' retrieved from /home/airflow/.local/lib/python3.12/site-packages/airflow/example_dags/tutorial.py
[2024-12-20T04:37:18.705+0000] {logging_mixin.py:188} INFO - [2024-12-20T04:37:18.705+0000] {dag.py:3089} INFO - Sync 1 DAGs
[2024-12-20T04:37:18.757+0000] {logging_mixin.py:188} INFO - [2024-12-20T04:37:18.756+0000] {dag.py:3947} INFO - Setting next_dagrun for tutorial to 2024-12-19 00:00:00+00:00, run_after=2024-12-20 00:00:00+00:00
[2024-12-20T04:37:18.796+0000] {processor.py:183} INFO - Processing /home/airflow/.local/lib/python3.12/site-packages/airflow/example_dags/tutorial.py took 0.133 seconds
[2024-12-20T04:38:56.323+0000] {processor.py:161} INFO - Started process (PID=777) to work on /home/airflow/.local/lib/python3.12/site-packages/airflow/example_dags/tutorial.py
[2024-12-20T04:38:56.324+0000] {processor.py:830} INFO - Processing file /home/airflow/.local/lib/python3.12/site-packages/airflow/example_dags/tutorial.py for tasks to queue
[2024-12-20T04:38:56.325+0000] {logging_mixin.py:188} INFO - [2024-12-20T04:38:56.325+0000] {dagbag.py:545} INFO - Filling up the DagBag from /home/airflow/.local/lib/python3.12/site-packages/airflow/example_dags/tutorial.py
[2024-12-20T04:38:56.329+0000] {processor.py:840} INFO - DAG(s) 'tutorial' retrieved from /home/airflow/.local/lib/python3.12/site-packages/airflow/example_dags/tutorial.py
[2024-12-20T04:38:56.401+0000] {logging_mixin.py:188} INFO - [2024-12-20T04:38:56.401+0000] {dag.py:3089} INFO - Sync 1 DAGs
[2024-12-20T04:38:56.414+0000] {logging_mixin.py:188} INFO - [2024-12-20T04:38:56.414+0000] {dag.py:3947} INFO - Setting next_dagrun for tutorial to 2024-12-19 00:00:00+00:00, run_after=2024-12-20 00:00:00+00:00
[2024-12-20T04:38:56.424+0000] {processor.py:183} INFO - Processing /home/airflow/.local/lib/python3.12/site-packages/airflow/example_dags/tutorial.py took 0.105 seconds
[2024-12-20T04:39:26.565+0000] {processor.py:161} INFO - Started process (PID=1054) to work on /home/airflow/.local/lib/python3.12/site-packages/airflow/example_dags/tutorial.py
[2024-12-20T04:39:26.566+0000] {processor.py:830} INFO - Processing file /home/airflow/.local/lib/python3.12/site-packages/airflow/example_dags/tutorial.py for tasks to queue
[2024-12-20T04:39:26.567+0000] {logging_mixin.py:188} INFO - [2024-12-20T04:39:26.567+0000] {dagbag.py:545} INFO - Filling up the DagBag from /home/airflow/.local/lib/python3.12/site-packages/airflow/example_dags/tutorial.py
[2024-12-20T04:39:26.572+0000] {processor.py:840} INFO - DAG(s) 'tutorial' retrieved from /home/airflow/.local/lib/python3.12/site-packages/airflow/example_dags/tutorial.py
[2024-12-20T04:39:26.593+0000] {logging_mixin.py:188} INFO - [2024-12-20T04:39:26.592+0000] {dag.py:3089} INFO - Sync 1 DAGs
[2024-12-20T04:39:26.608+0000] {logging_mixin.py:188} INFO - [2024-12-20T04:39:26.608+0000] {dag.py:3947} INFO - Setting next_dagrun for tutorial to 2024-12-19 00:00:00+00:00, run_after=2024-12-20 00:00:00+00:00
[2024-12-20T04:39:26.620+0000] {processor.py:183} INFO - Processing /home/airflow/.local/lib/python3.12/site-packages/airflow/example_dags/tutorial.py took 0.059 seconds
[2024-12-20T04:39:57.551+0000] {processor.py:161} INFO - Started process (PID=1331) to work on /home/airflow/.local/lib/python3.12/site-packages/airflow/example_dags/tutorial.py
[2024-12-20T04:39:57.552+0000] {processor.py:830} INFO - Processing file /home/airflow/.local/lib/python3.12/site-packages/airflow/example_dags/tutorial.py for tasks to queue
[2024-12-20T04:39:57.553+0000] {logging_mixin.py:188} INFO - [2024-12-20T04:39:57.553+0000] {dagbag.py:545} INFO - Filling up the DagBag from /home/airflow/.local/lib/python3.12/site-packages/airflow/example_dags/tutorial.py
[2024-12-20T04:39:57.558+0000] {processor.py:840} INFO - DAG(s) 'tutorial' retrieved from /home/airflow/.local/lib/python3.12/site-packages/airflow/example_dags/tutorial.py
[2024-12-20T04:39:57.578+0000] {logging_mixin.py:188} INFO - [2024-12-20T04:39:57.578+0000] {dag.py:3089} INFO - Sync 1 DAGs
[2024-12-20T04:39:57.589+0000] {logging_mixin.py:188} INFO - [2024-12-20T04:39:57.589+0000] {dag.py:3947} INFO - Setting next_dagrun for tutorial to 2024-12-19 00:00:00+00:00, run_after=2024-12-20 00:00:00+00:00
[2024-12-20T04:39:57.603+0000] {processor.py:183} INFO - Processing /home/airflow/.local/lib/python3.12/site-packages/airflow/example_dags/tutorial.py took 0.060 seconds
[2024-12-20T04:41:49.812+0000] {processor.py:161} INFO - Started process (PID=1725) to work on /home/airflow/.local/lib/python3.12/site-packages/airflow/example_dags/tutorial.py
[2024-12-20T04:41:49.820+0000] {processor.py:830} INFO - Processing file /home/airflow/.local/lib/python3.12/site-packages/airflow/example_dags/tutorial.py for tasks to queue
[2024-12-20T04:41:49.842+0000] {logging_mixin.py:188} INFO - [2024-12-20T04:41:49.840+0000] {dagbag.py:545} INFO - Filling up the DagBag from /home/airflow/.local/lib/python3.12/site-packages/airflow/example_dags/tutorial.py
[2024-12-20T04:41:49.969+0000] {processor.py:840} INFO - DAG(s) 'tutorial' retrieved from /home/airflow/.local/lib/python3.12/site-packages/airflow/example_dags/tutorial.py
[2024-12-20T04:41:50.392+0000] {logging_mixin.py:188} INFO - [2024-12-20T04:41:50.391+0000] {dag.py:3089} INFO - Sync 1 DAGs
[2024-12-20T04:41:50.587+0000] {logging_mixin.py:188} INFO - [2024-12-20T04:41:50.585+0000] {dag.py:3947} INFO - Setting next_dagrun for tutorial to 2024-12-19 00:00:00+00:00, run_after=2024-12-20 00:00:00+00:00
[2024-12-20T04:41:50.747+0000] {processor.py:183} INFO - Processing /home/airflow/.local/lib/python3.12/site-packages/airflow/example_dags/tutorial.py took 1.015 seconds
[2024-12-20T04:42:22.319+0000] {processor.py:161} INFO - Started process (PID=2051) to work on /home/airflow/.local/lib/python3.12/site-packages/airflow/example_dags/tutorial.py
[2024-12-20T04:42:22.336+0000] {processor.py:830} INFO - Processing file /home/airflow/.local/lib/python3.12/site-packages/airflow/example_dags/tutorial.py for tasks to queue
[2024-12-20T04:42:22.364+0000] {logging_mixin.py:188} INFO - [2024-12-20T04:42:22.363+0000] {dagbag.py:545} INFO - Filling up the DagBag from /home/airflow/.local/lib/python3.12/site-packages/airflow/example_dags/tutorial.py
[2024-12-20T04:42:22.435+0000] {processor.py:840} INFO - DAG(s) 'tutorial' retrieved from /home/airflow/.local/lib/python3.12/site-packages/airflow/example_dags/tutorial.py
[2024-12-20T04:42:22.687+0000] {logging_mixin.py:188} INFO - [2024-12-20T04:42:22.685+0000] {dag.py:3089} INFO - Sync 1 DAGs
[2024-12-20T04:42:22.880+0000] {logging_mixin.py:188} INFO - [2024-12-20T04:42:22.880+0000] {dag.py:3947} INFO - Setting next_dagrun for tutorial to 2024-12-19 00:00:00+00:00, run_after=2024-12-20 00:00:00+00:00
[2024-12-20T04:42:23.046+0000] {processor.py:183} INFO - Processing /home/airflow/.local/lib/python3.12/site-packages/airflow/example_dags/tutorial.py took 0.757 seconds
[2024-12-20T04:43:04.305+0000] {processor.py:161} INFO - Started process (PID=2353) to work on /home/airflow/.local/lib/python3.12/site-packages/airflow/example_dags/tutorial.py
[2024-12-20T04:43:04.306+0000] {processor.py:830} INFO - Processing file /home/airflow/.local/lib/python3.12/site-packages/airflow/example_dags/tutorial.py for tasks to queue
[2024-12-20T04:43:04.308+0000] {logging_mixin.py:188} INFO - [2024-12-20T04:43:04.308+0000] {dagbag.py:545} INFO - Filling up the DagBag from /home/airflow/.local/lib/python3.12/site-packages/airflow/example_dags/tutorial.py
[2024-12-20T04:43:04.317+0000] {processor.py:840} INFO - DAG(s) 'tutorial' retrieved from /home/airflow/.local/lib/python3.12/site-packages/airflow/example_dags/tutorial.py
[2024-12-20T04:43:04.349+0000] {logging_mixin.py:188} INFO - [2024-12-20T04:43:04.348+0000] {dag.py:3089} INFO - Sync 1 DAGs
[2024-12-20T04:43:04.373+0000] {logging_mixin.py:188} INFO - [2024-12-20T04:43:04.373+0000] {dag.py:3947} INFO - Setting next_dagrun for tutorial to 2024-12-19 00:00:00+00:00, run_after=2024-12-20 00:00:00+00:00
[2024-12-20T04:43:04.391+0000] {processor.py:183} INFO - Processing /home/airflow/.local/lib/python3.12/site-packages/airflow/example_dags/tutorial.py took 0.093 seconds
[2024-12-20T04:44:49.271+0000] {processor.py:161} INFO - Started process (PID=2826) to work on /home/airflow/.local/lib/python3.12/site-packages/airflow/example_dags/tutorial.py
[2024-12-20T04:44:49.274+0000] {processor.py:830} INFO - Processing file /home/airflow/.local/lib/python3.12/site-packages/airflow/example_dags/tutorial.py for tasks to queue
[2024-12-20T04:44:49.291+0000] {logging_mixin.py:188} INFO - [2024-12-20T04:44:49.282+0000] {dagbag.py:545} INFO - Filling up the DagBag from /home/airflow/.local/lib/python3.12/site-packages/airflow/example_dags/tutorial.py
[2024-12-20T04:44:49.337+0000] {processor.py:840} INFO - DAG(s) 'tutorial' retrieved from /home/airflow/.local/lib/python3.12/site-packages/airflow/example_dags/tutorial.py
[2024-12-20T04:44:49.423+0000] {logging_mixin.py:188} INFO - [2024-12-20T04:44:49.422+0000] {dag.py:3089} INFO - Sync 1 DAGs
[2024-12-20T04:44:49.801+0000] {logging_mixin.py:188} INFO - [2024-12-20T04:44:49.793+0000] {dag.py:3947} INFO - Setting next_dagrun for tutorial to 2024-12-19 00:00:00+00:00, run_after=2024-12-20 00:00:00+00:00
[2024-12-20T04:44:50.059+0000] {processor.py:183} INFO - Processing /home/airflow/.local/lib/python3.12/site-packages/airflow/example_dags/tutorial.py took 0.812 seconds
[2024-12-20T04:45:59.704+0000] {processor.py:161} INFO - Started process (PID=3199) to work on /home/airflow/.local/lib/python3.12/site-packages/airflow/example_dags/tutorial.py
[2024-12-20T04:45:59.705+0000] {processor.py:830} INFO - Processing file /home/airflow/.local/lib/python3.12/site-packages/airflow/example_dags/tutorial.py for tasks to queue
[2024-12-20T04:45:59.706+0000] {logging_mixin.py:188} INFO - [2024-12-20T04:45:59.706+0000] {dagbag.py:545} INFO - Filling up the DagBag from /home/airflow/.local/lib/python3.12/site-packages/airflow/example_dags/tutorial.py
[2024-12-20T04:45:59.710+0000] {processor.py:840} INFO - DAG(s) 'tutorial' retrieved from /home/airflow/.local/lib/python3.12/site-packages/airflow/example_dags/tutorial.py
[2024-12-20T04:45:59.724+0000] {logging_mixin.py:188} INFO - [2024-12-20T04:45:59.724+0000] {dag.py:3089} INFO - Sync 1 DAGs
[2024-12-20T04:45:59.745+0000] {logging_mixin.py:188} INFO - [2024-12-20T04:45:59.745+0000] {dag.py:3947} INFO - Setting next_dagrun for tutorial to 2024-12-19 00:00:00+00:00, run_after=2024-12-20 00:00:00+00:00
[2024-12-20T04:45:59.759+0000] {processor.py:183} INFO - Processing /home/airflow/.local/lib/python3.12/site-packages/airflow/example_dags/tutorial.py took 0.060 seconds
[2024-12-20T04:46:30.358+0000] {processor.py:161} INFO - Started process (PID=3476) to work on /home/airflow/.local/lib/python3.12/site-packages/airflow/example_dags/tutorial.py
[2024-12-20T04:46:30.359+0000] {processor.py:830} INFO - Processing file /home/airflow/.local/lib/python3.12/site-packages/airflow/example_dags/tutorial.py for tasks to queue
[2024-12-20T04:46:30.360+0000] {logging_mixin.py:188} INFO - [2024-12-20T04:46:30.360+0000] {dagbag.py:545} INFO - Filling up the DagBag from /home/airflow/.local/lib/python3.12/site-packages/airflow/example_dags/tutorial.py
[2024-12-20T04:46:30.364+0000] {processor.py:840} INFO - DAG(s) 'tutorial' retrieved from /home/airflow/.local/lib/python3.12/site-packages/airflow/example_dags/tutorial.py
[2024-12-20T04:46:30.376+0000] {logging_mixin.py:188} INFO - [2024-12-20T04:46:30.375+0000] {dag.py:3089} INFO - Sync 1 DAGs
[2024-12-20T04:46:30.388+0000] {logging_mixin.py:188} INFO - [2024-12-20T04:46:30.388+0000] {dag.py:3947} INFO - Setting next_dagrun for tutorial to 2024-12-19 00:00:00+00:00, run_after=2024-12-20 00:00:00+00:00
[2024-12-20T04:46:30.397+0000] {processor.py:183} INFO - Processing /home/airflow/.local/lib/python3.12/site-packages/airflow/example_dags/tutorial.py took 0.043 seconds
[2024-12-20T04:47:00.911+0000] {processor.py:161} INFO - Started process (PID=3753) to work on /home/airflow/.local/lib/python3.12/site-packages/airflow/example_dags/tutorial.py
[2024-12-20T04:47:00.912+0000] {processor.py:830} INFO - Processing file /home/airflow/.local/lib/python3.12/site-packages/airflow/example_dags/tutorial.py for tasks to queue
[2024-12-20T04:47:00.913+0000] {logging_mixin.py:188} INFO - [2024-12-20T04:47:00.913+0000] {dagbag.py:545} INFO - Filling up the DagBag from /home/airflow/.local/lib/python3.12/site-packages/airflow/example_dags/tutorial.py
[2024-12-20T04:47:00.917+0000] {processor.py:840} INFO - DAG(s) 'tutorial' retrieved from /home/airflow/.local/lib/python3.12/site-packages/airflow/example_dags/tutorial.py
[2024-12-20T04:47:00.928+0000] {logging_mixin.py:188} INFO - [2024-12-20T04:47:00.928+0000] {dag.py:3089} INFO - Sync 1 DAGs
[2024-12-20T04:47:00.941+0000] {logging_mixin.py:188} INFO - [2024-12-20T04:47:00.941+0000] {dag.py:3947} INFO - Setting next_dagrun for tutorial to 2024-12-19 00:00:00+00:00, run_after=2024-12-20 00:00:00+00:00
[2024-12-20T04:47:00.950+0000] {processor.py:183} INFO - Processing /home/airflow/.local/lib/python3.12/site-packages/airflow/example_dags/tutorial.py took 0.043 seconds
