[2024-12-20T04:27:08.418+0000] {processor.py:161} INFO - Started process (PID=186) to work on /home/airflow/.local/lib/python3.12/site-packages/airflow/example_dags/tutorial_taskflow_api.py
[2024-12-20T04:27:08.428+0000] {processor.py:830} INFO - Processing file /home/airflow/.local/lib/python3.12/site-packages/airflow/example_dags/tutorial_taskflow_api.py for tasks to queue
[2024-12-20T04:27:08.446+0000] {logging_mixin.py:188} INFO - [2024-12-20T04:27:08.443+0000] {dagbag.py:545} INFO - Filling up the DagBag from /home/airflow/.local/lib/python3.12/site-packages/airflow/example_dags/tutorial_taskflow_api.py
[2024-12-20T04:27:08.491+0000] {processor.py:840} INFO - DAG(s) 'tutorial_taskflow_api' retrieved from /home/airflow/.local/lib/python3.12/site-packages/airflow/example_dags/tutorial_taskflow_api.py
[2024-12-20T04:27:08.936+0000] {logging_mixin.py:188} INFO - [2024-12-20T04:27:08.936+0000] {dag.py:3089} INFO - Sync 1 DAGs
[2024-12-20T04:27:09.005+0000] {logging_mixin.py:188} INFO - [2024-12-20T04:27:09.004+0000] {dag.py:3947} INFO - Setting next_dagrun for tutorial_taskflow_api to None, run_after=None
[2024-12-20T04:27:09.130+0000] {processor.py:183} INFO - Processing /home/airflow/.local/lib/python3.12/site-packages/airflow/example_dags/tutorial_taskflow_api.py took 0.733 seconds
[2024-12-20T04:29:53.839+0000] {processor.py:161} INFO - Started process (PID=182) to work on /home/airflow/.local/lib/python3.12/site-packages/airflow/example_dags/tutorial_taskflow_api.py
[2024-12-20T04:29:53.846+0000] {processor.py:830} INFO - Processing file /home/airflow/.local/lib/python3.12/site-packages/airflow/example_dags/tutorial_taskflow_api.py for tasks to queue
[2024-12-20T04:29:53.847+0000] {logging_mixin.py:188} INFO - [2024-12-20T04:29:53.847+0000] {dagbag.py:545} INFO - Filling up the DagBag from /home/airflow/.local/lib/python3.12/site-packages/airflow/example_dags/tutorial_taskflow_api.py
[2024-12-20T04:29:53.854+0000] {processor.py:840} INFO - DAG(s) 'tutorial_taskflow_api' retrieved from /home/airflow/.local/lib/python3.12/site-packages/airflow/example_dags/tutorial_taskflow_api.py
[2024-12-20T04:29:54.166+0000] {logging_mixin.py:188} INFO - [2024-12-20T04:29:54.166+0000] {dag.py:3089} INFO - Sync 1 DAGs
[2024-12-20T04:29:54.281+0000] {logging_mixin.py:188} INFO - [2024-12-20T04:29:54.280+0000] {dag.py:3947} INFO - Setting next_dagrun for tutorial_taskflow_api to None, run_after=None
[2024-12-20T04:29:54.428+0000] {processor.py:183} INFO - Processing /home/airflow/.local/lib/python3.12/site-packages/airflow/example_dags/tutorial_taskflow_api.py took 0.592 seconds
[2024-12-20T04:37:13.914+0000] {processor.py:161} INFO - Started process (PID=177) to work on /home/airflow/.local/lib/python3.12/site-packages/airflow/example_dags/tutorial_taskflow_api.py
[2024-12-20T04:37:13.917+0000] {processor.py:830} INFO - Processing file /home/airflow/.local/lib/python3.12/site-packages/airflow/example_dags/tutorial_taskflow_api.py for tasks to queue
[2024-12-20T04:37:13.921+0000] {logging_mixin.py:188} INFO - [2024-12-20T04:37:13.920+0000] {dagbag.py:545} INFO - Filling up the DagBag from /home/airflow/.local/lib/python3.12/site-packages/airflow/example_dags/tutorial_taskflow_api.py
[2024-12-20T04:37:13.927+0000] {processor.py:840} INFO - DAG(s) 'tutorial_taskflow_api' retrieved from /home/airflow/.local/lib/python3.12/site-packages/airflow/example_dags/tutorial_taskflow_api.py
[2024-12-20T04:37:13.940+0000] {logging_mixin.py:188} INFO - [2024-12-20T04:37:13.939+0000] {dag.py:3089} INFO - Sync 1 DAGs
[2024-12-20T04:37:13.948+0000] {logging_mixin.py:188} INFO - [2024-12-20T04:37:13.948+0000] {dag.py:3947} INFO - Setting next_dagrun for tutorial_taskflow_api to None, run_after=None
[2024-12-20T04:37:13.986+0000] {processor.py:183} INFO - Processing /home/airflow/.local/lib/python3.12/site-packages/airflow/example_dags/tutorial_taskflow_api.py took 0.078 seconds
[2024-12-20T04:38:08.451+0000] {processor.py:161} INFO - Started process (PID=493) to work on /home/airflow/.local/lib/python3.12/site-packages/airflow/example_dags/tutorial_taskflow_api.py
[2024-12-20T04:38:08.597+0000] {processor.py:830} INFO - Processing file /home/airflow/.local/lib/python3.12/site-packages/airflow/example_dags/tutorial_taskflow_api.py for tasks to queue
[2024-12-20T04:38:08.846+0000] {logging_mixin.py:188} INFO - [2024-12-20T04:38:08.810+0000] {dagbag.py:545} INFO - Filling up the DagBag from /home/airflow/.local/lib/python3.12/site-packages/airflow/example_dags/tutorial_taskflow_api.py
[2024-12-20T04:38:09.594+0000] {processor.py:840} INFO - DAG(s) 'tutorial_taskflow_api' retrieved from /home/airflow/.local/lib/python3.12/site-packages/airflow/example_dags/tutorial_taskflow_api.py
[2024-12-20T04:38:12.081+0000] {logging_mixin.py:188} INFO - [2024-12-20T04:38:12.079+0000] {dag.py:3089} INFO - Sync 1 DAGs
[2024-12-20T04:38:12.235+0000] {logging_mixin.py:188} INFO - [2024-12-20T04:38:12.235+0000] {dag.py:3947} INFO - Setting next_dagrun for tutorial_taskflow_api to None, run_after=None
[2024-12-20T04:38:12.496+0000] {processor.py:183} INFO - Processing /home/airflow/.local/lib/python3.12/site-packages/airflow/example_dags/tutorial_taskflow_api.py took 4.344 seconds
[2024-12-20T04:38:53.691+0000] {processor.py:161} INFO - Started process (PID=627) to work on /home/airflow/.local/lib/python3.12/site-packages/airflow/example_dags/tutorial_taskflow_api.py
[2024-12-20T04:38:53.693+0000] {processor.py:830} INFO - Processing file /home/airflow/.local/lib/python3.12/site-packages/airflow/example_dags/tutorial_taskflow_api.py for tasks to queue
[2024-12-20T04:38:53.696+0000] {logging_mixin.py:188} INFO - [2024-12-20T04:38:53.696+0000] {dagbag.py:545} INFO - Filling up the DagBag from /home/airflow/.local/lib/python3.12/site-packages/airflow/example_dags/tutorial_taskflow_api.py
[2024-12-20T04:38:53.705+0000] {processor.py:840} INFO - DAG(s) 'tutorial_taskflow_api' retrieved from /home/airflow/.local/lib/python3.12/site-packages/airflow/example_dags/tutorial_taskflow_api.py
[2024-12-20T04:38:53.726+0000] {logging_mixin.py:188} INFO - [2024-12-20T04:38:53.726+0000] {dag.py:3089} INFO - Sync 1 DAGs
[2024-12-20T04:38:53.748+0000] {logging_mixin.py:188} INFO - [2024-12-20T04:38:53.748+0000] {dag.py:3947} INFO - Setting next_dagrun for tutorial_taskflow_api to None, run_after=None
[2024-12-20T04:38:53.761+0000] {processor.py:183} INFO - Processing /home/airflow/.local/lib/python3.12/site-packages/airflow/example_dags/tutorial_taskflow_api.py took 0.081 seconds
[2024-12-20T04:39:24.231+0000] {processor.py:161} INFO - Started process (PID=904) to work on /home/airflow/.local/lib/python3.12/site-packages/airflow/example_dags/tutorial_taskflow_api.py
[2024-12-20T04:39:24.232+0000] {processor.py:830} INFO - Processing file /home/airflow/.local/lib/python3.12/site-packages/airflow/example_dags/tutorial_taskflow_api.py for tasks to queue
[2024-12-20T04:39:24.234+0000] {logging_mixin.py:188} INFO - [2024-12-20T04:39:24.234+0000] {dagbag.py:545} INFO - Filling up the DagBag from /home/airflow/.local/lib/python3.12/site-packages/airflow/example_dags/tutorial_taskflow_api.py
[2024-12-20T04:39:24.239+0000] {processor.py:840} INFO - DAG(s) 'tutorial_taskflow_api' retrieved from /home/airflow/.local/lib/python3.12/site-packages/airflow/example_dags/tutorial_taskflow_api.py
[2024-12-20T04:39:24.260+0000] {logging_mixin.py:188} INFO - [2024-12-20T04:39:24.260+0000] {dag.py:3089} INFO - Sync 1 DAGs
[2024-12-20T04:39:24.268+0000] {logging_mixin.py:188} INFO - [2024-12-20T04:39:24.268+0000] {dag.py:3947} INFO - Setting next_dagrun for tutorial_taskflow_api to None, run_after=None
[2024-12-20T04:39:24.277+0000] {processor.py:183} INFO - Processing /home/airflow/.local/lib/python3.12/site-packages/airflow/example_dags/tutorial_taskflow_api.py took 0.051 seconds
[2024-12-20T04:39:54.353+0000] {processor.py:161} INFO - Started process (PID=1181) to work on /home/airflow/.local/lib/python3.12/site-packages/airflow/example_dags/tutorial_taskflow_api.py
[2024-12-20T04:39:54.354+0000] {processor.py:830} INFO - Processing file /home/airflow/.local/lib/python3.12/site-packages/airflow/example_dags/tutorial_taskflow_api.py for tasks to queue
[2024-12-20T04:39:54.355+0000] {logging_mixin.py:188} INFO - [2024-12-20T04:39:54.355+0000] {dagbag.py:545} INFO - Filling up the DagBag from /home/airflow/.local/lib/python3.12/site-packages/airflow/example_dags/tutorial_taskflow_api.py
[2024-12-20T04:39:54.358+0000] {processor.py:840} INFO - DAG(s) 'tutorial_taskflow_api' retrieved from /home/airflow/.local/lib/python3.12/site-packages/airflow/example_dags/tutorial_taskflow_api.py
[2024-12-20T04:39:54.378+0000] {logging_mixin.py:188} INFO - [2024-12-20T04:39:54.378+0000] {dag.py:3089} INFO - Sync 1 DAGs
[2024-12-20T04:39:54.387+0000] {logging_mixin.py:188} INFO - [2024-12-20T04:39:54.387+0000] {dag.py:3947} INFO - Setting next_dagrun for tutorial_taskflow_api to None, run_after=None
[2024-12-20T04:39:54.398+0000] {processor.py:183} INFO - Processing /home/airflow/.local/lib/python3.12/site-packages/airflow/example_dags/tutorial_taskflow_api.py took 0.048 seconds
[2024-12-20T04:40:33.373+0000] {processor.py:161} INFO - Started process (PID=1479) to work on /home/airflow/.local/lib/python3.12/site-packages/airflow/example_dags/tutorial_taskflow_api.py
[2024-12-20T04:40:33.390+0000] {processor.py:830} INFO - Processing file /home/airflow/.local/lib/python3.12/site-packages/airflow/example_dags/tutorial_taskflow_api.py for tasks to queue
[2024-12-20T04:40:33.623+0000] {logging_mixin.py:188} INFO - [2024-12-20T04:40:33.606+0000] {dagbag.py:545} INFO - Filling up the DagBag from /home/airflow/.local/lib/python3.12/site-packages/airflow/example_dags/tutorial_taskflow_api.py
[2024-12-20T04:40:34.155+0000] {processor.py:840} INFO - DAG(s) 'tutorial_taskflow_api' retrieved from /home/airflow/.local/lib/python3.12/site-packages/airflow/example_dags/tutorial_taskflow_api.py
[2024-12-20T04:40:36.266+0000] {logging_mixin.py:188} INFO - [2024-12-20T04:40:36.220+0000] {dag.py:3089} INFO - Sync 1 DAGs
[2024-12-20T04:40:37.162+0000] {logging_mixin.py:188} INFO - [2024-12-20T04:40:37.112+0000] {dag.py:3947} INFO - Setting next_dagrun for tutorial_taskflow_api to None, run_after=None
[2024-12-20T04:40:38.169+0000] {processor.py:183} INFO - Processing /home/airflow/.local/lib/python3.12/site-packages/airflow/example_dags/tutorial_taskflow_api.py took 4.893 seconds
[2024-12-20T04:42:02.874+0000] {processor.py:161} INFO - Started process (PID=1787) to work on /home/airflow/.local/lib/python3.12/site-packages/airflow/example_dags/tutorial_taskflow_api.py
[2024-12-20T04:42:02.886+0000] {processor.py:830} INFO - Processing file /home/airflow/.local/lib/python3.12/site-packages/airflow/example_dags/tutorial_taskflow_api.py for tasks to queue
[2024-12-20T04:42:02.936+0000] {logging_mixin.py:188} INFO - [2024-12-20T04:42:02.934+0000] {dagbag.py:545} INFO - Filling up the DagBag from /home/airflow/.local/lib/python3.12/site-packages/airflow/example_dags/tutorial_taskflow_api.py
[2024-12-20T04:42:02.991+0000] {processor.py:840} INFO - DAG(s) 'tutorial_taskflow_api' retrieved from /home/airflow/.local/lib/python3.12/site-packages/airflow/example_dags/tutorial_taskflow_api.py
[2024-12-20T04:42:03.154+0000] {logging_mixin.py:188} INFO - [2024-12-20T04:42:03.153+0000] {dag.py:3089} INFO - Sync 1 DAGs
[2024-12-20T04:42:03.329+0000] {logging_mixin.py:188} INFO - [2024-12-20T04:42:03.326+0000] {dag.py:3947} INFO - Setting next_dagrun for tutorial_taskflow_api to None, run_after=None
[2024-12-20T04:42:03.549+0000] {processor.py:183} INFO - Processing /home/airflow/.local/lib/python3.12/site-packages/airflow/example_dags/tutorial_taskflow_api.py took 0.831 seconds
[2024-12-20T04:42:45.953+0000] {processor.py:161} INFO - Started process (PID=2117) to work on /home/airflow/.local/lib/python3.12/site-packages/airflow/example_dags/tutorial_taskflow_api.py
[2024-12-20T04:42:45.955+0000] {processor.py:830} INFO - Processing file /home/airflow/.local/lib/python3.12/site-packages/airflow/example_dags/tutorial_taskflow_api.py for tasks to queue
[2024-12-20T04:42:45.963+0000] {logging_mixin.py:188} INFO - [2024-12-20T04:42:45.961+0000] {dagbag.py:545} INFO - Filling up the DagBag from /home/airflow/.local/lib/python3.12/site-packages/airflow/example_dags/tutorial_taskflow_api.py
[2024-12-20T04:42:46.042+0000] {processor.py:840} INFO - DAG(s) 'tutorial_taskflow_api' retrieved from /home/airflow/.local/lib/python3.12/site-packages/airflow/example_dags/tutorial_taskflow_api.py
[2024-12-20T04:42:47.357+0000] {logging_mixin.py:188} INFO - [2024-12-20T04:42:47.221+0000] {dag.py:3089} INFO - Sync 1 DAGs
[2024-12-20T04:42:48.111+0000] {logging_mixin.py:188} INFO - [2024-12-20T04:42:48.021+0000] {dag.py:3947} INFO - Setting next_dagrun for tutorial_taskflow_api to None, run_after=None
[2024-12-20T04:42:48.552+0000] {processor.py:183} INFO - Processing /home/airflow/.local/lib/python3.12/site-packages/airflow/example_dags/tutorial_taskflow_api.py took 2.652 seconds
[2024-12-20T04:43:19.285+0000] {processor.py:161} INFO - Started process (PID=2433) to work on /home/airflow/.local/lib/python3.12/site-packages/airflow/example_dags/tutorial_taskflow_api.py
[2024-12-20T04:43:19.303+0000] {processor.py:830} INFO - Processing file /home/airflow/.local/lib/python3.12/site-packages/airflow/example_dags/tutorial_taskflow_api.py for tasks to queue
[2024-12-20T04:43:19.322+0000] {logging_mixin.py:188} INFO - [2024-12-20T04:43:19.321+0000] {dagbag.py:545} INFO - Filling up the DagBag from /home/airflow/.local/lib/python3.12/site-packages/airflow/example_dags/tutorial_taskflow_api.py
[2024-12-20T04:43:19.370+0000] {processor.py:840} INFO - DAG(s) 'tutorial_taskflow_api' retrieved from /home/airflow/.local/lib/python3.12/site-packages/airflow/example_dags/tutorial_taskflow_api.py
[2024-12-20T04:43:19.793+0000] {logging_mixin.py:188} INFO - [2024-12-20T04:43:19.792+0000] {dag.py:3089} INFO - Sync 1 DAGs
[2024-12-20T04:43:19.909+0000] {logging_mixin.py:188} INFO - [2024-12-20T04:43:19.890+0000] {dag.py:3947} INFO - Setting next_dagrun for tutorial_taskflow_api to None, run_after=None
[2024-12-20T04:43:20.372+0000] {processor.py:183} INFO - Processing /home/airflow/.local/lib/python3.12/site-packages/airflow/example_dags/tutorial_taskflow_api.py took 1.218 seconds
[2024-12-20T04:44:36.225+0000] {processor.py:161} INFO - Started process (PID=2692) to work on /home/airflow/.local/lib/python3.12/site-packages/airflow/example_dags/tutorial_taskflow_api.py
[2024-12-20T04:44:36.238+0000] {processor.py:830} INFO - Processing file /home/airflow/.local/lib/python3.12/site-packages/airflow/example_dags/tutorial_taskflow_api.py for tasks to queue
[2024-12-20T04:44:36.289+0000] {logging_mixin.py:188} INFO - [2024-12-20T04:44:36.273+0000] {dagbag.py:545} INFO - Filling up the DagBag from /home/airflow/.local/lib/python3.12/site-packages/airflow/example_dags/tutorial_taskflow_api.py
[2024-12-20T04:44:36.406+0000] {processor.py:840} INFO - DAG(s) 'tutorial_taskflow_api' retrieved from /home/airflow/.local/lib/python3.12/site-packages/airflow/example_dags/tutorial_taskflow_api.py
[2024-12-20T04:44:36.766+0000] {logging_mixin.py:188} INFO - [2024-12-20T04:44:36.763+0000] {dag.py:3089} INFO - Sync 1 DAGs
[2024-12-20T04:44:36.908+0000] {logging_mixin.py:188} INFO - [2024-12-20T04:44:36.907+0000] {dag.py:3947} INFO - Setting next_dagrun for tutorial_taskflow_api to None, run_after=None
[2024-12-20T04:44:37.095+0000] {processor.py:183} INFO - Processing /home/airflow/.local/lib/python3.12/site-packages/airflow/example_dags/tutorial_taskflow_api.py took 1.049 seconds
[2024-12-20T04:45:55.635+0000] {processor.py:161} INFO - Started process (PID=3027) to work on /home/airflow/.local/lib/python3.12/site-packages/airflow/example_dags/tutorial_taskflow_api.py
[2024-12-20T04:45:55.641+0000] {processor.py:830} INFO - Processing file /home/airflow/.local/lib/python3.12/site-packages/airflow/example_dags/tutorial_taskflow_api.py for tasks to queue
[2024-12-20T04:45:55.652+0000] {logging_mixin.py:188} INFO - [2024-12-20T04:45:55.650+0000] {dagbag.py:545} INFO - Filling up the DagBag from /home/airflow/.local/lib/python3.12/site-packages/airflow/example_dags/tutorial_taskflow_api.py
[2024-12-20T04:45:55.714+0000] {processor.py:840} INFO - DAG(s) 'tutorial_taskflow_api' retrieved from /home/airflow/.local/lib/python3.12/site-packages/airflow/example_dags/tutorial_taskflow_api.py
[2024-12-20T04:45:55.822+0000] {logging_mixin.py:188} INFO - [2024-12-20T04:45:55.820+0000] {dag.py:3089} INFO - Sync 1 DAGs
[2024-12-20T04:45:55.871+0000] {logging_mixin.py:188} INFO - [2024-12-20T04:45:55.871+0000] {dag.py:3947} INFO - Setting next_dagrun for tutorial_taskflow_api to None, run_after=None
[2024-12-20T04:45:55.922+0000] {processor.py:183} INFO - Processing /home/airflow/.local/lib/python3.12/site-packages/airflow/example_dags/tutorial_taskflow_api.py took 0.327 seconds
[2024-12-20T04:46:26.101+0000] {processor.py:161} INFO - Started process (PID=3308) to work on /home/airflow/.local/lib/python3.12/site-packages/airflow/example_dags/tutorial_taskflow_api.py
[2024-12-20T04:46:26.102+0000] {processor.py:830} INFO - Processing file /home/airflow/.local/lib/python3.12/site-packages/airflow/example_dags/tutorial_taskflow_api.py for tasks to queue
[2024-12-20T04:46:26.103+0000] {logging_mixin.py:188} INFO - [2024-12-20T04:46:26.103+0000] {dagbag.py:545} INFO - Filling up the DagBag from /home/airflow/.local/lib/python3.12/site-packages/airflow/example_dags/tutorial_taskflow_api.py
[2024-12-20T04:46:26.108+0000] {processor.py:840} INFO - DAG(s) 'tutorial_taskflow_api' retrieved from /home/airflow/.local/lib/python3.12/site-packages/airflow/example_dags/tutorial_taskflow_api.py
[2024-12-20T04:46:26.121+0000] {logging_mixin.py:188} INFO - [2024-12-20T04:46:26.121+0000] {dag.py:3089} INFO - Sync 1 DAGs
[2024-12-20T04:46:26.128+0000] {logging_mixin.py:188} INFO - [2024-12-20T04:46:26.127+0000] {dag.py:3947} INFO - Setting next_dagrun for tutorial_taskflow_api to None, run_after=None
[2024-12-20T04:46:26.140+0000] {processor.py:183} INFO - Processing /home/airflow/.local/lib/python3.12/site-packages/airflow/example_dags/tutorial_taskflow_api.py took 0.045 seconds
[2024-12-20T04:46:56.322+0000] {processor.py:161} INFO - Started process (PID=3578) to work on /home/airflow/.local/lib/python3.12/site-packages/airflow/example_dags/tutorial_taskflow_api.py
[2024-12-20T04:46:56.324+0000] {processor.py:830} INFO - Processing file /home/airflow/.local/lib/python3.12/site-packages/airflow/example_dags/tutorial_taskflow_api.py for tasks to queue
[2024-12-20T04:46:56.327+0000] {logging_mixin.py:188} INFO - [2024-12-20T04:46:56.327+0000] {dagbag.py:545} INFO - Filling up the DagBag from /home/airflow/.local/lib/python3.12/site-packages/airflow/example_dags/tutorial_taskflow_api.py
[2024-12-20T04:46:56.337+0000] {processor.py:840} INFO - DAG(s) 'tutorial_taskflow_api' retrieved from /home/airflow/.local/lib/python3.12/site-packages/airflow/example_dags/tutorial_taskflow_api.py
[2024-12-20T04:46:56.361+0000] {logging_mixin.py:188} INFO - [2024-12-20T04:46:56.361+0000] {dag.py:3089} INFO - Sync 1 DAGs
[2024-12-20T04:46:56.377+0000] {logging_mixin.py:188} INFO - [2024-12-20T04:46:56.377+0000] {dag.py:3947} INFO - Setting next_dagrun for tutorial_taskflow_api to None, run_after=None
[2024-12-20T04:46:56.390+0000] {processor.py:183} INFO - Processing /home/airflow/.local/lib/python3.12/site-packages/airflow/example_dags/tutorial_taskflow_api.py took 0.075 seconds
[2024-12-20T04:47:26.723+0000] {processor.py:161} INFO - Started process (PID=3854) to work on /home/airflow/.local/lib/python3.12/site-packages/airflow/example_dags/tutorial_taskflow_api.py
[2024-12-20T04:47:26.726+0000] {processor.py:830} INFO - Processing file /home/airflow/.local/lib/python3.12/site-packages/airflow/example_dags/tutorial_taskflow_api.py for tasks to queue
[2024-12-20T04:47:26.736+0000] {logging_mixin.py:188} INFO - [2024-12-20T04:47:26.734+0000] {dagbag.py:545} INFO - Filling up the DagBag from /home/airflow/.local/lib/python3.12/site-packages/airflow/example_dags/tutorial_taskflow_api.py
[2024-12-20T04:47:26.747+0000] {processor.py:840} INFO - DAG(s) 'tutorial_taskflow_api' retrieved from /home/airflow/.local/lib/python3.12/site-packages/airflow/example_dags/tutorial_taskflow_api.py
[2024-12-20T04:47:26.777+0000] {logging_mixin.py:188} INFO - [2024-12-20T04:47:26.777+0000] {dag.py:3089} INFO - Sync 1 DAGs
[2024-12-20T04:47:26.799+0000] {logging_mixin.py:188} INFO - [2024-12-20T04:47:26.799+0000] {dag.py:3947} INFO - Setting next_dagrun for tutorial_taskflow_api to None, run_after=None
[2024-12-20T04:47:26.812+0000] {processor.py:183} INFO - Processing /home/airflow/.local/lib/python3.12/site-packages/airflow/example_dags/tutorial_taskflow_api.py took 0.110 seconds
