[2024-12-20T04:30:05.639+0000] {processor.py:161} INFO - Started process (PID=431) to work on /opt/airflow/dags/first_dag.py
[2024-12-20T04:30:05.643+0000] {processor.py:830} INFO - Processing file /opt/airflow/dags/first_dag.py for tasks to queue
[2024-12-20T04:30:05.646+0000] {logging_mixin.py:188} INFO - [2024-12-20T04:30:05.646+0000] {dagbag.py:545} INFO - Filling up the DagBag from /opt/airflow/dags/first_dag.py
[2024-12-20T04:30:05.698+0000] {processor.py:840} INFO - DAG(s) 'first_dag' retrieved from /opt/airflow/dags/first_dag.py
[2024-12-20T04:30:05.732+0000] {logging_mixin.py:188} INFO - [2024-12-20T04:30:05.731+0000] {dag.py:3089} INFO - Sync 1 DAGs
[2024-12-20T04:30:05.757+0000] {logging_mixin.py:188} INFO - [2024-12-20T04:30:05.756+0000] {dag.py:3947} INFO - Setting next_dagrun for first_dag to 2024-07-28 00:00:00+00:00, run_after=2024-07-29 00:00:00+00:00
[2024-12-20T04:30:05.779+0000] {processor.py:183} INFO - Processing /opt/airflow/dags/first_dag.py took 0.171 seconds
[2024-12-20T04:37:20.552+0000] {processor.py:161} INFO - Started process (PID=434) to work on /opt/airflow/dags/first_dag.py
[2024-12-20T04:37:20.554+0000] {processor.py:830} INFO - Processing file /opt/airflow/dags/first_dag.py for tasks to queue
[2024-12-20T04:37:20.556+0000] {logging_mixin.py:188} INFO - [2024-12-20T04:37:20.556+0000] {dagbag.py:545} INFO - Filling up the DagBag from /opt/airflow/dags/first_dag.py
[2024-12-20T04:37:20.569+0000] {processor.py:840} INFO - DAG(s) 'first_dag' retrieved from /opt/airflow/dags/first_dag.py
[2024-12-20T04:37:20.580+0000] {logging_mixin.py:188} INFO - [2024-12-20T04:37:20.580+0000] {dag.py:3089} INFO - Sync 1 DAGs
[2024-12-20T04:37:20.608+0000] {logging_mixin.py:188} INFO - [2024-12-20T04:37:20.608+0000] {dag.py:3947} INFO - Setting next_dagrun for first_dag to 2024-07-28 00:00:00+00:00, run_after=2024-07-29 00:00:00+00:00
[2024-12-20T04:37:20.621+0000] {processor.py:183} INFO - Processing /opt/airflow/dags/first_dag.py took 0.078 seconds
[2024-12-20T04:38:56.984+0000] {processor.py:161} INFO - Started process (PID=843) to work on /opt/airflow/dags/first_dag.py
[2024-12-20T04:38:56.988+0000] {processor.py:830} INFO - Processing file /opt/airflow/dags/first_dag.py for tasks to queue
[2024-12-20T04:38:56.993+0000] {logging_mixin.py:188} INFO - [2024-12-20T04:38:56.993+0000] {dagbag.py:545} INFO - Filling up the DagBag from /opt/airflow/dags/first_dag.py
[2024-12-20T04:38:57.006+0000] {processor.py:840} INFO - DAG(s) 'first_dag' retrieved from /opt/airflow/dags/first_dag.py
[2024-12-20T04:38:57.110+0000] {logging_mixin.py:188} INFO - [2024-12-20T04:38:57.110+0000] {dag.py:3089} INFO - Sync 1 DAGs
[2024-12-20T04:38:57.128+0000] {logging_mixin.py:188} INFO - [2024-12-20T04:38:57.128+0000] {dag.py:3947} INFO - Setting next_dagrun for first_dag to 2024-07-28 00:00:00+00:00, run_after=2024-07-29 00:00:00+00:00
[2024-12-20T04:38:57.143+0000] {processor.py:183} INFO - Processing /opt/airflow/dags/first_dag.py took 0.169 seconds
[2024-12-20T04:39:28.196+0000] {processor.py:161} INFO - Started process (PID=1120) to work on /opt/airflow/dags/first_dag.py
[2024-12-20T04:39:28.197+0000] {processor.py:830} INFO - Processing file /opt/airflow/dags/first_dag.py for tasks to queue
[2024-12-20T04:39:28.199+0000] {logging_mixin.py:188} INFO - [2024-12-20T04:39:28.199+0000] {dagbag.py:545} INFO - Filling up the DagBag from /opt/airflow/dags/first_dag.py
[2024-12-20T04:39:28.214+0000] {processor.py:840} INFO - DAG(s) 'first_dag' retrieved from /opt/airflow/dags/first_dag.py
[2024-12-20T04:39:28.227+0000] {logging_mixin.py:188} INFO - [2024-12-20T04:39:28.227+0000] {dag.py:3089} INFO - Sync 1 DAGs
[2024-12-20T04:39:28.242+0000] {logging_mixin.py:188} INFO - [2024-12-20T04:39:28.242+0000] {dag.py:3947} INFO - Setting next_dagrun for first_dag to 2024-07-28 00:00:00+00:00, run_after=2024-07-29 00:00:00+00:00
[2024-12-20T04:39:28.252+0000] {processor.py:183} INFO - Processing /opt/airflow/dags/first_dag.py took 0.064 seconds
[2024-12-20T04:39:59.167+0000] {processor.py:161} INFO - Started process (PID=1397) to work on /opt/airflow/dags/first_dag.py
[2024-12-20T04:39:59.168+0000] {processor.py:830} INFO - Processing file /opt/airflow/dags/first_dag.py for tasks to queue
[2024-12-20T04:39:59.169+0000] {logging_mixin.py:188} INFO - [2024-12-20T04:39:59.169+0000] {dagbag.py:545} INFO - Filling up the DagBag from /opt/airflow/dags/first_dag.py
[2024-12-20T04:39:59.176+0000] {processor.py:840} INFO - DAG(s) 'first_dag' retrieved from /opt/airflow/dags/first_dag.py
[2024-12-20T04:39:59.282+0000] {logging_mixin.py:188} INFO - [2024-12-20T04:39:59.281+0000] {dag.py:3089} INFO - Sync 1 DAGs
[2024-12-20T04:39:59.300+0000] {logging_mixin.py:188} INFO - [2024-12-20T04:39:59.300+0000] {dag.py:3947} INFO - Setting next_dagrun for first_dag to 2024-07-28 00:00:00+00:00, run_after=2024-07-29 00:00:00+00:00
[2024-12-20T04:39:59.321+0000] {processor.py:183} INFO - Processing /opt/airflow/dags/first_dag.py took 0.160 seconds
[2024-12-20T04:42:11.603+0000] {processor.py:161} INFO - Started process (PID=1957) to work on /opt/airflow/dags/first_dag.py
[2024-12-20T04:42:11.615+0000] {processor.py:830} INFO - Processing file /opt/airflow/dags/first_dag.py for tasks to queue
[2024-12-20T04:42:11.646+0000] {logging_mixin.py:188} INFO - [2024-12-20T04:42:11.644+0000] {dagbag.py:545} INFO - Filling up the DagBag from /opt/airflow/dags/first_dag.py
[2024-12-20T04:42:11.858+0000] {processor.py:840} INFO - DAG(s) 'first_dag' retrieved from /opt/airflow/dags/first_dag.py
[2024-12-20T04:42:12.014+0000] {logging_mixin.py:188} INFO - [2024-12-20T04:42:12.011+0000] {dag.py:3089} INFO - Sync 1 DAGs
[2024-12-20T04:42:12.210+0000] {logging_mixin.py:188} INFO - [2024-12-20T04:42:12.209+0000] {dag.py:3947} INFO - Setting next_dagrun for first_dag to 2024-07-28 00:00:00+00:00, run_after=2024-07-29 00:00:00+00:00
[2024-12-20T04:42:12.339+0000] {processor.py:183} INFO - Processing /opt/airflow/dags/first_dag.py took 0.849 seconds
[2024-12-20T04:43:03.686+0000] {processor.py:161} INFO - Started process (PID=2348) to work on /opt/airflow/dags/first_dag.py
[2024-12-20T04:43:03.699+0000] {processor.py:830} INFO - Processing file /opt/airflow/dags/first_dag.py for tasks to queue
[2024-12-20T04:43:03.745+0000] {logging_mixin.py:188} INFO - [2024-12-20T04:43:03.735+0000] {dagbag.py:545} INFO - Filling up the DagBag from /opt/airflow/dags/first_dag.py
[2024-12-20T04:43:03.816+0000] {processor.py:840} INFO - DAG(s) 'first_dag' retrieved from /opt/airflow/dags/first_dag.py
[2024-12-20T04:43:04.219+0000] {logging_mixin.py:188} INFO - [2024-12-20T04:43:04.219+0000] {dag.py:3089} INFO - Sync 1 DAGs
[2024-12-20T04:43:04.247+0000] {logging_mixin.py:188} INFO - [2024-12-20T04:43:04.246+0000] {dag.py:3947} INFO - Setting next_dagrun for first_dag to 2024-07-28 00:00:00+00:00, run_after=2024-07-29 00:00:00+00:00
[2024-12-20T04:43:04.272+0000] {processor.py:183} INFO - Processing /opt/airflow/dags/first_dag.py took 0.630 seconds
[2024-12-20T04:44:52.326+0000] {processor.py:161} INFO - Started process (PID=2894) to work on /opt/airflow/dags/first_dag.py
[2024-12-20T04:44:52.327+0000] {processor.py:830} INFO - Processing file /opt/airflow/dags/first_dag.py for tasks to queue
[2024-12-20T04:44:52.329+0000] {logging_mixin.py:188} INFO - [2024-12-20T04:44:52.329+0000] {dagbag.py:545} INFO - Filling up the DagBag from /opt/airflow/dags/first_dag.py
[2024-12-20T04:44:52.338+0000] {processor.py:840} INFO - DAG(s) 'first_dag' retrieved from /opt/airflow/dags/first_dag.py
[2024-12-20T04:44:52.347+0000] {logging_mixin.py:188} INFO - [2024-12-20T04:44:52.347+0000] {dag.py:3089} INFO - Sync 1 DAGs
[2024-12-20T04:44:52.363+0000] {logging_mixin.py:188} INFO - [2024-12-20T04:44:52.363+0000] {dag.py:3947} INFO - Setting next_dagrun for first_dag to 2024-07-28 00:00:00+00:00, run_after=2024-07-29 00:00:00+00:00
[2024-12-20T04:44:52.375+0000] {processor.py:183} INFO - Processing /opt/airflow/dags/first_dag.py took 0.054 seconds
[2024-12-20T04:46:00.308+0000] {processor.py:161} INFO - Started process (PID=3265) to work on /opt/airflow/dags/first_dag.py
[2024-12-20T04:46:00.309+0000] {processor.py:830} INFO - Processing file /opt/airflow/dags/first_dag.py for tasks to queue
[2024-12-20T04:46:00.313+0000] {logging_mixin.py:188} INFO - [2024-12-20T04:46:00.312+0000] {dagbag.py:545} INFO - Filling up the DagBag from /opt/airflow/dags/first_dag.py
[2024-12-20T04:46:00.328+0000] {processor.py:840} INFO - DAG(s) 'first_dag' retrieved from /opt/airflow/dags/first_dag.py
[2024-12-20T04:46:00.419+0000] {logging_mixin.py:188} INFO - [2024-12-20T04:46:00.418+0000] {dag.py:3089} INFO - Sync 1 DAGs
[2024-12-20T04:46:00.438+0000] {logging_mixin.py:188} INFO - [2024-12-20T04:46:00.438+0000] {dag.py:3947} INFO - Setting next_dagrun for first_dag to 2024-07-28 00:00:00+00:00, run_after=2024-07-29 00:00:00+00:00
[2024-12-20T04:46:00.454+0000] {processor.py:183} INFO - Processing /opt/airflow/dags/first_dag.py took 0.156 seconds
[2024-12-20T04:46:30.680+0000] {processor.py:161} INFO - Started process (PID=3536) to work on /opt/airflow/dags/first_dag.py
[2024-12-20T04:46:30.681+0000] {processor.py:830} INFO - Processing file /opt/airflow/dags/first_dag.py for tasks to queue
[2024-12-20T04:46:30.682+0000] {logging_mixin.py:188} INFO - [2024-12-20T04:46:30.682+0000] {dagbag.py:545} INFO - Filling up the DagBag from /opt/airflow/dags/first_dag.py
[2024-12-20T04:46:30.688+0000] {processor.py:840} INFO - DAG(s) 'first_dag' retrieved from /opt/airflow/dags/first_dag.py
[2024-12-20T04:46:30.718+0000] {logging_mixin.py:188} INFO - [2024-12-20T04:46:30.717+0000] {dag.py:3089} INFO - Sync 1 DAGs
[2024-12-20T04:46:30.738+0000] {logging_mixin.py:188} INFO - [2024-12-20T04:46:30.738+0000] {dag.py:3947} INFO - Setting next_dagrun for first_dag to 2024-07-28 00:00:00+00:00, run_after=2024-07-29 00:00:00+00:00
[2024-12-20T04:46:30.751+0000] {processor.py:183} INFO - Processing /opt/airflow/dags/first_dag.py took 0.076 seconds
[2024-12-20T04:47:01.484+0000] {processor.py:161} INFO - Started process (PID=3813) to work on /opt/airflow/dags/first_dag.py
[2024-12-20T04:47:01.488+0000] {processor.py:830} INFO - Processing file /opt/airflow/dags/first_dag.py for tasks to queue
[2024-12-20T04:47:01.496+0000] {logging_mixin.py:188} INFO - [2024-12-20T04:47:01.496+0000] {dagbag.py:545} INFO - Filling up the DagBag from /opt/airflow/dags/first_dag.py
[2024-12-20T04:47:01.527+0000] {processor.py:840} INFO - DAG(s) 'first_dag' retrieved from /opt/airflow/dags/first_dag.py
[2024-12-20T04:47:01.664+0000] {logging_mixin.py:188} INFO - [2024-12-20T04:47:01.664+0000] {dag.py:3089} INFO - Sync 1 DAGs
[2024-12-20T04:47:01.678+0000] {logging_mixin.py:188} INFO - [2024-12-20T04:47:01.678+0000] {dag.py:3947} INFO - Setting next_dagrun for first_dag to 2024-07-28 00:00:00+00:00, run_after=2024-07-29 00:00:00+00:00
[2024-12-20T04:47:01.689+0000] {processor.py:183} INFO - Processing /opt/airflow/dags/first_dag.py took 0.240 seconds
