[2024-07-27T22:23:01.600+0000] {local_task_job_runner.py:120} INFO - ::group::Pre task execution logs
[2024-07-27T22:23:01.647+0000] {taskinstance.py:2076} INFO - Dependencies all met for dep_context=non-requeueable deps ti=<TaskInstance: first_dag.first_task scheduled__2024-07-24T00:00:00+00:00 [queued]>
[2024-07-27T22:23:01.652+0000] {taskinstance.py:2076} INFO - Dependencies all met for dep_context=requeueable deps ti=<TaskInstance: first_dag.first_task scheduled__2024-07-24T00:00:00+00:00 [queued]>
[2024-07-27T22:23:01.652+0000] {taskinstance.py:2306} INFO - Starting attempt 1 of 6
[2024-07-27T22:23:01.662+0000] {taskinstance.py:2330} INFO - Executing <Task(BashOperator): first_task> on 2024-07-24 00:00:00+00:00
[2024-07-27T22:23:01.680+0000] {logging_mixin.py:188} WARNING - /home/***/.local/lib/python3.12/site-packages/***/task/task_runner/standard_task_runner.py:62 DeprecationWarning: This process (pid=14083) is multi-threaded, use of fork() may lead to deadlocks in the child.
[2024-07-27T22:23:01.682+0000] {standard_task_runner.py:64} INFO - Started process 14090 to run task
[2024-07-27T22:23:01.687+0000] {standard_task_runner.py:90} INFO - Running: ['***', 'tasks', 'run', 'first_dag', 'first_task', 'scheduled__2024-07-24T00:00:00+00:00', '--job-id', '5', '--raw', '--subdir', 'DAGS_FOLDER/first_dag.py', '--cfg-path', '/tmp/tmp8prus_ce']
[2024-07-27T22:23:01.690+0000] {standard_task_runner.py:91} INFO - Job 5: Subtask first_task
[2024-07-27T22:23:01.832+0000] {task_command.py:426} INFO - Running <TaskInstance: first_dag.first_task scheduled__2024-07-24T00:00:00+00:00 [running]> on host 59541af12559
[2024-07-27T22:23:02.004+0000] {taskinstance.py:2648} INFO - Exporting env vars: AIRFLOW_CTX_DAG_OWNER='student' AIRFLOW_CTX_DAG_ID='first_dag' AIRFLOW_CTX_TASK_ID='first_task' AIRFLOW_CTX_EXECUTION_DATE='2024-07-24T00:00:00+00:00' AIRFLOW_CTX_TRY_NUMBER='1' AIRFLOW_CTX_DAG_RUN_ID='scheduled__2024-07-24T00:00:00+00:00'
[2024-07-27T22:23:02.023+0000] {taskinstance.py:430} INFO - ::endgroup::
[2024-07-27T22:23:02.048+0000] {subprocess.py:63} INFO - Tmp dir root location: /tmp
[2024-07-27T22:23:02.049+0000] {subprocess.py:75} INFO - Running command: ['/usr/bin/bash', '-c', 'echo hello world']
[2024-07-27T22:23:02.065+0000] {subprocess.py:86} INFO - Output:
[2024-07-27T22:23:02.082+0000] {subprocess.py:93} INFO - hello world
[2024-07-27T22:23:02.083+0000] {subprocess.py:97} INFO - Command exited with return code 0
[2024-07-27T22:23:02.085+0000] {taskinstance.py:441} INFO - ::group::Post task execution logs
[2024-07-27T22:23:02.159+0000] {taskinstance.py:1206} INFO - Marking task as SUCCESS. dag_id=first_dag, task_id=first_task, run_id=scheduled__2024-07-24T00:00:00+00:00, execution_date=20240724T000000, start_date=20240727T222301, end_date=20240727T222302
[2024-07-27T22:23:02.238+0000] {local_task_job_runner.py:243} INFO - Task exited with return code 0
[2024-07-27T22:23:02.264+0000] {taskinstance.py:3503} INFO - 0 downstream tasks scheduled from follow-on schedule check
[2024-07-27T22:23:02.266+0000] {local_task_job_runner.py:222} INFO - ::endgroup::
