[2024-07-27T20:14:08.375+0000] {processor.py:161} INFO - Started process (PID=335) to work on /home/airflow/.local/lib/python3.12/site-packages/airflow/example_dags/example_branch_labels.py
[2024-07-27T20:14:08.376+0000] {processor.py:830} INFO - Processing file /home/airflow/.local/lib/python3.12/site-packages/airflow/example_dags/example_branch_labels.py for tasks to queue
[2024-07-27T20:14:08.378+0000] {logging_mixin.py:188} INFO - [2024-07-27T20:14:08.377+0000] {dagbag.py:545} INFO - Filling up the DagBag from /home/airflow/.local/lib/python3.12/site-packages/airflow/example_dags/example_branch_labels.py
[2024-07-27T20:14:08.383+0000] {processor.py:840} INFO - DAG(s) 'example_branch_labels' retrieved from /home/airflow/.local/lib/python3.12/site-packages/airflow/example_dags/example_branch_labels.py
[2024-07-27T20:14:08.389+0000] {logging_mixin.py:188} INFO - [2024-07-27T20:14:08.389+0000] {dag.py:3089} INFO - Sync 1 DAGs
[2024-07-27T20:14:08.405+0000] {logging_mixin.py:188} INFO - [2024-07-27T20:14:08.405+0000] {dag.py:3947} INFO - Setting next_dagrun for example_branch_labels to 2024-07-26 00:00:00+00:00, run_after=2024-07-27 00:00:00+00:00
[2024-07-27T20:14:08.415+0000] {processor.py:183} INFO - Processing /home/airflow/.local/lib/python3.12/site-packages/airflow/example_dags/example_branch_labels.py took 0.045 seconds
[2024-07-27T20:14:39.090+0000] {processor.py:161} INFO - Started process (PID=596) to work on /home/airflow/.local/lib/python3.12/site-packages/airflow/example_dags/example_branch_labels.py
[2024-07-27T20:14:39.091+0000] {processor.py:830} INFO - Processing file /home/airflow/.local/lib/python3.12/site-packages/airflow/example_dags/example_branch_labels.py for tasks to queue
[2024-07-27T20:14:39.092+0000] {logging_mixin.py:188} INFO - [2024-07-27T20:14:39.092+0000] {dagbag.py:545} INFO - Filling up the DagBag from /home/airflow/.local/lib/python3.12/site-packages/airflow/example_dags/example_branch_labels.py
[2024-07-27T20:14:39.096+0000] {processor.py:840} INFO - DAG(s) 'example_branch_labels' retrieved from /home/airflow/.local/lib/python3.12/site-packages/airflow/example_dags/example_branch_labels.py
[2024-07-27T20:14:39.151+0000] {logging_mixin.py:188} INFO - [2024-07-27T20:14:39.151+0000] {dag.py:3089} INFO - Sync 1 DAGs
[2024-07-27T20:14:39.162+0000] {logging_mixin.py:188} INFO - [2024-07-27T20:14:39.162+0000] {dag.py:3947} INFO - Setting next_dagrun for example_branch_labels to 2024-07-26 00:00:00+00:00, run_after=2024-07-27 00:00:00+00:00
[2024-07-27T20:14:39.172+0000] {processor.py:183} INFO - Processing /home/airflow/.local/lib/python3.12/site-packages/airflow/example_dags/example_branch_labels.py took 0.086 seconds
[2024-07-27T20:15:09.197+0000] {processor.py:161} INFO - Started process (PID=860) to work on /home/airflow/.local/lib/python3.12/site-packages/airflow/example_dags/example_branch_labels.py
[2024-07-27T20:15:09.197+0000] {processor.py:830} INFO - Processing file /home/airflow/.local/lib/python3.12/site-packages/airflow/example_dags/example_branch_labels.py for tasks to queue
[2024-07-27T20:15:09.198+0000] {logging_mixin.py:188} INFO - [2024-07-27T20:15:09.198+0000] {dagbag.py:545} INFO - Filling up the DagBag from /home/airflow/.local/lib/python3.12/site-packages/airflow/example_dags/example_branch_labels.py
[2024-07-27T20:15:09.202+0000] {processor.py:840} INFO - DAG(s) 'example_branch_labels' retrieved from /home/airflow/.local/lib/python3.12/site-packages/airflow/example_dags/example_branch_labels.py
[2024-07-27T20:15:09.213+0000] {logging_mixin.py:188} INFO - [2024-07-27T20:15:09.213+0000] {dag.py:3089} INFO - Sync 1 DAGs
[2024-07-27T20:15:09.223+0000] {logging_mixin.py:188} INFO - [2024-07-27T20:15:09.223+0000] {dag.py:3947} INFO - Setting next_dagrun for example_branch_labels to 2024-07-26 00:00:00+00:00, run_after=2024-07-27 00:00:00+00:00
[2024-07-27T20:15:09.230+0000] {processor.py:183} INFO - Processing /home/airflow/.local/lib/python3.12/site-packages/airflow/example_dags/example_branch_labels.py took 0.036 seconds
[2024-07-27T20:15:39.708+0000] {processor.py:161} INFO - Started process (PID=1121) to work on /home/airflow/.local/lib/python3.12/site-packages/airflow/example_dags/example_branch_labels.py
[2024-07-27T20:15:39.709+0000] {processor.py:830} INFO - Processing file /home/airflow/.local/lib/python3.12/site-packages/airflow/example_dags/example_branch_labels.py for tasks to queue
[2024-07-27T20:15:39.710+0000] {logging_mixin.py:188} INFO - [2024-07-27T20:15:39.710+0000] {dagbag.py:545} INFO - Filling up the DagBag from /home/airflow/.local/lib/python3.12/site-packages/airflow/example_dags/example_branch_labels.py
[2024-07-27T20:15:39.714+0000] {processor.py:840} INFO - DAG(s) 'example_branch_labels' retrieved from /home/airflow/.local/lib/python3.12/site-packages/airflow/example_dags/example_branch_labels.py
[2024-07-27T20:15:39.726+0000] {logging_mixin.py:188} INFO - [2024-07-27T20:15:39.726+0000] {dag.py:3089} INFO - Sync 1 DAGs
[2024-07-27T20:15:39.737+0000] {logging_mixin.py:188} INFO - [2024-07-27T20:15:39.737+0000] {dag.py:3947} INFO - Setting next_dagrun for example_branch_labels to 2024-07-26 00:00:00+00:00, run_after=2024-07-27 00:00:00+00:00
[2024-07-27T20:15:39.747+0000] {processor.py:183} INFO - Processing /home/airflow/.local/lib/python3.12/site-packages/airflow/example_dags/example_branch_labels.py took 0.042 seconds
[2024-07-27T20:16:09.787+0000] {processor.py:161} INFO - Started process (PID=1383) to work on /home/airflow/.local/lib/python3.12/site-packages/airflow/example_dags/example_branch_labels.py
[2024-07-27T20:16:09.788+0000] {processor.py:830} INFO - Processing file /home/airflow/.local/lib/python3.12/site-packages/airflow/example_dags/example_branch_labels.py for tasks to queue
[2024-07-27T20:16:09.789+0000] {logging_mixin.py:188} INFO - [2024-07-27T20:16:09.789+0000] {dagbag.py:545} INFO - Filling up the DagBag from /home/airflow/.local/lib/python3.12/site-packages/airflow/example_dags/example_branch_labels.py
[2024-07-27T20:16:09.795+0000] {processor.py:840} INFO - DAG(s) 'example_branch_labels' retrieved from /home/airflow/.local/lib/python3.12/site-packages/airflow/example_dags/example_branch_labels.py
[2024-07-27T20:16:09.813+0000] {logging_mixin.py:188} INFO - [2024-07-27T20:16:09.813+0000] {dag.py:3089} INFO - Sync 1 DAGs
[2024-07-27T20:16:09.825+0000] {logging_mixin.py:188} INFO - [2024-07-27T20:16:09.825+0000] {dag.py:3947} INFO - Setting next_dagrun for example_branch_labels to 2024-07-26 00:00:00+00:00, run_after=2024-07-27 00:00:00+00:00
[2024-07-27T20:16:09.834+0000] {processor.py:183} INFO - Processing /home/airflow/.local/lib/python3.12/site-packages/airflow/example_dags/example_branch_labels.py took 0.051 seconds
[2024-07-27T20:16:40.026+0000] {processor.py:161} INFO - Started process (PID=1643) to work on /home/airflow/.local/lib/python3.12/site-packages/airflow/example_dags/example_branch_labels.py
[2024-07-27T20:16:40.026+0000] {processor.py:830} INFO - Processing file /home/airflow/.local/lib/python3.12/site-packages/airflow/example_dags/example_branch_labels.py for tasks to queue
[2024-07-27T20:16:40.028+0000] {logging_mixin.py:188} INFO - [2024-07-27T20:16:40.027+0000] {dagbag.py:545} INFO - Filling up the DagBag from /home/airflow/.local/lib/python3.12/site-packages/airflow/example_dags/example_branch_labels.py
[2024-07-27T20:16:40.032+0000] {processor.py:840} INFO - DAG(s) 'example_branch_labels' retrieved from /home/airflow/.local/lib/python3.12/site-packages/airflow/example_dags/example_branch_labels.py
[2024-07-27T20:16:40.043+0000] {logging_mixin.py:188} INFO - [2024-07-27T20:16:40.042+0000] {dag.py:3089} INFO - Sync 1 DAGs
[2024-07-27T20:16:40.054+0000] {logging_mixin.py:188} INFO - [2024-07-27T20:16:40.053+0000] {dag.py:3947} INFO - Setting next_dagrun for example_branch_labels to 2024-07-26 00:00:00+00:00, run_after=2024-07-27 00:00:00+00:00
[2024-07-27T20:16:40.062+0000] {processor.py:183} INFO - Processing /home/airflow/.local/lib/python3.12/site-packages/airflow/example_dags/example_branch_labels.py took 0.040 seconds
[2024-07-27T20:17:11.042+0000] {processor.py:161} INFO - Started process (PID=1905) to work on /home/airflow/.local/lib/python3.12/site-packages/airflow/example_dags/example_branch_labels.py
[2024-07-27T20:17:11.043+0000] {processor.py:830} INFO - Processing file /home/airflow/.local/lib/python3.12/site-packages/airflow/example_dags/example_branch_labels.py for tasks to queue
[2024-07-27T20:17:11.044+0000] {logging_mixin.py:188} INFO - [2024-07-27T20:17:11.044+0000] {dagbag.py:545} INFO - Filling up the DagBag from /home/airflow/.local/lib/python3.12/site-packages/airflow/example_dags/example_branch_labels.py
[2024-07-27T20:17:11.048+0000] {processor.py:840} INFO - DAG(s) 'example_branch_labels' retrieved from /home/airflow/.local/lib/python3.12/site-packages/airflow/example_dags/example_branch_labels.py
[2024-07-27T20:17:11.064+0000] {logging_mixin.py:188} INFO - [2024-07-27T20:17:11.064+0000] {dag.py:3089} INFO - Sync 1 DAGs
[2024-07-27T20:17:11.076+0000] {logging_mixin.py:188} INFO - [2024-07-27T20:17:11.076+0000] {dag.py:3947} INFO - Setting next_dagrun for example_branch_labels to 2024-07-26 00:00:00+00:00, run_after=2024-07-27 00:00:00+00:00
[2024-07-27T20:17:11.087+0000] {processor.py:183} INFO - Processing /home/airflow/.local/lib/python3.12/site-packages/airflow/example_dags/example_branch_labels.py took 0.049 seconds
[2024-07-27T21:59:59.828+0000] {processor.py:161} INFO - Started process (PID=2161) to work on /home/airflow/.local/lib/python3.12/site-packages/airflow/example_dags/example_branch_labels.py
[2024-07-27T21:59:59.828+0000] {processor.py:830} INFO - Processing file /home/airflow/.local/lib/python3.12/site-packages/airflow/example_dags/example_branch_labels.py for tasks to queue
[2024-07-27T21:59:59.830+0000] {logging_mixin.py:188} INFO - [2024-07-27T21:59:59.829+0000] {dagbag.py:545} INFO - Filling up the DagBag from /home/airflow/.local/lib/python3.12/site-packages/airflow/example_dags/example_branch_labels.py
[2024-07-27T21:59:59.834+0000] {processor.py:840} INFO - DAG(s) 'example_branch_labels' retrieved from /home/airflow/.local/lib/python3.12/site-packages/airflow/example_dags/example_branch_labels.py
[2024-07-27T21:59:59.847+0000] {logging_mixin.py:188} INFO - [2024-07-27T21:59:59.846+0000] {dag.py:3089} INFO - Sync 1 DAGs
[2024-07-27T21:59:59.858+0000] {logging_mixin.py:188} INFO - [2024-07-27T21:59:59.858+0000] {dag.py:3947} INFO - Setting next_dagrun for example_branch_labels to 2024-07-26 00:00:00+00:00, run_after=2024-07-27 00:00:00+00:00
[2024-07-27T21:59:59.867+0000] {processor.py:183} INFO - Processing /home/airflow/.local/lib/python3.12/site-packages/airflow/example_dags/example_branch_labels.py took 0.044 seconds
[2024-07-27T22:00:30.023+0000] {processor.py:161} INFO - Started process (PID=2424) to work on /home/airflow/.local/lib/python3.12/site-packages/airflow/example_dags/example_branch_labels.py
[2024-07-27T22:00:30.024+0000] {processor.py:830} INFO - Processing file /home/airflow/.local/lib/python3.12/site-packages/airflow/example_dags/example_branch_labels.py for tasks to queue
[2024-07-27T22:00:30.025+0000] {logging_mixin.py:188} INFO - [2024-07-27T22:00:30.024+0000] {dagbag.py:545} INFO - Filling up the DagBag from /home/airflow/.local/lib/python3.12/site-packages/airflow/example_dags/example_branch_labels.py
[2024-07-27T22:00:30.029+0000] {processor.py:840} INFO - DAG(s) 'example_branch_labels' retrieved from /home/airflow/.local/lib/python3.12/site-packages/airflow/example_dags/example_branch_labels.py
[2024-07-27T22:00:30.040+0000] {logging_mixin.py:188} INFO - [2024-07-27T22:00:30.040+0000] {dag.py:3089} INFO - Sync 1 DAGs
[2024-07-27T22:00:30.052+0000] {logging_mixin.py:188} INFO - [2024-07-27T22:00:30.052+0000] {dag.py:3947} INFO - Setting next_dagrun for example_branch_labels to 2024-07-26 00:00:00+00:00, run_after=2024-07-27 00:00:00+00:00
[2024-07-27T22:00:30.061+0000] {processor.py:183} INFO - Processing /home/airflow/.local/lib/python3.12/site-packages/airflow/example_dags/example_branch_labels.py took 0.042 seconds
[2024-07-27T22:01:01.270+0000] {processor.py:161} INFO - Started process (PID=2690) to work on /home/airflow/.local/lib/python3.12/site-packages/airflow/example_dags/example_branch_labels.py
[2024-07-27T22:01:01.271+0000] {processor.py:830} INFO - Processing file /home/airflow/.local/lib/python3.12/site-packages/airflow/example_dags/example_branch_labels.py for tasks to queue
[2024-07-27T22:01:01.272+0000] {logging_mixin.py:188} INFO - [2024-07-27T22:01:01.272+0000] {dagbag.py:545} INFO - Filling up the DagBag from /home/airflow/.local/lib/python3.12/site-packages/airflow/example_dags/example_branch_labels.py
[2024-07-27T22:01:01.276+0000] {processor.py:840} INFO - DAG(s) 'example_branch_labels' retrieved from /home/airflow/.local/lib/python3.12/site-packages/airflow/example_dags/example_branch_labels.py
[2024-07-27T22:01:01.288+0000] {logging_mixin.py:188} INFO - [2024-07-27T22:01:01.288+0000] {dag.py:3089} INFO - Sync 1 DAGs
[2024-07-27T22:01:01.302+0000] {logging_mixin.py:188} INFO - [2024-07-27T22:01:01.302+0000] {dag.py:3947} INFO - Setting next_dagrun for example_branch_labels to 2024-07-26 00:00:00+00:00, run_after=2024-07-27 00:00:00+00:00
[2024-07-27T22:01:01.312+0000] {processor.py:183} INFO - Processing /home/airflow/.local/lib/python3.12/site-packages/airflow/example_dags/example_branch_labels.py took 0.044 seconds
[2024-07-27T22:01:31.657+0000] {processor.py:161} INFO - Started process (PID=2952) to work on /home/airflow/.local/lib/python3.12/site-packages/airflow/example_dags/example_branch_labels.py
[2024-07-27T22:01:31.658+0000] {processor.py:830} INFO - Processing file /home/airflow/.local/lib/python3.12/site-packages/airflow/example_dags/example_branch_labels.py for tasks to queue
[2024-07-27T22:01:31.659+0000] {logging_mixin.py:188} INFO - [2024-07-27T22:01:31.659+0000] {dagbag.py:545} INFO - Filling up the DagBag from /home/airflow/.local/lib/python3.12/site-packages/airflow/example_dags/example_branch_labels.py
[2024-07-27T22:01:31.663+0000] {processor.py:840} INFO - DAG(s) 'example_branch_labels' retrieved from /home/airflow/.local/lib/python3.12/site-packages/airflow/example_dags/example_branch_labels.py
[2024-07-27T22:01:31.674+0000] {logging_mixin.py:188} INFO - [2024-07-27T22:01:31.673+0000] {dag.py:3089} INFO - Sync 1 DAGs
[2024-07-27T22:01:31.685+0000] {logging_mixin.py:188} INFO - [2024-07-27T22:01:31.685+0000] {dag.py:3947} INFO - Setting next_dagrun for example_branch_labels to 2024-07-26 00:00:00+00:00, run_after=2024-07-27 00:00:00+00:00
[2024-07-27T22:01:31.694+0000] {processor.py:183} INFO - Processing /home/airflow/.local/lib/python3.12/site-packages/airflow/example_dags/example_branch_labels.py took 0.040 seconds
[2024-07-27T22:02:01.779+0000] {processor.py:161} INFO - Started process (PID=3212) to work on /home/airflow/.local/lib/python3.12/site-packages/airflow/example_dags/example_branch_labels.py
[2024-07-27T22:02:01.780+0000] {processor.py:830} INFO - Processing file /home/airflow/.local/lib/python3.12/site-packages/airflow/example_dags/example_branch_labels.py for tasks to queue
[2024-07-27T22:02:01.782+0000] {logging_mixin.py:188} INFO - [2024-07-27T22:02:01.781+0000] {dagbag.py:545} INFO - Filling up the DagBag from /home/airflow/.local/lib/python3.12/site-packages/airflow/example_dags/example_branch_labels.py
[2024-07-27T22:02:01.786+0000] {processor.py:840} INFO - DAG(s) 'example_branch_labels' retrieved from /home/airflow/.local/lib/python3.12/site-packages/airflow/example_dags/example_branch_labels.py
[2024-07-27T22:02:01.799+0000] {logging_mixin.py:188} INFO - [2024-07-27T22:02:01.799+0000] {dag.py:3089} INFO - Sync 1 DAGs
[2024-07-27T22:02:01.814+0000] {logging_mixin.py:188} INFO - [2024-07-27T22:02:01.814+0000] {dag.py:3947} INFO - Setting next_dagrun for example_branch_labels to 2024-07-26 00:00:00+00:00, run_after=2024-07-27 00:00:00+00:00
[2024-07-27T22:02:01.825+0000] {processor.py:183} INFO - Processing /home/airflow/.local/lib/python3.12/site-packages/airflow/example_dags/example_branch_labels.py took 0.051 seconds
[2024-07-27T22:02:32.269+0000] {processor.py:161} INFO - Started process (PID=3473) to work on /home/airflow/.local/lib/python3.12/site-packages/airflow/example_dags/example_branch_labels.py
[2024-07-27T22:02:32.270+0000] {processor.py:830} INFO - Processing file /home/airflow/.local/lib/python3.12/site-packages/airflow/example_dags/example_branch_labels.py for tasks to queue
[2024-07-27T22:02:32.271+0000] {logging_mixin.py:188} INFO - [2024-07-27T22:02:32.271+0000] {dagbag.py:545} INFO - Filling up the DagBag from /home/airflow/.local/lib/python3.12/site-packages/airflow/example_dags/example_branch_labels.py
[2024-07-27T22:02:32.276+0000] {processor.py:840} INFO - DAG(s) 'example_branch_labels' retrieved from /home/airflow/.local/lib/python3.12/site-packages/airflow/example_dags/example_branch_labels.py
[2024-07-27T22:02:32.289+0000] {logging_mixin.py:188} INFO - [2024-07-27T22:02:32.288+0000] {dag.py:3089} INFO - Sync 1 DAGs
[2024-07-27T22:02:32.301+0000] {logging_mixin.py:188} INFO - [2024-07-27T22:02:32.300+0000] {dag.py:3947} INFO - Setting next_dagrun for example_branch_labels to 2024-07-26 00:00:00+00:00, run_after=2024-07-27 00:00:00+00:00
[2024-07-27T22:02:32.310+0000] {processor.py:183} INFO - Processing /home/airflow/.local/lib/python3.12/site-packages/airflow/example_dags/example_branch_labels.py took 0.044 seconds
[2024-07-27T22:03:02.819+0000] {processor.py:161} INFO - Started process (PID=3736) to work on /home/airflow/.local/lib/python3.12/site-packages/airflow/example_dags/example_branch_labels.py
[2024-07-27T22:03:02.820+0000] {processor.py:830} INFO - Processing file /home/airflow/.local/lib/python3.12/site-packages/airflow/example_dags/example_branch_labels.py for tasks to queue
[2024-07-27T22:03:02.821+0000] {logging_mixin.py:188} INFO - [2024-07-27T22:03:02.821+0000] {dagbag.py:545} INFO - Filling up the DagBag from /home/airflow/.local/lib/python3.12/site-packages/airflow/example_dags/example_branch_labels.py
[2024-07-27T22:03:02.826+0000] {processor.py:840} INFO - DAG(s) 'example_branch_labels' retrieved from /home/airflow/.local/lib/python3.12/site-packages/airflow/example_dags/example_branch_labels.py
[2024-07-27T22:03:02.840+0000] {logging_mixin.py:188} INFO - [2024-07-27T22:03:02.840+0000] {dag.py:3089} INFO - Sync 1 DAGs
[2024-07-27T22:03:02.853+0000] {logging_mixin.py:188} INFO - [2024-07-27T22:03:02.853+0000] {dag.py:3947} INFO - Setting next_dagrun for example_branch_labels to 2024-07-26 00:00:00+00:00, run_after=2024-07-27 00:00:00+00:00
[2024-07-27T22:03:02.863+0000] {processor.py:183} INFO - Processing /home/airflow/.local/lib/python3.12/site-packages/airflow/example_dags/example_branch_labels.py took 0.047 seconds
[2024-07-27T22:03:33.765+0000] {processor.py:161} INFO - Started process (PID=3998) to work on /home/airflow/.local/lib/python3.12/site-packages/airflow/example_dags/example_branch_labels.py
[2024-07-27T22:03:33.766+0000] {processor.py:830} INFO - Processing file /home/airflow/.local/lib/python3.12/site-packages/airflow/example_dags/example_branch_labels.py for tasks to queue
[2024-07-27T22:03:33.767+0000] {logging_mixin.py:188} INFO - [2024-07-27T22:03:33.766+0000] {dagbag.py:545} INFO - Filling up the DagBag from /home/airflow/.local/lib/python3.12/site-packages/airflow/example_dags/example_branch_labels.py
[2024-07-27T22:03:33.771+0000] {processor.py:840} INFO - DAG(s) 'example_branch_labels' retrieved from /home/airflow/.local/lib/python3.12/site-packages/airflow/example_dags/example_branch_labels.py
[2024-07-27T22:03:33.791+0000] {logging_mixin.py:188} INFO - [2024-07-27T22:03:33.790+0000] {dag.py:3089} INFO - Sync 1 DAGs
[2024-07-27T22:03:33.814+0000] {logging_mixin.py:188} INFO - [2024-07-27T22:03:33.814+0000] {dag.py:3947} INFO - Setting next_dagrun for example_branch_labels to 2024-07-26 00:00:00+00:00, run_after=2024-07-27 00:00:00+00:00
[2024-07-27T22:03:33.826+0000] {processor.py:183} INFO - Processing /home/airflow/.local/lib/python3.12/site-packages/airflow/example_dags/example_branch_labels.py took 0.066 seconds
[2024-07-27T22:04:03.999+0000] {processor.py:161} INFO - Started process (PID=4260) to work on /home/airflow/.local/lib/python3.12/site-packages/airflow/example_dags/example_branch_labels.py
[2024-07-27T22:04:04.001+0000] {processor.py:830} INFO - Processing file /home/airflow/.local/lib/python3.12/site-packages/airflow/example_dags/example_branch_labels.py for tasks to queue
[2024-07-27T22:04:04.003+0000] {logging_mixin.py:188} INFO - [2024-07-27T22:04:04.003+0000] {dagbag.py:545} INFO - Filling up the DagBag from /home/airflow/.local/lib/python3.12/site-packages/airflow/example_dags/example_branch_labels.py
[2024-07-27T22:04:04.011+0000] {processor.py:840} INFO - DAG(s) 'example_branch_labels' retrieved from /home/airflow/.local/lib/python3.12/site-packages/airflow/example_dags/example_branch_labels.py
[2024-07-27T22:04:04.026+0000] {logging_mixin.py:188} INFO - [2024-07-27T22:04:04.026+0000] {dag.py:3089} INFO - Sync 1 DAGs
[2024-07-27T22:04:04.045+0000] {logging_mixin.py:188} INFO - [2024-07-27T22:04:04.045+0000] {dag.py:3947} INFO - Setting next_dagrun for example_branch_labels to 2024-07-26 00:00:00+00:00, run_after=2024-07-27 00:00:00+00:00
[2024-07-27T22:04:04.066+0000] {processor.py:183} INFO - Processing /home/airflow/.local/lib/python3.12/site-packages/airflow/example_dags/example_branch_labels.py took 0.072 seconds
[2024-07-27T22:04:34.155+0000] {processor.py:161} INFO - Started process (PID=4522) to work on /home/airflow/.local/lib/python3.12/site-packages/airflow/example_dags/example_branch_labels.py
[2024-07-27T22:04:34.156+0000] {processor.py:830} INFO - Processing file /home/airflow/.local/lib/python3.12/site-packages/airflow/example_dags/example_branch_labels.py for tasks to queue
[2024-07-27T22:04:34.157+0000] {logging_mixin.py:188} INFO - [2024-07-27T22:04:34.157+0000] {dagbag.py:545} INFO - Filling up the DagBag from /home/airflow/.local/lib/python3.12/site-packages/airflow/example_dags/example_branch_labels.py
[2024-07-27T22:04:34.161+0000] {processor.py:840} INFO - DAG(s) 'example_branch_labels' retrieved from /home/airflow/.local/lib/python3.12/site-packages/airflow/example_dags/example_branch_labels.py
[2024-07-27T22:04:34.172+0000] {logging_mixin.py:188} INFO - [2024-07-27T22:04:34.172+0000] {dag.py:3089} INFO - Sync 1 DAGs
[2024-07-27T22:04:34.183+0000] {logging_mixin.py:188} INFO - [2024-07-27T22:04:34.183+0000] {dag.py:3947} INFO - Setting next_dagrun for example_branch_labels to 2024-07-26 00:00:00+00:00, run_after=2024-07-27 00:00:00+00:00
[2024-07-27T22:04:34.191+0000] {processor.py:183} INFO - Processing /home/airflow/.local/lib/python3.12/site-packages/airflow/example_dags/example_branch_labels.py took 0.039 seconds
[2024-07-27T22:05:04.718+0000] {processor.py:161} INFO - Started process (PID=4783) to work on /home/airflow/.local/lib/python3.12/site-packages/airflow/example_dags/example_branch_labels.py
[2024-07-27T22:05:04.719+0000] {processor.py:830} INFO - Processing file /home/airflow/.local/lib/python3.12/site-packages/airflow/example_dags/example_branch_labels.py for tasks to queue
[2024-07-27T22:05:04.720+0000] {logging_mixin.py:188} INFO - [2024-07-27T22:05:04.720+0000] {dagbag.py:545} INFO - Filling up the DagBag from /home/airflow/.local/lib/python3.12/site-packages/airflow/example_dags/example_branch_labels.py
[2024-07-27T22:05:04.724+0000] {processor.py:840} INFO - DAG(s) 'example_branch_labels' retrieved from /home/airflow/.local/lib/python3.12/site-packages/airflow/example_dags/example_branch_labels.py
[2024-07-27T22:05:04.736+0000] {logging_mixin.py:188} INFO - [2024-07-27T22:05:04.736+0000] {dag.py:3089} INFO - Sync 1 DAGs
[2024-07-27T22:05:04.748+0000] {logging_mixin.py:188} INFO - [2024-07-27T22:05:04.748+0000] {dag.py:3947} INFO - Setting next_dagrun for example_branch_labels to 2024-07-26 00:00:00+00:00, run_after=2024-07-27 00:00:00+00:00
[2024-07-27T22:05:04.756+0000] {processor.py:183} INFO - Processing /home/airflow/.local/lib/python3.12/site-packages/airflow/example_dags/example_branch_labels.py took 0.042 seconds
[2024-07-27T22:05:35.749+0000] {processor.py:161} INFO - Started process (PID=5045) to work on /home/airflow/.local/lib/python3.12/site-packages/airflow/example_dags/example_branch_labels.py
[2024-07-27T22:05:35.750+0000] {processor.py:830} INFO - Processing file /home/airflow/.local/lib/python3.12/site-packages/airflow/example_dags/example_branch_labels.py for tasks to queue
[2024-07-27T22:05:35.751+0000] {logging_mixin.py:188} INFO - [2024-07-27T22:05:35.751+0000] {dagbag.py:545} INFO - Filling up the DagBag from /home/airflow/.local/lib/python3.12/site-packages/airflow/example_dags/example_branch_labels.py
[2024-07-27T22:05:35.755+0000] {processor.py:840} INFO - DAG(s) 'example_branch_labels' retrieved from /home/airflow/.local/lib/python3.12/site-packages/airflow/example_dags/example_branch_labels.py
[2024-07-27T22:05:35.767+0000] {logging_mixin.py:188} INFO - [2024-07-27T22:05:35.766+0000] {dag.py:3089} INFO - Sync 1 DAGs
[2024-07-27T22:05:35.778+0000] {logging_mixin.py:188} INFO - [2024-07-27T22:05:35.778+0000] {dag.py:3947} INFO - Setting next_dagrun for example_branch_labels to 2024-07-26 00:00:00+00:00, run_after=2024-07-27 00:00:00+00:00
[2024-07-27T22:05:35.787+0000] {processor.py:183} INFO - Processing /home/airflow/.local/lib/python3.12/site-packages/airflow/example_dags/example_branch_labels.py took 0.040 seconds
[2024-07-27T22:06:05.929+0000] {processor.py:161} INFO - Started process (PID=5306) to work on /home/airflow/.local/lib/python3.12/site-packages/airflow/example_dags/example_branch_labels.py
[2024-07-27T22:06:05.930+0000] {processor.py:830} INFO - Processing file /home/airflow/.local/lib/python3.12/site-packages/airflow/example_dags/example_branch_labels.py for tasks to queue
[2024-07-27T22:06:05.931+0000] {logging_mixin.py:188} INFO - [2024-07-27T22:06:05.931+0000] {dagbag.py:545} INFO - Filling up the DagBag from /home/airflow/.local/lib/python3.12/site-packages/airflow/example_dags/example_branch_labels.py
[2024-07-27T22:06:05.935+0000] {processor.py:840} INFO - DAG(s) 'example_branch_labels' retrieved from /home/airflow/.local/lib/python3.12/site-packages/airflow/example_dags/example_branch_labels.py
[2024-07-27T22:06:05.945+0000] {logging_mixin.py:188} INFO - [2024-07-27T22:06:05.945+0000] {dag.py:3089} INFO - Sync 1 DAGs
[2024-07-27T22:06:05.956+0000] {logging_mixin.py:188} INFO - [2024-07-27T22:06:05.956+0000] {dag.py:3947} INFO - Setting next_dagrun for example_branch_labels to 2024-07-26 00:00:00+00:00, run_after=2024-07-27 00:00:00+00:00
[2024-07-27T22:06:05.964+0000] {processor.py:183} INFO - Processing /home/airflow/.local/lib/python3.12/site-packages/airflow/example_dags/example_branch_labels.py took 0.037 seconds
[2024-07-27T22:06:36.313+0000] {processor.py:161} INFO - Started process (PID=5568) to work on /home/airflow/.local/lib/python3.12/site-packages/airflow/example_dags/example_branch_labels.py
[2024-07-27T22:06:36.314+0000] {processor.py:830} INFO - Processing file /home/airflow/.local/lib/python3.12/site-packages/airflow/example_dags/example_branch_labels.py for tasks to queue
[2024-07-27T22:06:36.315+0000] {logging_mixin.py:188} INFO - [2024-07-27T22:06:36.315+0000] {dagbag.py:545} INFO - Filling up the DagBag from /home/airflow/.local/lib/python3.12/site-packages/airflow/example_dags/example_branch_labels.py
[2024-07-27T22:06:36.320+0000] {processor.py:840} INFO - DAG(s) 'example_branch_labels' retrieved from /home/airflow/.local/lib/python3.12/site-packages/airflow/example_dags/example_branch_labels.py
[2024-07-27T22:06:36.332+0000] {logging_mixin.py:188} INFO - [2024-07-27T22:06:36.332+0000] {dag.py:3089} INFO - Sync 1 DAGs
[2024-07-27T22:06:36.345+0000] {logging_mixin.py:188} INFO - [2024-07-27T22:06:36.345+0000] {dag.py:3947} INFO - Setting next_dagrun for example_branch_labels to 2024-07-26 00:00:00+00:00, run_after=2024-07-27 00:00:00+00:00
[2024-07-27T22:06:36.353+0000] {processor.py:183} INFO - Processing /home/airflow/.local/lib/python3.12/site-packages/airflow/example_dags/example_branch_labels.py took 0.045 seconds
[2024-07-27T22:07:06.730+0000] {processor.py:161} INFO - Started process (PID=5830) to work on /home/airflow/.local/lib/python3.12/site-packages/airflow/example_dags/example_branch_labels.py
[2024-07-27T22:07:06.730+0000] {processor.py:830} INFO - Processing file /home/airflow/.local/lib/python3.12/site-packages/airflow/example_dags/example_branch_labels.py for tasks to queue
[2024-07-27T22:07:06.732+0000] {logging_mixin.py:188} INFO - [2024-07-27T22:07:06.732+0000] {dagbag.py:545} INFO - Filling up the DagBag from /home/airflow/.local/lib/python3.12/site-packages/airflow/example_dags/example_branch_labels.py
[2024-07-27T22:07:06.736+0000] {processor.py:840} INFO - DAG(s) 'example_branch_labels' retrieved from /home/airflow/.local/lib/python3.12/site-packages/airflow/example_dags/example_branch_labels.py
[2024-07-27T22:07:06.748+0000] {logging_mixin.py:188} INFO - [2024-07-27T22:07:06.748+0000] {dag.py:3089} INFO - Sync 1 DAGs
[2024-07-27T22:07:06.761+0000] {logging_mixin.py:188} INFO - [2024-07-27T22:07:06.761+0000] {dag.py:3947} INFO - Setting next_dagrun for example_branch_labels to 2024-07-26 00:00:00+00:00, run_after=2024-07-27 00:00:00+00:00
[2024-07-27T22:07:06.774+0000] {processor.py:183} INFO - Processing /home/airflow/.local/lib/python3.12/site-packages/airflow/example_dags/example_branch_labels.py took 0.048 seconds
[2024-07-27T22:07:36.880+0000] {processor.py:161} INFO - Started process (PID=6092) to work on /home/airflow/.local/lib/python3.12/site-packages/airflow/example_dags/example_branch_labels.py
[2024-07-27T22:07:36.881+0000] {processor.py:830} INFO - Processing file /home/airflow/.local/lib/python3.12/site-packages/airflow/example_dags/example_branch_labels.py for tasks to queue
[2024-07-27T22:07:36.882+0000] {logging_mixin.py:188} INFO - [2024-07-27T22:07:36.882+0000] {dagbag.py:545} INFO - Filling up the DagBag from /home/airflow/.local/lib/python3.12/site-packages/airflow/example_dags/example_branch_labels.py
[2024-07-27T22:07:36.886+0000] {processor.py:840} INFO - DAG(s) 'example_branch_labels' retrieved from /home/airflow/.local/lib/python3.12/site-packages/airflow/example_dags/example_branch_labels.py
[2024-07-27T22:07:36.898+0000] {logging_mixin.py:188} INFO - [2024-07-27T22:07:36.898+0000] {dag.py:3089} INFO - Sync 1 DAGs
[2024-07-27T22:07:36.909+0000] {logging_mixin.py:188} INFO - [2024-07-27T22:07:36.909+0000] {dag.py:3947} INFO - Setting next_dagrun for example_branch_labels to 2024-07-26 00:00:00+00:00, run_after=2024-07-27 00:00:00+00:00
[2024-07-27T22:07:36.918+0000] {processor.py:183} INFO - Processing /home/airflow/.local/lib/python3.12/site-packages/airflow/example_dags/example_branch_labels.py took 0.041 seconds
[2024-07-27T22:08:07.991+0000] {processor.py:161} INFO - Started process (PID=6354) to work on /home/airflow/.local/lib/python3.12/site-packages/airflow/example_dags/example_branch_labels.py
[2024-07-27T22:08:07.992+0000] {processor.py:830} INFO - Processing file /home/airflow/.local/lib/python3.12/site-packages/airflow/example_dags/example_branch_labels.py for tasks to queue
[2024-07-27T22:08:07.994+0000] {logging_mixin.py:188} INFO - [2024-07-27T22:08:07.994+0000] {dagbag.py:545} INFO - Filling up the DagBag from /home/airflow/.local/lib/python3.12/site-packages/airflow/example_dags/example_branch_labels.py
[2024-07-27T22:08:07.998+0000] {processor.py:840} INFO - DAG(s) 'example_branch_labels' retrieved from /home/airflow/.local/lib/python3.12/site-packages/airflow/example_dags/example_branch_labels.py
[2024-07-27T22:08:08.010+0000] {logging_mixin.py:188} INFO - [2024-07-27T22:08:08.010+0000] {dag.py:3089} INFO - Sync 1 DAGs
[2024-07-27T22:08:08.022+0000] {logging_mixin.py:188} INFO - [2024-07-27T22:08:08.022+0000] {dag.py:3947} INFO - Setting next_dagrun for example_branch_labels to 2024-07-26 00:00:00+00:00, run_after=2024-07-27 00:00:00+00:00
[2024-07-27T22:08:08.031+0000] {processor.py:183} INFO - Processing /home/airflow/.local/lib/python3.12/site-packages/airflow/example_dags/example_branch_labels.py took 0.043 seconds
[2024-07-27T22:08:38.249+0000] {processor.py:161} INFO - Started process (PID=6616) to work on /home/airflow/.local/lib/python3.12/site-packages/airflow/example_dags/example_branch_labels.py
[2024-07-27T22:08:38.250+0000] {processor.py:830} INFO - Processing file /home/airflow/.local/lib/python3.12/site-packages/airflow/example_dags/example_branch_labels.py for tasks to queue
[2024-07-27T22:08:38.251+0000] {logging_mixin.py:188} INFO - [2024-07-27T22:08:38.251+0000] {dagbag.py:545} INFO - Filling up the DagBag from /home/airflow/.local/lib/python3.12/site-packages/airflow/example_dags/example_branch_labels.py
[2024-07-27T22:08:38.256+0000] {processor.py:840} INFO - DAG(s) 'example_branch_labels' retrieved from /home/airflow/.local/lib/python3.12/site-packages/airflow/example_dags/example_branch_labels.py
[2024-07-27T22:08:38.268+0000] {logging_mixin.py:188} INFO - [2024-07-27T22:08:38.268+0000] {dag.py:3089} INFO - Sync 1 DAGs
[2024-07-27T22:08:38.281+0000] {logging_mixin.py:188} INFO - [2024-07-27T22:08:38.281+0000] {dag.py:3947} INFO - Setting next_dagrun for example_branch_labels to 2024-07-26 00:00:00+00:00, run_after=2024-07-27 00:00:00+00:00
[2024-07-27T22:08:38.292+0000] {processor.py:183} INFO - Processing /home/airflow/.local/lib/python3.12/site-packages/airflow/example_dags/example_branch_labels.py took 0.048 seconds
[2024-07-27T22:09:09.190+0000] {processor.py:161} INFO - Started process (PID=6878) to work on /home/airflow/.local/lib/python3.12/site-packages/airflow/example_dags/example_branch_labels.py
[2024-07-27T22:09:09.190+0000] {processor.py:830} INFO - Processing file /home/airflow/.local/lib/python3.12/site-packages/airflow/example_dags/example_branch_labels.py for tasks to queue
[2024-07-27T22:09:09.192+0000] {logging_mixin.py:188} INFO - [2024-07-27T22:09:09.191+0000] {dagbag.py:545} INFO - Filling up the DagBag from /home/airflow/.local/lib/python3.12/site-packages/airflow/example_dags/example_branch_labels.py
[2024-07-27T22:09:09.196+0000] {processor.py:840} INFO - DAG(s) 'example_branch_labels' retrieved from /home/airflow/.local/lib/python3.12/site-packages/airflow/example_dags/example_branch_labels.py
[2024-07-27T22:09:09.207+0000] {logging_mixin.py:188} INFO - [2024-07-27T22:09:09.207+0000] {dag.py:3089} INFO - Sync 1 DAGs
[2024-07-27T22:09:09.219+0000] {logging_mixin.py:188} INFO - [2024-07-27T22:09:09.219+0000] {dag.py:3947} INFO - Setting next_dagrun for example_branch_labels to 2024-07-26 00:00:00+00:00, run_after=2024-07-27 00:00:00+00:00
[2024-07-27T22:09:09.227+0000] {processor.py:183} INFO - Processing /home/airflow/.local/lib/python3.12/site-packages/airflow/example_dags/example_branch_labels.py took 0.041 seconds
[2024-07-27T22:09:39.458+0000] {processor.py:161} INFO - Started process (PID=7140) to work on /home/airflow/.local/lib/python3.12/site-packages/airflow/example_dags/example_branch_labels.py
[2024-07-27T22:09:39.459+0000] {processor.py:830} INFO - Processing file /home/airflow/.local/lib/python3.12/site-packages/airflow/example_dags/example_branch_labels.py for tasks to queue
[2024-07-27T22:09:39.460+0000] {logging_mixin.py:188} INFO - [2024-07-27T22:09:39.460+0000] {dagbag.py:545} INFO - Filling up the DagBag from /home/airflow/.local/lib/python3.12/site-packages/airflow/example_dags/example_branch_labels.py
[2024-07-27T22:09:39.465+0000] {processor.py:840} INFO - DAG(s) 'example_branch_labels' retrieved from /home/airflow/.local/lib/python3.12/site-packages/airflow/example_dags/example_branch_labels.py
[2024-07-27T22:09:39.480+0000] {logging_mixin.py:188} INFO - [2024-07-27T22:09:39.480+0000] {dag.py:3089} INFO - Sync 1 DAGs
[2024-07-27T22:09:39.493+0000] {logging_mixin.py:188} INFO - [2024-07-27T22:09:39.492+0000] {dag.py:3947} INFO - Setting next_dagrun for example_branch_labels to 2024-07-26 00:00:00+00:00, run_after=2024-07-27 00:00:00+00:00
[2024-07-27T22:09:39.501+0000] {processor.py:183} INFO - Processing /home/airflow/.local/lib/python3.12/site-packages/airflow/example_dags/example_branch_labels.py took 0.047 seconds
[2024-07-27T22:10:09.785+0000] {processor.py:161} INFO - Started process (PID=7402) to work on /home/airflow/.local/lib/python3.12/site-packages/airflow/example_dags/example_branch_labels.py
[2024-07-27T22:10:09.786+0000] {processor.py:830} INFO - Processing file /home/airflow/.local/lib/python3.12/site-packages/airflow/example_dags/example_branch_labels.py for tasks to queue
[2024-07-27T22:10:09.787+0000] {logging_mixin.py:188} INFO - [2024-07-27T22:10:09.787+0000] {dagbag.py:545} INFO - Filling up the DagBag from /home/airflow/.local/lib/python3.12/site-packages/airflow/example_dags/example_branch_labels.py
[2024-07-27T22:10:09.791+0000] {processor.py:840} INFO - DAG(s) 'example_branch_labels' retrieved from /home/airflow/.local/lib/python3.12/site-packages/airflow/example_dags/example_branch_labels.py
[2024-07-27T22:10:09.803+0000] {logging_mixin.py:188} INFO - [2024-07-27T22:10:09.802+0000] {dag.py:3089} INFO - Sync 1 DAGs
[2024-07-27T22:10:09.815+0000] {logging_mixin.py:188} INFO - [2024-07-27T22:10:09.815+0000] {dag.py:3947} INFO - Setting next_dagrun for example_branch_labels to 2024-07-26 00:00:00+00:00, run_after=2024-07-27 00:00:00+00:00
[2024-07-27T22:10:09.823+0000] {processor.py:183} INFO - Processing /home/airflow/.local/lib/python3.12/site-packages/airflow/example_dags/example_branch_labels.py took 0.041 seconds
[2024-07-27T22:10:40.190+0000] {processor.py:161} INFO - Started process (PID=7666) to work on /home/airflow/.local/lib/python3.12/site-packages/airflow/example_dags/example_branch_labels.py
[2024-07-27T22:10:40.191+0000] {processor.py:830} INFO - Processing file /home/airflow/.local/lib/python3.12/site-packages/airflow/example_dags/example_branch_labels.py for tasks to queue
[2024-07-27T22:10:40.192+0000] {logging_mixin.py:188} INFO - [2024-07-27T22:10:40.192+0000] {dagbag.py:545} INFO - Filling up the DagBag from /home/airflow/.local/lib/python3.12/site-packages/airflow/example_dags/example_branch_labels.py
[2024-07-27T22:10:40.199+0000] {processor.py:840} INFO - DAG(s) 'example_branch_labels' retrieved from /home/airflow/.local/lib/python3.12/site-packages/airflow/example_dags/example_branch_labels.py
[2024-07-27T22:10:40.210+0000] {logging_mixin.py:188} INFO - [2024-07-27T22:10:40.210+0000] {dag.py:3089} INFO - Sync 1 DAGs
[2024-07-27T22:10:40.224+0000] {logging_mixin.py:188} INFO - [2024-07-27T22:10:40.223+0000] {dag.py:3947} INFO - Setting next_dagrun for example_branch_labels to 2024-07-26 00:00:00+00:00, run_after=2024-07-27 00:00:00+00:00
[2024-07-27T22:10:40.232+0000] {processor.py:183} INFO - Processing /home/airflow/.local/lib/python3.12/site-packages/airflow/example_dags/example_branch_labels.py took 0.046 seconds
[2024-07-27T22:11:11.306+0000] {processor.py:161} INFO - Started process (PID=7932) to work on /home/airflow/.local/lib/python3.12/site-packages/airflow/example_dags/example_branch_labels.py
[2024-07-27T22:11:11.306+0000] {processor.py:830} INFO - Processing file /home/airflow/.local/lib/python3.12/site-packages/airflow/example_dags/example_branch_labels.py for tasks to queue
[2024-07-27T22:11:11.307+0000] {logging_mixin.py:188} INFO - [2024-07-27T22:11:11.307+0000] {dagbag.py:545} INFO - Filling up the DagBag from /home/airflow/.local/lib/python3.12/site-packages/airflow/example_dags/example_branch_labels.py
[2024-07-27T22:11:11.312+0000] {processor.py:840} INFO - DAG(s) 'example_branch_labels' retrieved from /home/airflow/.local/lib/python3.12/site-packages/airflow/example_dags/example_branch_labels.py
[2024-07-27T22:11:11.323+0000] {logging_mixin.py:188} INFO - [2024-07-27T22:11:11.323+0000] {dag.py:3089} INFO - Sync 1 DAGs
[2024-07-27T22:11:11.335+0000] {logging_mixin.py:188} INFO - [2024-07-27T22:11:11.335+0000] {dag.py:3947} INFO - Setting next_dagrun for example_branch_labels to 2024-07-26 00:00:00+00:00, run_after=2024-07-27 00:00:00+00:00
[2024-07-27T22:11:11.343+0000] {processor.py:183} INFO - Processing /home/airflow/.local/lib/python3.12/site-packages/airflow/example_dags/example_branch_labels.py took 0.041 seconds
[2024-07-27T22:11:41.571+0000] {processor.py:161} INFO - Started process (PID=8195) to work on /home/airflow/.local/lib/python3.12/site-packages/airflow/example_dags/example_branch_labels.py
[2024-07-27T22:11:41.572+0000] {processor.py:830} INFO - Processing file /home/airflow/.local/lib/python3.12/site-packages/airflow/example_dags/example_branch_labels.py for tasks to queue
[2024-07-27T22:11:41.573+0000] {logging_mixin.py:188} INFO - [2024-07-27T22:11:41.573+0000] {dagbag.py:545} INFO - Filling up the DagBag from /home/airflow/.local/lib/python3.12/site-packages/airflow/example_dags/example_branch_labels.py
[2024-07-27T22:11:41.577+0000] {processor.py:840} INFO - DAG(s) 'example_branch_labels' retrieved from /home/airflow/.local/lib/python3.12/site-packages/airflow/example_dags/example_branch_labels.py
[2024-07-27T22:11:41.588+0000] {logging_mixin.py:188} INFO - [2024-07-27T22:11:41.588+0000] {dag.py:3089} INFO - Sync 1 DAGs
[2024-07-27T22:11:41.600+0000] {logging_mixin.py:188} INFO - [2024-07-27T22:11:41.600+0000] {dag.py:3947} INFO - Setting next_dagrun for example_branch_labels to 2024-07-26 00:00:00+00:00, run_after=2024-07-27 00:00:00+00:00
[2024-07-27T22:11:41.609+0000] {processor.py:183} INFO - Processing /home/airflow/.local/lib/python3.12/site-packages/airflow/example_dags/example_branch_labels.py took 0.041 seconds
[2024-07-27T22:12:11.885+0000] {processor.py:161} INFO - Started process (PID=8457) to work on /home/airflow/.local/lib/python3.12/site-packages/airflow/example_dags/example_branch_labels.py
[2024-07-27T22:12:11.886+0000] {processor.py:830} INFO - Processing file /home/airflow/.local/lib/python3.12/site-packages/airflow/example_dags/example_branch_labels.py for tasks to queue
[2024-07-27T22:12:11.888+0000] {logging_mixin.py:188} INFO - [2024-07-27T22:12:11.887+0000] {dagbag.py:545} INFO - Filling up the DagBag from /home/airflow/.local/lib/python3.12/site-packages/airflow/example_dags/example_branch_labels.py
[2024-07-27T22:12:11.893+0000] {processor.py:840} INFO - DAG(s) 'example_branch_labels' retrieved from /home/airflow/.local/lib/python3.12/site-packages/airflow/example_dags/example_branch_labels.py
[2024-07-27T22:12:11.909+0000] {logging_mixin.py:188} INFO - [2024-07-27T22:12:11.909+0000] {dag.py:3089} INFO - Sync 1 DAGs
[2024-07-27T22:12:11.923+0000] {logging_mixin.py:188} INFO - [2024-07-27T22:12:11.923+0000] {dag.py:3947} INFO - Setting next_dagrun for example_branch_labels to 2024-07-26 00:00:00+00:00, run_after=2024-07-27 00:00:00+00:00
[2024-07-27T22:12:11.933+0000] {processor.py:183} INFO - Processing /home/airflow/.local/lib/python3.12/site-packages/airflow/example_dags/example_branch_labels.py took 0.052 seconds
[2024-07-27T22:12:42.280+0000] {processor.py:161} INFO - Started process (PID=8719) to work on /home/airflow/.local/lib/python3.12/site-packages/airflow/example_dags/example_branch_labels.py
[2024-07-27T22:12:42.281+0000] {processor.py:830} INFO - Processing file /home/airflow/.local/lib/python3.12/site-packages/airflow/example_dags/example_branch_labels.py for tasks to queue
[2024-07-27T22:12:42.282+0000] {logging_mixin.py:188} INFO - [2024-07-27T22:12:42.282+0000] {dagbag.py:545} INFO - Filling up the DagBag from /home/airflow/.local/lib/python3.12/site-packages/airflow/example_dags/example_branch_labels.py
[2024-07-27T22:12:42.286+0000] {processor.py:840} INFO - DAG(s) 'example_branch_labels' retrieved from /home/airflow/.local/lib/python3.12/site-packages/airflow/example_dags/example_branch_labels.py
[2024-07-27T22:12:42.298+0000] {logging_mixin.py:188} INFO - [2024-07-27T22:12:42.298+0000] {dag.py:3089} INFO - Sync 1 DAGs
[2024-07-27T22:12:42.309+0000] {logging_mixin.py:188} INFO - [2024-07-27T22:12:42.309+0000] {dag.py:3947} INFO - Setting next_dagrun for example_branch_labels to 2024-07-26 00:00:00+00:00, run_after=2024-07-27 00:00:00+00:00
[2024-07-27T22:12:42.318+0000] {processor.py:183} INFO - Processing /home/airflow/.local/lib/python3.12/site-packages/airflow/example_dags/example_branch_labels.py took 0.041 seconds
[2024-07-27T22:13:12.462+0000] {processor.py:161} INFO - Started process (PID=8976) to work on /home/airflow/.local/lib/python3.12/site-packages/airflow/example_dags/example_branch_labels.py
[2024-07-27T22:13:12.462+0000] {processor.py:830} INFO - Processing file /home/airflow/.local/lib/python3.12/site-packages/airflow/example_dags/example_branch_labels.py for tasks to queue
[2024-07-27T22:13:12.464+0000] {logging_mixin.py:188} INFO - [2024-07-27T22:13:12.463+0000] {dagbag.py:545} INFO - Filling up the DagBag from /home/airflow/.local/lib/python3.12/site-packages/airflow/example_dags/example_branch_labels.py
[2024-07-27T22:13:12.467+0000] {processor.py:840} INFO - DAG(s) 'example_branch_labels' retrieved from /home/airflow/.local/lib/python3.12/site-packages/airflow/example_dags/example_branch_labels.py
[2024-07-27T22:13:12.477+0000] {logging_mixin.py:188} INFO - [2024-07-27T22:13:12.477+0000] {dag.py:3089} INFO - Sync 1 DAGs
[2024-07-27T22:13:12.489+0000] {logging_mixin.py:188} INFO - [2024-07-27T22:13:12.489+0000] {dag.py:3947} INFO - Setting next_dagrun for example_branch_labels to 2024-07-26 00:00:00+00:00, run_after=2024-07-27 00:00:00+00:00
[2024-07-27T22:13:12.497+0000] {processor.py:183} INFO - Processing /home/airflow/.local/lib/python3.12/site-packages/airflow/example_dags/example_branch_labels.py took 0.039 seconds
[2024-07-27T22:13:42.743+0000] {processor.py:161} INFO - Started process (PID=9240) to work on /home/airflow/.local/lib/python3.12/site-packages/airflow/example_dags/example_branch_labels.py
[2024-07-27T22:13:42.744+0000] {processor.py:830} INFO - Processing file /home/airflow/.local/lib/python3.12/site-packages/airflow/example_dags/example_branch_labels.py for tasks to queue
[2024-07-27T22:13:42.746+0000] {logging_mixin.py:188} INFO - [2024-07-27T22:13:42.746+0000] {dagbag.py:545} INFO - Filling up the DagBag from /home/airflow/.local/lib/python3.12/site-packages/airflow/example_dags/example_branch_labels.py
[2024-07-27T22:13:42.750+0000] {processor.py:840} INFO - DAG(s) 'example_branch_labels' retrieved from /home/airflow/.local/lib/python3.12/site-packages/airflow/example_dags/example_branch_labels.py
[2024-07-27T22:13:42.761+0000] {logging_mixin.py:188} INFO - [2024-07-27T22:13:42.761+0000] {dag.py:3089} INFO - Sync 1 DAGs
[2024-07-27T22:13:42.772+0000] {logging_mixin.py:188} INFO - [2024-07-27T22:13:42.772+0000] {dag.py:3947} INFO - Setting next_dagrun for example_branch_labels to 2024-07-26 00:00:00+00:00, run_after=2024-07-27 00:00:00+00:00
[2024-07-27T22:13:42.779+0000] {processor.py:183} INFO - Processing /home/airflow/.local/lib/python3.12/site-packages/airflow/example_dags/example_branch_labels.py took 0.039 seconds
[2024-07-27T22:14:13.227+0000] {processor.py:161} INFO - Started process (PID=9501) to work on /home/airflow/.local/lib/python3.12/site-packages/airflow/example_dags/example_branch_labels.py
[2024-07-27T22:14:13.228+0000] {processor.py:830} INFO - Processing file /home/airflow/.local/lib/python3.12/site-packages/airflow/example_dags/example_branch_labels.py for tasks to queue
[2024-07-27T22:14:13.229+0000] {logging_mixin.py:188} INFO - [2024-07-27T22:14:13.229+0000] {dagbag.py:545} INFO - Filling up the DagBag from /home/airflow/.local/lib/python3.12/site-packages/airflow/example_dags/example_branch_labels.py
[2024-07-27T22:14:13.233+0000] {processor.py:840} INFO - DAG(s) 'example_branch_labels' retrieved from /home/airflow/.local/lib/python3.12/site-packages/airflow/example_dags/example_branch_labels.py
[2024-07-27T22:14:13.244+0000] {logging_mixin.py:188} INFO - [2024-07-27T22:14:13.244+0000] {dag.py:3089} INFO - Sync 1 DAGs
[2024-07-27T22:14:13.255+0000] {logging_mixin.py:188} INFO - [2024-07-27T22:14:13.255+0000] {dag.py:3947} INFO - Setting next_dagrun for example_branch_labels to 2024-07-26 00:00:00+00:00, run_after=2024-07-27 00:00:00+00:00
[2024-07-27T22:14:13.263+0000] {processor.py:183} INFO - Processing /home/airflow/.local/lib/python3.12/site-packages/airflow/example_dags/example_branch_labels.py took 0.039 seconds
[2024-07-27T22:14:43.520+0000] {processor.py:161} INFO - Started process (PID=9761) to work on /home/airflow/.local/lib/python3.12/site-packages/airflow/example_dags/example_branch_labels.py
[2024-07-27T22:14:43.521+0000] {processor.py:830} INFO - Processing file /home/airflow/.local/lib/python3.12/site-packages/airflow/example_dags/example_branch_labels.py for tasks to queue
[2024-07-27T22:14:43.522+0000] {logging_mixin.py:188} INFO - [2024-07-27T22:14:43.522+0000] {dagbag.py:545} INFO - Filling up the DagBag from /home/airflow/.local/lib/python3.12/site-packages/airflow/example_dags/example_branch_labels.py
[2024-07-27T22:14:43.526+0000] {processor.py:840} INFO - DAG(s) 'example_branch_labels' retrieved from /home/airflow/.local/lib/python3.12/site-packages/airflow/example_dags/example_branch_labels.py
[2024-07-27T22:14:43.538+0000] {logging_mixin.py:188} INFO - [2024-07-27T22:14:43.538+0000] {dag.py:3089} INFO - Sync 1 DAGs
[2024-07-27T22:14:43.550+0000] {logging_mixin.py:188} INFO - [2024-07-27T22:14:43.550+0000] {dag.py:3947} INFO - Setting next_dagrun for example_branch_labels to 2024-07-26 00:00:00+00:00, run_after=2024-07-27 00:00:00+00:00
[2024-07-27T22:14:43.562+0000] {processor.py:183} INFO - Processing /home/airflow/.local/lib/python3.12/site-packages/airflow/example_dags/example_branch_labels.py took 0.046 seconds
[2024-07-27T22:15:13.912+0000] {processor.py:161} INFO - Started process (PID=10024) to work on /home/airflow/.local/lib/python3.12/site-packages/airflow/example_dags/example_branch_labels.py
[2024-07-27T22:15:13.912+0000] {processor.py:830} INFO - Processing file /home/airflow/.local/lib/python3.12/site-packages/airflow/example_dags/example_branch_labels.py for tasks to queue
[2024-07-27T22:15:13.914+0000] {logging_mixin.py:188} INFO - [2024-07-27T22:15:13.913+0000] {dagbag.py:545} INFO - Filling up the DagBag from /home/airflow/.local/lib/python3.12/site-packages/airflow/example_dags/example_branch_labels.py
[2024-07-27T22:15:13.918+0000] {processor.py:840} INFO - DAG(s) 'example_branch_labels' retrieved from /home/airflow/.local/lib/python3.12/site-packages/airflow/example_dags/example_branch_labels.py
[2024-07-27T22:15:13.935+0000] {logging_mixin.py:188} INFO - [2024-07-27T22:15:13.935+0000] {dag.py:3089} INFO - Sync 1 DAGs
[2024-07-27T22:15:13.948+0000] {logging_mixin.py:188} INFO - [2024-07-27T22:15:13.948+0000] {dag.py:3947} INFO - Setting next_dagrun for example_branch_labels to 2024-07-26 00:00:00+00:00, run_after=2024-07-27 00:00:00+00:00
[2024-07-27T22:15:13.957+0000] {processor.py:183} INFO - Processing /home/airflow/.local/lib/python3.12/site-packages/airflow/example_dags/example_branch_labels.py took 0.048 seconds
[2024-07-27T22:15:44.048+0000] {processor.py:161} INFO - Started process (PID=10288) to work on /home/airflow/.local/lib/python3.12/site-packages/airflow/example_dags/example_branch_labels.py
[2024-07-27T22:15:44.049+0000] {processor.py:830} INFO - Processing file /home/airflow/.local/lib/python3.12/site-packages/airflow/example_dags/example_branch_labels.py for tasks to queue
[2024-07-27T22:15:44.050+0000] {logging_mixin.py:188} INFO - [2024-07-27T22:15:44.050+0000] {dagbag.py:545} INFO - Filling up the DagBag from /home/airflow/.local/lib/python3.12/site-packages/airflow/example_dags/example_branch_labels.py
[2024-07-27T22:15:44.060+0000] {processor.py:840} INFO - DAG(s) 'example_branch_labels' retrieved from /home/airflow/.local/lib/python3.12/site-packages/airflow/example_dags/example_branch_labels.py
[2024-07-27T22:15:44.072+0000] {logging_mixin.py:188} INFO - [2024-07-27T22:15:44.072+0000] {dag.py:3089} INFO - Sync 1 DAGs
[2024-07-27T22:15:44.082+0000] {logging_mixin.py:188} INFO - [2024-07-27T22:15:44.082+0000] {dag.py:3947} INFO - Setting next_dagrun for example_branch_labels to 2024-07-26 00:00:00+00:00, run_after=2024-07-27 00:00:00+00:00
[2024-07-27T22:15:44.090+0000] {processor.py:183} INFO - Processing /home/airflow/.local/lib/python3.12/site-packages/airflow/example_dags/example_branch_labels.py took 0.046 seconds
[2024-07-27T22:16:15.192+0000] {processor.py:161} INFO - Started process (PID=10551) to work on /home/airflow/.local/lib/python3.12/site-packages/airflow/example_dags/example_branch_labels.py
[2024-07-27T22:16:15.193+0000] {processor.py:830} INFO - Processing file /home/airflow/.local/lib/python3.12/site-packages/airflow/example_dags/example_branch_labels.py for tasks to queue
[2024-07-27T22:16:15.194+0000] {logging_mixin.py:188} INFO - [2024-07-27T22:16:15.194+0000] {dagbag.py:545} INFO - Filling up the DagBag from /home/airflow/.local/lib/python3.12/site-packages/airflow/example_dags/example_branch_labels.py
[2024-07-27T22:16:15.198+0000] {processor.py:840} INFO - DAG(s) 'example_branch_labels' retrieved from /home/airflow/.local/lib/python3.12/site-packages/airflow/example_dags/example_branch_labels.py
[2024-07-27T22:16:15.210+0000] {logging_mixin.py:188} INFO - [2024-07-27T22:16:15.210+0000] {dag.py:3089} INFO - Sync 1 DAGs
[2024-07-27T22:16:15.221+0000] {logging_mixin.py:188} INFO - [2024-07-27T22:16:15.221+0000] {dag.py:3947} INFO - Setting next_dagrun for example_branch_labels to 2024-07-26 00:00:00+00:00, run_after=2024-07-27 00:00:00+00:00
[2024-07-27T22:16:15.230+0000] {processor.py:183} INFO - Processing /home/airflow/.local/lib/python3.12/site-packages/airflow/example_dags/example_branch_labels.py took 0.042 seconds
[2024-07-27T22:16:46.558+0000] {processor.py:161} INFO - Started process (PID=10811) to work on /home/airflow/.local/lib/python3.12/site-packages/airflow/example_dags/example_branch_labels.py
[2024-07-27T22:16:46.559+0000] {processor.py:830} INFO - Processing file /home/airflow/.local/lib/python3.12/site-packages/airflow/example_dags/example_branch_labels.py for tasks to queue
[2024-07-27T22:16:46.560+0000] {logging_mixin.py:188} INFO - [2024-07-27T22:16:46.560+0000] {dagbag.py:545} INFO - Filling up the DagBag from /home/airflow/.local/lib/python3.12/site-packages/airflow/example_dags/example_branch_labels.py
[2024-07-27T22:16:46.567+0000] {processor.py:840} INFO - DAG(s) 'example_branch_labels' retrieved from /home/airflow/.local/lib/python3.12/site-packages/airflow/example_dags/example_branch_labels.py
[2024-07-27T22:16:46.584+0000] {logging_mixin.py:188} INFO - [2024-07-27T22:16:46.584+0000] {dag.py:3089} INFO - Sync 1 DAGs
[2024-07-27T22:16:46.722+0000] {logging_mixin.py:188} INFO - [2024-07-27T22:16:46.722+0000] {dag.py:3947} INFO - Setting next_dagrun for example_branch_labels to 2024-07-26 00:00:00+00:00, run_after=2024-07-27 00:00:00+00:00
[2024-07-27T22:16:46.733+0000] {processor.py:183} INFO - Processing /home/airflow/.local/lib/python3.12/site-packages/airflow/example_dags/example_branch_labels.py took 0.179 seconds
[2024-07-27T22:17:17.640+0000] {processor.py:161} INFO - Started process (PID=11075) to work on /home/airflow/.local/lib/python3.12/site-packages/airflow/example_dags/example_branch_labels.py
[2024-07-27T22:17:17.641+0000] {processor.py:830} INFO - Processing file /home/airflow/.local/lib/python3.12/site-packages/airflow/example_dags/example_branch_labels.py for tasks to queue
[2024-07-27T22:17:17.642+0000] {logging_mixin.py:188} INFO - [2024-07-27T22:17:17.642+0000] {dagbag.py:545} INFO - Filling up the DagBag from /home/airflow/.local/lib/python3.12/site-packages/airflow/example_dags/example_branch_labels.py
[2024-07-27T22:17:17.648+0000] {processor.py:840} INFO - DAG(s) 'example_branch_labels' retrieved from /home/airflow/.local/lib/python3.12/site-packages/airflow/example_dags/example_branch_labels.py
[2024-07-27T22:17:17.661+0000] {logging_mixin.py:188} INFO - [2024-07-27T22:17:17.660+0000] {dag.py:3089} INFO - Sync 1 DAGs
[2024-07-27T22:17:17.675+0000] {logging_mixin.py:188} INFO - [2024-07-27T22:17:17.675+0000] {dag.py:3947} INFO - Setting next_dagrun for example_branch_labels to 2024-07-26 00:00:00+00:00, run_after=2024-07-27 00:00:00+00:00
[2024-07-27T22:17:17.691+0000] {processor.py:183} INFO - Processing /home/airflow/.local/lib/python3.12/site-packages/airflow/example_dags/example_branch_labels.py took 0.061 seconds
[2024-07-27T22:17:48.091+0000] {processor.py:161} INFO - Started process (PID=11335) to work on /home/airflow/.local/lib/python3.12/site-packages/airflow/example_dags/example_branch_labels.py
[2024-07-27T22:17:48.091+0000] {processor.py:830} INFO - Processing file /home/airflow/.local/lib/python3.12/site-packages/airflow/example_dags/example_branch_labels.py for tasks to queue
[2024-07-27T22:17:48.093+0000] {logging_mixin.py:188} INFO - [2024-07-27T22:17:48.092+0000] {dagbag.py:545} INFO - Filling up the DagBag from /home/airflow/.local/lib/python3.12/site-packages/airflow/example_dags/example_branch_labels.py
[2024-07-27T22:17:48.097+0000] {processor.py:840} INFO - DAG(s) 'example_branch_labels' retrieved from /home/airflow/.local/lib/python3.12/site-packages/airflow/example_dags/example_branch_labels.py
[2024-07-27T22:17:48.109+0000] {logging_mixin.py:188} INFO - [2024-07-27T22:17:48.109+0000] {dag.py:3089} INFO - Sync 1 DAGs
[2024-07-27T22:17:48.120+0000] {logging_mixin.py:188} INFO - [2024-07-27T22:17:48.120+0000] {dag.py:3947} INFO - Setting next_dagrun for example_branch_labels to 2024-07-26 00:00:00+00:00, run_after=2024-07-27 00:00:00+00:00
[2024-07-27T22:17:48.128+0000] {processor.py:183} INFO - Processing /home/airflow/.local/lib/python3.12/site-packages/airflow/example_dags/example_branch_labels.py took 0.041 seconds
[2024-07-27T22:18:18.401+0000] {processor.py:161} INFO - Started process (PID=11598) to work on /home/airflow/.local/lib/python3.12/site-packages/airflow/example_dags/example_branch_labels.py
[2024-07-27T22:18:18.402+0000] {processor.py:830} INFO - Processing file /home/airflow/.local/lib/python3.12/site-packages/airflow/example_dags/example_branch_labels.py for tasks to queue
[2024-07-27T22:18:18.403+0000] {logging_mixin.py:188} INFO - [2024-07-27T22:18:18.403+0000] {dagbag.py:545} INFO - Filling up the DagBag from /home/airflow/.local/lib/python3.12/site-packages/airflow/example_dags/example_branch_labels.py
[2024-07-27T22:18:18.407+0000] {processor.py:840} INFO - DAG(s) 'example_branch_labels' retrieved from /home/airflow/.local/lib/python3.12/site-packages/airflow/example_dags/example_branch_labels.py
[2024-07-27T22:18:18.421+0000] {logging_mixin.py:188} INFO - [2024-07-27T22:18:18.420+0000] {dag.py:3089} INFO - Sync 1 DAGs
[2024-07-27T22:18:18.433+0000] {logging_mixin.py:188} INFO - [2024-07-27T22:18:18.433+0000] {dag.py:3947} INFO - Setting next_dagrun for example_branch_labels to 2024-07-26 00:00:00+00:00, run_after=2024-07-27 00:00:00+00:00
[2024-07-27T22:18:18.441+0000] {processor.py:183} INFO - Processing /home/airflow/.local/lib/python3.12/site-packages/airflow/example_dags/example_branch_labels.py took 0.044 seconds
[2024-07-27T22:18:48.603+0000] {processor.py:161} INFO - Started process (PID=11861) to work on /home/airflow/.local/lib/python3.12/site-packages/airflow/example_dags/example_branch_labels.py
[2024-07-27T22:18:48.604+0000] {processor.py:830} INFO - Processing file /home/airflow/.local/lib/python3.12/site-packages/airflow/example_dags/example_branch_labels.py for tasks to queue
[2024-07-27T22:18:48.605+0000] {logging_mixin.py:188} INFO - [2024-07-27T22:18:48.605+0000] {dagbag.py:545} INFO - Filling up the DagBag from /home/airflow/.local/lib/python3.12/site-packages/airflow/example_dags/example_branch_labels.py
[2024-07-27T22:18:48.609+0000] {processor.py:840} INFO - DAG(s) 'example_branch_labels' retrieved from /home/airflow/.local/lib/python3.12/site-packages/airflow/example_dags/example_branch_labels.py
[2024-07-27T22:18:48.621+0000] {logging_mixin.py:188} INFO - [2024-07-27T22:18:48.621+0000] {dag.py:3089} INFO - Sync 1 DAGs
[2024-07-27T22:18:48.632+0000] {logging_mixin.py:188} INFO - [2024-07-27T22:18:48.632+0000] {dag.py:3947} INFO - Setting next_dagrun for example_branch_labels to 2024-07-26 00:00:00+00:00, run_after=2024-07-27 00:00:00+00:00
[2024-07-27T22:18:48.641+0000] {processor.py:183} INFO - Processing /home/airflow/.local/lib/python3.12/site-packages/airflow/example_dags/example_branch_labels.py took 0.042 seconds
[2024-07-27T22:19:18.957+0000] {processor.py:161} INFO - Started process (PID=12123) to work on /home/airflow/.local/lib/python3.12/site-packages/airflow/example_dags/example_branch_labels.py
[2024-07-27T22:19:18.959+0000] {processor.py:830} INFO - Processing file /home/airflow/.local/lib/python3.12/site-packages/airflow/example_dags/example_branch_labels.py for tasks to queue
[2024-07-27T22:19:18.960+0000] {logging_mixin.py:188} INFO - [2024-07-27T22:19:18.960+0000] {dagbag.py:545} INFO - Filling up the DagBag from /home/airflow/.local/lib/python3.12/site-packages/airflow/example_dags/example_branch_labels.py
[2024-07-27T22:19:18.965+0000] {processor.py:840} INFO - DAG(s) 'example_branch_labels' retrieved from /home/airflow/.local/lib/python3.12/site-packages/airflow/example_dags/example_branch_labels.py
[2024-07-27T22:19:18.978+0000] {logging_mixin.py:188} INFO - [2024-07-27T22:19:18.977+0000] {dag.py:3089} INFO - Sync 1 DAGs
[2024-07-27T22:19:18.990+0000] {logging_mixin.py:188} INFO - [2024-07-27T22:19:18.990+0000] {dag.py:3947} INFO - Setting next_dagrun for example_branch_labels to 2024-07-26 00:00:00+00:00, run_after=2024-07-27 00:00:00+00:00
[2024-07-27T22:19:19.000+0000] {processor.py:183} INFO - Processing /home/airflow/.local/lib/python3.12/site-packages/airflow/example_dags/example_branch_labels.py took 0.047 seconds
[2024-07-27T22:19:49.149+0000] {processor.py:161} INFO - Started process (PID=12385) to work on /home/airflow/.local/lib/python3.12/site-packages/airflow/example_dags/example_branch_labels.py
[2024-07-27T22:19:49.150+0000] {processor.py:830} INFO - Processing file /home/airflow/.local/lib/python3.12/site-packages/airflow/example_dags/example_branch_labels.py for tasks to queue
[2024-07-27T22:19:49.151+0000] {logging_mixin.py:188} INFO - [2024-07-27T22:19:49.151+0000] {dagbag.py:545} INFO - Filling up the DagBag from /home/airflow/.local/lib/python3.12/site-packages/airflow/example_dags/example_branch_labels.py
[2024-07-27T22:19:49.155+0000] {processor.py:840} INFO - DAG(s) 'example_branch_labels' retrieved from /home/airflow/.local/lib/python3.12/site-packages/airflow/example_dags/example_branch_labels.py
[2024-07-27T22:19:49.167+0000] {logging_mixin.py:188} INFO - [2024-07-27T22:19:49.166+0000] {dag.py:3089} INFO - Sync 1 DAGs
[2024-07-27T22:19:49.178+0000] {logging_mixin.py:188} INFO - [2024-07-27T22:19:49.178+0000] {dag.py:3947} INFO - Setting next_dagrun for example_branch_labels to 2024-07-26 00:00:00+00:00, run_after=2024-07-27 00:00:00+00:00
[2024-07-27T22:19:49.186+0000] {processor.py:183} INFO - Processing /home/airflow/.local/lib/python3.12/site-packages/airflow/example_dags/example_branch_labels.py took 0.041 seconds
[2024-07-27T22:20:19.900+0000] {processor.py:161} INFO - Started process (PID=12650) to work on /home/airflow/.local/lib/python3.12/site-packages/airflow/example_dags/example_branch_labels.py
[2024-07-27T22:20:19.902+0000] {processor.py:830} INFO - Processing file /home/airflow/.local/lib/python3.12/site-packages/airflow/example_dags/example_branch_labels.py for tasks to queue
[2024-07-27T22:20:19.903+0000] {logging_mixin.py:188} INFO - [2024-07-27T22:20:19.903+0000] {dagbag.py:545} INFO - Filling up the DagBag from /home/airflow/.local/lib/python3.12/site-packages/airflow/example_dags/example_branch_labels.py
[2024-07-27T22:20:19.908+0000] {processor.py:840} INFO - DAG(s) 'example_branch_labels' retrieved from /home/airflow/.local/lib/python3.12/site-packages/airflow/example_dags/example_branch_labels.py
[2024-07-27T22:20:19.931+0000] {logging_mixin.py:188} INFO - [2024-07-27T22:20:19.931+0000] {dag.py:3089} INFO - Sync 1 DAGs
[2024-07-27T22:20:19.945+0000] {logging_mixin.py:188} INFO - [2024-07-27T22:20:19.945+0000] {dag.py:3947} INFO - Setting next_dagrun for example_branch_labels to 2024-07-26 00:00:00+00:00, run_after=2024-07-27 00:00:00+00:00
[2024-07-27T22:20:19.956+0000] {processor.py:183} INFO - Processing /home/airflow/.local/lib/python3.12/site-packages/airflow/example_dags/example_branch_labels.py took 0.060 seconds
[2024-07-27T22:20:50.279+0000] {processor.py:161} INFO - Started process (PID=12922) to work on /home/airflow/.local/lib/python3.12/site-packages/airflow/example_dags/example_branch_labels.py
[2024-07-27T22:20:50.280+0000] {processor.py:830} INFO - Processing file /home/airflow/.local/lib/python3.12/site-packages/airflow/example_dags/example_branch_labels.py for tasks to queue
[2024-07-27T22:20:50.281+0000] {logging_mixin.py:188} INFO - [2024-07-27T22:20:50.280+0000] {dagbag.py:545} INFO - Filling up the DagBag from /home/airflow/.local/lib/python3.12/site-packages/airflow/example_dags/example_branch_labels.py
[2024-07-27T22:20:50.285+0000] {processor.py:840} INFO - DAG(s) 'example_branch_labels' retrieved from /home/airflow/.local/lib/python3.12/site-packages/airflow/example_dags/example_branch_labels.py
[2024-07-27T22:20:50.296+0000] {logging_mixin.py:188} INFO - [2024-07-27T22:20:50.296+0000] {dag.py:3089} INFO - Sync 1 DAGs
[2024-07-27T22:20:50.308+0000] {logging_mixin.py:188} INFO - [2024-07-27T22:20:50.308+0000] {dag.py:3947} INFO - Setting next_dagrun for example_branch_labels to 2024-07-26 00:00:00+00:00, run_after=2024-07-27 00:00:00+00:00
[2024-07-27T22:20:50.316+0000] {processor.py:183} INFO - Processing /home/airflow/.local/lib/python3.12/site-packages/airflow/example_dags/example_branch_labels.py took 0.041 seconds
[2024-07-27T22:21:20.675+0000] {processor.py:161} INFO - Started process (PID=13189) to work on /home/airflow/.local/lib/python3.12/site-packages/airflow/example_dags/example_branch_labels.py
[2024-07-27T22:21:20.676+0000] {processor.py:830} INFO - Processing file /home/airflow/.local/lib/python3.12/site-packages/airflow/example_dags/example_branch_labels.py for tasks to queue
[2024-07-27T22:21:20.677+0000] {logging_mixin.py:188} INFO - [2024-07-27T22:21:20.677+0000] {dagbag.py:545} INFO - Filling up the DagBag from /home/airflow/.local/lib/python3.12/site-packages/airflow/example_dags/example_branch_labels.py
[2024-07-27T22:21:20.682+0000] {processor.py:840} INFO - DAG(s) 'example_branch_labels' retrieved from /home/airflow/.local/lib/python3.12/site-packages/airflow/example_dags/example_branch_labels.py
[2024-07-27T22:21:20.697+0000] {logging_mixin.py:188} INFO - [2024-07-27T22:21:20.697+0000] {dag.py:3089} INFO - Sync 1 DAGs
[2024-07-27T22:21:20.710+0000] {logging_mixin.py:188} INFO - [2024-07-27T22:21:20.710+0000] {dag.py:3947} INFO - Setting next_dagrun for example_branch_labels to 2024-07-26 00:00:00+00:00, run_after=2024-07-27 00:00:00+00:00
[2024-07-27T22:21:20.719+0000] {processor.py:183} INFO - Processing /home/airflow/.local/lib/python3.12/site-packages/airflow/example_dags/example_branch_labels.py took 0.048 seconds
[2024-07-27T22:21:51.015+0000] {processor.py:161} INFO - Started process (PID=13456) to work on /home/airflow/.local/lib/python3.12/site-packages/airflow/example_dags/example_branch_labels.py
[2024-07-27T22:21:51.016+0000] {processor.py:830} INFO - Processing file /home/airflow/.local/lib/python3.12/site-packages/airflow/example_dags/example_branch_labels.py for tasks to queue
[2024-07-27T22:21:51.017+0000] {logging_mixin.py:188} INFO - [2024-07-27T22:21:51.017+0000] {dagbag.py:545} INFO - Filling up the DagBag from /home/airflow/.local/lib/python3.12/site-packages/airflow/example_dags/example_branch_labels.py
[2024-07-27T22:21:51.027+0000] {processor.py:840} INFO - DAG(s) 'example_branch_labels' retrieved from /home/airflow/.local/lib/python3.12/site-packages/airflow/example_dags/example_branch_labels.py
[2024-07-27T22:21:51.042+0000] {logging_mixin.py:188} INFO - [2024-07-27T22:21:51.041+0000] {dag.py:3089} INFO - Sync 1 DAGs
[2024-07-27T22:21:51.053+0000] {logging_mixin.py:188} INFO - [2024-07-27T22:21:51.053+0000] {dag.py:3947} INFO - Setting next_dagrun for example_branch_labels to 2024-07-26 00:00:00+00:00, run_after=2024-07-27 00:00:00+00:00
[2024-07-27T22:21:51.063+0000] {processor.py:183} INFO - Processing /home/airflow/.local/lib/python3.12/site-packages/airflow/example_dags/example_branch_labels.py took 0.052 seconds
[2024-07-27T22:22:21.309+0000] {processor.py:161} INFO - Started process (PID=13725) to work on /home/airflow/.local/lib/python3.12/site-packages/airflow/example_dags/example_branch_labels.py
[2024-07-27T22:22:21.310+0000] {processor.py:830} INFO - Processing file /home/airflow/.local/lib/python3.12/site-packages/airflow/example_dags/example_branch_labels.py for tasks to queue
[2024-07-27T22:22:21.312+0000] {logging_mixin.py:188} INFO - [2024-07-27T22:22:21.312+0000] {dagbag.py:545} INFO - Filling up the DagBag from /home/airflow/.local/lib/python3.12/site-packages/airflow/example_dags/example_branch_labels.py
[2024-07-27T22:22:21.317+0000] {processor.py:840} INFO - DAG(s) 'example_branch_labels' retrieved from /home/airflow/.local/lib/python3.12/site-packages/airflow/example_dags/example_branch_labels.py
[2024-07-27T22:22:21.330+0000] {logging_mixin.py:188} INFO - [2024-07-27T22:22:21.330+0000] {dag.py:3089} INFO - Sync 1 DAGs
[2024-07-27T22:22:21.343+0000] {logging_mixin.py:188} INFO - [2024-07-27T22:22:21.343+0000] {dag.py:3947} INFO - Setting next_dagrun for example_branch_labels to 2024-07-26 00:00:00+00:00, run_after=2024-07-27 00:00:00+00:00
[2024-07-27T22:22:21.352+0000] {processor.py:183} INFO - Processing /home/airflow/.local/lib/python3.12/site-packages/airflow/example_dags/example_branch_labels.py took 0.048 seconds
[2024-07-27T22:22:51.983+0000] {processor.py:161} INFO - Started process (PID=13992) to work on /home/airflow/.local/lib/python3.12/site-packages/airflow/example_dags/example_branch_labels.py
[2024-07-27T22:22:51.984+0000] {processor.py:830} INFO - Processing file /home/airflow/.local/lib/python3.12/site-packages/airflow/example_dags/example_branch_labels.py for tasks to queue
[2024-07-27T22:22:51.986+0000] {logging_mixin.py:188} INFO - [2024-07-27T22:22:51.985+0000] {dagbag.py:545} INFO - Filling up the DagBag from /home/airflow/.local/lib/python3.12/site-packages/airflow/example_dags/example_branch_labels.py
[2024-07-27T22:22:51.990+0000] {processor.py:840} INFO - DAG(s) 'example_branch_labels' retrieved from /home/airflow/.local/lib/python3.12/site-packages/airflow/example_dags/example_branch_labels.py
[2024-07-27T22:22:52.002+0000] {logging_mixin.py:188} INFO - [2024-07-27T22:22:52.002+0000] {dag.py:3089} INFO - Sync 1 DAGs
[2024-07-27T22:22:52.013+0000] {logging_mixin.py:188} INFO - [2024-07-27T22:22:52.013+0000] {dag.py:3947} INFO - Setting next_dagrun for example_branch_labels to 2024-07-26 00:00:00+00:00, run_after=2024-07-27 00:00:00+00:00
[2024-07-27T22:22:52.022+0000] {processor.py:183} INFO - Processing /home/airflow/.local/lib/python3.12/site-packages/airflow/example_dags/example_branch_labels.py took 0.043 seconds
[2024-07-27T22:23:22.523+0000] {processor.py:161} INFO - Started process (PID=14278) to work on /home/airflow/.local/lib/python3.12/site-packages/airflow/example_dags/example_branch_labels.py
[2024-07-27T22:23:22.524+0000] {processor.py:830} INFO - Processing file /home/airflow/.local/lib/python3.12/site-packages/airflow/example_dags/example_branch_labels.py for tasks to queue
[2024-07-27T22:23:22.525+0000] {logging_mixin.py:188} INFO - [2024-07-27T22:23:22.525+0000] {dagbag.py:545} INFO - Filling up the DagBag from /home/airflow/.local/lib/python3.12/site-packages/airflow/example_dags/example_branch_labels.py
[2024-07-27T22:23:22.529+0000] {processor.py:840} INFO - DAG(s) 'example_branch_labels' retrieved from /home/airflow/.local/lib/python3.12/site-packages/airflow/example_dags/example_branch_labels.py
[2024-07-27T22:23:22.541+0000] {logging_mixin.py:188} INFO - [2024-07-27T22:23:22.541+0000] {dag.py:3089} INFO - Sync 1 DAGs
[2024-07-27T22:23:22.552+0000] {logging_mixin.py:188} INFO - [2024-07-27T22:23:22.552+0000] {dag.py:3947} INFO - Setting next_dagrun for example_branch_labels to 2024-07-26 00:00:00+00:00, run_after=2024-07-27 00:00:00+00:00
[2024-07-27T22:23:22.561+0000] {processor.py:183} INFO - Processing /home/airflow/.local/lib/python3.12/site-packages/airflow/example_dags/example_branch_labels.py took 0.041 seconds
[2024-07-27T22:23:53.098+0000] {processor.py:161} INFO - Started process (PID=14545) to work on /home/airflow/.local/lib/python3.12/site-packages/airflow/example_dags/example_branch_labels.py
[2024-07-27T22:23:53.098+0000] {processor.py:830} INFO - Processing file /home/airflow/.local/lib/python3.12/site-packages/airflow/example_dags/example_branch_labels.py for tasks to queue
[2024-07-27T22:23:53.100+0000] {logging_mixin.py:188} INFO - [2024-07-27T22:23:53.099+0000] {dagbag.py:545} INFO - Filling up the DagBag from /home/airflow/.local/lib/python3.12/site-packages/airflow/example_dags/example_branch_labels.py
[2024-07-27T22:23:53.104+0000] {processor.py:840} INFO - DAG(s) 'example_branch_labels' retrieved from /home/airflow/.local/lib/python3.12/site-packages/airflow/example_dags/example_branch_labels.py
[2024-07-27T22:23:53.118+0000] {logging_mixin.py:188} INFO - [2024-07-27T22:23:53.118+0000] {dag.py:3089} INFO - Sync 1 DAGs
[2024-07-27T22:23:53.131+0000] {logging_mixin.py:188} INFO - [2024-07-27T22:23:53.131+0000] {dag.py:3947} INFO - Setting next_dagrun for example_branch_labels to 2024-07-26 00:00:00+00:00, run_after=2024-07-27 00:00:00+00:00
[2024-07-27T22:23:53.145+0000] {processor.py:183} INFO - Processing /home/airflow/.local/lib/python3.12/site-packages/airflow/example_dags/example_branch_labels.py took 0.052 seconds
[2024-07-27T22:24:23.944+0000] {processor.py:161} INFO - Started process (PID=14812) to work on /home/airflow/.local/lib/python3.12/site-packages/airflow/example_dags/example_branch_labels.py
[2024-07-27T22:24:23.946+0000] {processor.py:830} INFO - Processing file /home/airflow/.local/lib/python3.12/site-packages/airflow/example_dags/example_branch_labels.py for tasks to queue
[2024-07-27T22:24:23.947+0000] {logging_mixin.py:188} INFO - [2024-07-27T22:24:23.947+0000] {dagbag.py:545} INFO - Filling up the DagBag from /home/airflow/.local/lib/python3.12/site-packages/airflow/example_dags/example_branch_labels.py
[2024-07-27T22:24:23.952+0000] {processor.py:840} INFO - DAG(s) 'example_branch_labels' retrieved from /home/airflow/.local/lib/python3.12/site-packages/airflow/example_dags/example_branch_labels.py
[2024-07-27T22:24:23.963+0000] {logging_mixin.py:188} INFO - [2024-07-27T22:24:23.963+0000] {dag.py:3089} INFO - Sync 1 DAGs
[2024-07-27T22:24:23.975+0000] {logging_mixin.py:188} INFO - [2024-07-27T22:24:23.975+0000] {dag.py:3947} INFO - Setting next_dagrun for example_branch_labels to 2024-07-26 00:00:00+00:00, run_after=2024-07-27 00:00:00+00:00
[2024-07-27T22:24:23.985+0000] {processor.py:183} INFO - Processing /home/airflow/.local/lib/python3.12/site-packages/airflow/example_dags/example_branch_labels.py took 0.047 seconds
[2024-07-27T22:24:54.141+0000] {processor.py:161} INFO - Started process (PID=15079) to work on /home/airflow/.local/lib/python3.12/site-packages/airflow/example_dags/example_branch_labels.py
[2024-07-27T22:24:54.143+0000] {processor.py:830} INFO - Processing file /home/airflow/.local/lib/python3.12/site-packages/airflow/example_dags/example_branch_labels.py for tasks to queue
[2024-07-27T22:24:54.144+0000] {logging_mixin.py:188} INFO - [2024-07-27T22:24:54.144+0000] {dagbag.py:545} INFO - Filling up the DagBag from /home/airflow/.local/lib/python3.12/site-packages/airflow/example_dags/example_branch_labels.py
[2024-07-27T22:24:54.153+0000] {processor.py:840} INFO - DAG(s) 'example_branch_labels' retrieved from /home/airflow/.local/lib/python3.12/site-packages/airflow/example_dags/example_branch_labels.py
[2024-07-27T22:24:54.169+0000] {logging_mixin.py:188} INFO - [2024-07-27T22:24:54.169+0000] {dag.py:3089} INFO - Sync 1 DAGs
[2024-07-27T22:24:54.183+0000] {logging_mixin.py:188} INFO - [2024-07-27T22:24:54.183+0000] {dag.py:3947} INFO - Setting next_dagrun for example_branch_labels to 2024-07-26 00:00:00+00:00, run_after=2024-07-27 00:00:00+00:00
[2024-07-27T22:24:54.192+0000] {processor.py:183} INFO - Processing /home/airflow/.local/lib/python3.12/site-packages/airflow/example_dags/example_branch_labels.py took 0.058 seconds
[2024-07-27T22:25:24.434+0000] {processor.py:161} INFO - Started process (PID=15346) to work on /home/airflow/.local/lib/python3.12/site-packages/airflow/example_dags/example_branch_labels.py
[2024-07-27T22:25:24.435+0000] {processor.py:830} INFO - Processing file /home/airflow/.local/lib/python3.12/site-packages/airflow/example_dags/example_branch_labels.py for tasks to queue
[2024-07-27T22:25:24.439+0000] {logging_mixin.py:188} INFO - [2024-07-27T22:25:24.438+0000] {dagbag.py:545} INFO - Filling up the DagBag from /home/airflow/.local/lib/python3.12/site-packages/airflow/example_dags/example_branch_labels.py
[2024-07-27T22:25:24.445+0000] {processor.py:840} INFO - DAG(s) 'example_branch_labels' retrieved from /home/airflow/.local/lib/python3.12/site-packages/airflow/example_dags/example_branch_labels.py
[2024-07-27T22:25:24.460+0000] {logging_mixin.py:188} INFO - [2024-07-27T22:25:24.460+0000] {dag.py:3089} INFO - Sync 1 DAGs
[2024-07-27T22:25:24.476+0000] {logging_mixin.py:188} INFO - [2024-07-27T22:25:24.475+0000] {dag.py:3947} INFO - Setting next_dagrun for example_branch_labels to 2024-07-26 00:00:00+00:00, run_after=2024-07-27 00:00:00+00:00
[2024-07-27T22:25:24.487+0000] {processor.py:183} INFO - Processing /home/airflow/.local/lib/python3.12/site-packages/airflow/example_dags/example_branch_labels.py took 0.060 seconds
[2024-07-27T22:25:54.737+0000] {processor.py:161} INFO - Started process (PID=15613) to work on /home/airflow/.local/lib/python3.12/site-packages/airflow/example_dags/example_branch_labels.py
[2024-07-27T22:25:54.739+0000] {processor.py:830} INFO - Processing file /home/airflow/.local/lib/python3.12/site-packages/airflow/example_dags/example_branch_labels.py for tasks to queue
[2024-07-27T22:25:54.740+0000] {logging_mixin.py:188} INFO - [2024-07-27T22:25:54.740+0000] {dagbag.py:545} INFO - Filling up the DagBag from /home/airflow/.local/lib/python3.12/site-packages/airflow/example_dags/example_branch_labels.py
[2024-07-27T22:25:54.746+0000] {processor.py:840} INFO - DAG(s) 'example_branch_labels' retrieved from /home/airflow/.local/lib/python3.12/site-packages/airflow/example_dags/example_branch_labels.py
[2024-07-27T22:25:54.763+0000] {logging_mixin.py:188} INFO - [2024-07-27T22:25:54.763+0000] {dag.py:3089} INFO - Sync 1 DAGs
[2024-07-27T22:25:54.782+0000] {logging_mixin.py:188} INFO - [2024-07-27T22:25:54.782+0000] {dag.py:3947} INFO - Setting next_dagrun for example_branch_labels to 2024-07-26 00:00:00+00:00, run_after=2024-07-27 00:00:00+00:00
[2024-07-27T22:25:54.794+0000] {processor.py:183} INFO - Processing /home/airflow/.local/lib/python3.12/site-packages/airflow/example_dags/example_branch_labels.py took 0.062 seconds
[2024-07-27T22:26:25.331+0000] {processor.py:161} INFO - Started process (PID=15885) to work on /home/airflow/.local/lib/python3.12/site-packages/airflow/example_dags/example_branch_labels.py
[2024-07-27T22:26:25.331+0000] {processor.py:830} INFO - Processing file /home/airflow/.local/lib/python3.12/site-packages/airflow/example_dags/example_branch_labels.py for tasks to queue
[2024-07-27T22:26:25.332+0000] {logging_mixin.py:188} INFO - [2024-07-27T22:26:25.332+0000] {dagbag.py:545} INFO - Filling up the DagBag from /home/airflow/.local/lib/python3.12/site-packages/airflow/example_dags/example_branch_labels.py
[2024-07-27T22:26:25.338+0000] {processor.py:840} INFO - DAG(s) 'example_branch_labels' retrieved from /home/airflow/.local/lib/python3.12/site-packages/airflow/example_dags/example_branch_labels.py
[2024-07-27T22:26:25.360+0000] {logging_mixin.py:188} INFO - [2024-07-27T22:26:25.360+0000] {dag.py:3089} INFO - Sync 1 DAGs
[2024-07-27T22:26:25.373+0000] {logging_mixin.py:188} INFO - [2024-07-27T22:26:25.372+0000] {dag.py:3947} INFO - Setting next_dagrun for example_branch_labels to 2024-07-26 00:00:00+00:00, run_after=2024-07-27 00:00:00+00:00
[2024-07-27T22:26:25.382+0000] {processor.py:183} INFO - Processing /home/airflow/.local/lib/python3.12/site-packages/airflow/example_dags/example_branch_labels.py took 0.055 seconds
[2024-07-27T22:55:21.399+0000] {processor.py:161} INFO - Started process (PID=16140) to work on /home/airflow/.local/lib/python3.12/site-packages/airflow/example_dags/example_branch_labels.py
[2024-07-27T22:55:21.400+0000] {processor.py:830} INFO - Processing file /home/airflow/.local/lib/python3.12/site-packages/airflow/example_dags/example_branch_labels.py for tasks to queue
[2024-07-27T22:55:21.402+0000] {logging_mixin.py:188} INFO - [2024-07-27T22:55:21.401+0000] {dagbag.py:545} INFO - Filling up the DagBag from /home/airflow/.local/lib/python3.12/site-packages/airflow/example_dags/example_branch_labels.py
[2024-07-27T22:55:21.407+0000] {processor.py:840} INFO - DAG(s) 'example_branch_labels' retrieved from /home/airflow/.local/lib/python3.12/site-packages/airflow/example_dags/example_branch_labels.py
[2024-07-27T22:55:21.428+0000] {logging_mixin.py:188} INFO - [2024-07-27T22:55:21.427+0000] {dag.py:3089} INFO - Sync 1 DAGs
[2024-07-27T22:55:21.454+0000] {logging_mixin.py:188} INFO - [2024-07-27T22:55:21.454+0000] {dag.py:3947} INFO - Setting next_dagrun for example_branch_labels to 2024-07-26 00:00:00+00:00, run_after=2024-07-27 00:00:00+00:00
[2024-07-27T22:55:21.468+0000] {processor.py:183} INFO - Processing /home/airflow/.local/lib/python3.12/site-packages/airflow/example_dags/example_branch_labels.py took 0.075 seconds
[2024-07-27T22:55:51.726+0000] {processor.py:161} INFO - Started process (PID=16410) to work on /home/airflow/.local/lib/python3.12/site-packages/airflow/example_dags/example_branch_labels.py
[2024-07-27T22:55:51.727+0000] {processor.py:830} INFO - Processing file /home/airflow/.local/lib/python3.12/site-packages/airflow/example_dags/example_branch_labels.py for tasks to queue
[2024-07-27T22:55:51.728+0000] {logging_mixin.py:188} INFO - [2024-07-27T22:55:51.727+0000] {dagbag.py:545} INFO - Filling up the DagBag from /home/airflow/.local/lib/python3.12/site-packages/airflow/example_dags/example_branch_labels.py
[2024-07-27T22:55:51.732+0000] {processor.py:840} INFO - DAG(s) 'example_branch_labels' retrieved from /home/airflow/.local/lib/python3.12/site-packages/airflow/example_dags/example_branch_labels.py
[2024-07-27T22:55:51.744+0000] {logging_mixin.py:188} INFO - [2024-07-27T22:55:51.743+0000] {dag.py:3089} INFO - Sync 1 DAGs
[2024-07-27T22:55:51.755+0000] {logging_mixin.py:188} INFO - [2024-07-27T22:55:51.755+0000] {dag.py:3947} INFO - Setting next_dagrun for example_branch_labels to 2024-07-26 00:00:00+00:00, run_after=2024-07-27 00:00:00+00:00
[2024-07-27T22:55:51.764+0000] {processor.py:183} INFO - Processing /home/airflow/.local/lib/python3.12/site-packages/airflow/example_dags/example_branch_labels.py took 0.043 seconds
