[2024-07-27T20:14:07.699+0000] {processor.py:161} INFO - Started process (PID=240) to work on /home/airflow/.local/lib/python3.12/site-packages/airflow/example_dags/example_skip_dag.py
[2024-07-27T20:14:07.700+0000] {processor.py:830} INFO - Processing file /home/airflow/.local/lib/python3.12/site-packages/airflow/example_dags/example_skip_dag.py for tasks to queue
[2024-07-27T20:14:07.701+0000] {logging_mixin.py:188} INFO - [2024-07-27T20:14:07.701+0000] {dagbag.py:545} INFO - Filling up the DagBag from /home/airflow/.local/lib/python3.12/site-packages/airflow/example_dags/example_skip_dag.py
[2024-07-27T20:14:07.707+0000] {processor.py:840} INFO - DAG(s) 'example_skip_dag' retrieved from /home/airflow/.local/lib/python3.12/site-packages/airflow/example_dags/example_skip_dag.py
[2024-07-27T20:14:07.714+0000] {logging_mixin.py:188} INFO - [2024-07-27T20:14:07.713+0000] {dag.py:3089} INFO - Sync 1 DAGs
[2024-07-27T20:14:07.741+0000] {logging_mixin.py:188} INFO - [2024-07-27T20:14:07.741+0000] {dag.py:3947} INFO - Setting next_dagrun for example_skip_dag to 2024-07-26 00:00:00+00:00, run_after=2024-07-27 00:00:00+00:00
[2024-07-27T20:14:07.759+0000] {processor.py:183} INFO - Processing /home/airflow/.local/lib/python3.12/site-packages/airflow/example_dags/example_skip_dag.py took 0.064 seconds
[2024-07-27T20:14:38.083+0000] {processor.py:161} INFO - Started process (PID=501) to work on /home/airflow/.local/lib/python3.12/site-packages/airflow/example_dags/example_skip_dag.py
[2024-07-27T20:14:38.083+0000] {processor.py:830} INFO - Processing file /home/airflow/.local/lib/python3.12/site-packages/airflow/example_dags/example_skip_dag.py for tasks to queue
[2024-07-27T20:14:38.084+0000] {logging_mixin.py:188} INFO - [2024-07-27T20:14:38.084+0000] {dagbag.py:545} INFO - Filling up the DagBag from /home/airflow/.local/lib/python3.12/site-packages/airflow/example_dags/example_skip_dag.py
[2024-07-27T20:14:38.088+0000] {processor.py:840} INFO - DAG(s) 'example_skip_dag' retrieved from /home/airflow/.local/lib/python3.12/site-packages/airflow/example_dags/example_skip_dag.py
[2024-07-27T20:14:38.137+0000] {logging_mixin.py:188} INFO - [2024-07-27T20:14:38.136+0000] {dag.py:3089} INFO - Sync 1 DAGs
[2024-07-27T20:14:38.146+0000] {logging_mixin.py:188} INFO - [2024-07-27T20:14:38.145+0000] {dag.py:3947} INFO - Setting next_dagrun for example_skip_dag to 2024-07-26 00:00:00+00:00, run_after=2024-07-27 00:00:00+00:00
[2024-07-27T20:14:38.154+0000] {processor.py:183} INFO - Processing /home/airflow/.local/lib/python3.12/site-packages/airflow/example_dags/example_skip_dag.py took 0.075 seconds
[2024-07-27T20:15:08.431+0000] {processor.py:161} INFO - Started process (PID=763) to work on /home/airflow/.local/lib/python3.12/site-packages/airflow/example_dags/example_skip_dag.py
[2024-07-27T20:15:08.432+0000] {processor.py:830} INFO - Processing file /home/airflow/.local/lib/python3.12/site-packages/airflow/example_dags/example_skip_dag.py for tasks to queue
[2024-07-27T20:15:08.433+0000] {logging_mixin.py:188} INFO - [2024-07-27T20:15:08.433+0000] {dagbag.py:545} INFO - Filling up the DagBag from /home/airflow/.local/lib/python3.12/site-packages/airflow/example_dags/example_skip_dag.py
[2024-07-27T20:15:08.437+0000] {processor.py:840} INFO - DAG(s) 'example_skip_dag' retrieved from /home/airflow/.local/lib/python3.12/site-packages/airflow/example_dags/example_skip_dag.py
[2024-07-27T20:15:08.447+0000] {logging_mixin.py:188} INFO - [2024-07-27T20:15:08.447+0000] {dag.py:3089} INFO - Sync 1 DAGs
[2024-07-27T20:15:08.459+0000] {logging_mixin.py:188} INFO - [2024-07-27T20:15:08.459+0000] {dag.py:3947} INFO - Setting next_dagrun for example_skip_dag to 2024-07-26 00:00:00+00:00, run_after=2024-07-27 00:00:00+00:00
[2024-07-27T20:15:08.468+0000] {processor.py:183} INFO - Processing /home/airflow/.local/lib/python3.12/site-packages/airflow/example_dags/example_skip_dag.py took 0.040 seconds
[2024-07-27T20:15:39.044+0000] {processor.py:161} INFO - Started process (PID=1024) to work on /home/airflow/.local/lib/python3.12/site-packages/airflow/example_dags/example_skip_dag.py
[2024-07-27T20:15:39.045+0000] {processor.py:830} INFO - Processing file /home/airflow/.local/lib/python3.12/site-packages/airflow/example_dags/example_skip_dag.py for tasks to queue
[2024-07-27T20:15:39.046+0000] {logging_mixin.py:188} INFO - [2024-07-27T20:15:39.046+0000] {dagbag.py:545} INFO - Filling up the DagBag from /home/airflow/.local/lib/python3.12/site-packages/airflow/example_dags/example_skip_dag.py
[2024-07-27T20:15:39.049+0000] {processor.py:840} INFO - DAG(s) 'example_skip_dag' retrieved from /home/airflow/.local/lib/python3.12/site-packages/airflow/example_dags/example_skip_dag.py
[2024-07-27T20:15:39.060+0000] {logging_mixin.py:188} INFO - [2024-07-27T20:15:39.060+0000] {dag.py:3089} INFO - Sync 1 DAGs
[2024-07-27T20:15:39.072+0000] {logging_mixin.py:188} INFO - [2024-07-27T20:15:39.072+0000] {dag.py:3947} INFO - Setting next_dagrun for example_skip_dag to 2024-07-26 00:00:00+00:00, run_after=2024-07-27 00:00:00+00:00
[2024-07-27T20:15:39.082+0000] {processor.py:183} INFO - Processing /home/airflow/.local/lib/python3.12/site-packages/airflow/example_dags/example_skip_dag.py took 0.042 seconds
[2024-07-27T20:16:09.166+0000] {processor.py:161} INFO - Started process (PID=1286) to work on /home/airflow/.local/lib/python3.12/site-packages/airflow/example_dags/example_skip_dag.py
[2024-07-27T20:16:09.167+0000] {processor.py:830} INFO - Processing file /home/airflow/.local/lib/python3.12/site-packages/airflow/example_dags/example_skip_dag.py for tasks to queue
[2024-07-27T20:16:09.168+0000] {logging_mixin.py:188} INFO - [2024-07-27T20:16:09.168+0000] {dagbag.py:545} INFO - Filling up the DagBag from /home/airflow/.local/lib/python3.12/site-packages/airflow/example_dags/example_skip_dag.py
[2024-07-27T20:16:09.171+0000] {processor.py:840} INFO - DAG(s) 'example_skip_dag' retrieved from /home/airflow/.local/lib/python3.12/site-packages/airflow/example_dags/example_skip_dag.py
[2024-07-27T20:16:09.182+0000] {logging_mixin.py:188} INFO - [2024-07-27T20:16:09.182+0000] {dag.py:3089} INFO - Sync 1 DAGs
[2024-07-27T20:16:09.192+0000] {logging_mixin.py:188} INFO - [2024-07-27T20:16:09.192+0000] {dag.py:3947} INFO - Setting next_dagrun for example_skip_dag to 2024-07-26 00:00:00+00:00, run_after=2024-07-27 00:00:00+00:00
[2024-07-27T20:16:09.201+0000] {processor.py:183} INFO - Processing /home/airflow/.local/lib/python3.12/site-packages/airflow/example_dags/example_skip_dag.py took 0.038 seconds
[2024-07-27T20:16:39.447+0000] {processor.py:161} INFO - Started process (PID=1548) to work on /home/airflow/.local/lib/python3.12/site-packages/airflow/example_dags/example_skip_dag.py
[2024-07-27T20:16:39.448+0000] {processor.py:830} INFO - Processing file /home/airflow/.local/lib/python3.12/site-packages/airflow/example_dags/example_skip_dag.py for tasks to queue
[2024-07-27T20:16:39.449+0000] {logging_mixin.py:188} INFO - [2024-07-27T20:16:39.449+0000] {dagbag.py:545} INFO - Filling up the DagBag from /home/airflow/.local/lib/python3.12/site-packages/airflow/example_dags/example_skip_dag.py
[2024-07-27T20:16:39.453+0000] {processor.py:840} INFO - DAG(s) 'example_skip_dag' retrieved from /home/airflow/.local/lib/python3.12/site-packages/airflow/example_dags/example_skip_dag.py
[2024-07-27T20:16:39.465+0000] {logging_mixin.py:188} INFO - [2024-07-27T20:16:39.465+0000] {dag.py:3089} INFO - Sync 1 DAGs
[2024-07-27T20:16:39.479+0000] {logging_mixin.py:188} INFO - [2024-07-27T20:16:39.479+0000] {dag.py:3947} INFO - Setting next_dagrun for example_skip_dag to 2024-07-26 00:00:00+00:00, run_after=2024-07-27 00:00:00+00:00
[2024-07-27T20:16:39.490+0000] {processor.py:183} INFO - Processing /home/airflow/.local/lib/python3.12/site-packages/airflow/example_dags/example_skip_dag.py took 0.046 seconds
[2024-07-27T20:17:09.801+0000] {processor.py:161} INFO - Started process (PID=1810) to work on /home/airflow/.local/lib/python3.12/site-packages/airflow/example_dags/example_skip_dag.py
[2024-07-27T20:17:09.802+0000] {processor.py:830} INFO - Processing file /home/airflow/.local/lib/python3.12/site-packages/airflow/example_dags/example_skip_dag.py for tasks to queue
[2024-07-27T20:17:09.804+0000] {logging_mixin.py:188} INFO - [2024-07-27T20:17:09.803+0000] {dagbag.py:545} INFO - Filling up the DagBag from /home/airflow/.local/lib/python3.12/site-packages/airflow/example_dags/example_skip_dag.py
[2024-07-27T20:17:09.807+0000] {processor.py:840} INFO - DAG(s) 'example_skip_dag' retrieved from /home/airflow/.local/lib/python3.12/site-packages/airflow/example_dags/example_skip_dag.py
[2024-07-27T20:17:09.820+0000] {logging_mixin.py:188} INFO - [2024-07-27T20:17:09.820+0000] {dag.py:3089} INFO - Sync 1 DAGs
[2024-07-27T20:17:09.831+0000] {logging_mixin.py:188} INFO - [2024-07-27T20:17:09.831+0000] {dag.py:3947} INFO - Setting next_dagrun for example_skip_dag to 2024-07-26 00:00:00+00:00, run_after=2024-07-27 00:00:00+00:00
[2024-07-27T20:17:09.840+0000] {processor.py:183} INFO - Processing /home/airflow/.local/lib/python3.12/site-packages/airflow/example_dags/example_skip_dag.py took 0.042 seconds
[2024-07-27T21:59:59.054+0000] {processor.py:161} INFO - Started process (PID=2068) to work on /home/airflow/.local/lib/python3.12/site-packages/airflow/example_dags/example_skip_dag.py
[2024-07-27T21:59:59.055+0000] {processor.py:830} INFO - Processing file /home/airflow/.local/lib/python3.12/site-packages/airflow/example_dags/example_skip_dag.py for tasks to queue
[2024-07-27T21:59:59.056+0000] {logging_mixin.py:188} INFO - [2024-07-27T21:59:59.056+0000] {dagbag.py:545} INFO - Filling up the DagBag from /home/airflow/.local/lib/python3.12/site-packages/airflow/example_dags/example_skip_dag.py
[2024-07-27T21:59:59.061+0000] {processor.py:840} INFO - DAG(s) 'example_skip_dag' retrieved from /home/airflow/.local/lib/python3.12/site-packages/airflow/example_dags/example_skip_dag.py
[2024-07-27T21:59:59.075+0000] {logging_mixin.py:188} INFO - [2024-07-27T21:59:59.075+0000] {dag.py:3089} INFO - Sync 1 DAGs
[2024-07-27T21:59:59.097+0000] {logging_mixin.py:188} INFO - [2024-07-27T21:59:59.097+0000] {dag.py:3947} INFO - Setting next_dagrun for example_skip_dag to 2024-07-26 00:00:00+00:00, run_after=2024-07-27 00:00:00+00:00
[2024-07-27T21:59:59.112+0000] {processor.py:183} INFO - Processing /home/airflow/.local/lib/python3.12/site-packages/airflow/example_dags/example_skip_dag.py took 0.063 seconds
[2024-07-27T22:00:29.457+0000] {processor.py:161} INFO - Started process (PID=2329) to work on /home/airflow/.local/lib/python3.12/site-packages/airflow/example_dags/example_skip_dag.py
[2024-07-27T22:00:29.458+0000] {processor.py:830} INFO - Processing file /home/airflow/.local/lib/python3.12/site-packages/airflow/example_dags/example_skip_dag.py for tasks to queue
[2024-07-27T22:00:29.459+0000] {logging_mixin.py:188} INFO - [2024-07-27T22:00:29.459+0000] {dagbag.py:545} INFO - Filling up the DagBag from /home/airflow/.local/lib/python3.12/site-packages/airflow/example_dags/example_skip_dag.py
[2024-07-27T22:00:29.462+0000] {processor.py:840} INFO - DAG(s) 'example_skip_dag' retrieved from /home/airflow/.local/lib/python3.12/site-packages/airflow/example_dags/example_skip_dag.py
[2024-07-27T22:00:29.473+0000] {logging_mixin.py:188} INFO - [2024-07-27T22:00:29.473+0000] {dag.py:3089} INFO - Sync 1 DAGs
[2024-07-27T22:00:29.484+0000] {logging_mixin.py:188} INFO - [2024-07-27T22:00:29.484+0000] {dag.py:3947} INFO - Setting next_dagrun for example_skip_dag to 2024-07-26 00:00:00+00:00, run_after=2024-07-27 00:00:00+00:00
[2024-07-27T22:00:29.495+0000] {processor.py:183} INFO - Processing /home/airflow/.local/lib/python3.12/site-packages/airflow/example_dags/example_skip_dag.py took 0.041 seconds
[2024-07-27T22:01:00.334+0000] {processor.py:161} INFO - Started process (PID=2589) to work on /home/airflow/.local/lib/python3.12/site-packages/airflow/example_dags/example_skip_dag.py
[2024-07-27T22:01:00.335+0000] {processor.py:830} INFO - Processing file /home/airflow/.local/lib/python3.12/site-packages/airflow/example_dags/example_skip_dag.py for tasks to queue
[2024-07-27T22:01:00.335+0000] {logging_mixin.py:188} INFO - [2024-07-27T22:01:00.335+0000] {dagbag.py:545} INFO - Filling up the DagBag from /home/airflow/.local/lib/python3.12/site-packages/airflow/example_dags/example_skip_dag.py
[2024-07-27T22:01:00.339+0000] {processor.py:840} INFO - DAG(s) 'example_skip_dag' retrieved from /home/airflow/.local/lib/python3.12/site-packages/airflow/example_dags/example_skip_dag.py
[2024-07-27T22:01:00.350+0000] {logging_mixin.py:188} INFO - [2024-07-27T22:01:00.350+0000] {dag.py:3089} INFO - Sync 1 DAGs
[2024-07-27T22:01:00.361+0000] {logging_mixin.py:188} INFO - [2024-07-27T22:01:00.361+0000] {dag.py:3947} INFO - Setting next_dagrun for example_skip_dag to 2024-07-26 00:00:00+00:00, run_after=2024-07-27 00:00:00+00:00
[2024-07-27T22:01:00.369+0000] {processor.py:183} INFO - Processing /home/airflow/.local/lib/python3.12/site-packages/airflow/example_dags/example_skip_dag.py took 0.040 seconds
[2024-07-27T22:01:30.592+0000] {processor.py:161} INFO - Started process (PID=2851) to work on /home/airflow/.local/lib/python3.12/site-packages/airflow/example_dags/example_skip_dag.py
[2024-07-27T22:01:30.593+0000] {processor.py:830} INFO - Processing file /home/airflow/.local/lib/python3.12/site-packages/airflow/example_dags/example_skip_dag.py for tasks to queue
[2024-07-27T22:01:30.594+0000] {logging_mixin.py:188} INFO - [2024-07-27T22:01:30.594+0000] {dagbag.py:545} INFO - Filling up the DagBag from /home/airflow/.local/lib/python3.12/site-packages/airflow/example_dags/example_skip_dag.py
[2024-07-27T22:01:30.597+0000] {processor.py:840} INFO - DAG(s) 'example_skip_dag' retrieved from /home/airflow/.local/lib/python3.12/site-packages/airflow/example_dags/example_skip_dag.py
[2024-07-27T22:01:30.608+0000] {logging_mixin.py:188} INFO - [2024-07-27T22:01:30.607+0000] {dag.py:3089} INFO - Sync 1 DAGs
[2024-07-27T22:01:30.619+0000] {logging_mixin.py:188} INFO - [2024-07-27T22:01:30.618+0000] {dag.py:3947} INFO - Setting next_dagrun for example_skip_dag to 2024-07-26 00:00:00+00:00, run_after=2024-07-27 00:00:00+00:00
[2024-07-27T22:01:30.627+0000] {processor.py:183} INFO - Processing /home/airflow/.local/lib/python3.12/site-packages/airflow/example_dags/example_skip_dag.py took 0.038 seconds
[2024-07-27T22:02:01.117+0000] {processor.py:161} INFO - Started process (PID=3117) to work on /home/airflow/.local/lib/python3.12/site-packages/airflow/example_dags/example_skip_dag.py
[2024-07-27T22:02:01.118+0000] {processor.py:830} INFO - Processing file /home/airflow/.local/lib/python3.12/site-packages/airflow/example_dags/example_skip_dag.py for tasks to queue
[2024-07-27T22:02:01.119+0000] {logging_mixin.py:188} INFO - [2024-07-27T22:02:01.119+0000] {dagbag.py:545} INFO - Filling up the DagBag from /home/airflow/.local/lib/python3.12/site-packages/airflow/example_dags/example_skip_dag.py
[2024-07-27T22:02:01.123+0000] {processor.py:840} INFO - DAG(s) 'example_skip_dag' retrieved from /home/airflow/.local/lib/python3.12/site-packages/airflow/example_dags/example_skip_dag.py
[2024-07-27T22:02:01.138+0000] {logging_mixin.py:188} INFO - [2024-07-27T22:02:01.138+0000] {dag.py:3089} INFO - Sync 1 DAGs
[2024-07-27T22:02:01.151+0000] {logging_mixin.py:188} INFO - [2024-07-27T22:02:01.151+0000] {dag.py:3947} INFO - Setting next_dagrun for example_skip_dag to 2024-07-26 00:00:00+00:00, run_after=2024-07-27 00:00:00+00:00
[2024-07-27T22:02:01.161+0000] {processor.py:183} INFO - Processing /home/airflow/.local/lib/python3.12/site-packages/airflow/example_dags/example_skip_dag.py took 0.048 seconds
[2024-07-27T22:02:31.492+0000] {processor.py:161} INFO - Started process (PID=3378) to work on /home/airflow/.local/lib/python3.12/site-packages/airflow/example_dags/example_skip_dag.py
[2024-07-27T22:02:31.493+0000] {processor.py:830} INFO - Processing file /home/airflow/.local/lib/python3.12/site-packages/airflow/example_dags/example_skip_dag.py for tasks to queue
[2024-07-27T22:02:31.495+0000] {logging_mixin.py:188} INFO - [2024-07-27T22:02:31.494+0000] {dagbag.py:545} INFO - Filling up the DagBag from /home/airflow/.local/lib/python3.12/site-packages/airflow/example_dags/example_skip_dag.py
[2024-07-27T22:02:31.498+0000] {processor.py:840} INFO - DAG(s) 'example_skip_dag' retrieved from /home/airflow/.local/lib/python3.12/site-packages/airflow/example_dags/example_skip_dag.py
[2024-07-27T22:02:31.510+0000] {logging_mixin.py:188} INFO - [2024-07-27T22:02:31.510+0000] {dag.py:3089} INFO - Sync 1 DAGs
[2024-07-27T22:02:31.521+0000] {logging_mixin.py:188} INFO - [2024-07-27T22:02:31.521+0000] {dag.py:3947} INFO - Setting next_dagrun for example_skip_dag to 2024-07-26 00:00:00+00:00, run_after=2024-07-27 00:00:00+00:00
[2024-07-27T22:02:31.530+0000] {processor.py:183} INFO - Processing /home/airflow/.local/lib/python3.12/site-packages/airflow/example_dags/example_skip_dag.py took 0.042 seconds
[2024-07-27T22:03:02.184+0000] {processor.py:161} INFO - Started process (PID=3641) to work on /home/airflow/.local/lib/python3.12/site-packages/airflow/example_dags/example_skip_dag.py
[2024-07-27T22:03:02.185+0000] {processor.py:830} INFO - Processing file /home/airflow/.local/lib/python3.12/site-packages/airflow/example_dags/example_skip_dag.py for tasks to queue
[2024-07-27T22:03:02.187+0000] {logging_mixin.py:188} INFO - [2024-07-27T22:03:02.187+0000] {dagbag.py:545} INFO - Filling up the DagBag from /home/airflow/.local/lib/python3.12/site-packages/airflow/example_dags/example_skip_dag.py
[2024-07-27T22:03:02.192+0000] {processor.py:840} INFO - DAG(s) 'example_skip_dag' retrieved from /home/airflow/.local/lib/python3.12/site-packages/airflow/example_dags/example_skip_dag.py
[2024-07-27T22:03:02.209+0000] {logging_mixin.py:188} INFO - [2024-07-27T22:03:02.209+0000] {dag.py:3089} INFO - Sync 1 DAGs
[2024-07-27T22:03:02.221+0000] {logging_mixin.py:188} INFO - [2024-07-27T22:03:02.221+0000] {dag.py:3947} INFO - Setting next_dagrun for example_skip_dag to 2024-07-26 00:00:00+00:00, run_after=2024-07-27 00:00:00+00:00
[2024-07-27T22:03:02.231+0000] {processor.py:183} INFO - Processing /home/airflow/.local/lib/python3.12/site-packages/airflow/example_dags/example_skip_dag.py took 0.051 seconds
[2024-07-27T22:03:32.892+0000] {processor.py:161} INFO - Started process (PID=3903) to work on /home/airflow/.local/lib/python3.12/site-packages/airflow/example_dags/example_skip_dag.py
[2024-07-27T22:03:32.897+0000] {processor.py:830} INFO - Processing file /home/airflow/.local/lib/python3.12/site-packages/airflow/example_dags/example_skip_dag.py for tasks to queue
[2024-07-27T22:03:32.900+0000] {logging_mixin.py:188} INFO - [2024-07-27T22:03:32.899+0000] {dagbag.py:545} INFO - Filling up the DagBag from /home/airflow/.local/lib/python3.12/site-packages/airflow/example_dags/example_skip_dag.py
[2024-07-27T22:03:32.904+0000] {processor.py:840} INFO - DAG(s) 'example_skip_dag' retrieved from /home/airflow/.local/lib/python3.12/site-packages/airflow/example_dags/example_skip_dag.py
[2024-07-27T22:03:32.920+0000] {logging_mixin.py:188} INFO - [2024-07-27T22:03:32.920+0000] {dag.py:3089} INFO - Sync 1 DAGs
[2024-07-27T22:03:32.936+0000] {logging_mixin.py:188} INFO - [2024-07-27T22:03:32.936+0000] {dag.py:3947} INFO - Setting next_dagrun for example_skip_dag to 2024-07-26 00:00:00+00:00, run_after=2024-07-27 00:00:00+00:00
[2024-07-27T22:03:32.950+0000] {processor.py:183} INFO - Processing /home/airflow/.local/lib/python3.12/site-packages/airflow/example_dags/example_skip_dag.py took 0.064 seconds
[2024-07-27T22:04:03.175+0000] {processor.py:161} INFO - Started process (PID=4165) to work on /home/airflow/.local/lib/python3.12/site-packages/airflow/example_dags/example_skip_dag.py
[2024-07-27T22:04:03.176+0000] {processor.py:830} INFO - Processing file /home/airflow/.local/lib/python3.12/site-packages/airflow/example_dags/example_skip_dag.py for tasks to queue
[2024-07-27T22:04:03.177+0000] {logging_mixin.py:188} INFO - [2024-07-27T22:04:03.177+0000] {dagbag.py:545} INFO - Filling up the DagBag from /home/airflow/.local/lib/python3.12/site-packages/airflow/example_dags/example_skip_dag.py
[2024-07-27T22:04:03.182+0000] {processor.py:840} INFO - DAG(s) 'example_skip_dag' retrieved from /home/airflow/.local/lib/python3.12/site-packages/airflow/example_dags/example_skip_dag.py
[2024-07-27T22:04:03.195+0000] {logging_mixin.py:188} INFO - [2024-07-27T22:04:03.195+0000] {dag.py:3089} INFO - Sync 1 DAGs
[2024-07-27T22:04:03.215+0000] {logging_mixin.py:188} INFO - [2024-07-27T22:04:03.214+0000] {dag.py:3947} INFO - Setting next_dagrun for example_skip_dag to 2024-07-26 00:00:00+00:00, run_after=2024-07-27 00:00:00+00:00
[2024-07-27T22:04:03.227+0000] {processor.py:183} INFO - Processing /home/airflow/.local/lib/python3.12/site-packages/airflow/example_dags/example_skip_dag.py took 0.056 seconds
[2024-07-27T22:04:33.563+0000] {processor.py:161} INFO - Started process (PID=4427) to work on /home/airflow/.local/lib/python3.12/site-packages/airflow/example_dags/example_skip_dag.py
[2024-07-27T22:04:33.563+0000] {processor.py:830} INFO - Processing file /home/airflow/.local/lib/python3.12/site-packages/airflow/example_dags/example_skip_dag.py for tasks to queue
[2024-07-27T22:04:33.565+0000] {logging_mixin.py:188} INFO - [2024-07-27T22:04:33.564+0000] {dagbag.py:545} INFO - Filling up the DagBag from /home/airflow/.local/lib/python3.12/site-packages/airflow/example_dags/example_skip_dag.py
[2024-07-27T22:04:33.568+0000] {processor.py:840} INFO - DAG(s) 'example_skip_dag' retrieved from /home/airflow/.local/lib/python3.12/site-packages/airflow/example_dags/example_skip_dag.py
[2024-07-27T22:04:33.579+0000] {logging_mixin.py:188} INFO - [2024-07-27T22:04:33.579+0000] {dag.py:3089} INFO - Sync 1 DAGs
[2024-07-27T22:04:33.589+0000] {logging_mixin.py:188} INFO - [2024-07-27T22:04:33.589+0000] {dag.py:3947} INFO - Setting next_dagrun for example_skip_dag to 2024-07-26 00:00:00+00:00, run_after=2024-07-27 00:00:00+00:00
[2024-07-27T22:04:33.597+0000] {processor.py:183} INFO - Processing /home/airflow/.local/lib/python3.12/site-packages/airflow/example_dags/example_skip_dag.py took 0.038 seconds
[2024-07-27T22:05:04.011+0000] {processor.py:161} INFO - Started process (PID=4690) to work on /home/airflow/.local/lib/python3.12/site-packages/airflow/example_dags/example_skip_dag.py
[2024-07-27T22:05:04.012+0000] {processor.py:830} INFO - Processing file /home/airflow/.local/lib/python3.12/site-packages/airflow/example_dags/example_skip_dag.py for tasks to queue
[2024-07-27T22:05:04.013+0000] {logging_mixin.py:188} INFO - [2024-07-27T22:05:04.013+0000] {dagbag.py:545} INFO - Filling up the DagBag from /home/airflow/.local/lib/python3.12/site-packages/airflow/example_dags/example_skip_dag.py
[2024-07-27T22:05:04.017+0000] {processor.py:840} INFO - DAG(s) 'example_skip_dag' retrieved from /home/airflow/.local/lib/python3.12/site-packages/airflow/example_dags/example_skip_dag.py
[2024-07-27T22:05:04.027+0000] {logging_mixin.py:188} INFO - [2024-07-27T22:05:04.027+0000] {dag.py:3089} INFO - Sync 1 DAGs
[2024-07-27T22:05:04.037+0000] {logging_mixin.py:188} INFO - [2024-07-27T22:05:04.037+0000] {dag.py:3947} INFO - Setting next_dagrun for example_skip_dag to 2024-07-26 00:00:00+00:00, run_after=2024-07-27 00:00:00+00:00
[2024-07-27T22:05:04.045+0000] {processor.py:183} INFO - Processing /home/airflow/.local/lib/python3.12/site-packages/airflow/example_dags/example_skip_dag.py took 0.037 seconds
[2024-07-27T22:05:34.182+0000] {processor.py:161} INFO - Started process (PID=4950) to work on /home/airflow/.local/lib/python3.12/site-packages/airflow/example_dags/example_skip_dag.py
[2024-07-27T22:05:34.183+0000] {processor.py:830} INFO - Processing file /home/airflow/.local/lib/python3.12/site-packages/airflow/example_dags/example_skip_dag.py for tasks to queue
[2024-07-27T22:05:34.184+0000] {logging_mixin.py:188} INFO - [2024-07-27T22:05:34.184+0000] {dagbag.py:545} INFO - Filling up the DagBag from /home/airflow/.local/lib/python3.12/site-packages/airflow/example_dags/example_skip_dag.py
[2024-07-27T22:05:34.187+0000] {processor.py:840} INFO - DAG(s) 'example_skip_dag' retrieved from /home/airflow/.local/lib/python3.12/site-packages/airflow/example_dags/example_skip_dag.py
[2024-07-27T22:05:34.198+0000] {logging_mixin.py:188} INFO - [2024-07-27T22:05:34.198+0000] {dag.py:3089} INFO - Sync 1 DAGs
[2024-07-27T22:05:34.210+0000] {logging_mixin.py:188} INFO - [2024-07-27T22:05:34.210+0000] {dag.py:3947} INFO - Setting next_dagrun for example_skip_dag to 2024-07-26 00:00:00+00:00, run_after=2024-07-27 00:00:00+00:00
[2024-07-27T22:05:34.219+0000] {processor.py:183} INFO - Processing /home/airflow/.local/lib/python3.12/site-packages/airflow/example_dags/example_skip_dag.py took 0.041 seconds
[2024-07-27T22:06:04.344+0000] {processor.py:161} INFO - Started process (PID=5211) to work on /home/airflow/.local/lib/python3.12/site-packages/airflow/example_dags/example_skip_dag.py
[2024-07-27T22:06:04.345+0000] {processor.py:830} INFO - Processing file /home/airflow/.local/lib/python3.12/site-packages/airflow/example_dags/example_skip_dag.py for tasks to queue
[2024-07-27T22:06:04.346+0000] {logging_mixin.py:188} INFO - [2024-07-27T22:06:04.345+0000] {dagbag.py:545} INFO - Filling up the DagBag from /home/airflow/.local/lib/python3.12/site-packages/airflow/example_dags/example_skip_dag.py
[2024-07-27T22:06:04.349+0000] {processor.py:840} INFO - DAG(s) 'example_skip_dag' retrieved from /home/airflow/.local/lib/python3.12/site-packages/airflow/example_dags/example_skip_dag.py
[2024-07-27T22:06:04.361+0000] {logging_mixin.py:188} INFO - [2024-07-27T22:06:04.361+0000] {dag.py:3089} INFO - Sync 1 DAGs
[2024-07-27T22:06:04.371+0000] {logging_mixin.py:188} INFO - [2024-07-27T22:06:04.371+0000] {dag.py:3947} INFO - Setting next_dagrun for example_skip_dag to 2024-07-26 00:00:00+00:00, run_after=2024-07-27 00:00:00+00:00
[2024-07-27T22:06:04.379+0000] {processor.py:183} INFO - Processing /home/airflow/.local/lib/python3.12/site-packages/airflow/example_dags/example_skip_dag.py took 0.038 seconds
[2024-07-27T22:06:34.754+0000] {processor.py:161} INFO - Started process (PID=5473) to work on /home/airflow/.local/lib/python3.12/site-packages/airflow/example_dags/example_skip_dag.py
[2024-07-27T22:06:34.755+0000] {processor.py:830} INFO - Processing file /home/airflow/.local/lib/python3.12/site-packages/airflow/example_dags/example_skip_dag.py for tasks to queue
[2024-07-27T22:06:34.757+0000] {logging_mixin.py:188} INFO - [2024-07-27T22:06:34.757+0000] {dagbag.py:545} INFO - Filling up the DagBag from /home/airflow/.local/lib/python3.12/site-packages/airflow/example_dags/example_skip_dag.py
[2024-07-27T22:06:34.761+0000] {processor.py:840} INFO - DAG(s) 'example_skip_dag' retrieved from /home/airflow/.local/lib/python3.12/site-packages/airflow/example_dags/example_skip_dag.py
[2024-07-27T22:06:34.773+0000] {logging_mixin.py:188} INFO - [2024-07-27T22:06:34.773+0000] {dag.py:3089} INFO - Sync 1 DAGs
[2024-07-27T22:06:34.784+0000] {logging_mixin.py:188} INFO - [2024-07-27T22:06:34.784+0000] {dag.py:3947} INFO - Setting next_dagrun for example_skip_dag to 2024-07-26 00:00:00+00:00, run_after=2024-07-27 00:00:00+00:00
[2024-07-27T22:06:34.793+0000] {processor.py:183} INFO - Processing /home/airflow/.local/lib/python3.12/site-packages/airflow/example_dags/example_skip_dag.py took 0.044 seconds
[2024-07-27T22:07:05.184+0000] {processor.py:161} INFO - Started process (PID=5735) to work on /home/airflow/.local/lib/python3.12/site-packages/airflow/example_dags/example_skip_dag.py
[2024-07-27T22:07:05.185+0000] {processor.py:830} INFO - Processing file /home/airflow/.local/lib/python3.12/site-packages/airflow/example_dags/example_skip_dag.py for tasks to queue
[2024-07-27T22:07:05.186+0000] {logging_mixin.py:188} INFO - [2024-07-27T22:07:05.186+0000] {dagbag.py:545} INFO - Filling up the DagBag from /home/airflow/.local/lib/python3.12/site-packages/airflow/example_dags/example_skip_dag.py
[2024-07-27T22:07:05.190+0000] {processor.py:840} INFO - DAG(s) 'example_skip_dag' retrieved from /home/airflow/.local/lib/python3.12/site-packages/airflow/example_dags/example_skip_dag.py
[2024-07-27T22:07:05.203+0000] {logging_mixin.py:188} INFO - [2024-07-27T22:07:05.203+0000] {dag.py:3089} INFO - Sync 1 DAGs
[2024-07-27T22:07:05.215+0000] {logging_mixin.py:188} INFO - [2024-07-27T22:07:05.215+0000] {dag.py:3947} INFO - Setting next_dagrun for example_skip_dag to 2024-07-26 00:00:00+00:00, run_after=2024-07-27 00:00:00+00:00
[2024-07-27T22:07:05.224+0000] {processor.py:183} INFO - Processing /home/airflow/.local/lib/python3.12/site-packages/airflow/example_dags/example_skip_dag.py took 0.044 seconds
[2024-07-27T22:07:36.222+0000] {processor.py:161} INFO - Started process (PID=5997) to work on /home/airflow/.local/lib/python3.12/site-packages/airflow/example_dags/example_skip_dag.py
[2024-07-27T22:07:36.222+0000] {processor.py:830} INFO - Processing file /home/airflow/.local/lib/python3.12/site-packages/airflow/example_dags/example_skip_dag.py for tasks to queue
[2024-07-27T22:07:36.224+0000] {logging_mixin.py:188} INFO - [2024-07-27T22:07:36.223+0000] {dagbag.py:545} INFO - Filling up the DagBag from /home/airflow/.local/lib/python3.12/site-packages/airflow/example_dags/example_skip_dag.py
[2024-07-27T22:07:36.227+0000] {processor.py:840} INFO - DAG(s) 'example_skip_dag' retrieved from /home/airflow/.local/lib/python3.12/site-packages/airflow/example_dags/example_skip_dag.py
[2024-07-27T22:07:36.243+0000] {logging_mixin.py:188} INFO - [2024-07-27T22:07:36.243+0000] {dag.py:3089} INFO - Sync 1 DAGs
[2024-07-27T22:07:36.276+0000] {logging_mixin.py:188} INFO - [2024-07-27T22:07:36.276+0000] {dag.py:3947} INFO - Setting next_dagrun for example_skip_dag to 2024-07-26 00:00:00+00:00, run_after=2024-07-27 00:00:00+00:00
[2024-07-27T22:07:36.288+0000] {processor.py:183} INFO - Processing /home/airflow/.local/lib/python3.12/site-packages/airflow/example_dags/example_skip_dag.py took 0.069 seconds
[2024-07-27T22:08:07.326+0000] {processor.py:161} INFO - Started process (PID=6259) to work on /home/airflow/.local/lib/python3.12/site-packages/airflow/example_dags/example_skip_dag.py
[2024-07-27T22:08:07.327+0000] {processor.py:830} INFO - Processing file /home/airflow/.local/lib/python3.12/site-packages/airflow/example_dags/example_skip_dag.py for tasks to queue
[2024-07-27T22:08:07.329+0000] {logging_mixin.py:188} INFO - [2024-07-27T22:08:07.329+0000] {dagbag.py:545} INFO - Filling up the DagBag from /home/airflow/.local/lib/python3.12/site-packages/airflow/example_dags/example_skip_dag.py
[2024-07-27T22:08:07.336+0000] {processor.py:840} INFO - DAG(s) 'example_skip_dag' retrieved from /home/airflow/.local/lib/python3.12/site-packages/airflow/example_dags/example_skip_dag.py
[2024-07-27T22:08:07.353+0000] {logging_mixin.py:188} INFO - [2024-07-27T22:08:07.353+0000] {dag.py:3089} INFO - Sync 1 DAGs
[2024-07-27T22:08:07.367+0000] {logging_mixin.py:188} INFO - [2024-07-27T22:08:07.366+0000] {dag.py:3947} INFO - Setting next_dagrun for example_skip_dag to 2024-07-26 00:00:00+00:00, run_after=2024-07-27 00:00:00+00:00
[2024-07-27T22:08:07.376+0000] {processor.py:183} INFO - Processing /home/airflow/.local/lib/python3.12/site-packages/airflow/example_dags/example_skip_dag.py took 0.056 seconds
[2024-07-27T22:08:37.632+0000] {processor.py:161} INFO - Started process (PID=6521) to work on /home/airflow/.local/lib/python3.12/site-packages/airflow/example_dags/example_skip_dag.py
[2024-07-27T22:08:37.633+0000] {processor.py:830} INFO - Processing file /home/airflow/.local/lib/python3.12/site-packages/airflow/example_dags/example_skip_dag.py for tasks to queue
[2024-07-27T22:08:37.635+0000] {logging_mixin.py:188} INFO - [2024-07-27T22:08:37.634+0000] {dagbag.py:545} INFO - Filling up the DagBag from /home/airflow/.local/lib/python3.12/site-packages/airflow/example_dags/example_skip_dag.py
[2024-07-27T22:08:37.641+0000] {processor.py:840} INFO - DAG(s) 'example_skip_dag' retrieved from /home/airflow/.local/lib/python3.12/site-packages/airflow/example_dags/example_skip_dag.py
[2024-07-27T22:08:37.658+0000] {logging_mixin.py:188} INFO - [2024-07-27T22:08:37.658+0000] {dag.py:3089} INFO - Sync 1 DAGs
[2024-07-27T22:08:37.671+0000] {logging_mixin.py:188} INFO - [2024-07-27T22:08:37.671+0000] {dag.py:3947} INFO - Setting next_dagrun for example_skip_dag to 2024-07-26 00:00:00+00:00, run_after=2024-07-27 00:00:00+00:00
[2024-07-27T22:08:37.680+0000] {processor.py:183} INFO - Processing /home/airflow/.local/lib/python3.12/site-packages/airflow/example_dags/example_skip_dag.py took 0.054 seconds
[2024-07-27T22:09:08.467+0000] {processor.py:161} INFO - Started process (PID=6783) to work on /home/airflow/.local/lib/python3.12/site-packages/airflow/example_dags/example_skip_dag.py
[2024-07-27T22:09:08.468+0000] {processor.py:830} INFO - Processing file /home/airflow/.local/lib/python3.12/site-packages/airflow/example_dags/example_skip_dag.py for tasks to queue
[2024-07-27T22:09:08.470+0000] {logging_mixin.py:188} INFO - [2024-07-27T22:09:08.470+0000] {dagbag.py:545} INFO - Filling up the DagBag from /home/airflow/.local/lib/python3.12/site-packages/airflow/example_dags/example_skip_dag.py
[2024-07-27T22:09:08.477+0000] {processor.py:840} INFO - DAG(s) 'example_skip_dag' retrieved from /home/airflow/.local/lib/python3.12/site-packages/airflow/example_dags/example_skip_dag.py
[2024-07-27T22:09:08.495+0000] {logging_mixin.py:188} INFO - [2024-07-27T22:09:08.495+0000] {dag.py:3089} INFO - Sync 1 DAGs
[2024-07-27T22:09:08.508+0000] {logging_mixin.py:188} INFO - [2024-07-27T22:09:08.508+0000] {dag.py:3947} INFO - Setting next_dagrun for example_skip_dag to 2024-07-26 00:00:00+00:00, run_after=2024-07-27 00:00:00+00:00
[2024-07-27T22:09:08.518+0000] {processor.py:183} INFO - Processing /home/airflow/.local/lib/python3.12/site-packages/airflow/example_dags/example_skip_dag.py took 0.058 seconds
[2024-07-27T22:09:38.718+0000] {processor.py:161} INFO - Started process (PID=7042) to work on /home/airflow/.local/lib/python3.12/site-packages/airflow/example_dags/example_skip_dag.py
[2024-07-27T22:09:38.719+0000] {processor.py:830} INFO - Processing file /home/airflow/.local/lib/python3.12/site-packages/airflow/example_dags/example_skip_dag.py for tasks to queue
[2024-07-27T22:09:38.721+0000] {logging_mixin.py:188} INFO - [2024-07-27T22:09:38.721+0000] {dagbag.py:545} INFO - Filling up the DagBag from /home/airflow/.local/lib/python3.12/site-packages/airflow/example_dags/example_skip_dag.py
[2024-07-27T22:09:38.728+0000] {processor.py:840} INFO - DAG(s) 'example_skip_dag' retrieved from /home/airflow/.local/lib/python3.12/site-packages/airflow/example_dags/example_skip_dag.py
[2024-07-27T22:09:38.745+0000] {logging_mixin.py:188} INFO - [2024-07-27T22:09:38.745+0000] {dag.py:3089} INFO - Sync 1 DAGs
[2024-07-27T22:09:38.759+0000] {logging_mixin.py:188} INFO - [2024-07-27T22:09:38.759+0000] {dag.py:3947} INFO - Setting next_dagrun for example_skip_dag to 2024-07-26 00:00:00+00:00, run_after=2024-07-27 00:00:00+00:00
[2024-07-27T22:09:38.768+0000] {processor.py:183} INFO - Processing /home/airflow/.local/lib/python3.12/site-packages/airflow/example_dags/example_skip_dag.py took 0.057 seconds
[2024-07-27T22:10:09.046+0000] {processor.py:161} INFO - Started process (PID=7304) to work on /home/airflow/.local/lib/python3.12/site-packages/airflow/example_dags/example_skip_dag.py
[2024-07-27T22:10:09.049+0000] {processor.py:830} INFO - Processing file /home/airflow/.local/lib/python3.12/site-packages/airflow/example_dags/example_skip_dag.py for tasks to queue
[2024-07-27T22:10:09.051+0000] {logging_mixin.py:188} INFO - [2024-07-27T22:10:09.051+0000] {dagbag.py:545} INFO - Filling up the DagBag from /home/airflow/.local/lib/python3.12/site-packages/airflow/example_dags/example_skip_dag.py
[2024-07-27T22:10:09.058+0000] {processor.py:840} INFO - DAG(s) 'example_skip_dag' retrieved from /home/airflow/.local/lib/python3.12/site-packages/airflow/example_dags/example_skip_dag.py
[2024-07-27T22:10:09.079+0000] {logging_mixin.py:188} INFO - [2024-07-27T22:10:09.079+0000] {dag.py:3089} INFO - Sync 1 DAGs
[2024-07-27T22:10:09.091+0000] {logging_mixin.py:188} INFO - [2024-07-27T22:10:09.091+0000] {dag.py:3947} INFO - Setting next_dagrun for example_skip_dag to 2024-07-26 00:00:00+00:00, run_after=2024-07-27 00:00:00+00:00
[2024-07-27T22:10:09.100+0000] {processor.py:183} INFO - Processing /home/airflow/.local/lib/python3.12/site-packages/airflow/example_dags/example_skip_dag.py took 0.063 seconds
[2024-07-27T22:10:39.255+0000] {processor.py:161} INFO - Started process (PID=7566) to work on /home/airflow/.local/lib/python3.12/site-packages/airflow/example_dags/example_skip_dag.py
[2024-07-27T22:10:39.258+0000] {processor.py:830} INFO - Processing file /home/airflow/.local/lib/python3.12/site-packages/airflow/example_dags/example_skip_dag.py for tasks to queue
[2024-07-27T22:10:39.260+0000] {logging_mixin.py:188} INFO - [2024-07-27T22:10:39.259+0000] {dagbag.py:545} INFO - Filling up the DagBag from /home/airflow/.local/lib/python3.12/site-packages/airflow/example_dags/example_skip_dag.py
[2024-07-27T22:10:39.267+0000] {processor.py:840} INFO - DAG(s) 'example_skip_dag' retrieved from /home/airflow/.local/lib/python3.12/site-packages/airflow/example_dags/example_skip_dag.py
[2024-07-27T22:10:39.286+0000] {logging_mixin.py:188} INFO - [2024-07-27T22:10:39.286+0000] {dag.py:3089} INFO - Sync 1 DAGs
[2024-07-27T22:10:39.299+0000] {logging_mixin.py:188} INFO - [2024-07-27T22:10:39.299+0000] {dag.py:3947} INFO - Setting next_dagrun for example_skip_dag to 2024-07-26 00:00:00+00:00, run_after=2024-07-27 00:00:00+00:00
[2024-07-27T22:10:39.308+0000] {processor.py:183} INFO - Processing /home/airflow/.local/lib/python3.12/site-packages/airflow/example_dags/example_skip_dag.py took 0.062 seconds
[2024-07-27T22:11:09.475+0000] {processor.py:161} INFO - Started process (PID=7828) to work on /home/airflow/.local/lib/python3.12/site-packages/airflow/example_dags/example_skip_dag.py
[2024-07-27T22:11:09.476+0000] {processor.py:830} INFO - Processing file /home/airflow/.local/lib/python3.12/site-packages/airflow/example_dags/example_skip_dag.py for tasks to queue
[2024-07-27T22:11:09.479+0000] {logging_mixin.py:188} INFO - [2024-07-27T22:11:09.478+0000] {dagbag.py:545} INFO - Filling up the DagBag from /home/airflow/.local/lib/python3.12/site-packages/airflow/example_dags/example_skip_dag.py
[2024-07-27T22:11:09.486+0000] {processor.py:840} INFO - DAG(s) 'example_skip_dag' retrieved from /home/airflow/.local/lib/python3.12/site-packages/airflow/example_dags/example_skip_dag.py
[2024-07-27T22:11:09.503+0000] {logging_mixin.py:188} INFO - [2024-07-27T22:11:09.503+0000] {dag.py:3089} INFO - Sync 1 DAGs
[2024-07-27T22:11:09.516+0000] {logging_mixin.py:188} INFO - [2024-07-27T22:11:09.516+0000] {dag.py:3947} INFO - Setting next_dagrun for example_skip_dag to 2024-07-26 00:00:00+00:00, run_after=2024-07-27 00:00:00+00:00
[2024-07-27T22:11:09.525+0000] {processor.py:183} INFO - Processing /home/airflow/.local/lib/python3.12/site-packages/airflow/example_dags/example_skip_dag.py took 0.059 seconds
[2024-07-27T22:11:39.707+0000] {processor.py:161} INFO - Started process (PID=8090) to work on /home/airflow/.local/lib/python3.12/site-packages/airflow/example_dags/example_skip_dag.py
[2024-07-27T22:11:39.709+0000] {processor.py:830} INFO - Processing file /home/airflow/.local/lib/python3.12/site-packages/airflow/example_dags/example_skip_dag.py for tasks to queue
[2024-07-27T22:11:39.711+0000] {logging_mixin.py:188} INFO - [2024-07-27T22:11:39.710+0000] {dagbag.py:545} INFO - Filling up the DagBag from /home/airflow/.local/lib/python3.12/site-packages/airflow/example_dags/example_skip_dag.py
[2024-07-27T22:11:39.718+0000] {processor.py:840} INFO - DAG(s) 'example_skip_dag' retrieved from /home/airflow/.local/lib/python3.12/site-packages/airflow/example_dags/example_skip_dag.py
[2024-07-27T22:11:39.737+0000] {logging_mixin.py:188} INFO - [2024-07-27T22:11:39.737+0000] {dag.py:3089} INFO - Sync 1 DAGs
[2024-07-27T22:11:39.750+0000] {logging_mixin.py:188} INFO - [2024-07-27T22:11:39.750+0000] {dag.py:3947} INFO - Setting next_dagrun for example_skip_dag to 2024-07-26 00:00:00+00:00, run_after=2024-07-27 00:00:00+00:00
[2024-07-27T22:11:39.759+0000] {processor.py:183} INFO - Processing /home/airflow/.local/lib/python3.12/site-packages/airflow/example_dags/example_skip_dag.py took 0.061 seconds
[2024-07-27T22:12:10.157+0000] {processor.py:161} INFO - Started process (PID=8353) to work on /home/airflow/.local/lib/python3.12/site-packages/airflow/example_dags/example_skip_dag.py
[2024-07-27T22:12:10.158+0000] {processor.py:830} INFO - Processing file /home/airflow/.local/lib/python3.12/site-packages/airflow/example_dags/example_skip_dag.py for tasks to queue
[2024-07-27T22:12:10.161+0000] {logging_mixin.py:188} INFO - [2024-07-27T22:12:10.160+0000] {dagbag.py:545} INFO - Filling up the DagBag from /home/airflow/.local/lib/python3.12/site-packages/airflow/example_dags/example_skip_dag.py
[2024-07-27T22:12:10.168+0000] {processor.py:840} INFO - DAG(s) 'example_skip_dag' retrieved from /home/airflow/.local/lib/python3.12/site-packages/airflow/example_dags/example_skip_dag.py
[2024-07-27T22:12:10.186+0000] {logging_mixin.py:188} INFO - [2024-07-27T22:12:10.186+0000] {dag.py:3089} INFO - Sync 1 DAGs
[2024-07-27T22:12:10.200+0000] {logging_mixin.py:188} INFO - [2024-07-27T22:12:10.200+0000] {dag.py:3947} INFO - Setting next_dagrun for example_skip_dag to 2024-07-26 00:00:00+00:00, run_after=2024-07-27 00:00:00+00:00
[2024-07-27T22:12:10.209+0000] {processor.py:183} INFO - Processing /home/airflow/.local/lib/python3.12/site-packages/airflow/example_dags/example_skip_dag.py took 0.061 seconds
[2024-07-27T22:12:40.594+0000] {processor.py:161} INFO - Started process (PID=8615) to work on /home/airflow/.local/lib/python3.12/site-packages/airflow/example_dags/example_skip_dag.py
[2024-07-27T22:12:40.596+0000] {processor.py:830} INFO - Processing file /home/airflow/.local/lib/python3.12/site-packages/airflow/example_dags/example_skip_dag.py for tasks to queue
[2024-07-27T22:12:40.597+0000] {logging_mixin.py:188} INFO - [2024-07-27T22:12:40.597+0000] {dagbag.py:545} INFO - Filling up the DagBag from /home/airflow/.local/lib/python3.12/site-packages/airflow/example_dags/example_skip_dag.py
[2024-07-27T22:12:40.602+0000] {processor.py:840} INFO - DAG(s) 'example_skip_dag' retrieved from /home/airflow/.local/lib/python3.12/site-packages/airflow/example_dags/example_skip_dag.py
[2024-07-27T22:12:40.616+0000] {logging_mixin.py:188} INFO - [2024-07-27T22:12:40.615+0000] {dag.py:3089} INFO - Sync 1 DAGs
[2024-07-27T22:12:40.627+0000] {logging_mixin.py:188} INFO - [2024-07-27T22:12:40.626+0000] {dag.py:3947} INFO - Setting next_dagrun for example_skip_dag to 2024-07-26 00:00:00+00:00, run_after=2024-07-27 00:00:00+00:00
[2024-07-27T22:12:40.636+0000] {processor.py:183} INFO - Processing /home/airflow/.local/lib/python3.12/site-packages/airflow/example_dags/example_skip_dag.py took 0.047 seconds
[2024-07-27T22:13:10.812+0000] {processor.py:161} INFO - Started process (PID=8877) to work on /home/airflow/.local/lib/python3.12/site-packages/airflow/example_dags/example_skip_dag.py
[2024-07-27T22:13:10.813+0000] {processor.py:830} INFO - Processing file /home/airflow/.local/lib/python3.12/site-packages/airflow/example_dags/example_skip_dag.py for tasks to queue
[2024-07-27T22:13:10.814+0000] {logging_mixin.py:188} INFO - [2024-07-27T22:13:10.814+0000] {dagbag.py:545} INFO - Filling up the DagBag from /home/airflow/.local/lib/python3.12/site-packages/airflow/example_dags/example_skip_dag.py
[2024-07-27T22:13:10.820+0000] {processor.py:840} INFO - DAG(s) 'example_skip_dag' retrieved from /home/airflow/.local/lib/python3.12/site-packages/airflow/example_dags/example_skip_dag.py
[2024-07-27T22:13:10.841+0000] {logging_mixin.py:188} INFO - [2024-07-27T22:13:10.840+0000] {dag.py:3089} INFO - Sync 1 DAGs
[2024-07-27T22:13:10.856+0000] {logging_mixin.py:188} INFO - [2024-07-27T22:13:10.855+0000] {dag.py:3947} INFO - Setting next_dagrun for example_skip_dag to 2024-07-26 00:00:00+00:00, run_after=2024-07-27 00:00:00+00:00
[2024-07-27T22:13:10.866+0000] {processor.py:183} INFO - Processing /home/airflow/.local/lib/python3.12/site-packages/airflow/example_dags/example_skip_dag.py took 0.060 seconds
[2024-07-27T22:13:41.057+0000] {processor.py:161} INFO - Started process (PID=9139) to work on /home/airflow/.local/lib/python3.12/site-packages/airflow/example_dags/example_skip_dag.py
[2024-07-27T22:13:41.059+0000] {processor.py:830} INFO - Processing file /home/airflow/.local/lib/python3.12/site-packages/airflow/example_dags/example_skip_dag.py for tasks to queue
[2024-07-27T22:13:41.063+0000] {logging_mixin.py:188} INFO - [2024-07-27T22:13:41.063+0000] {dagbag.py:545} INFO - Filling up the DagBag from /home/airflow/.local/lib/python3.12/site-packages/airflow/example_dags/example_skip_dag.py
[2024-07-27T22:13:41.071+0000] {processor.py:840} INFO - DAG(s) 'example_skip_dag' retrieved from /home/airflow/.local/lib/python3.12/site-packages/airflow/example_dags/example_skip_dag.py
[2024-07-27T22:13:41.089+0000] {logging_mixin.py:188} INFO - [2024-07-27T22:13:41.089+0000] {dag.py:3089} INFO - Sync 1 DAGs
[2024-07-27T22:13:41.103+0000] {logging_mixin.py:188} INFO - [2024-07-27T22:13:41.103+0000] {dag.py:3947} INFO - Setting next_dagrun for example_skip_dag to 2024-07-26 00:00:00+00:00, run_after=2024-07-27 00:00:00+00:00
[2024-07-27T22:13:41.112+0000] {processor.py:183} INFO - Processing /home/airflow/.local/lib/python3.12/site-packages/airflow/example_dags/example_skip_dag.py took 0.063 seconds
[2024-07-27T22:14:11.391+0000] {processor.py:161} INFO - Started process (PID=9401) to work on /home/airflow/.local/lib/python3.12/site-packages/airflow/example_dags/example_skip_dag.py
[2024-07-27T22:14:11.394+0000] {processor.py:830} INFO - Processing file /home/airflow/.local/lib/python3.12/site-packages/airflow/example_dags/example_skip_dag.py for tasks to queue
[2024-07-27T22:14:11.396+0000] {logging_mixin.py:188} INFO - [2024-07-27T22:14:11.395+0000] {dagbag.py:545} INFO - Filling up the DagBag from /home/airflow/.local/lib/python3.12/site-packages/airflow/example_dags/example_skip_dag.py
[2024-07-27T22:14:11.403+0000] {processor.py:840} INFO - DAG(s) 'example_skip_dag' retrieved from /home/airflow/.local/lib/python3.12/site-packages/airflow/example_dags/example_skip_dag.py
[2024-07-27T22:14:11.422+0000] {logging_mixin.py:188} INFO - [2024-07-27T22:14:11.421+0000] {dag.py:3089} INFO - Sync 1 DAGs
[2024-07-27T22:14:11.438+0000] {logging_mixin.py:188} INFO - [2024-07-27T22:14:11.438+0000] {dag.py:3947} INFO - Setting next_dagrun for example_skip_dag to 2024-07-26 00:00:00+00:00, run_after=2024-07-27 00:00:00+00:00
[2024-07-27T22:14:11.453+0000] {processor.py:183} INFO - Processing /home/airflow/.local/lib/python3.12/site-packages/airflow/example_dags/example_skip_dag.py took 0.070 seconds
[2024-07-27T22:14:41.890+0000] {processor.py:161} INFO - Started process (PID=9668) to work on /home/airflow/.local/lib/python3.12/site-packages/airflow/example_dags/example_skip_dag.py
[2024-07-27T22:14:41.892+0000] {processor.py:830} INFO - Processing file /home/airflow/.local/lib/python3.12/site-packages/airflow/example_dags/example_skip_dag.py for tasks to queue
[2024-07-27T22:14:41.894+0000] {logging_mixin.py:188} INFO - [2024-07-27T22:14:41.894+0000] {dagbag.py:545} INFO - Filling up the DagBag from /home/airflow/.local/lib/python3.12/site-packages/airflow/example_dags/example_skip_dag.py
[2024-07-27T22:14:41.901+0000] {processor.py:840} INFO - DAG(s) 'example_skip_dag' retrieved from /home/airflow/.local/lib/python3.12/site-packages/airflow/example_dags/example_skip_dag.py
[2024-07-27T22:14:41.922+0000] {logging_mixin.py:188} INFO - [2024-07-27T22:14:41.922+0000] {dag.py:3089} INFO - Sync 1 DAGs
[2024-07-27T22:14:41.937+0000] {logging_mixin.py:188} INFO - [2024-07-27T22:14:41.937+0000] {dag.py:3947} INFO - Setting next_dagrun for example_skip_dag to 2024-07-26 00:00:00+00:00, run_after=2024-07-27 00:00:00+00:00
[2024-07-27T22:14:41.948+0000] {processor.py:183} INFO - Processing /home/airflow/.local/lib/python3.12/site-packages/airflow/example_dags/example_skip_dag.py took 0.066 seconds
[2024-07-27T22:15:12.244+0000] {processor.py:161} INFO - Started process (PID=9931) to work on /home/airflow/.local/lib/python3.12/site-packages/airflow/example_dags/example_skip_dag.py
[2024-07-27T22:15:12.247+0000] {processor.py:830} INFO - Processing file /home/airflow/.local/lib/python3.12/site-packages/airflow/example_dags/example_skip_dag.py for tasks to queue
[2024-07-27T22:15:12.249+0000] {logging_mixin.py:188} INFO - [2024-07-27T22:15:12.248+0000] {dagbag.py:545} INFO - Filling up the DagBag from /home/airflow/.local/lib/python3.12/site-packages/airflow/example_dags/example_skip_dag.py
[2024-07-27T22:15:12.255+0000] {processor.py:840} INFO - DAG(s) 'example_skip_dag' retrieved from /home/airflow/.local/lib/python3.12/site-packages/airflow/example_dags/example_skip_dag.py
[2024-07-27T22:15:12.276+0000] {logging_mixin.py:188} INFO - [2024-07-27T22:15:12.276+0000] {dag.py:3089} INFO - Sync 1 DAGs
[2024-07-27T22:15:12.287+0000] {logging_mixin.py:188} INFO - [2024-07-27T22:15:12.287+0000] {dag.py:3947} INFO - Setting next_dagrun for example_skip_dag to 2024-07-26 00:00:00+00:00, run_after=2024-07-27 00:00:00+00:00
[2024-07-27T22:15:12.298+0000] {processor.py:183} INFO - Processing /home/airflow/.local/lib/python3.12/site-packages/airflow/example_dags/example_skip_dag.py took 0.061 seconds
[2024-07-27T22:15:42.391+0000] {processor.py:161} INFO - Started process (PID=10193) to work on /home/airflow/.local/lib/python3.12/site-packages/airflow/example_dags/example_skip_dag.py
[2024-07-27T22:15:42.392+0000] {processor.py:830} INFO - Processing file /home/airflow/.local/lib/python3.12/site-packages/airflow/example_dags/example_skip_dag.py for tasks to queue
[2024-07-27T22:15:42.394+0000] {logging_mixin.py:188} INFO - [2024-07-27T22:15:42.394+0000] {dagbag.py:545} INFO - Filling up the DagBag from /home/airflow/.local/lib/python3.12/site-packages/airflow/example_dags/example_skip_dag.py
[2024-07-27T22:15:42.400+0000] {processor.py:840} INFO - DAG(s) 'example_skip_dag' retrieved from /home/airflow/.local/lib/python3.12/site-packages/airflow/example_dags/example_skip_dag.py
[2024-07-27T22:15:42.417+0000] {logging_mixin.py:188} INFO - [2024-07-27T22:15:42.417+0000] {dag.py:3089} INFO - Sync 1 DAGs
[2024-07-27T22:15:42.431+0000] {logging_mixin.py:188} INFO - [2024-07-27T22:15:42.431+0000] {dag.py:3947} INFO - Setting next_dagrun for example_skip_dag to 2024-07-26 00:00:00+00:00, run_after=2024-07-27 00:00:00+00:00
[2024-07-27T22:15:42.440+0000] {processor.py:183} INFO - Processing /home/airflow/.local/lib/python3.12/site-packages/airflow/example_dags/example_skip_dag.py took 0.055 seconds
[2024-07-27T22:16:13.147+0000] {processor.py:161} INFO - Started process (PID=10456) to work on /home/airflow/.local/lib/python3.12/site-packages/airflow/example_dags/example_skip_dag.py
[2024-07-27T22:16:13.149+0000] {processor.py:830} INFO - Processing file /home/airflow/.local/lib/python3.12/site-packages/airflow/example_dags/example_skip_dag.py for tasks to queue
[2024-07-27T22:16:13.151+0000] {logging_mixin.py:188} INFO - [2024-07-27T22:16:13.151+0000] {dagbag.py:545} INFO - Filling up the DagBag from /home/airflow/.local/lib/python3.12/site-packages/airflow/example_dags/example_skip_dag.py
[2024-07-27T22:16:13.157+0000] {processor.py:840} INFO - DAG(s) 'example_skip_dag' retrieved from /home/airflow/.local/lib/python3.12/site-packages/airflow/example_dags/example_skip_dag.py
[2024-07-27T22:16:13.176+0000] {logging_mixin.py:188} INFO - [2024-07-27T22:16:13.176+0000] {dag.py:3089} INFO - Sync 1 DAGs
[2024-07-27T22:16:13.195+0000] {logging_mixin.py:188} INFO - [2024-07-27T22:16:13.195+0000] {dag.py:3947} INFO - Setting next_dagrun for example_skip_dag to 2024-07-26 00:00:00+00:00, run_after=2024-07-27 00:00:00+00:00
[2024-07-27T22:16:13.641+0000] {processor.py:183} INFO - Processing /home/airflow/.local/lib/python3.12/site-packages/airflow/example_dags/example_skip_dag.py took 0.502 seconds
[2024-07-27T22:16:44.247+0000] {processor.py:161} INFO - Started process (PID=10718) to work on /home/airflow/.local/lib/python3.12/site-packages/airflow/example_dags/example_skip_dag.py
[2024-07-27T22:16:44.249+0000] {processor.py:830} INFO - Processing file /home/airflow/.local/lib/python3.12/site-packages/airflow/example_dags/example_skip_dag.py for tasks to queue
[2024-07-27T22:16:44.251+0000] {logging_mixin.py:188} INFO - [2024-07-27T22:16:44.251+0000] {dagbag.py:545} INFO - Filling up the DagBag from /home/airflow/.local/lib/python3.12/site-packages/airflow/example_dags/example_skip_dag.py
[2024-07-27T22:16:44.259+0000] {processor.py:840} INFO - DAG(s) 'example_skip_dag' retrieved from /home/airflow/.local/lib/python3.12/site-packages/airflow/example_dags/example_skip_dag.py
[2024-07-27T22:16:44.279+0000] {logging_mixin.py:188} INFO - [2024-07-27T22:16:44.279+0000] {dag.py:3089} INFO - Sync 1 DAGs
[2024-07-27T22:16:44.293+0000] {logging_mixin.py:188} INFO - [2024-07-27T22:16:44.293+0000] {dag.py:3947} INFO - Setting next_dagrun for example_skip_dag to 2024-07-26 00:00:00+00:00, run_after=2024-07-27 00:00:00+00:00
[2024-07-27T22:16:44.303+0000] {processor.py:183} INFO - Processing /home/airflow/.local/lib/python3.12/site-packages/airflow/example_dags/example_skip_dag.py took 0.065 seconds
[2024-07-27T22:17:14.755+0000] {processor.py:161} INFO - Started process (PID=10980) to work on /home/airflow/.local/lib/python3.12/site-packages/airflow/example_dags/example_skip_dag.py
[2024-07-27T22:17:14.757+0000] {processor.py:830} INFO - Processing file /home/airflow/.local/lib/python3.12/site-packages/airflow/example_dags/example_skip_dag.py for tasks to queue
[2024-07-27T22:17:14.760+0000] {logging_mixin.py:188} INFO - [2024-07-27T22:17:14.759+0000] {dagbag.py:545} INFO - Filling up the DagBag from /home/airflow/.local/lib/python3.12/site-packages/airflow/example_dags/example_skip_dag.py
[2024-07-27T22:17:14.768+0000] {processor.py:840} INFO - DAG(s) 'example_skip_dag' retrieved from /home/airflow/.local/lib/python3.12/site-packages/airflow/example_dags/example_skip_dag.py
[2024-07-27T22:17:14.786+0000] {logging_mixin.py:188} INFO - [2024-07-27T22:17:14.786+0000] {dag.py:3089} INFO - Sync 1 DAGs
[2024-07-27T22:17:14.800+0000] {logging_mixin.py:188} INFO - [2024-07-27T22:17:14.800+0000] {dag.py:3947} INFO - Setting next_dagrun for example_skip_dag to 2024-07-26 00:00:00+00:00, run_after=2024-07-27 00:00:00+00:00
[2024-07-27T22:17:14.810+0000] {processor.py:183} INFO - Processing /home/airflow/.local/lib/python3.12/site-packages/airflow/example_dags/example_skip_dag.py took 0.066 seconds
[2024-07-27T22:17:45.588+0000] {processor.py:161} INFO - Started process (PID=11242) to work on /home/airflow/.local/lib/python3.12/site-packages/airflow/example_dags/example_skip_dag.py
[2024-07-27T22:17:45.591+0000] {processor.py:830} INFO - Processing file /home/airflow/.local/lib/python3.12/site-packages/airflow/example_dags/example_skip_dag.py for tasks to queue
[2024-07-27T22:17:45.595+0000] {logging_mixin.py:188} INFO - [2024-07-27T22:17:45.594+0000] {dagbag.py:545} INFO - Filling up the DagBag from /home/airflow/.local/lib/python3.12/site-packages/airflow/example_dags/example_skip_dag.py
[2024-07-27T22:17:45.608+0000] {processor.py:840} INFO - DAG(s) 'example_skip_dag' retrieved from /home/airflow/.local/lib/python3.12/site-packages/airflow/example_dags/example_skip_dag.py
[2024-07-27T22:17:45.630+0000] {logging_mixin.py:188} INFO - [2024-07-27T22:17:45.629+0000] {dag.py:3089} INFO - Sync 1 DAGs
[2024-07-27T22:17:45.843+0000] {logging_mixin.py:188} INFO - [2024-07-27T22:17:45.843+0000] {dag.py:3947} INFO - Setting next_dagrun for example_skip_dag to 2024-07-26 00:00:00+00:00, run_after=2024-07-27 00:00:00+00:00
[2024-07-27T22:17:45.852+0000] {processor.py:183} INFO - Processing /home/airflow/.local/lib/python3.12/site-packages/airflow/example_dags/example_skip_dag.py took 0.277 seconds
[2024-07-27T22:18:16.727+0000] {processor.py:161} INFO - Started process (PID=11504) to work on /home/airflow/.local/lib/python3.12/site-packages/airflow/example_dags/example_skip_dag.py
[2024-07-27T22:18:16.730+0000] {processor.py:830} INFO - Processing file /home/airflow/.local/lib/python3.12/site-packages/airflow/example_dags/example_skip_dag.py for tasks to queue
[2024-07-27T22:18:16.731+0000] {logging_mixin.py:188} INFO - [2024-07-27T22:18:16.731+0000] {dagbag.py:545} INFO - Filling up the DagBag from /home/airflow/.local/lib/python3.12/site-packages/airflow/example_dags/example_skip_dag.py
[2024-07-27T22:18:16.740+0000] {processor.py:840} INFO - DAG(s) 'example_skip_dag' retrieved from /home/airflow/.local/lib/python3.12/site-packages/airflow/example_dags/example_skip_dag.py
[2024-07-27T22:18:16.760+0000] {logging_mixin.py:188} INFO - [2024-07-27T22:18:16.760+0000] {dag.py:3089} INFO - Sync 1 DAGs
[2024-07-27T22:18:16.774+0000] {logging_mixin.py:188} INFO - [2024-07-27T22:18:16.774+0000] {dag.py:3947} INFO - Setting next_dagrun for example_skip_dag to 2024-07-26 00:00:00+00:00, run_after=2024-07-27 00:00:00+00:00
[2024-07-27T22:18:16.784+0000] {processor.py:183} INFO - Processing /home/airflow/.local/lib/python3.12/site-packages/airflow/example_dags/example_skip_dag.py took 0.066 seconds
[2024-07-27T22:18:46.905+0000] {processor.py:161} INFO - Started process (PID=11766) to work on /home/airflow/.local/lib/python3.12/site-packages/airflow/example_dags/example_skip_dag.py
[2024-07-27T22:18:46.907+0000] {processor.py:830} INFO - Processing file /home/airflow/.local/lib/python3.12/site-packages/airflow/example_dags/example_skip_dag.py for tasks to queue
[2024-07-27T22:18:46.914+0000] {logging_mixin.py:188} INFO - [2024-07-27T22:18:46.914+0000] {dagbag.py:545} INFO - Filling up the DagBag from /home/airflow/.local/lib/python3.12/site-packages/airflow/example_dags/example_skip_dag.py
[2024-07-27T22:18:46.920+0000] {processor.py:840} INFO - DAG(s) 'example_skip_dag' retrieved from /home/airflow/.local/lib/python3.12/site-packages/airflow/example_dags/example_skip_dag.py
[2024-07-27T22:18:46.940+0000] {logging_mixin.py:188} INFO - [2024-07-27T22:18:46.940+0000] {dag.py:3089} INFO - Sync 1 DAGs
[2024-07-27T22:18:46.953+0000] {logging_mixin.py:188} INFO - [2024-07-27T22:18:46.953+0000] {dag.py:3947} INFO - Setting next_dagrun for example_skip_dag to 2024-07-26 00:00:00+00:00, run_after=2024-07-27 00:00:00+00:00
[2024-07-27T22:18:46.963+0000] {processor.py:183} INFO - Processing /home/airflow/.local/lib/python3.12/site-packages/airflow/example_dags/example_skip_dag.py took 0.062 seconds
[2024-07-27T22:19:17.294+0000] {processor.py:161} INFO - Started process (PID=12025) to work on /home/airflow/.local/lib/python3.12/site-packages/airflow/example_dags/example_skip_dag.py
[2024-07-27T22:19:17.295+0000] {processor.py:830} INFO - Processing file /home/airflow/.local/lib/python3.12/site-packages/airflow/example_dags/example_skip_dag.py for tasks to queue
[2024-07-27T22:19:17.297+0000] {logging_mixin.py:188} INFO - [2024-07-27T22:19:17.296+0000] {dagbag.py:545} INFO - Filling up the DagBag from /home/airflow/.local/lib/python3.12/site-packages/airflow/example_dags/example_skip_dag.py
[2024-07-27T22:19:17.304+0000] {processor.py:840} INFO - DAG(s) 'example_skip_dag' retrieved from /home/airflow/.local/lib/python3.12/site-packages/airflow/example_dags/example_skip_dag.py
[2024-07-27T22:19:17.324+0000] {logging_mixin.py:188} INFO - [2024-07-27T22:19:17.323+0000] {dag.py:3089} INFO - Sync 1 DAGs
[2024-07-27T22:19:17.342+0000] {logging_mixin.py:188} INFO - [2024-07-27T22:19:17.342+0000] {dag.py:3947} INFO - Setting next_dagrun for example_skip_dag to 2024-07-26 00:00:00+00:00, run_after=2024-07-27 00:00:00+00:00
[2024-07-27T22:19:17.353+0000] {processor.py:183} INFO - Processing /home/airflow/.local/lib/python3.12/site-packages/airflow/example_dags/example_skip_dag.py took 0.065 seconds
[2024-07-27T22:19:47.501+0000] {processor.py:161} INFO - Started process (PID=12287) to work on /home/airflow/.local/lib/python3.12/site-packages/airflow/example_dags/example_skip_dag.py
[2024-07-27T22:19:47.503+0000] {processor.py:830} INFO - Processing file /home/airflow/.local/lib/python3.12/site-packages/airflow/example_dags/example_skip_dag.py for tasks to queue
[2024-07-27T22:19:47.506+0000] {logging_mixin.py:188} INFO - [2024-07-27T22:19:47.505+0000] {dagbag.py:545} INFO - Filling up the DagBag from /home/airflow/.local/lib/python3.12/site-packages/airflow/example_dags/example_skip_dag.py
[2024-07-27T22:19:47.515+0000] {processor.py:840} INFO - DAG(s) 'example_skip_dag' retrieved from /home/airflow/.local/lib/python3.12/site-packages/airflow/example_dags/example_skip_dag.py
[2024-07-27T22:19:47.531+0000] {logging_mixin.py:188} INFO - [2024-07-27T22:19:47.531+0000] {dag.py:3089} INFO - Sync 1 DAGs
[2024-07-27T22:19:47.543+0000] {logging_mixin.py:188} INFO - [2024-07-27T22:19:47.543+0000] {dag.py:3947} INFO - Setting next_dagrun for example_skip_dag to 2024-07-26 00:00:00+00:00, run_after=2024-07-27 00:00:00+00:00
[2024-07-27T22:19:47.552+0000] {processor.py:183} INFO - Processing /home/airflow/.local/lib/python3.12/site-packages/airflow/example_dags/example_skip_dag.py took 0.059 seconds
[2024-07-27T22:20:18.029+0000] {processor.py:161} INFO - Started process (PID=12555) to work on /home/airflow/.local/lib/python3.12/site-packages/airflow/example_dags/example_skip_dag.py
[2024-07-27T22:20:18.030+0000] {processor.py:830} INFO - Processing file /home/airflow/.local/lib/python3.12/site-packages/airflow/example_dags/example_skip_dag.py for tasks to queue
[2024-07-27T22:20:18.032+0000] {logging_mixin.py:188} INFO - [2024-07-27T22:20:18.032+0000] {dagbag.py:545} INFO - Filling up the DagBag from /home/airflow/.local/lib/python3.12/site-packages/airflow/example_dags/example_skip_dag.py
[2024-07-27T22:20:18.039+0000] {processor.py:840} INFO - DAG(s) 'example_skip_dag' retrieved from /home/airflow/.local/lib/python3.12/site-packages/airflow/example_dags/example_skip_dag.py
[2024-07-27T22:20:18.058+0000] {logging_mixin.py:188} INFO - [2024-07-27T22:20:18.058+0000] {dag.py:3089} INFO - Sync 1 DAGs
[2024-07-27T22:20:18.071+0000] {logging_mixin.py:188} INFO - [2024-07-27T22:20:18.071+0000] {dag.py:3947} INFO - Setting next_dagrun for example_skip_dag to 2024-07-26 00:00:00+00:00, run_after=2024-07-27 00:00:00+00:00
[2024-07-27T22:20:18.081+0000] {processor.py:183} INFO - Processing /home/airflow/.local/lib/python3.12/site-packages/airflow/example_dags/example_skip_dag.py took 0.059 seconds
[2024-07-27T22:20:48.515+0000] {processor.py:161} INFO - Started process (PID=12822) to work on /home/airflow/.local/lib/python3.12/site-packages/airflow/example_dags/example_skip_dag.py
[2024-07-27T22:20:48.517+0000] {processor.py:830} INFO - Processing file /home/airflow/.local/lib/python3.12/site-packages/airflow/example_dags/example_skip_dag.py for tasks to queue
[2024-07-27T22:20:48.520+0000] {logging_mixin.py:188} INFO - [2024-07-27T22:20:48.519+0000] {dagbag.py:545} INFO - Filling up the DagBag from /home/airflow/.local/lib/python3.12/site-packages/airflow/example_dags/example_skip_dag.py
[2024-07-27T22:20:48.529+0000] {processor.py:840} INFO - DAG(s) 'example_skip_dag' retrieved from /home/airflow/.local/lib/python3.12/site-packages/airflow/example_dags/example_skip_dag.py
[2024-07-27T22:20:48.549+0000] {logging_mixin.py:188} INFO - [2024-07-27T22:20:48.549+0000] {dag.py:3089} INFO - Sync 1 DAGs
[2024-07-27T22:20:48.565+0000] {logging_mixin.py:188} INFO - [2024-07-27T22:20:48.565+0000] {dag.py:3947} INFO - Setting next_dagrun for example_skip_dag to 2024-07-26 00:00:00+00:00, run_after=2024-07-27 00:00:00+00:00
[2024-07-27T22:20:48.577+0000] {processor.py:183} INFO - Processing /home/airflow/.local/lib/python3.12/site-packages/airflow/example_dags/example_skip_dag.py took 0.071 seconds
[2024-07-27T22:21:18.892+0000] {processor.py:161} INFO - Started process (PID=13089) to work on /home/airflow/.local/lib/python3.12/site-packages/airflow/example_dags/example_skip_dag.py
[2024-07-27T22:21:18.893+0000] {processor.py:830} INFO - Processing file /home/airflow/.local/lib/python3.12/site-packages/airflow/example_dags/example_skip_dag.py for tasks to queue
[2024-07-27T22:21:18.895+0000] {logging_mixin.py:188} INFO - [2024-07-27T22:21:18.894+0000] {dagbag.py:545} INFO - Filling up the DagBag from /home/airflow/.local/lib/python3.12/site-packages/airflow/example_dags/example_skip_dag.py
[2024-07-27T22:21:18.901+0000] {processor.py:840} INFO - DAG(s) 'example_skip_dag' retrieved from /home/airflow/.local/lib/python3.12/site-packages/airflow/example_dags/example_skip_dag.py
[2024-07-27T22:21:18.920+0000] {logging_mixin.py:188} INFO - [2024-07-27T22:21:18.920+0000] {dag.py:3089} INFO - Sync 1 DAGs
[2024-07-27T22:21:18.938+0000] {logging_mixin.py:188} INFO - [2024-07-27T22:21:18.937+0000] {dag.py:3947} INFO - Setting next_dagrun for example_skip_dag to 2024-07-26 00:00:00+00:00, run_after=2024-07-27 00:00:00+00:00
[2024-07-27T22:21:18.959+0000] {processor.py:183} INFO - Processing /home/airflow/.local/lib/python3.12/site-packages/airflow/example_dags/example_skip_dag.py took 0.072 seconds
[2024-07-27T22:21:49.259+0000] {processor.py:161} INFO - Started process (PID=13360) to work on /home/airflow/.local/lib/python3.12/site-packages/airflow/example_dags/example_skip_dag.py
[2024-07-27T22:21:49.267+0000] {processor.py:830} INFO - Processing file /home/airflow/.local/lib/python3.12/site-packages/airflow/example_dags/example_skip_dag.py for tasks to queue
[2024-07-27T22:21:49.272+0000] {logging_mixin.py:188} INFO - [2024-07-27T22:21:49.271+0000] {dagbag.py:545} INFO - Filling up the DagBag from /home/airflow/.local/lib/python3.12/site-packages/airflow/example_dags/example_skip_dag.py
[2024-07-27T22:21:49.283+0000] {processor.py:840} INFO - DAG(s) 'example_skip_dag' retrieved from /home/airflow/.local/lib/python3.12/site-packages/airflow/example_dags/example_skip_dag.py
[2024-07-27T22:21:49.320+0000] {logging_mixin.py:188} INFO - [2024-07-27T22:21:49.319+0000] {dag.py:3089} INFO - Sync 1 DAGs
[2024-07-27T22:21:49.346+0000] {logging_mixin.py:188} INFO - [2024-07-27T22:21:49.346+0000] {dag.py:3947} INFO - Setting next_dagrun for example_skip_dag to 2024-07-26 00:00:00+00:00, run_after=2024-07-27 00:00:00+00:00
[2024-07-27T22:21:49.359+0000] {processor.py:183} INFO - Processing /home/airflow/.local/lib/python3.12/site-packages/airflow/example_dags/example_skip_dag.py took 0.128 seconds
[2024-07-27T22:22:19.639+0000] {processor.py:161} INFO - Started process (PID=13628) to work on /home/airflow/.local/lib/python3.12/site-packages/airflow/example_dags/example_skip_dag.py
[2024-07-27T22:22:19.640+0000] {processor.py:830} INFO - Processing file /home/airflow/.local/lib/python3.12/site-packages/airflow/example_dags/example_skip_dag.py for tasks to queue
[2024-07-27T22:22:19.642+0000] {logging_mixin.py:188} INFO - [2024-07-27T22:22:19.641+0000] {dagbag.py:545} INFO - Filling up the DagBag from /home/airflow/.local/lib/python3.12/site-packages/airflow/example_dags/example_skip_dag.py
[2024-07-27T22:22:19.646+0000] {processor.py:840} INFO - DAG(s) 'example_skip_dag' retrieved from /home/airflow/.local/lib/python3.12/site-packages/airflow/example_dags/example_skip_dag.py
[2024-07-27T22:22:19.661+0000] {logging_mixin.py:188} INFO - [2024-07-27T22:22:19.661+0000] {dag.py:3089} INFO - Sync 1 DAGs
[2024-07-27T22:22:19.673+0000] {logging_mixin.py:188} INFO - [2024-07-27T22:22:19.673+0000] {dag.py:3947} INFO - Setting next_dagrun for example_skip_dag to 2024-07-26 00:00:00+00:00, run_after=2024-07-27 00:00:00+00:00
[2024-07-27T22:22:19.686+0000] {processor.py:183} INFO - Processing /home/airflow/.local/lib/python3.12/site-packages/airflow/example_dags/example_skip_dag.py took 0.053 seconds
[2024-07-27T22:22:50.072+0000] {processor.py:161} INFO - Started process (PID=13895) to work on /home/airflow/.local/lib/python3.12/site-packages/airflow/example_dags/example_skip_dag.py
[2024-07-27T22:22:50.074+0000] {processor.py:830} INFO - Processing file /home/airflow/.local/lib/python3.12/site-packages/airflow/example_dags/example_skip_dag.py for tasks to queue
[2024-07-27T22:22:50.076+0000] {logging_mixin.py:188} INFO - [2024-07-27T22:22:50.076+0000] {dagbag.py:545} INFO - Filling up the DagBag from /home/airflow/.local/lib/python3.12/site-packages/airflow/example_dags/example_skip_dag.py
[2024-07-27T22:22:50.090+0000] {processor.py:840} INFO - DAG(s) 'example_skip_dag' retrieved from /home/airflow/.local/lib/python3.12/site-packages/airflow/example_dags/example_skip_dag.py
[2024-07-27T22:22:50.133+0000] {logging_mixin.py:188} INFO - [2024-07-27T22:22:50.133+0000] {dag.py:3089} INFO - Sync 1 DAGs
[2024-07-27T22:22:50.152+0000] {logging_mixin.py:188} INFO - [2024-07-27T22:22:50.152+0000] {dag.py:3947} INFO - Setting next_dagrun for example_skip_dag to 2024-07-26 00:00:00+00:00, run_after=2024-07-27 00:00:00+00:00
[2024-07-27T22:22:50.165+0000] {processor.py:183} INFO - Processing /home/airflow/.local/lib/python3.12/site-packages/airflow/example_dags/example_skip_dag.py took 0.100 seconds
[2024-07-27T22:23:20.567+0000] {processor.py:161} INFO - Started process (PID=14181) to work on /home/airflow/.local/lib/python3.12/site-packages/airflow/example_dags/example_skip_dag.py
[2024-07-27T22:23:20.569+0000] {processor.py:830} INFO - Processing file /home/airflow/.local/lib/python3.12/site-packages/airflow/example_dags/example_skip_dag.py for tasks to queue
[2024-07-27T22:23:20.572+0000] {logging_mixin.py:188} INFO - [2024-07-27T22:23:20.571+0000] {dagbag.py:545} INFO - Filling up the DagBag from /home/airflow/.local/lib/python3.12/site-packages/airflow/example_dags/example_skip_dag.py
[2024-07-27T22:23:20.580+0000] {processor.py:840} INFO - DAG(s) 'example_skip_dag' retrieved from /home/airflow/.local/lib/python3.12/site-packages/airflow/example_dags/example_skip_dag.py
[2024-07-27T22:23:20.604+0000] {logging_mixin.py:188} INFO - [2024-07-27T22:23:20.603+0000] {dag.py:3089} INFO - Sync 1 DAGs
[2024-07-27T22:23:20.631+0000] {logging_mixin.py:188} INFO - [2024-07-27T22:23:20.631+0000] {dag.py:3947} INFO - Setting next_dagrun for example_skip_dag to 2024-07-26 00:00:00+00:00, run_after=2024-07-27 00:00:00+00:00
[2024-07-27T22:23:20.655+0000] {processor.py:183} INFO - Processing /home/airflow/.local/lib/python3.12/site-packages/airflow/example_dags/example_skip_dag.py took 0.097 seconds
[2024-07-27T22:23:51.010+0000] {processor.py:161} INFO - Started process (PID=14450) to work on /home/airflow/.local/lib/python3.12/site-packages/airflow/example_dags/example_skip_dag.py
[2024-07-27T22:23:51.013+0000] {processor.py:830} INFO - Processing file /home/airflow/.local/lib/python3.12/site-packages/airflow/example_dags/example_skip_dag.py for tasks to queue
[2024-07-27T22:23:51.018+0000] {logging_mixin.py:188} INFO - [2024-07-27T22:23:51.017+0000] {dagbag.py:545} INFO - Filling up the DagBag from /home/airflow/.local/lib/python3.12/site-packages/airflow/example_dags/example_skip_dag.py
[2024-07-27T22:23:51.041+0000] {processor.py:840} INFO - DAG(s) 'example_skip_dag' retrieved from /home/airflow/.local/lib/python3.12/site-packages/airflow/example_dags/example_skip_dag.py
[2024-07-27T22:23:51.090+0000] {logging_mixin.py:188} INFO - [2024-07-27T22:23:51.090+0000] {dag.py:3089} INFO - Sync 1 DAGs
[2024-07-27T22:23:51.109+0000] {logging_mixin.py:188} INFO - [2024-07-27T22:23:51.109+0000] {dag.py:3947} INFO - Setting next_dagrun for example_skip_dag to 2024-07-26 00:00:00+00:00, run_after=2024-07-27 00:00:00+00:00
[2024-07-27T22:23:51.122+0000] {processor.py:183} INFO - Processing /home/airflow/.local/lib/python3.12/site-packages/airflow/example_dags/example_skip_dag.py took 0.119 seconds
[2024-07-27T22:24:22.167+0000] {processor.py:161} INFO - Started process (PID=14717) to work on /home/airflow/.local/lib/python3.12/site-packages/airflow/example_dags/example_skip_dag.py
[2024-07-27T22:24:22.169+0000] {processor.py:830} INFO - Processing file /home/airflow/.local/lib/python3.12/site-packages/airflow/example_dags/example_skip_dag.py for tasks to queue
[2024-07-27T22:24:22.171+0000] {logging_mixin.py:188} INFO - [2024-07-27T22:24:22.170+0000] {dagbag.py:545} INFO - Filling up the DagBag from /home/airflow/.local/lib/python3.12/site-packages/airflow/example_dags/example_skip_dag.py
[2024-07-27T22:24:22.185+0000] {processor.py:840} INFO - DAG(s) 'example_skip_dag' retrieved from /home/airflow/.local/lib/python3.12/site-packages/airflow/example_dags/example_skip_dag.py
[2024-07-27T22:24:22.213+0000] {logging_mixin.py:188} INFO - [2024-07-27T22:24:22.213+0000] {dag.py:3089} INFO - Sync 1 DAGs
[2024-07-27T22:24:22.231+0000] {logging_mixin.py:188} INFO - [2024-07-27T22:24:22.231+0000] {dag.py:3947} INFO - Setting next_dagrun for example_skip_dag to 2024-07-26 00:00:00+00:00, run_after=2024-07-27 00:00:00+00:00
[2024-07-27T22:24:22.243+0000] {processor.py:183} INFO - Processing /home/airflow/.local/lib/python3.12/site-packages/airflow/example_dags/example_skip_dag.py took 0.082 seconds
[2024-07-27T22:24:52.372+0000] {processor.py:161} INFO - Started process (PID=14984) to work on /home/airflow/.local/lib/python3.12/site-packages/airflow/example_dags/example_skip_dag.py
[2024-07-27T22:24:52.373+0000] {processor.py:830} INFO - Processing file /home/airflow/.local/lib/python3.12/site-packages/airflow/example_dags/example_skip_dag.py for tasks to queue
[2024-07-27T22:24:52.374+0000] {logging_mixin.py:188} INFO - [2024-07-27T22:24:52.374+0000] {dagbag.py:545} INFO - Filling up the DagBag from /home/airflow/.local/lib/python3.12/site-packages/airflow/example_dags/example_skip_dag.py
[2024-07-27T22:24:52.380+0000] {processor.py:840} INFO - DAG(s) 'example_skip_dag' retrieved from /home/airflow/.local/lib/python3.12/site-packages/airflow/example_dags/example_skip_dag.py
[2024-07-27T22:24:52.396+0000] {logging_mixin.py:188} INFO - [2024-07-27T22:24:52.396+0000] {dag.py:3089} INFO - Sync 1 DAGs
[2024-07-27T22:24:52.412+0000] {logging_mixin.py:188} INFO - [2024-07-27T22:24:52.411+0000] {dag.py:3947} INFO - Setting next_dagrun for example_skip_dag to 2024-07-26 00:00:00+00:00, run_after=2024-07-27 00:00:00+00:00
[2024-07-27T22:24:52.423+0000] {processor.py:183} INFO - Processing /home/airflow/.local/lib/python3.12/site-packages/airflow/example_dags/example_skip_dag.py took 0.057 seconds
[2024-07-27T22:25:22.650+0000] {processor.py:161} INFO - Started process (PID=15251) to work on /home/airflow/.local/lib/python3.12/site-packages/airflow/example_dags/example_skip_dag.py
[2024-07-27T22:25:22.653+0000] {processor.py:830} INFO - Processing file /home/airflow/.local/lib/python3.12/site-packages/airflow/example_dags/example_skip_dag.py for tasks to queue
[2024-07-27T22:25:22.656+0000] {logging_mixin.py:188} INFO - [2024-07-27T22:25:22.656+0000] {dagbag.py:545} INFO - Filling up the DagBag from /home/airflow/.local/lib/python3.12/site-packages/airflow/example_dags/example_skip_dag.py
[2024-07-27T22:25:22.666+0000] {processor.py:840} INFO - DAG(s) 'example_skip_dag' retrieved from /home/airflow/.local/lib/python3.12/site-packages/airflow/example_dags/example_skip_dag.py
[2024-07-27T22:25:22.691+0000] {logging_mixin.py:188} INFO - [2024-07-27T22:25:22.690+0000] {dag.py:3089} INFO - Sync 1 DAGs
[2024-07-27T22:25:22.732+0000] {logging_mixin.py:188} INFO - [2024-07-27T22:25:22.732+0000] {dag.py:3947} INFO - Setting next_dagrun for example_skip_dag to 2024-07-26 00:00:00+00:00, run_after=2024-07-27 00:00:00+00:00
[2024-07-27T22:25:22.748+0000] {processor.py:183} INFO - Processing /home/airflow/.local/lib/python3.12/site-packages/airflow/example_dags/example_skip_dag.py took 0.110 seconds
[2024-07-27T22:25:52.932+0000] {processor.py:161} INFO - Started process (PID=15518) to work on /home/airflow/.local/lib/python3.12/site-packages/airflow/example_dags/example_skip_dag.py
[2024-07-27T22:25:52.934+0000] {processor.py:830} INFO - Processing file /home/airflow/.local/lib/python3.12/site-packages/airflow/example_dags/example_skip_dag.py for tasks to queue
[2024-07-27T22:25:52.935+0000] {logging_mixin.py:188} INFO - [2024-07-27T22:25:52.935+0000] {dagbag.py:545} INFO - Filling up the DagBag from /home/airflow/.local/lib/python3.12/site-packages/airflow/example_dags/example_skip_dag.py
[2024-07-27T22:25:52.942+0000] {processor.py:840} INFO - DAG(s) 'example_skip_dag' retrieved from /home/airflow/.local/lib/python3.12/site-packages/airflow/example_dags/example_skip_dag.py
[2024-07-27T22:25:52.983+0000] {logging_mixin.py:188} INFO - [2024-07-27T22:25:52.983+0000] {dag.py:3089} INFO - Sync 1 DAGs
[2024-07-27T22:25:53.001+0000] {logging_mixin.py:188} INFO - [2024-07-27T22:25:53.001+0000] {dag.py:3947} INFO - Setting next_dagrun for example_skip_dag to 2024-07-26 00:00:00+00:00, run_after=2024-07-27 00:00:00+00:00
[2024-07-27T22:25:53.014+0000] {processor.py:183} INFO - Processing /home/airflow/.local/lib/python3.12/site-packages/airflow/example_dags/example_skip_dag.py took 0.087 seconds
[2024-07-27T22:26:23.505+0000] {processor.py:161} INFO - Started process (PID=15790) to work on /home/airflow/.local/lib/python3.12/site-packages/airflow/example_dags/example_skip_dag.py
[2024-07-27T22:26:23.509+0000] {processor.py:830} INFO - Processing file /home/airflow/.local/lib/python3.12/site-packages/airflow/example_dags/example_skip_dag.py for tasks to queue
[2024-07-27T22:26:23.512+0000] {logging_mixin.py:188} INFO - [2024-07-27T22:26:23.512+0000] {dagbag.py:545} INFO - Filling up the DagBag from /home/airflow/.local/lib/python3.12/site-packages/airflow/example_dags/example_skip_dag.py
[2024-07-27T22:26:23.521+0000] {processor.py:840} INFO - DAG(s) 'example_skip_dag' retrieved from /home/airflow/.local/lib/python3.12/site-packages/airflow/example_dags/example_skip_dag.py
[2024-07-27T22:26:23.576+0000] {logging_mixin.py:188} INFO - [2024-07-27T22:26:23.576+0000] {dag.py:3089} INFO - Sync 1 DAGs
[2024-07-27T22:26:23.596+0000] {logging_mixin.py:188} INFO - [2024-07-27T22:26:23.596+0000] {dag.py:3947} INFO - Setting next_dagrun for example_skip_dag to 2024-07-26 00:00:00+00:00, run_after=2024-07-27 00:00:00+00:00
[2024-07-27T22:26:23.612+0000] {processor.py:183} INFO - Processing /home/airflow/.local/lib/python3.12/site-packages/airflow/example_dags/example_skip_dag.py took 0.117 seconds
[2024-07-27T22:55:20.613+0000] {processor.py:161} INFO - Started process (PID=16045) to work on /home/airflow/.local/lib/python3.12/site-packages/airflow/example_dags/example_skip_dag.py
[2024-07-27T22:55:20.614+0000] {processor.py:830} INFO - Processing file /home/airflow/.local/lib/python3.12/site-packages/airflow/example_dags/example_skip_dag.py for tasks to queue
[2024-07-27T22:55:20.616+0000] {logging_mixin.py:188} INFO - [2024-07-27T22:55:20.615+0000] {dagbag.py:545} INFO - Filling up the DagBag from /home/airflow/.local/lib/python3.12/site-packages/airflow/example_dags/example_skip_dag.py
[2024-07-27T22:55:20.627+0000] {processor.py:840} INFO - DAG(s) 'example_skip_dag' retrieved from /home/airflow/.local/lib/python3.12/site-packages/airflow/example_dags/example_skip_dag.py
[2024-07-27T22:55:20.644+0000] {logging_mixin.py:188} INFO - [2024-07-27T22:55:20.643+0000] {dag.py:3089} INFO - Sync 1 DAGs
[2024-07-27T22:55:20.661+0000] {logging_mixin.py:188} INFO - [2024-07-27T22:55:20.660+0000] {dag.py:3947} INFO - Setting next_dagrun for example_skip_dag to 2024-07-26 00:00:00+00:00, run_after=2024-07-27 00:00:00+00:00
[2024-07-27T22:55:20.689+0000] {processor.py:183} INFO - Processing /home/airflow/.local/lib/python3.12/site-packages/airflow/example_dags/example_skip_dag.py took 0.081 seconds
[2024-07-27T22:55:50.947+0000] {processor.py:161} INFO - Started process (PID=16313) to work on /home/airflow/.local/lib/python3.12/site-packages/airflow/example_dags/example_skip_dag.py
[2024-07-27T22:55:50.948+0000] {processor.py:830} INFO - Processing file /home/airflow/.local/lib/python3.12/site-packages/airflow/example_dags/example_skip_dag.py for tasks to queue
[2024-07-27T22:55:50.951+0000] {logging_mixin.py:188} INFO - [2024-07-27T22:55:50.951+0000] {dagbag.py:545} INFO - Filling up the DagBag from /home/airflow/.local/lib/python3.12/site-packages/airflow/example_dags/example_skip_dag.py
[2024-07-27T22:55:50.964+0000] {processor.py:840} INFO - DAG(s) 'example_skip_dag' retrieved from /home/airflow/.local/lib/python3.12/site-packages/airflow/example_dags/example_skip_dag.py
[2024-07-27T22:55:51.006+0000] {logging_mixin.py:188} INFO - [2024-07-27T22:55:51.006+0000] {dag.py:3089} INFO - Sync 1 DAGs
[2024-07-27T22:55:51.044+0000] {logging_mixin.py:188} INFO - [2024-07-27T22:55:51.044+0000] {dag.py:3947} INFO - Setting next_dagrun for example_skip_dag to 2024-07-26 00:00:00+00:00, run_after=2024-07-27 00:00:00+00:00
[2024-07-27T22:55:51.055+0000] {processor.py:183} INFO - Processing /home/airflow/.local/lib/python3.12/site-packages/airflow/example_dags/example_skip_dag.py took 0.114 seconds
