[2024-07-27T20:14:07.933+0000] {processor.py:161} INFO - Started process (PID=275) to work on /home/airflow/.local/lib/python3.12/site-packages/airflow/example_dags/example_latest_only.py
[2024-07-27T20:14:07.934+0000] {processor.py:830} INFO - Processing file /home/airflow/.local/lib/python3.12/site-packages/airflow/example_dags/example_latest_only.py for tasks to queue
[2024-07-27T20:14:07.936+0000] {logging_mixin.py:188} INFO - [2024-07-27T20:14:07.936+0000] {dagbag.py:545} INFO - Filling up the DagBag from /home/airflow/.local/lib/python3.12/site-packages/airflow/example_dags/example_latest_only.py
[2024-07-27T20:14:07.940+0000] {processor.py:840} INFO - DAG(s) 'latest_only' retrieved from /home/airflow/.local/lib/python3.12/site-packages/airflow/example_dags/example_latest_only.py
[2024-07-27T20:14:07.949+0000] {logging_mixin.py:188} INFO - [2024-07-27T20:14:07.949+0000] {dag.py:3089} INFO - Sync 1 DAGs
[2024-07-27T20:14:07.964+0000] {logging_mixin.py:188} INFO - [2024-07-27T20:14:07.964+0000] {dag.py:3947} INFO - Setting next_dagrun for latest_only to 2024-07-27 16:00:00+00:00, run_after=2024-07-27 20:00:00+00:00
[2024-07-27T20:14:07.975+0000] {processor.py:183} INFO - Processing /home/airflow/.local/lib/python3.12/site-packages/airflow/example_dags/example_latest_only.py took 0.045 seconds
[2024-07-27T20:14:38.480+0000] {processor.py:161} INFO - Started process (PID=536) to work on /home/airflow/.local/lib/python3.12/site-packages/airflow/example_dags/example_latest_only.py
[2024-07-27T20:14:38.481+0000] {processor.py:830} INFO - Processing file /home/airflow/.local/lib/python3.12/site-packages/airflow/example_dags/example_latest_only.py for tasks to queue
[2024-07-27T20:14:38.483+0000] {logging_mixin.py:188} INFO - [2024-07-27T20:14:38.482+0000] {dagbag.py:545} INFO - Filling up the DagBag from /home/airflow/.local/lib/python3.12/site-packages/airflow/example_dags/example_latest_only.py
[2024-07-27T20:14:38.486+0000] {processor.py:840} INFO - DAG(s) 'latest_only' retrieved from /home/airflow/.local/lib/python3.12/site-packages/airflow/example_dags/example_latest_only.py
[2024-07-27T20:14:38.544+0000] {logging_mixin.py:188} INFO - [2024-07-27T20:14:38.544+0000] {dag.py:3089} INFO - Sync 1 DAGs
[2024-07-27T20:14:38.555+0000] {logging_mixin.py:188} INFO - [2024-07-27T20:14:38.555+0000] {dag.py:3947} INFO - Setting next_dagrun for latest_only to 2024-07-27 16:00:00+00:00, run_after=2024-07-27 20:00:00+00:00
[2024-07-27T20:14:38.564+0000] {processor.py:183} INFO - Processing /home/airflow/.local/lib/python3.12/site-packages/airflow/example_dags/example_latest_only.py took 0.090 seconds
[2024-07-27T20:15:08.632+0000] {processor.py:161} INFO - Started process (PID=798) to work on /home/airflow/.local/lib/python3.12/site-packages/airflow/example_dags/example_latest_only.py
[2024-07-27T20:15:08.633+0000] {processor.py:830} INFO - Processing file /home/airflow/.local/lib/python3.12/site-packages/airflow/example_dags/example_latest_only.py for tasks to queue
[2024-07-27T20:15:08.635+0000] {logging_mixin.py:188} INFO - [2024-07-27T20:15:08.634+0000] {dagbag.py:545} INFO - Filling up the DagBag from /home/airflow/.local/lib/python3.12/site-packages/airflow/example_dags/example_latest_only.py
[2024-07-27T20:15:08.638+0000] {processor.py:840} INFO - DAG(s) 'latest_only' retrieved from /home/airflow/.local/lib/python3.12/site-packages/airflow/example_dags/example_latest_only.py
[2024-07-27T20:15:08.661+0000] {logging_mixin.py:188} INFO - [2024-07-27T20:15:08.661+0000] {dag.py:3089} INFO - Sync 1 DAGs
[2024-07-27T20:15:08.675+0000] {logging_mixin.py:188} INFO - [2024-07-27T20:15:08.675+0000] {dag.py:3947} INFO - Setting next_dagrun for latest_only to 2024-07-27 16:00:00+00:00, run_after=2024-07-27 20:00:00+00:00
[2024-07-27T20:15:08.688+0000] {processor.py:183} INFO - Processing /home/airflow/.local/lib/python3.12/site-packages/airflow/example_dags/example_latest_only.py took 0.060 seconds
[2024-07-27T20:15:39.231+0000] {processor.py:161} INFO - Started process (PID=1059) to work on /home/airflow/.local/lib/python3.12/site-packages/airflow/example_dags/example_latest_only.py
[2024-07-27T20:15:39.232+0000] {processor.py:830} INFO - Processing file /home/airflow/.local/lib/python3.12/site-packages/airflow/example_dags/example_latest_only.py for tasks to queue
[2024-07-27T20:15:39.233+0000] {logging_mixin.py:188} INFO - [2024-07-27T20:15:39.233+0000] {dagbag.py:545} INFO - Filling up the DagBag from /home/airflow/.local/lib/python3.12/site-packages/airflow/example_dags/example_latest_only.py
[2024-07-27T20:15:39.235+0000] {processor.py:840} INFO - DAG(s) 'latest_only' retrieved from /home/airflow/.local/lib/python3.12/site-packages/airflow/example_dags/example_latest_only.py
[2024-07-27T20:15:39.247+0000] {logging_mixin.py:188} INFO - [2024-07-27T20:15:39.247+0000] {dag.py:3089} INFO - Sync 1 DAGs
[2024-07-27T20:15:39.259+0000] {logging_mixin.py:188} INFO - [2024-07-27T20:15:39.259+0000] {dag.py:3947} INFO - Setting next_dagrun for latest_only to 2024-07-27 16:00:00+00:00, run_after=2024-07-27 20:00:00+00:00
[2024-07-27T20:15:39.271+0000] {processor.py:183} INFO - Processing /home/airflow/.local/lib/python3.12/site-packages/airflow/example_dags/example_latest_only.py took 0.044 seconds
[2024-07-27T20:16:09.362+0000] {processor.py:161} INFO - Started process (PID=1321) to work on /home/airflow/.local/lib/python3.12/site-packages/airflow/example_dags/example_latest_only.py
[2024-07-27T20:16:09.363+0000] {processor.py:830} INFO - Processing file /home/airflow/.local/lib/python3.12/site-packages/airflow/example_dags/example_latest_only.py for tasks to queue
[2024-07-27T20:16:09.364+0000] {logging_mixin.py:188} INFO - [2024-07-27T20:16:09.364+0000] {dagbag.py:545} INFO - Filling up the DagBag from /home/airflow/.local/lib/python3.12/site-packages/airflow/example_dags/example_latest_only.py
[2024-07-27T20:16:09.366+0000] {processor.py:840} INFO - DAG(s) 'latest_only' retrieved from /home/airflow/.local/lib/python3.12/site-packages/airflow/example_dags/example_latest_only.py
[2024-07-27T20:16:09.377+0000] {logging_mixin.py:188} INFO - [2024-07-27T20:16:09.377+0000] {dag.py:3089} INFO - Sync 1 DAGs
[2024-07-27T20:16:09.388+0000] {logging_mixin.py:188} INFO - [2024-07-27T20:16:09.388+0000] {dag.py:3947} INFO - Setting next_dagrun for latest_only to 2024-07-27 16:00:00+00:00, run_after=2024-07-27 20:00:00+00:00
[2024-07-27T20:16:09.397+0000] {processor.py:183} INFO - Processing /home/airflow/.local/lib/python3.12/site-packages/airflow/example_dags/example_latest_only.py took 0.039 seconds
[2024-07-27T20:16:39.631+0000] {processor.py:161} INFO - Started process (PID=1583) to work on /home/airflow/.local/lib/python3.12/site-packages/airflow/example_dags/example_latest_only.py
[2024-07-27T20:16:39.632+0000] {processor.py:830} INFO - Processing file /home/airflow/.local/lib/python3.12/site-packages/airflow/example_dags/example_latest_only.py for tasks to queue
[2024-07-27T20:16:39.633+0000] {logging_mixin.py:188} INFO - [2024-07-27T20:16:39.632+0000] {dagbag.py:545} INFO - Filling up the DagBag from /home/airflow/.local/lib/python3.12/site-packages/airflow/example_dags/example_latest_only.py
[2024-07-27T20:16:39.635+0000] {processor.py:840} INFO - DAG(s) 'latest_only' retrieved from /home/airflow/.local/lib/python3.12/site-packages/airflow/example_dags/example_latest_only.py
[2024-07-27T20:16:39.645+0000] {logging_mixin.py:188} INFO - [2024-07-27T20:16:39.645+0000] {dag.py:3089} INFO - Sync 1 DAGs
[2024-07-27T20:16:39.656+0000] {logging_mixin.py:188} INFO - [2024-07-27T20:16:39.656+0000] {dag.py:3947} INFO - Setting next_dagrun for latest_only to 2024-07-27 16:00:00+00:00, run_after=2024-07-27 20:00:00+00:00
[2024-07-27T20:16:39.664+0000] {processor.py:183} INFO - Processing /home/airflow/.local/lib/python3.12/site-packages/airflow/example_dags/example_latest_only.py took 0.037 seconds
[2024-07-27T20:17:10.001+0000] {processor.py:161} INFO - Started process (PID=1845) to work on /home/airflow/.local/lib/python3.12/site-packages/airflow/example_dags/example_latest_only.py
[2024-07-27T20:17:10.002+0000] {processor.py:830} INFO - Processing file /home/airflow/.local/lib/python3.12/site-packages/airflow/example_dags/example_latest_only.py for tasks to queue
[2024-07-27T20:17:10.003+0000] {logging_mixin.py:188} INFO - [2024-07-27T20:17:10.003+0000] {dagbag.py:545} INFO - Filling up the DagBag from /home/airflow/.local/lib/python3.12/site-packages/airflow/example_dags/example_latest_only.py
[2024-07-27T20:17:10.006+0000] {processor.py:840} INFO - DAG(s) 'latest_only' retrieved from /home/airflow/.local/lib/python3.12/site-packages/airflow/example_dags/example_latest_only.py
[2024-07-27T20:17:10.016+0000] {logging_mixin.py:188} INFO - [2024-07-27T20:17:10.016+0000] {dag.py:3089} INFO - Sync 1 DAGs
[2024-07-27T20:17:10.027+0000] {logging_mixin.py:188} INFO - [2024-07-27T20:17:10.027+0000] {dag.py:3947} INFO - Setting next_dagrun for latest_only to 2024-07-27 16:00:00+00:00, run_after=2024-07-27 20:00:00+00:00
[2024-07-27T20:17:10.036+0000] {processor.py:183} INFO - Processing /home/airflow/.local/lib/python3.12/site-packages/airflow/example_dags/example_latest_only.py took 0.038 seconds
[2024-07-27T21:59:59.339+0000] {processor.py:161} INFO - Started process (PID=2101) to work on /home/airflow/.local/lib/python3.12/site-packages/airflow/example_dags/example_latest_only.py
[2024-07-27T21:59:59.340+0000] {processor.py:830} INFO - Processing file /home/airflow/.local/lib/python3.12/site-packages/airflow/example_dags/example_latest_only.py for tasks to queue
[2024-07-27T21:59:59.341+0000] {logging_mixin.py:188} INFO - [2024-07-27T21:59:59.341+0000] {dagbag.py:545} INFO - Filling up the DagBag from /home/airflow/.local/lib/python3.12/site-packages/airflow/example_dags/example_latest_only.py
[2024-07-27T21:59:59.345+0000] {processor.py:840} INFO - DAG(s) 'latest_only' retrieved from /home/airflow/.local/lib/python3.12/site-packages/airflow/example_dags/example_latest_only.py
[2024-07-27T21:59:59.358+0000] {logging_mixin.py:188} INFO - [2024-07-27T21:59:59.358+0000] {dag.py:3089} INFO - Sync 1 DAGs
[2024-07-27T21:59:59.371+0000] {logging_mixin.py:188} INFO - [2024-07-27T21:59:59.370+0000] {dag.py:3947} INFO - Setting next_dagrun for latest_only to 2024-07-27 16:00:00+00:00, run_after=2024-07-27 20:00:00+00:00
[2024-07-27T21:59:59.380+0000] {processor.py:183} INFO - Processing /home/airflow/.local/lib/python3.12/site-packages/airflow/example_dags/example_latest_only.py took 0.045 seconds
[2024-07-27T22:00:29.667+0000] {processor.py:161} INFO - Started process (PID=2364) to work on /home/airflow/.local/lib/python3.12/site-packages/airflow/example_dags/example_latest_only.py
[2024-07-27T22:00:29.668+0000] {processor.py:830} INFO - Processing file /home/airflow/.local/lib/python3.12/site-packages/airflow/example_dags/example_latest_only.py for tasks to queue
[2024-07-27T22:00:29.669+0000] {logging_mixin.py:188} INFO - [2024-07-27T22:00:29.669+0000] {dagbag.py:545} INFO - Filling up the DagBag from /home/airflow/.local/lib/python3.12/site-packages/airflow/example_dags/example_latest_only.py
[2024-07-27T22:00:29.672+0000] {processor.py:840} INFO - DAG(s) 'latest_only' retrieved from /home/airflow/.local/lib/python3.12/site-packages/airflow/example_dags/example_latest_only.py
[2024-07-27T22:00:29.683+0000] {logging_mixin.py:188} INFO - [2024-07-27T22:00:29.683+0000] {dag.py:3089} INFO - Sync 1 DAGs
[2024-07-27T22:00:29.695+0000] {logging_mixin.py:188} INFO - [2024-07-27T22:00:29.695+0000] {dag.py:3947} INFO - Setting next_dagrun for latest_only to 2024-07-27 16:00:00+00:00, run_after=2024-07-27 20:00:00+00:00
[2024-07-27T22:00:29.704+0000] {processor.py:183} INFO - Processing /home/airflow/.local/lib/python3.12/site-packages/airflow/example_dags/example_latest_only.py took 0.040 seconds
[2024-07-27T22:01:00.517+0000] {processor.py:161} INFO - Started process (PID=2624) to work on /home/airflow/.local/lib/python3.12/site-packages/airflow/example_dags/example_latest_only.py
[2024-07-27T22:01:00.518+0000] {processor.py:830} INFO - Processing file /home/airflow/.local/lib/python3.12/site-packages/airflow/example_dags/example_latest_only.py for tasks to queue
[2024-07-27T22:01:00.519+0000] {logging_mixin.py:188} INFO - [2024-07-27T22:01:00.519+0000] {dagbag.py:545} INFO - Filling up the DagBag from /home/airflow/.local/lib/python3.12/site-packages/airflow/example_dags/example_latest_only.py
[2024-07-27T22:01:00.522+0000] {processor.py:840} INFO - DAG(s) 'latest_only' retrieved from /home/airflow/.local/lib/python3.12/site-packages/airflow/example_dags/example_latest_only.py
[2024-07-27T22:01:00.532+0000] {logging_mixin.py:188} INFO - [2024-07-27T22:01:00.532+0000] {dag.py:3089} INFO - Sync 1 DAGs
[2024-07-27T22:01:00.543+0000] {logging_mixin.py:188} INFO - [2024-07-27T22:01:00.543+0000] {dag.py:3947} INFO - Setting next_dagrun for latest_only to 2024-07-27 16:00:00+00:00, run_after=2024-07-27 20:00:00+00:00
[2024-07-27T22:01:00.552+0000] {processor.py:183} INFO - Processing /home/airflow/.local/lib/python3.12/site-packages/airflow/example_dags/example_latest_only.py took 0.038 seconds
[2024-07-27T22:01:30.848+0000] {processor.py:161} INFO - Started process (PID=2886) to work on /home/airflow/.local/lib/python3.12/site-packages/airflow/example_dags/example_latest_only.py
[2024-07-27T22:01:30.849+0000] {processor.py:830} INFO - Processing file /home/airflow/.local/lib/python3.12/site-packages/airflow/example_dags/example_latest_only.py for tasks to queue
[2024-07-27T22:01:30.850+0000] {logging_mixin.py:188} INFO - [2024-07-27T22:01:30.850+0000] {dagbag.py:545} INFO - Filling up the DagBag from /home/airflow/.local/lib/python3.12/site-packages/airflow/example_dags/example_latest_only.py
[2024-07-27T22:01:30.852+0000] {processor.py:840} INFO - DAG(s) 'latest_only' retrieved from /home/airflow/.local/lib/python3.12/site-packages/airflow/example_dags/example_latest_only.py
[2024-07-27T22:01:30.863+0000] {logging_mixin.py:188} INFO - [2024-07-27T22:01:30.862+0000] {dag.py:3089} INFO - Sync 1 DAGs
[2024-07-27T22:01:30.873+0000] {logging_mixin.py:188} INFO - [2024-07-27T22:01:30.873+0000] {dag.py:3947} INFO - Setting next_dagrun for latest_only to 2024-07-27 16:00:00+00:00, run_after=2024-07-27 20:00:00+00:00
[2024-07-27T22:01:30.882+0000] {processor.py:183} INFO - Processing /home/airflow/.local/lib/python3.12/site-packages/airflow/example_dags/example_latest_only.py took 0.037 seconds
[2024-07-27T22:02:01.389+0000] {processor.py:161} INFO - Started process (PID=3152) to work on /home/airflow/.local/lib/python3.12/site-packages/airflow/example_dags/example_latest_only.py
[2024-07-27T22:02:01.390+0000] {processor.py:830} INFO - Processing file /home/airflow/.local/lib/python3.12/site-packages/airflow/example_dags/example_latest_only.py for tasks to queue
[2024-07-27T22:02:01.393+0000] {logging_mixin.py:188} INFO - [2024-07-27T22:02:01.392+0000] {dagbag.py:545} INFO - Filling up the DagBag from /home/airflow/.local/lib/python3.12/site-packages/airflow/example_dags/example_latest_only.py
[2024-07-27T22:02:01.397+0000] {processor.py:840} INFO - DAG(s) 'latest_only' retrieved from /home/airflow/.local/lib/python3.12/site-packages/airflow/example_dags/example_latest_only.py
[2024-07-27T22:02:01.410+0000] {logging_mixin.py:188} INFO - [2024-07-27T22:02:01.410+0000] {dag.py:3089} INFO - Sync 1 DAGs
[2024-07-27T22:02:01.423+0000] {logging_mixin.py:188} INFO - [2024-07-27T22:02:01.423+0000] {dag.py:3947} INFO - Setting next_dagrun for latest_only to 2024-07-27 16:00:00+00:00, run_after=2024-07-27 20:00:00+00:00
[2024-07-27T22:02:01.432+0000] {processor.py:183} INFO - Processing /home/airflow/.local/lib/python3.12/site-packages/airflow/example_dags/example_latest_only.py took 0.048 seconds
[2024-07-27T22:02:31.828+0000] {processor.py:161} INFO - Started process (PID=3413) to work on /home/airflow/.local/lib/python3.12/site-packages/airflow/example_dags/example_latest_only.py
[2024-07-27T22:02:31.829+0000] {processor.py:830} INFO - Processing file /home/airflow/.local/lib/python3.12/site-packages/airflow/example_dags/example_latest_only.py for tasks to queue
[2024-07-27T22:02:31.831+0000] {logging_mixin.py:188} INFO - [2024-07-27T22:02:31.831+0000] {dagbag.py:545} INFO - Filling up the DagBag from /home/airflow/.local/lib/python3.12/site-packages/airflow/example_dags/example_latest_only.py
[2024-07-27T22:02:31.836+0000] {processor.py:840} INFO - DAG(s) 'latest_only' retrieved from /home/airflow/.local/lib/python3.12/site-packages/airflow/example_dags/example_latest_only.py
[2024-07-27T22:02:31.856+0000] {logging_mixin.py:188} INFO - [2024-07-27T22:02:31.856+0000] {dag.py:3089} INFO - Sync 1 DAGs
[2024-07-27T22:02:31.873+0000] {logging_mixin.py:188} INFO - [2024-07-27T22:02:31.873+0000] {dag.py:3947} INFO - Setting next_dagrun for latest_only to 2024-07-27 16:00:00+00:00, run_after=2024-07-27 20:00:00+00:00
[2024-07-27T22:02:31.895+0000] {processor.py:183} INFO - Processing /home/airflow/.local/lib/python3.12/site-packages/airflow/example_dags/example_latest_only.py took 0.073 seconds
[2024-07-27T22:03:02.425+0000] {processor.py:161} INFO - Started process (PID=3676) to work on /home/airflow/.local/lib/python3.12/site-packages/airflow/example_dags/example_latest_only.py
[2024-07-27T22:03:02.427+0000] {processor.py:830} INFO - Processing file /home/airflow/.local/lib/python3.12/site-packages/airflow/example_dags/example_latest_only.py for tasks to queue
[2024-07-27T22:03:02.428+0000] {logging_mixin.py:188} INFO - [2024-07-27T22:03:02.428+0000] {dagbag.py:545} INFO - Filling up the DagBag from /home/airflow/.local/lib/python3.12/site-packages/airflow/example_dags/example_latest_only.py
[2024-07-27T22:03:02.431+0000] {processor.py:840} INFO - DAG(s) 'latest_only' retrieved from /home/airflow/.local/lib/python3.12/site-packages/airflow/example_dags/example_latest_only.py
[2024-07-27T22:03:02.443+0000] {logging_mixin.py:188} INFO - [2024-07-27T22:03:02.443+0000] {dag.py:3089} INFO - Sync 1 DAGs
[2024-07-27T22:03:02.456+0000] {logging_mixin.py:188} INFO - [2024-07-27T22:03:02.456+0000] {dag.py:3947} INFO - Setting next_dagrun for latest_only to 2024-07-27 16:00:00+00:00, run_after=2024-07-27 20:00:00+00:00
[2024-07-27T22:03:02.467+0000] {processor.py:183} INFO - Processing /home/airflow/.local/lib/python3.12/site-packages/airflow/example_dags/example_latest_only.py took 0.046 seconds
[2024-07-27T22:03:33.284+0000] {processor.py:161} INFO - Started process (PID=3938) to work on /home/airflow/.local/lib/python3.12/site-packages/airflow/example_dags/example_latest_only.py
[2024-07-27T22:03:33.285+0000] {processor.py:830} INFO - Processing file /home/airflow/.local/lib/python3.12/site-packages/airflow/example_dags/example_latest_only.py for tasks to queue
[2024-07-27T22:03:33.287+0000] {logging_mixin.py:188} INFO - [2024-07-27T22:03:33.287+0000] {dagbag.py:545} INFO - Filling up the DagBag from /home/airflow/.local/lib/python3.12/site-packages/airflow/example_dags/example_latest_only.py
[2024-07-27T22:03:33.291+0000] {processor.py:840} INFO - DAG(s) 'latest_only' retrieved from /home/airflow/.local/lib/python3.12/site-packages/airflow/example_dags/example_latest_only.py
[2024-07-27T22:03:33.306+0000] {logging_mixin.py:188} INFO - [2024-07-27T22:03:33.306+0000] {dag.py:3089} INFO - Sync 1 DAGs
[2024-07-27T22:03:33.320+0000] {logging_mixin.py:188} INFO - [2024-07-27T22:03:33.319+0000] {dag.py:3947} INFO - Setting next_dagrun for latest_only to 2024-07-27 16:00:00+00:00, run_after=2024-07-27 20:00:00+00:00
[2024-07-27T22:03:33.331+0000] {processor.py:183} INFO - Processing /home/airflow/.local/lib/python3.12/site-packages/airflow/example_dags/example_latest_only.py took 0.052 seconds
[2024-07-27T22:04:03.454+0000] {processor.py:161} INFO - Started process (PID=4200) to work on /home/airflow/.local/lib/python3.12/site-packages/airflow/example_dags/example_latest_only.py
[2024-07-27T22:04:03.454+0000] {processor.py:830} INFO - Processing file /home/airflow/.local/lib/python3.12/site-packages/airflow/example_dags/example_latest_only.py for tasks to queue
[2024-07-27T22:04:03.456+0000] {logging_mixin.py:188} INFO - [2024-07-27T22:04:03.455+0000] {dagbag.py:545} INFO - Filling up the DagBag from /home/airflow/.local/lib/python3.12/site-packages/airflow/example_dags/example_latest_only.py
[2024-07-27T22:04:03.459+0000] {processor.py:840} INFO - DAG(s) 'latest_only' retrieved from /home/airflow/.local/lib/python3.12/site-packages/airflow/example_dags/example_latest_only.py
[2024-07-27T22:04:03.472+0000] {logging_mixin.py:188} INFO - [2024-07-27T22:04:03.472+0000] {dag.py:3089} INFO - Sync 1 DAGs
[2024-07-27T22:04:03.491+0000] {logging_mixin.py:188} INFO - [2024-07-27T22:04:03.491+0000] {dag.py:3947} INFO - Setting next_dagrun for latest_only to 2024-07-27 16:00:00+00:00, run_after=2024-07-27 20:00:00+00:00
[2024-07-27T22:04:03.505+0000] {processor.py:183} INFO - Processing /home/airflow/.local/lib/python3.12/site-packages/airflow/example_dags/example_latest_only.py took 0.055 seconds
[2024-07-27T22:04:33.816+0000] {processor.py:161} INFO - Started process (PID=4462) to work on /home/airflow/.local/lib/python3.12/site-packages/airflow/example_dags/example_latest_only.py
[2024-07-27T22:04:33.817+0000] {processor.py:830} INFO - Processing file /home/airflow/.local/lib/python3.12/site-packages/airflow/example_dags/example_latest_only.py for tasks to queue
[2024-07-27T22:04:33.819+0000] {logging_mixin.py:188} INFO - [2024-07-27T22:04:33.818+0000] {dagbag.py:545} INFO - Filling up the DagBag from /home/airflow/.local/lib/python3.12/site-packages/airflow/example_dags/example_latest_only.py
[2024-07-27T22:04:33.821+0000] {processor.py:840} INFO - DAG(s) 'latest_only' retrieved from /home/airflow/.local/lib/python3.12/site-packages/airflow/example_dags/example_latest_only.py
[2024-07-27T22:04:33.832+0000] {logging_mixin.py:188} INFO - [2024-07-27T22:04:33.832+0000] {dag.py:3089} INFO - Sync 1 DAGs
[2024-07-27T22:04:33.842+0000] {logging_mixin.py:188} INFO - [2024-07-27T22:04:33.842+0000] {dag.py:3947} INFO - Setting next_dagrun for latest_only to 2024-07-27 16:00:00+00:00, run_after=2024-07-27 20:00:00+00:00
[2024-07-27T22:04:33.851+0000] {processor.py:183} INFO - Processing /home/airflow/.local/lib/python3.12/site-packages/airflow/example_dags/example_latest_only.py took 0.038 seconds
[2024-07-27T22:05:04.353+0000] {processor.py:161} INFO - Started process (PID=4723) to work on /home/airflow/.local/lib/python3.12/site-packages/airflow/example_dags/example_latest_only.py
[2024-07-27T22:05:04.354+0000] {processor.py:830} INFO - Processing file /home/airflow/.local/lib/python3.12/site-packages/airflow/example_dags/example_latest_only.py for tasks to queue
[2024-07-27T22:05:04.355+0000] {logging_mixin.py:188} INFO - [2024-07-27T22:05:04.355+0000] {dagbag.py:545} INFO - Filling up the DagBag from /home/airflow/.local/lib/python3.12/site-packages/airflow/example_dags/example_latest_only.py
[2024-07-27T22:05:04.358+0000] {processor.py:840} INFO - DAG(s) 'latest_only' retrieved from /home/airflow/.local/lib/python3.12/site-packages/airflow/example_dags/example_latest_only.py
[2024-07-27T22:05:04.369+0000] {logging_mixin.py:188} INFO - [2024-07-27T22:05:04.369+0000] {dag.py:3089} INFO - Sync 1 DAGs
[2024-07-27T22:05:04.382+0000] {logging_mixin.py:188} INFO - [2024-07-27T22:05:04.382+0000] {dag.py:3947} INFO - Setting next_dagrun for latest_only to 2024-07-27 16:00:00+00:00, run_after=2024-07-27 20:00:00+00:00
[2024-07-27T22:05:04.392+0000] {processor.py:183} INFO - Processing /home/airflow/.local/lib/python3.12/site-packages/airflow/example_dags/example_latest_only.py took 0.043 seconds
[2024-07-27T22:05:35.407+0000] {processor.py:161} INFO - Started process (PID=4985) to work on /home/airflow/.local/lib/python3.12/site-packages/airflow/example_dags/example_latest_only.py
[2024-07-27T22:05:35.408+0000] {processor.py:830} INFO - Processing file /home/airflow/.local/lib/python3.12/site-packages/airflow/example_dags/example_latest_only.py for tasks to queue
[2024-07-27T22:05:35.409+0000] {logging_mixin.py:188} INFO - [2024-07-27T22:05:35.409+0000] {dagbag.py:545} INFO - Filling up the DagBag from /home/airflow/.local/lib/python3.12/site-packages/airflow/example_dags/example_latest_only.py
[2024-07-27T22:05:35.412+0000] {processor.py:840} INFO - DAG(s) 'latest_only' retrieved from /home/airflow/.local/lib/python3.12/site-packages/airflow/example_dags/example_latest_only.py
[2024-07-27T22:05:35.422+0000] {logging_mixin.py:188} INFO - [2024-07-27T22:05:35.422+0000] {dag.py:3089} INFO - Sync 1 DAGs
[2024-07-27T22:05:35.433+0000] {logging_mixin.py:188} INFO - [2024-07-27T22:05:35.433+0000] {dag.py:3947} INFO - Setting next_dagrun for latest_only to 2024-07-27 16:00:00+00:00, run_after=2024-07-27 20:00:00+00:00
[2024-07-27T22:05:35.443+0000] {processor.py:183} INFO - Processing /home/airflow/.local/lib/python3.12/site-packages/airflow/example_dags/example_latest_only.py took 0.039 seconds
[2024-07-27T22:06:05.567+0000] {processor.py:161} INFO - Started process (PID=5246) to work on /home/airflow/.local/lib/python3.12/site-packages/airflow/example_dags/example_latest_only.py
[2024-07-27T22:06:05.568+0000] {processor.py:830} INFO - Processing file /home/airflow/.local/lib/python3.12/site-packages/airflow/example_dags/example_latest_only.py for tasks to queue
[2024-07-27T22:06:05.569+0000] {logging_mixin.py:188} INFO - [2024-07-27T22:06:05.569+0000] {dagbag.py:545} INFO - Filling up the DagBag from /home/airflow/.local/lib/python3.12/site-packages/airflow/example_dags/example_latest_only.py
[2024-07-27T22:06:05.572+0000] {processor.py:840} INFO - DAG(s) 'latest_only' retrieved from /home/airflow/.local/lib/python3.12/site-packages/airflow/example_dags/example_latest_only.py
[2024-07-27T22:06:05.584+0000] {logging_mixin.py:188} INFO - [2024-07-27T22:06:05.583+0000] {dag.py:3089} INFO - Sync 1 DAGs
[2024-07-27T22:06:05.594+0000] {logging_mixin.py:188} INFO - [2024-07-27T22:06:05.594+0000] {dag.py:3947} INFO - Setting next_dagrun for latest_only to 2024-07-27 16:00:00+00:00, run_after=2024-07-27 20:00:00+00:00
[2024-07-27T22:06:05.603+0000] {processor.py:183} INFO - Processing /home/airflow/.local/lib/python3.12/site-packages/airflow/example_dags/example_latest_only.py took 0.039 seconds
[2024-07-27T22:06:35.947+0000] {processor.py:161} INFO - Started process (PID=5508) to work on /home/airflow/.local/lib/python3.12/site-packages/airflow/example_dags/example_latest_only.py
[2024-07-27T22:06:35.948+0000] {processor.py:830} INFO - Processing file /home/airflow/.local/lib/python3.12/site-packages/airflow/example_dags/example_latest_only.py for tasks to queue
[2024-07-27T22:06:35.949+0000] {logging_mixin.py:188} INFO - [2024-07-27T22:06:35.949+0000] {dagbag.py:545} INFO - Filling up the DagBag from /home/airflow/.local/lib/python3.12/site-packages/airflow/example_dags/example_latest_only.py
[2024-07-27T22:06:35.952+0000] {processor.py:840} INFO - DAG(s) 'latest_only' retrieved from /home/airflow/.local/lib/python3.12/site-packages/airflow/example_dags/example_latest_only.py
[2024-07-27T22:06:35.963+0000] {logging_mixin.py:188} INFO - [2024-07-27T22:06:35.963+0000] {dag.py:3089} INFO - Sync 1 DAGs
[2024-07-27T22:06:35.975+0000] {logging_mixin.py:188} INFO - [2024-07-27T22:06:35.975+0000] {dag.py:3947} INFO - Setting next_dagrun for latest_only to 2024-07-27 16:00:00+00:00, run_after=2024-07-27 20:00:00+00:00
[2024-07-27T22:06:35.985+0000] {processor.py:183} INFO - Processing /home/airflow/.local/lib/python3.12/site-packages/airflow/example_dags/example_latest_only.py took 0.041 seconds
[2024-07-27T22:07:06.398+0000] {processor.py:161} INFO - Started process (PID=5770) to work on /home/airflow/.local/lib/python3.12/site-packages/airflow/example_dags/example_latest_only.py
[2024-07-27T22:07:06.399+0000] {processor.py:830} INFO - Processing file /home/airflow/.local/lib/python3.12/site-packages/airflow/example_dags/example_latest_only.py for tasks to queue
[2024-07-27T22:07:06.400+0000] {logging_mixin.py:188} INFO - [2024-07-27T22:07:06.399+0000] {dagbag.py:545} INFO - Filling up the DagBag from /home/airflow/.local/lib/python3.12/site-packages/airflow/example_dags/example_latest_only.py
[2024-07-27T22:07:06.402+0000] {processor.py:840} INFO - DAG(s) 'latest_only' retrieved from /home/airflow/.local/lib/python3.12/site-packages/airflow/example_dags/example_latest_only.py
[2024-07-27T22:07:06.413+0000] {logging_mixin.py:188} INFO - [2024-07-27T22:07:06.413+0000] {dag.py:3089} INFO - Sync 1 DAGs
[2024-07-27T22:07:06.425+0000] {logging_mixin.py:188} INFO - [2024-07-27T22:07:06.424+0000] {dag.py:3947} INFO - Setting next_dagrun for latest_only to 2024-07-27 16:00:00+00:00, run_after=2024-07-27 20:00:00+00:00
[2024-07-27T22:07:06.435+0000] {processor.py:183} INFO - Processing /home/airflow/.local/lib/python3.12/site-packages/airflow/example_dags/example_latest_only.py took 0.041 seconds
[2024-07-27T22:07:36.548+0000] {processor.py:161} INFO - Started process (PID=6032) to work on /home/airflow/.local/lib/python3.12/site-packages/airflow/example_dags/example_latest_only.py
[2024-07-27T22:07:36.549+0000] {processor.py:830} INFO - Processing file /home/airflow/.local/lib/python3.12/site-packages/airflow/example_dags/example_latest_only.py for tasks to queue
[2024-07-27T22:07:36.550+0000] {logging_mixin.py:188} INFO - [2024-07-27T22:07:36.550+0000] {dagbag.py:545} INFO - Filling up the DagBag from /home/airflow/.local/lib/python3.12/site-packages/airflow/example_dags/example_latest_only.py
[2024-07-27T22:07:36.553+0000] {processor.py:840} INFO - DAG(s) 'latest_only' retrieved from /home/airflow/.local/lib/python3.12/site-packages/airflow/example_dags/example_latest_only.py
[2024-07-27T22:07:36.564+0000] {logging_mixin.py:188} INFO - [2024-07-27T22:07:36.564+0000] {dag.py:3089} INFO - Sync 1 DAGs
[2024-07-27T22:07:36.575+0000] {logging_mixin.py:188} INFO - [2024-07-27T22:07:36.575+0000] {dag.py:3947} INFO - Setting next_dagrun for latest_only to 2024-07-27 16:00:00+00:00, run_after=2024-07-27 20:00:00+00:00
[2024-07-27T22:07:36.584+0000] {processor.py:183} INFO - Processing /home/airflow/.local/lib/python3.12/site-packages/airflow/example_dags/example_latest_only.py took 0.039 seconds
[2024-07-27T22:08:07.628+0000] {processor.py:161} INFO - Started process (PID=6294) to work on /home/airflow/.local/lib/python3.12/site-packages/airflow/example_dags/example_latest_only.py
[2024-07-27T22:08:07.629+0000] {processor.py:830} INFO - Processing file /home/airflow/.local/lib/python3.12/site-packages/airflow/example_dags/example_latest_only.py for tasks to queue
[2024-07-27T22:08:07.630+0000] {logging_mixin.py:188} INFO - [2024-07-27T22:08:07.630+0000] {dagbag.py:545} INFO - Filling up the DagBag from /home/airflow/.local/lib/python3.12/site-packages/airflow/example_dags/example_latest_only.py
[2024-07-27T22:08:07.633+0000] {processor.py:840} INFO - DAG(s) 'latest_only' retrieved from /home/airflow/.local/lib/python3.12/site-packages/airflow/example_dags/example_latest_only.py
[2024-07-27T22:08:07.645+0000] {logging_mixin.py:188} INFO - [2024-07-27T22:08:07.645+0000] {dag.py:3089} INFO - Sync 1 DAGs
[2024-07-27T22:08:07.657+0000] {logging_mixin.py:188} INFO - [2024-07-27T22:08:07.657+0000] {dag.py:3947} INFO - Setting next_dagrun for latest_only to 2024-07-27 16:00:00+00:00, run_after=2024-07-27 20:00:00+00:00
[2024-07-27T22:08:07.667+0000] {processor.py:183} INFO - Processing /home/airflow/.local/lib/python3.12/site-packages/airflow/example_dags/example_latest_only.py took 0.043 seconds
[2024-07-27T22:08:37.911+0000] {processor.py:161} INFO - Started process (PID=6556) to work on /home/airflow/.local/lib/python3.12/site-packages/airflow/example_dags/example_latest_only.py
[2024-07-27T22:08:37.912+0000] {processor.py:830} INFO - Processing file /home/airflow/.local/lib/python3.12/site-packages/airflow/example_dags/example_latest_only.py for tasks to queue
[2024-07-27T22:08:37.914+0000] {logging_mixin.py:188} INFO - [2024-07-27T22:08:37.913+0000] {dagbag.py:545} INFO - Filling up the DagBag from /home/airflow/.local/lib/python3.12/site-packages/airflow/example_dags/example_latest_only.py
[2024-07-27T22:08:37.917+0000] {processor.py:840} INFO - DAG(s) 'latest_only' retrieved from /home/airflow/.local/lib/python3.12/site-packages/airflow/example_dags/example_latest_only.py
[2024-07-27T22:08:37.929+0000] {logging_mixin.py:188} INFO - [2024-07-27T22:08:37.929+0000] {dag.py:3089} INFO - Sync 1 DAGs
[2024-07-27T22:08:37.943+0000] {logging_mixin.py:188} INFO - [2024-07-27T22:08:37.943+0000] {dag.py:3947} INFO - Setting next_dagrun for latest_only to 2024-07-27 16:00:00+00:00, run_after=2024-07-27 20:00:00+00:00
[2024-07-27T22:08:37.952+0000] {processor.py:183} INFO - Processing /home/airflow/.local/lib/python3.12/site-packages/airflow/example_dags/example_latest_only.py took 0.044 seconds
[2024-07-27T22:09:08.850+0000] {processor.py:161} INFO - Started process (PID=6818) to work on /home/airflow/.local/lib/python3.12/site-packages/airflow/example_dags/example_latest_only.py
[2024-07-27T22:09:08.850+0000] {processor.py:830} INFO - Processing file /home/airflow/.local/lib/python3.12/site-packages/airflow/example_dags/example_latest_only.py for tasks to queue
[2024-07-27T22:09:08.852+0000] {logging_mixin.py:188} INFO - [2024-07-27T22:09:08.852+0000] {dagbag.py:545} INFO - Filling up the DagBag from /home/airflow/.local/lib/python3.12/site-packages/airflow/example_dags/example_latest_only.py
[2024-07-27T22:09:08.856+0000] {processor.py:840} INFO - DAG(s) 'latest_only' retrieved from /home/airflow/.local/lib/python3.12/site-packages/airflow/example_dags/example_latest_only.py
[2024-07-27T22:09:08.868+0000] {logging_mixin.py:188} INFO - [2024-07-27T22:09:08.868+0000] {dag.py:3089} INFO - Sync 1 DAGs
[2024-07-27T22:09:08.880+0000] {logging_mixin.py:188} INFO - [2024-07-27T22:09:08.880+0000] {dag.py:3947} INFO - Setting next_dagrun for latest_only to 2024-07-27 16:00:00+00:00, run_after=2024-07-27 20:00:00+00:00
[2024-07-27T22:09:08.889+0000] {processor.py:183} INFO - Processing /home/airflow/.local/lib/python3.12/site-packages/airflow/example_dags/example_latest_only.py took 0.043 seconds
[2024-07-27T22:09:39.122+0000] {processor.py:161} INFO - Started process (PID=7080) to work on /home/airflow/.local/lib/python3.12/site-packages/airflow/example_dags/example_latest_only.py
[2024-07-27T22:09:39.123+0000] {processor.py:830} INFO - Processing file /home/airflow/.local/lib/python3.12/site-packages/airflow/example_dags/example_latest_only.py for tasks to queue
[2024-07-27T22:09:39.124+0000] {logging_mixin.py:188} INFO - [2024-07-27T22:09:39.124+0000] {dagbag.py:545} INFO - Filling up the DagBag from /home/airflow/.local/lib/python3.12/site-packages/airflow/example_dags/example_latest_only.py
[2024-07-27T22:09:39.127+0000] {processor.py:840} INFO - DAG(s) 'latest_only' retrieved from /home/airflow/.local/lib/python3.12/site-packages/airflow/example_dags/example_latest_only.py
[2024-07-27T22:09:39.140+0000] {logging_mixin.py:188} INFO - [2024-07-27T22:09:39.140+0000] {dag.py:3089} INFO - Sync 1 DAGs
[2024-07-27T22:09:39.150+0000] {logging_mixin.py:188} INFO - [2024-07-27T22:09:39.150+0000] {dag.py:3947} INFO - Setting next_dagrun for latest_only to 2024-07-27 16:00:00+00:00, run_after=2024-07-27 20:00:00+00:00
[2024-07-27T22:09:39.160+0000] {processor.py:183} INFO - Processing /home/airflow/.local/lib/python3.12/site-packages/airflow/example_dags/example_latest_only.py took 0.041 seconds
[2024-07-27T22:10:09.334+0000] {processor.py:161} INFO - Started process (PID=7342) to work on /home/airflow/.local/lib/python3.12/site-packages/airflow/example_dags/example_latest_only.py
[2024-07-27T22:10:09.335+0000] {processor.py:830} INFO - Processing file /home/airflow/.local/lib/python3.12/site-packages/airflow/example_dags/example_latest_only.py for tasks to queue
[2024-07-27T22:10:09.336+0000] {logging_mixin.py:188} INFO - [2024-07-27T22:10:09.336+0000] {dagbag.py:545} INFO - Filling up the DagBag from /home/airflow/.local/lib/python3.12/site-packages/airflow/example_dags/example_latest_only.py
[2024-07-27T22:10:09.339+0000] {processor.py:840} INFO - DAG(s) 'latest_only' retrieved from /home/airflow/.local/lib/python3.12/site-packages/airflow/example_dags/example_latest_only.py
[2024-07-27T22:10:09.350+0000] {logging_mixin.py:188} INFO - [2024-07-27T22:10:09.349+0000] {dag.py:3089} INFO - Sync 1 DAGs
[2024-07-27T22:10:09.364+0000] {logging_mixin.py:188} INFO - [2024-07-27T22:10:09.364+0000] {dag.py:3947} INFO - Setting next_dagrun for latest_only to 2024-07-27 16:00:00+00:00, run_after=2024-07-27 20:00:00+00:00
[2024-07-27T22:10:09.382+0000] {processor.py:183} INFO - Processing /home/airflow/.local/lib/python3.12/site-packages/airflow/example_dags/example_latest_only.py took 0.052 seconds
[2024-07-27T22:10:39.474+0000] {processor.py:161} INFO - Started process (PID=7599) to work on /home/airflow/.local/lib/python3.12/site-packages/airflow/example_dags/example_latest_only.py
[2024-07-27T22:10:39.475+0000] {processor.py:830} INFO - Processing file /home/airflow/.local/lib/python3.12/site-packages/airflow/example_dags/example_latest_only.py for tasks to queue
[2024-07-27T22:10:39.476+0000] {logging_mixin.py:188} INFO - [2024-07-27T22:10:39.476+0000] {dagbag.py:545} INFO - Filling up the DagBag from /home/airflow/.local/lib/python3.12/site-packages/airflow/example_dags/example_latest_only.py
[2024-07-27T22:10:39.479+0000] {processor.py:840} INFO - DAG(s) 'latest_only' retrieved from /home/airflow/.local/lib/python3.12/site-packages/airflow/example_dags/example_latest_only.py
[2024-07-27T22:10:39.490+0000] {logging_mixin.py:188} INFO - [2024-07-27T22:10:39.490+0000] {dag.py:3089} INFO - Sync 1 DAGs
[2024-07-27T22:10:39.501+0000] {logging_mixin.py:188} INFO - [2024-07-27T22:10:39.501+0000] {dag.py:3947} INFO - Setting next_dagrun for latest_only to 2024-07-27 16:00:00+00:00, run_after=2024-07-27 20:00:00+00:00
[2024-07-27T22:10:39.509+0000] {processor.py:183} INFO - Processing /home/airflow/.local/lib/python3.12/site-packages/airflow/example_dags/example_latest_only.py took 0.038 seconds
[2024-07-27T22:11:09.697+0000] {processor.py:161} INFO - Started process (PID=7863) to work on /home/airflow/.local/lib/python3.12/site-packages/airflow/example_dags/example_latest_only.py
[2024-07-27T22:11:09.697+0000] {processor.py:830} INFO - Processing file /home/airflow/.local/lib/python3.12/site-packages/airflow/example_dags/example_latest_only.py for tasks to queue
[2024-07-27T22:11:09.699+0000] {logging_mixin.py:188} INFO - [2024-07-27T22:11:09.698+0000] {dagbag.py:545} INFO - Filling up the DagBag from /home/airflow/.local/lib/python3.12/site-packages/airflow/example_dags/example_latest_only.py
[2024-07-27T22:11:09.701+0000] {processor.py:840} INFO - DAG(s) 'latest_only' retrieved from /home/airflow/.local/lib/python3.12/site-packages/airflow/example_dags/example_latest_only.py
[2024-07-27T22:11:09.712+0000] {logging_mixin.py:188} INFO - [2024-07-27T22:11:09.712+0000] {dag.py:3089} INFO - Sync 1 DAGs
[2024-07-27T22:11:09.721+0000] {logging_mixin.py:188} INFO - [2024-07-27T22:11:09.721+0000] {dag.py:3947} INFO - Setting next_dagrun for latest_only to 2024-07-27 16:00:00+00:00, run_after=2024-07-27 20:00:00+00:00
[2024-07-27T22:11:09.730+0000] {processor.py:183} INFO - Processing /home/airflow/.local/lib/python3.12/site-packages/airflow/example_dags/example_latest_only.py took 0.036 seconds
[2024-07-27T22:11:39.927+0000] {processor.py:161} INFO - Started process (PID=8123) to work on /home/airflow/.local/lib/python3.12/site-packages/airflow/example_dags/example_latest_only.py
[2024-07-27T22:11:39.928+0000] {processor.py:830} INFO - Processing file /home/airflow/.local/lib/python3.12/site-packages/airflow/example_dags/example_latest_only.py for tasks to queue
[2024-07-27T22:11:39.930+0000] {logging_mixin.py:188} INFO - [2024-07-27T22:11:39.930+0000] {dagbag.py:545} INFO - Filling up the DagBag from /home/airflow/.local/lib/python3.12/site-packages/airflow/example_dags/example_latest_only.py
[2024-07-27T22:11:39.932+0000] {processor.py:840} INFO - DAG(s) 'latest_only' retrieved from /home/airflow/.local/lib/python3.12/site-packages/airflow/example_dags/example_latest_only.py
[2024-07-27T22:11:39.944+0000] {logging_mixin.py:188} INFO - [2024-07-27T22:11:39.943+0000] {dag.py:3089} INFO - Sync 1 DAGs
[2024-07-27T22:11:39.954+0000] {logging_mixin.py:188} INFO - [2024-07-27T22:11:39.954+0000] {dag.py:3947} INFO - Setting next_dagrun for latest_only to 2024-07-27 16:00:00+00:00, run_after=2024-07-27 20:00:00+00:00
[2024-07-27T22:11:39.963+0000] {processor.py:183} INFO - Processing /home/airflow/.local/lib/python3.12/site-packages/airflow/example_dags/example_latest_only.py took 0.039 seconds
[2024-07-27T22:12:10.385+0000] {processor.py:161} INFO - Started process (PID=8388) to work on /home/airflow/.local/lib/python3.12/site-packages/airflow/example_dags/example_latest_only.py
[2024-07-27T22:12:10.385+0000] {processor.py:830} INFO - Processing file /home/airflow/.local/lib/python3.12/site-packages/airflow/example_dags/example_latest_only.py for tasks to queue
[2024-07-27T22:12:10.387+0000] {logging_mixin.py:188} INFO - [2024-07-27T22:12:10.386+0000] {dagbag.py:545} INFO - Filling up the DagBag from /home/airflow/.local/lib/python3.12/site-packages/airflow/example_dags/example_latest_only.py
[2024-07-27T22:12:10.389+0000] {processor.py:840} INFO - DAG(s) 'latest_only' retrieved from /home/airflow/.local/lib/python3.12/site-packages/airflow/example_dags/example_latest_only.py
[2024-07-27T22:12:10.400+0000] {logging_mixin.py:188} INFO - [2024-07-27T22:12:10.400+0000] {dag.py:3089} INFO - Sync 1 DAGs
[2024-07-27T22:12:10.411+0000] {logging_mixin.py:188} INFO - [2024-07-27T22:12:10.411+0000] {dag.py:3947} INFO - Setting next_dagrun for latest_only to 2024-07-27 16:00:00+00:00, run_after=2024-07-27 20:00:00+00:00
[2024-07-27T22:12:10.420+0000] {processor.py:183} INFO - Processing /home/airflow/.local/lib/python3.12/site-packages/airflow/example_dags/example_latest_only.py took 0.039 seconds
[2024-07-27T22:12:40.812+0000] {processor.py:161} INFO - Started process (PID=8648) to work on /home/airflow/.local/lib/python3.12/site-packages/airflow/example_dags/example_latest_only.py
[2024-07-27T22:12:40.813+0000] {processor.py:830} INFO - Processing file /home/airflow/.local/lib/python3.12/site-packages/airflow/example_dags/example_latest_only.py for tasks to queue
[2024-07-27T22:12:40.814+0000] {logging_mixin.py:188} INFO - [2024-07-27T22:12:40.814+0000] {dagbag.py:545} INFO - Filling up the DagBag from /home/airflow/.local/lib/python3.12/site-packages/airflow/example_dags/example_latest_only.py
[2024-07-27T22:12:40.817+0000] {processor.py:840} INFO - DAG(s) 'latest_only' retrieved from /home/airflow/.local/lib/python3.12/site-packages/airflow/example_dags/example_latest_only.py
[2024-07-27T22:12:40.827+0000] {logging_mixin.py:188} INFO - [2024-07-27T22:12:40.827+0000] {dag.py:3089} INFO - Sync 1 DAGs
[2024-07-27T22:12:40.838+0000] {logging_mixin.py:188} INFO - [2024-07-27T22:12:40.838+0000] {dag.py:3947} INFO - Setting next_dagrun for latest_only to 2024-07-27 16:00:00+00:00, run_after=2024-07-27 20:00:00+00:00
[2024-07-27T22:12:40.847+0000] {processor.py:183} INFO - Processing /home/airflow/.local/lib/python3.12/site-packages/airflow/example_dags/example_latest_only.py took 0.038 seconds
[2024-07-27T22:13:11.048+0000] {processor.py:161} INFO - Started process (PID=8912) to work on /home/airflow/.local/lib/python3.12/site-packages/airflow/example_dags/example_latest_only.py
[2024-07-27T22:13:11.048+0000] {processor.py:830} INFO - Processing file /home/airflow/.local/lib/python3.12/site-packages/airflow/example_dags/example_latest_only.py for tasks to queue
[2024-07-27T22:13:11.049+0000] {logging_mixin.py:188} INFO - [2024-07-27T22:13:11.049+0000] {dagbag.py:545} INFO - Filling up the DagBag from /home/airflow/.local/lib/python3.12/site-packages/airflow/example_dags/example_latest_only.py
[2024-07-27T22:13:11.052+0000] {processor.py:840} INFO - DAG(s) 'latest_only' retrieved from /home/airflow/.local/lib/python3.12/site-packages/airflow/example_dags/example_latest_only.py
[2024-07-27T22:13:11.062+0000] {logging_mixin.py:188} INFO - [2024-07-27T22:13:11.061+0000] {dag.py:3089} INFO - Sync 1 DAGs
[2024-07-27T22:13:11.073+0000] {logging_mixin.py:188} INFO - [2024-07-27T22:13:11.073+0000] {dag.py:3947} INFO - Setting next_dagrun for latest_only to 2024-07-27 16:00:00+00:00, run_after=2024-07-27 20:00:00+00:00
[2024-07-27T22:13:11.081+0000] {processor.py:183} INFO - Processing /home/airflow/.local/lib/python3.12/site-packages/airflow/example_dags/example_latest_only.py took 0.036 seconds
[2024-07-27T22:13:41.280+0000] {processor.py:161} INFO - Started process (PID=9172) to work on /home/airflow/.local/lib/python3.12/site-packages/airflow/example_dags/example_latest_only.py
[2024-07-27T22:13:41.280+0000] {processor.py:830} INFO - Processing file /home/airflow/.local/lib/python3.12/site-packages/airflow/example_dags/example_latest_only.py for tasks to queue
[2024-07-27T22:13:41.282+0000] {logging_mixin.py:188} INFO - [2024-07-27T22:13:41.281+0000] {dagbag.py:545} INFO - Filling up the DagBag from /home/airflow/.local/lib/python3.12/site-packages/airflow/example_dags/example_latest_only.py
[2024-07-27T22:13:41.284+0000] {processor.py:840} INFO - DAG(s) 'latest_only' retrieved from /home/airflow/.local/lib/python3.12/site-packages/airflow/example_dags/example_latest_only.py
[2024-07-27T22:13:41.295+0000] {logging_mixin.py:188} INFO - [2024-07-27T22:13:41.295+0000] {dag.py:3089} INFO - Sync 1 DAGs
[2024-07-27T22:13:41.306+0000] {logging_mixin.py:188} INFO - [2024-07-27T22:13:41.306+0000] {dag.py:3947} INFO - Setting next_dagrun for latest_only to 2024-07-27 16:00:00+00:00, run_after=2024-07-27 20:00:00+00:00
[2024-07-27T22:13:41.315+0000] {processor.py:183} INFO - Processing /home/airflow/.local/lib/python3.12/site-packages/airflow/example_dags/example_latest_only.py took 0.039 seconds
[2024-07-27T22:14:11.727+0000] {processor.py:161} INFO - Started process (PID=9439) to work on /home/airflow/.local/lib/python3.12/site-packages/airflow/example_dags/example_latest_only.py
[2024-07-27T22:14:11.727+0000] {processor.py:830} INFO - Processing file /home/airflow/.local/lib/python3.12/site-packages/airflow/example_dags/example_latest_only.py for tasks to queue
[2024-07-27T22:14:11.728+0000] {logging_mixin.py:188} INFO - [2024-07-27T22:14:11.728+0000] {dagbag.py:545} INFO - Filling up the DagBag from /home/airflow/.local/lib/python3.12/site-packages/airflow/example_dags/example_latest_only.py
[2024-07-27T22:14:11.731+0000] {processor.py:840} INFO - DAG(s) 'latest_only' retrieved from /home/airflow/.local/lib/python3.12/site-packages/airflow/example_dags/example_latest_only.py
[2024-07-27T22:14:11.747+0000] {logging_mixin.py:188} INFO - [2024-07-27T22:14:11.747+0000] {dag.py:3089} INFO - Sync 1 DAGs
[2024-07-27T22:14:11.759+0000] {logging_mixin.py:188} INFO - [2024-07-27T22:14:11.759+0000] {dag.py:3947} INFO - Setting next_dagrun for latest_only to 2024-07-27 16:00:00+00:00, run_after=2024-07-27 20:00:00+00:00
[2024-07-27T22:14:11.770+0000] {processor.py:183} INFO - Processing /home/airflow/.local/lib/python3.12/site-packages/airflow/example_dags/example_latest_only.py took 0.048 seconds
[2024-07-27T22:14:42.118+0000] {processor.py:161} INFO - Started process (PID=9701) to work on /home/airflow/.local/lib/python3.12/site-packages/airflow/example_dags/example_latest_only.py
[2024-07-27T22:14:42.119+0000] {processor.py:830} INFO - Processing file /home/airflow/.local/lib/python3.12/site-packages/airflow/example_dags/example_latest_only.py for tasks to queue
[2024-07-27T22:14:42.120+0000] {logging_mixin.py:188} INFO - [2024-07-27T22:14:42.120+0000] {dagbag.py:545} INFO - Filling up the DagBag from /home/airflow/.local/lib/python3.12/site-packages/airflow/example_dags/example_latest_only.py
[2024-07-27T22:14:42.123+0000] {processor.py:840} INFO - DAG(s) 'latest_only' retrieved from /home/airflow/.local/lib/python3.12/site-packages/airflow/example_dags/example_latest_only.py
[2024-07-27T22:14:42.135+0000] {logging_mixin.py:188} INFO - [2024-07-27T22:14:42.135+0000] {dag.py:3089} INFO - Sync 1 DAGs
[2024-07-27T22:14:42.147+0000] {logging_mixin.py:188} INFO - [2024-07-27T22:14:42.146+0000] {dag.py:3947} INFO - Setting next_dagrun for latest_only to 2024-07-27 16:00:00+00:00, run_after=2024-07-27 20:00:00+00:00
[2024-07-27T22:14:42.160+0000] {processor.py:183} INFO - Processing /home/airflow/.local/lib/python3.12/site-packages/airflow/example_dags/example_latest_only.py took 0.045 seconds
[2024-07-27T22:15:12.464+0000] {processor.py:161} INFO - Started process (PID=9964) to work on /home/airflow/.local/lib/python3.12/site-packages/airflow/example_dags/example_latest_only.py
[2024-07-27T22:15:12.465+0000] {processor.py:830} INFO - Processing file /home/airflow/.local/lib/python3.12/site-packages/airflow/example_dags/example_latest_only.py for tasks to queue
[2024-07-27T22:15:12.466+0000] {logging_mixin.py:188} INFO - [2024-07-27T22:15:12.466+0000] {dagbag.py:545} INFO - Filling up the DagBag from /home/airflow/.local/lib/python3.12/site-packages/airflow/example_dags/example_latest_only.py
[2024-07-27T22:15:12.469+0000] {processor.py:840} INFO - DAG(s) 'latest_only' retrieved from /home/airflow/.local/lib/python3.12/site-packages/airflow/example_dags/example_latest_only.py
[2024-07-27T22:15:12.480+0000] {logging_mixin.py:188} INFO - [2024-07-27T22:15:12.480+0000] {dag.py:3089} INFO - Sync 1 DAGs
[2024-07-27T22:15:12.491+0000] {logging_mixin.py:188} INFO - [2024-07-27T22:15:12.491+0000] {dag.py:3947} INFO - Setting next_dagrun for latest_only to 2024-07-27 16:00:00+00:00, run_after=2024-07-27 20:00:00+00:00
[2024-07-27T22:15:12.501+0000] {processor.py:183} INFO - Processing /home/airflow/.local/lib/python3.12/site-packages/airflow/example_dags/example_latest_only.py took 0.041 seconds
[2024-07-27T22:15:42.600+0000] {processor.py:161} INFO - Started process (PID=10226) to work on /home/airflow/.local/lib/python3.12/site-packages/airflow/example_dags/example_latest_only.py
[2024-07-27T22:15:42.601+0000] {processor.py:830} INFO - Processing file /home/airflow/.local/lib/python3.12/site-packages/airflow/example_dags/example_latest_only.py for tasks to queue
[2024-07-27T22:15:42.602+0000] {logging_mixin.py:188} INFO - [2024-07-27T22:15:42.602+0000] {dagbag.py:545} INFO - Filling up the DagBag from /home/airflow/.local/lib/python3.12/site-packages/airflow/example_dags/example_latest_only.py
[2024-07-27T22:15:42.605+0000] {processor.py:840} INFO - DAG(s) 'latest_only' retrieved from /home/airflow/.local/lib/python3.12/site-packages/airflow/example_dags/example_latest_only.py
[2024-07-27T22:15:42.617+0000] {logging_mixin.py:188} INFO - [2024-07-27T22:15:42.617+0000] {dag.py:3089} INFO - Sync 1 DAGs
[2024-07-27T22:15:42.629+0000] {logging_mixin.py:188} INFO - [2024-07-27T22:15:42.629+0000] {dag.py:3947} INFO - Setting next_dagrun for latest_only to 2024-07-27 16:00:00+00:00, run_after=2024-07-27 20:00:00+00:00
[2024-07-27T22:15:42.638+0000] {processor.py:183} INFO - Processing /home/airflow/.local/lib/python3.12/site-packages/airflow/example_dags/example_latest_only.py took 0.042 seconds
[2024-07-27T22:16:14.295+0000] {processor.py:161} INFO - Started process (PID=10491) to work on /home/airflow/.local/lib/python3.12/site-packages/airflow/example_dags/example_latest_only.py
[2024-07-27T22:16:14.296+0000] {processor.py:830} INFO - Processing file /home/airflow/.local/lib/python3.12/site-packages/airflow/example_dags/example_latest_only.py for tasks to queue
[2024-07-27T22:16:14.297+0000] {logging_mixin.py:188} INFO - [2024-07-27T22:16:14.297+0000] {dagbag.py:545} INFO - Filling up the DagBag from /home/airflow/.local/lib/python3.12/site-packages/airflow/example_dags/example_latest_only.py
[2024-07-27T22:16:14.300+0000] {processor.py:840} INFO - DAG(s) 'latest_only' retrieved from /home/airflow/.local/lib/python3.12/site-packages/airflow/example_dags/example_latest_only.py
[2024-07-27T22:16:14.314+0000] {logging_mixin.py:188} INFO - [2024-07-27T22:16:14.314+0000] {dag.py:3089} INFO - Sync 1 DAGs
[2024-07-27T22:16:14.475+0000] {logging_mixin.py:188} INFO - [2024-07-27T22:16:14.475+0000] {dag.py:3947} INFO - Setting next_dagrun for latest_only to 2024-07-27 16:00:00+00:00, run_after=2024-07-27 20:00:00+00:00
[2024-07-27T22:16:14.488+0000] {processor.py:183} INFO - Processing /home/airflow/.local/lib/python3.12/site-packages/airflow/example_dags/example_latest_only.py took 0.196 seconds
[2024-07-27T22:16:45.510+0000] {processor.py:161} INFO - Started process (PID=10753) to work on /home/airflow/.local/lib/python3.12/site-packages/airflow/example_dags/example_latest_only.py
[2024-07-27T22:16:45.514+0000] {processor.py:830} INFO - Processing file /home/airflow/.local/lib/python3.12/site-packages/airflow/example_dags/example_latest_only.py for tasks to queue
[2024-07-27T22:16:45.517+0000] {logging_mixin.py:188} INFO - [2024-07-27T22:16:45.516+0000] {dagbag.py:545} INFO - Filling up the DagBag from /home/airflow/.local/lib/python3.12/site-packages/airflow/example_dags/example_latest_only.py
[2024-07-27T22:16:45.532+0000] {processor.py:840} INFO - DAG(s) 'latest_only' retrieved from /home/airflow/.local/lib/python3.12/site-packages/airflow/example_dags/example_latest_only.py
[2024-07-27T22:16:45.552+0000] {logging_mixin.py:188} INFO - [2024-07-27T22:16:45.552+0000] {dag.py:3089} INFO - Sync 1 DAGs
[2024-07-27T22:16:45.568+0000] {logging_mixin.py:188} INFO - [2024-07-27T22:16:45.567+0000] {dag.py:3947} INFO - Setting next_dagrun for latest_only to 2024-07-27 16:00:00+00:00, run_after=2024-07-27 20:00:00+00:00
[2024-07-27T22:16:45.580+0000] {processor.py:183} INFO - Processing /home/airflow/.local/lib/python3.12/site-packages/airflow/example_dags/example_latest_only.py took 0.077 seconds
[2024-07-27T22:17:16.036+0000] {processor.py:161} INFO - Started process (PID=11015) to work on /home/airflow/.local/lib/python3.12/site-packages/airflow/example_dags/example_latest_only.py
[2024-07-27T22:17:16.039+0000] {processor.py:830} INFO - Processing file /home/airflow/.local/lib/python3.12/site-packages/airflow/example_dags/example_latest_only.py for tasks to queue
[2024-07-27T22:17:16.042+0000] {logging_mixin.py:188} INFO - [2024-07-27T22:17:16.041+0000] {dagbag.py:545} INFO - Filling up the DagBag from /home/airflow/.local/lib/python3.12/site-packages/airflow/example_dags/example_latest_only.py
[2024-07-27T22:17:16.048+0000] {processor.py:840} INFO - DAG(s) 'latest_only' retrieved from /home/airflow/.local/lib/python3.12/site-packages/airflow/example_dags/example_latest_only.py
[2024-07-27T22:17:16.068+0000] {logging_mixin.py:188} INFO - [2024-07-27T22:17:16.068+0000] {dag.py:3089} INFO - Sync 1 DAGs
[2024-07-27T22:17:16.082+0000] {logging_mixin.py:188} INFO - [2024-07-27T22:17:16.082+0000] {dag.py:3947} INFO - Setting next_dagrun for latest_only to 2024-07-27 16:00:00+00:00, run_after=2024-07-27 20:00:00+00:00
[2024-07-27T22:17:16.091+0000] {processor.py:183} INFO - Processing /home/airflow/.local/lib/python3.12/site-packages/airflow/example_dags/example_latest_only.py took 0.064 seconds
[2024-07-27T22:17:46.346+0000] {processor.py:161} INFO - Started process (PID=11277) to work on /home/airflow/.local/lib/python3.12/site-packages/airflow/example_dags/example_latest_only.py
[2024-07-27T22:17:46.347+0000] {processor.py:830} INFO - Processing file /home/airflow/.local/lib/python3.12/site-packages/airflow/example_dags/example_latest_only.py for tasks to queue
[2024-07-27T22:17:46.349+0000] {logging_mixin.py:188} INFO - [2024-07-27T22:17:46.349+0000] {dagbag.py:545} INFO - Filling up the DagBag from /home/airflow/.local/lib/python3.12/site-packages/airflow/example_dags/example_latest_only.py
[2024-07-27T22:17:46.353+0000] {processor.py:840} INFO - DAG(s) 'latest_only' retrieved from /home/airflow/.local/lib/python3.12/site-packages/airflow/example_dags/example_latest_only.py
[2024-07-27T22:17:46.369+0000] {logging_mixin.py:188} INFO - [2024-07-27T22:17:46.368+0000] {dag.py:3089} INFO - Sync 1 DAGs
[2024-07-27T22:17:46.381+0000] {logging_mixin.py:188} INFO - [2024-07-27T22:17:46.381+0000] {dag.py:3947} INFO - Setting next_dagrun for latest_only to 2024-07-27 16:00:00+00:00, run_after=2024-07-27 20:00:00+00:00
[2024-07-27T22:17:46.392+0000] {processor.py:183} INFO - Processing /home/airflow/.local/lib/python3.12/site-packages/airflow/example_dags/example_latest_only.py took 0.049 seconds
[2024-07-27T22:18:16.997+0000] {processor.py:161} INFO - Started process (PID=11537) to work on /home/airflow/.local/lib/python3.12/site-packages/airflow/example_dags/example_latest_only.py
[2024-07-27T22:18:16.998+0000] {processor.py:830} INFO - Processing file /home/airflow/.local/lib/python3.12/site-packages/airflow/example_dags/example_latest_only.py for tasks to queue
[2024-07-27T22:18:16.999+0000] {logging_mixin.py:188} INFO - [2024-07-27T22:18:16.999+0000] {dagbag.py:545} INFO - Filling up the DagBag from /home/airflow/.local/lib/python3.12/site-packages/airflow/example_dags/example_latest_only.py
[2024-07-27T22:18:17.002+0000] {processor.py:840} INFO - DAG(s) 'latest_only' retrieved from /home/airflow/.local/lib/python3.12/site-packages/airflow/example_dags/example_latest_only.py
[2024-07-27T22:18:17.014+0000] {logging_mixin.py:188} INFO - [2024-07-27T22:18:17.014+0000] {dag.py:3089} INFO - Sync 1 DAGs
[2024-07-27T22:18:17.025+0000] {logging_mixin.py:188} INFO - [2024-07-27T22:18:17.025+0000] {dag.py:3947} INFO - Setting next_dagrun for latest_only to 2024-07-27 16:00:00+00:00, run_after=2024-07-27 20:00:00+00:00
[2024-07-27T22:18:17.034+0000] {processor.py:183} INFO - Processing /home/airflow/.local/lib/python3.12/site-packages/airflow/example_dags/example_latest_only.py took 0.041 seconds
[2024-07-27T22:18:47.149+0000] {processor.py:161} INFO - Started process (PID=11799) to work on /home/airflow/.local/lib/python3.12/site-packages/airflow/example_dags/example_latest_only.py
[2024-07-27T22:18:47.149+0000] {processor.py:830} INFO - Processing file /home/airflow/.local/lib/python3.12/site-packages/airflow/example_dags/example_latest_only.py for tasks to queue
[2024-07-27T22:18:47.151+0000] {logging_mixin.py:188} INFO - [2024-07-27T22:18:47.150+0000] {dagbag.py:545} INFO - Filling up the DagBag from /home/airflow/.local/lib/python3.12/site-packages/airflow/example_dags/example_latest_only.py
[2024-07-27T22:18:47.153+0000] {processor.py:840} INFO - DAG(s) 'latest_only' retrieved from /home/airflow/.local/lib/python3.12/site-packages/airflow/example_dags/example_latest_only.py
[2024-07-27T22:18:47.165+0000] {logging_mixin.py:188} INFO - [2024-07-27T22:18:47.165+0000] {dag.py:3089} INFO - Sync 1 DAGs
[2024-07-27T22:18:47.177+0000] {logging_mixin.py:188} INFO - [2024-07-27T22:18:47.177+0000] {dag.py:3947} INFO - Setting next_dagrun for latest_only to 2024-07-27 16:00:00+00:00, run_after=2024-07-27 20:00:00+00:00
[2024-07-27T22:18:47.185+0000] {processor.py:183} INFO - Processing /home/airflow/.local/lib/python3.12/site-packages/airflow/example_dags/example_latest_only.py took 0.040 seconds
[2024-07-27T22:19:17.542+0000] {processor.py:161} INFO - Started process (PID=12061) to work on /home/airflow/.local/lib/python3.12/site-packages/airflow/example_dags/example_latest_only.py
[2024-07-27T22:19:17.543+0000] {processor.py:830} INFO - Processing file /home/airflow/.local/lib/python3.12/site-packages/airflow/example_dags/example_latest_only.py for tasks to queue
[2024-07-27T22:19:17.544+0000] {logging_mixin.py:188} INFO - [2024-07-27T22:19:17.544+0000] {dagbag.py:545} INFO - Filling up the DagBag from /home/airflow/.local/lib/python3.12/site-packages/airflow/example_dags/example_latest_only.py
[2024-07-27T22:19:17.547+0000] {processor.py:840} INFO - DAG(s) 'latest_only' retrieved from /home/airflow/.local/lib/python3.12/site-packages/airflow/example_dags/example_latest_only.py
[2024-07-27T22:19:17.560+0000] {logging_mixin.py:188} INFO - [2024-07-27T22:19:17.559+0000] {dag.py:3089} INFO - Sync 1 DAGs
[2024-07-27T22:19:17.571+0000] {logging_mixin.py:188} INFO - [2024-07-27T22:19:17.571+0000] {dag.py:3947} INFO - Setting next_dagrun for latest_only to 2024-07-27 16:00:00+00:00, run_after=2024-07-27 20:00:00+00:00
[2024-07-27T22:19:17.580+0000] {processor.py:183} INFO - Processing /home/airflow/.local/lib/python3.12/site-packages/airflow/example_dags/example_latest_only.py took 0.042 seconds
[2024-07-27T22:19:47.758+0000] {processor.py:161} INFO - Started process (PID=12323) to work on /home/airflow/.local/lib/python3.12/site-packages/airflow/example_dags/example_latest_only.py
[2024-07-27T22:19:47.759+0000] {processor.py:830} INFO - Processing file /home/airflow/.local/lib/python3.12/site-packages/airflow/example_dags/example_latest_only.py for tasks to queue
[2024-07-27T22:19:47.760+0000] {logging_mixin.py:188} INFO - [2024-07-27T22:19:47.760+0000] {dagbag.py:545} INFO - Filling up the DagBag from /home/airflow/.local/lib/python3.12/site-packages/airflow/example_dags/example_latest_only.py
[2024-07-27T22:19:47.763+0000] {processor.py:840} INFO - DAG(s) 'latest_only' retrieved from /home/airflow/.local/lib/python3.12/site-packages/airflow/example_dags/example_latest_only.py
[2024-07-27T22:19:47.777+0000] {logging_mixin.py:188} INFO - [2024-07-27T22:19:47.777+0000] {dag.py:3089} INFO - Sync 1 DAGs
[2024-07-27T22:19:47.790+0000] {logging_mixin.py:188} INFO - [2024-07-27T22:19:47.790+0000] {dag.py:3947} INFO - Setting next_dagrun for latest_only to 2024-07-27 16:00:00+00:00, run_after=2024-07-27 20:00:00+00:00
[2024-07-27T22:19:47.799+0000] {processor.py:183} INFO - Processing /home/airflow/.local/lib/python3.12/site-packages/airflow/example_dags/example_latest_only.py took 0.045 seconds
[2024-07-27T22:20:18.275+0000] {processor.py:161} INFO - Started process (PID=12590) to work on /home/airflow/.local/lib/python3.12/site-packages/airflow/example_dags/example_latest_only.py
[2024-07-27T22:20:18.276+0000] {processor.py:830} INFO - Processing file /home/airflow/.local/lib/python3.12/site-packages/airflow/example_dags/example_latest_only.py for tasks to queue
[2024-07-27T22:20:18.278+0000] {logging_mixin.py:188} INFO - [2024-07-27T22:20:18.277+0000] {dagbag.py:545} INFO - Filling up the DagBag from /home/airflow/.local/lib/python3.12/site-packages/airflow/example_dags/example_latest_only.py
[2024-07-27T22:20:18.281+0000] {processor.py:840} INFO - DAG(s) 'latest_only' retrieved from /home/airflow/.local/lib/python3.12/site-packages/airflow/example_dags/example_latest_only.py
[2024-07-27T22:20:18.294+0000] {logging_mixin.py:188} INFO - [2024-07-27T22:20:18.294+0000] {dag.py:3089} INFO - Sync 1 DAGs
[2024-07-27T22:20:18.307+0000] {logging_mixin.py:188} INFO - [2024-07-27T22:20:18.306+0000] {dag.py:3947} INFO - Setting next_dagrun for latest_only to 2024-07-27 16:00:00+00:00, run_after=2024-07-27 20:00:00+00:00
[2024-07-27T22:20:18.315+0000] {processor.py:183} INFO - Processing /home/airflow/.local/lib/python3.12/site-packages/airflow/example_dags/example_latest_only.py took 0.045 seconds
[2024-07-27T22:20:48.819+0000] {processor.py:161} INFO - Started process (PID=12857) to work on /home/airflow/.local/lib/python3.12/site-packages/airflow/example_dags/example_latest_only.py
[2024-07-27T22:20:48.820+0000] {processor.py:830} INFO - Processing file /home/airflow/.local/lib/python3.12/site-packages/airflow/example_dags/example_latest_only.py for tasks to queue
[2024-07-27T22:20:48.821+0000] {logging_mixin.py:188} INFO - [2024-07-27T22:20:48.821+0000] {dagbag.py:545} INFO - Filling up the DagBag from /home/airflow/.local/lib/python3.12/site-packages/airflow/example_dags/example_latest_only.py
[2024-07-27T22:20:48.824+0000] {processor.py:840} INFO - DAG(s) 'latest_only' retrieved from /home/airflow/.local/lib/python3.12/site-packages/airflow/example_dags/example_latest_only.py
[2024-07-27T22:20:48.835+0000] {logging_mixin.py:188} INFO - [2024-07-27T22:20:48.835+0000] {dag.py:3089} INFO - Sync 1 DAGs
[2024-07-27T22:20:48.846+0000] {logging_mixin.py:188} INFO - [2024-07-27T22:20:48.846+0000] {dag.py:3947} INFO - Setting next_dagrun for latest_only to 2024-07-27 16:00:00+00:00, run_after=2024-07-27 20:00:00+00:00
[2024-07-27T22:20:48.855+0000] {processor.py:183} INFO - Processing /home/airflow/.local/lib/python3.12/site-packages/airflow/example_dags/example_latest_only.py took 0.040 seconds
[2024-07-27T22:21:19.190+0000] {processor.py:161} INFO - Started process (PID=13124) to work on /home/airflow/.local/lib/python3.12/site-packages/airflow/example_dags/example_latest_only.py
[2024-07-27T22:21:19.191+0000] {processor.py:830} INFO - Processing file /home/airflow/.local/lib/python3.12/site-packages/airflow/example_dags/example_latest_only.py for tasks to queue
[2024-07-27T22:21:19.193+0000] {logging_mixin.py:188} INFO - [2024-07-27T22:21:19.192+0000] {dagbag.py:545} INFO - Filling up the DagBag from /home/airflow/.local/lib/python3.12/site-packages/airflow/example_dags/example_latest_only.py
[2024-07-27T22:21:19.195+0000] {processor.py:840} INFO - DAG(s) 'latest_only' retrieved from /home/airflow/.local/lib/python3.12/site-packages/airflow/example_dags/example_latest_only.py
[2024-07-27T22:21:19.208+0000] {logging_mixin.py:188} INFO - [2024-07-27T22:21:19.208+0000] {dag.py:3089} INFO - Sync 1 DAGs
[2024-07-27T22:21:19.221+0000] {logging_mixin.py:188} INFO - [2024-07-27T22:21:19.221+0000] {dag.py:3947} INFO - Setting next_dagrun for latest_only to 2024-07-27 16:00:00+00:00, run_after=2024-07-27 20:00:00+00:00
[2024-07-27T22:21:19.230+0000] {processor.py:183} INFO - Processing /home/airflow/.local/lib/python3.12/site-packages/airflow/example_dags/example_latest_only.py took 0.044 seconds
[2024-07-27T22:21:49.618+0000] {processor.py:161} INFO - Started process (PID=13396) to work on /home/airflow/.local/lib/python3.12/site-packages/airflow/example_dags/example_latest_only.py
[2024-07-27T22:21:49.618+0000] {processor.py:830} INFO - Processing file /home/airflow/.local/lib/python3.12/site-packages/airflow/example_dags/example_latest_only.py for tasks to queue
[2024-07-27T22:21:49.620+0000] {logging_mixin.py:188} INFO - [2024-07-27T22:21:49.619+0000] {dagbag.py:545} INFO - Filling up the DagBag from /home/airflow/.local/lib/python3.12/site-packages/airflow/example_dags/example_latest_only.py
[2024-07-27T22:21:49.622+0000] {processor.py:840} INFO - DAG(s) 'latest_only' retrieved from /home/airflow/.local/lib/python3.12/site-packages/airflow/example_dags/example_latest_only.py
[2024-07-27T22:21:49.634+0000] {logging_mixin.py:188} INFO - [2024-07-27T22:21:49.634+0000] {dag.py:3089} INFO - Sync 1 DAGs
[2024-07-27T22:21:49.645+0000] {logging_mixin.py:188} INFO - [2024-07-27T22:21:49.645+0000] {dag.py:3947} INFO - Setting next_dagrun for latest_only to 2024-07-27 16:00:00+00:00, run_after=2024-07-27 20:00:00+00:00
[2024-07-27T22:21:49.654+0000] {processor.py:183} INFO - Processing /home/airflow/.local/lib/python3.12/site-packages/airflow/example_dags/example_latest_only.py took 0.041 seconds
[2024-07-27T22:22:19.897+0000] {processor.py:161} INFO - Started process (PID=13663) to work on /home/airflow/.local/lib/python3.12/site-packages/airflow/example_dags/example_latest_only.py
[2024-07-27T22:22:19.898+0000] {processor.py:830} INFO - Processing file /home/airflow/.local/lib/python3.12/site-packages/airflow/example_dags/example_latest_only.py for tasks to queue
[2024-07-27T22:22:19.899+0000] {logging_mixin.py:188} INFO - [2024-07-27T22:22:19.899+0000] {dagbag.py:545} INFO - Filling up the DagBag from /home/airflow/.local/lib/python3.12/site-packages/airflow/example_dags/example_latest_only.py
[2024-07-27T22:22:19.902+0000] {processor.py:840} INFO - DAG(s) 'latest_only' retrieved from /home/airflow/.local/lib/python3.12/site-packages/airflow/example_dags/example_latest_only.py
[2024-07-27T22:22:19.913+0000] {logging_mixin.py:188} INFO - [2024-07-27T22:22:19.913+0000] {dag.py:3089} INFO - Sync 1 DAGs
[2024-07-27T22:22:19.925+0000] {logging_mixin.py:188} INFO - [2024-07-27T22:22:19.924+0000] {dag.py:3947} INFO - Setting next_dagrun for latest_only to 2024-07-27 16:00:00+00:00, run_after=2024-07-27 20:00:00+00:00
[2024-07-27T22:22:19.933+0000] {processor.py:183} INFO - Processing /home/airflow/.local/lib/python3.12/site-packages/airflow/example_dags/example_latest_only.py took 0.040 seconds
[2024-07-27T22:22:50.379+0000] {processor.py:161} INFO - Started process (PID=13930) to work on /home/airflow/.local/lib/python3.12/site-packages/airflow/example_dags/example_latest_only.py
[2024-07-27T22:22:50.380+0000] {processor.py:830} INFO - Processing file /home/airflow/.local/lib/python3.12/site-packages/airflow/example_dags/example_latest_only.py for tasks to queue
[2024-07-27T22:22:50.381+0000] {logging_mixin.py:188} INFO - [2024-07-27T22:22:50.381+0000] {dagbag.py:545} INFO - Filling up the DagBag from /home/airflow/.local/lib/python3.12/site-packages/airflow/example_dags/example_latest_only.py
[2024-07-27T22:22:50.384+0000] {processor.py:840} INFO - DAG(s) 'latest_only' retrieved from /home/airflow/.local/lib/python3.12/site-packages/airflow/example_dags/example_latest_only.py
[2024-07-27T22:22:50.395+0000] {logging_mixin.py:188} INFO - [2024-07-27T22:22:50.395+0000] {dag.py:3089} INFO - Sync 1 DAGs
[2024-07-27T22:22:50.407+0000] {logging_mixin.py:188} INFO - [2024-07-27T22:22:50.407+0000] {dag.py:3947} INFO - Setting next_dagrun for latest_only to 2024-07-27 16:00:00+00:00, run_after=2024-07-27 20:00:00+00:00
[2024-07-27T22:22:50.417+0000] {processor.py:183} INFO - Processing /home/airflow/.local/lib/python3.12/site-packages/airflow/example_dags/example_latest_only.py took 0.042 seconds
[2024-07-27T22:23:21.020+0000] {processor.py:161} INFO - Started process (PID=14218) to work on /home/airflow/.local/lib/python3.12/site-packages/airflow/example_dags/example_latest_only.py
[2024-07-27T22:23:21.021+0000] {processor.py:830} INFO - Processing file /home/airflow/.local/lib/python3.12/site-packages/airflow/example_dags/example_latest_only.py for tasks to queue
[2024-07-27T22:23:21.022+0000] {logging_mixin.py:188} INFO - [2024-07-27T22:23:21.022+0000] {dagbag.py:545} INFO - Filling up the DagBag from /home/airflow/.local/lib/python3.12/site-packages/airflow/example_dags/example_latest_only.py
[2024-07-27T22:23:21.025+0000] {processor.py:840} INFO - DAG(s) 'latest_only' retrieved from /home/airflow/.local/lib/python3.12/site-packages/airflow/example_dags/example_latest_only.py
[2024-07-27T22:23:21.037+0000] {logging_mixin.py:188} INFO - [2024-07-27T22:23:21.037+0000] {dag.py:3089} INFO - Sync 1 DAGs
[2024-07-27T22:23:21.049+0000] {logging_mixin.py:188} INFO - [2024-07-27T22:23:21.049+0000] {dag.py:3947} INFO - Setting next_dagrun for latest_only to 2024-07-27 16:00:00+00:00, run_after=2024-07-27 20:00:00+00:00
[2024-07-27T22:23:21.061+0000] {processor.py:183} INFO - Processing /home/airflow/.local/lib/python3.12/site-packages/airflow/example_dags/example_latest_only.py took 0.046 seconds
[2024-07-27T22:23:51.417+0000] {processor.py:161} INFO - Started process (PID=14487) to work on /home/airflow/.local/lib/python3.12/site-packages/airflow/example_dags/example_latest_only.py
[2024-07-27T22:23:51.418+0000] {processor.py:830} INFO - Processing file /home/airflow/.local/lib/python3.12/site-packages/airflow/example_dags/example_latest_only.py for tasks to queue
[2024-07-27T22:23:51.419+0000] {logging_mixin.py:188} INFO - [2024-07-27T22:23:51.419+0000] {dagbag.py:545} INFO - Filling up the DagBag from /home/airflow/.local/lib/python3.12/site-packages/airflow/example_dags/example_latest_only.py
[2024-07-27T22:23:51.422+0000] {processor.py:840} INFO - DAG(s) 'latest_only' retrieved from /home/airflow/.local/lib/python3.12/site-packages/airflow/example_dags/example_latest_only.py
[2024-07-27T22:23:51.436+0000] {logging_mixin.py:188} INFO - [2024-07-27T22:23:51.436+0000] {dag.py:3089} INFO - Sync 1 DAGs
[2024-07-27T22:23:51.449+0000] {logging_mixin.py:188} INFO - [2024-07-27T22:23:51.449+0000] {dag.py:3947} INFO - Setting next_dagrun for latest_only to 2024-07-27 16:00:00+00:00, run_after=2024-07-27 20:00:00+00:00
[2024-07-27T22:23:51.459+0000] {processor.py:183} INFO - Processing /home/airflow/.local/lib/python3.12/site-packages/airflow/example_dags/example_latest_only.py took 0.046 seconds
[2024-07-27T22:24:22.497+0000] {processor.py:161} INFO - Started process (PID=14754) to work on /home/airflow/.local/lib/python3.12/site-packages/airflow/example_dags/example_latest_only.py
[2024-07-27T22:24:22.498+0000] {processor.py:830} INFO - Processing file /home/airflow/.local/lib/python3.12/site-packages/airflow/example_dags/example_latest_only.py for tasks to queue
[2024-07-27T22:24:22.499+0000] {logging_mixin.py:188} INFO - [2024-07-27T22:24:22.499+0000] {dagbag.py:545} INFO - Filling up the DagBag from /home/airflow/.local/lib/python3.12/site-packages/airflow/example_dags/example_latest_only.py
[2024-07-27T22:24:22.502+0000] {processor.py:840} INFO - DAG(s) 'latest_only' retrieved from /home/airflow/.local/lib/python3.12/site-packages/airflow/example_dags/example_latest_only.py
[2024-07-27T22:24:22.513+0000] {logging_mixin.py:188} INFO - [2024-07-27T22:24:22.512+0000] {dag.py:3089} INFO - Sync 1 DAGs
[2024-07-27T22:24:22.524+0000] {logging_mixin.py:188} INFO - [2024-07-27T22:24:22.523+0000] {dag.py:3947} INFO - Setting next_dagrun for latest_only to 2024-07-27 16:00:00+00:00, run_after=2024-07-27 20:00:00+00:00
[2024-07-27T22:24:22.534+0000] {processor.py:183} INFO - Processing /home/airflow/.local/lib/python3.12/site-packages/airflow/example_dags/example_latest_only.py took 0.041 seconds
[2024-07-27T22:24:52.632+0000] {processor.py:161} INFO - Started process (PID=15019) to work on /home/airflow/.local/lib/python3.12/site-packages/airflow/example_dags/example_latest_only.py
[2024-07-27T22:24:52.633+0000] {processor.py:830} INFO - Processing file /home/airflow/.local/lib/python3.12/site-packages/airflow/example_dags/example_latest_only.py for tasks to queue
[2024-07-27T22:24:52.634+0000] {logging_mixin.py:188} INFO - [2024-07-27T22:24:52.634+0000] {dagbag.py:545} INFO - Filling up the DagBag from /home/airflow/.local/lib/python3.12/site-packages/airflow/example_dags/example_latest_only.py
[2024-07-27T22:24:52.638+0000] {processor.py:840} INFO - DAG(s) 'latest_only' retrieved from /home/airflow/.local/lib/python3.12/site-packages/airflow/example_dags/example_latest_only.py
[2024-07-27T22:24:52.649+0000] {logging_mixin.py:188} INFO - [2024-07-27T22:24:52.649+0000] {dag.py:3089} INFO - Sync 1 DAGs
[2024-07-27T22:24:52.661+0000] {logging_mixin.py:188} INFO - [2024-07-27T22:24:52.661+0000] {dag.py:3947} INFO - Setting next_dagrun for latest_only to 2024-07-27 16:00:00+00:00, run_after=2024-07-27 20:00:00+00:00
[2024-07-27T22:24:52.671+0000] {processor.py:183} INFO - Processing /home/airflow/.local/lib/python3.12/site-packages/airflow/example_dags/example_latest_only.py took 0.043 seconds
[2024-07-27T22:25:22.996+0000] {processor.py:161} INFO - Started process (PID=15286) to work on /home/airflow/.local/lib/python3.12/site-packages/airflow/example_dags/example_latest_only.py
[2024-07-27T22:25:22.996+0000] {processor.py:830} INFO - Processing file /home/airflow/.local/lib/python3.12/site-packages/airflow/example_dags/example_latest_only.py for tasks to queue
[2024-07-27T22:25:22.998+0000] {logging_mixin.py:188} INFO - [2024-07-27T22:25:22.997+0000] {dagbag.py:545} INFO - Filling up the DagBag from /home/airflow/.local/lib/python3.12/site-packages/airflow/example_dags/example_latest_only.py
[2024-07-27T22:25:23.001+0000] {processor.py:840} INFO - DAG(s) 'latest_only' retrieved from /home/airflow/.local/lib/python3.12/site-packages/airflow/example_dags/example_latest_only.py
[2024-07-27T22:25:23.017+0000] {logging_mixin.py:188} INFO - [2024-07-27T22:25:23.017+0000] {dag.py:3089} INFO - Sync 1 DAGs
[2024-07-27T22:25:23.029+0000] {logging_mixin.py:188} INFO - [2024-07-27T22:25:23.029+0000] {dag.py:3947} INFO - Setting next_dagrun for latest_only to 2024-07-27 16:00:00+00:00, run_after=2024-07-27 20:00:00+00:00
[2024-07-27T22:25:23.038+0000] {processor.py:183} INFO - Processing /home/airflow/.local/lib/python3.12/site-packages/airflow/example_dags/example_latest_only.py took 0.048 seconds
[2024-07-27T22:25:53.291+0000] {processor.py:161} INFO - Started process (PID=15553) to work on /home/airflow/.local/lib/python3.12/site-packages/airflow/example_dags/example_latest_only.py
[2024-07-27T22:25:53.292+0000] {processor.py:830} INFO - Processing file /home/airflow/.local/lib/python3.12/site-packages/airflow/example_dags/example_latest_only.py for tasks to queue
[2024-07-27T22:25:53.293+0000] {logging_mixin.py:188} INFO - [2024-07-27T22:25:53.293+0000] {dagbag.py:545} INFO - Filling up the DagBag from /home/airflow/.local/lib/python3.12/site-packages/airflow/example_dags/example_latest_only.py
[2024-07-27T22:25:53.297+0000] {processor.py:840} INFO - DAG(s) 'latest_only' retrieved from /home/airflow/.local/lib/python3.12/site-packages/airflow/example_dags/example_latest_only.py
[2024-07-27T22:25:53.310+0000] {logging_mixin.py:188} INFO - [2024-07-27T22:25:53.310+0000] {dag.py:3089} INFO - Sync 1 DAGs
[2024-07-27T22:25:53.323+0000] {logging_mixin.py:188} INFO - [2024-07-27T22:25:53.322+0000] {dag.py:3947} INFO - Setting next_dagrun for latest_only to 2024-07-27 16:00:00+00:00, run_after=2024-07-27 20:00:00+00:00
[2024-07-27T22:25:53.333+0000] {processor.py:183} INFO - Processing /home/airflow/.local/lib/python3.12/site-packages/airflow/example_dags/example_latest_only.py took 0.047 seconds
[2024-07-27T22:26:23.859+0000] {processor.py:161} INFO - Started process (PID=15825) to work on /home/airflow/.local/lib/python3.12/site-packages/airflow/example_dags/example_latest_only.py
[2024-07-27T22:26:23.860+0000] {processor.py:830} INFO - Processing file /home/airflow/.local/lib/python3.12/site-packages/airflow/example_dags/example_latest_only.py for tasks to queue
[2024-07-27T22:26:23.861+0000] {logging_mixin.py:188} INFO - [2024-07-27T22:26:23.861+0000] {dagbag.py:545} INFO - Filling up the DagBag from /home/airflow/.local/lib/python3.12/site-packages/airflow/example_dags/example_latest_only.py
[2024-07-27T22:26:23.864+0000] {processor.py:840} INFO - DAG(s) 'latest_only' retrieved from /home/airflow/.local/lib/python3.12/site-packages/airflow/example_dags/example_latest_only.py
[2024-07-27T22:26:23.876+0000] {logging_mixin.py:188} INFO - [2024-07-27T22:26:23.876+0000] {dag.py:3089} INFO - Sync 1 DAGs
[2024-07-27T22:26:23.888+0000] {logging_mixin.py:188} INFO - [2024-07-27T22:26:23.888+0000] {dag.py:3947} INFO - Setting next_dagrun for latest_only to 2024-07-27 16:00:00+00:00, run_after=2024-07-27 20:00:00+00:00
[2024-07-27T22:26:23.897+0000] {processor.py:183} INFO - Processing /home/airflow/.local/lib/python3.12/site-packages/airflow/example_dags/example_latest_only.py took 0.042 seconds
[2024-07-27T22:55:20.894+0000] {processor.py:161} INFO - Started process (PID=16080) to work on /home/airflow/.local/lib/python3.12/site-packages/airflow/example_dags/example_latest_only.py
[2024-07-27T22:55:20.894+0000] {processor.py:830} INFO - Processing file /home/airflow/.local/lib/python3.12/site-packages/airflow/example_dags/example_latest_only.py for tasks to queue
[2024-07-27T22:55:20.896+0000] {logging_mixin.py:188} INFO - [2024-07-27T22:55:20.895+0000] {dagbag.py:545} INFO - Filling up the DagBag from /home/airflow/.local/lib/python3.12/site-packages/airflow/example_dags/example_latest_only.py
[2024-07-27T22:55:20.898+0000] {processor.py:840} INFO - DAG(s) 'latest_only' retrieved from /home/airflow/.local/lib/python3.12/site-packages/airflow/example_dags/example_latest_only.py
[2024-07-27T22:55:20.909+0000] {logging_mixin.py:188} INFO - [2024-07-27T22:55:20.909+0000] {dag.py:3089} INFO - Sync 1 DAGs
[2024-07-27T22:55:20.921+0000] {logging_mixin.py:188} INFO - [2024-07-27T22:55:20.920+0000] {dag.py:3947} INFO - Setting next_dagrun for latest_only to 2024-07-27 16:00:00+00:00, run_after=2024-07-27 20:00:00+00:00
[2024-07-27T22:55:20.930+0000] {processor.py:183} INFO - Processing /home/airflow/.local/lib/python3.12/site-packages/airflow/example_dags/example_latest_only.py took 0.040 seconds
[2024-07-27T22:55:51.242+0000] {processor.py:161} INFO - Started process (PID=16348) to work on /home/airflow/.local/lib/python3.12/site-packages/airflow/example_dags/example_latest_only.py
[2024-07-27T22:55:51.243+0000] {processor.py:830} INFO - Processing file /home/airflow/.local/lib/python3.12/site-packages/airflow/example_dags/example_latest_only.py for tasks to queue
[2024-07-27T22:55:51.244+0000] {logging_mixin.py:188} INFO - [2024-07-27T22:55:51.244+0000] {dagbag.py:545} INFO - Filling up the DagBag from /home/airflow/.local/lib/python3.12/site-packages/airflow/example_dags/example_latest_only.py
[2024-07-27T22:55:51.247+0000] {processor.py:840} INFO - DAG(s) 'latest_only' retrieved from /home/airflow/.local/lib/python3.12/site-packages/airflow/example_dags/example_latest_only.py
[2024-07-27T22:55:51.262+0000] {logging_mixin.py:188} INFO - [2024-07-27T22:55:51.262+0000] {dag.py:3089} INFO - Sync 1 DAGs
[2024-07-27T22:55:51.273+0000] {logging_mixin.py:188} INFO - [2024-07-27T22:55:51.273+0000] {dag.py:3947} INFO - Setting next_dagrun for latest_only to 2024-07-27 16:00:00+00:00, run_after=2024-07-27 20:00:00+00:00
[2024-07-27T22:55:51.284+0000] {processor.py:183} INFO - Processing /home/airflow/.local/lib/python3.12/site-packages/airflow/example_dags/example_latest_only.py took 0.048 seconds
