[2024-07-27T20:14:08.434+0000] {processor.py:161} INFO - Started process (PID=345) to work on /home/airflow/.local/lib/python3.12/site-packages/airflow/example_dags/example_xcom.py
[2024-07-27T20:14:08.434+0000] {processor.py:830} INFO - Processing file /home/airflow/.local/lib/python3.12/site-packages/airflow/example_dags/example_xcom.py for tasks to queue
[2024-07-27T20:14:08.435+0000] {logging_mixin.py:188} INFO - [2024-07-27T20:14:08.435+0000] {dagbag.py:545} INFO - Filling up the DagBag from /home/airflow/.local/lib/python3.12/site-packages/airflow/example_dags/example_xcom.py
[2024-07-27T20:14:08.440+0000] {processor.py:840} INFO - DAG(s) 'example_xcom' retrieved from /home/airflow/.local/lib/python3.12/site-packages/airflow/example_dags/example_xcom.py
[2024-07-27T20:14:08.448+0000] {logging_mixin.py:188} INFO - [2024-07-27T20:14:08.448+0000] {dag.py:3089} INFO - Sync 1 DAGs
[2024-07-27T20:14:08.461+0000] {logging_mixin.py:188} INFO - [2024-07-27T20:14:08.461+0000] {dag.py:3947} INFO - Setting next_dagrun for example_xcom to 2021-01-01 00:00:00+00:00, run_after=2021-01-01 00:00:00+00:00
[2024-07-27T20:14:08.472+0000] {processor.py:183} INFO - Processing /home/airflow/.local/lib/python3.12/site-packages/airflow/example_dags/example_xcom.py took 0.043 seconds
[2024-07-27T20:14:39.188+0000] {processor.py:161} INFO - Started process (PID=606) to work on /home/airflow/.local/lib/python3.12/site-packages/airflow/example_dags/example_xcom.py
[2024-07-27T20:14:39.188+0000] {processor.py:830} INFO - Processing file /home/airflow/.local/lib/python3.12/site-packages/airflow/example_dags/example_xcom.py for tasks to queue
[2024-07-27T20:14:39.190+0000] {logging_mixin.py:188} INFO - [2024-07-27T20:14:39.189+0000] {dagbag.py:545} INFO - Filling up the DagBag from /home/airflow/.local/lib/python3.12/site-packages/airflow/example_dags/example_xcom.py
[2024-07-27T20:14:39.194+0000] {processor.py:840} INFO - DAG(s) 'example_xcom' retrieved from /home/airflow/.local/lib/python3.12/site-packages/airflow/example_dags/example_xcom.py
[2024-07-27T20:14:39.243+0000] {logging_mixin.py:188} INFO - [2024-07-27T20:14:39.243+0000] {dag.py:3089} INFO - Sync 1 DAGs
[2024-07-27T20:14:39.252+0000] {logging_mixin.py:188} INFO - [2024-07-27T20:14:39.252+0000] {dag.py:3947} INFO - Setting next_dagrun for example_xcom to 2021-01-01 00:00:00+00:00, run_after=2021-01-01 00:00:00+00:00
[2024-07-27T20:14:39.260+0000] {processor.py:183} INFO - Processing /home/airflow/.local/lib/python3.12/site-packages/airflow/example_dags/example_xcom.py took 0.076 seconds
[2024-07-27T20:15:09.296+0000] {processor.py:161} INFO - Started process (PID=870) to work on /home/airflow/.local/lib/python3.12/site-packages/airflow/example_dags/example_xcom.py
[2024-07-27T20:15:09.297+0000] {processor.py:830} INFO - Processing file /home/airflow/.local/lib/python3.12/site-packages/airflow/example_dags/example_xcom.py for tasks to queue
[2024-07-27T20:15:09.298+0000] {logging_mixin.py:188} INFO - [2024-07-27T20:15:09.298+0000] {dagbag.py:545} INFO - Filling up the DagBag from /home/airflow/.local/lib/python3.12/site-packages/airflow/example_dags/example_xcom.py
[2024-07-27T20:15:09.302+0000] {processor.py:840} INFO - DAG(s) 'example_xcom' retrieved from /home/airflow/.local/lib/python3.12/site-packages/airflow/example_dags/example_xcom.py
[2024-07-27T20:15:09.314+0000] {logging_mixin.py:188} INFO - [2024-07-27T20:15:09.313+0000] {dag.py:3089} INFO - Sync 1 DAGs
[2024-07-27T20:15:09.325+0000] {logging_mixin.py:188} INFO - [2024-07-27T20:15:09.325+0000] {dag.py:3947} INFO - Setting next_dagrun for example_xcom to 2021-01-01 00:00:00+00:00, run_after=2021-01-01 00:00:00+00:00
[2024-07-27T20:15:09.333+0000] {processor.py:183} INFO - Processing /home/airflow/.local/lib/python3.12/site-packages/airflow/example_dags/example_xcom.py took 0.040 seconds
[2024-07-27T20:15:39.767+0000] {processor.py:161} INFO - Started process (PID=1131) to work on /home/airflow/.local/lib/python3.12/site-packages/airflow/example_dags/example_xcom.py
[2024-07-27T20:15:39.768+0000] {processor.py:830} INFO - Processing file /home/airflow/.local/lib/python3.12/site-packages/airflow/example_dags/example_xcom.py for tasks to queue
[2024-07-27T20:15:39.769+0000] {logging_mixin.py:188} INFO - [2024-07-27T20:15:39.769+0000] {dagbag.py:545} INFO - Filling up the DagBag from /home/airflow/.local/lib/python3.12/site-packages/airflow/example_dags/example_xcom.py
[2024-07-27T20:15:39.774+0000] {processor.py:840} INFO - DAG(s) 'example_xcom' retrieved from /home/airflow/.local/lib/python3.12/site-packages/airflow/example_dags/example_xcom.py
[2024-07-27T20:15:39.784+0000] {logging_mixin.py:188} INFO - [2024-07-27T20:15:39.784+0000] {dag.py:3089} INFO - Sync 1 DAGs
[2024-07-27T20:15:39.795+0000] {logging_mixin.py:188} INFO - [2024-07-27T20:15:39.795+0000] {dag.py:3947} INFO - Setting next_dagrun for example_xcom to 2021-01-01 00:00:00+00:00, run_after=2021-01-01 00:00:00+00:00
[2024-07-27T20:15:39.805+0000] {processor.py:183} INFO - Processing /home/airflow/.local/lib/python3.12/site-packages/airflow/example_dags/example_xcom.py took 0.041 seconds
[2024-07-27T20:16:09.852+0000] {processor.py:161} INFO - Started process (PID=1393) to work on /home/airflow/.local/lib/python3.12/site-packages/airflow/example_dags/example_xcom.py
[2024-07-27T20:16:09.853+0000] {processor.py:830} INFO - Processing file /home/airflow/.local/lib/python3.12/site-packages/airflow/example_dags/example_xcom.py for tasks to queue
[2024-07-27T20:16:09.855+0000] {logging_mixin.py:188} INFO - [2024-07-27T20:16:09.855+0000] {dagbag.py:545} INFO - Filling up the DagBag from /home/airflow/.local/lib/python3.12/site-packages/airflow/example_dags/example_xcom.py
[2024-07-27T20:16:09.860+0000] {processor.py:840} INFO - DAG(s) 'example_xcom' retrieved from /home/airflow/.local/lib/python3.12/site-packages/airflow/example_dags/example_xcom.py
[2024-07-27T20:16:09.876+0000] {logging_mixin.py:188} INFO - [2024-07-27T20:16:09.876+0000] {dag.py:3089} INFO - Sync 1 DAGs
[2024-07-27T20:16:09.897+0000] {logging_mixin.py:188} INFO - [2024-07-27T20:16:09.896+0000] {dag.py:3947} INFO - Setting next_dagrun for example_xcom to 2021-01-01 00:00:00+00:00, run_after=2021-01-01 00:00:00+00:00
[2024-07-27T20:16:09.915+0000] {processor.py:183} INFO - Processing /home/airflow/.local/lib/python3.12/site-packages/airflow/example_dags/example_xcom.py took 0.066 seconds
[2024-07-27T20:16:40.078+0000] {processor.py:161} INFO - Started process (PID=1653) to work on /home/airflow/.local/lib/python3.12/site-packages/airflow/example_dags/example_xcom.py
[2024-07-27T20:16:40.079+0000] {processor.py:830} INFO - Processing file /home/airflow/.local/lib/python3.12/site-packages/airflow/example_dags/example_xcom.py for tasks to queue
[2024-07-27T20:16:40.080+0000] {logging_mixin.py:188} INFO - [2024-07-27T20:16:40.080+0000] {dagbag.py:545} INFO - Filling up the DagBag from /home/airflow/.local/lib/python3.12/site-packages/airflow/example_dags/example_xcom.py
[2024-07-27T20:16:40.084+0000] {processor.py:840} INFO - DAG(s) 'example_xcom' retrieved from /home/airflow/.local/lib/python3.12/site-packages/airflow/example_dags/example_xcom.py
[2024-07-27T20:16:40.095+0000] {logging_mixin.py:188} INFO - [2024-07-27T20:16:40.095+0000] {dag.py:3089} INFO - Sync 1 DAGs
[2024-07-27T20:16:40.107+0000] {logging_mixin.py:188} INFO - [2024-07-27T20:16:40.107+0000] {dag.py:3947} INFO - Setting next_dagrun for example_xcom to 2021-01-01 00:00:00+00:00, run_after=2021-01-01 00:00:00+00:00
[2024-07-27T20:16:40.118+0000] {processor.py:183} INFO - Processing /home/airflow/.local/lib/python3.12/site-packages/airflow/example_dags/example_xcom.py took 0.043 seconds
[2024-07-27T20:17:11.111+0000] {processor.py:161} INFO - Started process (PID=1915) to work on /home/airflow/.local/lib/python3.12/site-packages/airflow/example_dags/example_xcom.py
[2024-07-27T20:17:11.112+0000] {processor.py:830} INFO - Processing file /home/airflow/.local/lib/python3.12/site-packages/airflow/example_dags/example_xcom.py for tasks to queue
[2024-07-27T20:17:11.114+0000] {logging_mixin.py:188} INFO - [2024-07-27T20:17:11.113+0000] {dagbag.py:545} INFO - Filling up the DagBag from /home/airflow/.local/lib/python3.12/site-packages/airflow/example_dags/example_xcom.py
[2024-07-27T20:17:11.119+0000] {processor.py:840} INFO - DAG(s) 'example_xcom' retrieved from /home/airflow/.local/lib/python3.12/site-packages/airflow/example_dags/example_xcom.py
[2024-07-27T20:17:11.132+0000] {logging_mixin.py:188} INFO - [2024-07-27T20:17:11.132+0000] {dag.py:3089} INFO - Sync 1 DAGs
[2024-07-27T20:17:11.144+0000] {logging_mixin.py:188} INFO - [2024-07-27T20:17:11.144+0000] {dag.py:3947} INFO - Setting next_dagrun for example_xcom to 2021-01-01 00:00:00+00:00, run_after=2021-01-01 00:00:00+00:00
[2024-07-27T20:17:11.153+0000] {processor.py:183} INFO - Processing /home/airflow/.local/lib/python3.12/site-packages/airflow/example_dags/example_xcom.py took 0.046 seconds
[2024-07-27T21:59:59.883+0000] {processor.py:161} INFO - Started process (PID=2171) to work on /home/airflow/.local/lib/python3.12/site-packages/airflow/example_dags/example_xcom.py
[2024-07-27T21:59:59.885+0000] {processor.py:830} INFO - Processing file /home/airflow/.local/lib/python3.12/site-packages/airflow/example_dags/example_xcom.py for tasks to queue
[2024-07-27T21:59:59.886+0000] {logging_mixin.py:188} INFO - [2024-07-27T21:59:59.886+0000] {dagbag.py:545} INFO - Filling up the DagBag from /home/airflow/.local/lib/python3.12/site-packages/airflow/example_dags/example_xcom.py
[2024-07-27T21:59:59.890+0000] {processor.py:840} INFO - DAG(s) 'example_xcom' retrieved from /home/airflow/.local/lib/python3.12/site-packages/airflow/example_dags/example_xcom.py
[2024-07-27T21:59:59.902+0000] {logging_mixin.py:188} INFO - [2024-07-27T21:59:59.902+0000] {dag.py:3089} INFO - Sync 1 DAGs
[2024-07-27T21:59:59.912+0000] {logging_mixin.py:188} INFO - [2024-07-27T21:59:59.912+0000] {dag.py:3947} INFO - Setting next_dagrun for example_xcom to 2021-01-01 00:00:00+00:00, run_after=2021-01-01 00:00:00+00:00
[2024-07-27T21:59:59.922+0000] {processor.py:183} INFO - Processing /home/airflow/.local/lib/python3.12/site-packages/airflow/example_dags/example_xcom.py took 0.042 seconds
[2024-07-27T22:00:30.079+0000] {processor.py:161} INFO - Started process (PID=2434) to work on /home/airflow/.local/lib/python3.12/site-packages/airflow/example_dags/example_xcom.py
[2024-07-27T22:00:30.079+0000] {processor.py:830} INFO - Processing file /home/airflow/.local/lib/python3.12/site-packages/airflow/example_dags/example_xcom.py for tasks to queue
[2024-07-27T22:00:30.081+0000] {logging_mixin.py:188} INFO - [2024-07-27T22:00:30.080+0000] {dagbag.py:545} INFO - Filling up the DagBag from /home/airflow/.local/lib/python3.12/site-packages/airflow/example_dags/example_xcom.py
[2024-07-27T22:00:30.086+0000] {processor.py:840} INFO - DAG(s) 'example_xcom' retrieved from /home/airflow/.local/lib/python3.12/site-packages/airflow/example_dags/example_xcom.py
[2024-07-27T22:00:30.100+0000] {logging_mixin.py:188} INFO - [2024-07-27T22:00:30.100+0000] {dag.py:3089} INFO - Sync 1 DAGs
[2024-07-27T22:00:30.110+0000] {logging_mixin.py:188} INFO - [2024-07-27T22:00:30.110+0000] {dag.py:3947} INFO - Setting next_dagrun for example_xcom to 2021-01-01 00:00:00+00:00, run_after=2021-01-01 00:00:00+00:00
[2024-07-27T22:00:30.118+0000] {processor.py:183} INFO - Processing /home/airflow/.local/lib/python3.12/site-packages/airflow/example_dags/example_xcom.py took 0.044 seconds
[2024-07-27T22:01:01.371+0000] {processor.py:161} INFO - Started process (PID=2702) to work on /home/airflow/.local/lib/python3.12/site-packages/airflow/example_dags/example_xcom.py
[2024-07-27T22:01:01.372+0000] {processor.py:830} INFO - Processing file /home/airflow/.local/lib/python3.12/site-packages/airflow/example_dags/example_xcom.py for tasks to queue
[2024-07-27T22:01:01.373+0000] {logging_mixin.py:188} INFO - [2024-07-27T22:01:01.373+0000] {dagbag.py:545} INFO - Filling up the DagBag from /home/airflow/.local/lib/python3.12/site-packages/airflow/example_dags/example_xcom.py
[2024-07-27T22:01:01.378+0000] {processor.py:840} INFO - DAG(s) 'example_xcom' retrieved from /home/airflow/.local/lib/python3.12/site-packages/airflow/example_dags/example_xcom.py
[2024-07-27T22:01:01.389+0000] {logging_mixin.py:188} INFO - [2024-07-27T22:01:01.389+0000] {dag.py:3089} INFO - Sync 1 DAGs
[2024-07-27T22:01:01.399+0000] {logging_mixin.py:188} INFO - [2024-07-27T22:01:01.399+0000] {dag.py:3947} INFO - Setting next_dagrun for example_xcom to 2021-01-01 00:00:00+00:00, run_after=2021-01-01 00:00:00+00:00
[2024-07-27T22:01:01.408+0000] {processor.py:183} INFO - Processing /home/airflow/.local/lib/python3.12/site-packages/airflow/example_dags/example_xcom.py took 0.040 seconds
[2024-07-27T22:01:31.760+0000] {processor.py:161} INFO - Started process (PID=2964) to work on /home/airflow/.local/lib/python3.12/site-packages/airflow/example_dags/example_xcom.py
[2024-07-27T22:01:31.761+0000] {processor.py:830} INFO - Processing file /home/airflow/.local/lib/python3.12/site-packages/airflow/example_dags/example_xcom.py for tasks to queue
[2024-07-27T22:01:31.762+0000] {logging_mixin.py:188} INFO - [2024-07-27T22:01:31.762+0000] {dagbag.py:545} INFO - Filling up the DagBag from /home/airflow/.local/lib/python3.12/site-packages/airflow/example_dags/example_xcom.py
[2024-07-27T22:01:31.766+0000] {processor.py:840} INFO - DAG(s) 'example_xcom' retrieved from /home/airflow/.local/lib/python3.12/site-packages/airflow/example_dags/example_xcom.py
[2024-07-27T22:01:31.777+0000] {logging_mixin.py:188} INFO - [2024-07-27T22:01:31.777+0000] {dag.py:3089} INFO - Sync 1 DAGs
[2024-07-27T22:01:31.788+0000] {logging_mixin.py:188} INFO - [2024-07-27T22:01:31.788+0000] {dag.py:3947} INFO - Setting next_dagrun for example_xcom to 2021-01-01 00:00:00+00:00, run_after=2021-01-01 00:00:00+00:00
[2024-07-27T22:01:31.797+0000] {processor.py:183} INFO - Processing /home/airflow/.local/lib/python3.12/site-packages/airflow/example_dags/example_xcom.py took 0.040 seconds
[2024-07-27T22:02:01.910+0000] {processor.py:161} INFO - Started process (PID=3228) to work on /home/airflow/.local/lib/python3.12/site-packages/airflow/example_dags/example_xcom.py
[2024-07-27T22:02:01.911+0000] {processor.py:830} INFO - Processing file /home/airflow/.local/lib/python3.12/site-packages/airflow/example_dags/example_xcom.py for tasks to queue
[2024-07-27T22:02:01.912+0000] {logging_mixin.py:188} INFO - [2024-07-27T22:02:01.912+0000] {dagbag.py:545} INFO - Filling up the DagBag from /home/airflow/.local/lib/python3.12/site-packages/airflow/example_dags/example_xcom.py
[2024-07-27T22:02:01.916+0000] {processor.py:840} INFO - DAG(s) 'example_xcom' retrieved from /home/airflow/.local/lib/python3.12/site-packages/airflow/example_dags/example_xcom.py
[2024-07-27T22:02:01.928+0000] {logging_mixin.py:188} INFO - [2024-07-27T22:02:01.928+0000] {dag.py:3089} INFO - Sync 1 DAGs
[2024-07-27T22:02:01.941+0000] {logging_mixin.py:188} INFO - [2024-07-27T22:02:01.941+0000] {dag.py:3947} INFO - Setting next_dagrun for example_xcom to 2021-01-01 00:00:00+00:00, run_after=2021-01-01 00:00:00+00:00
[2024-07-27T22:02:01.954+0000] {processor.py:183} INFO - Processing /home/airflow/.local/lib/python3.12/site-packages/airflow/example_dags/example_xcom.py took 0.047 seconds
[2024-07-27T22:02:32.327+0000] {processor.py:161} INFO - Started process (PID=3483) to work on /home/airflow/.local/lib/python3.12/site-packages/airflow/example_dags/example_xcom.py
[2024-07-27T22:02:32.328+0000] {processor.py:830} INFO - Processing file /home/airflow/.local/lib/python3.12/site-packages/airflow/example_dags/example_xcom.py for tasks to queue
[2024-07-27T22:02:32.329+0000] {logging_mixin.py:188} INFO - [2024-07-27T22:02:32.329+0000] {dagbag.py:545} INFO - Filling up the DagBag from /home/airflow/.local/lib/python3.12/site-packages/airflow/example_dags/example_xcom.py
[2024-07-27T22:02:32.334+0000] {processor.py:840} INFO - DAG(s) 'example_xcom' retrieved from /home/airflow/.local/lib/python3.12/site-packages/airflow/example_dags/example_xcom.py
[2024-07-27T22:02:32.346+0000] {logging_mixin.py:188} INFO - [2024-07-27T22:02:32.345+0000] {dag.py:3089} INFO - Sync 1 DAGs
[2024-07-27T22:02:32.356+0000] {logging_mixin.py:188} INFO - [2024-07-27T22:02:32.356+0000] {dag.py:3947} INFO - Setting next_dagrun for example_xcom to 2021-01-01 00:00:00+00:00, run_after=2021-01-01 00:00:00+00:00
[2024-07-27T22:02:32.366+0000] {processor.py:183} INFO - Processing /home/airflow/.local/lib/python3.12/site-packages/airflow/example_dags/example_xcom.py took 0.043 seconds
[2024-07-27T22:03:02.881+0000] {processor.py:161} INFO - Started process (PID=3746) to work on /home/airflow/.local/lib/python3.12/site-packages/airflow/example_dags/example_xcom.py
[2024-07-27T22:03:02.881+0000] {processor.py:830} INFO - Processing file /home/airflow/.local/lib/python3.12/site-packages/airflow/example_dags/example_xcom.py for tasks to queue
[2024-07-27T22:03:02.882+0000] {logging_mixin.py:188} INFO - [2024-07-27T22:03:02.882+0000] {dagbag.py:545} INFO - Filling up the DagBag from /home/airflow/.local/lib/python3.12/site-packages/airflow/example_dags/example_xcom.py
[2024-07-27T22:03:02.886+0000] {processor.py:840} INFO - DAG(s) 'example_xcom' retrieved from /home/airflow/.local/lib/python3.12/site-packages/airflow/example_dags/example_xcom.py
[2024-07-27T22:03:02.899+0000] {logging_mixin.py:188} INFO - [2024-07-27T22:03:02.899+0000] {dag.py:3089} INFO - Sync 1 DAGs
[2024-07-27T22:03:02.911+0000] {logging_mixin.py:188} INFO - [2024-07-27T22:03:02.911+0000] {dag.py:3947} INFO - Setting next_dagrun for example_xcom to 2021-01-01 00:00:00+00:00, run_after=2021-01-01 00:00:00+00:00
[2024-07-27T22:03:02.920+0000] {processor.py:183} INFO - Processing /home/airflow/.local/lib/python3.12/site-packages/airflow/example_dags/example_xcom.py took 0.043 seconds
[2024-07-27T22:03:33.844+0000] {processor.py:161} INFO - Started process (PID=4008) to work on /home/airflow/.local/lib/python3.12/site-packages/airflow/example_dags/example_xcom.py
[2024-07-27T22:03:33.845+0000] {processor.py:830} INFO - Processing file /home/airflow/.local/lib/python3.12/site-packages/airflow/example_dags/example_xcom.py for tasks to queue
[2024-07-27T22:03:33.846+0000] {logging_mixin.py:188} INFO - [2024-07-27T22:03:33.846+0000] {dagbag.py:545} INFO - Filling up the DagBag from /home/airflow/.local/lib/python3.12/site-packages/airflow/example_dags/example_xcom.py
[2024-07-27T22:03:33.850+0000] {processor.py:840} INFO - DAG(s) 'example_xcom' retrieved from /home/airflow/.local/lib/python3.12/site-packages/airflow/example_dags/example_xcom.py
[2024-07-27T22:03:33.864+0000] {logging_mixin.py:188} INFO - [2024-07-27T22:03:33.864+0000] {dag.py:3089} INFO - Sync 1 DAGs
[2024-07-27T22:03:33.876+0000] {logging_mixin.py:188} INFO - [2024-07-27T22:03:33.876+0000] {dag.py:3947} INFO - Setting next_dagrun for example_xcom to 2021-01-01 00:00:00+00:00, run_after=2021-01-01 00:00:00+00:00
[2024-07-27T22:03:33.886+0000] {processor.py:183} INFO - Processing /home/airflow/.local/lib/python3.12/site-packages/airflow/example_dags/example_xcom.py took 0.046 seconds
[2024-07-27T22:04:04.091+0000] {processor.py:161} INFO - Started process (PID=4270) to work on /home/airflow/.local/lib/python3.12/site-packages/airflow/example_dags/example_xcom.py
[2024-07-27T22:04:04.094+0000] {processor.py:830} INFO - Processing file /home/airflow/.local/lib/python3.12/site-packages/airflow/example_dags/example_xcom.py for tasks to queue
[2024-07-27T22:04:04.096+0000] {logging_mixin.py:188} INFO - [2024-07-27T22:04:04.095+0000] {dagbag.py:545} INFO - Filling up the DagBag from /home/airflow/.local/lib/python3.12/site-packages/airflow/example_dags/example_xcom.py
[2024-07-27T22:04:04.102+0000] {processor.py:840} INFO - DAG(s) 'example_xcom' retrieved from /home/airflow/.local/lib/python3.12/site-packages/airflow/example_dags/example_xcom.py
[2024-07-27T22:04:04.118+0000] {logging_mixin.py:188} INFO - [2024-07-27T22:04:04.118+0000] {dag.py:3089} INFO - Sync 1 DAGs
[2024-07-27T22:04:04.133+0000] {logging_mixin.py:188} INFO - [2024-07-27T22:04:04.133+0000] {dag.py:3947} INFO - Setting next_dagrun for example_xcom to 2021-01-01 00:00:00+00:00, run_after=2021-01-01 00:00:00+00:00
[2024-07-27T22:04:04.148+0000] {processor.py:183} INFO - Processing /home/airflow/.local/lib/python3.12/site-packages/airflow/example_dags/example_xcom.py took 0.061 seconds
[2024-07-27T22:04:34.206+0000] {processor.py:161} INFO - Started process (PID=4532) to work on /home/airflow/.local/lib/python3.12/site-packages/airflow/example_dags/example_xcom.py
[2024-07-27T22:04:34.207+0000] {processor.py:830} INFO - Processing file /home/airflow/.local/lib/python3.12/site-packages/airflow/example_dags/example_xcom.py for tasks to queue
[2024-07-27T22:04:34.208+0000] {logging_mixin.py:188} INFO - [2024-07-27T22:04:34.208+0000] {dagbag.py:545} INFO - Filling up the DagBag from /home/airflow/.local/lib/python3.12/site-packages/airflow/example_dags/example_xcom.py
[2024-07-27T22:04:34.212+0000] {processor.py:840} INFO - DAG(s) 'example_xcom' retrieved from /home/airflow/.local/lib/python3.12/site-packages/airflow/example_dags/example_xcom.py
[2024-07-27T22:04:34.223+0000] {logging_mixin.py:188} INFO - [2024-07-27T22:04:34.223+0000] {dag.py:3089} INFO - Sync 1 DAGs
[2024-07-27T22:04:34.233+0000] {logging_mixin.py:188} INFO - [2024-07-27T22:04:34.233+0000] {dag.py:3947} INFO - Setting next_dagrun for example_xcom to 2021-01-01 00:00:00+00:00, run_after=2021-01-01 00:00:00+00:00
[2024-07-27T22:04:34.241+0000] {processor.py:183} INFO - Processing /home/airflow/.local/lib/python3.12/site-packages/airflow/example_dags/example_xcom.py took 0.039 seconds
[2024-07-27T22:05:04.774+0000] {processor.py:161} INFO - Started process (PID=4793) to work on /home/airflow/.local/lib/python3.12/site-packages/airflow/example_dags/example_xcom.py
[2024-07-27T22:05:04.775+0000] {processor.py:830} INFO - Processing file /home/airflow/.local/lib/python3.12/site-packages/airflow/example_dags/example_xcom.py for tasks to queue
[2024-07-27T22:05:04.776+0000] {logging_mixin.py:188} INFO - [2024-07-27T22:05:04.776+0000] {dagbag.py:545} INFO - Filling up the DagBag from /home/airflow/.local/lib/python3.12/site-packages/airflow/example_dags/example_xcom.py
[2024-07-27T22:05:04.782+0000] {processor.py:840} INFO - DAG(s) 'example_xcom' retrieved from /home/airflow/.local/lib/python3.12/site-packages/airflow/example_dags/example_xcom.py
[2024-07-27T22:05:04.796+0000] {logging_mixin.py:188} INFO - [2024-07-27T22:05:04.796+0000] {dag.py:3089} INFO - Sync 1 DAGs
[2024-07-27T22:05:04.808+0000] {logging_mixin.py:188} INFO - [2024-07-27T22:05:04.807+0000] {dag.py:3947} INFO - Setting next_dagrun for example_xcom to 2021-01-01 00:00:00+00:00, run_after=2021-01-01 00:00:00+00:00
[2024-07-27T22:05:04.816+0000] {processor.py:183} INFO - Processing /home/airflow/.local/lib/python3.12/site-packages/airflow/example_dags/example_xcom.py took 0.046 seconds
[2024-07-27T22:05:35.802+0000] {processor.py:161} INFO - Started process (PID=5055) to work on /home/airflow/.local/lib/python3.12/site-packages/airflow/example_dags/example_xcom.py
[2024-07-27T22:05:35.803+0000] {processor.py:830} INFO - Processing file /home/airflow/.local/lib/python3.12/site-packages/airflow/example_dags/example_xcom.py for tasks to queue
[2024-07-27T22:05:35.804+0000] {logging_mixin.py:188} INFO - [2024-07-27T22:05:35.804+0000] {dagbag.py:545} INFO - Filling up the DagBag from /home/airflow/.local/lib/python3.12/site-packages/airflow/example_dags/example_xcom.py
[2024-07-27T22:05:35.808+0000] {processor.py:840} INFO - DAG(s) 'example_xcom' retrieved from /home/airflow/.local/lib/python3.12/site-packages/airflow/example_dags/example_xcom.py
[2024-07-27T22:05:35.819+0000] {logging_mixin.py:188} INFO - [2024-07-27T22:05:35.819+0000] {dag.py:3089} INFO - Sync 1 DAGs
[2024-07-27T22:05:35.830+0000] {logging_mixin.py:188} INFO - [2024-07-27T22:05:35.830+0000] {dag.py:3947} INFO - Setting next_dagrun for example_xcom to 2021-01-01 00:00:00+00:00, run_after=2021-01-01 00:00:00+00:00
[2024-07-27T22:05:35.843+0000] {processor.py:183} INFO - Processing /home/airflow/.local/lib/python3.12/site-packages/airflow/example_dags/example_xcom.py took 0.044 seconds
[2024-07-27T22:06:06.033+0000] {processor.py:161} INFO - Started process (PID=5318) to work on /home/airflow/.local/lib/python3.12/site-packages/airflow/example_dags/example_xcom.py
[2024-07-27T22:06:06.034+0000] {processor.py:830} INFO - Processing file /home/airflow/.local/lib/python3.12/site-packages/airflow/example_dags/example_xcom.py for tasks to queue
[2024-07-27T22:06:06.035+0000] {logging_mixin.py:188} INFO - [2024-07-27T22:06:06.035+0000] {dagbag.py:545} INFO - Filling up the DagBag from /home/airflow/.local/lib/python3.12/site-packages/airflow/example_dags/example_xcom.py
[2024-07-27T22:06:06.039+0000] {processor.py:840} INFO - DAG(s) 'example_xcom' retrieved from /home/airflow/.local/lib/python3.12/site-packages/airflow/example_dags/example_xcom.py
[2024-07-27T22:06:06.051+0000] {logging_mixin.py:188} INFO - [2024-07-27T22:06:06.051+0000] {dag.py:3089} INFO - Sync 1 DAGs
[2024-07-27T22:06:06.062+0000] {logging_mixin.py:188} INFO - [2024-07-27T22:06:06.062+0000] {dag.py:3947} INFO - Setting next_dagrun for example_xcom to 2021-01-01 00:00:00+00:00, run_after=2021-01-01 00:00:00+00:00
[2024-07-27T22:06:06.071+0000] {processor.py:183} INFO - Processing /home/airflow/.local/lib/python3.12/site-packages/airflow/example_dags/example_xcom.py took 0.042 seconds
[2024-07-27T22:06:36.369+0000] {processor.py:161} INFO - Started process (PID=5578) to work on /home/airflow/.local/lib/python3.12/site-packages/airflow/example_dags/example_xcom.py
[2024-07-27T22:06:36.370+0000] {processor.py:830} INFO - Processing file /home/airflow/.local/lib/python3.12/site-packages/airflow/example_dags/example_xcom.py for tasks to queue
[2024-07-27T22:06:36.371+0000] {logging_mixin.py:188} INFO - [2024-07-27T22:06:36.371+0000] {dagbag.py:545} INFO - Filling up the DagBag from /home/airflow/.local/lib/python3.12/site-packages/airflow/example_dags/example_xcom.py
[2024-07-27T22:06:36.375+0000] {processor.py:840} INFO - DAG(s) 'example_xcom' retrieved from /home/airflow/.local/lib/python3.12/site-packages/airflow/example_dags/example_xcom.py
[2024-07-27T22:06:36.387+0000] {logging_mixin.py:188} INFO - [2024-07-27T22:06:36.387+0000] {dag.py:3089} INFO - Sync 1 DAGs
[2024-07-27T22:06:36.398+0000] {logging_mixin.py:188} INFO - [2024-07-27T22:06:36.398+0000] {dag.py:3947} INFO - Setting next_dagrun for example_xcom to 2021-01-01 00:00:00+00:00, run_after=2021-01-01 00:00:00+00:00
[2024-07-27T22:06:36.407+0000] {processor.py:183} INFO - Processing /home/airflow/.local/lib/python3.12/site-packages/airflow/example_dags/example_xcom.py took 0.041 seconds
[2024-07-27T22:07:06.791+0000] {processor.py:161} INFO - Started process (PID=5840) to work on /home/airflow/.local/lib/python3.12/site-packages/airflow/example_dags/example_xcom.py
[2024-07-27T22:07:06.792+0000] {processor.py:830} INFO - Processing file /home/airflow/.local/lib/python3.12/site-packages/airflow/example_dags/example_xcom.py for tasks to queue
[2024-07-27T22:07:06.793+0000] {logging_mixin.py:188} INFO - [2024-07-27T22:07:06.792+0000] {dagbag.py:545} INFO - Filling up the DagBag from /home/airflow/.local/lib/python3.12/site-packages/airflow/example_dags/example_xcom.py
[2024-07-27T22:07:06.797+0000] {processor.py:840} INFO - DAG(s) 'example_xcom' retrieved from /home/airflow/.local/lib/python3.12/site-packages/airflow/example_dags/example_xcom.py
[2024-07-27T22:07:06.808+0000] {logging_mixin.py:188} INFO - [2024-07-27T22:07:06.807+0000] {dag.py:3089} INFO - Sync 1 DAGs
[2024-07-27T22:07:06.819+0000] {logging_mixin.py:188} INFO - [2024-07-27T22:07:06.819+0000] {dag.py:3947} INFO - Setting next_dagrun for example_xcom to 2021-01-01 00:00:00+00:00, run_after=2021-01-01 00:00:00+00:00
[2024-07-27T22:07:06.828+0000] {processor.py:183} INFO - Processing /home/airflow/.local/lib/python3.12/site-packages/airflow/example_dags/example_xcom.py took 0.041 seconds
[2024-07-27T22:07:36.933+0000] {processor.py:161} INFO - Started process (PID=6102) to work on /home/airflow/.local/lib/python3.12/site-packages/airflow/example_dags/example_xcom.py
[2024-07-27T22:07:36.934+0000] {processor.py:830} INFO - Processing file /home/airflow/.local/lib/python3.12/site-packages/airflow/example_dags/example_xcom.py for tasks to queue
[2024-07-27T22:07:36.935+0000] {logging_mixin.py:188} INFO - [2024-07-27T22:07:36.935+0000] {dagbag.py:545} INFO - Filling up the DagBag from /home/airflow/.local/lib/python3.12/site-packages/airflow/example_dags/example_xcom.py
[2024-07-27T22:07:36.939+0000] {processor.py:840} INFO - DAG(s) 'example_xcom' retrieved from /home/airflow/.local/lib/python3.12/site-packages/airflow/example_dags/example_xcom.py
[2024-07-27T22:07:36.951+0000] {logging_mixin.py:188} INFO - [2024-07-27T22:07:36.950+0000] {dag.py:3089} INFO - Sync 1 DAGs
[2024-07-27T22:07:36.961+0000] {logging_mixin.py:188} INFO - [2024-07-27T22:07:36.961+0000] {dag.py:3947} INFO - Setting next_dagrun for example_xcom to 2021-01-01 00:00:00+00:00, run_after=2021-01-01 00:00:00+00:00
[2024-07-27T22:07:36.971+0000] {processor.py:183} INFO - Processing /home/airflow/.local/lib/python3.12/site-packages/airflow/example_dags/example_xcom.py took 0.040 seconds
[2024-07-27T22:08:08.047+0000] {processor.py:161} INFO - Started process (PID=6364) to work on /home/airflow/.local/lib/python3.12/site-packages/airflow/example_dags/example_xcom.py
[2024-07-27T22:08:08.048+0000] {processor.py:830} INFO - Processing file /home/airflow/.local/lib/python3.12/site-packages/airflow/example_dags/example_xcom.py for tasks to queue
[2024-07-27T22:08:08.049+0000] {logging_mixin.py:188} INFO - [2024-07-27T22:08:08.049+0000] {dagbag.py:545} INFO - Filling up the DagBag from /home/airflow/.local/lib/python3.12/site-packages/airflow/example_dags/example_xcom.py
[2024-07-27T22:08:08.053+0000] {processor.py:840} INFO - DAG(s) 'example_xcom' retrieved from /home/airflow/.local/lib/python3.12/site-packages/airflow/example_dags/example_xcom.py
[2024-07-27T22:08:08.066+0000] {logging_mixin.py:188} INFO - [2024-07-27T22:08:08.066+0000] {dag.py:3089} INFO - Sync 1 DAGs
[2024-07-27T22:08:08.078+0000] {logging_mixin.py:188} INFO - [2024-07-27T22:08:08.078+0000] {dag.py:3947} INFO - Setting next_dagrun for example_xcom to 2021-01-01 00:00:00+00:00, run_after=2021-01-01 00:00:00+00:00
[2024-07-27T22:08:08.087+0000] {processor.py:183} INFO - Processing /home/airflow/.local/lib/python3.12/site-packages/airflow/example_dags/example_xcom.py took 0.043 seconds
[2024-07-27T22:08:38.307+0000] {processor.py:161} INFO - Started process (PID=6626) to work on /home/airflow/.local/lib/python3.12/site-packages/airflow/example_dags/example_xcom.py
[2024-07-27T22:08:38.308+0000] {processor.py:830} INFO - Processing file /home/airflow/.local/lib/python3.12/site-packages/airflow/example_dags/example_xcom.py for tasks to queue
[2024-07-27T22:08:38.309+0000] {logging_mixin.py:188} INFO - [2024-07-27T22:08:38.309+0000] {dagbag.py:545} INFO - Filling up the DagBag from /home/airflow/.local/lib/python3.12/site-packages/airflow/example_dags/example_xcom.py
[2024-07-27T22:08:38.313+0000] {processor.py:840} INFO - DAG(s) 'example_xcom' retrieved from /home/airflow/.local/lib/python3.12/site-packages/airflow/example_dags/example_xcom.py
[2024-07-27T22:08:38.324+0000] {logging_mixin.py:188} INFO - [2024-07-27T22:08:38.324+0000] {dag.py:3089} INFO - Sync 1 DAGs
[2024-07-27T22:08:38.335+0000] {logging_mixin.py:188} INFO - [2024-07-27T22:08:38.334+0000] {dag.py:3947} INFO - Setting next_dagrun for example_xcom to 2021-01-01 00:00:00+00:00, run_after=2021-01-01 00:00:00+00:00
[2024-07-27T22:08:38.343+0000] {processor.py:183} INFO - Processing /home/airflow/.local/lib/python3.12/site-packages/airflow/example_dags/example_xcom.py took 0.040 seconds
[2024-07-27T22:09:09.243+0000] {processor.py:161} INFO - Started process (PID=6888) to work on /home/airflow/.local/lib/python3.12/site-packages/airflow/example_dags/example_xcom.py
[2024-07-27T22:09:09.244+0000] {processor.py:830} INFO - Processing file /home/airflow/.local/lib/python3.12/site-packages/airflow/example_dags/example_xcom.py for tasks to queue
[2024-07-27T22:09:09.245+0000] {logging_mixin.py:188} INFO - [2024-07-27T22:09:09.245+0000] {dagbag.py:545} INFO - Filling up the DagBag from /home/airflow/.local/lib/python3.12/site-packages/airflow/example_dags/example_xcom.py
[2024-07-27T22:09:09.249+0000] {processor.py:840} INFO - DAG(s) 'example_xcom' retrieved from /home/airflow/.local/lib/python3.12/site-packages/airflow/example_dags/example_xcom.py
[2024-07-27T22:09:09.260+0000] {logging_mixin.py:188} INFO - [2024-07-27T22:09:09.260+0000] {dag.py:3089} INFO - Sync 1 DAGs
[2024-07-27T22:09:09.270+0000] {logging_mixin.py:188} INFO - [2024-07-27T22:09:09.270+0000] {dag.py:3947} INFO - Setting next_dagrun for example_xcom to 2021-01-01 00:00:00+00:00, run_after=2021-01-01 00:00:00+00:00
[2024-07-27T22:09:09.279+0000] {processor.py:183} INFO - Processing /home/airflow/.local/lib/python3.12/site-packages/airflow/example_dags/example_xcom.py took 0.040 seconds
[2024-07-27T22:09:39.517+0000] {processor.py:161} INFO - Started process (PID=7150) to work on /home/airflow/.local/lib/python3.12/site-packages/airflow/example_dags/example_xcom.py
[2024-07-27T22:09:39.518+0000] {processor.py:830} INFO - Processing file /home/airflow/.local/lib/python3.12/site-packages/airflow/example_dags/example_xcom.py for tasks to queue
[2024-07-27T22:09:39.519+0000] {logging_mixin.py:188} INFO - [2024-07-27T22:09:39.519+0000] {dagbag.py:545} INFO - Filling up the DagBag from /home/airflow/.local/lib/python3.12/site-packages/airflow/example_dags/example_xcom.py
[2024-07-27T22:09:39.523+0000] {processor.py:840} INFO - DAG(s) 'example_xcom' retrieved from /home/airflow/.local/lib/python3.12/site-packages/airflow/example_dags/example_xcom.py
[2024-07-27T22:09:39.534+0000] {logging_mixin.py:188} INFO - [2024-07-27T22:09:39.534+0000] {dag.py:3089} INFO - Sync 1 DAGs
[2024-07-27T22:09:39.545+0000] {logging_mixin.py:188} INFO - [2024-07-27T22:09:39.545+0000] {dag.py:3947} INFO - Setting next_dagrun for example_xcom to 2021-01-01 00:00:00+00:00, run_after=2021-01-01 00:00:00+00:00
[2024-07-27T22:09:39.554+0000] {processor.py:183} INFO - Processing /home/airflow/.local/lib/python3.12/site-packages/airflow/example_dags/example_xcom.py took 0.040 seconds
[2024-07-27T22:10:09.839+0000] {processor.py:161} INFO - Started process (PID=7412) to work on /home/airflow/.local/lib/python3.12/site-packages/airflow/example_dags/example_xcom.py
[2024-07-27T22:10:09.839+0000] {processor.py:830} INFO - Processing file /home/airflow/.local/lib/python3.12/site-packages/airflow/example_dags/example_xcom.py for tasks to queue
[2024-07-27T22:10:09.841+0000] {logging_mixin.py:188} INFO - [2024-07-27T22:10:09.840+0000] {dagbag.py:545} INFO - Filling up the DagBag from /home/airflow/.local/lib/python3.12/site-packages/airflow/example_dags/example_xcom.py
[2024-07-27T22:10:09.844+0000] {processor.py:840} INFO - DAG(s) 'example_xcom' retrieved from /home/airflow/.local/lib/python3.12/site-packages/airflow/example_dags/example_xcom.py
[2024-07-27T22:10:09.858+0000] {logging_mixin.py:188} INFO - [2024-07-27T22:10:09.858+0000] {dag.py:3089} INFO - Sync 1 DAGs
[2024-07-27T22:10:09.870+0000] {logging_mixin.py:188} INFO - [2024-07-27T22:10:09.870+0000] {dag.py:3947} INFO - Setting next_dagrun for example_xcom to 2021-01-01 00:00:00+00:00, run_after=2021-01-01 00:00:00+00:00
[2024-07-27T22:10:09.880+0000] {processor.py:183} INFO - Processing /home/airflow/.local/lib/python3.12/site-packages/airflow/example_dags/example_xcom.py took 0.045 seconds
[2024-07-27T22:10:40.248+0000] {processor.py:161} INFO - Started process (PID=7676) to work on /home/airflow/.local/lib/python3.12/site-packages/airflow/example_dags/example_xcom.py
[2024-07-27T22:10:40.249+0000] {processor.py:830} INFO - Processing file /home/airflow/.local/lib/python3.12/site-packages/airflow/example_dags/example_xcom.py for tasks to queue
[2024-07-27T22:10:40.250+0000] {logging_mixin.py:188} INFO - [2024-07-27T22:10:40.250+0000] {dagbag.py:545} INFO - Filling up the DagBag from /home/airflow/.local/lib/python3.12/site-packages/airflow/example_dags/example_xcom.py
[2024-07-27T22:10:40.254+0000] {processor.py:840} INFO - DAG(s) 'example_xcom' retrieved from /home/airflow/.local/lib/python3.12/site-packages/airflow/example_dags/example_xcom.py
[2024-07-27T22:10:40.265+0000] {logging_mixin.py:188} INFO - [2024-07-27T22:10:40.265+0000] {dag.py:3089} INFO - Sync 1 DAGs
[2024-07-27T22:10:40.276+0000] {logging_mixin.py:188} INFO - [2024-07-27T22:10:40.275+0000] {dag.py:3947} INFO - Setting next_dagrun for example_xcom to 2021-01-01 00:00:00+00:00, run_after=2021-01-01 00:00:00+00:00
[2024-07-27T22:10:40.284+0000] {processor.py:183} INFO - Processing /home/airflow/.local/lib/python3.12/site-packages/airflow/example_dags/example_xcom.py took 0.039 seconds
[2024-07-27T22:11:11.359+0000] {processor.py:161} INFO - Started process (PID=7942) to work on /home/airflow/.local/lib/python3.12/site-packages/airflow/example_dags/example_xcom.py
[2024-07-27T22:11:11.360+0000] {processor.py:830} INFO - Processing file /home/airflow/.local/lib/python3.12/site-packages/airflow/example_dags/example_xcom.py for tasks to queue
[2024-07-27T22:11:11.361+0000] {logging_mixin.py:188} INFO - [2024-07-27T22:11:11.361+0000] {dagbag.py:545} INFO - Filling up the DagBag from /home/airflow/.local/lib/python3.12/site-packages/airflow/example_dags/example_xcom.py
[2024-07-27T22:11:11.365+0000] {processor.py:840} INFO - DAG(s) 'example_xcom' retrieved from /home/airflow/.local/lib/python3.12/site-packages/airflow/example_dags/example_xcom.py
[2024-07-27T22:11:11.376+0000] {logging_mixin.py:188} INFO - [2024-07-27T22:11:11.376+0000] {dag.py:3089} INFO - Sync 1 DAGs
[2024-07-27T22:11:11.387+0000] {logging_mixin.py:188} INFO - [2024-07-27T22:11:11.387+0000] {dag.py:3947} INFO - Setting next_dagrun for example_xcom to 2021-01-01 00:00:00+00:00, run_after=2021-01-01 00:00:00+00:00
[2024-07-27T22:11:11.395+0000] {processor.py:183} INFO - Processing /home/airflow/.local/lib/python3.12/site-packages/airflow/example_dags/example_xcom.py took 0.041 seconds
[2024-07-27T22:11:41.625+0000] {processor.py:161} INFO - Started process (PID=8205) to work on /home/airflow/.local/lib/python3.12/site-packages/airflow/example_dags/example_xcom.py
[2024-07-27T22:11:41.626+0000] {processor.py:830} INFO - Processing file /home/airflow/.local/lib/python3.12/site-packages/airflow/example_dags/example_xcom.py for tasks to queue
[2024-07-27T22:11:41.627+0000] {logging_mixin.py:188} INFO - [2024-07-27T22:11:41.627+0000] {dagbag.py:545} INFO - Filling up the DagBag from /home/airflow/.local/lib/python3.12/site-packages/airflow/example_dags/example_xcom.py
[2024-07-27T22:11:41.631+0000] {processor.py:840} INFO - DAG(s) 'example_xcom' retrieved from /home/airflow/.local/lib/python3.12/site-packages/airflow/example_dags/example_xcom.py
[2024-07-27T22:11:41.645+0000] {logging_mixin.py:188} INFO - [2024-07-27T22:11:41.645+0000] {dag.py:3089} INFO - Sync 1 DAGs
[2024-07-27T22:11:41.656+0000] {logging_mixin.py:188} INFO - [2024-07-27T22:11:41.656+0000] {dag.py:3947} INFO - Setting next_dagrun for example_xcom to 2021-01-01 00:00:00+00:00, run_after=2021-01-01 00:00:00+00:00
[2024-07-27T22:11:41.665+0000] {processor.py:183} INFO - Processing /home/airflow/.local/lib/python3.12/site-packages/airflow/example_dags/example_xcom.py took 0.043 seconds
[2024-07-27T22:12:11.969+0000] {processor.py:161} INFO - Started process (PID=8467) to work on /home/airflow/.local/lib/python3.12/site-packages/airflow/example_dags/example_xcom.py
[2024-07-27T22:12:11.970+0000] {processor.py:830} INFO - Processing file /home/airflow/.local/lib/python3.12/site-packages/airflow/example_dags/example_xcom.py for tasks to queue
[2024-07-27T22:12:11.971+0000] {logging_mixin.py:188} INFO - [2024-07-27T22:12:11.971+0000] {dagbag.py:545} INFO - Filling up the DagBag from /home/airflow/.local/lib/python3.12/site-packages/airflow/example_dags/example_xcom.py
[2024-07-27T22:12:11.976+0000] {processor.py:840} INFO - DAG(s) 'example_xcom' retrieved from /home/airflow/.local/lib/python3.12/site-packages/airflow/example_dags/example_xcom.py
[2024-07-27T22:12:11.986+0000] {logging_mixin.py:188} INFO - [2024-07-27T22:12:11.986+0000] {dag.py:3089} INFO - Sync 1 DAGs
[2024-07-27T22:12:11.998+0000] {logging_mixin.py:188} INFO - [2024-07-27T22:12:11.998+0000] {dag.py:3947} INFO - Setting next_dagrun for example_xcom to 2021-01-01 00:00:00+00:00, run_after=2021-01-01 00:00:00+00:00
[2024-07-27T22:12:12.007+0000] {processor.py:183} INFO - Processing /home/airflow/.local/lib/python3.12/site-packages/airflow/example_dags/example_xcom.py took 0.041 seconds
[2024-07-27T22:12:42.405+0000] {processor.py:161} INFO - Started process (PID=8729) to work on /home/airflow/.local/lib/python3.12/site-packages/airflow/example_dags/example_xcom.py
[2024-07-27T22:12:42.407+0000] {processor.py:830} INFO - Processing file /home/airflow/.local/lib/python3.12/site-packages/airflow/example_dags/example_xcom.py for tasks to queue
[2024-07-27T22:12:42.408+0000] {logging_mixin.py:188} INFO - [2024-07-27T22:12:42.408+0000] {dagbag.py:545} INFO - Filling up the DagBag from /home/airflow/.local/lib/python3.12/site-packages/airflow/example_dags/example_xcom.py
[2024-07-27T22:12:42.413+0000] {processor.py:840} INFO - DAG(s) 'example_xcom' retrieved from /home/airflow/.local/lib/python3.12/site-packages/airflow/example_dags/example_xcom.py
[2024-07-27T22:12:42.437+0000] {logging_mixin.py:188} INFO - [2024-07-27T22:12:42.437+0000] {dag.py:3089} INFO - Sync 1 DAGs
[2024-07-27T22:12:42.453+0000] {logging_mixin.py:188} INFO - [2024-07-27T22:12:42.453+0000] {dag.py:3947} INFO - Setting next_dagrun for example_xcom to 2021-01-01 00:00:00+00:00, run_after=2021-01-01 00:00:00+00:00
[2024-07-27T22:12:42.465+0000] {processor.py:183} INFO - Processing /home/airflow/.local/lib/python3.12/site-packages/airflow/example_dags/example_xcom.py took 0.066 seconds
[2024-07-27T22:13:12.558+0000] {processor.py:161} INFO - Started process (PID=8988) to work on /home/airflow/.local/lib/python3.12/site-packages/airflow/example_dags/example_xcom.py
[2024-07-27T22:13:12.559+0000] {processor.py:830} INFO - Processing file /home/airflow/.local/lib/python3.12/site-packages/airflow/example_dags/example_xcom.py for tasks to queue
[2024-07-27T22:13:12.560+0000] {logging_mixin.py:188} INFO - [2024-07-27T22:13:12.560+0000] {dagbag.py:545} INFO - Filling up the DagBag from /home/airflow/.local/lib/python3.12/site-packages/airflow/example_dags/example_xcom.py
[2024-07-27T22:13:12.564+0000] {processor.py:840} INFO - DAG(s) 'example_xcom' retrieved from /home/airflow/.local/lib/python3.12/site-packages/airflow/example_dags/example_xcom.py
[2024-07-27T22:13:12.575+0000] {logging_mixin.py:188} INFO - [2024-07-27T22:13:12.575+0000] {dag.py:3089} INFO - Sync 1 DAGs
[2024-07-27T22:13:12.585+0000] {logging_mixin.py:188} INFO - [2024-07-27T22:13:12.585+0000] {dag.py:3947} INFO - Setting next_dagrun for example_xcom to 2021-01-01 00:00:00+00:00, run_after=2021-01-01 00:00:00+00:00
[2024-07-27T22:13:12.593+0000] {processor.py:183} INFO - Processing /home/airflow/.local/lib/python3.12/site-packages/airflow/example_dags/example_xcom.py took 0.038 seconds
[2024-07-27T22:13:42.794+0000] {processor.py:161} INFO - Started process (PID=9250) to work on /home/airflow/.local/lib/python3.12/site-packages/airflow/example_dags/example_xcom.py
[2024-07-27T22:13:42.795+0000] {processor.py:830} INFO - Processing file /home/airflow/.local/lib/python3.12/site-packages/airflow/example_dags/example_xcom.py for tasks to queue
[2024-07-27T22:13:42.796+0000] {logging_mixin.py:188} INFO - [2024-07-27T22:13:42.796+0000] {dagbag.py:545} INFO - Filling up the DagBag from /home/airflow/.local/lib/python3.12/site-packages/airflow/example_dags/example_xcom.py
[2024-07-27T22:13:42.800+0000] {processor.py:840} INFO - DAG(s) 'example_xcom' retrieved from /home/airflow/.local/lib/python3.12/site-packages/airflow/example_dags/example_xcom.py
[2024-07-27T22:13:42.812+0000] {logging_mixin.py:188} INFO - [2024-07-27T22:13:42.812+0000] {dag.py:3089} INFO - Sync 1 DAGs
[2024-07-27T22:13:42.822+0000] {logging_mixin.py:188} INFO - [2024-07-27T22:13:42.822+0000] {dag.py:3947} INFO - Setting next_dagrun for example_xcom to 2021-01-01 00:00:00+00:00, run_after=2021-01-01 00:00:00+00:00
[2024-07-27T22:13:42.831+0000] {processor.py:183} INFO - Processing /home/airflow/.local/lib/python3.12/site-packages/airflow/example_dags/example_xcom.py took 0.040 seconds
[2024-07-27T22:14:13.287+0000] {processor.py:161} INFO - Started process (PID=9509) to work on /home/airflow/.local/lib/python3.12/site-packages/airflow/example_dags/example_xcom.py
[2024-07-27T22:14:13.288+0000] {processor.py:830} INFO - Processing file /home/airflow/.local/lib/python3.12/site-packages/airflow/example_dags/example_xcom.py for tasks to queue
[2024-07-27T22:14:13.289+0000] {logging_mixin.py:188} INFO - [2024-07-27T22:14:13.289+0000] {dagbag.py:545} INFO - Filling up the DagBag from /home/airflow/.local/lib/python3.12/site-packages/airflow/example_dags/example_xcom.py
[2024-07-27T22:14:13.293+0000] {processor.py:840} INFO - DAG(s) 'example_xcom' retrieved from /home/airflow/.local/lib/python3.12/site-packages/airflow/example_dags/example_xcom.py
[2024-07-27T22:14:13.305+0000] {logging_mixin.py:188} INFO - [2024-07-27T22:14:13.304+0000] {dag.py:3089} INFO - Sync 1 DAGs
[2024-07-27T22:14:13.315+0000] {logging_mixin.py:188} INFO - [2024-07-27T22:14:13.315+0000] {dag.py:3947} INFO - Setting next_dagrun for example_xcom to 2021-01-01 00:00:00+00:00, run_after=2021-01-01 00:00:00+00:00
[2024-07-27T22:14:13.324+0000] {processor.py:183} INFO - Processing /home/airflow/.local/lib/python3.12/site-packages/airflow/example_dags/example_xcom.py took 0.040 seconds
[2024-07-27T22:14:43.585+0000] {processor.py:161} INFO - Started process (PID=9771) to work on /home/airflow/.local/lib/python3.12/site-packages/airflow/example_dags/example_xcom.py
[2024-07-27T22:14:43.587+0000] {processor.py:830} INFO - Processing file /home/airflow/.local/lib/python3.12/site-packages/airflow/example_dags/example_xcom.py for tasks to queue
[2024-07-27T22:14:43.588+0000] {logging_mixin.py:188} INFO - [2024-07-27T22:14:43.588+0000] {dagbag.py:545} INFO - Filling up the DagBag from /home/airflow/.local/lib/python3.12/site-packages/airflow/example_dags/example_xcom.py
[2024-07-27T22:14:43.592+0000] {processor.py:840} INFO - DAG(s) 'example_xcom' retrieved from /home/airflow/.local/lib/python3.12/site-packages/airflow/example_dags/example_xcom.py
[2024-07-27T22:14:43.606+0000] {logging_mixin.py:188} INFO - [2024-07-27T22:14:43.606+0000] {dag.py:3089} INFO - Sync 1 DAGs
[2024-07-27T22:14:43.623+0000] {logging_mixin.py:188} INFO - [2024-07-27T22:14:43.623+0000] {dag.py:3947} INFO - Setting next_dagrun for example_xcom to 2021-01-01 00:00:00+00:00, run_after=2021-01-01 00:00:00+00:00
[2024-07-27T22:14:43.642+0000] {processor.py:183} INFO - Processing /home/airflow/.local/lib/python3.12/site-packages/airflow/example_dags/example_xcom.py took 0.061 seconds
[2024-07-27T22:15:13.973+0000] {processor.py:161} INFO - Started process (PID=10034) to work on /home/airflow/.local/lib/python3.12/site-packages/airflow/example_dags/example_xcom.py
[2024-07-27T22:15:13.974+0000] {processor.py:830} INFO - Processing file /home/airflow/.local/lib/python3.12/site-packages/airflow/example_dags/example_xcom.py for tasks to queue
[2024-07-27T22:15:13.975+0000] {logging_mixin.py:188} INFO - [2024-07-27T22:15:13.975+0000] {dagbag.py:545} INFO - Filling up the DagBag from /home/airflow/.local/lib/python3.12/site-packages/airflow/example_dags/example_xcom.py
[2024-07-27T22:15:13.979+0000] {processor.py:840} INFO - DAG(s) 'example_xcom' retrieved from /home/airflow/.local/lib/python3.12/site-packages/airflow/example_dags/example_xcom.py
[2024-07-27T22:15:13.990+0000] {logging_mixin.py:188} INFO - [2024-07-27T22:15:13.990+0000] {dag.py:3089} INFO - Sync 1 DAGs
[2024-07-27T22:15:14.001+0000] {logging_mixin.py:188} INFO - [2024-07-27T22:15:14.001+0000] {dag.py:3947} INFO - Setting next_dagrun for example_xcom to 2021-01-01 00:00:00+00:00, run_after=2021-01-01 00:00:00+00:00
[2024-07-27T22:15:14.010+0000] {processor.py:183} INFO - Processing /home/airflow/.local/lib/python3.12/site-packages/airflow/example_dags/example_xcom.py took 0.041 seconds
[2024-07-27T22:15:44.110+0000] {processor.py:161} INFO - Started process (PID=10296) to work on /home/airflow/.local/lib/python3.12/site-packages/airflow/example_dags/example_xcom.py
[2024-07-27T22:15:44.111+0000] {processor.py:830} INFO - Processing file /home/airflow/.local/lib/python3.12/site-packages/airflow/example_dags/example_xcom.py for tasks to queue
[2024-07-27T22:15:44.114+0000] {logging_mixin.py:188} INFO - [2024-07-27T22:15:44.113+0000] {dagbag.py:545} INFO - Filling up the DagBag from /home/airflow/.local/lib/python3.12/site-packages/airflow/example_dags/example_xcom.py
[2024-07-27T22:15:44.117+0000] {processor.py:840} INFO - DAG(s) 'example_xcom' retrieved from /home/airflow/.local/lib/python3.12/site-packages/airflow/example_dags/example_xcom.py
[2024-07-27T22:15:44.129+0000] {logging_mixin.py:188} INFO - [2024-07-27T22:15:44.129+0000] {dag.py:3089} INFO - Sync 1 DAGs
[2024-07-27T22:15:44.139+0000] {logging_mixin.py:188} INFO - [2024-07-27T22:15:44.139+0000] {dag.py:3947} INFO - Setting next_dagrun for example_xcom to 2021-01-01 00:00:00+00:00, run_after=2021-01-01 00:00:00+00:00
[2024-07-27T22:15:44.147+0000] {processor.py:183} INFO - Processing /home/airflow/.local/lib/python3.12/site-packages/airflow/example_dags/example_xcom.py took 0.042 seconds
[2024-07-27T22:16:15.246+0000] {processor.py:161} INFO - Started process (PID=10561) to work on /home/airflow/.local/lib/python3.12/site-packages/airflow/example_dags/example_xcom.py
[2024-07-27T22:16:15.247+0000] {processor.py:830} INFO - Processing file /home/airflow/.local/lib/python3.12/site-packages/airflow/example_dags/example_xcom.py for tasks to queue
[2024-07-27T22:16:15.248+0000] {logging_mixin.py:188} INFO - [2024-07-27T22:16:15.248+0000] {dagbag.py:545} INFO - Filling up the DagBag from /home/airflow/.local/lib/python3.12/site-packages/airflow/example_dags/example_xcom.py
[2024-07-27T22:16:15.253+0000] {processor.py:840} INFO - DAG(s) 'example_xcom' retrieved from /home/airflow/.local/lib/python3.12/site-packages/airflow/example_dags/example_xcom.py
[2024-07-27T22:16:15.264+0000] {logging_mixin.py:188} INFO - [2024-07-27T22:16:15.264+0000] {dag.py:3089} INFO - Sync 1 DAGs
[2024-07-27T22:16:15.275+0000] {logging_mixin.py:188} INFO - [2024-07-27T22:16:15.274+0000] {dag.py:3947} INFO - Setting next_dagrun for example_xcom to 2021-01-01 00:00:00+00:00, run_after=2021-01-01 00:00:00+00:00
[2024-07-27T22:16:15.283+0000] {processor.py:183} INFO - Processing /home/airflow/.local/lib/python3.12/site-packages/airflow/example_dags/example_xcom.py took 0.040 seconds
[2024-07-27T22:16:46.756+0000] {processor.py:161} INFO - Started process (PID=10821) to work on /home/airflow/.local/lib/python3.12/site-packages/airflow/example_dags/example_xcom.py
[2024-07-27T22:16:46.757+0000] {processor.py:830} INFO - Processing file /home/airflow/.local/lib/python3.12/site-packages/airflow/example_dags/example_xcom.py for tasks to queue
[2024-07-27T22:16:46.758+0000] {logging_mixin.py:188} INFO - [2024-07-27T22:16:46.758+0000] {dagbag.py:545} INFO - Filling up the DagBag from /home/airflow/.local/lib/python3.12/site-packages/airflow/example_dags/example_xcom.py
[2024-07-27T22:16:46.764+0000] {processor.py:840} INFO - DAG(s) 'example_xcom' retrieved from /home/airflow/.local/lib/python3.12/site-packages/airflow/example_dags/example_xcom.py
[2024-07-27T22:16:46.779+0000] {logging_mixin.py:188} INFO - [2024-07-27T22:16:46.779+0000] {dag.py:3089} INFO - Sync 1 DAGs
[2024-07-27T22:16:46.920+0000] {logging_mixin.py:188} INFO - [2024-07-27T22:16:46.920+0000] {dag.py:3947} INFO - Setting next_dagrun for example_xcom to 2021-01-01 00:00:00+00:00, run_after=2021-01-01 00:00:00+00:00
[2024-07-27T22:16:46.930+0000] {processor.py:183} INFO - Processing /home/airflow/.local/lib/python3.12/site-packages/airflow/example_dags/example_xcom.py took 0.178 seconds
[2024-07-27T22:17:17.713+0000] {processor.py:161} INFO - Started process (PID=11083) to work on /home/airflow/.local/lib/python3.12/site-packages/airflow/example_dags/example_xcom.py
[2024-07-27T22:17:17.717+0000] {processor.py:830} INFO - Processing file /home/airflow/.local/lib/python3.12/site-packages/airflow/example_dags/example_xcom.py for tasks to queue
[2024-07-27T22:17:17.719+0000] {logging_mixin.py:188} INFO - [2024-07-27T22:17:17.719+0000] {dagbag.py:545} INFO - Filling up the DagBag from /home/airflow/.local/lib/python3.12/site-packages/airflow/example_dags/example_xcom.py
[2024-07-27T22:17:17.724+0000] {processor.py:840} INFO - DAG(s) 'example_xcom' retrieved from /home/airflow/.local/lib/python3.12/site-packages/airflow/example_dags/example_xcom.py
[2024-07-27T22:17:17.736+0000] {logging_mixin.py:188} INFO - [2024-07-27T22:17:17.736+0000] {dag.py:3089} INFO - Sync 1 DAGs
[2024-07-27T22:17:17.748+0000] {logging_mixin.py:188} INFO - [2024-07-27T22:17:17.748+0000] {dag.py:3947} INFO - Setting next_dagrun for example_xcom to 2021-01-01 00:00:00+00:00, run_after=2021-01-01 00:00:00+00:00
[2024-07-27T22:17:17.758+0000] {processor.py:183} INFO - Processing /home/airflow/.local/lib/python3.12/site-packages/airflow/example_dags/example_xcom.py took 0.050 seconds
[2024-07-27T22:17:48.189+0000] {processor.py:161} INFO - Started process (PID=11347) to work on /home/airflow/.local/lib/python3.12/site-packages/airflow/example_dags/example_xcom.py
[2024-07-27T22:17:48.189+0000] {processor.py:830} INFO - Processing file /home/airflow/.local/lib/python3.12/site-packages/airflow/example_dags/example_xcom.py for tasks to queue
[2024-07-27T22:17:48.190+0000] {logging_mixin.py:188} INFO - [2024-07-27T22:17:48.190+0000] {dagbag.py:545} INFO - Filling up the DagBag from /home/airflow/.local/lib/python3.12/site-packages/airflow/example_dags/example_xcom.py
[2024-07-27T22:17:48.194+0000] {processor.py:840} INFO - DAG(s) 'example_xcom' retrieved from /home/airflow/.local/lib/python3.12/site-packages/airflow/example_dags/example_xcom.py
[2024-07-27T22:17:48.207+0000] {logging_mixin.py:188} INFO - [2024-07-27T22:17:48.207+0000] {dag.py:3089} INFO - Sync 1 DAGs
[2024-07-27T22:17:48.217+0000] {logging_mixin.py:188} INFO - [2024-07-27T22:17:48.217+0000] {dag.py:3947} INFO - Setting next_dagrun for example_xcom to 2021-01-01 00:00:00+00:00, run_after=2021-01-01 00:00:00+00:00
[2024-07-27T22:17:48.225+0000] {processor.py:183} INFO - Processing /home/airflow/.local/lib/python3.12/site-packages/airflow/example_dags/example_xcom.py took 0.040 seconds
[2024-07-27T22:18:18.458+0000] {processor.py:161} INFO - Started process (PID=11609) to work on /home/airflow/.local/lib/python3.12/site-packages/airflow/example_dags/example_xcom.py
[2024-07-27T22:18:18.459+0000] {processor.py:830} INFO - Processing file /home/airflow/.local/lib/python3.12/site-packages/airflow/example_dags/example_xcom.py for tasks to queue
[2024-07-27T22:18:18.460+0000] {logging_mixin.py:188} INFO - [2024-07-27T22:18:18.460+0000] {dagbag.py:545} INFO - Filling up the DagBag from /home/airflow/.local/lib/python3.12/site-packages/airflow/example_dags/example_xcom.py
[2024-07-27T22:18:18.464+0000] {processor.py:840} INFO - DAG(s) 'example_xcom' retrieved from /home/airflow/.local/lib/python3.12/site-packages/airflow/example_dags/example_xcom.py
[2024-07-27T22:18:18.476+0000] {logging_mixin.py:188} INFO - [2024-07-27T22:18:18.476+0000] {dag.py:3089} INFO - Sync 1 DAGs
[2024-07-27T22:18:18.496+0000] {logging_mixin.py:188} INFO - [2024-07-27T22:18:18.495+0000] {dag.py:3947} INFO - Setting next_dagrun for example_xcom to 2021-01-01 00:00:00+00:00, run_after=2021-01-01 00:00:00+00:00
[2024-07-27T22:18:18.504+0000] {processor.py:183} INFO - Processing /home/airflow/.local/lib/python3.12/site-packages/airflow/example_dags/example_xcom.py took 0.049 seconds
[2024-07-27T22:18:48.656+0000] {processor.py:161} INFO - Started process (PID=11871) to work on /home/airflow/.local/lib/python3.12/site-packages/airflow/example_dags/example_xcom.py
[2024-07-27T22:18:48.657+0000] {processor.py:830} INFO - Processing file /home/airflow/.local/lib/python3.12/site-packages/airflow/example_dags/example_xcom.py for tasks to queue
[2024-07-27T22:18:48.658+0000] {logging_mixin.py:188} INFO - [2024-07-27T22:18:48.658+0000] {dagbag.py:545} INFO - Filling up the DagBag from /home/airflow/.local/lib/python3.12/site-packages/airflow/example_dags/example_xcom.py
[2024-07-27T22:18:48.662+0000] {processor.py:840} INFO - DAG(s) 'example_xcom' retrieved from /home/airflow/.local/lib/python3.12/site-packages/airflow/example_dags/example_xcom.py
[2024-07-27T22:18:48.672+0000] {logging_mixin.py:188} INFO - [2024-07-27T22:18:48.672+0000] {dag.py:3089} INFO - Sync 1 DAGs
[2024-07-27T22:18:48.683+0000] {logging_mixin.py:188} INFO - [2024-07-27T22:18:48.683+0000] {dag.py:3947} INFO - Setting next_dagrun for example_xcom to 2021-01-01 00:00:00+00:00, run_after=2021-01-01 00:00:00+00:00
[2024-07-27T22:18:48.691+0000] {processor.py:183} INFO - Processing /home/airflow/.local/lib/python3.12/site-packages/airflow/example_dags/example_xcom.py took 0.038 seconds
[2024-07-27T22:19:19.017+0000] {processor.py:161} INFO - Started process (PID=12133) to work on /home/airflow/.local/lib/python3.12/site-packages/airflow/example_dags/example_xcom.py
[2024-07-27T22:19:19.018+0000] {processor.py:830} INFO - Processing file /home/airflow/.local/lib/python3.12/site-packages/airflow/example_dags/example_xcom.py for tasks to queue
[2024-07-27T22:19:19.019+0000] {logging_mixin.py:188} INFO - [2024-07-27T22:19:19.019+0000] {dagbag.py:545} INFO - Filling up the DagBag from /home/airflow/.local/lib/python3.12/site-packages/airflow/example_dags/example_xcom.py
[2024-07-27T22:19:19.024+0000] {processor.py:840} INFO - DAG(s) 'example_xcom' retrieved from /home/airflow/.local/lib/python3.12/site-packages/airflow/example_dags/example_xcom.py
[2024-07-27T22:19:19.038+0000] {logging_mixin.py:188} INFO - [2024-07-27T22:19:19.038+0000] {dag.py:3089} INFO - Sync 1 DAGs
[2024-07-27T22:19:19.049+0000] {logging_mixin.py:188} INFO - [2024-07-27T22:19:19.049+0000] {dag.py:3947} INFO - Setting next_dagrun for example_xcom to 2021-01-01 00:00:00+00:00, run_after=2021-01-01 00:00:00+00:00
[2024-07-27T22:19:19.062+0000] {processor.py:183} INFO - Processing /home/airflow/.local/lib/python3.12/site-packages/airflow/example_dags/example_xcom.py took 0.049 seconds
[2024-07-27T22:19:49.202+0000] {processor.py:161} INFO - Started process (PID=12394) to work on /home/airflow/.local/lib/python3.12/site-packages/airflow/example_dags/example_xcom.py
[2024-07-27T22:19:49.203+0000] {processor.py:830} INFO - Processing file /home/airflow/.local/lib/python3.12/site-packages/airflow/example_dags/example_xcom.py for tasks to queue
[2024-07-27T22:19:49.204+0000] {logging_mixin.py:188} INFO - [2024-07-27T22:19:49.204+0000] {dagbag.py:545} INFO - Filling up the DagBag from /home/airflow/.local/lib/python3.12/site-packages/airflow/example_dags/example_xcom.py
[2024-07-27T22:19:49.208+0000] {processor.py:840} INFO - DAG(s) 'example_xcom' retrieved from /home/airflow/.local/lib/python3.12/site-packages/airflow/example_dags/example_xcom.py
[2024-07-27T22:19:49.219+0000] {logging_mixin.py:188} INFO - [2024-07-27T22:19:49.219+0000] {dag.py:3089} INFO - Sync 1 DAGs
[2024-07-27T22:19:49.229+0000] {logging_mixin.py:188} INFO - [2024-07-27T22:19:49.229+0000] {dag.py:3947} INFO - Setting next_dagrun for example_xcom to 2021-01-01 00:00:00+00:00, run_after=2021-01-01 00:00:00+00:00
[2024-07-27T22:19:49.238+0000] {processor.py:183} INFO - Processing /home/airflow/.local/lib/python3.12/site-packages/airflow/example_dags/example_xcom.py took 0.040 seconds
[2024-07-27T22:20:19.974+0000] {processor.py:161} INFO - Started process (PID=12660) to work on /home/airflow/.local/lib/python3.12/site-packages/airflow/example_dags/example_xcom.py
[2024-07-27T22:20:19.975+0000] {processor.py:830} INFO - Processing file /home/airflow/.local/lib/python3.12/site-packages/airflow/example_dags/example_xcom.py for tasks to queue
[2024-07-27T22:20:19.976+0000] {logging_mixin.py:188} INFO - [2024-07-27T22:20:19.976+0000] {dagbag.py:545} INFO - Filling up the DagBag from /home/airflow/.local/lib/python3.12/site-packages/airflow/example_dags/example_xcom.py
[2024-07-27T22:20:19.980+0000] {processor.py:840} INFO - DAG(s) 'example_xcom' retrieved from /home/airflow/.local/lib/python3.12/site-packages/airflow/example_dags/example_xcom.py
[2024-07-27T22:20:19.993+0000] {logging_mixin.py:188} INFO - [2024-07-27T22:20:19.993+0000] {dag.py:3089} INFO - Sync 1 DAGs
[2024-07-27T22:20:20.005+0000] {logging_mixin.py:188} INFO - [2024-07-27T22:20:20.005+0000] {dag.py:3947} INFO - Setting next_dagrun for example_xcom to 2021-01-01 00:00:00+00:00, run_after=2021-01-01 00:00:00+00:00
[2024-07-27T22:20:20.015+0000] {processor.py:183} INFO - Processing /home/airflow/.local/lib/python3.12/site-packages/airflow/example_dags/example_xcom.py took 0.045 seconds
[2024-07-27T22:20:50.332+0000] {processor.py:161} INFO - Started process (PID=12932) to work on /home/airflow/.local/lib/python3.12/site-packages/airflow/example_dags/example_xcom.py
[2024-07-27T22:20:50.334+0000] {processor.py:830} INFO - Processing file /home/airflow/.local/lib/python3.12/site-packages/airflow/example_dags/example_xcom.py for tasks to queue
[2024-07-27T22:20:50.335+0000] {logging_mixin.py:188} INFO - [2024-07-27T22:20:50.335+0000] {dagbag.py:545} INFO - Filling up the DagBag from /home/airflow/.local/lib/python3.12/site-packages/airflow/example_dags/example_xcom.py
[2024-07-27T22:20:50.340+0000] {processor.py:840} INFO - DAG(s) 'example_xcom' retrieved from /home/airflow/.local/lib/python3.12/site-packages/airflow/example_dags/example_xcom.py
[2024-07-27T22:20:50.352+0000] {logging_mixin.py:188} INFO - [2024-07-27T22:20:50.352+0000] {dag.py:3089} INFO - Sync 1 DAGs
[2024-07-27T22:20:50.364+0000] {logging_mixin.py:188} INFO - [2024-07-27T22:20:50.363+0000] {dag.py:3947} INFO - Setting next_dagrun for example_xcom to 2021-01-01 00:00:00+00:00, run_after=2021-01-01 00:00:00+00:00
[2024-07-27T22:20:50.372+0000] {processor.py:183} INFO - Processing /home/airflow/.local/lib/python3.12/site-packages/airflow/example_dags/example_xcom.py took 0.043 seconds
[2024-07-27T22:21:20.736+0000] {processor.py:161} INFO - Started process (PID=13199) to work on /home/airflow/.local/lib/python3.12/site-packages/airflow/example_dags/example_xcom.py
[2024-07-27T22:21:20.737+0000] {processor.py:830} INFO - Processing file /home/airflow/.local/lib/python3.12/site-packages/airflow/example_dags/example_xcom.py for tasks to queue
[2024-07-27T22:21:20.738+0000] {logging_mixin.py:188} INFO - [2024-07-27T22:21:20.738+0000] {dagbag.py:545} INFO - Filling up the DagBag from /home/airflow/.local/lib/python3.12/site-packages/airflow/example_dags/example_xcom.py
[2024-07-27T22:21:20.742+0000] {processor.py:840} INFO - DAG(s) 'example_xcom' retrieved from /home/airflow/.local/lib/python3.12/site-packages/airflow/example_dags/example_xcom.py
[2024-07-27T22:21:20.754+0000] {logging_mixin.py:188} INFO - [2024-07-27T22:21:20.754+0000] {dag.py:3089} INFO - Sync 1 DAGs
[2024-07-27T22:21:20.765+0000] {logging_mixin.py:188} INFO - [2024-07-27T22:21:20.765+0000] {dag.py:3947} INFO - Setting next_dagrun for example_xcom to 2021-01-01 00:00:00+00:00, run_after=2021-01-01 00:00:00+00:00
[2024-07-27T22:21:20.774+0000] {processor.py:183} INFO - Processing /home/airflow/.local/lib/python3.12/site-packages/airflow/example_dags/example_xcom.py took 0.042 seconds
[2024-07-27T22:21:51.081+0000] {processor.py:161} INFO - Started process (PID=13466) to work on /home/airflow/.local/lib/python3.12/site-packages/airflow/example_dags/example_xcom.py
[2024-07-27T22:21:51.082+0000] {processor.py:830} INFO - Processing file /home/airflow/.local/lib/python3.12/site-packages/airflow/example_dags/example_xcom.py for tasks to queue
[2024-07-27T22:21:51.083+0000] {logging_mixin.py:188} INFO - [2024-07-27T22:21:51.083+0000] {dagbag.py:545} INFO - Filling up the DagBag from /home/airflow/.local/lib/python3.12/site-packages/airflow/example_dags/example_xcom.py
[2024-07-27T22:21:51.087+0000] {processor.py:840} INFO - DAG(s) 'example_xcom' retrieved from /home/airflow/.local/lib/python3.12/site-packages/airflow/example_dags/example_xcom.py
[2024-07-27T22:21:51.099+0000] {logging_mixin.py:188} INFO - [2024-07-27T22:21:51.098+0000] {dag.py:3089} INFO - Sync 1 DAGs
[2024-07-27T22:21:51.113+0000] {logging_mixin.py:188} INFO - [2024-07-27T22:21:51.112+0000] {dag.py:3947} INFO - Setting next_dagrun for example_xcom to 2021-01-01 00:00:00+00:00, run_after=2021-01-01 00:00:00+00:00
[2024-07-27T22:21:51.124+0000] {processor.py:183} INFO - Processing /home/airflow/.local/lib/python3.12/site-packages/airflow/example_dags/example_xcom.py took 0.047 seconds
[2024-07-27T22:22:21.369+0000] {processor.py:161} INFO - Started process (PID=13735) to work on /home/airflow/.local/lib/python3.12/site-packages/airflow/example_dags/example_xcom.py
[2024-07-27T22:22:21.370+0000] {processor.py:830} INFO - Processing file /home/airflow/.local/lib/python3.12/site-packages/airflow/example_dags/example_xcom.py for tasks to queue
[2024-07-27T22:22:21.371+0000] {logging_mixin.py:188} INFO - [2024-07-27T22:22:21.371+0000] {dagbag.py:545} INFO - Filling up the DagBag from /home/airflow/.local/lib/python3.12/site-packages/airflow/example_dags/example_xcom.py
[2024-07-27T22:22:21.375+0000] {processor.py:840} INFO - DAG(s) 'example_xcom' retrieved from /home/airflow/.local/lib/python3.12/site-packages/airflow/example_dags/example_xcom.py
[2024-07-27T22:22:21.387+0000] {logging_mixin.py:188} INFO - [2024-07-27T22:22:21.386+0000] {dag.py:3089} INFO - Sync 1 DAGs
[2024-07-27T22:22:21.397+0000] {logging_mixin.py:188} INFO - [2024-07-27T22:22:21.397+0000] {dag.py:3947} INFO - Setting next_dagrun for example_xcom to 2021-01-01 00:00:00+00:00, run_after=2021-01-01 00:00:00+00:00
[2024-07-27T22:22:21.406+0000] {processor.py:183} INFO - Processing /home/airflow/.local/lib/python3.12/site-packages/airflow/example_dags/example_xcom.py took 0.040 seconds
[2024-07-27T22:22:52.041+0000] {processor.py:161} INFO - Started process (PID=14000) to work on /home/airflow/.local/lib/python3.12/site-packages/airflow/example_dags/example_xcom.py
[2024-07-27T22:22:52.042+0000] {processor.py:830} INFO - Processing file /home/airflow/.local/lib/python3.12/site-packages/airflow/example_dags/example_xcom.py for tasks to queue
[2024-07-27T22:22:52.044+0000] {logging_mixin.py:188} INFO - [2024-07-27T22:22:52.043+0000] {dagbag.py:545} INFO - Filling up the DagBag from /home/airflow/.local/lib/python3.12/site-packages/airflow/example_dags/example_xcom.py
[2024-07-27T22:22:52.050+0000] {processor.py:840} INFO - DAG(s) 'example_xcom' retrieved from /home/airflow/.local/lib/python3.12/site-packages/airflow/example_dags/example_xcom.py
[2024-07-27T22:22:52.066+0000] {logging_mixin.py:188} INFO - [2024-07-27T22:22:52.066+0000] {dag.py:3089} INFO - Sync 1 DAGs
[2024-07-27T22:22:52.080+0000] {logging_mixin.py:188} INFO - [2024-07-27T22:22:52.080+0000] {dag.py:3947} INFO - Setting next_dagrun for example_xcom to 2021-01-01 00:00:00+00:00, run_after=2021-01-01 00:00:00+00:00
[2024-07-27T22:22:52.089+0000] {processor.py:183} INFO - Processing /home/airflow/.local/lib/python3.12/site-packages/airflow/example_dags/example_xcom.py took 0.052 seconds
[2024-07-27T22:23:22.578+0000] {processor.py:161} INFO - Started process (PID=14288) to work on /home/airflow/.local/lib/python3.12/site-packages/airflow/example_dags/example_xcom.py
[2024-07-27T22:23:22.579+0000] {processor.py:830} INFO - Processing file /home/airflow/.local/lib/python3.12/site-packages/airflow/example_dags/example_xcom.py for tasks to queue
[2024-07-27T22:23:22.580+0000] {logging_mixin.py:188} INFO - [2024-07-27T22:23:22.580+0000] {dagbag.py:545} INFO - Filling up the DagBag from /home/airflow/.local/lib/python3.12/site-packages/airflow/example_dags/example_xcom.py
[2024-07-27T22:23:22.584+0000] {processor.py:840} INFO - DAG(s) 'example_xcom' retrieved from /home/airflow/.local/lib/python3.12/site-packages/airflow/example_dags/example_xcom.py
[2024-07-27T22:23:22.595+0000] {logging_mixin.py:188} INFO - [2024-07-27T22:23:22.595+0000] {dag.py:3089} INFO - Sync 1 DAGs
[2024-07-27T22:23:22.605+0000] {logging_mixin.py:188} INFO - [2024-07-27T22:23:22.605+0000] {dag.py:3947} INFO - Setting next_dagrun for example_xcom to 2021-01-01 00:00:00+00:00, run_after=2021-01-01 00:00:00+00:00
[2024-07-27T22:23:22.614+0000] {processor.py:183} INFO - Processing /home/airflow/.local/lib/python3.12/site-packages/airflow/example_dags/example_xcom.py took 0.040 seconds
[2024-07-27T22:23:53.168+0000] {processor.py:161} INFO - Started process (PID=14555) to work on /home/airflow/.local/lib/python3.12/site-packages/airflow/example_dags/example_xcom.py
[2024-07-27T22:23:53.169+0000] {processor.py:830} INFO - Processing file /home/airflow/.local/lib/python3.12/site-packages/airflow/example_dags/example_xcom.py for tasks to queue
[2024-07-27T22:23:53.170+0000] {logging_mixin.py:188} INFO - [2024-07-27T22:23:53.170+0000] {dagbag.py:545} INFO - Filling up the DagBag from /home/airflow/.local/lib/python3.12/site-packages/airflow/example_dags/example_xcom.py
[2024-07-27T22:23:53.175+0000] {processor.py:840} INFO - DAG(s) 'example_xcom' retrieved from /home/airflow/.local/lib/python3.12/site-packages/airflow/example_dags/example_xcom.py
[2024-07-27T22:23:53.186+0000] {logging_mixin.py:188} INFO - [2024-07-27T22:23:53.186+0000] {dag.py:3089} INFO - Sync 1 DAGs
[2024-07-27T22:23:53.197+0000] {logging_mixin.py:188} INFO - [2024-07-27T22:23:53.197+0000] {dag.py:3947} INFO - Setting next_dagrun for example_xcom to 2021-01-01 00:00:00+00:00, run_after=2021-01-01 00:00:00+00:00
[2024-07-27T22:23:53.206+0000] {processor.py:183} INFO - Processing /home/airflow/.local/lib/python3.12/site-packages/airflow/example_dags/example_xcom.py took 0.044 seconds
[2024-07-27T22:24:24.058+0000] {processor.py:161} INFO - Started process (PID=14824) to work on /home/airflow/.local/lib/python3.12/site-packages/airflow/example_dags/example_xcom.py
[2024-07-27T22:24:24.059+0000] {processor.py:830} INFO - Processing file /home/airflow/.local/lib/python3.12/site-packages/airflow/example_dags/example_xcom.py for tasks to queue
[2024-07-27T22:24:24.060+0000] {logging_mixin.py:188} INFO - [2024-07-27T22:24:24.060+0000] {dagbag.py:545} INFO - Filling up the DagBag from /home/airflow/.local/lib/python3.12/site-packages/airflow/example_dags/example_xcom.py
[2024-07-27T22:24:24.066+0000] {processor.py:840} INFO - DAG(s) 'example_xcom' retrieved from /home/airflow/.local/lib/python3.12/site-packages/airflow/example_dags/example_xcom.py
[2024-07-27T22:24:24.078+0000] {logging_mixin.py:188} INFO - [2024-07-27T22:24:24.078+0000] {dag.py:3089} INFO - Sync 1 DAGs
[2024-07-27T22:24:24.090+0000] {logging_mixin.py:188} INFO - [2024-07-27T22:24:24.090+0000] {dag.py:3947} INFO - Setting next_dagrun for example_xcom to 2021-01-01 00:00:00+00:00, run_after=2021-01-01 00:00:00+00:00
[2024-07-27T22:24:24.100+0000] {processor.py:183} INFO - Processing /home/airflow/.local/lib/python3.12/site-packages/airflow/example_dags/example_xcom.py took 0.045 seconds
[2024-07-27T22:24:54.210+0000] {processor.py:161} INFO - Started process (PID=15089) to work on /home/airflow/.local/lib/python3.12/site-packages/airflow/example_dags/example_xcom.py
[2024-07-27T22:24:54.211+0000] {processor.py:830} INFO - Processing file /home/airflow/.local/lib/python3.12/site-packages/airflow/example_dags/example_xcom.py for tasks to queue
[2024-07-27T22:24:54.212+0000] {logging_mixin.py:188} INFO - [2024-07-27T22:24:54.212+0000] {dagbag.py:545} INFO - Filling up the DagBag from /home/airflow/.local/lib/python3.12/site-packages/airflow/example_dags/example_xcom.py
[2024-07-27T22:24:54.218+0000] {processor.py:840} INFO - DAG(s) 'example_xcom' retrieved from /home/airflow/.local/lib/python3.12/site-packages/airflow/example_dags/example_xcom.py
[2024-07-27T22:24:54.236+0000] {logging_mixin.py:188} INFO - [2024-07-27T22:24:54.236+0000] {dag.py:3089} INFO - Sync 1 DAGs
[2024-07-27T22:24:54.251+0000] {logging_mixin.py:188} INFO - [2024-07-27T22:24:54.250+0000] {dag.py:3947} INFO - Setting next_dagrun for example_xcom to 2021-01-01 00:00:00+00:00, run_after=2021-01-01 00:00:00+00:00
[2024-07-27T22:24:54.261+0000] {processor.py:183} INFO - Processing /home/airflow/.local/lib/python3.12/site-packages/airflow/example_dags/example_xcom.py took 0.054 seconds
[2024-07-27T22:25:24.507+0000] {processor.py:161} INFO - Started process (PID=15356) to work on /home/airflow/.local/lib/python3.12/site-packages/airflow/example_dags/example_xcom.py
[2024-07-27T22:25:24.508+0000] {processor.py:830} INFO - Processing file /home/airflow/.local/lib/python3.12/site-packages/airflow/example_dags/example_xcom.py for tasks to queue
[2024-07-27T22:25:24.509+0000] {logging_mixin.py:188} INFO - [2024-07-27T22:25:24.509+0000] {dagbag.py:545} INFO - Filling up the DagBag from /home/airflow/.local/lib/python3.12/site-packages/airflow/example_dags/example_xcom.py
[2024-07-27T22:25:24.513+0000] {processor.py:840} INFO - DAG(s) 'example_xcom' retrieved from /home/airflow/.local/lib/python3.12/site-packages/airflow/example_dags/example_xcom.py
[2024-07-27T22:25:24.525+0000] {logging_mixin.py:188} INFO - [2024-07-27T22:25:24.525+0000] {dag.py:3089} INFO - Sync 1 DAGs
[2024-07-27T22:25:24.537+0000] {logging_mixin.py:188} INFO - [2024-07-27T22:25:24.537+0000] {dag.py:3947} INFO - Setting next_dagrun for example_xcom to 2021-01-01 00:00:00+00:00, run_after=2021-01-01 00:00:00+00:00
[2024-07-27T22:25:24.546+0000] {processor.py:183} INFO - Processing /home/airflow/.local/lib/python3.12/site-packages/airflow/example_dags/example_xcom.py took 0.044 seconds
[2024-07-27T22:25:54.814+0000] {processor.py:161} INFO - Started process (PID=15623) to work on /home/airflow/.local/lib/python3.12/site-packages/airflow/example_dags/example_xcom.py
[2024-07-27T22:25:54.816+0000] {processor.py:830} INFO - Processing file /home/airflow/.local/lib/python3.12/site-packages/airflow/example_dags/example_xcom.py for tasks to queue
[2024-07-27T22:25:54.819+0000] {logging_mixin.py:188} INFO - [2024-07-27T22:25:54.818+0000] {dagbag.py:545} INFO - Filling up the DagBag from /home/airflow/.local/lib/python3.12/site-packages/airflow/example_dags/example_xcom.py
[2024-07-27T22:25:54.827+0000] {processor.py:840} INFO - DAG(s) 'example_xcom' retrieved from /home/airflow/.local/lib/python3.12/site-packages/airflow/example_dags/example_xcom.py
[2024-07-27T22:25:54.843+0000] {logging_mixin.py:188} INFO - [2024-07-27T22:25:54.843+0000] {dag.py:3089} INFO - Sync 1 DAGs
[2024-07-27T22:25:54.853+0000] {logging_mixin.py:188} INFO - [2024-07-27T22:25:54.853+0000] {dag.py:3947} INFO - Setting next_dagrun for example_xcom to 2021-01-01 00:00:00+00:00, run_after=2021-01-01 00:00:00+00:00
[2024-07-27T22:25:54.863+0000] {processor.py:183} INFO - Processing /home/airflow/.local/lib/python3.12/site-packages/airflow/example_dags/example_xcom.py took 0.054 seconds
[2024-07-27T22:26:25.400+0000] {processor.py:161} INFO - Started process (PID=15895) to work on /home/airflow/.local/lib/python3.12/site-packages/airflow/example_dags/example_xcom.py
[2024-07-27T22:26:25.401+0000] {processor.py:830} INFO - Processing file /home/airflow/.local/lib/python3.12/site-packages/airflow/example_dags/example_xcom.py for tasks to queue
[2024-07-27T22:26:25.402+0000] {logging_mixin.py:188} INFO - [2024-07-27T22:26:25.402+0000] {dagbag.py:545} INFO - Filling up the DagBag from /home/airflow/.local/lib/python3.12/site-packages/airflow/example_dags/example_xcom.py
[2024-07-27T22:26:25.406+0000] {processor.py:840} INFO - DAG(s) 'example_xcom' retrieved from /home/airflow/.local/lib/python3.12/site-packages/airflow/example_dags/example_xcom.py
[2024-07-27T22:26:25.420+0000] {logging_mixin.py:188} INFO - [2024-07-27T22:26:25.420+0000] {dag.py:3089} INFO - Sync 1 DAGs
[2024-07-27T22:26:25.430+0000] {logging_mixin.py:188} INFO - [2024-07-27T22:26:25.430+0000] {dag.py:3947} INFO - Setting next_dagrun for example_xcom to 2021-01-01 00:00:00+00:00, run_after=2021-01-01 00:00:00+00:00
[2024-07-27T22:26:25.438+0000] {processor.py:183} INFO - Processing /home/airflow/.local/lib/python3.12/site-packages/airflow/example_dags/example_xcom.py took 0.043 seconds
[2024-07-27T22:55:21.490+0000] {processor.py:161} INFO - Started process (PID=16150) to work on /home/airflow/.local/lib/python3.12/site-packages/airflow/example_dags/example_xcom.py
[2024-07-27T22:55:21.491+0000] {processor.py:830} INFO - Processing file /home/airflow/.local/lib/python3.12/site-packages/airflow/example_dags/example_xcom.py for tasks to queue
[2024-07-27T22:55:21.492+0000] {logging_mixin.py:188} INFO - [2024-07-27T22:55:21.492+0000] {dagbag.py:545} INFO - Filling up the DagBag from /home/airflow/.local/lib/python3.12/site-packages/airflow/example_dags/example_xcom.py
[2024-07-27T22:55:21.496+0000] {processor.py:840} INFO - DAG(s) 'example_xcom' retrieved from /home/airflow/.local/lib/python3.12/site-packages/airflow/example_dags/example_xcom.py
[2024-07-27T22:55:21.509+0000] {logging_mixin.py:188} INFO - [2024-07-27T22:55:21.509+0000] {dag.py:3089} INFO - Sync 1 DAGs
[2024-07-27T22:55:21.522+0000] {logging_mixin.py:188} INFO - [2024-07-27T22:55:21.522+0000] {dag.py:3947} INFO - Setting next_dagrun for example_xcom to 2021-01-01 00:00:00+00:00, run_after=2021-01-01 00:00:00+00:00
[2024-07-27T22:55:21.534+0000] {processor.py:183} INFO - Processing /home/airflow/.local/lib/python3.12/site-packages/airflow/example_dags/example_xcom.py took 0.047 seconds
[2024-07-27T22:55:51.780+0000] {processor.py:161} INFO - Started process (PID=16420) to work on /home/airflow/.local/lib/python3.12/site-packages/airflow/example_dags/example_xcom.py
[2024-07-27T22:55:51.781+0000] {processor.py:830} INFO - Processing file /home/airflow/.local/lib/python3.12/site-packages/airflow/example_dags/example_xcom.py for tasks to queue
[2024-07-27T22:55:51.782+0000] {logging_mixin.py:188} INFO - [2024-07-27T22:55:51.782+0000] {dagbag.py:545} INFO - Filling up the DagBag from /home/airflow/.local/lib/python3.12/site-packages/airflow/example_dags/example_xcom.py
[2024-07-27T22:55:51.786+0000] {processor.py:840} INFO - DAG(s) 'example_xcom' retrieved from /home/airflow/.local/lib/python3.12/site-packages/airflow/example_dags/example_xcom.py
[2024-07-27T22:55:51.797+0000] {logging_mixin.py:188} INFO - [2024-07-27T22:55:51.797+0000] {dag.py:3089} INFO - Sync 1 DAGs
[2024-07-27T22:55:51.807+0000] {logging_mixin.py:188} INFO - [2024-07-27T22:55:51.806+0000] {dag.py:3947} INFO - Setting next_dagrun for example_xcom to 2021-01-01 00:00:00+00:00, run_after=2021-01-01 00:00:00+00:00
[2024-07-27T22:55:51.814+0000] {processor.py:183} INFO - Processing /home/airflow/.local/lib/python3.12/site-packages/airflow/example_dags/example_xcom.py took 0.038 seconds
