[2024-07-27T20:14:08.646+0000] {processor.py:161} INFO - Started process (PID=380) to work on /home/airflow/.local/lib/python3.12/site-packages/airflow/example_dags/example_branch_day_of_week_operator.py
[2024-07-27T20:14:08.647+0000] {processor.py:830} INFO - Processing file /home/airflow/.local/lib/python3.12/site-packages/airflow/example_dags/example_branch_day_of_week_operator.py for tasks to queue
[2024-07-27T20:14:08.648+0000] {logging_mixin.py:188} INFO - [2024-07-27T20:14:08.648+0000] {dagbag.py:545} INFO - Filling up the DagBag from /home/airflow/.local/lib/python3.12/site-packages/airflow/example_dags/example_branch_day_of_week_operator.py
[2024-07-27T20:14:08.653+0000] {processor.py:840} INFO - DAG(s) 'example_weekday_branch_operator' retrieved from /home/airflow/.local/lib/python3.12/site-packages/airflow/example_dags/example_branch_day_of_week_operator.py
[2024-07-27T20:14:08.661+0000] {logging_mixin.py:188} INFO - [2024-07-27T20:14:08.660+0000] {dag.py:3089} INFO - Sync 1 DAGs
[2024-07-27T20:14:08.674+0000] {logging_mixin.py:188} INFO - [2024-07-27T20:14:08.674+0000] {dag.py:3947} INFO - Setting next_dagrun for example_weekday_branch_operator to 2024-07-26 00:00:00+00:00, run_after=2024-07-27 00:00:00+00:00
[2024-07-27T20:14:08.685+0000] {processor.py:183} INFO - Processing /home/airflow/.local/lib/python3.12/site-packages/airflow/example_dags/example_branch_day_of_week_operator.py took 0.043 seconds
[2024-07-27T20:14:39.477+0000] {processor.py:161} INFO - Started process (PID=641) to work on /home/airflow/.local/lib/python3.12/site-packages/airflow/example_dags/example_branch_day_of_week_operator.py
[2024-07-27T20:14:39.478+0000] {processor.py:830} INFO - Processing file /home/airflow/.local/lib/python3.12/site-packages/airflow/example_dags/example_branch_day_of_week_operator.py for tasks to queue
[2024-07-27T20:14:39.479+0000] {logging_mixin.py:188} INFO - [2024-07-27T20:14:39.479+0000] {dagbag.py:545} INFO - Filling up the DagBag from /home/airflow/.local/lib/python3.12/site-packages/airflow/example_dags/example_branch_day_of_week_operator.py
[2024-07-27T20:14:39.484+0000] {processor.py:840} INFO - DAG(s) 'example_weekday_branch_operator' retrieved from /home/airflow/.local/lib/python3.12/site-packages/airflow/example_dags/example_branch_day_of_week_operator.py
[2024-07-27T20:14:39.532+0000] {logging_mixin.py:188} INFO - [2024-07-27T20:14:39.532+0000] {dag.py:3089} INFO - Sync 1 DAGs
[2024-07-27T20:14:39.542+0000] {logging_mixin.py:188} INFO - [2024-07-27T20:14:39.542+0000] {dag.py:3947} INFO - Setting next_dagrun for example_weekday_branch_operator to 2024-07-26 00:00:00+00:00, run_after=2024-07-27 00:00:00+00:00
[2024-07-27T20:14:39.551+0000] {processor.py:183} INFO - Processing /home/airflow/.local/lib/python3.12/site-packages/airflow/example_dags/example_branch_day_of_week_operator.py took 0.077 seconds
[2024-07-27T20:15:09.598+0000] {processor.py:161} INFO - Started process (PID=905) to work on /home/airflow/.local/lib/python3.12/site-packages/airflow/example_dags/example_branch_day_of_week_operator.py
[2024-07-27T20:15:09.599+0000] {processor.py:830} INFO - Processing file /home/airflow/.local/lib/python3.12/site-packages/airflow/example_dags/example_branch_day_of_week_operator.py for tasks to queue
[2024-07-27T20:15:09.600+0000] {logging_mixin.py:188} INFO - [2024-07-27T20:15:09.600+0000] {dagbag.py:545} INFO - Filling up the DagBag from /home/airflow/.local/lib/python3.12/site-packages/airflow/example_dags/example_branch_day_of_week_operator.py
[2024-07-27T20:15:09.604+0000] {processor.py:840} INFO - DAG(s) 'example_weekday_branch_operator' retrieved from /home/airflow/.local/lib/python3.12/site-packages/airflow/example_dags/example_branch_day_of_week_operator.py
[2024-07-27T20:15:09.615+0000] {logging_mixin.py:188} INFO - [2024-07-27T20:15:09.615+0000] {dag.py:3089} INFO - Sync 1 DAGs
[2024-07-27T20:15:09.626+0000] {logging_mixin.py:188} INFO - [2024-07-27T20:15:09.626+0000] {dag.py:3947} INFO - Setting next_dagrun for example_weekday_branch_operator to 2024-07-26 00:00:00+00:00, run_after=2024-07-27 00:00:00+00:00
[2024-07-27T20:15:09.635+0000] {processor.py:183} INFO - Processing /home/airflow/.local/lib/python3.12/site-packages/airflow/example_dags/example_branch_day_of_week_operator.py took 0.040 seconds
[2024-07-27T20:15:39.975+0000] {processor.py:161} INFO - Started process (PID=1164) to work on /home/airflow/.local/lib/python3.12/site-packages/airflow/example_dags/example_branch_day_of_week_operator.py
[2024-07-27T20:15:39.976+0000] {processor.py:830} INFO - Processing file /home/airflow/.local/lib/python3.12/site-packages/airflow/example_dags/example_branch_day_of_week_operator.py for tasks to queue
[2024-07-27T20:15:39.977+0000] {logging_mixin.py:188} INFO - [2024-07-27T20:15:39.977+0000] {dagbag.py:545} INFO - Filling up the DagBag from /home/airflow/.local/lib/python3.12/site-packages/airflow/example_dags/example_branch_day_of_week_operator.py
[2024-07-27T20:15:39.981+0000] {processor.py:840} INFO - DAG(s) 'example_weekday_branch_operator' retrieved from /home/airflow/.local/lib/python3.12/site-packages/airflow/example_dags/example_branch_day_of_week_operator.py
[2024-07-27T20:15:39.994+0000] {logging_mixin.py:188} INFO - [2024-07-27T20:15:39.994+0000] {dag.py:3089} INFO - Sync 1 DAGs
[2024-07-27T20:15:40.006+0000] {logging_mixin.py:188} INFO - [2024-07-27T20:15:40.006+0000] {dag.py:3947} INFO - Setting next_dagrun for example_weekday_branch_operator to 2024-07-26 00:00:00+00:00, run_after=2024-07-27 00:00:00+00:00
[2024-07-27T20:15:40.014+0000] {processor.py:183} INFO - Processing /home/airflow/.local/lib/python3.12/site-packages/airflow/example_dags/example_branch_day_of_week_operator.py took 0.043 seconds
[2024-07-27T20:16:10.145+0000] {processor.py:161} INFO - Started process (PID=1426) to work on /home/airflow/.local/lib/python3.12/site-packages/airflow/example_dags/example_branch_day_of_week_operator.py
[2024-07-27T20:16:10.146+0000] {processor.py:830} INFO - Processing file /home/airflow/.local/lib/python3.12/site-packages/airflow/example_dags/example_branch_day_of_week_operator.py for tasks to queue
[2024-07-27T20:16:10.147+0000] {logging_mixin.py:188} INFO - [2024-07-27T20:16:10.147+0000] {dagbag.py:545} INFO - Filling up the DagBag from /home/airflow/.local/lib/python3.12/site-packages/airflow/example_dags/example_branch_day_of_week_operator.py
[2024-07-27T20:16:10.152+0000] {processor.py:840} INFO - DAG(s) 'example_weekday_branch_operator' retrieved from /home/airflow/.local/lib/python3.12/site-packages/airflow/example_dags/example_branch_day_of_week_operator.py
[2024-07-27T20:16:10.166+0000] {logging_mixin.py:188} INFO - [2024-07-27T20:16:10.166+0000] {dag.py:3089} INFO - Sync 1 DAGs
[2024-07-27T20:16:10.189+0000] {logging_mixin.py:188} INFO - [2024-07-27T20:16:10.189+0000] {dag.py:3947} INFO - Setting next_dagrun for example_weekday_branch_operator to 2024-07-26 00:00:00+00:00, run_after=2024-07-27 00:00:00+00:00
[2024-07-27T20:16:10.203+0000] {processor.py:183} INFO - Processing /home/airflow/.local/lib/python3.12/site-packages/airflow/example_dags/example_branch_day_of_week_operator.py took 0.061 seconds
[2024-07-27T20:16:40.286+0000] {processor.py:161} INFO - Started process (PID=1688) to work on /home/airflow/.local/lib/python3.12/site-packages/airflow/example_dags/example_branch_day_of_week_operator.py
[2024-07-27T20:16:40.287+0000] {processor.py:830} INFO - Processing file /home/airflow/.local/lib/python3.12/site-packages/airflow/example_dags/example_branch_day_of_week_operator.py for tasks to queue
[2024-07-27T20:16:40.288+0000] {logging_mixin.py:188} INFO - [2024-07-27T20:16:40.288+0000] {dagbag.py:545} INFO - Filling up the DagBag from /home/airflow/.local/lib/python3.12/site-packages/airflow/example_dags/example_branch_day_of_week_operator.py
[2024-07-27T20:16:40.293+0000] {processor.py:840} INFO - DAG(s) 'example_weekday_branch_operator' retrieved from /home/airflow/.local/lib/python3.12/site-packages/airflow/example_dags/example_branch_day_of_week_operator.py
[2024-07-27T20:16:40.304+0000] {logging_mixin.py:188} INFO - [2024-07-27T20:16:40.304+0000] {dag.py:3089} INFO - Sync 1 DAGs
[2024-07-27T20:16:40.317+0000] {logging_mixin.py:188} INFO - [2024-07-27T20:16:40.317+0000] {dag.py:3947} INFO - Setting next_dagrun for example_weekday_branch_operator to 2024-07-26 00:00:00+00:00, run_after=2024-07-27 00:00:00+00:00
[2024-07-27T20:16:40.328+0000] {processor.py:183} INFO - Processing /home/airflow/.local/lib/python3.12/site-packages/airflow/example_dags/example_branch_day_of_week_operator.py took 0.044 seconds
[2024-07-27T20:17:11.339+0000] {processor.py:161} INFO - Started process (PID=1950) to work on /home/airflow/.local/lib/python3.12/site-packages/airflow/example_dags/example_branch_day_of_week_operator.py
[2024-07-27T20:17:11.340+0000] {processor.py:830} INFO - Processing file /home/airflow/.local/lib/python3.12/site-packages/airflow/example_dags/example_branch_day_of_week_operator.py for tasks to queue
[2024-07-27T20:17:11.363+0000] {logging_mixin.py:188} INFO - [2024-07-27T20:17:11.362+0000] {dagbag.py:545} INFO - Filling up the DagBag from /home/airflow/.local/lib/python3.12/site-packages/airflow/example_dags/example_branch_day_of_week_operator.py
[2024-07-27T20:17:11.369+0000] {processor.py:840} INFO - DAG(s) 'example_weekday_branch_operator' retrieved from /home/airflow/.local/lib/python3.12/site-packages/airflow/example_dags/example_branch_day_of_week_operator.py
[2024-07-27T20:17:11.386+0000] {logging_mixin.py:188} INFO - [2024-07-27T20:17:11.385+0000] {dag.py:3089} INFO - Sync 1 DAGs
[2024-07-27T20:17:11.398+0000] {logging_mixin.py:188} INFO - [2024-07-27T20:17:11.397+0000] {dag.py:3947} INFO - Setting next_dagrun for example_weekday_branch_operator to 2024-07-26 00:00:00+00:00, run_after=2024-07-27 00:00:00+00:00
[2024-07-27T20:17:11.408+0000] {processor.py:183} INFO - Processing /home/airflow/.local/lib/python3.12/site-packages/airflow/example_dags/example_branch_day_of_week_operator.py took 0.073 seconds
[2024-07-27T22:00:00.097+0000] {processor.py:161} INFO - Started process (PID=2206) to work on /home/airflow/.local/lib/python3.12/site-packages/airflow/example_dags/example_branch_day_of_week_operator.py
[2024-07-27T22:00:00.099+0000] {processor.py:830} INFO - Processing file /home/airflow/.local/lib/python3.12/site-packages/airflow/example_dags/example_branch_day_of_week_operator.py for tasks to queue
[2024-07-27T22:00:00.100+0000] {logging_mixin.py:188} INFO - [2024-07-27T22:00:00.099+0000] {dagbag.py:545} INFO - Filling up the DagBag from /home/airflow/.local/lib/python3.12/site-packages/airflow/example_dags/example_branch_day_of_week_operator.py
[2024-07-27T22:00:00.104+0000] {processor.py:840} INFO - DAG(s) 'example_weekday_branch_operator' retrieved from /home/airflow/.local/lib/python3.12/site-packages/airflow/example_dags/example_branch_day_of_week_operator.py
[2024-07-27T22:00:00.116+0000] {logging_mixin.py:188} INFO - [2024-07-27T22:00:00.116+0000] {dag.py:3089} INFO - Sync 1 DAGs
[2024-07-27T22:00:00.128+0000] {logging_mixin.py:188} INFO - [2024-07-27T22:00:00.128+0000] {dag.py:3947} INFO - Setting next_dagrun for example_weekday_branch_operator to 2024-07-26 00:00:00+00:00, run_after=2024-07-27 00:00:00+00:00
[2024-07-27T22:00:00.138+0000] {processor.py:183} INFO - Processing /home/airflow/.local/lib/python3.12/site-packages/airflow/example_dags/example_branch_day_of_week_operator.py took 0.044 seconds
[2024-07-27T22:00:30.321+0000] {processor.py:161} INFO - Started process (PID=2469) to work on /home/airflow/.local/lib/python3.12/site-packages/airflow/example_dags/example_branch_day_of_week_operator.py
[2024-07-27T22:00:30.322+0000] {processor.py:830} INFO - Processing file /home/airflow/.local/lib/python3.12/site-packages/airflow/example_dags/example_branch_day_of_week_operator.py for tasks to queue
[2024-07-27T22:00:30.323+0000] {logging_mixin.py:188} INFO - [2024-07-27T22:00:30.323+0000] {dagbag.py:545} INFO - Filling up the DagBag from /home/airflow/.local/lib/python3.12/site-packages/airflow/example_dags/example_branch_day_of_week_operator.py
[2024-07-27T22:00:30.328+0000] {processor.py:840} INFO - DAG(s) 'example_weekday_branch_operator' retrieved from /home/airflow/.local/lib/python3.12/site-packages/airflow/example_dags/example_branch_day_of_week_operator.py
[2024-07-27T22:00:30.343+0000] {logging_mixin.py:188} INFO - [2024-07-27T22:00:30.343+0000] {dag.py:3089} INFO - Sync 1 DAGs
[2024-07-27T22:00:30.357+0000] {logging_mixin.py:188} INFO - [2024-07-27T22:00:30.357+0000] {dag.py:3947} INFO - Setting next_dagrun for example_weekday_branch_operator to 2024-07-26 00:00:00+00:00, run_after=2024-07-27 00:00:00+00:00
[2024-07-27T22:00:30.370+0000] {processor.py:183} INFO - Processing /home/airflow/.local/lib/python3.12/site-packages/airflow/example_dags/example_branch_day_of_week_operator.py took 0.053 seconds
[2024-07-27T22:01:01.568+0000] {processor.py:161} INFO - Started process (PID=2735) to work on /home/airflow/.local/lib/python3.12/site-packages/airflow/example_dags/example_branch_day_of_week_operator.py
[2024-07-27T22:01:01.569+0000] {processor.py:830} INFO - Processing file /home/airflow/.local/lib/python3.12/site-packages/airflow/example_dags/example_branch_day_of_week_operator.py for tasks to queue
[2024-07-27T22:01:01.570+0000] {logging_mixin.py:188} INFO - [2024-07-27T22:01:01.570+0000] {dagbag.py:545} INFO - Filling up the DagBag from /home/airflow/.local/lib/python3.12/site-packages/airflow/example_dags/example_branch_day_of_week_operator.py
[2024-07-27T22:01:01.574+0000] {processor.py:840} INFO - DAG(s) 'example_weekday_branch_operator' retrieved from /home/airflow/.local/lib/python3.12/site-packages/airflow/example_dags/example_branch_day_of_week_operator.py
[2024-07-27T22:01:01.585+0000] {logging_mixin.py:188} INFO - [2024-07-27T22:01:01.585+0000] {dag.py:3089} INFO - Sync 1 DAGs
[2024-07-27T22:01:01.596+0000] {logging_mixin.py:188} INFO - [2024-07-27T22:01:01.596+0000] {dag.py:3947} INFO - Setting next_dagrun for example_weekday_branch_operator to 2024-07-26 00:00:00+00:00, run_after=2024-07-27 00:00:00+00:00
[2024-07-27T22:01:01.605+0000] {processor.py:183} INFO - Processing /home/airflow/.local/lib/python3.12/site-packages/airflow/example_dags/example_branch_day_of_week_operator.py took 0.040 seconds
[2024-07-27T22:01:31.972+0000] {processor.py:161} INFO - Started process (PID=2999) to work on /home/airflow/.local/lib/python3.12/site-packages/airflow/example_dags/example_branch_day_of_week_operator.py
[2024-07-27T22:01:31.973+0000] {processor.py:830} INFO - Processing file /home/airflow/.local/lib/python3.12/site-packages/airflow/example_dags/example_branch_day_of_week_operator.py for tasks to queue
[2024-07-27T22:01:31.974+0000] {logging_mixin.py:188} INFO - [2024-07-27T22:01:31.974+0000] {dagbag.py:545} INFO - Filling up the DagBag from /home/airflow/.local/lib/python3.12/site-packages/airflow/example_dags/example_branch_day_of_week_operator.py
[2024-07-27T22:01:31.979+0000] {processor.py:840} INFO - DAG(s) 'example_weekday_branch_operator' retrieved from /home/airflow/.local/lib/python3.12/site-packages/airflow/example_dags/example_branch_day_of_week_operator.py
[2024-07-27T22:01:31.990+0000] {logging_mixin.py:188} INFO - [2024-07-27T22:01:31.990+0000] {dag.py:3089} INFO - Sync 1 DAGs
[2024-07-27T22:01:32.001+0000] {logging_mixin.py:188} INFO - [2024-07-27T22:01:32.001+0000] {dag.py:3947} INFO - Setting next_dagrun for example_weekday_branch_operator to 2024-07-26 00:00:00+00:00, run_after=2024-07-27 00:00:00+00:00
[2024-07-27T22:01:32.010+0000] {processor.py:183} INFO - Processing /home/airflow/.local/lib/python3.12/site-packages/airflow/example_dags/example_branch_day_of_week_operator.py took 0.041 seconds
[2024-07-27T22:02:02.311+0000] {processor.py:161} INFO - Started process (PID=3263) to work on /home/airflow/.local/lib/python3.12/site-packages/airflow/example_dags/example_branch_day_of_week_operator.py
[2024-07-27T22:02:02.313+0000] {processor.py:830} INFO - Processing file /home/airflow/.local/lib/python3.12/site-packages/airflow/example_dags/example_branch_day_of_week_operator.py for tasks to queue
[2024-07-27T22:02:02.316+0000] {logging_mixin.py:188} INFO - [2024-07-27T22:02:02.315+0000] {dagbag.py:545} INFO - Filling up the DagBag from /home/airflow/.local/lib/python3.12/site-packages/airflow/example_dags/example_branch_day_of_week_operator.py
[2024-07-27T22:02:02.321+0000] {processor.py:840} INFO - DAG(s) 'example_weekday_branch_operator' retrieved from /home/airflow/.local/lib/python3.12/site-packages/airflow/example_dags/example_branch_day_of_week_operator.py
[2024-07-27T22:02:02.362+0000] {logging_mixin.py:188} INFO - [2024-07-27T22:02:02.361+0000] {dag.py:3089} INFO - Sync 1 DAGs
[2024-07-27T22:02:02.389+0000] {logging_mixin.py:188} INFO - [2024-07-27T22:02:02.388+0000] {dag.py:3947} INFO - Setting next_dagrun for example_weekday_branch_operator to 2024-07-26 00:00:00+00:00, run_after=2024-07-27 00:00:00+00:00
[2024-07-27T22:02:02.405+0000] {processor.py:183} INFO - Processing /home/airflow/.local/lib/python3.12/site-packages/airflow/example_dags/example_branch_day_of_week_operator.py took 0.101 seconds
[2024-07-27T22:02:32.698+0000] {processor.py:161} INFO - Started process (PID=3524) to work on /home/airflow/.local/lib/python3.12/site-packages/airflow/example_dags/example_branch_day_of_week_operator.py
[2024-07-27T22:02:32.699+0000] {processor.py:830} INFO - Processing file /home/airflow/.local/lib/python3.12/site-packages/airflow/example_dags/example_branch_day_of_week_operator.py for tasks to queue
[2024-07-27T22:02:32.700+0000] {logging_mixin.py:188} INFO - [2024-07-27T22:02:32.700+0000] {dagbag.py:545} INFO - Filling up the DagBag from /home/airflow/.local/lib/python3.12/site-packages/airflow/example_dags/example_branch_day_of_week_operator.py
[2024-07-27T22:02:32.706+0000] {processor.py:840} INFO - DAG(s) 'example_weekday_branch_operator' retrieved from /home/airflow/.local/lib/python3.12/site-packages/airflow/example_dags/example_branch_day_of_week_operator.py
[2024-07-27T22:02:32.730+0000] {logging_mixin.py:188} INFO - [2024-07-27T22:02:32.729+0000] {dag.py:3089} INFO - Sync 1 DAGs
[2024-07-27T22:02:32.744+0000] {logging_mixin.py:188} INFO - [2024-07-27T22:02:32.744+0000] {dag.py:3947} INFO - Setting next_dagrun for example_weekday_branch_operator to 2024-07-26 00:00:00+00:00, run_after=2024-07-27 00:00:00+00:00
[2024-07-27T22:02:32.755+0000] {processor.py:183} INFO - Processing /home/airflow/.local/lib/python3.12/site-packages/airflow/example_dags/example_branch_day_of_week_operator.py took 0.061 seconds
[2024-07-27T22:03:03.070+0000] {processor.py:161} INFO - Started process (PID=3781) to work on /home/airflow/.local/lib/python3.12/site-packages/airflow/example_dags/example_branch_day_of_week_operator.py
[2024-07-27T22:03:03.071+0000] {processor.py:830} INFO - Processing file /home/airflow/.local/lib/python3.12/site-packages/airflow/example_dags/example_branch_day_of_week_operator.py for tasks to queue
[2024-07-27T22:03:03.072+0000] {logging_mixin.py:188} INFO - [2024-07-27T22:03:03.071+0000] {dagbag.py:545} INFO - Filling up the DagBag from /home/airflow/.local/lib/python3.12/site-packages/airflow/example_dags/example_branch_day_of_week_operator.py
[2024-07-27T22:03:03.076+0000] {processor.py:840} INFO - DAG(s) 'example_weekday_branch_operator' retrieved from /home/airflow/.local/lib/python3.12/site-packages/airflow/example_dags/example_branch_day_of_week_operator.py
[2024-07-27T22:03:03.087+0000] {logging_mixin.py:188} INFO - [2024-07-27T22:03:03.087+0000] {dag.py:3089} INFO - Sync 1 DAGs
[2024-07-27T22:03:03.100+0000] {logging_mixin.py:188} INFO - [2024-07-27T22:03:03.099+0000] {dag.py:3947} INFO - Setting next_dagrun for example_weekday_branch_operator to 2024-07-26 00:00:00+00:00, run_after=2024-07-27 00:00:00+00:00
[2024-07-27T22:03:03.113+0000] {processor.py:183} INFO - Processing /home/airflow/.local/lib/python3.12/site-packages/airflow/example_dags/example_branch_day_of_week_operator.py took 0.046 seconds
[2024-07-27T22:03:34.036+0000] {processor.py:161} INFO - Started process (PID=4043) to work on /home/airflow/.local/lib/python3.12/site-packages/airflow/example_dags/example_branch_day_of_week_operator.py
[2024-07-27T22:03:34.037+0000] {processor.py:830} INFO - Processing file /home/airflow/.local/lib/python3.12/site-packages/airflow/example_dags/example_branch_day_of_week_operator.py for tasks to queue
[2024-07-27T22:03:34.038+0000] {logging_mixin.py:188} INFO - [2024-07-27T22:03:34.038+0000] {dagbag.py:545} INFO - Filling up the DagBag from /home/airflow/.local/lib/python3.12/site-packages/airflow/example_dags/example_branch_day_of_week_operator.py
[2024-07-27T22:03:34.042+0000] {processor.py:840} INFO - DAG(s) 'example_weekday_branch_operator' retrieved from /home/airflow/.local/lib/python3.12/site-packages/airflow/example_dags/example_branch_day_of_week_operator.py
[2024-07-27T22:03:34.055+0000] {logging_mixin.py:188} INFO - [2024-07-27T22:03:34.055+0000] {dag.py:3089} INFO - Sync 1 DAGs
[2024-07-27T22:03:34.070+0000] {logging_mixin.py:188} INFO - [2024-07-27T22:03:34.069+0000] {dag.py:3947} INFO - Setting next_dagrun for example_weekday_branch_operator to 2024-07-26 00:00:00+00:00, run_after=2024-07-27 00:00:00+00:00
[2024-07-27T22:03:34.084+0000] {processor.py:183} INFO - Processing /home/airflow/.local/lib/python3.12/site-packages/airflow/example_dags/example_branch_day_of_week_operator.py took 0.052 seconds
[2024-07-27T22:04:04.413+0000] {processor.py:161} INFO - Started process (PID=4305) to work on /home/airflow/.local/lib/python3.12/site-packages/airflow/example_dags/example_branch_day_of_week_operator.py
[2024-07-27T22:04:04.414+0000] {processor.py:830} INFO - Processing file /home/airflow/.local/lib/python3.12/site-packages/airflow/example_dags/example_branch_day_of_week_operator.py for tasks to queue
[2024-07-27T22:04:04.416+0000] {logging_mixin.py:188} INFO - [2024-07-27T22:04:04.416+0000] {dagbag.py:545} INFO - Filling up the DagBag from /home/airflow/.local/lib/python3.12/site-packages/airflow/example_dags/example_branch_day_of_week_operator.py
[2024-07-27T22:04:04.421+0000] {processor.py:840} INFO - DAG(s) 'example_weekday_branch_operator' retrieved from /home/airflow/.local/lib/python3.12/site-packages/airflow/example_dags/example_branch_day_of_week_operator.py
[2024-07-27T22:04:04.453+0000] {logging_mixin.py:188} INFO - [2024-07-27T22:04:04.453+0000] {dag.py:3089} INFO - Sync 1 DAGs
[2024-07-27T22:04:04.474+0000] {logging_mixin.py:188} INFO - [2024-07-27T22:04:04.474+0000] {dag.py:3947} INFO - Setting next_dagrun for example_weekday_branch_operator to 2024-07-26 00:00:00+00:00, run_after=2024-07-27 00:00:00+00:00
[2024-07-27T22:04:04.487+0000] {processor.py:183} INFO - Processing /home/airflow/.local/lib/python3.12/site-packages/airflow/example_dags/example_branch_day_of_week_operator.py took 0.079 seconds
[2024-07-27T22:04:35.453+0000] {processor.py:161} INFO - Started process (PID=4567) to work on /home/airflow/.local/lib/python3.12/site-packages/airflow/example_dags/example_branch_day_of_week_operator.py
[2024-07-27T22:04:35.454+0000] {processor.py:830} INFO - Processing file /home/airflow/.local/lib/python3.12/site-packages/airflow/example_dags/example_branch_day_of_week_operator.py for tasks to queue
[2024-07-27T22:04:35.455+0000] {logging_mixin.py:188} INFO - [2024-07-27T22:04:35.455+0000] {dagbag.py:545} INFO - Filling up the DagBag from /home/airflow/.local/lib/python3.12/site-packages/airflow/example_dags/example_branch_day_of_week_operator.py
[2024-07-27T22:04:35.460+0000] {processor.py:840} INFO - DAG(s) 'example_weekday_branch_operator' retrieved from /home/airflow/.local/lib/python3.12/site-packages/airflow/example_dags/example_branch_day_of_week_operator.py
[2024-07-27T22:04:35.471+0000] {logging_mixin.py:188} INFO - [2024-07-27T22:04:35.471+0000] {dag.py:3089} INFO - Sync 1 DAGs
[2024-07-27T22:04:35.485+0000] {logging_mixin.py:188} INFO - [2024-07-27T22:04:35.484+0000] {dag.py:3947} INFO - Setting next_dagrun for example_weekday_branch_operator to 2024-07-26 00:00:00+00:00, run_after=2024-07-27 00:00:00+00:00
[2024-07-27T22:04:35.504+0000] {processor.py:183} INFO - Processing /home/airflow/.local/lib/python3.12/site-packages/airflow/example_dags/example_branch_day_of_week_operator.py took 0.055 seconds
[2024-07-27T22:05:06.009+0000] {processor.py:161} INFO - Started process (PID=4828) to work on /home/airflow/.local/lib/python3.12/site-packages/airflow/example_dags/example_branch_day_of_week_operator.py
[2024-07-27T22:05:06.010+0000] {processor.py:830} INFO - Processing file /home/airflow/.local/lib/python3.12/site-packages/airflow/example_dags/example_branch_day_of_week_operator.py for tasks to queue
[2024-07-27T22:05:06.012+0000] {logging_mixin.py:188} INFO - [2024-07-27T22:05:06.011+0000] {dagbag.py:545} INFO - Filling up the DagBag from /home/airflow/.local/lib/python3.12/site-packages/airflow/example_dags/example_branch_day_of_week_operator.py
[2024-07-27T22:05:06.017+0000] {processor.py:840} INFO - DAG(s) 'example_weekday_branch_operator' retrieved from /home/airflow/.local/lib/python3.12/site-packages/airflow/example_dags/example_branch_day_of_week_operator.py
[2024-07-27T22:05:06.032+0000] {logging_mixin.py:188} INFO - [2024-07-27T22:05:06.032+0000] {dag.py:3089} INFO - Sync 1 DAGs
[2024-07-27T22:05:06.052+0000] {logging_mixin.py:188} INFO - [2024-07-27T22:05:06.051+0000] {dag.py:3947} INFO - Setting next_dagrun for example_weekday_branch_operator to 2024-07-26 00:00:00+00:00, run_after=2024-07-27 00:00:00+00:00
[2024-07-27T22:05:06.065+0000] {processor.py:183} INFO - Processing /home/airflow/.local/lib/python3.12/site-packages/airflow/example_dags/example_branch_day_of_week_operator.py took 0.060 seconds
[2024-07-27T22:05:37.050+0000] {processor.py:161} INFO - Started process (PID=5090) to work on /home/airflow/.local/lib/python3.12/site-packages/airflow/example_dags/example_branch_day_of_week_operator.py
[2024-07-27T22:05:37.051+0000] {processor.py:830} INFO - Processing file /home/airflow/.local/lib/python3.12/site-packages/airflow/example_dags/example_branch_day_of_week_operator.py for tasks to queue
[2024-07-27T22:05:37.053+0000] {logging_mixin.py:188} INFO - [2024-07-27T22:05:37.052+0000] {dagbag.py:545} INFO - Filling up the DagBag from /home/airflow/.local/lib/python3.12/site-packages/airflow/example_dags/example_branch_day_of_week_operator.py
[2024-07-27T22:05:37.057+0000] {processor.py:840} INFO - DAG(s) 'example_weekday_branch_operator' retrieved from /home/airflow/.local/lib/python3.12/site-packages/airflow/example_dags/example_branch_day_of_week_operator.py
[2024-07-27T22:05:37.068+0000] {logging_mixin.py:188} INFO - [2024-07-27T22:05:37.068+0000] {dag.py:3089} INFO - Sync 1 DAGs
[2024-07-27T22:05:37.081+0000] {logging_mixin.py:188} INFO - [2024-07-27T22:05:37.080+0000] {dag.py:3947} INFO - Setting next_dagrun for example_weekday_branch_operator to 2024-07-26 00:00:00+00:00, run_after=2024-07-27 00:00:00+00:00
[2024-07-27T22:05:37.089+0000] {processor.py:183} INFO - Processing /home/airflow/.local/lib/python3.12/site-packages/airflow/example_dags/example_branch_day_of_week_operator.py took 0.042 seconds
[2024-07-27T22:06:07.233+0000] {processor.py:161} INFO - Started process (PID=5351) to work on /home/airflow/.local/lib/python3.12/site-packages/airflow/example_dags/example_branch_day_of_week_operator.py
[2024-07-27T22:06:07.234+0000] {processor.py:830} INFO - Processing file /home/airflow/.local/lib/python3.12/site-packages/airflow/example_dags/example_branch_day_of_week_operator.py for tasks to queue
[2024-07-27T22:06:07.235+0000] {logging_mixin.py:188} INFO - [2024-07-27T22:06:07.235+0000] {dagbag.py:545} INFO - Filling up the DagBag from /home/airflow/.local/lib/python3.12/site-packages/airflow/example_dags/example_branch_day_of_week_operator.py
[2024-07-27T22:06:07.240+0000] {processor.py:840} INFO - DAG(s) 'example_weekday_branch_operator' retrieved from /home/airflow/.local/lib/python3.12/site-packages/airflow/example_dags/example_branch_day_of_week_operator.py
[2024-07-27T22:06:07.251+0000] {logging_mixin.py:188} INFO - [2024-07-27T22:06:07.251+0000] {dag.py:3089} INFO - Sync 1 DAGs
[2024-07-27T22:06:07.262+0000] {logging_mixin.py:188} INFO - [2024-07-27T22:06:07.262+0000] {dag.py:3947} INFO - Setting next_dagrun for example_weekday_branch_operator to 2024-07-26 00:00:00+00:00, run_after=2024-07-27 00:00:00+00:00
[2024-07-27T22:06:07.271+0000] {processor.py:183} INFO - Processing /home/airflow/.local/lib/python3.12/site-packages/airflow/example_dags/example_branch_day_of_week_operator.py took 0.041 seconds
[2024-07-27T22:06:37.604+0000] {processor.py:161} INFO - Started process (PID=5615) to work on /home/airflow/.local/lib/python3.12/site-packages/airflow/example_dags/example_branch_day_of_week_operator.py
[2024-07-27T22:06:37.605+0000] {processor.py:830} INFO - Processing file /home/airflow/.local/lib/python3.12/site-packages/airflow/example_dags/example_branch_day_of_week_operator.py for tasks to queue
[2024-07-27T22:06:37.607+0000] {logging_mixin.py:188} INFO - [2024-07-27T22:06:37.606+0000] {dagbag.py:545} INFO - Filling up the DagBag from /home/airflow/.local/lib/python3.12/site-packages/airflow/example_dags/example_branch_day_of_week_operator.py
[2024-07-27T22:06:37.611+0000] {processor.py:840} INFO - DAG(s) 'example_weekday_branch_operator' retrieved from /home/airflow/.local/lib/python3.12/site-packages/airflow/example_dags/example_branch_day_of_week_operator.py
[2024-07-27T22:06:37.622+0000] {logging_mixin.py:188} INFO - [2024-07-27T22:06:37.622+0000] {dag.py:3089} INFO - Sync 1 DAGs
[2024-07-27T22:06:37.635+0000] {logging_mixin.py:188} INFO - [2024-07-27T22:06:37.635+0000] {dag.py:3947} INFO - Setting next_dagrun for example_weekday_branch_operator to 2024-07-26 00:00:00+00:00, run_after=2024-07-27 00:00:00+00:00
[2024-07-27T22:06:37.649+0000] {processor.py:183} INFO - Processing /home/airflow/.local/lib/python3.12/site-packages/airflow/example_dags/example_branch_day_of_week_operator.py took 0.048 seconds
[2024-07-27T22:07:08.007+0000] {processor.py:161} INFO - Started process (PID=5875) to work on /home/airflow/.local/lib/python3.12/site-packages/airflow/example_dags/example_branch_day_of_week_operator.py
[2024-07-27T22:07:08.008+0000] {processor.py:830} INFO - Processing file /home/airflow/.local/lib/python3.12/site-packages/airflow/example_dags/example_branch_day_of_week_operator.py for tasks to queue
[2024-07-27T22:07:08.010+0000] {logging_mixin.py:188} INFO - [2024-07-27T22:07:08.009+0000] {dagbag.py:545} INFO - Filling up the DagBag from /home/airflow/.local/lib/python3.12/site-packages/airflow/example_dags/example_branch_day_of_week_operator.py
[2024-07-27T22:07:08.014+0000] {processor.py:840} INFO - DAG(s) 'example_weekday_branch_operator' retrieved from /home/airflow/.local/lib/python3.12/site-packages/airflow/example_dags/example_branch_day_of_week_operator.py
[2024-07-27T22:07:08.026+0000] {logging_mixin.py:188} INFO - [2024-07-27T22:07:08.026+0000] {dag.py:3089} INFO - Sync 1 DAGs
[2024-07-27T22:07:08.039+0000] {logging_mixin.py:188} INFO - [2024-07-27T22:07:08.038+0000] {dag.py:3947} INFO - Setting next_dagrun for example_weekday_branch_operator to 2024-07-26 00:00:00+00:00, run_after=2024-07-27 00:00:00+00:00
[2024-07-27T22:07:08.049+0000] {processor.py:183} INFO - Processing /home/airflow/.local/lib/python3.12/site-packages/airflow/example_dags/example_branch_day_of_week_operator.py took 0.044 seconds
[2024-07-27T22:07:38.159+0000] {processor.py:161} INFO - Started process (PID=6137) to work on /home/airflow/.local/lib/python3.12/site-packages/airflow/example_dags/example_branch_day_of_week_operator.py
[2024-07-27T22:07:38.160+0000] {processor.py:830} INFO - Processing file /home/airflow/.local/lib/python3.12/site-packages/airflow/example_dags/example_branch_day_of_week_operator.py for tasks to queue
[2024-07-27T22:07:38.162+0000] {logging_mixin.py:188} INFO - [2024-07-27T22:07:38.162+0000] {dagbag.py:545} INFO - Filling up the DagBag from /home/airflow/.local/lib/python3.12/site-packages/airflow/example_dags/example_branch_day_of_week_operator.py
[2024-07-27T22:07:38.167+0000] {processor.py:840} INFO - DAG(s) 'example_weekday_branch_operator' retrieved from /home/airflow/.local/lib/python3.12/site-packages/airflow/example_dags/example_branch_day_of_week_operator.py
[2024-07-27T22:07:38.178+0000] {logging_mixin.py:188} INFO - [2024-07-27T22:07:38.178+0000] {dag.py:3089} INFO - Sync 1 DAGs
[2024-07-27T22:07:38.189+0000] {logging_mixin.py:188} INFO - [2024-07-27T22:07:38.189+0000] {dag.py:3947} INFO - Setting next_dagrun for example_weekday_branch_operator to 2024-07-26 00:00:00+00:00, run_after=2024-07-27 00:00:00+00:00
[2024-07-27T22:07:38.199+0000] {processor.py:183} INFO - Processing /home/airflow/.local/lib/python3.12/site-packages/airflow/example_dags/example_branch_day_of_week_operator.py took 0.043 seconds
[2024-07-27T22:08:08.231+0000] {processor.py:161} INFO - Started process (PID=6399) to work on /home/airflow/.local/lib/python3.12/site-packages/airflow/example_dags/example_branch_day_of_week_operator.py
[2024-07-27T22:08:08.231+0000] {processor.py:830} INFO - Processing file /home/airflow/.local/lib/python3.12/site-packages/airflow/example_dags/example_branch_day_of_week_operator.py for tasks to queue
[2024-07-27T22:08:08.232+0000] {logging_mixin.py:188} INFO - [2024-07-27T22:08:08.232+0000] {dagbag.py:545} INFO - Filling up the DagBag from /home/airflow/.local/lib/python3.12/site-packages/airflow/example_dags/example_branch_day_of_week_operator.py
[2024-07-27T22:08:08.237+0000] {processor.py:840} INFO - DAG(s) 'example_weekday_branch_operator' retrieved from /home/airflow/.local/lib/python3.12/site-packages/airflow/example_dags/example_branch_day_of_week_operator.py
[2024-07-27T22:08:08.250+0000] {logging_mixin.py:188} INFO - [2024-07-27T22:08:08.250+0000] {dag.py:3089} INFO - Sync 1 DAGs
[2024-07-27T22:08:08.266+0000] {logging_mixin.py:188} INFO - [2024-07-27T22:08:08.266+0000] {dag.py:3947} INFO - Setting next_dagrun for example_weekday_branch_operator to 2024-07-26 00:00:00+00:00, run_after=2024-07-27 00:00:00+00:00
[2024-07-27T22:08:08.290+0000] {processor.py:183} INFO - Processing /home/airflow/.local/lib/python3.12/site-packages/airflow/example_dags/example_branch_day_of_week_operator.py took 0.063 seconds
[2024-07-27T22:08:38.478+0000] {processor.py:161} INFO - Started process (PID=6661) to work on /home/airflow/.local/lib/python3.12/site-packages/airflow/example_dags/example_branch_day_of_week_operator.py
[2024-07-27T22:08:38.479+0000] {processor.py:830} INFO - Processing file /home/airflow/.local/lib/python3.12/site-packages/airflow/example_dags/example_branch_day_of_week_operator.py for tasks to queue
[2024-07-27T22:08:38.480+0000] {logging_mixin.py:188} INFO - [2024-07-27T22:08:38.480+0000] {dagbag.py:545} INFO - Filling up the DagBag from /home/airflow/.local/lib/python3.12/site-packages/airflow/example_dags/example_branch_day_of_week_operator.py
[2024-07-27T22:08:38.484+0000] {processor.py:840} INFO - DAG(s) 'example_weekday_branch_operator' retrieved from /home/airflow/.local/lib/python3.12/site-packages/airflow/example_dags/example_branch_day_of_week_operator.py
[2024-07-27T22:08:38.498+0000] {logging_mixin.py:188} INFO - [2024-07-27T22:08:38.498+0000] {dag.py:3089} INFO - Sync 1 DAGs
[2024-07-27T22:08:38.509+0000] {logging_mixin.py:188} INFO - [2024-07-27T22:08:38.509+0000] {dag.py:3947} INFO - Setting next_dagrun for example_weekday_branch_operator to 2024-07-26 00:00:00+00:00, run_after=2024-07-27 00:00:00+00:00
[2024-07-27T22:08:38.518+0000] {processor.py:183} INFO - Processing /home/airflow/.local/lib/python3.12/site-packages/airflow/example_dags/example_branch_day_of_week_operator.py took 0.043 seconds
[2024-07-27T22:09:09.409+0000] {processor.py:161} INFO - Started process (PID=6923) to work on /home/airflow/.local/lib/python3.12/site-packages/airflow/example_dags/example_branch_day_of_week_operator.py
[2024-07-27T22:09:09.410+0000] {processor.py:830} INFO - Processing file /home/airflow/.local/lib/python3.12/site-packages/airflow/example_dags/example_branch_day_of_week_operator.py for tasks to queue
[2024-07-27T22:09:09.411+0000] {logging_mixin.py:188} INFO - [2024-07-27T22:09:09.411+0000] {dagbag.py:545} INFO - Filling up the DagBag from /home/airflow/.local/lib/python3.12/site-packages/airflow/example_dags/example_branch_day_of_week_operator.py
[2024-07-27T22:09:09.415+0000] {processor.py:840} INFO - DAG(s) 'example_weekday_branch_operator' retrieved from /home/airflow/.local/lib/python3.12/site-packages/airflow/example_dags/example_branch_day_of_week_operator.py
[2024-07-27T22:09:09.427+0000] {logging_mixin.py:188} INFO - [2024-07-27T22:09:09.427+0000] {dag.py:3089} INFO - Sync 1 DAGs
[2024-07-27T22:09:09.437+0000] {logging_mixin.py:188} INFO - [2024-07-27T22:09:09.437+0000] {dag.py:3947} INFO - Setting next_dagrun for example_weekday_branch_operator to 2024-07-26 00:00:00+00:00, run_after=2024-07-27 00:00:00+00:00
[2024-07-27T22:09:09.446+0000] {processor.py:183} INFO - Processing /home/airflow/.local/lib/python3.12/site-packages/airflow/example_dags/example_branch_day_of_week_operator.py took 0.040 seconds
[2024-07-27T22:09:39.696+0000] {processor.py:161} INFO - Started process (PID=7185) to work on /home/airflow/.local/lib/python3.12/site-packages/airflow/example_dags/example_branch_day_of_week_operator.py
[2024-07-27T22:09:39.697+0000] {processor.py:830} INFO - Processing file /home/airflow/.local/lib/python3.12/site-packages/airflow/example_dags/example_branch_day_of_week_operator.py for tasks to queue
[2024-07-27T22:09:39.698+0000] {logging_mixin.py:188} INFO - [2024-07-27T22:09:39.698+0000] {dagbag.py:545} INFO - Filling up the DagBag from /home/airflow/.local/lib/python3.12/site-packages/airflow/example_dags/example_branch_day_of_week_operator.py
[2024-07-27T22:09:39.702+0000] {processor.py:840} INFO - DAG(s) 'example_weekday_branch_operator' retrieved from /home/airflow/.local/lib/python3.12/site-packages/airflow/example_dags/example_branch_day_of_week_operator.py
[2024-07-27T22:09:39.713+0000] {logging_mixin.py:188} INFO - [2024-07-27T22:09:39.713+0000] {dag.py:3089} INFO - Sync 1 DAGs
[2024-07-27T22:09:39.725+0000] {logging_mixin.py:188} INFO - [2024-07-27T22:09:39.724+0000] {dag.py:3947} INFO - Setting next_dagrun for example_weekday_branch_operator to 2024-07-26 00:00:00+00:00, run_after=2024-07-27 00:00:00+00:00
[2024-07-27T22:09:39.735+0000] {processor.py:183} INFO - Processing /home/airflow/.local/lib/python3.12/site-packages/airflow/example_dags/example_branch_day_of_week_operator.py took 0.042 seconds
[2024-07-27T22:10:10.023+0000] {processor.py:161} INFO - Started process (PID=7447) to work on /home/airflow/.local/lib/python3.12/site-packages/airflow/example_dags/example_branch_day_of_week_operator.py
[2024-07-27T22:10:10.024+0000] {processor.py:830} INFO - Processing file /home/airflow/.local/lib/python3.12/site-packages/airflow/example_dags/example_branch_day_of_week_operator.py for tasks to queue
[2024-07-27T22:10:10.025+0000] {logging_mixin.py:188} INFO - [2024-07-27T22:10:10.025+0000] {dagbag.py:545} INFO - Filling up the DagBag from /home/airflow/.local/lib/python3.12/site-packages/airflow/example_dags/example_branch_day_of_week_operator.py
[2024-07-27T22:10:10.029+0000] {processor.py:840} INFO - DAG(s) 'example_weekday_branch_operator' retrieved from /home/airflow/.local/lib/python3.12/site-packages/airflow/example_dags/example_branch_day_of_week_operator.py
[2024-07-27T22:10:10.040+0000] {logging_mixin.py:188} INFO - [2024-07-27T22:10:10.040+0000] {dag.py:3089} INFO - Sync 1 DAGs
[2024-07-27T22:10:10.052+0000] {logging_mixin.py:188} INFO - [2024-07-27T22:10:10.052+0000] {dag.py:3947} INFO - Setting next_dagrun for example_weekday_branch_operator to 2024-07-26 00:00:00+00:00, run_after=2024-07-27 00:00:00+00:00
[2024-07-27T22:10:10.061+0000] {processor.py:183} INFO - Processing /home/airflow/.local/lib/python3.12/site-packages/airflow/example_dags/example_branch_day_of_week_operator.py took 0.042 seconds
[2024-07-27T22:10:40.436+0000] {processor.py:161} INFO - Started process (PID=7709) to work on /home/airflow/.local/lib/python3.12/site-packages/airflow/example_dags/example_branch_day_of_week_operator.py
[2024-07-27T22:10:40.437+0000] {processor.py:830} INFO - Processing file /home/airflow/.local/lib/python3.12/site-packages/airflow/example_dags/example_branch_day_of_week_operator.py for tasks to queue
[2024-07-27T22:10:40.438+0000] {logging_mixin.py:188} INFO - [2024-07-27T22:10:40.438+0000] {dagbag.py:545} INFO - Filling up the DagBag from /home/airflow/.local/lib/python3.12/site-packages/airflow/example_dags/example_branch_day_of_week_operator.py
[2024-07-27T22:10:40.441+0000] {processor.py:840} INFO - DAG(s) 'example_weekday_branch_operator' retrieved from /home/airflow/.local/lib/python3.12/site-packages/airflow/example_dags/example_branch_day_of_week_operator.py
[2024-07-27T22:10:40.452+0000] {logging_mixin.py:188} INFO - [2024-07-27T22:10:40.452+0000] {dag.py:3089} INFO - Sync 1 DAGs
[2024-07-27T22:10:40.463+0000] {logging_mixin.py:188} INFO - [2024-07-27T22:10:40.463+0000] {dag.py:3947} INFO - Setting next_dagrun for example_weekday_branch_operator to 2024-07-26 00:00:00+00:00, run_after=2024-07-27 00:00:00+00:00
[2024-07-27T22:10:40.471+0000] {processor.py:183} INFO - Processing /home/airflow/.local/lib/python3.12/site-packages/airflow/example_dags/example_branch_day_of_week_operator.py took 0.038 seconds
[2024-07-27T22:11:11.534+0000] {processor.py:161} INFO - Started process (PID=7977) to work on /home/airflow/.local/lib/python3.12/site-packages/airflow/example_dags/example_branch_day_of_week_operator.py
[2024-07-27T22:11:11.535+0000] {processor.py:830} INFO - Processing file /home/airflow/.local/lib/python3.12/site-packages/airflow/example_dags/example_branch_day_of_week_operator.py for tasks to queue
[2024-07-27T22:11:11.536+0000] {logging_mixin.py:188} INFO - [2024-07-27T22:11:11.535+0000] {dagbag.py:545} INFO - Filling up the DagBag from /home/airflow/.local/lib/python3.12/site-packages/airflow/example_dags/example_branch_day_of_week_operator.py
[2024-07-27T22:11:11.540+0000] {processor.py:840} INFO - DAG(s) 'example_weekday_branch_operator' retrieved from /home/airflow/.local/lib/python3.12/site-packages/airflow/example_dags/example_branch_day_of_week_operator.py
[2024-07-27T22:11:11.550+0000] {logging_mixin.py:188} INFO - [2024-07-27T22:11:11.550+0000] {dag.py:3089} INFO - Sync 1 DAGs
[2024-07-27T22:11:11.561+0000] {logging_mixin.py:188} INFO - [2024-07-27T22:11:11.561+0000] {dag.py:3947} INFO - Setting next_dagrun for example_weekday_branch_operator to 2024-07-26 00:00:00+00:00, run_after=2024-07-27 00:00:00+00:00
[2024-07-27T22:11:11.570+0000] {processor.py:183} INFO - Processing /home/airflow/.local/lib/python3.12/site-packages/airflow/example_dags/example_branch_day_of_week_operator.py took 0.040 seconds
[2024-07-27T22:11:41.817+0000] {processor.py:161} INFO - Started process (PID=8240) to work on /home/airflow/.local/lib/python3.12/site-packages/airflow/example_dags/example_branch_day_of_week_operator.py
[2024-07-27T22:11:41.819+0000] {processor.py:830} INFO - Processing file /home/airflow/.local/lib/python3.12/site-packages/airflow/example_dags/example_branch_day_of_week_operator.py for tasks to queue
[2024-07-27T22:11:41.820+0000] {logging_mixin.py:188} INFO - [2024-07-27T22:11:41.820+0000] {dagbag.py:545} INFO - Filling up the DagBag from /home/airflow/.local/lib/python3.12/site-packages/airflow/example_dags/example_branch_day_of_week_operator.py
[2024-07-27T22:11:41.824+0000] {processor.py:840} INFO - DAG(s) 'example_weekday_branch_operator' retrieved from /home/airflow/.local/lib/python3.12/site-packages/airflow/example_dags/example_branch_day_of_week_operator.py
[2024-07-27T22:11:41.835+0000] {logging_mixin.py:188} INFO - [2024-07-27T22:11:41.835+0000] {dag.py:3089} INFO - Sync 1 DAGs
[2024-07-27T22:11:41.846+0000] {logging_mixin.py:188} INFO - [2024-07-27T22:11:41.846+0000] {dag.py:3947} INFO - Setting next_dagrun for example_weekday_branch_operator to 2024-07-26 00:00:00+00:00, run_after=2024-07-27 00:00:00+00:00
[2024-07-27T22:11:41.854+0000] {processor.py:183} INFO - Processing /home/airflow/.local/lib/python3.12/site-packages/airflow/example_dags/example_branch_day_of_week_operator.py took 0.040 seconds
[2024-07-27T22:12:12.156+0000] {processor.py:161} INFO - Started process (PID=8502) to work on /home/airflow/.local/lib/python3.12/site-packages/airflow/example_dags/example_branch_day_of_week_operator.py
[2024-07-27T22:12:12.156+0000] {processor.py:830} INFO - Processing file /home/airflow/.local/lib/python3.12/site-packages/airflow/example_dags/example_branch_day_of_week_operator.py for tasks to queue
[2024-07-27T22:12:12.157+0000] {logging_mixin.py:188} INFO - [2024-07-27T22:12:12.157+0000] {dagbag.py:545} INFO - Filling up the DagBag from /home/airflow/.local/lib/python3.12/site-packages/airflow/example_dags/example_branch_day_of_week_operator.py
[2024-07-27T22:12:12.162+0000] {processor.py:840} INFO - DAG(s) 'example_weekday_branch_operator' retrieved from /home/airflow/.local/lib/python3.12/site-packages/airflow/example_dags/example_branch_day_of_week_operator.py
[2024-07-27T22:12:12.173+0000] {logging_mixin.py:188} INFO - [2024-07-27T22:12:12.173+0000] {dag.py:3089} INFO - Sync 1 DAGs
[2024-07-27T22:12:12.185+0000] {logging_mixin.py:188} INFO - [2024-07-27T22:12:12.185+0000] {dag.py:3947} INFO - Setting next_dagrun for example_weekday_branch_operator to 2024-07-26 00:00:00+00:00, run_after=2024-07-27 00:00:00+00:00
[2024-07-27T22:12:12.193+0000] {processor.py:183} INFO - Processing /home/airflow/.local/lib/python3.12/site-packages/airflow/example_dags/example_branch_day_of_week_operator.py took 0.041 seconds
[2024-07-27T22:12:42.777+0000] {processor.py:161} INFO - Started process (PID=8764) to work on /home/airflow/.local/lib/python3.12/site-packages/airflow/example_dags/example_branch_day_of_week_operator.py
[2024-07-27T22:12:42.778+0000] {processor.py:830} INFO - Processing file /home/airflow/.local/lib/python3.12/site-packages/airflow/example_dags/example_branch_day_of_week_operator.py for tasks to queue
[2024-07-27T22:12:42.779+0000] {logging_mixin.py:188} INFO - [2024-07-27T22:12:42.779+0000] {dagbag.py:545} INFO - Filling up the DagBag from /home/airflow/.local/lib/python3.12/site-packages/airflow/example_dags/example_branch_day_of_week_operator.py
[2024-07-27T22:12:42.783+0000] {processor.py:840} INFO - DAG(s) 'example_weekday_branch_operator' retrieved from /home/airflow/.local/lib/python3.12/site-packages/airflow/example_dags/example_branch_day_of_week_operator.py
[2024-07-27T22:12:42.795+0000] {logging_mixin.py:188} INFO - [2024-07-27T22:12:42.794+0000] {dag.py:3089} INFO - Sync 1 DAGs
[2024-07-27T22:12:42.806+0000] {logging_mixin.py:188} INFO - [2024-07-27T22:12:42.806+0000] {dag.py:3947} INFO - Setting next_dagrun for example_weekday_branch_operator to 2024-07-26 00:00:00+00:00, run_after=2024-07-27 00:00:00+00:00
[2024-07-27T22:12:42.815+0000] {processor.py:183} INFO - Processing /home/airflow/.local/lib/python3.12/site-packages/airflow/example_dags/example_branch_day_of_week_operator.py took 0.041 seconds
[2024-07-27T22:13:13.089+0000] {processor.py:161} INFO - Started process (PID=9026) to work on /home/airflow/.local/lib/python3.12/site-packages/airflow/example_dags/example_branch_day_of_week_operator.py
[2024-07-27T22:13:13.090+0000] {processor.py:830} INFO - Processing file /home/airflow/.local/lib/python3.12/site-packages/airflow/example_dags/example_branch_day_of_week_operator.py for tasks to queue
[2024-07-27T22:13:13.091+0000] {logging_mixin.py:188} INFO - [2024-07-27T22:13:13.090+0000] {dagbag.py:545} INFO - Filling up the DagBag from /home/airflow/.local/lib/python3.12/site-packages/airflow/example_dags/example_branch_day_of_week_operator.py
[2024-07-27T22:13:13.095+0000] {processor.py:840} INFO - DAG(s) 'example_weekday_branch_operator' retrieved from /home/airflow/.local/lib/python3.12/site-packages/airflow/example_dags/example_branch_day_of_week_operator.py
[2024-07-27T22:13:13.106+0000] {logging_mixin.py:188} INFO - [2024-07-27T22:13:13.105+0000] {dag.py:3089} INFO - Sync 1 DAGs
[2024-07-27T22:13:13.118+0000] {logging_mixin.py:188} INFO - [2024-07-27T22:13:13.118+0000] {dag.py:3947} INFO - Setting next_dagrun for example_weekday_branch_operator to 2024-07-26 00:00:00+00:00, run_after=2024-07-27 00:00:00+00:00
[2024-07-27T22:13:13.128+0000] {processor.py:183} INFO - Processing /home/airflow/.local/lib/python3.12/site-packages/airflow/example_dags/example_branch_day_of_week_operator.py took 0.042 seconds
[2024-07-27T22:13:44.229+0000] {processor.py:161} INFO - Started process (PID=9288) to work on /home/airflow/.local/lib/python3.12/site-packages/airflow/example_dags/example_branch_day_of_week_operator.py
[2024-07-27T22:13:44.230+0000] {processor.py:830} INFO - Processing file /home/airflow/.local/lib/python3.12/site-packages/airflow/example_dags/example_branch_day_of_week_operator.py for tasks to queue
[2024-07-27T22:13:44.231+0000] {logging_mixin.py:188} INFO - [2024-07-27T22:13:44.231+0000] {dagbag.py:545} INFO - Filling up the DagBag from /home/airflow/.local/lib/python3.12/site-packages/airflow/example_dags/example_branch_day_of_week_operator.py
[2024-07-27T22:13:44.235+0000] {processor.py:840} INFO - DAG(s) 'example_weekday_branch_operator' retrieved from /home/airflow/.local/lib/python3.12/site-packages/airflow/example_dags/example_branch_day_of_week_operator.py
[2024-07-27T22:13:44.247+0000] {logging_mixin.py:188} INFO - [2024-07-27T22:13:44.247+0000] {dag.py:3089} INFO - Sync 1 DAGs
[2024-07-27T22:13:44.259+0000] {logging_mixin.py:188} INFO - [2024-07-27T22:13:44.259+0000] {dag.py:3947} INFO - Setting next_dagrun for example_weekday_branch_operator to 2024-07-26 00:00:00+00:00, run_after=2024-07-27 00:00:00+00:00
[2024-07-27T22:13:44.268+0000] {processor.py:183} INFO - Processing /home/airflow/.local/lib/python3.12/site-packages/airflow/example_dags/example_branch_day_of_week_operator.py took 0.043 seconds
[2024-07-27T22:14:14.784+0000] {processor.py:161} INFO - Started process (PID=9551) to work on /home/airflow/.local/lib/python3.12/site-packages/airflow/example_dags/example_branch_day_of_week_operator.py
[2024-07-27T22:14:14.785+0000] {processor.py:830} INFO - Processing file /home/airflow/.local/lib/python3.12/site-packages/airflow/example_dags/example_branch_day_of_week_operator.py for tasks to queue
[2024-07-27T22:14:14.786+0000] {logging_mixin.py:188} INFO - [2024-07-27T22:14:14.786+0000] {dagbag.py:545} INFO - Filling up the DagBag from /home/airflow/.local/lib/python3.12/site-packages/airflow/example_dags/example_branch_day_of_week_operator.py
[2024-07-27T22:14:14.790+0000] {processor.py:840} INFO - DAG(s) 'example_weekday_branch_operator' retrieved from /home/airflow/.local/lib/python3.12/site-packages/airflow/example_dags/example_branch_day_of_week_operator.py
[2024-07-27T22:14:14.801+0000] {logging_mixin.py:188} INFO - [2024-07-27T22:14:14.801+0000] {dag.py:3089} INFO - Sync 1 DAGs
[2024-07-27T22:14:14.811+0000] {logging_mixin.py:188} INFO - [2024-07-27T22:14:14.811+0000] {dag.py:3947} INFO - Setting next_dagrun for example_weekday_branch_operator to 2024-07-26 00:00:00+00:00, run_after=2024-07-27 00:00:00+00:00
[2024-07-27T22:14:14.819+0000] {processor.py:183} INFO - Processing /home/airflow/.local/lib/python3.12/site-packages/airflow/example_dags/example_branch_day_of_week_operator.py took 0.037 seconds
[2024-07-27T22:14:44.937+0000] {processor.py:161} INFO - Started process (PID=9811) to work on /home/airflow/.local/lib/python3.12/site-packages/airflow/example_dags/example_branch_day_of_week_operator.py
[2024-07-27T22:14:44.938+0000] {processor.py:830} INFO - Processing file /home/airflow/.local/lib/python3.12/site-packages/airflow/example_dags/example_branch_day_of_week_operator.py for tasks to queue
[2024-07-27T22:14:44.939+0000] {logging_mixin.py:188} INFO - [2024-07-27T22:14:44.939+0000] {dagbag.py:545} INFO - Filling up the DagBag from /home/airflow/.local/lib/python3.12/site-packages/airflow/example_dags/example_branch_day_of_week_operator.py
[2024-07-27T22:14:44.945+0000] {processor.py:840} INFO - DAG(s) 'example_weekday_branch_operator' retrieved from /home/airflow/.local/lib/python3.12/site-packages/airflow/example_dags/example_branch_day_of_week_operator.py
[2024-07-27T22:14:44.961+0000] {logging_mixin.py:188} INFO - [2024-07-27T22:14:44.961+0000] {dag.py:3089} INFO - Sync 1 DAGs
[2024-07-27T22:14:44.977+0000] {logging_mixin.py:188} INFO - [2024-07-27T22:14:44.977+0000] {dag.py:3947} INFO - Setting next_dagrun for example_weekday_branch_operator to 2024-07-26 00:00:00+00:00, run_after=2024-07-27 00:00:00+00:00
[2024-07-27T22:14:44.991+0000] {processor.py:183} INFO - Processing /home/airflow/.local/lib/python3.12/site-packages/airflow/example_dags/example_branch_day_of_week_operator.py took 0.059 seconds
[2024-07-27T22:15:15.239+0000] {processor.py:161} INFO - Started process (PID=10071) to work on /home/airflow/.local/lib/python3.12/site-packages/airflow/example_dags/example_branch_day_of_week_operator.py
[2024-07-27T22:15:15.240+0000] {processor.py:830} INFO - Processing file /home/airflow/.local/lib/python3.12/site-packages/airflow/example_dags/example_branch_day_of_week_operator.py for tasks to queue
[2024-07-27T22:15:15.241+0000] {logging_mixin.py:188} INFO - [2024-07-27T22:15:15.241+0000] {dagbag.py:545} INFO - Filling up the DagBag from /home/airflow/.local/lib/python3.12/site-packages/airflow/example_dags/example_branch_day_of_week_operator.py
[2024-07-27T22:15:15.245+0000] {processor.py:840} INFO - DAG(s) 'example_weekday_branch_operator' retrieved from /home/airflow/.local/lib/python3.12/site-packages/airflow/example_dags/example_branch_day_of_week_operator.py
[2024-07-27T22:15:15.256+0000] {logging_mixin.py:188} INFO - [2024-07-27T22:15:15.256+0000] {dag.py:3089} INFO - Sync 1 DAGs
[2024-07-27T22:15:15.266+0000] {logging_mixin.py:188} INFO - [2024-07-27T22:15:15.266+0000] {dag.py:3947} INFO - Setting next_dagrun for example_weekday_branch_operator to 2024-07-26 00:00:00+00:00, run_after=2024-07-27 00:00:00+00:00
[2024-07-27T22:15:15.276+0000] {processor.py:183} INFO - Processing /home/airflow/.local/lib/python3.12/site-packages/airflow/example_dags/example_branch_day_of_week_operator.py took 0.041 seconds
[2024-07-27T22:15:45.365+0000] {processor.py:161} INFO - Started process (PID=10331) to work on /home/airflow/.local/lib/python3.12/site-packages/airflow/example_dags/example_branch_day_of_week_operator.py
[2024-07-27T22:15:45.366+0000] {processor.py:830} INFO - Processing file /home/airflow/.local/lib/python3.12/site-packages/airflow/example_dags/example_branch_day_of_week_operator.py for tasks to queue
[2024-07-27T22:15:45.367+0000] {logging_mixin.py:188} INFO - [2024-07-27T22:15:45.367+0000] {dagbag.py:545} INFO - Filling up the DagBag from /home/airflow/.local/lib/python3.12/site-packages/airflow/example_dags/example_branch_day_of_week_operator.py
[2024-07-27T22:15:45.371+0000] {processor.py:840} INFO - DAG(s) 'example_weekday_branch_operator' retrieved from /home/airflow/.local/lib/python3.12/site-packages/airflow/example_dags/example_branch_day_of_week_operator.py
[2024-07-27T22:15:45.381+0000] {logging_mixin.py:188} INFO - [2024-07-27T22:15:45.381+0000] {dag.py:3089} INFO - Sync 1 DAGs
[2024-07-27T22:15:45.392+0000] {logging_mixin.py:188} INFO - [2024-07-27T22:15:45.392+0000] {dag.py:3947} INFO - Setting next_dagrun for example_weekday_branch_operator to 2024-07-26 00:00:00+00:00, run_after=2024-07-27 00:00:00+00:00
[2024-07-27T22:15:45.401+0000] {processor.py:183} INFO - Processing /home/airflow/.local/lib/python3.12/site-packages/airflow/example_dags/example_branch_day_of_week_operator.py took 0.039 seconds
[2024-07-27T22:16:15.422+0000] {processor.py:161} INFO - Started process (PID=10594) to work on /home/airflow/.local/lib/python3.12/site-packages/airflow/example_dags/example_branch_day_of_week_operator.py
[2024-07-27T22:16:15.423+0000] {processor.py:830} INFO - Processing file /home/airflow/.local/lib/python3.12/site-packages/airflow/example_dags/example_branch_day_of_week_operator.py for tasks to queue
[2024-07-27T22:16:15.424+0000] {logging_mixin.py:188} INFO - [2024-07-27T22:16:15.424+0000] {dagbag.py:545} INFO - Filling up the DagBag from /home/airflow/.local/lib/python3.12/site-packages/airflow/example_dags/example_branch_day_of_week_operator.py
[2024-07-27T22:16:15.430+0000] {processor.py:840} INFO - DAG(s) 'example_weekday_branch_operator' retrieved from /home/airflow/.local/lib/python3.12/site-packages/airflow/example_dags/example_branch_day_of_week_operator.py
[2024-07-27T22:16:15.440+0000] {logging_mixin.py:188} INFO - [2024-07-27T22:16:15.439+0000] {dag.py:3089} INFO - Sync 1 DAGs
[2024-07-27T22:16:15.451+0000] {logging_mixin.py:188} INFO - [2024-07-27T22:16:15.451+0000] {dag.py:3947} INFO - Setting next_dagrun for example_weekday_branch_operator to 2024-07-26 00:00:00+00:00, run_after=2024-07-27 00:00:00+00:00
[2024-07-27T22:16:15.460+0000] {processor.py:183} INFO - Processing /home/airflow/.local/lib/python3.12/site-packages/airflow/example_dags/example_branch_day_of_week_operator.py took 0.042 seconds
[2024-07-27T22:16:47.486+0000] {processor.py:161} INFO - Started process (PID=10858) to work on /home/airflow/.local/lib/python3.12/site-packages/airflow/example_dags/example_branch_day_of_week_operator.py
[2024-07-27T22:16:47.487+0000] {processor.py:830} INFO - Processing file /home/airflow/.local/lib/python3.12/site-packages/airflow/example_dags/example_branch_day_of_week_operator.py for tasks to queue
[2024-07-27T22:16:47.488+0000] {logging_mixin.py:188} INFO - [2024-07-27T22:16:47.488+0000] {dagbag.py:545} INFO - Filling up the DagBag from /home/airflow/.local/lib/python3.12/site-packages/airflow/example_dags/example_branch_day_of_week_operator.py
[2024-07-27T22:16:47.492+0000] {processor.py:840} INFO - DAG(s) 'example_weekday_branch_operator' retrieved from /home/airflow/.local/lib/python3.12/site-packages/airflow/example_dags/example_branch_day_of_week_operator.py
[2024-07-27T22:16:47.503+0000] {logging_mixin.py:188} INFO - [2024-07-27T22:16:47.503+0000] {dag.py:3089} INFO - Sync 1 DAGs
[2024-07-27T22:16:47.608+0000] {logging_mixin.py:188} INFO - [2024-07-27T22:16:47.608+0000] {dag.py:3947} INFO - Setting next_dagrun for example_weekday_branch_operator to 2024-07-26 00:00:00+00:00, run_after=2024-07-27 00:00:00+00:00
[2024-07-27T22:16:47.616+0000] {processor.py:183} INFO - Processing /home/airflow/.local/lib/python3.12/site-packages/airflow/example_dags/example_branch_day_of_week_operator.py took 0.134 seconds
[2024-07-27T22:17:18.008+0000] {processor.py:161} INFO - Started process (PID=11118) to work on /home/airflow/.local/lib/python3.12/site-packages/airflow/example_dags/example_branch_day_of_week_operator.py
[2024-07-27T22:17:18.009+0000] {processor.py:830} INFO - Processing file /home/airflow/.local/lib/python3.12/site-packages/airflow/example_dags/example_branch_day_of_week_operator.py for tasks to queue
[2024-07-27T22:17:18.010+0000] {logging_mixin.py:188} INFO - [2024-07-27T22:17:18.010+0000] {dagbag.py:545} INFO - Filling up the DagBag from /home/airflow/.local/lib/python3.12/site-packages/airflow/example_dags/example_branch_day_of_week_operator.py
[2024-07-27T22:17:18.015+0000] {processor.py:840} INFO - DAG(s) 'example_weekday_branch_operator' retrieved from /home/airflow/.local/lib/python3.12/site-packages/airflow/example_dags/example_branch_day_of_week_operator.py
[2024-07-27T22:17:18.030+0000] {logging_mixin.py:188} INFO - [2024-07-27T22:17:18.029+0000] {dag.py:3089} INFO - Sync 1 DAGs
[2024-07-27T22:17:18.047+0000] {logging_mixin.py:188} INFO - [2024-07-27T22:17:18.047+0000] {dag.py:3947} INFO - Setting next_dagrun for example_weekday_branch_operator to 2024-07-26 00:00:00+00:00, run_after=2024-07-27 00:00:00+00:00
[2024-07-27T22:17:18.072+0000] {processor.py:183} INFO - Processing /home/airflow/.local/lib/python3.12/site-packages/airflow/example_dags/example_branch_day_of_week_operator.py took 0.068 seconds
[2024-07-27T22:17:48.409+0000] {processor.py:161} INFO - Started process (PID=11380) to work on /home/airflow/.local/lib/python3.12/site-packages/airflow/example_dags/example_branch_day_of_week_operator.py
[2024-07-27T22:17:48.410+0000] {processor.py:830} INFO - Processing file /home/airflow/.local/lib/python3.12/site-packages/airflow/example_dags/example_branch_day_of_week_operator.py for tasks to queue
[2024-07-27T22:17:48.412+0000] {logging_mixin.py:188} INFO - [2024-07-27T22:17:48.411+0000] {dagbag.py:545} INFO - Filling up the DagBag from /home/airflow/.local/lib/python3.12/site-packages/airflow/example_dags/example_branch_day_of_week_operator.py
[2024-07-27T22:17:48.417+0000] {processor.py:840} INFO - DAG(s) 'example_weekday_branch_operator' retrieved from /home/airflow/.local/lib/python3.12/site-packages/airflow/example_dags/example_branch_day_of_week_operator.py
[2024-07-27T22:17:48.428+0000] {logging_mixin.py:188} INFO - [2024-07-27T22:17:48.428+0000] {dag.py:3089} INFO - Sync 1 DAGs
[2024-07-27T22:17:48.439+0000] {logging_mixin.py:188} INFO - [2024-07-27T22:17:48.439+0000] {dag.py:3947} INFO - Setting next_dagrun for example_weekday_branch_operator to 2024-07-26 00:00:00+00:00, run_after=2024-07-27 00:00:00+00:00
[2024-07-27T22:17:48.452+0000] {processor.py:183} INFO - Processing /home/airflow/.local/lib/python3.12/site-packages/airflow/example_dags/example_branch_day_of_week_operator.py took 0.046 seconds
[2024-07-27T22:18:18.665+0000] {processor.py:161} INFO - Started process (PID=11642) to work on /home/airflow/.local/lib/python3.12/site-packages/airflow/example_dags/example_branch_day_of_week_operator.py
[2024-07-27T22:18:18.667+0000] {processor.py:830} INFO - Processing file /home/airflow/.local/lib/python3.12/site-packages/airflow/example_dags/example_branch_day_of_week_operator.py for tasks to queue
[2024-07-27T22:18:18.668+0000] {logging_mixin.py:188} INFO - [2024-07-27T22:18:18.667+0000] {dagbag.py:545} INFO - Filling up the DagBag from /home/airflow/.local/lib/python3.12/site-packages/airflow/example_dags/example_branch_day_of_week_operator.py
[2024-07-27T22:18:18.672+0000] {processor.py:840} INFO - DAG(s) 'example_weekday_branch_operator' retrieved from /home/airflow/.local/lib/python3.12/site-packages/airflow/example_dags/example_branch_day_of_week_operator.py
[2024-07-27T22:18:18.684+0000] {logging_mixin.py:188} INFO - [2024-07-27T22:18:18.684+0000] {dag.py:3089} INFO - Sync 1 DAGs
[2024-07-27T22:18:18.700+0000] {logging_mixin.py:188} INFO - [2024-07-27T22:18:18.700+0000] {dag.py:3947} INFO - Setting next_dagrun for example_weekday_branch_operator to 2024-07-26 00:00:00+00:00, run_after=2024-07-27 00:00:00+00:00
[2024-07-27T22:18:18.710+0000] {processor.py:183} INFO - Processing /home/airflow/.local/lib/python3.12/site-packages/airflow/example_dags/example_branch_day_of_week_operator.py took 0.049 seconds
[2024-07-27T22:18:48.854+0000] {processor.py:161} INFO - Started process (PID=11904) to work on /home/airflow/.local/lib/python3.12/site-packages/airflow/example_dags/example_branch_day_of_week_operator.py
[2024-07-27T22:18:48.854+0000] {processor.py:830} INFO - Processing file /home/airflow/.local/lib/python3.12/site-packages/airflow/example_dags/example_branch_day_of_week_operator.py for tasks to queue
[2024-07-27T22:18:48.855+0000] {logging_mixin.py:188} INFO - [2024-07-27T22:18:48.855+0000] {dagbag.py:545} INFO - Filling up the DagBag from /home/airflow/.local/lib/python3.12/site-packages/airflow/example_dags/example_branch_day_of_week_operator.py
[2024-07-27T22:18:48.859+0000] {processor.py:840} INFO - DAG(s) 'example_weekday_branch_operator' retrieved from /home/airflow/.local/lib/python3.12/site-packages/airflow/example_dags/example_branch_day_of_week_operator.py
[2024-07-27T22:18:48.869+0000] {logging_mixin.py:188} INFO - [2024-07-27T22:18:48.869+0000] {dag.py:3089} INFO - Sync 1 DAGs
[2024-07-27T22:18:48.879+0000] {logging_mixin.py:188} INFO - [2024-07-27T22:18:48.879+0000] {dag.py:3947} INFO - Setting next_dagrun for example_weekday_branch_operator to 2024-07-26 00:00:00+00:00, run_after=2024-07-27 00:00:00+00:00
[2024-07-27T22:18:48.887+0000] {processor.py:183} INFO - Processing /home/airflow/.local/lib/python3.12/site-packages/airflow/example_dags/example_branch_day_of_week_operator.py took 0.037 seconds
[2024-07-27T22:19:19.252+0000] {processor.py:161} INFO - Started process (PID=12166) to work on /home/airflow/.local/lib/python3.12/site-packages/airflow/example_dags/example_branch_day_of_week_operator.py
[2024-07-27T22:19:19.253+0000] {processor.py:830} INFO - Processing file /home/airflow/.local/lib/python3.12/site-packages/airflow/example_dags/example_branch_day_of_week_operator.py for tasks to queue
[2024-07-27T22:19:19.256+0000] {logging_mixin.py:188} INFO - [2024-07-27T22:19:19.255+0000] {dagbag.py:545} INFO - Filling up the DagBag from /home/airflow/.local/lib/python3.12/site-packages/airflow/example_dags/example_branch_day_of_week_operator.py
[2024-07-27T22:19:19.262+0000] {processor.py:840} INFO - DAG(s) 'example_weekday_branch_operator' retrieved from /home/airflow/.local/lib/python3.12/site-packages/airflow/example_dags/example_branch_day_of_week_operator.py
[2024-07-27T22:19:19.279+0000] {logging_mixin.py:188} INFO - [2024-07-27T22:19:19.279+0000] {dag.py:3089} INFO - Sync 1 DAGs
[2024-07-27T22:19:19.329+0000] {logging_mixin.py:188} INFO - [2024-07-27T22:19:19.329+0000] {dag.py:3947} INFO - Setting next_dagrun for example_weekday_branch_operator to 2024-07-26 00:00:00+00:00, run_after=2024-07-27 00:00:00+00:00
[2024-07-27T22:19:19.343+0000] {processor.py:183} INFO - Processing /home/airflow/.local/lib/python3.12/site-packages/airflow/example_dags/example_branch_day_of_week_operator.py took 0.095 seconds
[2024-07-27T22:19:49.436+0000] {processor.py:161} INFO - Started process (PID=12428) to work on /home/airflow/.local/lib/python3.12/site-packages/airflow/example_dags/example_branch_day_of_week_operator.py
[2024-07-27T22:19:49.437+0000] {processor.py:830} INFO - Processing file /home/airflow/.local/lib/python3.12/site-packages/airflow/example_dags/example_branch_day_of_week_operator.py for tasks to queue
[2024-07-27T22:19:49.438+0000] {logging_mixin.py:188} INFO - [2024-07-27T22:19:49.438+0000] {dagbag.py:545} INFO - Filling up the DagBag from /home/airflow/.local/lib/python3.12/site-packages/airflow/example_dags/example_branch_day_of_week_operator.py
[2024-07-27T22:19:49.444+0000] {processor.py:840} INFO - DAG(s) 'example_weekday_branch_operator' retrieved from /home/airflow/.local/lib/python3.12/site-packages/airflow/example_dags/example_branch_day_of_week_operator.py
[2024-07-27T22:19:49.467+0000] {logging_mixin.py:188} INFO - [2024-07-27T22:19:49.467+0000] {dag.py:3089} INFO - Sync 1 DAGs
[2024-07-27T22:19:49.493+0000] {logging_mixin.py:188} INFO - [2024-07-27T22:19:49.493+0000] {dag.py:3947} INFO - Setting next_dagrun for example_weekday_branch_operator to 2024-07-26 00:00:00+00:00, run_after=2024-07-27 00:00:00+00:00
[2024-07-27T22:19:49.510+0000] {processor.py:183} INFO - Processing /home/airflow/.local/lib/python3.12/site-packages/airflow/example_dags/example_branch_day_of_week_operator.py took 0.078 seconds
[2024-07-27T22:20:20.201+0000] {processor.py:161} INFO - Started process (PID=12695) to work on /home/airflow/.local/lib/python3.12/site-packages/airflow/example_dags/example_branch_day_of_week_operator.py
[2024-07-27T22:20:20.202+0000] {processor.py:830} INFO - Processing file /home/airflow/.local/lib/python3.12/site-packages/airflow/example_dags/example_branch_day_of_week_operator.py for tasks to queue
[2024-07-27T22:20:20.203+0000] {logging_mixin.py:188} INFO - [2024-07-27T22:20:20.203+0000] {dagbag.py:545} INFO - Filling up the DagBag from /home/airflow/.local/lib/python3.12/site-packages/airflow/example_dags/example_branch_day_of_week_operator.py
[2024-07-27T22:20:20.208+0000] {processor.py:840} INFO - DAG(s) 'example_weekday_branch_operator' retrieved from /home/airflow/.local/lib/python3.12/site-packages/airflow/example_dags/example_branch_day_of_week_operator.py
[2024-07-27T22:20:20.219+0000] {logging_mixin.py:188} INFO - [2024-07-27T22:20:20.219+0000] {dag.py:3089} INFO - Sync 1 DAGs
[2024-07-27T22:20:20.231+0000] {logging_mixin.py:188} INFO - [2024-07-27T22:20:20.231+0000] {dag.py:3947} INFO - Setting next_dagrun for example_weekday_branch_operator to 2024-07-26 00:00:00+00:00, run_after=2024-07-27 00:00:00+00:00
[2024-07-27T22:20:20.240+0000] {processor.py:183} INFO - Processing /home/airflow/.local/lib/python3.12/site-packages/airflow/example_dags/example_branch_day_of_week_operator.py took 0.043 seconds
[2024-07-27T22:20:50.526+0000] {processor.py:161} INFO - Started process (PID=12967) to work on /home/airflow/.local/lib/python3.12/site-packages/airflow/example_dags/example_branch_day_of_week_operator.py
[2024-07-27T22:20:50.528+0000] {processor.py:830} INFO - Processing file /home/airflow/.local/lib/python3.12/site-packages/airflow/example_dags/example_branch_day_of_week_operator.py for tasks to queue
[2024-07-27T22:20:50.529+0000] {logging_mixin.py:188} INFO - [2024-07-27T22:20:50.529+0000] {dagbag.py:545} INFO - Filling up the DagBag from /home/airflow/.local/lib/python3.12/site-packages/airflow/example_dags/example_branch_day_of_week_operator.py
[2024-07-27T22:20:50.533+0000] {processor.py:840} INFO - DAG(s) 'example_weekday_branch_operator' retrieved from /home/airflow/.local/lib/python3.12/site-packages/airflow/example_dags/example_branch_day_of_week_operator.py
[2024-07-27T22:20:50.544+0000] {logging_mixin.py:188} INFO - [2024-07-27T22:20:50.544+0000] {dag.py:3089} INFO - Sync 1 DAGs
[2024-07-27T22:20:50.556+0000] {logging_mixin.py:188} INFO - [2024-07-27T22:20:50.556+0000] {dag.py:3947} INFO - Setting next_dagrun for example_weekday_branch_operator to 2024-07-26 00:00:00+00:00, run_after=2024-07-27 00:00:00+00:00
[2024-07-27T22:20:50.566+0000] {processor.py:183} INFO - Processing /home/airflow/.local/lib/python3.12/site-packages/airflow/example_dags/example_branch_day_of_week_operator.py took 0.044 seconds
[2024-07-27T22:21:20.921+0000] {processor.py:161} INFO - Started process (PID=13234) to work on /home/airflow/.local/lib/python3.12/site-packages/airflow/example_dags/example_branch_day_of_week_operator.py
[2024-07-27T22:21:20.921+0000] {processor.py:830} INFO - Processing file /home/airflow/.local/lib/python3.12/site-packages/airflow/example_dags/example_branch_day_of_week_operator.py for tasks to queue
[2024-07-27T22:21:20.923+0000] {logging_mixin.py:188} INFO - [2024-07-27T22:21:20.922+0000] {dagbag.py:545} INFO - Filling up the DagBag from /home/airflow/.local/lib/python3.12/site-packages/airflow/example_dags/example_branch_day_of_week_operator.py
[2024-07-27T22:21:20.927+0000] {processor.py:840} INFO - DAG(s) 'example_weekday_branch_operator' retrieved from /home/airflow/.local/lib/python3.12/site-packages/airflow/example_dags/example_branch_day_of_week_operator.py
[2024-07-27T22:21:20.938+0000] {logging_mixin.py:188} INFO - [2024-07-27T22:21:20.938+0000] {dag.py:3089} INFO - Sync 1 DAGs
[2024-07-27T22:21:20.950+0000] {logging_mixin.py:188} INFO - [2024-07-27T22:21:20.950+0000] {dag.py:3947} INFO - Setting next_dagrun for example_weekday_branch_operator to 2024-07-26 00:00:00+00:00, run_after=2024-07-27 00:00:00+00:00
[2024-07-27T22:21:20.959+0000] {processor.py:183} INFO - Processing /home/airflow/.local/lib/python3.12/site-packages/airflow/example_dags/example_branch_day_of_week_operator.py took 0.042 seconds
[2024-07-27T22:21:51.294+0000] {processor.py:161} INFO - Started process (PID=13501) to work on /home/airflow/.local/lib/python3.12/site-packages/airflow/example_dags/example_branch_day_of_week_operator.py
[2024-07-27T22:21:51.295+0000] {processor.py:830} INFO - Processing file /home/airflow/.local/lib/python3.12/site-packages/airflow/example_dags/example_branch_day_of_week_operator.py for tasks to queue
[2024-07-27T22:21:51.296+0000] {logging_mixin.py:188} INFO - [2024-07-27T22:21:51.296+0000] {dagbag.py:545} INFO - Filling up the DagBag from /home/airflow/.local/lib/python3.12/site-packages/airflow/example_dags/example_branch_day_of_week_operator.py
[2024-07-27T22:21:51.301+0000] {processor.py:840} INFO - DAG(s) 'example_weekday_branch_operator' retrieved from /home/airflow/.local/lib/python3.12/site-packages/airflow/example_dags/example_branch_day_of_week_operator.py
[2024-07-27T22:21:51.312+0000] {logging_mixin.py:188} INFO - [2024-07-27T22:21:51.312+0000] {dag.py:3089} INFO - Sync 1 DAGs
[2024-07-27T22:21:51.325+0000] {logging_mixin.py:188} INFO - [2024-07-27T22:21:51.325+0000] {dag.py:3947} INFO - Setting next_dagrun for example_weekday_branch_operator to 2024-07-26 00:00:00+00:00, run_after=2024-07-27 00:00:00+00:00
[2024-07-27T22:21:51.336+0000] {processor.py:183} INFO - Processing /home/airflow/.local/lib/python3.12/site-packages/airflow/example_dags/example_branch_day_of_week_operator.py took 0.045 seconds
[2024-07-27T22:22:21.532+0000] {processor.py:161} INFO - Started process (PID=13768) to work on /home/airflow/.local/lib/python3.12/site-packages/airflow/example_dags/example_branch_day_of_week_operator.py
[2024-07-27T22:22:21.533+0000] {processor.py:830} INFO - Processing file /home/airflow/.local/lib/python3.12/site-packages/airflow/example_dags/example_branch_day_of_week_operator.py for tasks to queue
[2024-07-27T22:22:21.534+0000] {logging_mixin.py:188} INFO - [2024-07-27T22:22:21.534+0000] {dagbag.py:545} INFO - Filling up the DagBag from /home/airflow/.local/lib/python3.12/site-packages/airflow/example_dags/example_branch_day_of_week_operator.py
[2024-07-27T22:22:21.538+0000] {processor.py:840} INFO - DAG(s) 'example_weekday_branch_operator' retrieved from /home/airflow/.local/lib/python3.12/site-packages/airflow/example_dags/example_branch_day_of_week_operator.py
[2024-07-27T22:22:21.549+0000] {logging_mixin.py:188} INFO - [2024-07-27T22:22:21.549+0000] {dag.py:3089} INFO - Sync 1 DAGs
[2024-07-27T22:22:21.561+0000] {logging_mixin.py:188} INFO - [2024-07-27T22:22:21.561+0000] {dag.py:3947} INFO - Setting next_dagrun for example_weekday_branch_operator to 2024-07-26 00:00:00+00:00, run_after=2024-07-27 00:00:00+00:00
[2024-07-27T22:22:21.576+0000] {processor.py:183} INFO - Processing /home/airflow/.local/lib/python3.12/site-packages/airflow/example_dags/example_branch_day_of_week_operator.py took 0.047 seconds
[2024-07-27T22:22:52.314+0000] {processor.py:161} INFO - Started process (PID=14035) to work on /home/airflow/.local/lib/python3.12/site-packages/airflow/example_dags/example_branch_day_of_week_operator.py
[2024-07-27T22:22:52.315+0000] {processor.py:830} INFO - Processing file /home/airflow/.local/lib/python3.12/site-packages/airflow/example_dags/example_branch_day_of_week_operator.py for tasks to queue
[2024-07-27T22:22:52.316+0000] {logging_mixin.py:188} INFO - [2024-07-27T22:22:52.316+0000] {dagbag.py:545} INFO - Filling up the DagBag from /home/airflow/.local/lib/python3.12/site-packages/airflow/example_dags/example_branch_day_of_week_operator.py
[2024-07-27T22:22:52.321+0000] {processor.py:840} INFO - DAG(s) 'example_weekday_branch_operator' retrieved from /home/airflow/.local/lib/python3.12/site-packages/airflow/example_dags/example_branch_day_of_week_operator.py
[2024-07-27T22:22:52.332+0000] {logging_mixin.py:188} INFO - [2024-07-27T22:22:52.332+0000] {dag.py:3089} INFO - Sync 1 DAGs
[2024-07-27T22:22:52.343+0000] {logging_mixin.py:188} INFO - [2024-07-27T22:22:52.343+0000] {dag.py:3947} INFO - Setting next_dagrun for example_weekday_branch_operator to 2024-07-26 00:00:00+00:00, run_after=2024-07-27 00:00:00+00:00
[2024-07-27T22:22:52.352+0000] {processor.py:183} INFO - Processing /home/airflow/.local/lib/python3.12/site-packages/airflow/example_dags/example_branch_day_of_week_operator.py took 0.042 seconds
[2024-07-27T22:23:22.747+0000] {processor.py:161} INFO - Started process (PID=14323) to work on /home/airflow/.local/lib/python3.12/site-packages/airflow/example_dags/example_branch_day_of_week_operator.py
[2024-07-27T22:23:22.748+0000] {processor.py:830} INFO - Processing file /home/airflow/.local/lib/python3.12/site-packages/airflow/example_dags/example_branch_day_of_week_operator.py for tasks to queue
[2024-07-27T22:23:22.749+0000] {logging_mixin.py:188} INFO - [2024-07-27T22:23:22.749+0000] {dagbag.py:545} INFO - Filling up the DagBag from /home/airflow/.local/lib/python3.12/site-packages/airflow/example_dags/example_branch_day_of_week_operator.py
[2024-07-27T22:23:22.755+0000] {processor.py:840} INFO - DAG(s) 'example_weekday_branch_operator' retrieved from /home/airflow/.local/lib/python3.12/site-packages/airflow/example_dags/example_branch_day_of_week_operator.py
[2024-07-27T22:23:22.782+0000] {logging_mixin.py:188} INFO - [2024-07-27T22:23:22.782+0000] {dag.py:3089} INFO - Sync 1 DAGs
[2024-07-27T22:23:22.795+0000] {logging_mixin.py:188} INFO - [2024-07-27T22:23:22.794+0000] {dag.py:3947} INFO - Setting next_dagrun for example_weekday_branch_operator to 2024-07-26 00:00:00+00:00, run_after=2024-07-27 00:00:00+00:00
[2024-07-27T22:23:22.809+0000] {processor.py:183} INFO - Processing /home/airflow/.local/lib/python3.12/site-packages/airflow/example_dags/example_branch_day_of_week_operator.py took 0.066 seconds
[2024-07-27T22:23:53.445+0000] {processor.py:161} INFO - Started process (PID=14590) to work on /home/airflow/.local/lib/python3.12/site-packages/airflow/example_dags/example_branch_day_of_week_operator.py
[2024-07-27T22:23:53.445+0000] {processor.py:830} INFO - Processing file /home/airflow/.local/lib/python3.12/site-packages/airflow/example_dags/example_branch_day_of_week_operator.py for tasks to queue
[2024-07-27T22:23:53.447+0000] {logging_mixin.py:188} INFO - [2024-07-27T22:23:53.446+0000] {dagbag.py:545} INFO - Filling up the DagBag from /home/airflow/.local/lib/python3.12/site-packages/airflow/example_dags/example_branch_day_of_week_operator.py
[2024-07-27T22:23:53.451+0000] {processor.py:840} INFO - DAG(s) 'example_weekday_branch_operator' retrieved from /home/airflow/.local/lib/python3.12/site-packages/airflow/example_dags/example_branch_day_of_week_operator.py
[2024-07-27T22:23:53.462+0000] {logging_mixin.py:188} INFO - [2024-07-27T22:23:53.462+0000] {dag.py:3089} INFO - Sync 1 DAGs
[2024-07-27T22:23:53.474+0000] {logging_mixin.py:188} INFO - [2024-07-27T22:23:53.474+0000] {dag.py:3947} INFO - Setting next_dagrun for example_weekday_branch_operator to 2024-07-26 00:00:00+00:00, run_after=2024-07-27 00:00:00+00:00
[2024-07-27T22:23:53.493+0000] {processor.py:183} INFO - Processing /home/airflow/.local/lib/python3.12/site-packages/airflow/example_dags/example_branch_day_of_week_operator.py took 0.052 seconds
[2024-07-27T22:24:24.277+0000] {processor.py:161} INFO - Started process (PID=14857) to work on /home/airflow/.local/lib/python3.12/site-packages/airflow/example_dags/example_branch_day_of_week_operator.py
[2024-07-27T22:24:24.278+0000] {processor.py:830} INFO - Processing file /home/airflow/.local/lib/python3.12/site-packages/airflow/example_dags/example_branch_day_of_week_operator.py for tasks to queue
[2024-07-27T22:24:24.279+0000] {logging_mixin.py:188} INFO - [2024-07-27T22:24:24.279+0000] {dagbag.py:545} INFO - Filling up the DagBag from /home/airflow/.local/lib/python3.12/site-packages/airflow/example_dags/example_branch_day_of_week_operator.py
[2024-07-27T22:24:24.283+0000] {processor.py:840} INFO - DAG(s) 'example_weekday_branch_operator' retrieved from /home/airflow/.local/lib/python3.12/site-packages/airflow/example_dags/example_branch_day_of_week_operator.py
[2024-07-27T22:24:24.293+0000] {logging_mixin.py:188} INFO - [2024-07-27T22:24:24.293+0000] {dag.py:3089} INFO - Sync 1 DAGs
[2024-07-27T22:24:24.304+0000] {logging_mixin.py:188} INFO - [2024-07-27T22:24:24.304+0000] {dag.py:3947} INFO - Setting next_dagrun for example_weekday_branch_operator to 2024-07-26 00:00:00+00:00, run_after=2024-07-27 00:00:00+00:00
[2024-07-27T22:24:24.312+0000] {processor.py:183} INFO - Processing /home/airflow/.local/lib/python3.12/site-packages/airflow/example_dags/example_branch_day_of_week_operator.py took 0.039 seconds
[2024-07-27T22:24:54.471+0000] {processor.py:161} INFO - Started process (PID=15124) to work on /home/airflow/.local/lib/python3.12/site-packages/airflow/example_dags/example_branch_day_of_week_operator.py
[2024-07-27T22:24:54.472+0000] {processor.py:830} INFO - Processing file /home/airflow/.local/lib/python3.12/site-packages/airflow/example_dags/example_branch_day_of_week_operator.py for tasks to queue
[2024-07-27T22:24:54.473+0000] {logging_mixin.py:188} INFO - [2024-07-27T22:24:54.472+0000] {dagbag.py:545} INFO - Filling up the DagBag from /home/airflow/.local/lib/python3.12/site-packages/airflow/example_dags/example_branch_day_of_week_operator.py
[2024-07-27T22:24:54.477+0000] {processor.py:840} INFO - DAG(s) 'example_weekday_branch_operator' retrieved from /home/airflow/.local/lib/python3.12/site-packages/airflow/example_dags/example_branch_day_of_week_operator.py
[2024-07-27T22:24:54.490+0000] {logging_mixin.py:188} INFO - [2024-07-27T22:24:54.490+0000] {dag.py:3089} INFO - Sync 1 DAGs
[2024-07-27T22:24:54.502+0000] {logging_mixin.py:188} INFO - [2024-07-27T22:24:54.502+0000] {dag.py:3947} INFO - Setting next_dagrun for example_weekday_branch_operator to 2024-07-26 00:00:00+00:00, run_after=2024-07-27 00:00:00+00:00
[2024-07-27T22:24:54.511+0000] {processor.py:183} INFO - Processing /home/airflow/.local/lib/python3.12/site-packages/airflow/example_dags/example_branch_day_of_week_operator.py took 0.043 seconds
[2024-07-27T22:25:24.789+0000] {processor.py:161} INFO - Started process (PID=15391) to work on /home/airflow/.local/lib/python3.12/site-packages/airflow/example_dags/example_branch_day_of_week_operator.py
[2024-07-27T22:25:24.790+0000] {processor.py:830} INFO - Processing file /home/airflow/.local/lib/python3.12/site-packages/airflow/example_dags/example_branch_day_of_week_operator.py for tasks to queue
[2024-07-27T22:25:24.791+0000] {logging_mixin.py:188} INFO - [2024-07-27T22:25:24.791+0000] {dagbag.py:545} INFO - Filling up the DagBag from /home/airflow/.local/lib/python3.12/site-packages/airflow/example_dags/example_branch_day_of_week_operator.py
[2024-07-27T22:25:24.795+0000] {processor.py:840} INFO - DAG(s) 'example_weekday_branch_operator' retrieved from /home/airflow/.local/lib/python3.12/site-packages/airflow/example_dags/example_branch_day_of_week_operator.py
[2024-07-27T22:25:24.805+0000] {logging_mixin.py:188} INFO - [2024-07-27T22:25:24.805+0000] {dag.py:3089} INFO - Sync 1 DAGs
[2024-07-27T22:25:24.817+0000] {logging_mixin.py:188} INFO - [2024-07-27T22:25:24.817+0000] {dag.py:3947} INFO - Setting next_dagrun for example_weekday_branch_operator to 2024-07-26 00:00:00+00:00, run_after=2024-07-27 00:00:00+00:00
[2024-07-27T22:25:24.831+0000] {processor.py:183} INFO - Processing /home/airflow/.local/lib/python3.12/site-packages/airflow/example_dags/example_branch_day_of_week_operator.py took 0.046 seconds
[2024-07-27T22:25:55.029+0000] {processor.py:161} INFO - Started process (PID=15658) to work on /home/airflow/.local/lib/python3.12/site-packages/airflow/example_dags/example_branch_day_of_week_operator.py
[2024-07-27T22:25:55.030+0000] {processor.py:830} INFO - Processing file /home/airflow/.local/lib/python3.12/site-packages/airflow/example_dags/example_branch_day_of_week_operator.py for tasks to queue
[2024-07-27T22:25:55.031+0000] {logging_mixin.py:188} INFO - [2024-07-27T22:25:55.031+0000] {dagbag.py:545} INFO - Filling up the DagBag from /home/airflow/.local/lib/python3.12/site-packages/airflow/example_dags/example_branch_day_of_week_operator.py
[2024-07-27T22:25:55.035+0000] {processor.py:840} INFO - DAG(s) 'example_weekday_branch_operator' retrieved from /home/airflow/.local/lib/python3.12/site-packages/airflow/example_dags/example_branch_day_of_week_operator.py
[2024-07-27T22:25:55.046+0000] {logging_mixin.py:188} INFO - [2024-07-27T22:25:55.046+0000] {dag.py:3089} INFO - Sync 1 DAGs
[2024-07-27T22:25:55.057+0000] {logging_mixin.py:188} INFO - [2024-07-27T22:25:55.057+0000] {dag.py:3947} INFO - Setting next_dagrun for example_weekday_branch_operator to 2024-07-26 00:00:00+00:00, run_after=2024-07-27 00:00:00+00:00
[2024-07-27T22:25:55.065+0000] {processor.py:183} INFO - Processing /home/airflow/.local/lib/python3.12/site-packages/airflow/example_dags/example_branch_day_of_week_operator.py took 0.040 seconds
[2024-07-27T22:26:25.613+0000] {processor.py:161} INFO - Started process (PID=15930) to work on /home/airflow/.local/lib/python3.12/site-packages/airflow/example_dags/example_branch_day_of_week_operator.py
[2024-07-27T22:26:25.615+0000] {processor.py:830} INFO - Processing file /home/airflow/.local/lib/python3.12/site-packages/airflow/example_dags/example_branch_day_of_week_operator.py for tasks to queue
[2024-07-27T22:26:25.623+0000] {logging_mixin.py:188} INFO - [2024-07-27T22:26:25.622+0000] {dagbag.py:545} INFO - Filling up the DagBag from /home/airflow/.local/lib/python3.12/site-packages/airflow/example_dags/example_branch_day_of_week_operator.py
[2024-07-27T22:26:25.632+0000] {processor.py:840} INFO - DAG(s) 'example_weekday_branch_operator' retrieved from /home/airflow/.local/lib/python3.12/site-packages/airflow/example_dags/example_branch_day_of_week_operator.py
[2024-07-27T22:26:25.707+0000] {logging_mixin.py:188} INFO - [2024-07-27T22:26:25.707+0000] {dag.py:3089} INFO - Sync 1 DAGs
[2024-07-27T22:26:25.729+0000] {logging_mixin.py:188} INFO - [2024-07-27T22:26:25.729+0000] {dag.py:3947} INFO - Setting next_dagrun for example_weekday_branch_operator to 2024-07-26 00:00:00+00:00, run_after=2024-07-27 00:00:00+00:00
[2024-07-27T22:26:25.746+0000] {processor.py:183} INFO - Processing /home/airflow/.local/lib/python3.12/site-packages/airflow/example_dags/example_branch_day_of_week_operator.py took 0.139 seconds
[2024-07-27T22:55:21.714+0000] {processor.py:161} INFO - Started process (PID=16185) to work on /home/airflow/.local/lib/python3.12/site-packages/airflow/example_dags/example_branch_day_of_week_operator.py
[2024-07-27T22:55:21.715+0000] {processor.py:830} INFO - Processing file /home/airflow/.local/lib/python3.12/site-packages/airflow/example_dags/example_branch_day_of_week_operator.py for tasks to queue
[2024-07-27T22:55:21.716+0000] {logging_mixin.py:188} INFO - [2024-07-27T22:55:21.716+0000] {dagbag.py:545} INFO - Filling up the DagBag from /home/airflow/.local/lib/python3.12/site-packages/airflow/example_dags/example_branch_day_of_week_operator.py
[2024-07-27T22:55:21.721+0000] {processor.py:840} INFO - DAG(s) 'example_weekday_branch_operator' retrieved from /home/airflow/.local/lib/python3.12/site-packages/airflow/example_dags/example_branch_day_of_week_operator.py
[2024-07-27T22:55:21.733+0000] {logging_mixin.py:188} INFO - [2024-07-27T22:55:21.733+0000] {dag.py:3089} INFO - Sync 1 DAGs
[2024-07-27T22:55:21.746+0000] {logging_mixin.py:188} INFO - [2024-07-27T22:55:21.746+0000] {dag.py:3947} INFO - Setting next_dagrun for example_weekday_branch_operator to 2024-07-26 00:00:00+00:00, run_after=2024-07-27 00:00:00+00:00
[2024-07-27T22:55:21.755+0000] {processor.py:183} INFO - Processing /home/airflow/.local/lib/python3.12/site-packages/airflow/example_dags/example_branch_day_of_week_operator.py took 0.046 seconds
[2024-07-27T22:55:52.031+0000] {processor.py:161} INFO - Started process (PID=16455) to work on /home/airflow/.local/lib/python3.12/site-packages/airflow/example_dags/example_branch_day_of_week_operator.py
[2024-07-27T22:55:52.031+0000] {processor.py:830} INFO - Processing file /home/airflow/.local/lib/python3.12/site-packages/airflow/example_dags/example_branch_day_of_week_operator.py for tasks to queue
[2024-07-27T22:55:52.033+0000] {logging_mixin.py:188} INFO - [2024-07-27T22:55:52.033+0000] {dagbag.py:545} INFO - Filling up the DagBag from /home/airflow/.local/lib/python3.12/site-packages/airflow/example_dags/example_branch_day_of_week_operator.py
[2024-07-27T22:55:52.039+0000] {processor.py:840} INFO - DAG(s) 'example_weekday_branch_operator' retrieved from /home/airflow/.local/lib/python3.12/site-packages/airflow/example_dags/example_branch_day_of_week_operator.py
[2024-07-27T22:55:52.050+0000] {logging_mixin.py:188} INFO - [2024-07-27T22:55:52.050+0000] {dag.py:3089} INFO - Sync 1 DAGs
[2024-07-27T22:55:52.061+0000] {logging_mixin.py:188} INFO - [2024-07-27T22:55:52.061+0000] {dag.py:3947} INFO - Setting next_dagrun for example_weekday_branch_operator to 2024-07-26 00:00:00+00:00, run_after=2024-07-27 00:00:00+00:00
[2024-07-27T22:55:52.069+0000] {processor.py:183} INFO - Processing /home/airflow/.local/lib/python3.12/site-packages/airflow/example_dags/example_branch_day_of_week_operator.py took 0.042 seconds
