[2024-07-27T20:14:08.673+0000] {processor.py:161} INFO - Started process (PID=385) to work on /home/airflow/.local/lib/python3.12/site-packages/airflow/example_dags/example_branch_python_dop_operator_3.py
[2024-07-27T20:14:08.674+0000] {processor.py:830} INFO - Processing file /home/airflow/.local/lib/python3.12/site-packages/airflow/example_dags/example_branch_python_dop_operator_3.py for tasks to queue
[2024-07-27T20:14:08.675+0000] {logging_mixin.py:188} INFO - [2024-07-27T20:14:08.675+0000] {dagbag.py:545} INFO - Filling up the DagBag from /home/airflow/.local/lib/python3.12/site-packages/airflow/example_dags/example_branch_python_dop_operator_3.py
[2024-07-27T20:14:08.683+0000] {processor.py:840} INFO - DAG(s) 'example_branch_dop_operator_v3' retrieved from /home/airflow/.local/lib/python3.12/site-packages/airflow/example_dags/example_branch_python_dop_operator_3.py
[2024-07-27T20:14:08.691+0000] {logging_mixin.py:188} INFO - [2024-07-27T20:14:08.691+0000] {dag.py:3089} INFO - Sync 1 DAGs
[2024-07-27T20:14:08.707+0000] {logging_mixin.py:188} INFO - [2024-07-27T20:14:08.707+0000] {dag.py:3947} INFO - Setting next_dagrun for example_branch_dop_operator_v3 to 2024-07-27 20:13:00+00:00, run_after=2024-07-27 20:14:00+00:00
[2024-07-27T20:14:08.723+0000] {processor.py:183} INFO - Processing /home/airflow/.local/lib/python3.12/site-packages/airflow/example_dags/example_branch_python_dop_operator_3.py took 0.054 seconds
[2024-07-27T20:14:39.548+0000] {processor.py:161} INFO - Started process (PID=646) to work on /home/airflow/.local/lib/python3.12/site-packages/airflow/example_dags/example_branch_python_dop_operator_3.py
[2024-07-27T20:14:39.549+0000] {processor.py:830} INFO - Processing file /home/airflow/.local/lib/python3.12/site-packages/airflow/example_dags/example_branch_python_dop_operator_3.py for tasks to queue
[2024-07-27T20:14:39.550+0000] {logging_mixin.py:188} INFO - [2024-07-27T20:14:39.550+0000] {dagbag.py:545} INFO - Filling up the DagBag from /home/airflow/.local/lib/python3.12/site-packages/airflow/example_dags/example_branch_python_dop_operator_3.py
[2024-07-27T20:14:39.556+0000] {processor.py:840} INFO - DAG(s) 'example_branch_dop_operator_v3' retrieved from /home/airflow/.local/lib/python3.12/site-packages/airflow/example_dags/example_branch_python_dop_operator_3.py
[2024-07-27T20:14:39.606+0000] {logging_mixin.py:188} INFO - [2024-07-27T20:14:39.605+0000] {dag.py:3089} INFO - Sync 1 DAGs
[2024-07-27T20:14:39.616+0000] {logging_mixin.py:188} INFO - [2024-07-27T20:14:39.616+0000] {dag.py:3947} INFO - Setting next_dagrun for example_branch_dop_operator_v3 to 2024-07-27 20:13:00+00:00, run_after=2024-07-27 20:14:00+00:00
[2024-07-27T20:14:39.625+0000] {processor.py:183} INFO - Processing /home/airflow/.local/lib/python3.12/site-packages/airflow/example_dags/example_branch_python_dop_operator_3.py took 0.080 seconds
[2024-07-27T20:15:09.650+0000] {processor.py:161} INFO - Started process (PID=920) to work on /home/airflow/.local/lib/python3.12/site-packages/airflow/example_dags/example_branch_python_dop_operator_3.py
[2024-07-27T20:15:09.651+0000] {processor.py:830} INFO - Processing file /home/airflow/.local/lib/python3.12/site-packages/airflow/example_dags/example_branch_python_dop_operator_3.py for tasks to queue
[2024-07-27T20:15:09.652+0000] {logging_mixin.py:188} INFO - [2024-07-27T20:15:09.652+0000] {dagbag.py:545} INFO - Filling up the DagBag from /home/airflow/.local/lib/python3.12/site-packages/airflow/example_dags/example_branch_python_dop_operator_3.py
[2024-07-27T20:15:09.658+0000] {processor.py:840} INFO - DAG(s) 'example_branch_dop_operator_v3' retrieved from /home/airflow/.local/lib/python3.12/site-packages/airflow/example_dags/example_branch_python_dop_operator_3.py
[2024-07-27T20:15:09.668+0000] {logging_mixin.py:188} INFO - [2024-07-27T20:15:09.668+0000] {dag.py:3089} INFO - Sync 1 DAGs
[2024-07-27T20:15:09.680+0000] {logging_mixin.py:188} INFO - [2024-07-27T20:15:09.680+0000] {dag.py:3947} INFO - Setting next_dagrun for example_branch_dop_operator_v3 to 2024-07-27 20:14:00+00:00, run_after=2024-07-27 20:15:00+00:00
[2024-07-27T20:15:09.688+0000] {processor.py:183} INFO - Processing /home/airflow/.local/lib/python3.12/site-packages/airflow/example_dags/example_branch_python_dop_operator_3.py took 0.041 seconds
[2024-07-27T20:15:39.989+0000] {processor.py:161} INFO - Started process (PID=1169) to work on /home/airflow/.local/lib/python3.12/site-packages/airflow/example_dags/example_branch_python_dop_operator_3.py
[2024-07-27T20:15:39.990+0000] {processor.py:830} INFO - Processing file /home/airflow/.local/lib/python3.12/site-packages/airflow/example_dags/example_branch_python_dop_operator_3.py for tasks to queue
[2024-07-27T20:15:39.991+0000] {logging_mixin.py:188} INFO - [2024-07-27T20:15:39.991+0000] {dagbag.py:545} INFO - Filling up the DagBag from /home/airflow/.local/lib/python3.12/site-packages/airflow/example_dags/example_branch_python_dop_operator_3.py
[2024-07-27T20:15:39.996+0000] {processor.py:840} INFO - DAG(s) 'example_branch_dop_operator_v3' retrieved from /home/airflow/.local/lib/python3.12/site-packages/airflow/example_dags/example_branch_python_dop_operator_3.py
[2024-07-27T20:15:40.006+0000] {logging_mixin.py:188} INFO - [2024-07-27T20:15:40.006+0000] {dag.py:3089} INFO - Sync 1 DAGs
[2024-07-27T20:15:40.018+0000] {logging_mixin.py:188} INFO - [2024-07-27T20:15:40.018+0000] {dag.py:3947} INFO - Setting next_dagrun for example_branch_dop_operator_v3 to 2024-07-27 20:14:00+00:00, run_after=2024-07-27 20:15:00+00:00
[2024-07-27T20:15:40.028+0000] {processor.py:183} INFO - Processing /home/airflow/.local/lib/python3.12/site-packages/airflow/example_dags/example_branch_python_dop_operator_3.py took 0.043 seconds
[2024-07-27T20:16:10.158+0000] {processor.py:161} INFO - Started process (PID=1431) to work on /home/airflow/.local/lib/python3.12/site-packages/airflow/example_dags/example_branch_python_dop_operator_3.py
[2024-07-27T20:16:10.159+0000] {processor.py:830} INFO - Processing file /home/airflow/.local/lib/python3.12/site-packages/airflow/example_dags/example_branch_python_dop_operator_3.py for tasks to queue
[2024-07-27T20:16:10.160+0000] {logging_mixin.py:188} INFO - [2024-07-27T20:16:10.160+0000] {dagbag.py:545} INFO - Filling up the DagBag from /home/airflow/.local/lib/python3.12/site-packages/airflow/example_dags/example_branch_python_dop_operator_3.py
[2024-07-27T20:16:10.166+0000] {processor.py:840} INFO - DAG(s) 'example_branch_dop_operator_v3' retrieved from /home/airflow/.local/lib/python3.12/site-packages/airflow/example_dags/example_branch_python_dop_operator_3.py
[2024-07-27T20:16:10.186+0000] {logging_mixin.py:188} INFO - [2024-07-27T20:16:10.186+0000] {dag.py:3089} INFO - Sync 1 DAGs
[2024-07-27T20:16:10.205+0000] {logging_mixin.py:188} INFO - [2024-07-27T20:16:10.205+0000] {dag.py:3947} INFO - Setting next_dagrun for example_branch_dop_operator_v3 to 2024-07-27 20:15:00+00:00, run_after=2024-07-27 20:16:00+00:00
[2024-07-27T20:16:10.216+0000] {processor.py:183} INFO - Processing /home/airflow/.local/lib/python3.12/site-packages/airflow/example_dags/example_branch_python_dop_operator_3.py took 0.062 seconds
[2024-07-27T20:16:40.304+0000] {processor.py:161} INFO - Started process (PID=1693) to work on /home/airflow/.local/lib/python3.12/site-packages/airflow/example_dags/example_branch_python_dop_operator_3.py
[2024-07-27T20:16:40.305+0000] {processor.py:830} INFO - Processing file /home/airflow/.local/lib/python3.12/site-packages/airflow/example_dags/example_branch_python_dop_operator_3.py for tasks to queue
[2024-07-27T20:16:40.306+0000] {logging_mixin.py:188} INFO - [2024-07-27T20:16:40.305+0000] {dagbag.py:545} INFO - Filling up the DagBag from /home/airflow/.local/lib/python3.12/site-packages/airflow/example_dags/example_branch_python_dop_operator_3.py
[2024-07-27T20:16:40.310+0000] {processor.py:840} INFO - DAG(s) 'example_branch_dop_operator_v3' retrieved from /home/airflow/.local/lib/python3.12/site-packages/airflow/example_dags/example_branch_python_dop_operator_3.py
[2024-07-27T20:16:40.322+0000] {logging_mixin.py:188} INFO - [2024-07-27T20:16:40.322+0000] {dag.py:3089} INFO - Sync 1 DAGs
[2024-07-27T20:16:40.338+0000] {logging_mixin.py:188} INFO - [2024-07-27T20:16:40.338+0000] {dag.py:3947} INFO - Setting next_dagrun for example_branch_dop_operator_v3 to 2024-07-27 20:15:00+00:00, run_after=2024-07-27 20:16:00+00:00
[2024-07-27T20:16:40.350+0000] {processor.py:183} INFO - Processing /home/airflow/.local/lib/python3.12/site-packages/airflow/example_dags/example_branch_python_dop_operator_3.py took 0.050 seconds
[2024-07-27T20:17:11.416+0000] {processor.py:161} INFO - Started process (PID=1955) to work on /home/airflow/.local/lib/python3.12/site-packages/airflow/example_dags/example_branch_python_dop_operator_3.py
[2024-07-27T20:17:11.417+0000] {processor.py:830} INFO - Processing file /home/airflow/.local/lib/python3.12/site-packages/airflow/example_dags/example_branch_python_dop_operator_3.py for tasks to queue
[2024-07-27T20:17:11.418+0000] {logging_mixin.py:188} INFO - [2024-07-27T20:17:11.418+0000] {dagbag.py:545} INFO - Filling up the DagBag from /home/airflow/.local/lib/python3.12/site-packages/airflow/example_dags/example_branch_python_dop_operator_3.py
[2024-07-27T20:17:11.423+0000] {processor.py:840} INFO - DAG(s) 'example_branch_dop_operator_v3' retrieved from /home/airflow/.local/lib/python3.12/site-packages/airflow/example_dags/example_branch_python_dop_operator_3.py
[2024-07-27T20:17:11.435+0000] {logging_mixin.py:188} INFO - [2024-07-27T20:17:11.435+0000] {dag.py:3089} INFO - Sync 1 DAGs
[2024-07-27T20:17:11.449+0000] {logging_mixin.py:188} INFO - [2024-07-27T20:17:11.449+0000] {dag.py:3947} INFO - Setting next_dagrun for example_branch_dop_operator_v3 to 2024-07-27 20:16:00+00:00, run_after=2024-07-27 20:17:00+00:00
[2024-07-27T20:17:11.465+0000] {processor.py:183} INFO - Processing /home/airflow/.local/lib/python3.12/site-packages/airflow/example_dags/example_branch_python_dop_operator_3.py took 0.053 seconds
[2024-07-27T22:00:00.139+0000] {processor.py:161} INFO - Started process (PID=2211) to work on /home/airflow/.local/lib/python3.12/site-packages/airflow/example_dags/example_branch_python_dop_operator_3.py
[2024-07-27T22:00:00.139+0000] {processor.py:830} INFO - Processing file /home/airflow/.local/lib/python3.12/site-packages/airflow/example_dags/example_branch_python_dop_operator_3.py for tasks to queue
[2024-07-27T22:00:00.141+0000] {logging_mixin.py:188} INFO - [2024-07-27T22:00:00.140+0000] {dagbag.py:545} INFO - Filling up the DagBag from /home/airflow/.local/lib/python3.12/site-packages/airflow/example_dags/example_branch_python_dop_operator_3.py
[2024-07-27T22:00:00.146+0000] {processor.py:840} INFO - DAG(s) 'example_branch_dop_operator_v3' retrieved from /home/airflow/.local/lib/python3.12/site-packages/airflow/example_dags/example_branch_python_dop_operator_3.py
[2024-07-27T22:00:00.157+0000] {logging_mixin.py:188} INFO - [2024-07-27T22:00:00.157+0000] {dag.py:3089} INFO - Sync 1 DAGs
[2024-07-27T22:00:00.171+0000] {logging_mixin.py:188} INFO - [2024-07-27T22:00:00.171+0000] {dag.py:3947} INFO - Setting next_dagrun for example_branch_dop_operator_v3 to 2024-07-27 21:59:00+00:00, run_after=2024-07-27 22:00:00+00:00
[2024-07-27T22:00:00.180+0000] {processor.py:183} INFO - Processing /home/airflow/.local/lib/python3.12/site-packages/airflow/example_dags/example_branch_python_dop_operator_3.py took 0.045 seconds
[2024-07-27T22:00:30.332+0000] {processor.py:161} INFO - Started process (PID=2474) to work on /home/airflow/.local/lib/python3.12/site-packages/airflow/example_dags/example_branch_python_dop_operator_3.py
[2024-07-27T22:00:30.333+0000] {processor.py:830} INFO - Processing file /home/airflow/.local/lib/python3.12/site-packages/airflow/example_dags/example_branch_python_dop_operator_3.py for tasks to queue
[2024-07-27T22:00:30.334+0000] {logging_mixin.py:188} INFO - [2024-07-27T22:00:30.334+0000] {dagbag.py:545} INFO - Filling up the DagBag from /home/airflow/.local/lib/python3.12/site-packages/airflow/example_dags/example_branch_python_dop_operator_3.py
[2024-07-27T22:00:30.342+0000] {processor.py:840} INFO - DAG(s) 'example_branch_dop_operator_v3' retrieved from /home/airflow/.local/lib/python3.12/site-packages/airflow/example_dags/example_branch_python_dop_operator_3.py
[2024-07-27T22:00:30.353+0000] {logging_mixin.py:188} INFO - [2024-07-27T22:00:30.353+0000] {dag.py:3089} INFO - Sync 1 DAGs
[2024-07-27T22:00:30.371+0000] {logging_mixin.py:188} INFO - [2024-07-27T22:00:30.370+0000] {dag.py:3947} INFO - Setting next_dagrun for example_branch_dop_operator_v3 to 2024-07-27 21:59:00+00:00, run_after=2024-07-27 22:00:00+00:00
[2024-07-27T22:00:30.389+0000] {processor.py:183} INFO - Processing /home/airflow/.local/lib/python3.12/site-packages/airflow/example_dags/example_branch_python_dop_operator_3.py took 0.061 seconds
[2024-07-27T22:01:01.581+0000] {processor.py:161} INFO - Started process (PID=2740) to work on /home/airflow/.local/lib/python3.12/site-packages/airflow/example_dags/example_branch_python_dop_operator_3.py
[2024-07-27T22:01:01.582+0000] {processor.py:830} INFO - Processing file /home/airflow/.local/lib/python3.12/site-packages/airflow/example_dags/example_branch_python_dop_operator_3.py for tasks to queue
[2024-07-27T22:01:01.583+0000] {logging_mixin.py:188} INFO - [2024-07-27T22:01:01.582+0000] {dagbag.py:545} INFO - Filling up the DagBag from /home/airflow/.local/lib/python3.12/site-packages/airflow/example_dags/example_branch_python_dop_operator_3.py
[2024-07-27T22:01:01.587+0000] {processor.py:840} INFO - DAG(s) 'example_branch_dop_operator_v3' retrieved from /home/airflow/.local/lib/python3.12/site-packages/airflow/example_dags/example_branch_python_dop_operator_3.py
[2024-07-27T22:01:01.598+0000] {logging_mixin.py:188} INFO - [2024-07-27T22:01:01.598+0000] {dag.py:3089} INFO - Sync 1 DAGs
[2024-07-27T22:01:01.610+0000] {logging_mixin.py:188} INFO - [2024-07-27T22:01:01.610+0000] {dag.py:3947} INFO - Setting next_dagrun for example_branch_dop_operator_v3 to 2024-07-27 22:00:00+00:00, run_after=2024-07-27 22:01:00+00:00
[2024-07-27T22:01:01.618+0000] {processor.py:183} INFO - Processing /home/airflow/.local/lib/python3.12/site-packages/airflow/example_dags/example_branch_python_dop_operator_3.py took 0.041 seconds
[2024-07-27T22:01:31.975+0000] {processor.py:161} INFO - Started process (PID=3002) to work on /home/airflow/.local/lib/python3.12/site-packages/airflow/example_dags/example_branch_python_dop_operator_3.py
[2024-07-27T22:01:31.976+0000] {processor.py:830} INFO - Processing file /home/airflow/.local/lib/python3.12/site-packages/airflow/example_dags/example_branch_python_dop_operator_3.py for tasks to queue
[2024-07-27T22:01:31.977+0000] {logging_mixin.py:188} INFO - [2024-07-27T22:01:31.976+0000] {dagbag.py:545} INFO - Filling up the DagBag from /home/airflow/.local/lib/python3.12/site-packages/airflow/example_dags/example_branch_python_dop_operator_3.py
[2024-07-27T22:01:31.981+0000] {processor.py:840} INFO - DAG(s) 'example_branch_dop_operator_v3' retrieved from /home/airflow/.local/lib/python3.12/site-packages/airflow/example_dags/example_branch_python_dop_operator_3.py
[2024-07-27T22:01:31.991+0000] {logging_mixin.py:188} INFO - [2024-07-27T22:01:31.990+0000] {dag.py:3089} INFO - Sync 1 DAGs
[2024-07-27T22:01:32.002+0000] {logging_mixin.py:188} INFO - [2024-07-27T22:01:32.002+0000] {dag.py:3947} INFO - Setting next_dagrun for example_branch_dop_operator_v3 to 2024-07-27 22:00:00+00:00, run_after=2024-07-27 22:01:00+00:00
[2024-07-27T22:01:32.010+0000] {processor.py:183} INFO - Processing /home/airflow/.local/lib/python3.12/site-packages/airflow/example_dags/example_branch_python_dop_operator_3.py took 0.038 seconds
[2024-07-27T22:02:02.402+0000] {processor.py:161} INFO - Started process (PID=3268) to work on /home/airflow/.local/lib/python3.12/site-packages/airflow/example_dags/example_branch_python_dop_operator_3.py
[2024-07-27T22:02:02.403+0000] {processor.py:830} INFO - Processing file /home/airflow/.local/lib/python3.12/site-packages/airflow/example_dags/example_branch_python_dop_operator_3.py for tasks to queue
[2024-07-27T22:02:02.405+0000] {logging_mixin.py:188} INFO - [2024-07-27T22:02:02.405+0000] {dagbag.py:545} INFO - Filling up the DagBag from /home/airflow/.local/lib/python3.12/site-packages/airflow/example_dags/example_branch_python_dop_operator_3.py
[2024-07-27T22:02:02.420+0000] {processor.py:840} INFO - DAG(s) 'example_branch_dop_operator_v3' retrieved from /home/airflow/.local/lib/python3.12/site-packages/airflow/example_dags/example_branch_python_dop_operator_3.py
[2024-07-27T22:02:02.440+0000] {logging_mixin.py:188} INFO - [2024-07-27T22:02:02.439+0000] {dag.py:3089} INFO - Sync 1 DAGs
[2024-07-27T22:02:02.460+0000] {logging_mixin.py:188} INFO - [2024-07-27T22:02:02.460+0000] {dag.py:3947} INFO - Setting next_dagrun for example_branch_dop_operator_v3 to 2024-07-27 22:01:00+00:00, run_after=2024-07-27 22:02:00+00:00
[2024-07-27T22:02:02.481+0000] {processor.py:183} INFO - Processing /home/airflow/.local/lib/python3.12/site-packages/airflow/example_dags/example_branch_python_dop_operator_3.py took 0.085 seconds
[2024-07-27T22:02:32.774+0000] {processor.py:161} INFO - Started process (PID=3529) to work on /home/airflow/.local/lib/python3.12/site-packages/airflow/example_dags/example_branch_python_dop_operator_3.py
[2024-07-27T22:02:32.776+0000] {processor.py:830} INFO - Processing file /home/airflow/.local/lib/python3.12/site-packages/airflow/example_dags/example_branch_python_dop_operator_3.py for tasks to queue
[2024-07-27T22:02:32.777+0000] {logging_mixin.py:188} INFO - [2024-07-27T22:02:32.777+0000] {dagbag.py:545} INFO - Filling up the DagBag from /home/airflow/.local/lib/python3.12/site-packages/airflow/example_dags/example_branch_python_dop_operator_3.py
[2024-07-27T22:02:32.782+0000] {processor.py:840} INFO - DAG(s) 'example_branch_dop_operator_v3' retrieved from /home/airflow/.local/lib/python3.12/site-packages/airflow/example_dags/example_branch_python_dop_operator_3.py
[2024-07-27T22:02:32.802+0000] {logging_mixin.py:188} INFO - [2024-07-27T22:02:32.801+0000] {dag.py:3089} INFO - Sync 1 DAGs
[2024-07-27T22:02:32.837+0000] {logging_mixin.py:188} INFO - [2024-07-27T22:02:32.836+0000] {dag.py:3947} INFO - Setting next_dagrun for example_branch_dop_operator_v3 to 2024-07-27 22:01:00+00:00, run_after=2024-07-27 22:02:00+00:00
[2024-07-27T22:02:32.873+0000] {processor.py:183} INFO - Processing /home/airflow/.local/lib/python3.12/site-packages/airflow/example_dags/example_branch_python_dop_operator_3.py took 0.103 seconds
[2024-07-27T22:03:03.104+0000] {processor.py:161} INFO - Started process (PID=3786) to work on /home/airflow/.local/lib/python3.12/site-packages/airflow/example_dags/example_branch_python_dop_operator_3.py
[2024-07-27T22:03:03.104+0000] {processor.py:830} INFO - Processing file /home/airflow/.local/lib/python3.12/site-packages/airflow/example_dags/example_branch_python_dop_operator_3.py for tasks to queue
[2024-07-27T22:03:03.105+0000] {logging_mixin.py:188} INFO - [2024-07-27T22:03:03.105+0000] {dagbag.py:545} INFO - Filling up the DagBag from /home/airflow/.local/lib/python3.12/site-packages/airflow/example_dags/example_branch_python_dop_operator_3.py
[2024-07-27T22:03:03.111+0000] {processor.py:840} INFO - DAG(s) 'example_branch_dop_operator_v3' retrieved from /home/airflow/.local/lib/python3.12/site-packages/airflow/example_dags/example_branch_python_dop_operator_3.py
[2024-07-27T22:03:03.122+0000] {logging_mixin.py:188} INFO - [2024-07-27T22:03:03.121+0000] {dag.py:3089} INFO - Sync 1 DAGs
[2024-07-27T22:03:03.137+0000] {logging_mixin.py:188} INFO - [2024-07-27T22:03:03.137+0000] {dag.py:3947} INFO - Setting next_dagrun for example_branch_dop_operator_v3 to 2024-07-27 22:02:00+00:00, run_after=2024-07-27 22:03:00+00:00
[2024-07-27T22:03:03.147+0000] {processor.py:183} INFO - Processing /home/airflow/.local/lib/python3.12/site-packages/airflow/example_dags/example_branch_python_dop_operator_3.py took 0.048 seconds
[2024-07-27T22:03:34.084+0000] {processor.py:161} INFO - Started process (PID=4048) to work on /home/airflow/.local/lib/python3.12/site-packages/airflow/example_dags/example_branch_python_dop_operator_3.py
[2024-07-27T22:03:34.085+0000] {processor.py:830} INFO - Processing file /home/airflow/.local/lib/python3.12/site-packages/airflow/example_dags/example_branch_python_dop_operator_3.py for tasks to queue
[2024-07-27T22:03:34.086+0000] {logging_mixin.py:188} INFO - [2024-07-27T22:03:34.086+0000] {dagbag.py:545} INFO - Filling up the DagBag from /home/airflow/.local/lib/python3.12/site-packages/airflow/example_dags/example_branch_python_dop_operator_3.py
[2024-07-27T22:03:34.091+0000] {processor.py:840} INFO - DAG(s) 'example_branch_dop_operator_v3' retrieved from /home/airflow/.local/lib/python3.12/site-packages/airflow/example_dags/example_branch_python_dop_operator_3.py
[2024-07-27T22:03:34.105+0000] {logging_mixin.py:188} INFO - [2024-07-27T22:03:34.105+0000] {dag.py:3089} INFO - Sync 1 DAGs
[2024-07-27T22:03:34.118+0000] {logging_mixin.py:188} INFO - [2024-07-27T22:03:34.118+0000] {dag.py:3947} INFO - Setting next_dagrun for example_branch_dop_operator_v3 to 2024-07-27 22:02:00+00:00, run_after=2024-07-27 22:03:00+00:00
[2024-07-27T22:03:34.128+0000] {processor.py:183} INFO - Processing /home/airflow/.local/lib/python3.12/site-packages/airflow/example_dags/example_branch_python_dop_operator_3.py took 0.049 seconds
[2024-07-27T22:04:04.475+0000] {processor.py:161} INFO - Started process (PID=4310) to work on /home/airflow/.local/lib/python3.12/site-packages/airflow/example_dags/example_branch_python_dop_operator_3.py
[2024-07-27T22:04:04.476+0000] {processor.py:830} INFO - Processing file /home/airflow/.local/lib/python3.12/site-packages/airflow/example_dags/example_branch_python_dop_operator_3.py for tasks to queue
[2024-07-27T22:04:04.477+0000] {logging_mixin.py:188} INFO - [2024-07-27T22:04:04.477+0000] {dagbag.py:545} INFO - Filling up the DagBag from /home/airflow/.local/lib/python3.12/site-packages/airflow/example_dags/example_branch_python_dop_operator_3.py
[2024-07-27T22:04:04.490+0000] {processor.py:840} INFO - DAG(s) 'example_branch_dop_operator_v3' retrieved from /home/airflow/.local/lib/python3.12/site-packages/airflow/example_dags/example_branch_python_dop_operator_3.py
[2024-07-27T22:04:04.513+0000] {logging_mixin.py:188} INFO - [2024-07-27T22:04:04.513+0000] {dag.py:3089} INFO - Sync 1 DAGs
[2024-07-27T22:04:04.529+0000] {logging_mixin.py:188} INFO - [2024-07-27T22:04:04.529+0000] {dag.py:3947} INFO - Setting next_dagrun for example_branch_dop_operator_v3 to 2024-07-27 22:03:00+00:00, run_after=2024-07-27 22:04:00+00:00
[2024-07-27T22:04:04.543+0000] {processor.py:183} INFO - Processing /home/airflow/.local/lib/python3.12/site-packages/airflow/example_dags/example_branch_python_dop_operator_3.py took 0.073 seconds
[2024-07-27T22:04:35.464+0000] {processor.py:161} INFO - Started process (PID=4572) to work on /home/airflow/.local/lib/python3.12/site-packages/airflow/example_dags/example_branch_python_dop_operator_3.py
[2024-07-27T22:04:35.464+0000] {processor.py:830} INFO - Processing file /home/airflow/.local/lib/python3.12/site-packages/airflow/example_dags/example_branch_python_dop_operator_3.py for tasks to queue
[2024-07-27T22:04:35.465+0000] {logging_mixin.py:188} INFO - [2024-07-27T22:04:35.465+0000] {dagbag.py:545} INFO - Filling up the DagBag from /home/airflow/.local/lib/python3.12/site-packages/airflow/example_dags/example_branch_python_dop_operator_3.py
[2024-07-27T22:04:35.470+0000] {processor.py:840} INFO - DAG(s) 'example_branch_dop_operator_v3' retrieved from /home/airflow/.local/lib/python3.12/site-packages/airflow/example_dags/example_branch_python_dop_operator_3.py
[2024-07-27T22:04:35.482+0000] {logging_mixin.py:188} INFO - [2024-07-27T22:04:35.482+0000] {dag.py:3089} INFO - Sync 1 DAGs
[2024-07-27T22:04:35.508+0000] {logging_mixin.py:188} INFO - [2024-07-27T22:04:35.507+0000] {dag.py:3947} INFO - Setting next_dagrun for example_branch_dop_operator_v3 to 2024-07-27 22:03:00+00:00, run_after=2024-07-27 22:04:00+00:00
[2024-07-27T22:04:35.524+0000] {processor.py:183} INFO - Processing /home/airflow/.local/lib/python3.12/site-packages/airflow/example_dags/example_branch_python_dop_operator_3.py took 0.064 seconds
[2024-07-27T22:05:06.023+0000] {processor.py:161} INFO - Started process (PID=4833) to work on /home/airflow/.local/lib/python3.12/site-packages/airflow/example_dags/example_branch_python_dop_operator_3.py
[2024-07-27T22:05:06.025+0000] {processor.py:830} INFO - Processing file /home/airflow/.local/lib/python3.12/site-packages/airflow/example_dags/example_branch_python_dop_operator_3.py for tasks to queue
[2024-07-27T22:05:06.028+0000] {logging_mixin.py:188} INFO - [2024-07-27T22:05:06.027+0000] {dagbag.py:545} INFO - Filling up the DagBag from /home/airflow/.local/lib/python3.12/site-packages/airflow/example_dags/example_branch_python_dop_operator_3.py
[2024-07-27T22:05:06.034+0000] {processor.py:840} INFO - DAG(s) 'example_branch_dop_operator_v3' retrieved from /home/airflow/.local/lib/python3.12/site-packages/airflow/example_dags/example_branch_python_dop_operator_3.py
[2024-07-27T22:05:06.056+0000] {logging_mixin.py:188} INFO - [2024-07-27T22:05:06.056+0000] {dag.py:3089} INFO - Sync 1 DAGs
[2024-07-27T22:05:06.073+0000] {logging_mixin.py:188} INFO - [2024-07-27T22:05:06.073+0000] {dag.py:3947} INFO - Setting next_dagrun for example_branch_dop_operator_v3 to 2024-07-27 22:04:00+00:00, run_after=2024-07-27 22:05:00+00:00
[2024-07-27T22:05:06.086+0000] {processor.py:183} INFO - Processing /home/airflow/.local/lib/python3.12/site-packages/airflow/example_dags/example_branch_python_dop_operator_3.py took 0.068 seconds
[2024-07-27T22:05:37.061+0000] {processor.py:161} INFO - Started process (PID=5095) to work on /home/airflow/.local/lib/python3.12/site-packages/airflow/example_dags/example_branch_python_dop_operator_3.py
[2024-07-27T22:05:37.062+0000] {processor.py:830} INFO - Processing file /home/airflow/.local/lib/python3.12/site-packages/airflow/example_dags/example_branch_python_dop_operator_3.py for tasks to queue
[2024-07-27T22:05:37.063+0000] {logging_mixin.py:188} INFO - [2024-07-27T22:05:37.063+0000] {dagbag.py:545} INFO - Filling up the DagBag from /home/airflow/.local/lib/python3.12/site-packages/airflow/example_dags/example_branch_python_dop_operator_3.py
[2024-07-27T22:05:37.068+0000] {processor.py:840} INFO - DAG(s) 'example_branch_dop_operator_v3' retrieved from /home/airflow/.local/lib/python3.12/site-packages/airflow/example_dags/example_branch_python_dop_operator_3.py
[2024-07-27T22:05:37.081+0000] {logging_mixin.py:188} INFO - [2024-07-27T22:05:37.081+0000] {dag.py:3089} INFO - Sync 1 DAGs
[2024-07-27T22:05:37.096+0000] {logging_mixin.py:188} INFO - [2024-07-27T22:05:37.096+0000] {dag.py:3947} INFO - Setting next_dagrun for example_branch_dop_operator_v3 to 2024-07-27 22:04:00+00:00, run_after=2024-07-27 22:05:00+00:00
[2024-07-27T22:05:37.105+0000] {processor.py:183} INFO - Processing /home/airflow/.local/lib/python3.12/site-packages/airflow/example_dags/example_branch_python_dop_operator_3.py took 0.047 seconds
[2024-07-27T22:06:07.245+0000] {processor.py:161} INFO - Started process (PID=5356) to work on /home/airflow/.local/lib/python3.12/site-packages/airflow/example_dags/example_branch_python_dop_operator_3.py
[2024-07-27T22:06:07.246+0000] {processor.py:830} INFO - Processing file /home/airflow/.local/lib/python3.12/site-packages/airflow/example_dags/example_branch_python_dop_operator_3.py for tasks to queue
[2024-07-27T22:06:07.246+0000] {logging_mixin.py:188} INFO - [2024-07-27T22:06:07.246+0000] {dagbag.py:545} INFO - Filling up the DagBag from /home/airflow/.local/lib/python3.12/site-packages/airflow/example_dags/example_branch_python_dop_operator_3.py
[2024-07-27T22:06:07.251+0000] {processor.py:840} INFO - DAG(s) 'example_branch_dop_operator_v3' retrieved from /home/airflow/.local/lib/python3.12/site-packages/airflow/example_dags/example_branch_python_dop_operator_3.py
[2024-07-27T22:06:07.262+0000] {logging_mixin.py:188} INFO - [2024-07-27T22:06:07.261+0000] {dag.py:3089} INFO - Sync 1 DAGs
[2024-07-27T22:06:07.273+0000] {logging_mixin.py:188} INFO - [2024-07-27T22:06:07.273+0000] {dag.py:3947} INFO - Setting next_dagrun for example_branch_dop_operator_v3 to 2024-07-27 22:05:00+00:00, run_after=2024-07-27 22:06:00+00:00
[2024-07-27T22:06:07.283+0000] {processor.py:183} INFO - Processing /home/airflow/.local/lib/python3.12/site-packages/airflow/example_dags/example_branch_python_dop_operator_3.py took 0.042 seconds
[2024-07-27T22:06:37.612+0000] {processor.py:161} INFO - Started process (PID=5618) to work on /home/airflow/.local/lib/python3.12/site-packages/airflow/example_dags/example_branch_python_dop_operator_3.py
[2024-07-27T22:06:37.612+0000] {processor.py:830} INFO - Processing file /home/airflow/.local/lib/python3.12/site-packages/airflow/example_dags/example_branch_python_dop_operator_3.py for tasks to queue
[2024-07-27T22:06:37.614+0000] {logging_mixin.py:188} INFO - [2024-07-27T22:06:37.613+0000] {dagbag.py:545} INFO - Filling up the DagBag from /home/airflow/.local/lib/python3.12/site-packages/airflow/example_dags/example_branch_python_dop_operator_3.py
[2024-07-27T22:06:37.619+0000] {processor.py:840} INFO - DAG(s) 'example_branch_dop_operator_v3' retrieved from /home/airflow/.local/lib/python3.12/site-packages/airflow/example_dags/example_branch_python_dop_operator_3.py
[2024-07-27T22:06:37.629+0000] {logging_mixin.py:188} INFO - [2024-07-27T22:06:37.629+0000] {dag.py:3089} INFO - Sync 1 DAGs
[2024-07-27T22:06:37.649+0000] {logging_mixin.py:188} INFO - [2024-07-27T22:06:37.649+0000] {dag.py:3947} INFO - Setting next_dagrun for example_branch_dop_operator_v3 to 2024-07-27 22:05:00+00:00, run_after=2024-07-27 22:06:00+00:00
[2024-07-27T22:06:37.660+0000] {processor.py:183} INFO - Processing /home/airflow/.local/lib/python3.12/site-packages/airflow/example_dags/example_branch_python_dop_operator_3.py took 0.051 seconds
[2024-07-27T22:07:08.016+0000] {processor.py:161} INFO - Started process (PID=5880) to work on /home/airflow/.local/lib/python3.12/site-packages/airflow/example_dags/example_branch_python_dop_operator_3.py
[2024-07-27T22:07:08.017+0000] {processor.py:830} INFO - Processing file /home/airflow/.local/lib/python3.12/site-packages/airflow/example_dags/example_branch_python_dop_operator_3.py for tasks to queue
[2024-07-27T22:07:08.018+0000] {logging_mixin.py:188} INFO - [2024-07-27T22:07:08.018+0000] {dagbag.py:545} INFO - Filling up the DagBag from /home/airflow/.local/lib/python3.12/site-packages/airflow/example_dags/example_branch_python_dop_operator_3.py
[2024-07-27T22:07:08.023+0000] {processor.py:840} INFO - DAG(s) 'example_branch_dop_operator_v3' retrieved from /home/airflow/.local/lib/python3.12/site-packages/airflow/example_dags/example_branch_python_dop_operator_3.py
[2024-07-27T22:07:08.034+0000] {logging_mixin.py:188} INFO - [2024-07-27T22:07:08.034+0000] {dag.py:3089} INFO - Sync 1 DAGs
[2024-07-27T22:07:08.048+0000] {logging_mixin.py:188} INFO - [2024-07-27T22:07:08.048+0000] {dag.py:3947} INFO - Setting next_dagrun for example_branch_dop_operator_v3 to 2024-07-27 22:06:00+00:00, run_after=2024-07-27 22:07:00+00:00
[2024-07-27T22:07:08.059+0000] {processor.py:183} INFO - Processing /home/airflow/.local/lib/python3.12/site-packages/airflow/example_dags/example_branch_python_dop_operator_3.py took 0.046 seconds
[2024-07-27T22:07:38.170+0000] {processor.py:161} INFO - Started process (PID=6142) to work on /home/airflow/.local/lib/python3.12/site-packages/airflow/example_dags/example_branch_python_dop_operator_3.py
[2024-07-27T22:07:38.171+0000] {processor.py:830} INFO - Processing file /home/airflow/.local/lib/python3.12/site-packages/airflow/example_dags/example_branch_python_dop_operator_3.py for tasks to queue
[2024-07-27T22:07:38.172+0000] {logging_mixin.py:188} INFO - [2024-07-27T22:07:38.172+0000] {dagbag.py:545} INFO - Filling up the DagBag from /home/airflow/.local/lib/python3.12/site-packages/airflow/example_dags/example_branch_python_dop_operator_3.py
[2024-07-27T22:07:38.177+0000] {processor.py:840} INFO - DAG(s) 'example_branch_dop_operator_v3' retrieved from /home/airflow/.local/lib/python3.12/site-packages/airflow/example_dags/example_branch_python_dop_operator_3.py
[2024-07-27T22:07:38.187+0000] {logging_mixin.py:188} INFO - [2024-07-27T22:07:38.187+0000] {dag.py:3089} INFO - Sync 1 DAGs
[2024-07-27T22:07:38.200+0000] {logging_mixin.py:188} INFO - [2024-07-27T22:07:38.200+0000] {dag.py:3947} INFO - Setting next_dagrun for example_branch_dop_operator_v3 to 2024-07-27 22:06:00+00:00, run_after=2024-07-27 22:07:00+00:00
[2024-07-27T22:07:38.211+0000] {processor.py:183} INFO - Processing /home/airflow/.local/lib/python3.12/site-packages/airflow/example_dags/example_branch_python_dop_operator_3.py took 0.044 seconds
[2024-07-27T22:08:08.286+0000] {processor.py:161} INFO - Started process (PID=6404) to work on /home/airflow/.local/lib/python3.12/site-packages/airflow/example_dags/example_branch_python_dop_operator_3.py
[2024-07-27T22:08:08.288+0000] {processor.py:830} INFO - Processing file /home/airflow/.local/lib/python3.12/site-packages/airflow/example_dags/example_branch_python_dop_operator_3.py for tasks to queue
[2024-07-27T22:08:08.290+0000] {logging_mixin.py:188} INFO - [2024-07-27T22:08:08.290+0000] {dagbag.py:545} INFO - Filling up the DagBag from /home/airflow/.local/lib/python3.12/site-packages/airflow/example_dags/example_branch_python_dop_operator_3.py
[2024-07-27T22:08:08.299+0000] {processor.py:840} INFO - DAG(s) 'example_branch_dop_operator_v3' retrieved from /home/airflow/.local/lib/python3.12/site-packages/airflow/example_dags/example_branch_python_dop_operator_3.py
[2024-07-27T22:08:08.320+0000] {logging_mixin.py:188} INFO - [2024-07-27T22:08:08.320+0000] {dag.py:3089} INFO - Sync 1 DAGs
[2024-07-27T22:08:08.348+0000] {logging_mixin.py:188} INFO - [2024-07-27T22:08:08.348+0000] {dag.py:3947} INFO - Setting next_dagrun for example_branch_dop_operator_v3 to 2024-07-27 22:07:00+00:00, run_after=2024-07-27 22:08:00+00:00
[2024-07-27T22:08:08.363+0000] {processor.py:183} INFO - Processing /home/airflow/.local/lib/python3.12/site-packages/airflow/example_dags/example_branch_python_dop_operator_3.py took 0.082 seconds
[2024-07-27T22:08:38.515+0000] {processor.py:161} INFO - Started process (PID=6666) to work on /home/airflow/.local/lib/python3.12/site-packages/airflow/example_dags/example_branch_python_dop_operator_3.py
[2024-07-27T22:08:38.516+0000] {processor.py:830} INFO - Processing file /home/airflow/.local/lib/python3.12/site-packages/airflow/example_dags/example_branch_python_dop_operator_3.py for tasks to queue
[2024-07-27T22:08:38.518+0000] {logging_mixin.py:188} INFO - [2024-07-27T22:08:38.517+0000] {dagbag.py:545} INFO - Filling up the DagBag from /home/airflow/.local/lib/python3.12/site-packages/airflow/example_dags/example_branch_python_dop_operator_3.py
[2024-07-27T22:08:38.523+0000] {processor.py:840} INFO - DAG(s) 'example_branch_dop_operator_v3' retrieved from /home/airflow/.local/lib/python3.12/site-packages/airflow/example_dags/example_branch_python_dop_operator_3.py
[2024-07-27T22:08:38.533+0000] {logging_mixin.py:188} INFO - [2024-07-27T22:08:38.533+0000] {dag.py:3089} INFO - Sync 1 DAGs
[2024-07-27T22:08:38.547+0000] {logging_mixin.py:188} INFO - [2024-07-27T22:08:38.547+0000] {dag.py:3947} INFO - Setting next_dagrun for example_branch_dop_operator_v3 to 2024-07-27 22:07:00+00:00, run_after=2024-07-27 22:08:00+00:00
[2024-07-27T22:08:38.556+0000] {processor.py:183} INFO - Processing /home/airflow/.local/lib/python3.12/site-packages/airflow/example_dags/example_branch_python_dop_operator_3.py took 0.044 seconds
[2024-07-27T22:09:09.453+0000] {processor.py:161} INFO - Started process (PID=6928) to work on /home/airflow/.local/lib/python3.12/site-packages/airflow/example_dags/example_branch_python_dop_operator_3.py
[2024-07-27T22:09:09.454+0000] {processor.py:830} INFO - Processing file /home/airflow/.local/lib/python3.12/site-packages/airflow/example_dags/example_branch_python_dop_operator_3.py for tasks to queue
[2024-07-27T22:09:09.455+0000] {logging_mixin.py:188} INFO - [2024-07-27T22:09:09.455+0000] {dagbag.py:545} INFO - Filling up the DagBag from /home/airflow/.local/lib/python3.12/site-packages/airflow/example_dags/example_branch_python_dop_operator_3.py
[2024-07-27T22:09:09.460+0000] {processor.py:840} INFO - DAG(s) 'example_branch_dop_operator_v3' retrieved from /home/airflow/.local/lib/python3.12/site-packages/airflow/example_dags/example_branch_python_dop_operator_3.py
[2024-07-27T22:09:09.472+0000] {logging_mixin.py:188} INFO - [2024-07-27T22:09:09.472+0000] {dag.py:3089} INFO - Sync 1 DAGs
[2024-07-27T22:09:09.484+0000] {logging_mixin.py:188} INFO - [2024-07-27T22:09:09.484+0000] {dag.py:3947} INFO - Setting next_dagrun for example_branch_dop_operator_v3 to 2024-07-27 22:08:00+00:00, run_after=2024-07-27 22:09:00+00:00
[2024-07-27T22:09:09.494+0000] {processor.py:183} INFO - Processing /home/airflow/.local/lib/python3.12/site-packages/airflow/example_dags/example_branch_python_dop_operator_3.py took 0.044 seconds
[2024-07-27T22:09:39.725+0000] {processor.py:161} INFO - Started process (PID=7190) to work on /home/airflow/.local/lib/python3.12/site-packages/airflow/example_dags/example_branch_python_dop_operator_3.py
[2024-07-27T22:09:39.725+0000] {processor.py:830} INFO - Processing file /home/airflow/.local/lib/python3.12/site-packages/airflow/example_dags/example_branch_python_dop_operator_3.py for tasks to queue
[2024-07-27T22:09:39.726+0000] {logging_mixin.py:188} INFO - [2024-07-27T22:09:39.726+0000] {dagbag.py:545} INFO - Filling up the DagBag from /home/airflow/.local/lib/python3.12/site-packages/airflow/example_dags/example_branch_python_dop_operator_3.py
[2024-07-27T22:09:39.732+0000] {processor.py:840} INFO - DAG(s) 'example_branch_dop_operator_v3' retrieved from /home/airflow/.local/lib/python3.12/site-packages/airflow/example_dags/example_branch_python_dop_operator_3.py
[2024-07-27T22:09:39.742+0000] {logging_mixin.py:188} INFO - [2024-07-27T22:09:39.742+0000] {dag.py:3089} INFO - Sync 1 DAGs
[2024-07-27T22:09:39.755+0000] {logging_mixin.py:188} INFO - [2024-07-27T22:09:39.755+0000] {dag.py:3947} INFO - Setting next_dagrun for example_branch_dop_operator_v3 to 2024-07-27 22:08:00+00:00, run_after=2024-07-27 22:09:00+00:00
[2024-07-27T22:09:39.765+0000] {processor.py:183} INFO - Processing /home/airflow/.local/lib/python3.12/site-packages/airflow/example_dags/example_branch_python_dop_operator_3.py took 0.044 seconds
[2024-07-27T22:10:10.057+0000] {processor.py:161} INFO - Started process (PID=7452) to work on /home/airflow/.local/lib/python3.12/site-packages/airflow/example_dags/example_branch_python_dop_operator_3.py
[2024-07-27T22:10:10.058+0000] {processor.py:830} INFO - Processing file /home/airflow/.local/lib/python3.12/site-packages/airflow/example_dags/example_branch_python_dop_operator_3.py for tasks to queue
[2024-07-27T22:10:10.059+0000] {logging_mixin.py:188} INFO - [2024-07-27T22:10:10.059+0000] {dagbag.py:545} INFO - Filling up the DagBag from /home/airflow/.local/lib/python3.12/site-packages/airflow/example_dags/example_branch_python_dop_operator_3.py
[2024-07-27T22:10:10.064+0000] {processor.py:840} INFO - DAG(s) 'example_branch_dop_operator_v3' retrieved from /home/airflow/.local/lib/python3.12/site-packages/airflow/example_dags/example_branch_python_dop_operator_3.py
[2024-07-27T22:10:10.077+0000] {logging_mixin.py:188} INFO - [2024-07-27T22:10:10.077+0000] {dag.py:3089} INFO - Sync 1 DAGs
[2024-07-27T22:10:10.093+0000] {logging_mixin.py:188} INFO - [2024-07-27T22:10:10.093+0000] {dag.py:3947} INFO - Setting next_dagrun for example_branch_dop_operator_v3 to 2024-07-27 22:09:00+00:00, run_after=2024-07-27 22:10:00+00:00
[2024-07-27T22:10:10.103+0000] {processor.py:183} INFO - Processing /home/airflow/.local/lib/python3.12/site-packages/airflow/example_dags/example_branch_python_dop_operator_3.py took 0.049 seconds
[2024-07-27T22:10:40.487+0000] {processor.py:161} INFO - Started process (PID=7716) to work on /home/airflow/.local/lib/python3.12/site-packages/airflow/example_dags/example_branch_python_dop_operator_3.py
[2024-07-27T22:10:40.493+0000] {processor.py:830} INFO - Processing file /home/airflow/.local/lib/python3.12/site-packages/airflow/example_dags/example_branch_python_dop_operator_3.py for tasks to queue
[2024-07-27T22:10:40.495+0000] {logging_mixin.py:188} INFO - [2024-07-27T22:10:40.495+0000] {dagbag.py:545} INFO - Filling up the DagBag from /home/airflow/.local/lib/python3.12/site-packages/airflow/example_dags/example_branch_python_dop_operator_3.py
[2024-07-27T22:10:40.500+0000] {processor.py:840} INFO - DAG(s) 'example_branch_dop_operator_v3' retrieved from /home/airflow/.local/lib/python3.12/site-packages/airflow/example_dags/example_branch_python_dop_operator_3.py
[2024-07-27T22:10:40.510+0000] {logging_mixin.py:188} INFO - [2024-07-27T22:10:40.510+0000] {dag.py:3089} INFO - Sync 1 DAGs
[2024-07-27T22:10:40.521+0000] {logging_mixin.py:188} INFO - [2024-07-27T22:10:40.521+0000] {dag.py:3947} INFO - Setting next_dagrun for example_branch_dop_operator_v3 to 2024-07-27 22:09:00+00:00, run_after=2024-07-27 22:10:00+00:00
[2024-07-27T22:10:40.529+0000] {processor.py:183} INFO - Processing /home/airflow/.local/lib/python3.12/site-packages/airflow/example_dags/example_branch_python_dop_operator_3.py took 0.046 seconds
[2024-07-27T22:11:11.569+0000] {processor.py:161} INFO - Started process (PID=7982) to work on /home/airflow/.local/lib/python3.12/site-packages/airflow/example_dags/example_branch_python_dop_operator_3.py
[2024-07-27T22:11:11.570+0000] {processor.py:830} INFO - Processing file /home/airflow/.local/lib/python3.12/site-packages/airflow/example_dags/example_branch_python_dop_operator_3.py for tasks to queue
[2024-07-27T22:11:11.572+0000] {logging_mixin.py:188} INFO - [2024-07-27T22:11:11.572+0000] {dagbag.py:545} INFO - Filling up the DagBag from /home/airflow/.local/lib/python3.12/site-packages/airflow/example_dags/example_branch_python_dop_operator_3.py
[2024-07-27T22:11:11.577+0000] {processor.py:840} INFO - DAG(s) 'example_branch_dop_operator_v3' retrieved from /home/airflow/.local/lib/python3.12/site-packages/airflow/example_dags/example_branch_python_dop_operator_3.py
[2024-07-27T22:11:11.588+0000] {logging_mixin.py:188} INFO - [2024-07-27T22:11:11.587+0000] {dag.py:3089} INFO - Sync 1 DAGs
[2024-07-27T22:11:11.600+0000] {logging_mixin.py:188} INFO - [2024-07-27T22:11:11.600+0000] {dag.py:3947} INFO - Setting next_dagrun for example_branch_dop_operator_v3 to 2024-07-27 22:10:00+00:00, run_after=2024-07-27 22:11:00+00:00
[2024-07-27T22:11:11.608+0000] {processor.py:183} INFO - Processing /home/airflow/.local/lib/python3.12/site-packages/airflow/example_dags/example_branch_python_dop_operator_3.py took 0.043 seconds
[2024-07-27T22:11:41.839+0000] {processor.py:161} INFO - Started process (PID=8245) to work on /home/airflow/.local/lib/python3.12/site-packages/airflow/example_dags/example_branch_python_dop_operator_3.py
[2024-07-27T22:11:41.839+0000] {processor.py:830} INFO - Processing file /home/airflow/.local/lib/python3.12/site-packages/airflow/example_dags/example_branch_python_dop_operator_3.py for tasks to queue
[2024-07-27T22:11:41.840+0000] {logging_mixin.py:188} INFO - [2024-07-27T22:11:41.840+0000] {dagbag.py:545} INFO - Filling up the DagBag from /home/airflow/.local/lib/python3.12/site-packages/airflow/example_dags/example_branch_python_dop_operator_3.py
[2024-07-27T22:11:41.845+0000] {processor.py:840} INFO - DAG(s) 'example_branch_dop_operator_v3' retrieved from /home/airflow/.local/lib/python3.12/site-packages/airflow/example_dags/example_branch_python_dop_operator_3.py
[2024-07-27T22:11:41.855+0000] {logging_mixin.py:188} INFO - [2024-07-27T22:11:41.855+0000] {dag.py:3089} INFO - Sync 1 DAGs
[2024-07-27T22:11:41.867+0000] {logging_mixin.py:188} INFO - [2024-07-27T22:11:41.867+0000] {dag.py:3947} INFO - Setting next_dagrun for example_branch_dop_operator_v3 to 2024-07-27 22:10:00+00:00, run_after=2024-07-27 22:11:00+00:00
[2024-07-27T22:11:41.876+0000] {processor.py:183} INFO - Processing /home/airflow/.local/lib/python3.12/site-packages/airflow/example_dags/example_branch_python_dop_operator_3.py took 0.041 seconds
[2024-07-27T22:12:12.180+0000] {processor.py:161} INFO - Started process (PID=8507) to work on /home/airflow/.local/lib/python3.12/site-packages/airflow/example_dags/example_branch_python_dop_operator_3.py
[2024-07-27T22:12:12.181+0000] {processor.py:830} INFO - Processing file /home/airflow/.local/lib/python3.12/site-packages/airflow/example_dags/example_branch_python_dop_operator_3.py for tasks to queue
[2024-07-27T22:12:12.182+0000] {logging_mixin.py:188} INFO - [2024-07-27T22:12:12.182+0000] {dagbag.py:545} INFO - Filling up the DagBag from /home/airflow/.local/lib/python3.12/site-packages/airflow/example_dags/example_branch_python_dop_operator_3.py
[2024-07-27T22:12:12.187+0000] {processor.py:840} INFO - DAG(s) 'example_branch_dop_operator_v3' retrieved from /home/airflow/.local/lib/python3.12/site-packages/airflow/example_dags/example_branch_python_dop_operator_3.py
[2024-07-27T22:12:12.197+0000] {logging_mixin.py:188} INFO - [2024-07-27T22:12:12.197+0000] {dag.py:3089} INFO - Sync 1 DAGs
[2024-07-27T22:12:12.209+0000] {logging_mixin.py:188} INFO - [2024-07-27T22:12:12.209+0000] {dag.py:3947} INFO - Setting next_dagrun for example_branch_dop_operator_v3 to 2024-07-27 22:11:00+00:00, run_after=2024-07-27 22:12:00+00:00
[2024-07-27T22:12:12.218+0000] {processor.py:183} INFO - Processing /home/airflow/.local/lib/python3.12/site-packages/airflow/example_dags/example_branch_python_dop_operator_3.py took 0.041 seconds
[2024-07-27T22:12:42.802+0000] {processor.py:161} INFO - Started process (PID=8769) to work on /home/airflow/.local/lib/python3.12/site-packages/airflow/example_dags/example_branch_python_dop_operator_3.py
[2024-07-27T22:12:42.803+0000] {processor.py:830} INFO - Processing file /home/airflow/.local/lib/python3.12/site-packages/airflow/example_dags/example_branch_python_dop_operator_3.py for tasks to queue
[2024-07-27T22:12:42.804+0000] {logging_mixin.py:188} INFO - [2024-07-27T22:12:42.804+0000] {dagbag.py:545} INFO - Filling up the DagBag from /home/airflow/.local/lib/python3.12/site-packages/airflow/example_dags/example_branch_python_dop_operator_3.py
[2024-07-27T22:12:42.808+0000] {processor.py:840} INFO - DAG(s) 'example_branch_dop_operator_v3' retrieved from /home/airflow/.local/lib/python3.12/site-packages/airflow/example_dags/example_branch_python_dop_operator_3.py
[2024-07-27T22:12:42.819+0000] {logging_mixin.py:188} INFO - [2024-07-27T22:12:42.819+0000] {dag.py:3089} INFO - Sync 1 DAGs
[2024-07-27T22:12:42.832+0000] {logging_mixin.py:188} INFO - [2024-07-27T22:12:42.831+0000] {dag.py:3947} INFO - Setting next_dagrun for example_branch_dop_operator_v3 to 2024-07-27 22:11:00+00:00, run_after=2024-07-27 22:12:00+00:00
[2024-07-27T22:12:42.840+0000] {processor.py:183} INFO - Processing /home/airflow/.local/lib/python3.12/site-packages/airflow/example_dags/example_branch_python_dop_operator_3.py took 0.042 seconds
[2024-07-27T22:13:13.097+0000] {processor.py:161} INFO - Started process (PID=9031) to work on /home/airflow/.local/lib/python3.12/site-packages/airflow/example_dags/example_branch_python_dop_operator_3.py
[2024-07-27T22:13:13.098+0000] {processor.py:830} INFO - Processing file /home/airflow/.local/lib/python3.12/site-packages/airflow/example_dags/example_branch_python_dop_operator_3.py for tasks to queue
[2024-07-27T22:13:13.099+0000] {logging_mixin.py:188} INFO - [2024-07-27T22:13:13.099+0000] {dagbag.py:545} INFO - Filling up the DagBag from /home/airflow/.local/lib/python3.12/site-packages/airflow/example_dags/example_branch_python_dop_operator_3.py
[2024-07-27T22:13:13.104+0000] {processor.py:840} INFO - DAG(s) 'example_branch_dop_operator_v3' retrieved from /home/airflow/.local/lib/python3.12/site-packages/airflow/example_dags/example_branch_python_dop_operator_3.py
[2024-07-27T22:13:13.115+0000] {logging_mixin.py:188} INFO - [2024-07-27T22:13:13.115+0000] {dag.py:3089} INFO - Sync 1 DAGs
[2024-07-27T22:13:13.128+0000] {logging_mixin.py:188} INFO - [2024-07-27T22:13:13.128+0000] {dag.py:3947} INFO - Setting next_dagrun for example_branch_dop_operator_v3 to 2024-07-27 22:12:00+00:00, run_after=2024-07-27 22:13:00+00:00
[2024-07-27T22:13:13.137+0000] {processor.py:183} INFO - Processing /home/airflow/.local/lib/python3.12/site-packages/airflow/example_dags/example_branch_python_dop_operator_3.py took 0.043 seconds
[2024-07-27T22:13:44.257+0000] {processor.py:161} INFO - Started process (PID=9293) to work on /home/airflow/.local/lib/python3.12/site-packages/airflow/example_dags/example_branch_python_dop_operator_3.py
[2024-07-27T22:13:44.258+0000] {processor.py:830} INFO - Processing file /home/airflow/.local/lib/python3.12/site-packages/airflow/example_dags/example_branch_python_dop_operator_3.py for tasks to queue
[2024-07-27T22:13:44.259+0000] {logging_mixin.py:188} INFO - [2024-07-27T22:13:44.258+0000] {dagbag.py:545} INFO - Filling up the DagBag from /home/airflow/.local/lib/python3.12/site-packages/airflow/example_dags/example_branch_python_dop_operator_3.py
[2024-07-27T22:13:44.263+0000] {processor.py:840} INFO - DAG(s) 'example_branch_dop_operator_v3' retrieved from /home/airflow/.local/lib/python3.12/site-packages/airflow/example_dags/example_branch_python_dop_operator_3.py
[2024-07-27T22:13:44.275+0000] {logging_mixin.py:188} INFO - [2024-07-27T22:13:44.275+0000] {dag.py:3089} INFO - Sync 1 DAGs
[2024-07-27T22:13:44.288+0000] {logging_mixin.py:188} INFO - [2024-07-27T22:13:44.288+0000] {dag.py:3947} INFO - Setting next_dagrun for example_branch_dop_operator_v3 to 2024-07-27 22:12:00+00:00, run_after=2024-07-27 22:13:00+00:00
[2024-07-27T22:13:44.298+0000] {processor.py:183} INFO - Processing /home/airflow/.local/lib/python3.12/site-packages/airflow/example_dags/example_branch_python_dop_operator_3.py took 0.044 seconds
[2024-07-27T22:14:14.836+0000] {processor.py:161} INFO - Started process (PID=9556) to work on /home/airflow/.local/lib/python3.12/site-packages/airflow/example_dags/example_branch_python_dop_operator_3.py
[2024-07-27T22:14:14.837+0000] {processor.py:830} INFO - Processing file /home/airflow/.local/lib/python3.12/site-packages/airflow/example_dags/example_branch_python_dop_operator_3.py for tasks to queue
[2024-07-27T22:14:14.838+0000] {logging_mixin.py:188} INFO - [2024-07-27T22:14:14.837+0000] {dagbag.py:545} INFO - Filling up the DagBag from /home/airflow/.local/lib/python3.12/site-packages/airflow/example_dags/example_branch_python_dop_operator_3.py
[2024-07-27T22:14:14.843+0000] {processor.py:840} INFO - DAG(s) 'example_branch_dop_operator_v3' retrieved from /home/airflow/.local/lib/python3.12/site-packages/airflow/example_dags/example_branch_python_dop_operator_3.py
[2024-07-27T22:14:14.853+0000] {logging_mixin.py:188} INFO - [2024-07-27T22:14:14.853+0000] {dag.py:3089} INFO - Sync 1 DAGs
[2024-07-27T22:14:14.868+0000] {logging_mixin.py:188} INFO - [2024-07-27T22:14:14.868+0000] {dag.py:3947} INFO - Setting next_dagrun for example_branch_dop_operator_v3 to 2024-07-27 22:13:00+00:00, run_after=2024-07-27 22:14:00+00:00
[2024-07-27T22:14:14.877+0000] {processor.py:183} INFO - Processing /home/airflow/.local/lib/python3.12/site-packages/airflow/example_dags/example_branch_python_dop_operator_3.py took 0.045 seconds
[2024-07-27T22:14:45.027+0000] {processor.py:161} INFO - Started process (PID=9816) to work on /home/airflow/.local/lib/python3.12/site-packages/airflow/example_dags/example_branch_python_dop_operator_3.py
[2024-07-27T22:14:45.028+0000] {processor.py:830} INFO - Processing file /home/airflow/.local/lib/python3.12/site-packages/airflow/example_dags/example_branch_python_dop_operator_3.py for tasks to queue
[2024-07-27T22:14:45.031+0000] {logging_mixin.py:188} INFO - [2024-07-27T22:14:45.031+0000] {dagbag.py:545} INFO - Filling up the DagBag from /home/airflow/.local/lib/python3.12/site-packages/airflow/example_dags/example_branch_python_dop_operator_3.py
[2024-07-27T22:14:45.041+0000] {processor.py:840} INFO - DAG(s) 'example_branch_dop_operator_v3' retrieved from /home/airflow/.local/lib/python3.12/site-packages/airflow/example_dags/example_branch_python_dop_operator_3.py
[2024-07-27T22:14:45.061+0000] {logging_mixin.py:188} INFO - [2024-07-27T22:14:45.061+0000] {dag.py:3089} INFO - Sync 1 DAGs
[2024-07-27T22:14:45.083+0000] {logging_mixin.py:188} INFO - [2024-07-27T22:14:45.083+0000] {dag.py:3947} INFO - Setting next_dagrun for example_branch_dop_operator_v3 to 2024-07-27 22:13:00+00:00, run_after=2024-07-27 22:14:00+00:00
[2024-07-27T22:14:45.093+0000] {processor.py:183} INFO - Processing /home/airflow/.local/lib/python3.12/site-packages/airflow/example_dags/example_branch_python_dop_operator_3.py took 0.080 seconds
[2024-07-27T22:15:15.296+0000] {processor.py:161} INFO - Started process (PID=10079) to work on /home/airflow/.local/lib/python3.12/site-packages/airflow/example_dags/example_branch_python_dop_operator_3.py
[2024-07-27T22:15:15.297+0000] {processor.py:830} INFO - Processing file /home/airflow/.local/lib/python3.12/site-packages/airflow/example_dags/example_branch_python_dop_operator_3.py for tasks to queue
[2024-07-27T22:15:15.298+0000] {logging_mixin.py:188} INFO - [2024-07-27T22:15:15.298+0000] {dagbag.py:545} INFO - Filling up the DagBag from /home/airflow/.local/lib/python3.12/site-packages/airflow/example_dags/example_branch_python_dop_operator_3.py
[2024-07-27T22:15:15.303+0000] {processor.py:840} INFO - DAG(s) 'example_branch_dop_operator_v3' retrieved from /home/airflow/.local/lib/python3.12/site-packages/airflow/example_dags/example_branch_python_dop_operator_3.py
[2024-07-27T22:15:15.314+0000] {logging_mixin.py:188} INFO - [2024-07-27T22:15:15.314+0000] {dag.py:3089} INFO - Sync 1 DAGs
[2024-07-27T22:15:15.329+0000] {logging_mixin.py:188} INFO - [2024-07-27T22:15:15.329+0000] {dag.py:3947} INFO - Setting next_dagrun for example_branch_dop_operator_v3 to 2024-07-27 22:14:00+00:00, run_after=2024-07-27 22:15:00+00:00
[2024-07-27T22:15:15.338+0000] {processor.py:183} INFO - Processing /home/airflow/.local/lib/python3.12/site-packages/airflow/example_dags/example_branch_python_dop_operator_3.py took 0.045 seconds
[2024-07-27T22:15:45.417+0000] {processor.py:161} INFO - Started process (PID=10338) to work on /home/airflow/.local/lib/python3.12/site-packages/airflow/example_dags/example_branch_python_dop_operator_3.py
[2024-07-27T22:15:45.418+0000] {processor.py:830} INFO - Processing file /home/airflow/.local/lib/python3.12/site-packages/airflow/example_dags/example_branch_python_dop_operator_3.py for tasks to queue
[2024-07-27T22:15:45.419+0000] {logging_mixin.py:188} INFO - [2024-07-27T22:15:45.419+0000] {dagbag.py:545} INFO - Filling up the DagBag from /home/airflow/.local/lib/python3.12/site-packages/airflow/example_dags/example_branch_python_dop_operator_3.py
[2024-07-27T22:15:45.424+0000] {processor.py:840} INFO - DAG(s) 'example_branch_dop_operator_v3' retrieved from /home/airflow/.local/lib/python3.12/site-packages/airflow/example_dags/example_branch_python_dop_operator_3.py
[2024-07-27T22:15:45.434+0000] {logging_mixin.py:188} INFO - [2024-07-27T22:15:45.434+0000] {dag.py:3089} INFO - Sync 1 DAGs
[2024-07-27T22:15:45.445+0000] {logging_mixin.py:188} INFO - [2024-07-27T22:15:45.445+0000] {dag.py:3947} INFO - Setting next_dagrun for example_branch_dop_operator_v3 to 2024-07-27 22:14:00+00:00, run_after=2024-07-27 22:15:00+00:00
[2024-07-27T22:15:45.453+0000] {processor.py:183} INFO - Processing /home/airflow/.local/lib/python3.12/site-packages/airflow/example_dags/example_branch_python_dop_operator_3.py took 0.038 seconds
[2024-07-27T22:16:15.491+0000] {processor.py:161} INFO - Started process (PID=10601) to work on /home/airflow/.local/lib/python3.12/site-packages/airflow/example_dags/example_branch_python_dop_operator_3.py
[2024-07-27T22:16:15.492+0000] {processor.py:830} INFO - Processing file /home/airflow/.local/lib/python3.12/site-packages/airflow/example_dags/example_branch_python_dop_operator_3.py for tasks to queue
[2024-07-27T22:16:15.494+0000] {logging_mixin.py:188} INFO - [2024-07-27T22:16:15.493+0000] {dagbag.py:545} INFO - Filling up the DagBag from /home/airflow/.local/lib/python3.12/site-packages/airflow/example_dags/example_branch_python_dop_operator_3.py
[2024-07-27T22:16:15.500+0000] {processor.py:840} INFO - DAG(s) 'example_branch_dop_operator_v3' retrieved from /home/airflow/.local/lib/python3.12/site-packages/airflow/example_dags/example_branch_python_dop_operator_3.py
[2024-07-27T22:16:15.512+0000] {logging_mixin.py:188} INFO - [2024-07-27T22:16:15.512+0000] {dag.py:3089} INFO - Sync 1 DAGs
[2024-07-27T22:16:15.535+0000] {logging_mixin.py:188} INFO - [2024-07-27T22:16:15.535+0000] {dag.py:3947} INFO - Setting next_dagrun for example_branch_dop_operator_v3 to 2024-07-27 22:15:00+00:00, run_after=2024-07-27 22:16:00+00:00
[2024-07-27T22:16:15.549+0000] {processor.py:183} INFO - Processing /home/airflow/.local/lib/python3.12/site-packages/airflow/example_dags/example_branch_python_dop_operator_3.py took 0.066 seconds
[2024-07-27T22:16:47.491+0000] {processor.py:161} INFO - Started process (PID=10861) to work on /home/airflow/.local/lib/python3.12/site-packages/airflow/example_dags/example_branch_python_dop_operator_3.py
[2024-07-27T22:16:47.492+0000] {processor.py:830} INFO - Processing file /home/airflow/.local/lib/python3.12/site-packages/airflow/example_dags/example_branch_python_dop_operator_3.py for tasks to queue
[2024-07-27T22:16:47.493+0000] {logging_mixin.py:188} INFO - [2024-07-27T22:16:47.492+0000] {dagbag.py:545} INFO - Filling up the DagBag from /home/airflow/.local/lib/python3.12/site-packages/airflow/example_dags/example_branch_python_dop_operator_3.py
[2024-07-27T22:16:47.498+0000] {processor.py:840} INFO - DAG(s) 'example_branch_dop_operator_v3' retrieved from /home/airflow/.local/lib/python3.12/site-packages/airflow/example_dags/example_branch_python_dop_operator_3.py
[2024-07-27T22:16:47.508+0000] {logging_mixin.py:188} INFO - [2024-07-27T22:16:47.508+0000] {dag.py:3089} INFO - Sync 1 DAGs
[2024-07-27T22:16:47.612+0000] {logging_mixin.py:188} INFO - [2024-07-27T22:16:47.612+0000] {dag.py:3947} INFO - Setting next_dagrun for example_branch_dop_operator_v3 to 2024-07-27 22:15:00+00:00, run_after=2024-07-27 22:16:00+00:00
[2024-07-27T22:16:47.620+0000] {processor.py:183} INFO - Processing /home/airflow/.local/lib/python3.12/site-packages/airflow/example_dags/example_branch_python_dop_operator_3.py took 0.132 seconds
[2024-07-27T22:17:18.097+0000] {processor.py:161} INFO - Started process (PID=11123) to work on /home/airflow/.local/lib/python3.12/site-packages/airflow/example_dags/example_branch_python_dop_operator_3.py
[2024-07-27T22:17:18.098+0000] {processor.py:830} INFO - Processing file /home/airflow/.local/lib/python3.12/site-packages/airflow/example_dags/example_branch_python_dop_operator_3.py for tasks to queue
[2024-07-27T22:17:18.099+0000] {logging_mixin.py:188} INFO - [2024-07-27T22:17:18.099+0000] {dagbag.py:545} INFO - Filling up the DagBag from /home/airflow/.local/lib/python3.12/site-packages/airflow/example_dags/example_branch_python_dop_operator_3.py
[2024-07-27T22:17:18.105+0000] {processor.py:840} INFO - DAG(s) 'example_branch_dop_operator_v3' retrieved from /home/airflow/.local/lib/python3.12/site-packages/airflow/example_dags/example_branch_python_dop_operator_3.py
[2024-07-27T22:17:18.119+0000] {logging_mixin.py:188} INFO - [2024-07-27T22:17:18.119+0000] {dag.py:3089} INFO - Sync 1 DAGs
[2024-07-27T22:17:18.135+0000] {logging_mixin.py:188} INFO - [2024-07-27T22:17:18.135+0000] {dag.py:3947} INFO - Setting next_dagrun for example_branch_dop_operator_v3 to 2024-07-27 22:16:00+00:00, run_after=2024-07-27 22:17:00+00:00
[2024-07-27T22:17:18.150+0000] {processor.py:183} INFO - Processing /home/airflow/.local/lib/python3.12/site-packages/airflow/example_dags/example_branch_python_dop_operator_3.py took 0.058 seconds
[2024-07-27T22:17:48.466+0000] {processor.py:161} INFO - Started process (PID=11386) to work on /home/airflow/.local/lib/python3.12/site-packages/airflow/example_dags/example_branch_python_dop_operator_3.py
[2024-07-27T22:17:48.467+0000] {processor.py:830} INFO - Processing file /home/airflow/.local/lib/python3.12/site-packages/airflow/example_dags/example_branch_python_dop_operator_3.py for tasks to queue
[2024-07-27T22:17:48.469+0000] {logging_mixin.py:188} INFO - [2024-07-27T22:17:48.468+0000] {dagbag.py:545} INFO - Filling up the DagBag from /home/airflow/.local/lib/python3.12/site-packages/airflow/example_dags/example_branch_python_dop_operator_3.py
[2024-07-27T22:17:48.475+0000] {processor.py:840} INFO - DAG(s) 'example_branch_dop_operator_v3' retrieved from /home/airflow/.local/lib/python3.12/site-packages/airflow/example_dags/example_branch_python_dop_operator_3.py
[2024-07-27T22:17:48.501+0000] {logging_mixin.py:188} INFO - [2024-07-27T22:17:48.501+0000] {dag.py:3089} INFO - Sync 1 DAGs
[2024-07-27T22:17:48.526+0000] {logging_mixin.py:188} INFO - [2024-07-27T22:17:48.526+0000] {dag.py:3947} INFO - Setting next_dagrun for example_branch_dop_operator_v3 to 2024-07-27 22:16:00+00:00, run_after=2024-07-27 22:17:00+00:00
[2024-07-27T22:17:48.543+0000] {processor.py:183} INFO - Processing /home/airflow/.local/lib/python3.12/site-packages/airflow/example_dags/example_branch_python_dop_operator_3.py took 0.081 seconds
[2024-07-27T22:18:18.732+0000] {processor.py:161} INFO - Started process (PID=11649) to work on /home/airflow/.local/lib/python3.12/site-packages/airflow/example_dags/example_branch_python_dop_operator_3.py
[2024-07-27T22:18:18.733+0000] {processor.py:830} INFO - Processing file /home/airflow/.local/lib/python3.12/site-packages/airflow/example_dags/example_branch_python_dop_operator_3.py for tasks to queue
[2024-07-27T22:18:18.735+0000] {logging_mixin.py:188} INFO - [2024-07-27T22:18:18.735+0000] {dagbag.py:545} INFO - Filling up the DagBag from /home/airflow/.local/lib/python3.12/site-packages/airflow/example_dags/example_branch_python_dop_operator_3.py
[2024-07-27T22:18:18.743+0000] {processor.py:840} INFO - DAG(s) 'example_branch_dop_operator_v3' retrieved from /home/airflow/.local/lib/python3.12/site-packages/airflow/example_dags/example_branch_python_dop_operator_3.py
[2024-07-27T22:18:18.754+0000] {logging_mixin.py:188} INFO - [2024-07-27T22:18:18.754+0000] {dag.py:3089} INFO - Sync 1 DAGs
[2024-07-27T22:18:18.767+0000] {logging_mixin.py:188} INFO - [2024-07-27T22:18:18.767+0000] {dag.py:3947} INFO - Setting next_dagrun for example_branch_dop_operator_v3 to 2024-07-27 22:17:00+00:00, run_after=2024-07-27 22:18:00+00:00
[2024-07-27T22:18:18.782+0000] {processor.py:183} INFO - Processing /home/airflow/.local/lib/python3.12/site-packages/airflow/example_dags/example_branch_python_dop_operator_3.py took 0.056 seconds
[2024-07-27T22:18:48.903+0000] {processor.py:161} INFO - Started process (PID=11911) to work on /home/airflow/.local/lib/python3.12/site-packages/airflow/example_dags/example_branch_python_dop_operator_3.py
[2024-07-27T22:18:48.904+0000] {processor.py:830} INFO - Processing file /home/airflow/.local/lib/python3.12/site-packages/airflow/example_dags/example_branch_python_dop_operator_3.py for tasks to queue
[2024-07-27T22:18:48.905+0000] {logging_mixin.py:188} INFO - [2024-07-27T22:18:48.905+0000] {dagbag.py:545} INFO - Filling up the DagBag from /home/airflow/.local/lib/python3.12/site-packages/airflow/example_dags/example_branch_python_dop_operator_3.py
[2024-07-27T22:18:48.910+0000] {processor.py:840} INFO - DAG(s) 'example_branch_dop_operator_v3' retrieved from /home/airflow/.local/lib/python3.12/site-packages/airflow/example_dags/example_branch_python_dop_operator_3.py
[2024-07-27T22:18:48.920+0000] {logging_mixin.py:188} INFO - [2024-07-27T22:18:48.920+0000] {dag.py:3089} INFO - Sync 1 DAGs
[2024-07-27T22:18:48.932+0000] {logging_mixin.py:188} INFO - [2024-07-27T22:18:48.932+0000] {dag.py:3947} INFO - Setting next_dagrun for example_branch_dop_operator_v3 to 2024-07-27 22:17:00+00:00, run_after=2024-07-27 22:18:00+00:00
[2024-07-27T22:18:48.940+0000] {processor.py:183} INFO - Processing /home/airflow/.local/lib/python3.12/site-packages/airflow/example_dags/example_branch_python_dop_operator_3.py took 0.041 seconds
[2024-07-27T22:19:19.270+0000] {processor.py:161} INFO - Started process (PID=12171) to work on /home/airflow/.local/lib/python3.12/site-packages/airflow/example_dags/example_branch_python_dop_operator_3.py
[2024-07-27T22:19:19.272+0000] {processor.py:830} INFO - Processing file /home/airflow/.local/lib/python3.12/site-packages/airflow/example_dags/example_branch_python_dop_operator_3.py for tasks to queue
[2024-07-27T22:19:19.274+0000] {logging_mixin.py:188} INFO - [2024-07-27T22:19:19.273+0000] {dagbag.py:545} INFO - Filling up the DagBag from /home/airflow/.local/lib/python3.12/site-packages/airflow/example_dags/example_branch_python_dop_operator_3.py
[2024-07-27T22:19:19.280+0000] {processor.py:840} INFO - DAG(s) 'example_branch_dop_operator_v3' retrieved from /home/airflow/.local/lib/python3.12/site-packages/airflow/example_dags/example_branch_python_dop_operator_3.py
[2024-07-27T22:19:19.306+0000] {logging_mixin.py:188} INFO - [2024-07-27T22:19:19.306+0000] {dag.py:3089} INFO - Sync 1 DAGs
[2024-07-27T22:19:19.330+0000] {logging_mixin.py:188} INFO - [2024-07-27T22:19:19.330+0000] {dag.py:3947} INFO - Setting next_dagrun for example_branch_dop_operator_v3 to 2024-07-27 22:18:00+00:00, run_after=2024-07-27 22:19:00+00:00
[2024-07-27T22:19:19.343+0000] {processor.py:183} INFO - Processing /home/airflow/.local/lib/python3.12/site-packages/airflow/example_dags/example_branch_python_dop_operator_3.py took 0.077 seconds
[2024-07-27T22:19:49.541+0000] {processor.py:161} INFO - Started process (PID=12435) to work on /home/airflow/.local/lib/python3.12/site-packages/airflow/example_dags/example_branch_python_dop_operator_3.py
[2024-07-27T22:19:49.543+0000] {processor.py:830} INFO - Processing file /home/airflow/.local/lib/python3.12/site-packages/airflow/example_dags/example_branch_python_dop_operator_3.py for tasks to queue
[2024-07-27T22:19:49.546+0000] {logging_mixin.py:188} INFO - [2024-07-27T22:19:49.545+0000] {dagbag.py:545} INFO - Filling up the DagBag from /home/airflow/.local/lib/python3.12/site-packages/airflow/example_dags/example_branch_python_dop_operator_3.py
[2024-07-27T22:19:49.559+0000] {processor.py:840} INFO - DAG(s) 'example_branch_dop_operator_v3' retrieved from /home/airflow/.local/lib/python3.12/site-packages/airflow/example_dags/example_branch_python_dop_operator_3.py
[2024-07-27T22:19:49.619+0000] {logging_mixin.py:188} INFO - [2024-07-27T22:19:49.618+0000] {dag.py:3089} INFO - Sync 1 DAGs
[2024-07-27T22:19:49.659+0000] {logging_mixin.py:188} INFO - [2024-07-27T22:19:49.658+0000] {dag.py:3947} INFO - Setting next_dagrun for example_branch_dop_operator_v3 to 2024-07-27 22:18:00+00:00, run_after=2024-07-27 22:19:00+00:00
[2024-07-27T22:19:49.695+0000] {processor.py:183} INFO - Processing /home/airflow/.local/lib/python3.12/site-packages/airflow/example_dags/example_branch_python_dop_operator_3.py took 0.162 seconds
[2024-07-27T22:20:20.217+0000] {processor.py:161} INFO - Started process (PID=12700) to work on /home/airflow/.local/lib/python3.12/site-packages/airflow/example_dags/example_branch_python_dop_operator_3.py
[2024-07-27T22:20:20.217+0000] {processor.py:830} INFO - Processing file /home/airflow/.local/lib/python3.12/site-packages/airflow/example_dags/example_branch_python_dop_operator_3.py for tasks to queue
[2024-07-27T22:20:20.219+0000] {logging_mixin.py:188} INFO - [2024-07-27T22:20:20.218+0000] {dagbag.py:545} INFO - Filling up the DagBag from /home/airflow/.local/lib/python3.12/site-packages/airflow/example_dags/example_branch_python_dop_operator_3.py
[2024-07-27T22:20:20.223+0000] {processor.py:840} INFO - DAG(s) 'example_branch_dop_operator_v3' retrieved from /home/airflow/.local/lib/python3.12/site-packages/airflow/example_dags/example_branch_python_dop_operator_3.py
[2024-07-27T22:20:20.234+0000] {logging_mixin.py:188} INFO - [2024-07-27T22:20:20.234+0000] {dag.py:3089} INFO - Sync 1 DAGs
[2024-07-27T22:20:20.247+0000] {logging_mixin.py:188} INFO - [2024-07-27T22:20:20.247+0000] {dag.py:3947} INFO - Setting next_dagrun for example_branch_dop_operator_v3 to 2024-07-27 22:19:00+00:00, run_after=2024-07-27 22:20:00+00:00
[2024-07-27T22:20:20.255+0000] {processor.py:183} INFO - Processing /home/airflow/.local/lib/python3.12/site-packages/airflow/example_dags/example_branch_python_dop_operator_3.py took 0.043 seconds
[2024-07-27T22:20:50.561+0000] {processor.py:161} INFO - Started process (PID=12972) to work on /home/airflow/.local/lib/python3.12/site-packages/airflow/example_dags/example_branch_python_dop_operator_3.py
[2024-07-27T22:20:50.562+0000] {processor.py:830} INFO - Processing file /home/airflow/.local/lib/python3.12/site-packages/airflow/example_dags/example_branch_python_dop_operator_3.py for tasks to queue
[2024-07-27T22:20:50.563+0000] {logging_mixin.py:188} INFO - [2024-07-27T22:20:50.563+0000] {dagbag.py:545} INFO - Filling up the DagBag from /home/airflow/.local/lib/python3.12/site-packages/airflow/example_dags/example_branch_python_dop_operator_3.py
[2024-07-27T22:20:50.568+0000] {processor.py:840} INFO - DAG(s) 'example_branch_dop_operator_v3' retrieved from /home/airflow/.local/lib/python3.12/site-packages/airflow/example_dags/example_branch_python_dop_operator_3.py
[2024-07-27T22:20:50.579+0000] {logging_mixin.py:188} INFO - [2024-07-27T22:20:50.579+0000] {dag.py:3089} INFO - Sync 1 DAGs
[2024-07-27T22:20:50.592+0000] {logging_mixin.py:188} INFO - [2024-07-27T22:20:50.592+0000] {dag.py:3947} INFO - Setting next_dagrun for example_branch_dop_operator_v3 to 2024-07-27 22:19:00+00:00, run_after=2024-07-27 22:20:00+00:00
[2024-07-27T22:20:50.603+0000] {processor.py:183} INFO - Processing /home/airflow/.local/lib/python3.12/site-packages/airflow/example_dags/example_branch_python_dop_operator_3.py took 0.045 seconds
[2024-07-27T22:21:20.954+0000] {processor.py:161} INFO - Started process (PID=13239) to work on /home/airflow/.local/lib/python3.12/site-packages/airflow/example_dags/example_branch_python_dop_operator_3.py
[2024-07-27T22:21:20.955+0000] {processor.py:830} INFO - Processing file /home/airflow/.local/lib/python3.12/site-packages/airflow/example_dags/example_branch_python_dop_operator_3.py for tasks to queue
[2024-07-27T22:21:20.956+0000] {logging_mixin.py:188} INFO - [2024-07-27T22:21:20.956+0000] {dagbag.py:545} INFO - Filling up the DagBag from /home/airflow/.local/lib/python3.12/site-packages/airflow/example_dags/example_branch_python_dop_operator_3.py
[2024-07-27T22:21:20.961+0000] {processor.py:840} INFO - DAG(s) 'example_branch_dop_operator_v3' retrieved from /home/airflow/.local/lib/python3.12/site-packages/airflow/example_dags/example_branch_python_dop_operator_3.py
[2024-07-27T22:21:20.972+0000] {logging_mixin.py:188} INFO - [2024-07-27T22:21:20.971+0000] {dag.py:3089} INFO - Sync 1 DAGs
[2024-07-27T22:21:20.989+0000] {logging_mixin.py:188} INFO - [2024-07-27T22:21:20.989+0000] {dag.py:3947} INFO - Setting next_dagrun for example_branch_dop_operator_v3 to 2024-07-27 22:20:00+00:00, run_after=2024-07-27 22:21:00+00:00
[2024-07-27T22:21:20.999+0000] {processor.py:183} INFO - Processing /home/airflow/.local/lib/python3.12/site-packages/airflow/example_dags/example_branch_python_dop_operator_3.py took 0.049 seconds
[2024-07-27T22:21:51.314+0000] {processor.py:161} INFO - Started process (PID=13506) to work on /home/airflow/.local/lib/python3.12/site-packages/airflow/example_dags/example_branch_python_dop_operator_3.py
[2024-07-27T22:21:51.315+0000] {processor.py:830} INFO - Processing file /home/airflow/.local/lib/python3.12/site-packages/airflow/example_dags/example_branch_python_dop_operator_3.py for tasks to queue
[2024-07-27T22:21:51.316+0000] {logging_mixin.py:188} INFO - [2024-07-27T22:21:51.316+0000] {dagbag.py:545} INFO - Filling up the DagBag from /home/airflow/.local/lib/python3.12/site-packages/airflow/example_dags/example_branch_python_dop_operator_3.py
[2024-07-27T22:21:51.323+0000] {processor.py:840} INFO - DAG(s) 'example_branch_dop_operator_v3' retrieved from /home/airflow/.local/lib/python3.12/site-packages/airflow/example_dags/example_branch_python_dop_operator_3.py
[2024-07-27T22:21:51.336+0000] {logging_mixin.py:188} INFO - [2024-07-27T22:21:51.336+0000] {dag.py:3089} INFO - Sync 1 DAGs
[2024-07-27T22:21:51.350+0000] {logging_mixin.py:188} INFO - [2024-07-27T22:21:51.350+0000] {dag.py:3947} INFO - Setting next_dagrun for example_branch_dop_operator_v3 to 2024-07-27 22:20:00+00:00, run_after=2024-07-27 22:21:00+00:00
[2024-07-27T22:21:51.360+0000] {processor.py:183} INFO - Processing /home/airflow/.local/lib/python3.12/site-packages/airflow/example_dags/example_branch_python_dop_operator_3.py took 0.049 seconds
[2024-07-27T22:22:21.589+0000] {processor.py:161} INFO - Started process (PID=13775) to work on /home/airflow/.local/lib/python3.12/site-packages/airflow/example_dags/example_branch_python_dop_operator_3.py
[2024-07-27T22:22:21.590+0000] {processor.py:830} INFO - Processing file /home/airflow/.local/lib/python3.12/site-packages/airflow/example_dags/example_branch_python_dop_operator_3.py for tasks to queue
[2024-07-27T22:22:21.591+0000] {logging_mixin.py:188} INFO - [2024-07-27T22:22:21.591+0000] {dagbag.py:545} INFO - Filling up the DagBag from /home/airflow/.local/lib/python3.12/site-packages/airflow/example_dags/example_branch_python_dop_operator_3.py
[2024-07-27T22:22:21.597+0000] {processor.py:840} INFO - DAG(s) 'example_branch_dop_operator_v3' retrieved from /home/airflow/.local/lib/python3.12/site-packages/airflow/example_dags/example_branch_python_dop_operator_3.py
[2024-07-27T22:22:21.608+0000] {logging_mixin.py:188} INFO - [2024-07-27T22:22:21.608+0000] {dag.py:3089} INFO - Sync 1 DAGs
[2024-07-27T22:22:21.621+0000] {logging_mixin.py:188} INFO - [2024-07-27T22:22:21.621+0000] {dag.py:3947} INFO - Setting next_dagrun for example_branch_dop_operator_v3 to 2024-07-27 22:21:00+00:00, run_after=2024-07-27 22:22:00+00:00
[2024-07-27T22:22:21.631+0000] {processor.py:183} INFO - Processing /home/airflow/.local/lib/python3.12/site-packages/airflow/example_dags/example_branch_python_dop_operator_3.py took 0.047 seconds
[2024-07-27T22:22:52.327+0000] {processor.py:161} INFO - Started process (PID=14040) to work on /home/airflow/.local/lib/python3.12/site-packages/airflow/example_dags/example_branch_python_dop_operator_3.py
[2024-07-27T22:22:52.328+0000] {processor.py:830} INFO - Processing file /home/airflow/.local/lib/python3.12/site-packages/airflow/example_dags/example_branch_python_dop_operator_3.py for tasks to queue
[2024-07-27T22:22:52.329+0000] {logging_mixin.py:188} INFO - [2024-07-27T22:22:52.329+0000] {dagbag.py:545} INFO - Filling up the DagBag from /home/airflow/.local/lib/python3.12/site-packages/airflow/example_dags/example_branch_python_dop_operator_3.py
[2024-07-27T22:22:52.334+0000] {processor.py:840} INFO - DAG(s) 'example_branch_dop_operator_v3' retrieved from /home/airflow/.local/lib/python3.12/site-packages/airflow/example_dags/example_branch_python_dop_operator_3.py
[2024-07-27T22:22:52.344+0000] {logging_mixin.py:188} INFO - [2024-07-27T22:22:52.344+0000] {dag.py:3089} INFO - Sync 1 DAGs
[2024-07-27T22:22:52.357+0000] {logging_mixin.py:188} INFO - [2024-07-27T22:22:52.357+0000] {dag.py:3947} INFO - Setting next_dagrun for example_branch_dop_operator_v3 to 2024-07-27 22:21:00+00:00, run_after=2024-07-27 22:22:00+00:00
[2024-07-27T22:22:52.366+0000] {processor.py:183} INFO - Processing /home/airflow/.local/lib/python3.12/site-packages/airflow/example_dags/example_branch_python_dop_operator_3.py took 0.043 seconds
[2024-07-27T22:23:22.812+0000] {processor.py:161} INFO - Started process (PID=14328) to work on /home/airflow/.local/lib/python3.12/site-packages/airflow/example_dags/example_branch_python_dop_operator_3.py
[2024-07-27T22:23:22.813+0000] {processor.py:830} INFO - Processing file /home/airflow/.local/lib/python3.12/site-packages/airflow/example_dags/example_branch_python_dop_operator_3.py for tasks to queue
[2024-07-27T22:23:22.814+0000] {logging_mixin.py:188} INFO - [2024-07-27T22:23:22.814+0000] {dagbag.py:545} INFO - Filling up the DagBag from /home/airflow/.local/lib/python3.12/site-packages/airflow/example_dags/example_branch_python_dop_operator_3.py
[2024-07-27T22:23:22.822+0000] {processor.py:840} INFO - DAG(s) 'example_branch_dop_operator_v3' retrieved from /home/airflow/.local/lib/python3.12/site-packages/airflow/example_dags/example_branch_python_dop_operator_3.py
[2024-07-27T22:23:22.836+0000] {logging_mixin.py:188} INFO - [2024-07-27T22:23:22.836+0000] {dag.py:3089} INFO - Sync 1 DAGs
[2024-07-27T22:23:22.852+0000] {logging_mixin.py:188} INFO - [2024-07-27T22:23:22.852+0000] {dag.py:3947} INFO - Setting next_dagrun for example_branch_dop_operator_v3 to 2024-07-27 22:22:00+00:00, run_after=2024-07-27 22:23:00+00:00
[2024-07-27T22:23:22.863+0000] {processor.py:183} INFO - Processing /home/airflow/.local/lib/python3.12/site-packages/airflow/example_dags/example_branch_python_dop_operator_3.py took 0.057 seconds
[2024-07-27T22:23:53.530+0000] {processor.py:161} INFO - Started process (PID=14597) to work on /home/airflow/.local/lib/python3.12/site-packages/airflow/example_dags/example_branch_python_dop_operator_3.py
[2024-07-27T22:23:53.533+0000] {processor.py:830} INFO - Processing file /home/airflow/.local/lib/python3.12/site-packages/airflow/example_dags/example_branch_python_dop_operator_3.py for tasks to queue
[2024-07-27T22:23:53.535+0000] {logging_mixin.py:188} INFO - [2024-07-27T22:23:53.535+0000] {dagbag.py:545} INFO - Filling up the DagBag from /home/airflow/.local/lib/python3.12/site-packages/airflow/example_dags/example_branch_python_dop_operator_3.py
[2024-07-27T22:23:53.545+0000] {processor.py:840} INFO - DAG(s) 'example_branch_dop_operator_v3' retrieved from /home/airflow/.local/lib/python3.12/site-packages/airflow/example_dags/example_branch_python_dop_operator_3.py
[2024-07-27T22:23:53.565+0000] {logging_mixin.py:188} INFO - [2024-07-27T22:23:53.565+0000] {dag.py:3089} INFO - Sync 1 DAGs
[2024-07-27T22:23:53.577+0000] {logging_mixin.py:188} INFO - [2024-07-27T22:23:53.576+0000] {dag.py:3947} INFO - Setting next_dagrun for example_branch_dop_operator_v3 to 2024-07-27 22:22:00+00:00, run_after=2024-07-27 22:23:00+00:00
[2024-07-27T22:23:53.585+0000] {processor.py:183} INFO - Processing /home/airflow/.local/lib/python3.12/site-packages/airflow/example_dags/example_branch_python_dop_operator_3.py took 0.061 seconds
[2024-07-27T22:24:24.328+0000] {processor.py:161} INFO - Started process (PID=14864) to work on /home/airflow/.local/lib/python3.12/site-packages/airflow/example_dags/example_branch_python_dop_operator_3.py
[2024-07-27T22:24:24.329+0000] {processor.py:830} INFO - Processing file /home/airflow/.local/lib/python3.12/site-packages/airflow/example_dags/example_branch_python_dop_operator_3.py for tasks to queue
[2024-07-27T22:24:24.330+0000] {logging_mixin.py:188} INFO - [2024-07-27T22:24:24.330+0000] {dagbag.py:545} INFO - Filling up the DagBag from /home/airflow/.local/lib/python3.12/site-packages/airflow/example_dags/example_branch_python_dop_operator_3.py
[2024-07-27T22:24:24.336+0000] {processor.py:840} INFO - DAG(s) 'example_branch_dop_operator_v3' retrieved from /home/airflow/.local/lib/python3.12/site-packages/airflow/example_dags/example_branch_python_dop_operator_3.py
[2024-07-27T22:24:24.351+0000] {logging_mixin.py:188} INFO - [2024-07-27T22:24:24.351+0000] {dag.py:3089} INFO - Sync 1 DAGs
[2024-07-27T22:24:24.362+0000] {logging_mixin.py:188} INFO - [2024-07-27T22:24:24.362+0000] {dag.py:3947} INFO - Setting next_dagrun for example_branch_dop_operator_v3 to 2024-07-27 22:23:00+00:00, run_after=2024-07-27 22:24:00+00:00
[2024-07-27T22:24:24.370+0000] {processor.py:183} INFO - Processing /home/airflow/.local/lib/python3.12/site-packages/airflow/example_dags/example_branch_python_dop_operator_3.py took 0.045 seconds
[2024-07-27T22:24:54.527+0000] {processor.py:161} INFO - Started process (PID=15131) to work on /home/airflow/.local/lib/python3.12/site-packages/airflow/example_dags/example_branch_python_dop_operator_3.py
[2024-07-27T22:24:54.528+0000] {processor.py:830} INFO - Processing file /home/airflow/.local/lib/python3.12/site-packages/airflow/example_dags/example_branch_python_dop_operator_3.py for tasks to queue
[2024-07-27T22:24:54.530+0000] {logging_mixin.py:188} INFO - [2024-07-27T22:24:54.529+0000] {dagbag.py:545} INFO - Filling up the DagBag from /home/airflow/.local/lib/python3.12/site-packages/airflow/example_dags/example_branch_python_dop_operator_3.py
[2024-07-27T22:24:54.535+0000] {processor.py:840} INFO - DAG(s) 'example_branch_dop_operator_v3' retrieved from /home/airflow/.local/lib/python3.12/site-packages/airflow/example_dags/example_branch_python_dop_operator_3.py
[2024-07-27T22:24:54.546+0000] {logging_mixin.py:188} INFO - [2024-07-27T22:24:54.546+0000] {dag.py:3089} INFO - Sync 1 DAGs
[2024-07-27T22:24:54.560+0000] {logging_mixin.py:188} INFO - [2024-07-27T22:24:54.559+0000] {dag.py:3947} INFO - Setting next_dagrun for example_branch_dop_operator_v3 to 2024-07-27 22:23:00+00:00, run_after=2024-07-27 22:24:00+00:00
[2024-07-27T22:24:54.570+0000] {processor.py:183} INFO - Processing /home/airflow/.local/lib/python3.12/site-packages/airflow/example_dags/example_branch_python_dop_operator_3.py took 0.046 seconds
[2024-07-27T22:25:24.846+0000] {processor.py:161} INFO - Started process (PID=15398) to work on /home/airflow/.local/lib/python3.12/site-packages/airflow/example_dags/example_branch_python_dop_operator_3.py
[2024-07-27T22:25:24.847+0000] {processor.py:830} INFO - Processing file /home/airflow/.local/lib/python3.12/site-packages/airflow/example_dags/example_branch_python_dop_operator_3.py for tasks to queue
[2024-07-27T22:25:24.848+0000] {logging_mixin.py:188} INFO - [2024-07-27T22:25:24.848+0000] {dagbag.py:545} INFO - Filling up the DagBag from /home/airflow/.local/lib/python3.12/site-packages/airflow/example_dags/example_branch_python_dop_operator_3.py
[2024-07-27T22:25:24.853+0000] {processor.py:840} INFO - DAG(s) 'example_branch_dop_operator_v3' retrieved from /home/airflow/.local/lib/python3.12/site-packages/airflow/example_dags/example_branch_python_dop_operator_3.py
[2024-07-27T22:25:24.864+0000] {logging_mixin.py:188} INFO - [2024-07-27T22:25:24.864+0000] {dag.py:3089} INFO - Sync 1 DAGs
[2024-07-27T22:25:24.876+0000] {logging_mixin.py:188} INFO - [2024-07-27T22:25:24.876+0000] {dag.py:3947} INFO - Setting next_dagrun for example_branch_dop_operator_v3 to 2024-07-27 22:24:00+00:00, run_after=2024-07-27 22:25:00+00:00
[2024-07-27T22:25:24.884+0000] {processor.py:183} INFO - Processing /home/airflow/.local/lib/python3.12/site-packages/airflow/example_dags/example_branch_python_dop_operator_3.py took 0.041 seconds
[2024-07-27T22:25:55.080+0000] {processor.py:161} INFO - Started process (PID=15665) to work on /home/airflow/.local/lib/python3.12/site-packages/airflow/example_dags/example_branch_python_dop_operator_3.py
[2024-07-27T22:25:55.081+0000] {processor.py:830} INFO - Processing file /home/airflow/.local/lib/python3.12/site-packages/airflow/example_dags/example_branch_python_dop_operator_3.py for tasks to queue
[2024-07-27T22:25:55.082+0000] {logging_mixin.py:188} INFO - [2024-07-27T22:25:55.082+0000] {dagbag.py:545} INFO - Filling up the DagBag from /home/airflow/.local/lib/python3.12/site-packages/airflow/example_dags/example_branch_python_dop_operator_3.py
[2024-07-27T22:25:55.087+0000] {processor.py:840} INFO - DAG(s) 'example_branch_dop_operator_v3' retrieved from /home/airflow/.local/lib/python3.12/site-packages/airflow/example_dags/example_branch_python_dop_operator_3.py
[2024-07-27T22:25:55.097+0000] {logging_mixin.py:188} INFO - [2024-07-27T22:25:55.097+0000] {dag.py:3089} INFO - Sync 1 DAGs
[2024-07-27T22:25:55.108+0000] {logging_mixin.py:188} INFO - [2024-07-27T22:25:55.107+0000] {dag.py:3947} INFO - Setting next_dagrun for example_branch_dop_operator_v3 to 2024-07-27 22:24:00+00:00, run_after=2024-07-27 22:25:00+00:00
[2024-07-27T22:25:55.115+0000] {processor.py:183} INFO - Processing /home/airflow/.local/lib/python3.12/site-packages/airflow/example_dags/example_branch_python_dop_operator_3.py took 0.038 seconds
[2024-07-27T22:26:25.704+0000] {processor.py:161} INFO - Started process (PID=15935) to work on /home/airflow/.local/lib/python3.12/site-packages/airflow/example_dags/example_branch_python_dop_operator_3.py
[2024-07-27T22:26:25.706+0000] {processor.py:830} INFO - Processing file /home/airflow/.local/lib/python3.12/site-packages/airflow/example_dags/example_branch_python_dop_operator_3.py for tasks to queue
[2024-07-27T22:26:25.708+0000] {logging_mixin.py:188} INFO - [2024-07-27T22:26:25.708+0000] {dagbag.py:545} INFO - Filling up the DagBag from /home/airflow/.local/lib/python3.12/site-packages/airflow/example_dags/example_branch_python_dop_operator_3.py
[2024-07-27T22:26:25.717+0000] {processor.py:840} INFO - DAG(s) 'example_branch_dop_operator_v3' retrieved from /home/airflow/.local/lib/python3.12/site-packages/airflow/example_dags/example_branch_python_dop_operator_3.py
[2024-07-27T22:26:25.738+0000] {logging_mixin.py:188} INFO - [2024-07-27T22:26:25.737+0000] {dag.py:3089} INFO - Sync 1 DAGs
[2024-07-27T22:26:25.756+0000] {logging_mixin.py:188} INFO - [2024-07-27T22:26:25.756+0000] {dag.py:3947} INFO - Setting next_dagrun for example_branch_dop_operator_v3 to 2024-07-27 22:25:00+00:00, run_after=2024-07-27 22:26:00+00:00
[2024-07-27T22:26:25.768+0000] {processor.py:183} INFO - Processing /home/airflow/.local/lib/python3.12/site-packages/airflow/example_dags/example_branch_python_dop_operator_3.py took 0.076 seconds
[2024-07-27T22:55:21.740+0000] {processor.py:161} INFO - Started process (PID=16190) to work on /home/airflow/.local/lib/python3.12/site-packages/airflow/example_dags/example_branch_python_dop_operator_3.py
[2024-07-27T22:55:21.740+0000] {processor.py:830} INFO - Processing file /home/airflow/.local/lib/python3.12/site-packages/airflow/example_dags/example_branch_python_dop_operator_3.py for tasks to queue
[2024-07-27T22:55:21.742+0000] {logging_mixin.py:188} INFO - [2024-07-27T22:55:21.741+0000] {dagbag.py:545} INFO - Filling up the DagBag from /home/airflow/.local/lib/python3.12/site-packages/airflow/example_dags/example_branch_python_dop_operator_3.py
[2024-07-27T22:55:21.746+0000] {processor.py:840} INFO - DAG(s) 'example_branch_dop_operator_v3' retrieved from /home/airflow/.local/lib/python3.12/site-packages/airflow/example_dags/example_branch_python_dop_operator_3.py
[2024-07-27T22:55:21.758+0000] {logging_mixin.py:188} INFO - [2024-07-27T22:55:21.758+0000] {dag.py:3089} INFO - Sync 1 DAGs
[2024-07-27T22:55:21.772+0000] {logging_mixin.py:188} INFO - [2024-07-27T22:55:21.772+0000] {dag.py:3947} INFO - Setting next_dagrun for example_branch_dop_operator_v3 to 2024-07-27 22:54:00+00:00, run_after=2024-07-27 22:55:00+00:00
[2024-07-27T22:55:21.781+0000] {processor.py:183} INFO - Processing /home/airflow/.local/lib/python3.12/site-packages/airflow/example_dags/example_branch_python_dop_operator_3.py took 0.045 seconds
[2024-07-27T22:55:52.036+0000] {processor.py:161} INFO - Started process (PID=16458) to work on /home/airflow/.local/lib/python3.12/site-packages/airflow/example_dags/example_branch_python_dop_operator_3.py
[2024-07-27T22:55:52.038+0000] {processor.py:830} INFO - Processing file /home/airflow/.local/lib/python3.12/site-packages/airflow/example_dags/example_branch_python_dop_operator_3.py for tasks to queue
[2024-07-27T22:55:52.039+0000] {logging_mixin.py:188} INFO - [2024-07-27T22:55:52.039+0000] {dagbag.py:545} INFO - Filling up the DagBag from /home/airflow/.local/lib/python3.12/site-packages/airflow/example_dags/example_branch_python_dop_operator_3.py
[2024-07-27T22:55:52.044+0000] {processor.py:840} INFO - DAG(s) 'example_branch_dop_operator_v3' retrieved from /home/airflow/.local/lib/python3.12/site-packages/airflow/example_dags/example_branch_python_dop_operator_3.py
[2024-07-27T22:55:52.054+0000] {logging_mixin.py:188} INFO - [2024-07-27T22:55:52.054+0000] {dag.py:3089} INFO - Sync 1 DAGs
[2024-07-27T22:55:52.065+0000] {logging_mixin.py:188} INFO - [2024-07-27T22:55:52.065+0000] {dag.py:3947} INFO - Setting next_dagrun for example_branch_dop_operator_v3 to 2024-07-27 22:54:00+00:00, run_after=2024-07-27 22:55:00+00:00
[2024-07-27T22:55:52.074+0000] {processor.py:183} INFO - Processing /home/airflow/.local/lib/python3.12/site-packages/airflow/example_dags/example_branch_python_dop_operator_3.py took 0.044 seconds
