[2024-07-27T20:14:08.153+0000] {processor.py:161} INFO - Started process (PID=310) to work on /home/airflow/.local/lib/python3.12/site-packages/airflow/example_dags/example_display_name.py
[2024-07-27T20:14:08.154+0000] {processor.py:830} INFO - Processing file /home/airflow/.local/lib/python3.12/site-packages/airflow/example_dags/example_display_name.py for tasks to queue
[2024-07-27T20:14:08.155+0000] {logging_mixin.py:188} INFO - [2024-07-27T20:14:08.155+0000] {dagbag.py:545} INFO - Filling up the DagBag from /home/airflow/.local/lib/python3.12/site-packages/airflow/example_dags/example_display_name.py
[2024-07-27T20:14:08.159+0000] {processor.py:840} INFO - DAG(s) 'example_display_name' retrieved from /home/airflow/.local/lib/python3.12/site-packages/airflow/example_dags/example_display_name.py
[2024-07-27T20:14:08.167+0000] {logging_mixin.py:188} INFO - [2024-07-27T20:14:08.167+0000] {dag.py:3089} INFO - Sync 1 DAGs
[2024-07-27T20:14:08.182+0000] {logging_mixin.py:188} INFO - [2024-07-27T20:14:08.182+0000] {dag.py:3947} INFO - Setting next_dagrun for example_display_name to None, run_after=None
[2024-07-27T20:14:08.205+0000] {processor.py:183} INFO - Processing /home/airflow/.local/lib/python3.12/site-packages/airflow/example_dags/example_display_name.py took 0.056 seconds
[2024-07-27T20:14:38.817+0000] {processor.py:161} INFO - Started process (PID=571) to work on /home/airflow/.local/lib/python3.12/site-packages/airflow/example_dags/example_display_name.py
[2024-07-27T20:14:38.818+0000] {processor.py:830} INFO - Processing file /home/airflow/.local/lib/python3.12/site-packages/airflow/example_dags/example_display_name.py for tasks to queue
[2024-07-27T20:14:38.819+0000] {logging_mixin.py:188} INFO - [2024-07-27T20:14:38.819+0000] {dagbag.py:545} INFO - Filling up the DagBag from /home/airflow/.local/lib/python3.12/site-packages/airflow/example_dags/example_display_name.py
[2024-07-27T20:14:38.822+0000] {processor.py:840} INFO - DAG(s) 'example_display_name' retrieved from /home/airflow/.local/lib/python3.12/site-packages/airflow/example_dags/example_display_name.py
[2024-07-27T20:14:38.874+0000] {logging_mixin.py:188} INFO - [2024-07-27T20:14:38.874+0000] {dag.py:3089} INFO - Sync 1 DAGs
[2024-07-27T20:14:38.880+0000] {logging_mixin.py:188} INFO - [2024-07-27T20:14:38.880+0000] {dag.py:3947} INFO - Setting next_dagrun for example_display_name to None, run_after=None
[2024-07-27T20:14:38.889+0000] {processor.py:183} INFO - Processing /home/airflow/.local/lib/python3.12/site-packages/airflow/example_dags/example_display_name.py took 0.074 seconds
[2024-07-27T20:15:08.943+0000] {processor.py:161} INFO - Started process (PID=835) to work on /home/airflow/.local/lib/python3.12/site-packages/airflow/example_dags/example_display_name.py
[2024-07-27T20:15:08.944+0000] {processor.py:830} INFO - Processing file /home/airflow/.local/lib/python3.12/site-packages/airflow/example_dags/example_display_name.py for tasks to queue
[2024-07-27T20:15:08.945+0000] {logging_mixin.py:188} INFO - [2024-07-27T20:15:08.945+0000] {dagbag.py:545} INFO - Filling up the DagBag from /home/airflow/.local/lib/python3.12/site-packages/airflow/example_dags/example_display_name.py
[2024-07-27T20:15:08.948+0000] {processor.py:840} INFO - DAG(s) 'example_display_name' retrieved from /home/airflow/.local/lib/python3.12/site-packages/airflow/example_dags/example_display_name.py
[2024-07-27T20:15:08.958+0000] {logging_mixin.py:188} INFO - [2024-07-27T20:15:08.958+0000] {dag.py:3089} INFO - Sync 1 DAGs
[2024-07-27T20:15:08.963+0000] {logging_mixin.py:188} INFO - [2024-07-27T20:15:08.963+0000] {dag.py:3947} INFO - Setting next_dagrun for example_display_name to None, run_after=None
[2024-07-27T20:15:08.971+0000] {processor.py:183} INFO - Processing /home/airflow/.local/lib/python3.12/site-packages/airflow/example_dags/example_display_name.py took 0.031 seconds
[2024-07-27T20:15:39.468+0000] {processor.py:161} INFO - Started process (PID=1094) to work on /home/airflow/.local/lib/python3.12/site-packages/airflow/example_dags/example_display_name.py
[2024-07-27T20:15:39.469+0000] {processor.py:830} INFO - Processing file /home/airflow/.local/lib/python3.12/site-packages/airflow/example_dags/example_display_name.py for tasks to queue
[2024-07-27T20:15:39.471+0000] {logging_mixin.py:188} INFO - [2024-07-27T20:15:39.471+0000] {dagbag.py:545} INFO - Filling up the DagBag from /home/airflow/.local/lib/python3.12/site-packages/airflow/example_dags/example_display_name.py
[2024-07-27T20:15:39.476+0000] {processor.py:840} INFO - DAG(s) 'example_display_name' retrieved from /home/airflow/.local/lib/python3.12/site-packages/airflow/example_dags/example_display_name.py
[2024-07-27T20:15:39.490+0000] {logging_mixin.py:188} INFO - [2024-07-27T20:15:39.490+0000] {dag.py:3089} INFO - Sync 1 DAGs
[2024-07-27T20:15:39.499+0000] {logging_mixin.py:188} INFO - [2024-07-27T20:15:39.498+0000] {dag.py:3947} INFO - Setting next_dagrun for example_display_name to None, run_after=None
[2024-07-27T20:15:39.511+0000] {processor.py:183} INFO - Processing /home/airflow/.local/lib/python3.12/site-packages/airflow/example_dags/example_display_name.py took 0.047 seconds
[2024-07-27T20:16:09.549+0000] {processor.py:161} INFO - Started process (PID=1356) to work on /home/airflow/.local/lib/python3.12/site-packages/airflow/example_dags/example_display_name.py
[2024-07-27T20:16:09.550+0000] {processor.py:830} INFO - Processing file /home/airflow/.local/lib/python3.12/site-packages/airflow/example_dags/example_display_name.py for tasks to queue
[2024-07-27T20:16:09.551+0000] {logging_mixin.py:188} INFO - [2024-07-27T20:16:09.551+0000] {dagbag.py:545} INFO - Filling up the DagBag from /home/airflow/.local/lib/python3.12/site-packages/airflow/example_dags/example_display_name.py
[2024-07-27T20:16:09.554+0000] {processor.py:840} INFO - DAG(s) 'example_display_name' retrieved from /home/airflow/.local/lib/python3.12/site-packages/airflow/example_dags/example_display_name.py
[2024-07-27T20:16:09.566+0000] {logging_mixin.py:188} INFO - [2024-07-27T20:16:09.566+0000] {dag.py:3089} INFO - Sync 1 DAGs
[2024-07-27T20:16:09.572+0000] {logging_mixin.py:188} INFO - [2024-07-27T20:16:09.572+0000] {dag.py:3947} INFO - Setting next_dagrun for example_display_name to None, run_after=None
[2024-07-27T20:16:09.581+0000] {processor.py:183} INFO - Processing /home/airflow/.local/lib/python3.12/site-packages/airflow/example_dags/example_display_name.py took 0.036 seconds
[2024-07-27T20:16:39.887+0000] {processor.py:161} INFO - Started process (PID=1620) to work on /home/airflow/.local/lib/python3.12/site-packages/airflow/example_dags/example_display_name.py
[2024-07-27T20:16:39.888+0000] {processor.py:830} INFO - Processing file /home/airflow/.local/lib/python3.12/site-packages/airflow/example_dags/example_display_name.py for tasks to queue
[2024-07-27T20:16:39.890+0000] {logging_mixin.py:188} INFO - [2024-07-27T20:16:39.889+0000] {dagbag.py:545} INFO - Filling up the DagBag from /home/airflow/.local/lib/python3.12/site-packages/airflow/example_dags/example_display_name.py
[2024-07-27T20:16:39.894+0000] {processor.py:840} INFO - DAG(s) 'example_display_name' retrieved from /home/airflow/.local/lib/python3.12/site-packages/airflow/example_dags/example_display_name.py
[2024-07-27T20:16:39.920+0000] {logging_mixin.py:188} INFO - [2024-07-27T20:16:39.920+0000] {dag.py:3089} INFO - Sync 1 DAGs
[2024-07-27T20:16:39.928+0000] {logging_mixin.py:188} INFO - [2024-07-27T20:16:39.927+0000] {dag.py:3947} INFO - Setting next_dagrun for example_display_name to None, run_after=None
[2024-07-27T20:16:39.935+0000] {processor.py:183} INFO - Processing /home/airflow/.local/lib/python3.12/site-packages/airflow/example_dags/example_display_name.py took 0.054 seconds
[2024-07-27T20:17:10.765+0000] {processor.py:161} INFO - Started process (PID=1880) to work on /home/airflow/.local/lib/python3.12/site-packages/airflow/example_dags/example_display_name.py
[2024-07-27T20:17:10.769+0000] {processor.py:830} INFO - Processing file /home/airflow/.local/lib/python3.12/site-packages/airflow/example_dags/example_display_name.py for tasks to queue
[2024-07-27T20:17:10.773+0000] {logging_mixin.py:188} INFO - [2024-07-27T20:17:10.773+0000] {dagbag.py:545} INFO - Filling up the DagBag from /home/airflow/.local/lib/python3.12/site-packages/airflow/example_dags/example_display_name.py
[2024-07-27T20:17:10.786+0000] {processor.py:840} INFO - DAG(s) 'example_display_name' retrieved from /home/airflow/.local/lib/python3.12/site-packages/airflow/example_dags/example_display_name.py
[2024-07-27T20:17:10.813+0000] {logging_mixin.py:188} INFO - [2024-07-27T20:17:10.813+0000] {dag.py:3089} INFO - Sync 1 DAGs
[2024-07-27T20:17:10.838+0000] {logging_mixin.py:188} INFO - [2024-07-27T20:17:10.838+0000] {dag.py:3947} INFO - Setting next_dagrun for example_display_name to None, run_after=None
[2024-07-27T20:17:10.854+0000] {processor.py:183} INFO - Processing /home/airflow/.local/lib/python3.12/site-packages/airflow/example_dags/example_display_name.py took 0.093 seconds
[2024-07-27T21:59:59.635+0000] {processor.py:161} INFO - Started process (PID=2136) to work on /home/airflow/.local/lib/python3.12/site-packages/airflow/example_dags/example_display_name.py
[2024-07-27T21:59:59.635+0000] {processor.py:830} INFO - Processing file /home/airflow/.local/lib/python3.12/site-packages/airflow/example_dags/example_display_name.py for tasks to queue
[2024-07-27T21:59:59.636+0000] {logging_mixin.py:188} INFO - [2024-07-27T21:59:59.636+0000] {dagbag.py:545} INFO - Filling up the DagBag from /home/airflow/.local/lib/python3.12/site-packages/airflow/example_dags/example_display_name.py
[2024-07-27T21:59:59.640+0000] {processor.py:840} INFO - DAG(s) 'example_display_name' retrieved from /home/airflow/.local/lib/python3.12/site-packages/airflow/example_dags/example_display_name.py
[2024-07-27T21:59:59.652+0000] {logging_mixin.py:188} INFO - [2024-07-27T21:59:59.652+0000] {dag.py:3089} INFO - Sync 1 DAGs
[2024-07-27T21:59:59.660+0000] {logging_mixin.py:188} INFO - [2024-07-27T21:59:59.660+0000] {dag.py:3947} INFO - Setting next_dagrun for example_display_name to None, run_after=None
[2024-07-27T21:59:59.670+0000] {processor.py:183} INFO - Processing /home/airflow/.local/lib/python3.12/site-packages/airflow/example_dags/example_display_name.py took 0.039 seconds
[2024-07-27T22:00:29.864+0000] {processor.py:161} INFO - Started process (PID=2399) to work on /home/airflow/.local/lib/python3.12/site-packages/airflow/example_dags/example_display_name.py
[2024-07-27T22:00:29.865+0000] {processor.py:830} INFO - Processing file /home/airflow/.local/lib/python3.12/site-packages/airflow/example_dags/example_display_name.py for tasks to queue
[2024-07-27T22:00:29.866+0000] {logging_mixin.py:188} INFO - [2024-07-27T22:00:29.866+0000] {dagbag.py:545} INFO - Filling up the DagBag from /home/airflow/.local/lib/python3.12/site-packages/airflow/example_dags/example_display_name.py
[2024-07-27T22:00:29.869+0000] {processor.py:840} INFO - DAG(s) 'example_display_name' retrieved from /home/airflow/.local/lib/python3.12/site-packages/airflow/example_dags/example_display_name.py
[2024-07-27T22:00:29.879+0000] {logging_mixin.py:188} INFO - [2024-07-27T22:00:29.879+0000] {dag.py:3089} INFO - Sync 1 DAGs
[2024-07-27T22:00:29.886+0000] {logging_mixin.py:188} INFO - [2024-07-27T22:00:29.886+0000] {dag.py:3947} INFO - Setting next_dagrun for example_display_name to None, run_after=None
[2024-07-27T22:00:29.895+0000] {processor.py:183} INFO - Processing /home/airflow/.local/lib/python3.12/site-packages/airflow/example_dags/example_display_name.py took 0.035 seconds
[2024-07-27T22:01:00.729+0000] {processor.py:161} INFO - Started process (PID=2661) to work on /home/airflow/.local/lib/python3.12/site-packages/airflow/example_dags/example_display_name.py
[2024-07-27T22:01:00.730+0000] {processor.py:830} INFO - Processing file /home/airflow/.local/lib/python3.12/site-packages/airflow/example_dags/example_display_name.py for tasks to queue
[2024-07-27T22:01:00.731+0000] {logging_mixin.py:188} INFO - [2024-07-27T22:01:00.731+0000] {dagbag.py:545} INFO - Filling up the DagBag from /home/airflow/.local/lib/python3.12/site-packages/airflow/example_dags/example_display_name.py
[2024-07-27T22:01:00.734+0000] {processor.py:840} INFO - DAG(s) 'example_display_name' retrieved from /home/airflow/.local/lib/python3.12/site-packages/airflow/example_dags/example_display_name.py
[2024-07-27T22:01:00.745+0000] {logging_mixin.py:188} INFO - [2024-07-27T22:01:00.744+0000] {dag.py:3089} INFO - Sync 1 DAGs
[2024-07-27T22:01:00.751+0000] {logging_mixin.py:188} INFO - [2024-07-27T22:01:00.750+0000] {dag.py:3947} INFO - Setting next_dagrun for example_display_name to None, run_after=None
[2024-07-27T22:01:00.758+0000] {processor.py:183} INFO - Processing /home/airflow/.local/lib/python3.12/site-packages/airflow/example_dags/example_display_name.py took 0.032 seconds
[2024-07-27T22:01:31.057+0000] {processor.py:161} INFO - Started process (PID=2921) to work on /home/airflow/.local/lib/python3.12/site-packages/airflow/example_dags/example_display_name.py
[2024-07-27T22:01:31.058+0000] {processor.py:830} INFO - Processing file /home/airflow/.local/lib/python3.12/site-packages/airflow/example_dags/example_display_name.py for tasks to queue
[2024-07-27T22:01:31.059+0000] {logging_mixin.py:188} INFO - [2024-07-27T22:01:31.059+0000] {dagbag.py:545} INFO - Filling up the DagBag from /home/airflow/.local/lib/python3.12/site-packages/airflow/example_dags/example_display_name.py
[2024-07-27T22:01:31.062+0000] {processor.py:840} INFO - DAG(s) 'example_display_name' retrieved from /home/airflow/.local/lib/python3.12/site-packages/airflow/example_dags/example_display_name.py
[2024-07-27T22:01:31.074+0000] {logging_mixin.py:188} INFO - [2024-07-27T22:01:31.073+0000] {dag.py:3089} INFO - Sync 1 DAGs
[2024-07-27T22:01:31.084+0000] {logging_mixin.py:188} INFO - [2024-07-27T22:01:31.084+0000] {dag.py:3947} INFO - Setting next_dagrun for example_display_name to None, run_after=None
[2024-07-27T22:01:31.109+0000] {processor.py:183} INFO - Processing /home/airflow/.local/lib/python3.12/site-packages/airflow/example_dags/example_display_name.py took 0.055 seconds
[2024-07-27T22:02:01.603+0000] {processor.py:161} INFO - Started process (PID=3187) to work on /home/airflow/.local/lib/python3.12/site-packages/airflow/example_dags/example_display_name.py
[2024-07-27T22:02:01.604+0000] {processor.py:830} INFO - Processing file /home/airflow/.local/lib/python3.12/site-packages/airflow/example_dags/example_display_name.py for tasks to queue
[2024-07-27T22:02:01.605+0000] {logging_mixin.py:188} INFO - [2024-07-27T22:02:01.605+0000] {dagbag.py:545} INFO - Filling up the DagBag from /home/airflow/.local/lib/python3.12/site-packages/airflow/example_dags/example_display_name.py
[2024-07-27T22:02:01.608+0000] {processor.py:840} INFO - DAG(s) 'example_display_name' retrieved from /home/airflow/.local/lib/python3.12/site-packages/airflow/example_dags/example_display_name.py
[2024-07-27T22:02:01.619+0000] {logging_mixin.py:188} INFO - [2024-07-27T22:02:01.619+0000] {dag.py:3089} INFO - Sync 1 DAGs
[2024-07-27T22:02:01.626+0000] {logging_mixin.py:188} INFO - [2024-07-27T22:02:01.626+0000] {dag.py:3947} INFO - Setting next_dagrun for example_display_name to None, run_after=None
[2024-07-27T22:02:01.635+0000] {processor.py:183} INFO - Processing /home/airflow/.local/lib/python3.12/site-packages/airflow/example_dags/example_display_name.py took 0.036 seconds
[2024-07-27T22:02:32.095+0000] {processor.py:161} INFO - Started process (PID=3448) to work on /home/airflow/.local/lib/python3.12/site-packages/airflow/example_dags/example_display_name.py
[2024-07-27T22:02:32.096+0000] {processor.py:830} INFO - Processing file /home/airflow/.local/lib/python3.12/site-packages/airflow/example_dags/example_display_name.py for tasks to queue
[2024-07-27T22:02:32.097+0000] {logging_mixin.py:188} INFO - [2024-07-27T22:02:32.097+0000] {dagbag.py:545} INFO - Filling up the DagBag from /home/airflow/.local/lib/python3.12/site-packages/airflow/example_dags/example_display_name.py
[2024-07-27T22:02:32.101+0000] {processor.py:840} INFO - DAG(s) 'example_display_name' retrieved from /home/airflow/.local/lib/python3.12/site-packages/airflow/example_dags/example_display_name.py
[2024-07-27T22:02:32.122+0000] {logging_mixin.py:188} INFO - [2024-07-27T22:02:32.122+0000] {dag.py:3089} INFO - Sync 1 DAGs
[2024-07-27T22:02:32.130+0000] {logging_mixin.py:188} INFO - [2024-07-27T22:02:32.130+0000] {dag.py:3947} INFO - Setting next_dagrun for example_display_name to None, run_after=None
[2024-07-27T22:02:32.141+0000] {processor.py:183} INFO - Processing /home/airflow/.local/lib/python3.12/site-packages/airflow/example_dags/example_display_name.py took 0.049 seconds
[2024-07-27T22:03:02.646+0000] {processor.py:161} INFO - Started process (PID=3711) to work on /home/airflow/.local/lib/python3.12/site-packages/airflow/example_dags/example_display_name.py
[2024-07-27T22:03:02.647+0000] {processor.py:830} INFO - Processing file /home/airflow/.local/lib/python3.12/site-packages/airflow/example_dags/example_display_name.py for tasks to queue
[2024-07-27T22:03:02.648+0000] {logging_mixin.py:188} INFO - [2024-07-27T22:03:02.648+0000] {dagbag.py:545} INFO - Filling up the DagBag from /home/airflow/.local/lib/python3.12/site-packages/airflow/example_dags/example_display_name.py
[2024-07-27T22:03:02.651+0000] {processor.py:840} INFO - DAG(s) 'example_display_name' retrieved from /home/airflow/.local/lib/python3.12/site-packages/airflow/example_dags/example_display_name.py
[2024-07-27T22:03:02.663+0000] {logging_mixin.py:188} INFO - [2024-07-27T22:03:02.663+0000] {dag.py:3089} INFO - Sync 1 DAGs
[2024-07-27T22:03:02.674+0000] {logging_mixin.py:188} INFO - [2024-07-27T22:03:02.673+0000] {dag.py:3947} INFO - Setting next_dagrun for example_display_name to None, run_after=None
[2024-07-27T22:03:02.685+0000] {processor.py:183} INFO - Processing /home/airflow/.local/lib/python3.12/site-packages/airflow/example_dags/example_display_name.py took 0.043 seconds
[2024-07-27T22:03:33.600+0000] {processor.py:161} INFO - Started process (PID=3973) to work on /home/airflow/.local/lib/python3.12/site-packages/airflow/example_dags/example_display_name.py
[2024-07-27T22:03:33.601+0000] {processor.py:830} INFO - Processing file /home/airflow/.local/lib/python3.12/site-packages/airflow/example_dags/example_display_name.py for tasks to queue
[2024-07-27T22:03:33.602+0000] {logging_mixin.py:188} INFO - [2024-07-27T22:03:33.602+0000] {dagbag.py:545} INFO - Filling up the DagBag from /home/airflow/.local/lib/python3.12/site-packages/airflow/example_dags/example_display_name.py
[2024-07-27T22:03:33.605+0000] {processor.py:840} INFO - DAG(s) 'example_display_name' retrieved from /home/airflow/.local/lib/python3.12/site-packages/airflow/example_dags/example_display_name.py
[2024-07-27T22:03:33.621+0000] {logging_mixin.py:188} INFO - [2024-07-27T22:03:33.621+0000] {dag.py:3089} INFO - Sync 1 DAGs
[2024-07-27T22:03:33.628+0000] {logging_mixin.py:188} INFO - [2024-07-27T22:03:33.628+0000] {dag.py:3947} INFO - Setting next_dagrun for example_display_name to None, run_after=None
[2024-07-27T22:03:33.640+0000] {processor.py:183} INFO - Processing /home/airflow/.local/lib/python3.12/site-packages/airflow/example_dags/example_display_name.py took 0.043 seconds
[2024-07-27T22:04:03.760+0000] {processor.py:161} INFO - Started process (PID=4235) to work on /home/airflow/.local/lib/python3.12/site-packages/airflow/example_dags/example_display_name.py
[2024-07-27T22:04:03.761+0000] {processor.py:830} INFO - Processing file /home/airflow/.local/lib/python3.12/site-packages/airflow/example_dags/example_display_name.py for tasks to queue
[2024-07-27T22:04:03.762+0000] {logging_mixin.py:188} INFO - [2024-07-27T22:04:03.762+0000] {dagbag.py:545} INFO - Filling up the DagBag from /home/airflow/.local/lib/python3.12/site-packages/airflow/example_dags/example_display_name.py
[2024-07-27T22:04:03.766+0000] {processor.py:840} INFO - DAG(s) 'example_display_name' retrieved from /home/airflow/.local/lib/python3.12/site-packages/airflow/example_dags/example_display_name.py
[2024-07-27T22:04:03.785+0000] {logging_mixin.py:188} INFO - [2024-07-27T22:04:03.783+0000] {dag.py:3089} INFO - Sync 1 DAGs
[2024-07-27T22:04:03.794+0000] {logging_mixin.py:188} INFO - [2024-07-27T22:04:03.794+0000] {dag.py:3947} INFO - Setting next_dagrun for example_display_name to None, run_after=None
[2024-07-27T22:04:03.806+0000] {processor.py:183} INFO - Processing /home/airflow/.local/lib/python3.12/site-packages/airflow/example_dags/example_display_name.py took 0.052 seconds
[2024-07-27T22:04:34.002+0000] {processor.py:161} INFO - Started process (PID=4497) to work on /home/airflow/.local/lib/python3.12/site-packages/airflow/example_dags/example_display_name.py
[2024-07-27T22:04:34.003+0000] {processor.py:830} INFO - Processing file /home/airflow/.local/lib/python3.12/site-packages/airflow/example_dags/example_display_name.py for tasks to queue
[2024-07-27T22:04:34.004+0000] {logging_mixin.py:188} INFO - [2024-07-27T22:04:34.003+0000] {dagbag.py:545} INFO - Filling up the DagBag from /home/airflow/.local/lib/python3.12/site-packages/airflow/example_dags/example_display_name.py
[2024-07-27T22:04:34.007+0000] {processor.py:840} INFO - DAG(s) 'example_display_name' retrieved from /home/airflow/.local/lib/python3.12/site-packages/airflow/example_dags/example_display_name.py
[2024-07-27T22:04:34.018+0000] {logging_mixin.py:188} INFO - [2024-07-27T22:04:34.018+0000] {dag.py:3089} INFO - Sync 1 DAGs
[2024-07-27T22:04:34.026+0000] {logging_mixin.py:188} INFO - [2024-07-27T22:04:34.025+0000] {dag.py:3947} INFO - Setting next_dagrun for example_display_name to None, run_after=None
[2024-07-27T22:04:34.035+0000] {processor.py:183} INFO - Processing /home/airflow/.local/lib/python3.12/site-packages/airflow/example_dags/example_display_name.py took 0.036 seconds
[2024-07-27T22:05:04.568+0000] {processor.py:161} INFO - Started process (PID=4758) to work on /home/airflow/.local/lib/python3.12/site-packages/airflow/example_dags/example_display_name.py
[2024-07-27T22:05:04.569+0000] {processor.py:830} INFO - Processing file /home/airflow/.local/lib/python3.12/site-packages/airflow/example_dags/example_display_name.py for tasks to queue
[2024-07-27T22:05:04.570+0000] {logging_mixin.py:188} INFO - [2024-07-27T22:05:04.570+0000] {dagbag.py:545} INFO - Filling up the DagBag from /home/airflow/.local/lib/python3.12/site-packages/airflow/example_dags/example_display_name.py
[2024-07-27T22:05:04.573+0000] {processor.py:840} INFO - DAG(s) 'example_display_name' retrieved from /home/airflow/.local/lib/python3.12/site-packages/airflow/example_dags/example_display_name.py
[2024-07-27T22:05:04.587+0000] {logging_mixin.py:188} INFO - [2024-07-27T22:05:04.587+0000] {dag.py:3089} INFO - Sync 1 DAGs
[2024-07-27T22:05:04.594+0000] {logging_mixin.py:188} INFO - [2024-07-27T22:05:04.594+0000] {dag.py:3947} INFO - Setting next_dagrun for example_display_name to None, run_after=None
[2024-07-27T22:05:04.602+0000] {processor.py:183} INFO - Processing /home/airflow/.local/lib/python3.12/site-packages/airflow/example_dags/example_display_name.py took 0.038 seconds
[2024-07-27T22:05:35.621+0000] {processor.py:161} INFO - Started process (PID=5022) to work on /home/airflow/.local/lib/python3.12/site-packages/airflow/example_dags/example_display_name.py
[2024-07-27T22:05:35.622+0000] {processor.py:830} INFO - Processing file /home/airflow/.local/lib/python3.12/site-packages/airflow/example_dags/example_display_name.py for tasks to queue
[2024-07-27T22:05:35.624+0000] {logging_mixin.py:188} INFO - [2024-07-27T22:05:35.623+0000] {dagbag.py:545} INFO - Filling up the DagBag from /home/airflow/.local/lib/python3.12/site-packages/airflow/example_dags/example_display_name.py
[2024-07-27T22:05:35.627+0000] {processor.py:840} INFO - DAG(s) 'example_display_name' retrieved from /home/airflow/.local/lib/python3.12/site-packages/airflow/example_dags/example_display_name.py
[2024-07-27T22:05:35.637+0000] {logging_mixin.py:188} INFO - [2024-07-27T22:05:35.637+0000] {dag.py:3089} INFO - Sync 1 DAGs
[2024-07-27T22:05:35.644+0000] {logging_mixin.py:188} INFO - [2024-07-27T22:05:35.643+0000] {dag.py:3947} INFO - Setting next_dagrun for example_display_name to None, run_after=None
[2024-07-27T22:05:35.652+0000] {processor.py:183} INFO - Processing /home/airflow/.local/lib/python3.12/site-packages/airflow/example_dags/example_display_name.py took 0.034 seconds
[2024-07-27T22:06:05.771+0000] {processor.py:161} INFO - Started process (PID=5283) to work on /home/airflow/.local/lib/python3.12/site-packages/airflow/example_dags/example_display_name.py
[2024-07-27T22:06:05.771+0000] {processor.py:830} INFO - Processing file /home/airflow/.local/lib/python3.12/site-packages/airflow/example_dags/example_display_name.py for tasks to queue
[2024-07-27T22:06:05.772+0000] {logging_mixin.py:188} INFO - [2024-07-27T22:06:05.772+0000] {dagbag.py:545} INFO - Filling up the DagBag from /home/airflow/.local/lib/python3.12/site-packages/airflow/example_dags/example_display_name.py
[2024-07-27T22:06:05.776+0000] {processor.py:840} INFO - DAG(s) 'example_display_name' retrieved from /home/airflow/.local/lib/python3.12/site-packages/airflow/example_dags/example_display_name.py
[2024-07-27T22:06:05.786+0000] {logging_mixin.py:188} INFO - [2024-07-27T22:06:05.785+0000] {dag.py:3089} INFO - Sync 1 DAGs
[2024-07-27T22:06:05.791+0000] {logging_mixin.py:188} INFO - [2024-07-27T22:06:05.791+0000] {dag.py:3947} INFO - Setting next_dagrun for example_display_name to None, run_after=None
[2024-07-27T22:06:05.799+0000] {processor.py:183} INFO - Processing /home/airflow/.local/lib/python3.12/site-packages/airflow/example_dags/example_display_name.py took 0.032 seconds
[2024-07-27T22:06:36.165+0000] {processor.py:161} INFO - Started process (PID=5543) to work on /home/airflow/.local/lib/python3.12/site-packages/airflow/example_dags/example_display_name.py
[2024-07-27T22:06:36.166+0000] {processor.py:830} INFO - Processing file /home/airflow/.local/lib/python3.12/site-packages/airflow/example_dags/example_display_name.py for tasks to queue
[2024-07-27T22:06:36.167+0000] {logging_mixin.py:188} INFO - [2024-07-27T22:06:36.167+0000] {dagbag.py:545} INFO - Filling up the DagBag from /home/airflow/.local/lib/python3.12/site-packages/airflow/example_dags/example_display_name.py
[2024-07-27T22:06:36.171+0000] {processor.py:840} INFO - DAG(s) 'example_display_name' retrieved from /home/airflow/.local/lib/python3.12/site-packages/airflow/example_dags/example_display_name.py
[2024-07-27T22:06:36.181+0000] {logging_mixin.py:188} INFO - [2024-07-27T22:06:36.181+0000] {dag.py:3089} INFO - Sync 1 DAGs
[2024-07-27T22:06:36.187+0000] {logging_mixin.py:188} INFO - [2024-07-27T22:06:36.187+0000] {dag.py:3947} INFO - Setting next_dagrun for example_display_name to None, run_after=None
[2024-07-27T22:06:36.196+0000] {processor.py:183} INFO - Processing /home/airflow/.local/lib/python3.12/site-packages/airflow/example_dags/example_display_name.py took 0.034 seconds
[2024-07-27T22:07:06.601+0000] {processor.py:161} INFO - Started process (PID=5807) to work on /home/airflow/.local/lib/python3.12/site-packages/airflow/example_dags/example_display_name.py
[2024-07-27T22:07:06.602+0000] {processor.py:830} INFO - Processing file /home/airflow/.local/lib/python3.12/site-packages/airflow/example_dags/example_display_name.py for tasks to queue
[2024-07-27T22:07:06.603+0000] {logging_mixin.py:188} INFO - [2024-07-27T22:07:06.603+0000] {dagbag.py:545} INFO - Filling up the DagBag from /home/airflow/.local/lib/python3.12/site-packages/airflow/example_dags/example_display_name.py
[2024-07-27T22:07:06.606+0000] {processor.py:840} INFO - DAG(s) 'example_display_name' retrieved from /home/airflow/.local/lib/python3.12/site-packages/airflow/example_dags/example_display_name.py
[2024-07-27T22:07:06.617+0000] {logging_mixin.py:188} INFO - [2024-07-27T22:07:06.616+0000] {dag.py:3089} INFO - Sync 1 DAGs
[2024-07-27T22:07:06.623+0000] {logging_mixin.py:188} INFO - [2024-07-27T22:07:06.623+0000] {dag.py:3947} INFO - Setting next_dagrun for example_display_name to None, run_after=None
[2024-07-27T22:07:06.632+0000] {processor.py:183} INFO - Processing /home/airflow/.local/lib/python3.12/site-packages/airflow/example_dags/example_display_name.py took 0.034 seconds
[2024-07-27T22:07:36.740+0000] {processor.py:161} INFO - Started process (PID=6067) to work on /home/airflow/.local/lib/python3.12/site-packages/airflow/example_dags/example_display_name.py
[2024-07-27T22:07:36.741+0000] {processor.py:830} INFO - Processing file /home/airflow/.local/lib/python3.12/site-packages/airflow/example_dags/example_display_name.py for tasks to queue
[2024-07-27T22:07:36.742+0000] {logging_mixin.py:188} INFO - [2024-07-27T22:07:36.742+0000] {dagbag.py:545} INFO - Filling up the DagBag from /home/airflow/.local/lib/python3.12/site-packages/airflow/example_dags/example_display_name.py
[2024-07-27T22:07:36.745+0000] {processor.py:840} INFO - DAG(s) 'example_display_name' retrieved from /home/airflow/.local/lib/python3.12/site-packages/airflow/example_dags/example_display_name.py
[2024-07-27T22:07:36.756+0000] {logging_mixin.py:188} INFO - [2024-07-27T22:07:36.756+0000] {dag.py:3089} INFO - Sync 1 DAGs
[2024-07-27T22:07:36.763+0000] {logging_mixin.py:188} INFO - [2024-07-27T22:07:36.762+0000] {dag.py:3947} INFO - Setting next_dagrun for example_display_name to None, run_after=None
[2024-07-27T22:07:36.771+0000] {processor.py:183} INFO - Processing /home/airflow/.local/lib/python3.12/site-packages/airflow/example_dags/example_display_name.py took 0.034 seconds
[2024-07-27T22:08:07.841+0000] {processor.py:161} INFO - Started process (PID=6329) to work on /home/airflow/.local/lib/python3.12/site-packages/airflow/example_dags/example_display_name.py
[2024-07-27T22:08:07.843+0000] {processor.py:830} INFO - Processing file /home/airflow/.local/lib/python3.12/site-packages/airflow/example_dags/example_display_name.py for tasks to queue
[2024-07-27T22:08:07.844+0000] {logging_mixin.py:188} INFO - [2024-07-27T22:08:07.844+0000] {dagbag.py:545} INFO - Filling up the DagBag from /home/airflow/.local/lib/python3.12/site-packages/airflow/example_dags/example_display_name.py
[2024-07-27T22:08:07.847+0000] {processor.py:840} INFO - DAG(s) 'example_display_name' retrieved from /home/airflow/.local/lib/python3.12/site-packages/airflow/example_dags/example_display_name.py
[2024-07-27T22:08:07.858+0000] {logging_mixin.py:188} INFO - [2024-07-27T22:08:07.858+0000] {dag.py:3089} INFO - Sync 1 DAGs
[2024-07-27T22:08:07.865+0000] {logging_mixin.py:188} INFO - [2024-07-27T22:08:07.865+0000] {dag.py:3947} INFO - Setting next_dagrun for example_display_name to None, run_after=None
[2024-07-27T22:08:07.874+0000] {processor.py:183} INFO - Processing /home/airflow/.local/lib/python3.12/site-packages/airflow/example_dags/example_display_name.py took 0.036 seconds
[2024-07-27T22:08:38.104+0000] {processor.py:161} INFO - Started process (PID=6591) to work on /home/airflow/.local/lib/python3.12/site-packages/airflow/example_dags/example_display_name.py
[2024-07-27T22:08:38.105+0000] {processor.py:830} INFO - Processing file /home/airflow/.local/lib/python3.12/site-packages/airflow/example_dags/example_display_name.py for tasks to queue
[2024-07-27T22:08:38.106+0000] {logging_mixin.py:188} INFO - [2024-07-27T22:08:38.106+0000] {dagbag.py:545} INFO - Filling up the DagBag from /home/airflow/.local/lib/python3.12/site-packages/airflow/example_dags/example_display_name.py
[2024-07-27T22:08:38.109+0000] {processor.py:840} INFO - DAG(s) 'example_display_name' retrieved from /home/airflow/.local/lib/python3.12/site-packages/airflow/example_dags/example_display_name.py
[2024-07-27T22:08:38.121+0000] {logging_mixin.py:188} INFO - [2024-07-27T22:08:38.120+0000] {dag.py:3089} INFO - Sync 1 DAGs
[2024-07-27T22:08:38.127+0000] {logging_mixin.py:188} INFO - [2024-07-27T22:08:38.127+0000] {dag.py:3947} INFO - Setting next_dagrun for example_display_name to None, run_after=None
[2024-07-27T22:08:38.136+0000] {processor.py:183} INFO - Processing /home/airflow/.local/lib/python3.12/site-packages/airflow/example_dags/example_display_name.py took 0.035 seconds
[2024-07-27T22:09:09.038+0000] {processor.py:161} INFO - Started process (PID=6853) to work on /home/airflow/.local/lib/python3.12/site-packages/airflow/example_dags/example_display_name.py
[2024-07-27T22:09:09.039+0000] {processor.py:830} INFO - Processing file /home/airflow/.local/lib/python3.12/site-packages/airflow/example_dags/example_display_name.py for tasks to queue
[2024-07-27T22:09:09.040+0000] {logging_mixin.py:188} INFO - [2024-07-27T22:09:09.039+0000] {dagbag.py:545} INFO - Filling up the DagBag from /home/airflow/.local/lib/python3.12/site-packages/airflow/example_dags/example_display_name.py
[2024-07-27T22:09:09.043+0000] {processor.py:840} INFO - DAG(s) 'example_display_name' retrieved from /home/airflow/.local/lib/python3.12/site-packages/airflow/example_dags/example_display_name.py
[2024-07-27T22:09:09.053+0000] {logging_mixin.py:188} INFO - [2024-07-27T22:09:09.053+0000] {dag.py:3089} INFO - Sync 1 DAGs
[2024-07-27T22:09:09.060+0000] {logging_mixin.py:188} INFO - [2024-07-27T22:09:09.060+0000] {dag.py:3947} INFO - Setting next_dagrun for example_display_name to None, run_after=None
[2024-07-27T22:09:09.070+0000] {processor.py:183} INFO - Processing /home/airflow/.local/lib/python3.12/site-packages/airflow/example_dags/example_display_name.py took 0.036 seconds
[2024-07-27T22:09:39.319+0000] {processor.py:161} INFO - Started process (PID=7115) to work on /home/airflow/.local/lib/python3.12/site-packages/airflow/example_dags/example_display_name.py
[2024-07-27T22:09:39.320+0000] {processor.py:830} INFO - Processing file /home/airflow/.local/lib/python3.12/site-packages/airflow/example_dags/example_display_name.py for tasks to queue
[2024-07-27T22:09:39.321+0000] {logging_mixin.py:188} INFO - [2024-07-27T22:09:39.321+0000] {dagbag.py:545} INFO - Filling up the DagBag from /home/airflow/.local/lib/python3.12/site-packages/airflow/example_dags/example_display_name.py
[2024-07-27T22:09:39.324+0000] {processor.py:840} INFO - DAG(s) 'example_display_name' retrieved from /home/airflow/.local/lib/python3.12/site-packages/airflow/example_dags/example_display_name.py
[2024-07-27T22:09:39.335+0000] {logging_mixin.py:188} INFO - [2024-07-27T22:09:39.335+0000] {dag.py:3089} INFO - Sync 1 DAGs
[2024-07-27T22:09:39.341+0000] {logging_mixin.py:188} INFO - [2024-07-27T22:09:39.341+0000] {dag.py:3947} INFO - Setting next_dagrun for example_display_name to None, run_after=None
[2024-07-27T22:09:39.350+0000] {processor.py:183} INFO - Processing /home/airflow/.local/lib/python3.12/site-packages/airflow/example_dags/example_display_name.py took 0.035 seconds
[2024-07-27T22:10:09.653+0000] {processor.py:161} INFO - Started process (PID=7377) to work on /home/airflow/.local/lib/python3.12/site-packages/airflow/example_dags/example_display_name.py
[2024-07-27T22:10:09.654+0000] {processor.py:830} INFO - Processing file /home/airflow/.local/lib/python3.12/site-packages/airflow/example_dags/example_display_name.py for tasks to queue
[2024-07-27T22:10:09.655+0000] {logging_mixin.py:188} INFO - [2024-07-27T22:10:09.655+0000] {dagbag.py:545} INFO - Filling up the DagBag from /home/airflow/.local/lib/python3.12/site-packages/airflow/example_dags/example_display_name.py
[2024-07-27T22:10:09.658+0000] {processor.py:840} INFO - DAG(s) 'example_display_name' retrieved from /home/airflow/.local/lib/python3.12/site-packages/airflow/example_dags/example_display_name.py
[2024-07-27T22:10:09.668+0000] {logging_mixin.py:188} INFO - [2024-07-27T22:10:09.668+0000] {dag.py:3089} INFO - Sync 1 DAGs
[2024-07-27T22:10:09.675+0000] {logging_mixin.py:188} INFO - [2024-07-27T22:10:09.675+0000] {dag.py:3947} INFO - Setting next_dagrun for example_display_name to None, run_after=None
[2024-07-27T22:10:09.683+0000] {processor.py:183} INFO - Processing /home/airflow/.local/lib/python3.12/site-packages/airflow/example_dags/example_display_name.py took 0.034 seconds
[2024-07-27T22:10:39.979+0000] {processor.py:161} INFO - Started process (PID=7639) to work on /home/airflow/.local/lib/python3.12/site-packages/airflow/example_dags/example_display_name.py
[2024-07-27T22:10:39.979+0000] {processor.py:830} INFO - Processing file /home/airflow/.local/lib/python3.12/site-packages/airflow/example_dags/example_display_name.py for tasks to queue
[2024-07-27T22:10:39.980+0000] {logging_mixin.py:188} INFO - [2024-07-27T22:10:39.980+0000] {dagbag.py:545} INFO - Filling up the DagBag from /home/airflow/.local/lib/python3.12/site-packages/airflow/example_dags/example_display_name.py
[2024-07-27T22:10:39.983+0000] {processor.py:840} INFO - DAG(s) 'example_display_name' retrieved from /home/airflow/.local/lib/python3.12/site-packages/airflow/example_dags/example_display_name.py
[2024-07-27T22:10:39.993+0000] {logging_mixin.py:188} INFO - [2024-07-27T22:10:39.993+0000] {dag.py:3089} INFO - Sync 1 DAGs
[2024-07-27T22:10:40.000+0000] {logging_mixin.py:188} INFO - [2024-07-27T22:10:39.999+0000] {dag.py:3947} INFO - Setting next_dagrun for example_display_name to None, run_after=None
[2024-07-27T22:10:40.008+0000] {processor.py:183} INFO - Processing /home/airflow/.local/lib/python3.12/site-packages/airflow/example_dags/example_display_name.py took 0.032 seconds
[2024-07-27T22:11:11.131+0000] {processor.py:161} INFO - Started process (PID=7907) to work on /home/airflow/.local/lib/python3.12/site-packages/airflow/example_dags/example_display_name.py
[2024-07-27T22:11:11.132+0000] {processor.py:830} INFO - Processing file /home/airflow/.local/lib/python3.12/site-packages/airflow/example_dags/example_display_name.py for tasks to queue
[2024-07-27T22:11:11.134+0000] {logging_mixin.py:188} INFO - [2024-07-27T22:11:11.133+0000] {dagbag.py:545} INFO - Filling up the DagBag from /home/airflow/.local/lib/python3.12/site-packages/airflow/example_dags/example_display_name.py
[2024-07-27T22:11:11.140+0000] {processor.py:840} INFO - DAG(s) 'example_display_name' retrieved from /home/airflow/.local/lib/python3.12/site-packages/airflow/example_dags/example_display_name.py
[2024-07-27T22:11:11.170+0000] {logging_mixin.py:188} INFO - [2024-07-27T22:11:11.170+0000] {dag.py:3089} INFO - Sync 1 DAGs
[2024-07-27T22:11:11.180+0000] {logging_mixin.py:188} INFO - [2024-07-27T22:11:11.180+0000] {dag.py:3947} INFO - Setting next_dagrun for example_display_name to None, run_after=None
[2024-07-27T22:11:11.192+0000] {processor.py:183} INFO - Processing /home/airflow/.local/lib/python3.12/site-packages/airflow/example_dags/example_display_name.py took 0.067 seconds
[2024-07-27T22:11:41.249+0000] {processor.py:161} INFO - Started process (PID=8170) to work on /home/airflow/.local/lib/python3.12/site-packages/airflow/example_dags/example_display_name.py
[2024-07-27T22:11:41.250+0000] {processor.py:830} INFO - Processing file /home/airflow/.local/lib/python3.12/site-packages/airflow/example_dags/example_display_name.py for tasks to queue
[2024-07-27T22:11:41.252+0000] {logging_mixin.py:188} INFO - [2024-07-27T22:11:41.251+0000] {dagbag.py:545} INFO - Filling up the DagBag from /home/airflow/.local/lib/python3.12/site-packages/airflow/example_dags/example_display_name.py
[2024-07-27T22:11:41.256+0000] {processor.py:840} INFO - DAG(s) 'example_display_name' retrieved from /home/airflow/.local/lib/python3.12/site-packages/airflow/example_dags/example_display_name.py
[2024-07-27T22:11:41.267+0000] {logging_mixin.py:188} INFO - [2024-07-27T22:11:41.267+0000] {dag.py:3089} INFO - Sync 1 DAGs
[2024-07-27T22:11:41.274+0000] {logging_mixin.py:188} INFO - [2024-07-27T22:11:41.274+0000] {dag.py:3947} INFO - Setting next_dagrun for example_display_name to None, run_after=None
[2024-07-27T22:11:41.283+0000] {processor.py:183} INFO - Processing /home/airflow/.local/lib/python3.12/site-packages/airflow/example_dags/example_display_name.py took 0.038 seconds
[2024-07-27T22:12:11.569+0000] {processor.py:161} INFO - Started process (PID=8429) to work on /home/airflow/.local/lib/python3.12/site-packages/airflow/example_dags/example_display_name.py
[2024-07-27T22:12:11.570+0000] {processor.py:830} INFO - Processing file /home/airflow/.local/lib/python3.12/site-packages/airflow/example_dags/example_display_name.py for tasks to queue
[2024-07-27T22:12:11.571+0000] {logging_mixin.py:188} INFO - [2024-07-27T22:12:11.571+0000] {dagbag.py:545} INFO - Filling up the DagBag from /home/airflow/.local/lib/python3.12/site-packages/airflow/example_dags/example_display_name.py
[2024-07-27T22:12:11.574+0000] {processor.py:840} INFO - DAG(s) 'example_display_name' retrieved from /home/airflow/.local/lib/python3.12/site-packages/airflow/example_dags/example_display_name.py
[2024-07-27T22:12:11.585+0000] {logging_mixin.py:188} INFO - [2024-07-27T22:12:11.585+0000] {dag.py:3089} INFO - Sync 1 DAGs
[2024-07-27T22:12:11.591+0000] {logging_mixin.py:188} INFO - [2024-07-27T22:12:11.591+0000] {dag.py:3947} INFO - Setting next_dagrun for example_display_name to None, run_after=None
[2024-07-27T22:12:11.601+0000] {processor.py:183} INFO - Processing /home/airflow/.local/lib/python3.12/site-packages/airflow/example_dags/example_display_name.py took 0.035 seconds
[2024-07-27T22:12:42.052+0000] {processor.py:161} INFO - Started process (PID=8689) to work on /home/airflow/.local/lib/python3.12/site-packages/airflow/example_dags/example_display_name.py
[2024-07-27T22:12:42.052+0000] {processor.py:830} INFO - Processing file /home/airflow/.local/lib/python3.12/site-packages/airflow/example_dags/example_display_name.py for tasks to queue
[2024-07-27T22:12:42.053+0000] {logging_mixin.py:188} INFO - [2024-07-27T22:12:42.053+0000] {dagbag.py:545} INFO - Filling up the DagBag from /home/airflow/.local/lib/python3.12/site-packages/airflow/example_dags/example_display_name.py
[2024-07-27T22:12:42.056+0000] {processor.py:840} INFO - DAG(s) 'example_display_name' retrieved from /home/airflow/.local/lib/python3.12/site-packages/airflow/example_dags/example_display_name.py
[2024-07-27T22:12:42.068+0000] {logging_mixin.py:188} INFO - [2024-07-27T22:12:42.068+0000] {dag.py:3089} INFO - Sync 1 DAGs
[2024-07-27T22:12:42.075+0000] {logging_mixin.py:188} INFO - [2024-07-27T22:12:42.074+0000] {dag.py:3947} INFO - Setting next_dagrun for example_display_name to None, run_after=None
[2024-07-27T22:12:42.087+0000] {processor.py:183} INFO - Processing /home/airflow/.local/lib/python3.12/site-packages/airflow/example_dags/example_display_name.py took 0.039 seconds
[2024-07-27T22:13:12.285+0000] {processor.py:161} INFO - Started process (PID=8953) to work on /home/airflow/.local/lib/python3.12/site-packages/airflow/example_dags/example_display_name.py
[2024-07-27T22:13:12.286+0000] {processor.py:830} INFO - Processing file /home/airflow/.local/lib/python3.12/site-packages/airflow/example_dags/example_display_name.py for tasks to queue
[2024-07-27T22:13:12.288+0000] {logging_mixin.py:188} INFO - [2024-07-27T22:13:12.288+0000] {dagbag.py:545} INFO - Filling up the DagBag from /home/airflow/.local/lib/python3.12/site-packages/airflow/example_dags/example_display_name.py
[2024-07-27T22:13:12.294+0000] {processor.py:840} INFO - DAG(s) 'example_display_name' retrieved from /home/airflow/.local/lib/python3.12/site-packages/airflow/example_dags/example_display_name.py
[2024-07-27T22:13:12.312+0000] {logging_mixin.py:188} INFO - [2024-07-27T22:13:12.312+0000] {dag.py:3089} INFO - Sync 1 DAGs
[2024-07-27T22:13:12.320+0000] {logging_mixin.py:188} INFO - [2024-07-27T22:13:12.319+0000] {dag.py:3947} INFO - Setting next_dagrun for example_display_name to None, run_after=None
[2024-07-27T22:13:12.330+0000] {processor.py:183} INFO - Processing /home/airflow/.local/lib/python3.12/site-packages/airflow/example_dags/example_display_name.py took 0.049 seconds
[2024-07-27T22:13:42.528+0000] {processor.py:161} INFO - Started process (PID=9213) to work on /home/airflow/.local/lib/python3.12/site-packages/airflow/example_dags/example_display_name.py
[2024-07-27T22:13:42.529+0000] {processor.py:830} INFO - Processing file /home/airflow/.local/lib/python3.12/site-packages/airflow/example_dags/example_display_name.py for tasks to queue
[2024-07-27T22:13:42.530+0000] {logging_mixin.py:188} INFO - [2024-07-27T22:13:42.530+0000] {dagbag.py:545} INFO - Filling up the DagBag from /home/airflow/.local/lib/python3.12/site-packages/airflow/example_dags/example_display_name.py
[2024-07-27T22:13:42.534+0000] {processor.py:840} INFO - DAG(s) 'example_display_name' retrieved from /home/airflow/.local/lib/python3.12/site-packages/airflow/example_dags/example_display_name.py
[2024-07-27T22:13:42.548+0000] {logging_mixin.py:188} INFO - [2024-07-27T22:13:42.548+0000] {dag.py:3089} INFO - Sync 1 DAGs
[2024-07-27T22:13:42.556+0000] {logging_mixin.py:188} INFO - [2024-07-27T22:13:42.555+0000] {dag.py:3947} INFO - Setting next_dagrun for example_display_name to None, run_after=None
[2024-07-27T22:13:42.564+0000] {processor.py:183} INFO - Processing /home/airflow/.local/lib/python3.12/site-packages/airflow/example_dags/example_display_name.py took 0.042 seconds
[2024-07-27T22:14:13.016+0000] {processor.py:161} INFO - Started process (PID=9474) to work on /home/airflow/.local/lib/python3.12/site-packages/airflow/example_dags/example_display_name.py
[2024-07-27T22:14:13.017+0000] {processor.py:830} INFO - Processing file /home/airflow/.local/lib/python3.12/site-packages/airflow/example_dags/example_display_name.py for tasks to queue
[2024-07-27T22:14:13.018+0000] {logging_mixin.py:188} INFO - [2024-07-27T22:14:13.018+0000] {dagbag.py:545} INFO - Filling up the DagBag from /home/airflow/.local/lib/python3.12/site-packages/airflow/example_dags/example_display_name.py
[2024-07-27T22:14:13.022+0000] {processor.py:840} INFO - DAG(s) 'example_display_name' retrieved from /home/airflow/.local/lib/python3.12/site-packages/airflow/example_dags/example_display_name.py
[2024-07-27T22:14:13.033+0000] {logging_mixin.py:188} INFO - [2024-07-27T22:14:13.033+0000] {dag.py:3089} INFO - Sync 1 DAGs
[2024-07-27T22:14:13.041+0000] {logging_mixin.py:188} INFO - [2024-07-27T22:14:13.040+0000] {dag.py:3947} INFO - Setting next_dagrun for example_display_name to None, run_after=None
[2024-07-27T22:14:13.051+0000] {processor.py:183} INFO - Processing /home/airflow/.local/lib/python3.12/site-packages/airflow/example_dags/example_display_name.py took 0.039 seconds
[2024-07-27T22:14:43.364+0000] {processor.py:161} INFO - Started process (PID=9738) to work on /home/airflow/.local/lib/python3.12/site-packages/airflow/example_dags/example_display_name.py
[2024-07-27T22:14:43.365+0000] {processor.py:830} INFO - Processing file /home/airflow/.local/lib/python3.12/site-packages/airflow/example_dags/example_display_name.py for tasks to queue
[2024-07-27T22:14:43.366+0000] {logging_mixin.py:188} INFO - [2024-07-27T22:14:43.365+0000] {dagbag.py:545} INFO - Filling up the DagBag from /home/airflow/.local/lib/python3.12/site-packages/airflow/example_dags/example_display_name.py
[2024-07-27T22:14:43.369+0000] {processor.py:840} INFO - DAG(s) 'example_display_name' retrieved from /home/airflow/.local/lib/python3.12/site-packages/airflow/example_dags/example_display_name.py
[2024-07-27T22:14:43.381+0000] {logging_mixin.py:188} INFO - [2024-07-27T22:14:43.380+0000] {dag.py:3089} INFO - Sync 1 DAGs
[2024-07-27T22:14:43.388+0000] {logging_mixin.py:188} INFO - [2024-07-27T22:14:43.388+0000] {dag.py:3947} INFO - Setting next_dagrun for example_display_name to None, run_after=None
[2024-07-27T22:14:43.397+0000] {processor.py:183} INFO - Processing /home/airflow/.local/lib/python3.12/site-packages/airflow/example_dags/example_display_name.py took 0.037 seconds
[2024-07-27T22:15:13.767+0000] {processor.py:161} INFO - Started process (PID=10001) to work on /home/airflow/.local/lib/python3.12/site-packages/airflow/example_dags/example_display_name.py
[2024-07-27T22:15:13.768+0000] {processor.py:830} INFO - Processing file /home/airflow/.local/lib/python3.12/site-packages/airflow/example_dags/example_display_name.py for tasks to queue
[2024-07-27T22:15:13.769+0000] {logging_mixin.py:188} INFO - [2024-07-27T22:15:13.769+0000] {dagbag.py:545} INFO - Filling up the DagBag from /home/airflow/.local/lib/python3.12/site-packages/airflow/example_dags/example_display_name.py
[2024-07-27T22:15:13.774+0000] {processor.py:840} INFO - DAG(s) 'example_display_name' retrieved from /home/airflow/.local/lib/python3.12/site-packages/airflow/example_dags/example_display_name.py
[2024-07-27T22:15:13.784+0000] {logging_mixin.py:188} INFO - [2024-07-27T22:15:13.784+0000] {dag.py:3089} INFO - Sync 1 DAGs
[2024-07-27T22:15:13.791+0000] {logging_mixin.py:188} INFO - [2024-07-27T22:15:13.791+0000] {dag.py:3947} INFO - Setting next_dagrun for example_display_name to None, run_after=None
[2024-07-27T22:15:13.800+0000] {processor.py:183} INFO - Processing /home/airflow/.local/lib/python3.12/site-packages/airflow/example_dags/example_display_name.py took 0.037 seconds
[2024-07-27T22:15:43.866+0000] {processor.py:161} INFO - Started process (PID=10261) to work on /home/airflow/.local/lib/python3.12/site-packages/airflow/example_dags/example_display_name.py
[2024-07-27T22:15:43.868+0000] {processor.py:830} INFO - Processing file /home/airflow/.local/lib/python3.12/site-packages/airflow/example_dags/example_display_name.py for tasks to queue
[2024-07-27T22:15:43.869+0000] {logging_mixin.py:188} INFO - [2024-07-27T22:15:43.869+0000] {dagbag.py:545} INFO - Filling up the DagBag from /home/airflow/.local/lib/python3.12/site-packages/airflow/example_dags/example_display_name.py
[2024-07-27T22:15:43.873+0000] {processor.py:840} INFO - DAG(s) 'example_display_name' retrieved from /home/airflow/.local/lib/python3.12/site-packages/airflow/example_dags/example_display_name.py
[2024-07-27T22:15:43.887+0000] {logging_mixin.py:188} INFO - [2024-07-27T22:15:43.886+0000] {dag.py:3089} INFO - Sync 1 DAGs
[2024-07-27T22:15:43.893+0000] {logging_mixin.py:188} INFO - [2024-07-27T22:15:43.893+0000] {dag.py:3947} INFO - Setting next_dagrun for example_display_name to None, run_after=None
[2024-07-27T22:15:43.903+0000] {processor.py:183} INFO - Processing /home/airflow/.local/lib/python3.12/site-packages/airflow/example_dags/example_display_name.py took 0.042 seconds
[2024-07-27T22:16:14.983+0000] {processor.py:161} INFO - Started process (PID=10524) to work on /home/airflow/.local/lib/python3.12/site-packages/airflow/example_dags/example_display_name.py
[2024-07-27T22:16:14.984+0000] {processor.py:830} INFO - Processing file /home/airflow/.local/lib/python3.12/site-packages/airflow/example_dags/example_display_name.py for tasks to queue
[2024-07-27T22:16:14.985+0000] {logging_mixin.py:188} INFO - [2024-07-27T22:16:14.985+0000] {dagbag.py:545} INFO - Filling up the DagBag from /home/airflow/.local/lib/python3.12/site-packages/airflow/example_dags/example_display_name.py
[2024-07-27T22:16:14.990+0000] {processor.py:840} INFO - DAG(s) 'example_display_name' retrieved from /home/airflow/.local/lib/python3.12/site-packages/airflow/example_dags/example_display_name.py
[2024-07-27T22:16:15.016+0000] {logging_mixin.py:188} INFO - [2024-07-27T22:16:15.015+0000] {dag.py:3089} INFO - Sync 1 DAGs
[2024-07-27T22:16:15.030+0000] {logging_mixin.py:188} INFO - [2024-07-27T22:16:15.030+0000] {dag.py:3947} INFO - Setting next_dagrun for example_display_name to None, run_after=None
[2024-07-27T22:16:15.052+0000] {processor.py:183} INFO - Processing /home/airflow/.local/lib/python3.12/site-packages/airflow/example_dags/example_display_name.py took 0.077 seconds
[2024-07-27T22:16:46.072+0000] {processor.py:161} INFO - Started process (PID=10788) to work on /home/airflow/.local/lib/python3.12/site-packages/airflow/example_dags/example_display_name.py
[2024-07-27T22:16:46.075+0000] {processor.py:830} INFO - Processing file /home/airflow/.local/lib/python3.12/site-packages/airflow/example_dags/example_display_name.py for tasks to queue
[2024-07-27T22:16:46.080+0000] {logging_mixin.py:188} INFO - [2024-07-27T22:16:46.079+0000] {dagbag.py:545} INFO - Filling up the DagBag from /home/airflow/.local/lib/python3.12/site-packages/airflow/example_dags/example_display_name.py
[2024-07-27T22:16:46.084+0000] {processor.py:840} INFO - DAG(s) 'example_display_name' retrieved from /home/airflow/.local/lib/python3.12/site-packages/airflow/example_dags/example_display_name.py
[2024-07-27T22:16:46.098+0000] {logging_mixin.py:188} INFO - [2024-07-27T22:16:46.098+0000] {dag.py:3089} INFO - Sync 1 DAGs
[2024-07-27T22:16:46.106+0000] {logging_mixin.py:188} INFO - [2024-07-27T22:16:46.106+0000] {dag.py:3947} INFO - Setting next_dagrun for example_display_name to None, run_after=None
[2024-07-27T22:16:46.116+0000] {processor.py:183} INFO - Processing /home/airflow/.local/lib/python3.12/site-packages/airflow/example_dags/example_display_name.py took 0.049 seconds
[2024-07-27T22:17:16.245+0000] {processor.py:161} INFO - Started process (PID=11048) to work on /home/airflow/.local/lib/python3.12/site-packages/airflow/example_dags/example_display_name.py
[2024-07-27T22:17:16.246+0000] {processor.py:830} INFO - Processing file /home/airflow/.local/lib/python3.12/site-packages/airflow/example_dags/example_display_name.py for tasks to queue
[2024-07-27T22:17:16.247+0000] {logging_mixin.py:188} INFO - [2024-07-27T22:17:16.247+0000] {dagbag.py:545} INFO - Filling up the DagBag from /home/airflow/.local/lib/python3.12/site-packages/airflow/example_dags/example_display_name.py
[2024-07-27T22:17:16.251+0000] {processor.py:840} INFO - DAG(s) 'example_display_name' retrieved from /home/airflow/.local/lib/python3.12/site-packages/airflow/example_dags/example_display_name.py
[2024-07-27T22:17:16.263+0000] {logging_mixin.py:188} INFO - [2024-07-27T22:17:16.263+0000] {dag.py:3089} INFO - Sync 1 DAGs
[2024-07-27T22:17:16.271+0000] {logging_mixin.py:188} INFO - [2024-07-27T22:17:16.271+0000] {dag.py:3947} INFO - Setting next_dagrun for example_display_name to None, run_after=None
[2024-07-27T22:17:16.282+0000] {processor.py:183} INFO - Processing /home/airflow/.local/lib/python3.12/site-packages/airflow/example_dags/example_display_name.py took 0.041 seconds
[2024-07-27T22:17:46.707+0000] {processor.py:161} INFO - Started process (PID=11310) to work on /home/airflow/.local/lib/python3.12/site-packages/airflow/example_dags/example_display_name.py
[2024-07-27T22:17:46.708+0000] {processor.py:830} INFO - Processing file /home/airflow/.local/lib/python3.12/site-packages/airflow/example_dags/example_display_name.py for tasks to queue
[2024-07-27T22:17:46.709+0000] {logging_mixin.py:188} INFO - [2024-07-27T22:17:46.709+0000] {dagbag.py:545} INFO - Filling up the DagBag from /home/airflow/.local/lib/python3.12/site-packages/airflow/example_dags/example_display_name.py
[2024-07-27T22:17:46.712+0000] {processor.py:840} INFO - DAG(s) 'example_display_name' retrieved from /home/airflow/.local/lib/python3.12/site-packages/airflow/example_dags/example_display_name.py
[2024-07-27T22:17:46.811+0000] {logging_mixin.py:188} INFO - [2024-07-27T22:17:46.811+0000] {dag.py:3089} INFO - Sync 1 DAGs
[2024-07-27T22:17:46.815+0000] {logging_mixin.py:188} INFO - [2024-07-27T22:17:46.815+0000] {dag.py:3947} INFO - Setting next_dagrun for example_display_name to None, run_after=None
[2024-07-27T22:17:46.823+0000] {processor.py:183} INFO - Processing /home/airflow/.local/lib/python3.12/site-packages/airflow/example_dags/example_display_name.py took 0.119 seconds
[2024-07-27T22:18:17.201+0000] {processor.py:161} INFO - Started process (PID=11572) to work on /home/airflow/.local/lib/python3.12/site-packages/airflow/example_dags/example_display_name.py
[2024-07-27T22:18:17.201+0000] {processor.py:830} INFO - Processing file /home/airflow/.local/lib/python3.12/site-packages/airflow/example_dags/example_display_name.py for tasks to queue
[2024-07-27T22:18:17.203+0000] {logging_mixin.py:188} INFO - [2024-07-27T22:18:17.202+0000] {dagbag.py:545} INFO - Filling up the DagBag from /home/airflow/.local/lib/python3.12/site-packages/airflow/example_dags/example_display_name.py
[2024-07-27T22:18:17.206+0000] {processor.py:840} INFO - DAG(s) 'example_display_name' retrieved from /home/airflow/.local/lib/python3.12/site-packages/airflow/example_dags/example_display_name.py
[2024-07-27T22:18:17.217+0000] {logging_mixin.py:188} INFO - [2024-07-27T22:18:17.217+0000] {dag.py:3089} INFO - Sync 1 DAGs
[2024-07-27T22:18:17.224+0000] {logging_mixin.py:188} INFO - [2024-07-27T22:18:17.223+0000] {dag.py:3947} INFO - Setting next_dagrun for example_display_name to None, run_after=None
[2024-07-27T22:18:17.232+0000] {processor.py:183} INFO - Processing /home/airflow/.local/lib/python3.12/site-packages/airflow/example_dags/example_display_name.py took 0.035 seconds
[2024-07-27T22:18:47.352+0000] {processor.py:161} INFO - Started process (PID=11834) to work on /home/airflow/.local/lib/python3.12/site-packages/airflow/example_dags/example_display_name.py
[2024-07-27T22:18:47.353+0000] {processor.py:830} INFO - Processing file /home/airflow/.local/lib/python3.12/site-packages/airflow/example_dags/example_display_name.py for tasks to queue
[2024-07-27T22:18:47.354+0000] {logging_mixin.py:188} INFO - [2024-07-27T22:18:47.354+0000] {dagbag.py:545} INFO - Filling up the DagBag from /home/airflow/.local/lib/python3.12/site-packages/airflow/example_dags/example_display_name.py
[2024-07-27T22:18:47.358+0000] {processor.py:840} INFO - DAG(s) 'example_display_name' retrieved from /home/airflow/.local/lib/python3.12/site-packages/airflow/example_dags/example_display_name.py
[2024-07-27T22:18:47.368+0000] {logging_mixin.py:188} INFO - [2024-07-27T22:18:47.368+0000] {dag.py:3089} INFO - Sync 1 DAGs
[2024-07-27T22:18:47.374+0000] {logging_mixin.py:188} INFO - [2024-07-27T22:18:47.374+0000] {dag.py:3947} INFO - Setting next_dagrun for example_display_name to None, run_after=None
[2024-07-27T22:18:47.382+0000] {processor.py:183} INFO - Processing /home/airflow/.local/lib/python3.12/site-packages/airflow/example_dags/example_display_name.py took 0.034 seconds
[2024-07-27T22:19:17.750+0000] {processor.py:161} INFO - Started process (PID=12096) to work on /home/airflow/.local/lib/python3.12/site-packages/airflow/example_dags/example_display_name.py
[2024-07-27T22:19:17.751+0000] {processor.py:830} INFO - Processing file /home/airflow/.local/lib/python3.12/site-packages/airflow/example_dags/example_display_name.py for tasks to queue
[2024-07-27T22:19:17.752+0000] {logging_mixin.py:188} INFO - [2024-07-27T22:19:17.752+0000] {dagbag.py:545} INFO - Filling up the DagBag from /home/airflow/.local/lib/python3.12/site-packages/airflow/example_dags/example_display_name.py
[2024-07-27T22:19:17.756+0000] {processor.py:840} INFO - DAG(s) 'example_display_name' retrieved from /home/airflow/.local/lib/python3.12/site-packages/airflow/example_dags/example_display_name.py
[2024-07-27T22:19:17.766+0000] {logging_mixin.py:188} INFO - [2024-07-27T22:19:17.766+0000] {dag.py:3089} INFO - Sync 1 DAGs
[2024-07-27T22:19:17.773+0000] {logging_mixin.py:188} INFO - [2024-07-27T22:19:17.773+0000] {dag.py:3947} INFO - Setting next_dagrun for example_display_name to None, run_after=None
[2024-07-27T22:19:17.781+0000] {processor.py:183} INFO - Processing /home/airflow/.local/lib/python3.12/site-packages/airflow/example_dags/example_display_name.py took 0.034 seconds
[2024-07-27T22:19:47.973+0000] {processor.py:161} INFO - Started process (PID=12358) to work on /home/airflow/.local/lib/python3.12/site-packages/airflow/example_dags/example_display_name.py
[2024-07-27T22:19:47.974+0000] {processor.py:830} INFO - Processing file /home/airflow/.local/lib/python3.12/site-packages/airflow/example_dags/example_display_name.py for tasks to queue
[2024-07-27T22:19:47.975+0000] {logging_mixin.py:188} INFO - [2024-07-27T22:19:47.975+0000] {dagbag.py:545} INFO - Filling up the DagBag from /home/airflow/.local/lib/python3.12/site-packages/airflow/example_dags/example_display_name.py
[2024-07-27T22:19:47.978+0000] {processor.py:840} INFO - DAG(s) 'example_display_name' retrieved from /home/airflow/.local/lib/python3.12/site-packages/airflow/example_dags/example_display_name.py
[2024-07-27T22:19:47.988+0000] {logging_mixin.py:188} INFO - [2024-07-27T22:19:47.988+0000] {dag.py:3089} INFO - Sync 1 DAGs
[2024-07-27T22:19:47.994+0000] {logging_mixin.py:188} INFO - [2024-07-27T22:19:47.994+0000] {dag.py:3947} INFO - Setting next_dagrun for example_display_name to None, run_after=None
[2024-07-27T22:19:48.002+0000] {processor.py:183} INFO - Processing /home/airflow/.local/lib/python3.12/site-packages/airflow/example_dags/example_display_name.py took 0.033 seconds
[2024-07-27T22:20:18.515+0000] {processor.py:161} INFO - Started process (PID=12625) to work on /home/airflow/.local/lib/python3.12/site-packages/airflow/example_dags/example_display_name.py
[2024-07-27T22:20:18.516+0000] {processor.py:830} INFO - Processing file /home/airflow/.local/lib/python3.12/site-packages/airflow/example_dags/example_display_name.py for tasks to queue
[2024-07-27T22:20:18.517+0000] {logging_mixin.py:188} INFO - [2024-07-27T22:20:18.517+0000] {dagbag.py:545} INFO - Filling up the DagBag from /home/airflow/.local/lib/python3.12/site-packages/airflow/example_dags/example_display_name.py
[2024-07-27T22:20:18.521+0000] {processor.py:840} INFO - DAG(s) 'example_display_name' retrieved from /home/airflow/.local/lib/python3.12/site-packages/airflow/example_dags/example_display_name.py
[2024-07-27T22:20:18.534+0000] {logging_mixin.py:188} INFO - [2024-07-27T22:20:18.534+0000] {dag.py:3089} INFO - Sync 1 DAGs
[2024-07-27T22:20:18.540+0000] {logging_mixin.py:188} INFO - [2024-07-27T22:20:18.540+0000] {dag.py:3947} INFO - Setting next_dagrun for example_display_name to None, run_after=None
[2024-07-27T22:20:18.549+0000] {processor.py:183} INFO - Processing /home/airflow/.local/lib/python3.12/site-packages/airflow/example_dags/example_display_name.py took 0.038 seconds
[2024-07-27T22:20:49.071+0000] {processor.py:161} INFO - Started process (PID=12894) to work on /home/airflow/.local/lib/python3.12/site-packages/airflow/example_dags/example_display_name.py
[2024-07-27T22:20:49.072+0000] {processor.py:830} INFO - Processing file /home/airflow/.local/lib/python3.12/site-packages/airflow/example_dags/example_display_name.py for tasks to queue
[2024-07-27T22:20:49.073+0000] {logging_mixin.py:188} INFO - [2024-07-27T22:20:49.073+0000] {dagbag.py:545} INFO - Filling up the DagBag from /home/airflow/.local/lib/python3.12/site-packages/airflow/example_dags/example_display_name.py
[2024-07-27T22:20:49.076+0000] {processor.py:840} INFO - DAG(s) 'example_display_name' retrieved from /home/airflow/.local/lib/python3.12/site-packages/airflow/example_dags/example_display_name.py
[2024-07-27T22:20:49.086+0000] {logging_mixin.py:188} INFO - [2024-07-27T22:20:49.086+0000] {dag.py:3089} INFO - Sync 1 DAGs
[2024-07-27T22:20:49.092+0000] {logging_mixin.py:188} INFO - [2024-07-27T22:20:49.092+0000] {dag.py:3947} INFO - Setting next_dagrun for example_display_name to None, run_after=None
[2024-07-27T22:20:49.100+0000] {processor.py:183} INFO - Processing /home/airflow/.local/lib/python3.12/site-packages/airflow/example_dags/example_display_name.py took 0.033 seconds
[2024-07-27T22:21:19.417+0000] {processor.py:161} INFO - Started process (PID=13159) to work on /home/airflow/.local/lib/python3.12/site-packages/airflow/example_dags/example_display_name.py
[2024-07-27T22:21:19.418+0000] {processor.py:830} INFO - Processing file /home/airflow/.local/lib/python3.12/site-packages/airflow/example_dags/example_display_name.py for tasks to queue
[2024-07-27T22:21:19.419+0000] {logging_mixin.py:188} INFO - [2024-07-27T22:21:19.419+0000] {dagbag.py:545} INFO - Filling up the DagBag from /home/airflow/.local/lib/python3.12/site-packages/airflow/example_dags/example_display_name.py
[2024-07-27T22:21:19.422+0000] {processor.py:840} INFO - DAG(s) 'example_display_name' retrieved from /home/airflow/.local/lib/python3.12/site-packages/airflow/example_dags/example_display_name.py
[2024-07-27T22:21:19.432+0000] {logging_mixin.py:188} INFO - [2024-07-27T22:21:19.432+0000] {dag.py:3089} INFO - Sync 1 DAGs
[2024-07-27T22:21:19.438+0000] {logging_mixin.py:188} INFO - [2024-07-27T22:21:19.438+0000] {dag.py:3947} INFO - Setting next_dagrun for example_display_name to None, run_after=None
[2024-07-27T22:21:19.447+0000] {processor.py:183} INFO - Processing /home/airflow/.local/lib/python3.12/site-packages/airflow/example_dags/example_display_name.py took 0.034 seconds
[2024-07-27T22:21:49.820+0000] {processor.py:161} INFO - Started process (PID=13431) to work on /home/airflow/.local/lib/python3.12/site-packages/airflow/example_dags/example_display_name.py
[2024-07-27T22:21:49.821+0000] {processor.py:830} INFO - Processing file /home/airflow/.local/lib/python3.12/site-packages/airflow/example_dags/example_display_name.py for tasks to queue
[2024-07-27T22:21:49.822+0000] {logging_mixin.py:188} INFO - [2024-07-27T22:21:49.822+0000] {dagbag.py:545} INFO - Filling up the DagBag from /home/airflow/.local/lib/python3.12/site-packages/airflow/example_dags/example_display_name.py
[2024-07-27T22:21:49.826+0000] {processor.py:840} INFO - DAG(s) 'example_display_name' retrieved from /home/airflow/.local/lib/python3.12/site-packages/airflow/example_dags/example_display_name.py
[2024-07-27T22:21:49.843+0000] {logging_mixin.py:188} INFO - [2024-07-27T22:21:49.843+0000] {dag.py:3089} INFO - Sync 1 DAGs
[2024-07-27T22:21:49.852+0000] {logging_mixin.py:188} INFO - [2024-07-27T22:21:49.852+0000] {dag.py:3947} INFO - Setting next_dagrun for example_display_name to None, run_after=None
[2024-07-27T22:21:49.864+0000] {processor.py:183} INFO - Processing /home/airflow/.local/lib/python3.12/site-packages/airflow/example_dags/example_display_name.py took 0.048 seconds
[2024-07-27T22:22:20.092+0000] {processor.py:161} INFO - Started process (PID=13698) to work on /home/airflow/.local/lib/python3.12/site-packages/airflow/example_dags/example_display_name.py
[2024-07-27T22:22:20.093+0000] {processor.py:830} INFO - Processing file /home/airflow/.local/lib/python3.12/site-packages/airflow/example_dags/example_display_name.py for tasks to queue
[2024-07-27T22:22:20.094+0000] {logging_mixin.py:188} INFO - [2024-07-27T22:22:20.093+0000] {dagbag.py:545} INFO - Filling up the DagBag from /home/airflow/.local/lib/python3.12/site-packages/airflow/example_dags/example_display_name.py
[2024-07-27T22:22:20.097+0000] {processor.py:840} INFO - DAG(s) 'example_display_name' retrieved from /home/airflow/.local/lib/python3.12/site-packages/airflow/example_dags/example_display_name.py
[2024-07-27T22:22:20.107+0000] {logging_mixin.py:188} INFO - [2024-07-27T22:22:20.107+0000] {dag.py:3089} INFO - Sync 1 DAGs
[2024-07-27T22:22:20.114+0000] {logging_mixin.py:188} INFO - [2024-07-27T22:22:20.114+0000] {dag.py:3947} INFO - Setting next_dagrun for example_display_name to None, run_after=None
[2024-07-27T22:22:20.121+0000] {processor.py:183} INFO - Processing /home/airflow/.local/lib/python3.12/site-packages/airflow/example_dags/example_display_name.py took 0.033 seconds
[2024-07-27T22:22:50.736+0000] {processor.py:161} INFO - Started process (PID=13966) to work on /home/airflow/.local/lib/python3.12/site-packages/airflow/example_dags/example_display_name.py
[2024-07-27T22:22:50.739+0000] {processor.py:830} INFO - Processing file /home/airflow/.local/lib/python3.12/site-packages/airflow/example_dags/example_display_name.py for tasks to queue
[2024-07-27T22:22:50.746+0000] {logging_mixin.py:188} INFO - [2024-07-27T22:22:50.745+0000] {dagbag.py:545} INFO - Filling up the DagBag from /home/airflow/.local/lib/python3.12/site-packages/airflow/example_dags/example_display_name.py
[2024-07-27T22:22:50.754+0000] {processor.py:840} INFO - DAG(s) 'example_display_name' retrieved from /home/airflow/.local/lib/python3.12/site-packages/airflow/example_dags/example_display_name.py
[2024-07-27T22:22:50.772+0000] {logging_mixin.py:188} INFO - [2024-07-27T22:22:50.772+0000] {dag.py:3089} INFO - Sync 1 DAGs
[2024-07-27T22:22:50.786+0000] {logging_mixin.py:188} INFO - [2024-07-27T22:22:50.785+0000] {dag.py:3947} INFO - Setting next_dagrun for example_display_name to None, run_after=None
[2024-07-27T22:22:50.796+0000] {processor.py:183} INFO - Processing /home/airflow/.local/lib/python3.12/site-packages/airflow/example_dags/example_display_name.py took 0.074 seconds
[2024-07-27T22:23:21.259+0000] {processor.py:161} INFO - Started process (PID=14253) to work on /home/airflow/.local/lib/python3.12/site-packages/airflow/example_dags/example_display_name.py
[2024-07-27T22:23:21.260+0000] {processor.py:830} INFO - Processing file /home/airflow/.local/lib/python3.12/site-packages/airflow/example_dags/example_display_name.py for tasks to queue
[2024-07-27T22:23:21.261+0000] {logging_mixin.py:188} INFO - [2024-07-27T22:23:21.261+0000] {dagbag.py:545} INFO - Filling up the DagBag from /home/airflow/.local/lib/python3.12/site-packages/airflow/example_dags/example_display_name.py
[2024-07-27T22:23:21.264+0000] {processor.py:840} INFO - DAG(s) 'example_display_name' retrieved from /home/airflow/.local/lib/python3.12/site-packages/airflow/example_dags/example_display_name.py
[2024-07-27T22:23:21.274+0000] {logging_mixin.py:188} INFO - [2024-07-27T22:23:21.274+0000] {dag.py:3089} INFO - Sync 1 DAGs
[2024-07-27T22:23:21.280+0000] {logging_mixin.py:188} INFO - [2024-07-27T22:23:21.280+0000] {dag.py:3947} INFO - Setting next_dagrun for example_display_name to None, run_after=None
[2024-07-27T22:23:21.288+0000] {processor.py:183} INFO - Processing /home/airflow/.local/lib/python3.12/site-packages/airflow/example_dags/example_display_name.py took 0.032 seconds
[2024-07-27T22:23:51.692+0000] {processor.py:161} INFO - Started process (PID=14520) to work on /home/airflow/.local/lib/python3.12/site-packages/airflow/example_dags/example_display_name.py
[2024-07-27T22:23:51.693+0000] {processor.py:830} INFO - Processing file /home/airflow/.local/lib/python3.12/site-packages/airflow/example_dags/example_display_name.py for tasks to queue
[2024-07-27T22:23:51.694+0000] {logging_mixin.py:188} INFO - [2024-07-27T22:23:51.694+0000] {dagbag.py:545} INFO - Filling up the DagBag from /home/airflow/.local/lib/python3.12/site-packages/airflow/example_dags/example_display_name.py
[2024-07-27T22:23:51.698+0000] {processor.py:840} INFO - DAG(s) 'example_display_name' retrieved from /home/airflow/.local/lib/python3.12/site-packages/airflow/example_dags/example_display_name.py
[2024-07-27T22:23:51.709+0000] {logging_mixin.py:188} INFO - [2024-07-27T22:23:51.709+0000] {dag.py:3089} INFO - Sync 1 DAGs
[2024-07-27T22:23:51.716+0000] {logging_mixin.py:188} INFO - [2024-07-27T22:23:51.716+0000] {dag.py:3947} INFO - Setting next_dagrun for example_display_name to None, run_after=None
[2024-07-27T22:23:51.727+0000] {processor.py:183} INFO - Processing /home/airflow/.local/lib/python3.12/site-packages/airflow/example_dags/example_display_name.py took 0.038 seconds
[2024-07-27T22:24:22.686+0000] {processor.py:161} INFO - Started process (PID=14787) to work on /home/airflow/.local/lib/python3.12/site-packages/airflow/example_dags/example_display_name.py
[2024-07-27T22:24:22.688+0000] {processor.py:830} INFO - Processing file /home/airflow/.local/lib/python3.12/site-packages/airflow/example_dags/example_display_name.py for tasks to queue
[2024-07-27T22:24:22.689+0000] {logging_mixin.py:188} INFO - [2024-07-27T22:24:22.689+0000] {dagbag.py:545} INFO - Filling up the DagBag from /home/airflow/.local/lib/python3.12/site-packages/airflow/example_dags/example_display_name.py
[2024-07-27T22:24:22.692+0000] {processor.py:840} INFO - DAG(s) 'example_display_name' retrieved from /home/airflow/.local/lib/python3.12/site-packages/airflow/example_dags/example_display_name.py
[2024-07-27T22:24:22.703+0000] {logging_mixin.py:188} INFO - [2024-07-27T22:24:22.703+0000] {dag.py:3089} INFO - Sync 1 DAGs
[2024-07-27T22:24:22.709+0000] {logging_mixin.py:188} INFO - [2024-07-27T22:24:22.709+0000] {dag.py:3947} INFO - Setting next_dagrun for example_display_name to None, run_after=None
[2024-07-27T22:24:22.718+0000] {processor.py:183} INFO - Processing /home/airflow/.local/lib/python3.12/site-packages/airflow/example_dags/example_display_name.py took 0.035 seconds
[2024-07-27T22:24:52.839+0000] {processor.py:161} INFO - Started process (PID=15054) to work on /home/airflow/.local/lib/python3.12/site-packages/airflow/example_dags/example_display_name.py
[2024-07-27T22:24:52.840+0000] {processor.py:830} INFO - Processing file /home/airflow/.local/lib/python3.12/site-packages/airflow/example_dags/example_display_name.py for tasks to queue
[2024-07-27T22:24:52.841+0000] {logging_mixin.py:188} INFO - [2024-07-27T22:24:52.841+0000] {dagbag.py:545} INFO - Filling up the DagBag from /home/airflow/.local/lib/python3.12/site-packages/airflow/example_dags/example_display_name.py
[2024-07-27T22:24:52.844+0000] {processor.py:840} INFO - DAG(s) 'example_display_name' retrieved from /home/airflow/.local/lib/python3.12/site-packages/airflow/example_dags/example_display_name.py
[2024-07-27T22:24:52.855+0000] {logging_mixin.py:188} INFO - [2024-07-27T22:24:52.854+0000] {dag.py:3089} INFO - Sync 1 DAGs
[2024-07-27T22:24:52.862+0000] {logging_mixin.py:188} INFO - [2024-07-27T22:24:52.862+0000] {dag.py:3947} INFO - Setting next_dagrun for example_display_name to None, run_after=None
[2024-07-27T22:24:52.870+0000] {processor.py:183} INFO - Processing /home/airflow/.local/lib/python3.12/site-packages/airflow/example_dags/example_display_name.py took 0.035 seconds
[2024-07-27T22:25:23.206+0000] {processor.py:161} INFO - Started process (PID=15321) to work on /home/airflow/.local/lib/python3.12/site-packages/airflow/example_dags/example_display_name.py
[2024-07-27T22:25:23.208+0000] {processor.py:830} INFO - Processing file /home/airflow/.local/lib/python3.12/site-packages/airflow/example_dags/example_display_name.py for tasks to queue
[2024-07-27T22:25:23.209+0000] {logging_mixin.py:188} INFO - [2024-07-27T22:25:23.208+0000] {dagbag.py:545} INFO - Filling up the DagBag from /home/airflow/.local/lib/python3.12/site-packages/airflow/example_dags/example_display_name.py
[2024-07-27T22:25:23.213+0000] {processor.py:840} INFO - DAG(s) 'example_display_name' retrieved from /home/airflow/.local/lib/python3.12/site-packages/airflow/example_dags/example_display_name.py
[2024-07-27T22:25:23.222+0000] {logging_mixin.py:188} INFO - [2024-07-27T22:25:23.222+0000] {dag.py:3089} INFO - Sync 1 DAGs
[2024-07-27T22:25:23.233+0000] {logging_mixin.py:188} INFO - [2024-07-27T22:25:23.233+0000] {dag.py:3947} INFO - Setting next_dagrun for example_display_name to None, run_after=None
[2024-07-27T22:25:23.244+0000] {processor.py:183} INFO - Processing /home/airflow/.local/lib/python3.12/site-packages/airflow/example_dags/example_display_name.py took 0.041 seconds
[2024-07-27T22:25:53.529+0000] {processor.py:161} INFO - Started process (PID=15588) to work on /home/airflow/.local/lib/python3.12/site-packages/airflow/example_dags/example_display_name.py
[2024-07-27T22:25:53.530+0000] {processor.py:830} INFO - Processing file /home/airflow/.local/lib/python3.12/site-packages/airflow/example_dags/example_display_name.py for tasks to queue
[2024-07-27T22:25:53.531+0000] {logging_mixin.py:188} INFO - [2024-07-27T22:25:53.531+0000] {dagbag.py:545} INFO - Filling up the DagBag from /home/airflow/.local/lib/python3.12/site-packages/airflow/example_dags/example_display_name.py
[2024-07-27T22:25:53.535+0000] {processor.py:840} INFO - DAG(s) 'example_display_name' retrieved from /home/airflow/.local/lib/python3.12/site-packages/airflow/example_dags/example_display_name.py
[2024-07-27T22:25:53.544+0000] {logging_mixin.py:188} INFO - [2024-07-27T22:25:53.544+0000] {dag.py:3089} INFO - Sync 1 DAGs
[2024-07-27T22:25:53.550+0000] {logging_mixin.py:188} INFO - [2024-07-27T22:25:53.550+0000] {dag.py:3947} INFO - Setting next_dagrun for example_display_name to None, run_after=None
[2024-07-27T22:25:53.558+0000] {processor.py:183} INFO - Processing /home/airflow/.local/lib/python3.12/site-packages/airflow/example_dags/example_display_name.py took 0.032 seconds
[2024-07-27T22:26:24.171+0000] {processor.py:161} INFO - Started process (PID=15862) to work on /home/airflow/.local/lib/python3.12/site-packages/airflow/example_dags/example_display_name.py
[2024-07-27T22:26:24.173+0000] {processor.py:830} INFO - Processing file /home/airflow/.local/lib/python3.12/site-packages/airflow/example_dags/example_display_name.py for tasks to queue
[2024-07-27T22:26:24.175+0000] {logging_mixin.py:188} INFO - [2024-07-27T22:26:24.175+0000] {dagbag.py:545} INFO - Filling up the DagBag from /home/airflow/.local/lib/python3.12/site-packages/airflow/example_dags/example_display_name.py
[2024-07-27T22:26:24.179+0000] {processor.py:840} INFO - DAG(s) 'example_display_name' retrieved from /home/airflow/.local/lib/python3.12/site-packages/airflow/example_dags/example_display_name.py
[2024-07-27T22:26:24.189+0000] {logging_mixin.py:188} INFO - [2024-07-27T22:26:24.189+0000] {dag.py:3089} INFO - Sync 1 DAGs
[2024-07-27T22:26:24.195+0000] {logging_mixin.py:188} INFO - [2024-07-27T22:26:24.195+0000] {dag.py:3947} INFO - Setting next_dagrun for example_display_name to None, run_after=None
[2024-07-27T22:26:24.204+0000] {processor.py:183} INFO - Processing /home/airflow/.local/lib/python3.12/site-packages/airflow/example_dags/example_display_name.py took 0.038 seconds
[2024-07-27T22:55:21.165+0000] {processor.py:161} INFO - Started process (PID=16115) to work on /home/airflow/.local/lib/python3.12/site-packages/airflow/example_dags/example_display_name.py
[2024-07-27T22:55:21.166+0000] {processor.py:830} INFO - Processing file /home/airflow/.local/lib/python3.12/site-packages/airflow/example_dags/example_display_name.py for tasks to queue
[2024-07-27T22:55:21.168+0000] {logging_mixin.py:188} INFO - [2024-07-27T22:55:21.167+0000] {dagbag.py:545} INFO - Filling up the DagBag from /home/airflow/.local/lib/python3.12/site-packages/airflow/example_dags/example_display_name.py
[2024-07-27T22:55:21.172+0000] {processor.py:840} INFO - DAG(s) 'example_display_name' retrieved from /home/airflow/.local/lib/python3.12/site-packages/airflow/example_dags/example_display_name.py
[2024-07-27T22:55:21.187+0000] {logging_mixin.py:188} INFO - [2024-07-27T22:55:21.187+0000] {dag.py:3089} INFO - Sync 1 DAGs
[2024-07-27T22:55:21.195+0000] {logging_mixin.py:188} INFO - [2024-07-27T22:55:21.194+0000] {dag.py:3947} INFO - Setting next_dagrun for example_display_name to None, run_after=None
[2024-07-27T22:55:21.207+0000] {processor.py:183} INFO - Processing /home/airflow/.local/lib/python3.12/site-packages/airflow/example_dags/example_display_name.py took 0.049 seconds
[2024-07-27T22:55:51.479+0000] {processor.py:161} INFO - Started process (PID=16383) to work on /home/airflow/.local/lib/python3.12/site-packages/airflow/example_dags/example_display_name.py
[2024-07-27T22:55:51.480+0000] {processor.py:830} INFO - Processing file /home/airflow/.local/lib/python3.12/site-packages/airflow/example_dags/example_display_name.py for tasks to queue
[2024-07-27T22:55:51.481+0000] {logging_mixin.py:188} INFO - [2024-07-27T22:55:51.480+0000] {dagbag.py:545} INFO - Filling up the DagBag from /home/airflow/.local/lib/python3.12/site-packages/airflow/example_dags/example_display_name.py
[2024-07-27T22:55:51.484+0000] {processor.py:840} INFO - DAG(s) 'example_display_name' retrieved from /home/airflow/.local/lib/python3.12/site-packages/airflow/example_dags/example_display_name.py
[2024-07-27T22:55:51.494+0000] {logging_mixin.py:188} INFO - [2024-07-27T22:55:51.494+0000] {dag.py:3089} INFO - Sync 1 DAGs
[2024-07-27T22:55:51.501+0000] {logging_mixin.py:188} INFO - [2024-07-27T22:55:51.501+0000] {dag.py:3947} INFO - Setting next_dagrun for example_display_name to None, run_after=None
[2024-07-27T22:55:51.510+0000] {processor.py:183} INFO - Processing /home/airflow/.local/lib/python3.12/site-packages/airflow/example_dags/example_display_name.py took 0.034 seconds
