[2024-07-27T20:14:07.752+0000] {processor.py:161} INFO - Started process (PID=245) to work on /home/airflow/.local/lib/python3.12/site-packages/airflow/example_dags/example_sla_dag.py
[2024-07-27T20:14:07.753+0000] {processor.py:830} INFO - Processing file /home/airflow/.local/lib/python3.12/site-packages/airflow/example_dags/example_sla_dag.py for tasks to queue
[2024-07-27T20:14:07.754+0000] {logging_mixin.py:188} INFO - [2024-07-27T20:14:07.753+0000] {dagbag.py:545} INFO - Filling up the DagBag from /home/airflow/.local/lib/python3.12/site-packages/airflow/example_dags/example_sla_dag.py
[2024-07-27T20:14:07.759+0000] {processor.py:840} INFO - DAG(s) 'example_sla_dag' retrieved from /home/airflow/.local/lib/python3.12/site-packages/airflow/example_dags/example_sla_dag.py
[2024-07-27T20:14:07.767+0000] {logging_mixin.py:188} INFO - [2024-07-27T20:14:07.766+0000] {dag.py:3089} INFO - Sync 1 DAGs
[2024-07-27T20:14:07.781+0000] {logging_mixin.py:188} INFO - [2024-07-27T20:14:07.781+0000] {dag.py:3947} INFO - Setting next_dagrun for example_sla_dag to 2024-07-27 20:12:00+00:00, run_after=2024-07-27 20:14:00+00:00
[2024-07-27T20:14:07.793+0000] {processor.py:183} INFO - Processing /home/airflow/.local/lib/python3.12/site-packages/airflow/example_dags/example_sla_dag.py took 0.044 seconds
[2024-07-27T20:14:38.172+0000] {processor.py:161} INFO - Started process (PID=506) to work on /home/airflow/.local/lib/python3.12/site-packages/airflow/example_dags/example_sla_dag.py
[2024-07-27T20:14:38.173+0000] {processor.py:830} INFO - Processing file /home/airflow/.local/lib/python3.12/site-packages/airflow/example_dags/example_sla_dag.py for tasks to queue
[2024-07-27T20:14:38.174+0000] {logging_mixin.py:188} INFO - [2024-07-27T20:14:38.174+0000] {dagbag.py:545} INFO - Filling up the DagBag from /home/airflow/.local/lib/python3.12/site-packages/airflow/example_dags/example_sla_dag.py
[2024-07-27T20:14:38.179+0000] {processor.py:840} INFO - DAG(s) 'example_sla_dag' retrieved from /home/airflow/.local/lib/python3.12/site-packages/airflow/example_dags/example_sla_dag.py
[2024-07-27T20:14:38.227+0000] {logging_mixin.py:188} INFO - [2024-07-27T20:14:38.227+0000] {dag.py:3089} INFO - Sync 1 DAGs
[2024-07-27T20:14:38.237+0000] {logging_mixin.py:188} INFO - [2024-07-27T20:14:38.237+0000] {dag.py:3947} INFO - Setting next_dagrun for example_sla_dag to 2024-07-27 20:12:00+00:00, run_after=2024-07-27 20:14:00+00:00
[2024-07-27T20:14:38.246+0000] {processor.py:183} INFO - Processing /home/airflow/.local/lib/python3.12/site-packages/airflow/example_dags/example_sla_dag.py took 0.077 seconds
[2024-07-27T20:15:08.465+0000] {processor.py:161} INFO - Started process (PID=768) to work on /home/airflow/.local/lib/python3.12/site-packages/airflow/example_dags/example_sla_dag.py
[2024-07-27T20:15:08.465+0000] {processor.py:830} INFO - Processing file /home/airflow/.local/lib/python3.12/site-packages/airflow/example_dags/example_sla_dag.py for tasks to queue
[2024-07-27T20:15:08.467+0000] {logging_mixin.py:188} INFO - [2024-07-27T20:15:08.466+0000] {dagbag.py:545} INFO - Filling up the DagBag from /home/airflow/.local/lib/python3.12/site-packages/airflow/example_dags/example_sla_dag.py
[2024-07-27T20:15:08.471+0000] {processor.py:840} INFO - DAG(s) 'example_sla_dag' retrieved from /home/airflow/.local/lib/python3.12/site-packages/airflow/example_dags/example_sla_dag.py
[2024-07-27T20:15:08.482+0000] {logging_mixin.py:188} INFO - [2024-07-27T20:15:08.482+0000] {dag.py:3089} INFO - Sync 1 DAGs
[2024-07-27T20:15:08.495+0000] {logging_mixin.py:188} INFO - [2024-07-27T20:15:08.495+0000] {dag.py:3947} INFO - Setting next_dagrun for example_sla_dag to 2024-07-27 20:12:00+00:00, run_after=2024-07-27 20:14:00+00:00
[2024-07-27T20:15:08.503+0000] {processor.py:183} INFO - Processing /home/airflow/.local/lib/python3.12/site-packages/airflow/example_dags/example_sla_dag.py took 0.043 seconds
[2024-07-27T20:15:39.068+0000] {processor.py:161} INFO - Started process (PID=1029) to work on /home/airflow/.local/lib/python3.12/site-packages/airflow/example_dags/example_sla_dag.py
[2024-07-27T20:15:39.069+0000] {processor.py:830} INFO - Processing file /home/airflow/.local/lib/python3.12/site-packages/airflow/example_dags/example_sla_dag.py for tasks to queue
[2024-07-27T20:15:39.071+0000] {logging_mixin.py:188} INFO - [2024-07-27T20:15:39.070+0000] {dagbag.py:545} INFO - Filling up the DagBag from /home/airflow/.local/lib/python3.12/site-packages/airflow/example_dags/example_sla_dag.py
[2024-07-27T20:15:39.076+0000] {processor.py:840} INFO - DAG(s) 'example_sla_dag' retrieved from /home/airflow/.local/lib/python3.12/site-packages/airflow/example_dags/example_sla_dag.py
[2024-07-27T20:15:39.087+0000] {logging_mixin.py:188} INFO - [2024-07-27T20:15:39.086+0000] {dag.py:3089} INFO - Sync 1 DAGs
[2024-07-27T20:15:39.099+0000] {logging_mixin.py:188} INFO - [2024-07-27T20:15:39.099+0000] {dag.py:3947} INFO - Setting next_dagrun for example_sla_dag to 2024-07-27 20:12:00+00:00, run_after=2024-07-27 20:14:00+00:00
[2024-07-27T20:15:39.109+0000] {processor.py:183} INFO - Processing /home/airflow/.local/lib/python3.12/site-packages/airflow/example_dags/example_sla_dag.py took 0.044 seconds
[2024-07-27T20:16:09.206+0000] {processor.py:161} INFO - Started process (PID=1291) to work on /home/airflow/.local/lib/python3.12/site-packages/airflow/example_dags/example_sla_dag.py
[2024-07-27T20:16:09.207+0000] {processor.py:830} INFO - Processing file /home/airflow/.local/lib/python3.12/site-packages/airflow/example_dags/example_sla_dag.py for tasks to queue
[2024-07-27T20:16:09.208+0000] {logging_mixin.py:188} INFO - [2024-07-27T20:16:09.208+0000] {dagbag.py:545} INFO - Filling up the DagBag from /home/airflow/.local/lib/python3.12/site-packages/airflow/example_dags/example_sla_dag.py
[2024-07-27T20:16:09.213+0000] {processor.py:840} INFO - DAG(s) 'example_sla_dag' retrieved from /home/airflow/.local/lib/python3.12/site-packages/airflow/example_dags/example_sla_dag.py
[2024-07-27T20:16:09.223+0000] {logging_mixin.py:188} INFO - [2024-07-27T20:16:09.223+0000] {dag.py:3089} INFO - Sync 1 DAGs
[2024-07-27T20:16:09.235+0000] {logging_mixin.py:188} INFO - [2024-07-27T20:16:09.235+0000] {dag.py:3947} INFO - Setting next_dagrun for example_sla_dag to 2024-07-27 20:14:00+00:00, run_after=2024-07-27 20:16:00+00:00
[2024-07-27T20:16:09.243+0000] {processor.py:183} INFO - Processing /home/airflow/.local/lib/python3.12/site-packages/airflow/example_dags/example_sla_dag.py took 0.041 seconds
[2024-07-27T20:16:39.468+0000] {processor.py:161} INFO - Started process (PID=1553) to work on /home/airflow/.local/lib/python3.12/site-packages/airflow/example_dags/example_sla_dag.py
[2024-07-27T20:16:39.471+0000] {processor.py:830} INFO - Processing file /home/airflow/.local/lib/python3.12/site-packages/airflow/example_dags/example_sla_dag.py for tasks to queue
[2024-07-27T20:16:39.473+0000] {logging_mixin.py:188} INFO - [2024-07-27T20:16:39.472+0000] {dagbag.py:545} INFO - Filling up the DagBag from /home/airflow/.local/lib/python3.12/site-packages/airflow/example_dags/example_sla_dag.py
[2024-07-27T20:16:39.478+0000] {processor.py:840} INFO - DAG(s) 'example_sla_dag' retrieved from /home/airflow/.local/lib/python3.12/site-packages/airflow/example_dags/example_sla_dag.py
[2024-07-27T20:16:39.490+0000] {logging_mixin.py:188} INFO - [2024-07-27T20:16:39.490+0000] {dag.py:3089} INFO - Sync 1 DAGs
[2024-07-27T20:16:39.502+0000] {logging_mixin.py:188} INFO - [2024-07-27T20:16:39.502+0000] {dag.py:3947} INFO - Setting next_dagrun for example_sla_dag to 2024-07-27 20:14:00+00:00, run_after=2024-07-27 20:16:00+00:00
[2024-07-27T20:16:39.511+0000] {processor.py:183} INFO - Processing /home/airflow/.local/lib/python3.12/site-packages/airflow/example_dags/example_sla_dag.py took 0.046 seconds
[2024-07-27T20:17:09.839+0000] {processor.py:161} INFO - Started process (PID=1815) to work on /home/airflow/.local/lib/python3.12/site-packages/airflow/example_dags/example_sla_dag.py
[2024-07-27T20:17:09.840+0000] {processor.py:830} INFO - Processing file /home/airflow/.local/lib/python3.12/site-packages/airflow/example_dags/example_sla_dag.py for tasks to queue
[2024-07-27T20:17:09.842+0000] {logging_mixin.py:188} INFO - [2024-07-27T20:17:09.841+0000] {dagbag.py:545} INFO - Filling up the DagBag from /home/airflow/.local/lib/python3.12/site-packages/airflow/example_dags/example_sla_dag.py
[2024-07-27T20:17:09.846+0000] {processor.py:840} INFO - DAG(s) 'example_sla_dag' retrieved from /home/airflow/.local/lib/python3.12/site-packages/airflow/example_dags/example_sla_dag.py
[2024-07-27T20:17:09.857+0000] {logging_mixin.py:188} INFO - [2024-07-27T20:17:09.856+0000] {dag.py:3089} INFO - Sync 1 DAGs
[2024-07-27T20:17:09.869+0000] {logging_mixin.py:188} INFO - [2024-07-27T20:17:09.869+0000] {dag.py:3947} INFO - Setting next_dagrun for example_sla_dag to 2024-07-27 20:14:00+00:00, run_after=2024-07-27 20:16:00+00:00
[2024-07-27T20:17:09.877+0000] {processor.py:183} INFO - Processing /home/airflow/.local/lib/python3.12/site-packages/airflow/example_dags/example_sla_dag.py took 0.041 seconds
[2024-07-27T21:59:59.058+0000] {processor.py:161} INFO - Started process (PID=2071) to work on /home/airflow/.local/lib/python3.12/site-packages/airflow/example_dags/example_sla_dag.py
[2024-07-27T21:59:59.059+0000] {processor.py:830} INFO - Processing file /home/airflow/.local/lib/python3.12/site-packages/airflow/example_dags/example_sla_dag.py for tasks to queue
[2024-07-27T21:59:59.060+0000] {logging_mixin.py:188} INFO - [2024-07-27T21:59:59.060+0000] {dagbag.py:545} INFO - Filling up the DagBag from /home/airflow/.local/lib/python3.12/site-packages/airflow/example_dags/example_sla_dag.py
[2024-07-27T21:59:59.066+0000] {processor.py:840} INFO - DAG(s) 'example_sla_dag' retrieved from /home/airflow/.local/lib/python3.12/site-packages/airflow/example_dags/example_sla_dag.py
[2024-07-27T21:59:59.081+0000] {logging_mixin.py:188} INFO - [2024-07-27T21:59:59.081+0000] {dag.py:3089} INFO - Sync 1 DAGs
[2024-07-27T21:59:59.101+0000] {logging_mixin.py:188} INFO - [2024-07-27T21:59:59.101+0000] {dag.py:3947} INFO - Setting next_dagrun for example_sla_dag to 2024-07-27 21:56:00+00:00, run_after=2024-07-27 21:58:00+00:00
[2024-07-27T21:59:59.119+0000] {processor.py:183} INFO - Processing /home/airflow/.local/lib/python3.12/site-packages/airflow/example_dags/example_sla_dag.py took 0.065 seconds
[2024-07-27T22:00:29.504+0000] {processor.py:161} INFO - Started process (PID=2336) to work on /home/airflow/.local/lib/python3.12/site-packages/airflow/example_dags/example_sla_dag.py
[2024-07-27T22:00:29.505+0000] {processor.py:830} INFO - Processing file /home/airflow/.local/lib/python3.12/site-packages/airflow/example_dags/example_sla_dag.py for tasks to queue
[2024-07-27T22:00:29.506+0000] {logging_mixin.py:188} INFO - [2024-07-27T22:00:29.506+0000] {dagbag.py:545} INFO - Filling up the DagBag from /home/airflow/.local/lib/python3.12/site-packages/airflow/example_dags/example_sla_dag.py
[2024-07-27T22:00:29.511+0000] {processor.py:840} INFO - DAG(s) 'example_sla_dag' retrieved from /home/airflow/.local/lib/python3.12/site-packages/airflow/example_dags/example_sla_dag.py
[2024-07-27T22:00:29.521+0000] {logging_mixin.py:188} INFO - [2024-07-27T22:00:29.521+0000] {dag.py:3089} INFO - Sync 1 DAGs
[2024-07-27T22:00:29.532+0000] {logging_mixin.py:188} INFO - [2024-07-27T22:00:29.532+0000] {dag.py:3947} INFO - Setting next_dagrun for example_sla_dag to 2024-07-27 21:58:00+00:00, run_after=2024-07-27 22:00:00+00:00
[2024-07-27T22:00:29.541+0000] {processor.py:183} INFO - Processing /home/airflow/.local/lib/python3.12/site-packages/airflow/example_dags/example_sla_dag.py took 0.040 seconds
[2024-07-27T22:01:00.353+0000] {processor.py:161} INFO - Started process (PID=2594) to work on /home/airflow/.local/lib/python3.12/site-packages/airflow/example_dags/example_sla_dag.py
[2024-07-27T22:01:00.354+0000] {processor.py:830} INFO - Processing file /home/airflow/.local/lib/python3.12/site-packages/airflow/example_dags/example_sla_dag.py for tasks to queue
[2024-07-27T22:01:00.355+0000] {logging_mixin.py:188} INFO - [2024-07-27T22:01:00.355+0000] {dagbag.py:545} INFO - Filling up the DagBag from /home/airflow/.local/lib/python3.12/site-packages/airflow/example_dags/example_sla_dag.py
[2024-07-27T22:01:00.359+0000] {processor.py:840} INFO - DAG(s) 'example_sla_dag' retrieved from /home/airflow/.local/lib/python3.12/site-packages/airflow/example_dags/example_sla_dag.py
[2024-07-27T22:01:00.369+0000] {logging_mixin.py:188} INFO - [2024-07-27T22:01:00.369+0000] {dag.py:3089} INFO - Sync 1 DAGs
[2024-07-27T22:01:00.381+0000] {logging_mixin.py:188} INFO - [2024-07-27T22:01:00.381+0000] {dag.py:3947} INFO - Setting next_dagrun for example_sla_dag to 2024-07-27 21:58:00+00:00, run_after=2024-07-27 22:00:00+00:00
[2024-07-27T22:01:00.393+0000] {processor.py:183} INFO - Processing /home/airflow/.local/lib/python3.12/site-packages/airflow/example_dags/example_sla_dag.py took 0.043 seconds
[2024-07-27T22:01:30.642+0000] {processor.py:161} INFO - Started process (PID=2858) to work on /home/airflow/.local/lib/python3.12/site-packages/airflow/example_dags/example_sla_dag.py
[2024-07-27T22:01:30.643+0000] {processor.py:830} INFO - Processing file /home/airflow/.local/lib/python3.12/site-packages/airflow/example_dags/example_sla_dag.py for tasks to queue
[2024-07-27T22:01:30.644+0000] {logging_mixin.py:188} INFO - [2024-07-27T22:01:30.644+0000] {dagbag.py:545} INFO - Filling up the DagBag from /home/airflow/.local/lib/python3.12/site-packages/airflow/example_dags/example_sla_dag.py
[2024-07-27T22:01:30.649+0000] {processor.py:840} INFO - DAG(s) 'example_sla_dag' retrieved from /home/airflow/.local/lib/python3.12/site-packages/airflow/example_dags/example_sla_dag.py
[2024-07-27T22:01:30.659+0000] {logging_mixin.py:188} INFO - [2024-07-27T22:01:30.659+0000] {dag.py:3089} INFO - Sync 1 DAGs
[2024-07-27T22:01:30.669+0000] {logging_mixin.py:188} INFO - [2024-07-27T22:01:30.669+0000] {dag.py:3947} INFO - Setting next_dagrun for example_sla_dag to 2024-07-27 21:58:00+00:00, run_after=2024-07-27 22:00:00+00:00
[2024-07-27T22:01:30.677+0000] {processor.py:183} INFO - Processing /home/airflow/.local/lib/python3.12/site-packages/airflow/example_dags/example_sla_dag.py took 0.038 seconds
[2024-07-27T22:02:01.169+0000] {processor.py:161} INFO - Started process (PID=3122) to work on /home/airflow/.local/lib/python3.12/site-packages/airflow/example_dags/example_sla_dag.py
[2024-07-27T22:02:01.170+0000] {processor.py:830} INFO - Processing file /home/airflow/.local/lib/python3.12/site-packages/airflow/example_dags/example_sla_dag.py for tasks to queue
[2024-07-27T22:02:01.171+0000] {logging_mixin.py:188} INFO - [2024-07-27T22:02:01.171+0000] {dagbag.py:545} INFO - Filling up the DagBag from /home/airflow/.local/lib/python3.12/site-packages/airflow/example_dags/example_sla_dag.py
[2024-07-27T22:02:01.177+0000] {processor.py:840} INFO - DAG(s) 'example_sla_dag' retrieved from /home/airflow/.local/lib/python3.12/site-packages/airflow/example_dags/example_sla_dag.py
[2024-07-27T22:02:01.190+0000] {logging_mixin.py:188} INFO - [2024-07-27T22:02:01.189+0000] {dag.py:3089} INFO - Sync 1 DAGs
[2024-07-27T22:02:01.202+0000] {logging_mixin.py:188} INFO - [2024-07-27T22:02:01.202+0000] {dag.py:3947} INFO - Setting next_dagrun for example_sla_dag to 2024-07-27 22:00:00+00:00, run_after=2024-07-27 22:02:00+00:00
[2024-07-27T22:02:01.210+0000] {processor.py:183} INFO - Processing /home/airflow/.local/lib/python3.12/site-packages/airflow/example_dags/example_sla_dag.py took 0.046 seconds
[2024-07-27T22:02:31.545+0000] {processor.py:161} INFO - Started process (PID=3385) to work on /home/airflow/.local/lib/python3.12/site-packages/airflow/example_dags/example_sla_dag.py
[2024-07-27T22:02:31.547+0000] {processor.py:830} INFO - Processing file /home/airflow/.local/lib/python3.12/site-packages/airflow/example_dags/example_sla_dag.py for tasks to queue
[2024-07-27T22:02:31.549+0000] {logging_mixin.py:188} INFO - [2024-07-27T22:02:31.549+0000] {dagbag.py:545} INFO - Filling up the DagBag from /home/airflow/.local/lib/python3.12/site-packages/airflow/example_dags/example_sla_dag.py
[2024-07-27T22:02:31.555+0000] {processor.py:840} INFO - DAG(s) 'example_sla_dag' retrieved from /home/airflow/.local/lib/python3.12/site-packages/airflow/example_dags/example_sla_dag.py
[2024-07-27T22:02:31.582+0000] {logging_mixin.py:188} INFO - [2024-07-27T22:02:31.582+0000] {dag.py:3089} INFO - Sync 1 DAGs
[2024-07-27T22:02:31.597+0000] {logging_mixin.py:188} INFO - [2024-07-27T22:02:31.597+0000] {dag.py:3947} INFO - Setting next_dagrun for example_sla_dag to 2024-07-27 22:00:00+00:00, run_after=2024-07-27 22:02:00+00:00
[2024-07-27T22:02:31.606+0000] {processor.py:183} INFO - Processing /home/airflow/.local/lib/python3.12/site-packages/airflow/example_dags/example_sla_dag.py took 0.066 seconds
[2024-07-27T22:03:02.239+0000] {processor.py:161} INFO - Started process (PID=3646) to work on /home/airflow/.local/lib/python3.12/site-packages/airflow/example_dags/example_sla_dag.py
[2024-07-27T22:03:02.239+0000] {processor.py:830} INFO - Processing file /home/airflow/.local/lib/python3.12/site-packages/airflow/example_dags/example_sla_dag.py for tasks to queue
[2024-07-27T22:03:02.241+0000] {logging_mixin.py:188} INFO - [2024-07-27T22:03:02.240+0000] {dagbag.py:545} INFO - Filling up the DagBag from /home/airflow/.local/lib/python3.12/site-packages/airflow/example_dags/example_sla_dag.py
[2024-07-27T22:03:02.247+0000] {processor.py:840} INFO - DAG(s) 'example_sla_dag' retrieved from /home/airflow/.local/lib/python3.12/site-packages/airflow/example_dags/example_sla_dag.py
[2024-07-27T22:03:02.258+0000] {logging_mixin.py:188} INFO - [2024-07-27T22:03:02.258+0000] {dag.py:3089} INFO - Sync 1 DAGs
[2024-07-27T22:03:02.271+0000] {logging_mixin.py:188} INFO - [2024-07-27T22:03:02.271+0000] {dag.py:3947} INFO - Setting next_dagrun for example_sla_dag to 2024-07-27 22:00:00+00:00, run_after=2024-07-27 22:02:00+00:00
[2024-07-27T22:03:02.281+0000] {processor.py:183} INFO - Processing /home/airflow/.local/lib/python3.12/site-packages/airflow/example_dags/example_sla_dag.py took 0.046 seconds
[2024-07-27T22:03:32.943+0000] {processor.py:161} INFO - Started process (PID=3908) to work on /home/airflow/.local/lib/python3.12/site-packages/airflow/example_dags/example_sla_dag.py
[2024-07-27T22:03:32.945+0000] {processor.py:830} INFO - Processing file /home/airflow/.local/lib/python3.12/site-packages/airflow/example_dags/example_sla_dag.py for tasks to queue
[2024-07-27T22:03:32.947+0000] {logging_mixin.py:188} INFO - [2024-07-27T22:03:32.946+0000] {dagbag.py:545} INFO - Filling up the DagBag from /home/airflow/.local/lib/python3.12/site-packages/airflow/example_dags/example_sla_dag.py
[2024-07-27T22:03:32.960+0000] {processor.py:840} INFO - DAG(s) 'example_sla_dag' retrieved from /home/airflow/.local/lib/python3.12/site-packages/airflow/example_dags/example_sla_dag.py
[2024-07-27T22:03:32.981+0000] {logging_mixin.py:188} INFO - [2024-07-27T22:03:32.981+0000] {dag.py:3089} INFO - Sync 1 DAGs
[2024-07-27T22:03:32.999+0000] {logging_mixin.py:188} INFO - [2024-07-27T22:03:32.998+0000] {dag.py:3947} INFO - Setting next_dagrun for example_sla_dag to 2024-07-27 22:00:00+00:00, run_after=2024-07-27 22:02:00+00:00
[2024-07-27T22:03:33.011+0000] {processor.py:183} INFO - Processing /home/airflow/.local/lib/python3.12/site-packages/airflow/example_dags/example_sla_dag.py took 0.073 seconds
[2024-07-27T22:04:03.205+0000] {processor.py:161} INFO - Started process (PID=4170) to work on /home/airflow/.local/lib/python3.12/site-packages/airflow/example_dags/example_sla_dag.py
[2024-07-27T22:04:03.207+0000] {processor.py:830} INFO - Processing file /home/airflow/.local/lib/python3.12/site-packages/airflow/example_dags/example_sla_dag.py for tasks to queue
[2024-07-27T22:04:03.209+0000] {logging_mixin.py:188} INFO - [2024-07-27T22:04:03.209+0000] {dagbag.py:545} INFO - Filling up the DagBag from /home/airflow/.local/lib/python3.12/site-packages/airflow/example_dags/example_sla_dag.py
[2024-07-27T22:04:03.216+0000] {processor.py:840} INFO - DAG(s) 'example_sla_dag' retrieved from /home/airflow/.local/lib/python3.12/site-packages/airflow/example_dags/example_sla_dag.py
[2024-07-27T22:04:03.232+0000] {logging_mixin.py:188} INFO - [2024-07-27T22:04:03.232+0000] {dag.py:3089} INFO - Sync 1 DAGs
[2024-07-27T22:04:03.246+0000] {logging_mixin.py:188} INFO - [2024-07-27T22:04:03.246+0000] {dag.py:3947} INFO - Setting next_dagrun for example_sla_dag to 2024-07-27 22:02:00+00:00, run_after=2024-07-27 22:04:00+00:00
[2024-07-27T22:04:03.255+0000] {processor.py:183} INFO - Processing /home/airflow/.local/lib/python3.12/site-packages/airflow/example_dags/example_sla_dag.py took 0.054 seconds
[2024-07-27T22:04:33.608+0000] {processor.py:161} INFO - Started process (PID=4434) to work on /home/airflow/.local/lib/python3.12/site-packages/airflow/example_dags/example_sla_dag.py
[2024-07-27T22:04:33.609+0000] {processor.py:830} INFO - Processing file /home/airflow/.local/lib/python3.12/site-packages/airflow/example_dags/example_sla_dag.py for tasks to queue
[2024-07-27T22:04:33.610+0000] {logging_mixin.py:188} INFO - [2024-07-27T22:04:33.610+0000] {dagbag.py:545} INFO - Filling up the DagBag from /home/airflow/.local/lib/python3.12/site-packages/airflow/example_dags/example_sla_dag.py
[2024-07-27T22:04:33.615+0000] {processor.py:840} INFO - DAG(s) 'example_sla_dag' retrieved from /home/airflow/.local/lib/python3.12/site-packages/airflow/example_dags/example_sla_dag.py
[2024-07-27T22:04:33.626+0000] {logging_mixin.py:188} INFO - [2024-07-27T22:04:33.626+0000] {dag.py:3089} INFO - Sync 1 DAGs
[2024-07-27T22:04:33.639+0000] {logging_mixin.py:188} INFO - [2024-07-27T22:04:33.639+0000] {dag.py:3947} INFO - Setting next_dagrun for example_sla_dag to 2024-07-27 22:02:00+00:00, run_after=2024-07-27 22:04:00+00:00
[2024-07-27T22:04:33.647+0000] {processor.py:183} INFO - Processing /home/airflow/.local/lib/python3.12/site-packages/airflow/example_dags/example_sla_dag.py took 0.042 seconds
[2024-07-27T22:05:04.060+0000] {processor.py:161} INFO - Started process (PID=4695) to work on /home/airflow/.local/lib/python3.12/site-packages/airflow/example_dags/example_sla_dag.py
[2024-07-27T22:05:04.061+0000] {processor.py:830} INFO - Processing file /home/airflow/.local/lib/python3.12/site-packages/airflow/example_dags/example_sla_dag.py for tasks to queue
[2024-07-27T22:05:04.062+0000] {logging_mixin.py:188} INFO - [2024-07-27T22:05:04.062+0000] {dagbag.py:545} INFO - Filling up the DagBag from /home/airflow/.local/lib/python3.12/site-packages/airflow/example_dags/example_sla_dag.py
[2024-07-27T22:05:04.066+0000] {processor.py:840} INFO - DAG(s) 'example_sla_dag' retrieved from /home/airflow/.local/lib/python3.12/site-packages/airflow/example_dags/example_sla_dag.py
[2024-07-27T22:05:04.077+0000] {logging_mixin.py:188} INFO - [2024-07-27T22:05:04.077+0000] {dag.py:3089} INFO - Sync 1 DAGs
[2024-07-27T22:05:04.089+0000] {logging_mixin.py:188} INFO - [2024-07-27T22:05:04.089+0000] {dag.py:3947} INFO - Setting next_dagrun for example_sla_dag to 2024-07-27 22:02:00+00:00, run_after=2024-07-27 22:04:00+00:00
[2024-07-27T22:05:04.098+0000] {processor.py:183} INFO - Processing /home/airflow/.local/lib/python3.12/site-packages/airflow/example_dags/example_sla_dag.py took 0.041 seconds
[2024-07-27T22:05:34.207+0000] {processor.py:161} INFO - Started process (PID=4955) to work on /home/airflow/.local/lib/python3.12/site-packages/airflow/example_dags/example_sla_dag.py
[2024-07-27T22:05:34.208+0000] {processor.py:830} INFO - Processing file /home/airflow/.local/lib/python3.12/site-packages/airflow/example_dags/example_sla_dag.py for tasks to queue
[2024-07-27T22:05:34.209+0000] {logging_mixin.py:188} INFO - [2024-07-27T22:05:34.209+0000] {dagbag.py:545} INFO - Filling up the DagBag from /home/airflow/.local/lib/python3.12/site-packages/airflow/example_dags/example_sla_dag.py
[2024-07-27T22:05:34.214+0000] {processor.py:840} INFO - DAG(s) 'example_sla_dag' retrieved from /home/airflow/.local/lib/python3.12/site-packages/airflow/example_dags/example_sla_dag.py
[2024-07-27T22:05:34.224+0000] {logging_mixin.py:188} INFO - [2024-07-27T22:05:34.224+0000] {dag.py:3089} INFO - Sync 1 DAGs
[2024-07-27T22:05:34.237+0000] {logging_mixin.py:188} INFO - [2024-07-27T22:05:34.237+0000] {dag.py:3947} INFO - Setting next_dagrun for example_sla_dag to 2024-07-27 22:02:00+00:00, run_after=2024-07-27 22:04:00+00:00
[2024-07-27T22:05:34.246+0000] {processor.py:183} INFO - Processing /home/airflow/.local/lib/python3.12/site-packages/airflow/example_dags/example_sla_dag.py took 0.042 seconds
[2024-07-27T22:06:04.393+0000] {processor.py:161} INFO - Started process (PID=5218) to work on /home/airflow/.local/lib/python3.12/site-packages/airflow/example_dags/example_sla_dag.py
[2024-07-27T22:06:04.394+0000] {processor.py:830} INFO - Processing file /home/airflow/.local/lib/python3.12/site-packages/airflow/example_dags/example_sla_dag.py for tasks to queue
[2024-07-27T22:06:04.395+0000] {logging_mixin.py:188} INFO - [2024-07-27T22:06:04.395+0000] {dagbag.py:545} INFO - Filling up the DagBag from /home/airflow/.local/lib/python3.12/site-packages/airflow/example_dags/example_sla_dag.py
[2024-07-27T22:06:04.399+0000] {processor.py:840} INFO - DAG(s) 'example_sla_dag' retrieved from /home/airflow/.local/lib/python3.12/site-packages/airflow/example_dags/example_sla_dag.py
[2024-07-27T22:06:04.409+0000] {logging_mixin.py:188} INFO - [2024-07-27T22:06:04.409+0000] {dag.py:3089} INFO - Sync 1 DAGs
[2024-07-27T22:06:04.420+0000] {logging_mixin.py:188} INFO - [2024-07-27T22:06:04.420+0000] {dag.py:3947} INFO - Setting next_dagrun for example_sla_dag to 2024-07-27 22:04:00+00:00, run_after=2024-07-27 22:06:00+00:00
[2024-07-27T22:06:04.427+0000] {processor.py:183} INFO - Processing /home/airflow/.local/lib/python3.12/site-packages/airflow/example_dags/example_sla_dag.py took 0.037 seconds
[2024-07-27T22:06:34.812+0000] {processor.py:161} INFO - Started process (PID=5480) to work on /home/airflow/.local/lib/python3.12/site-packages/airflow/example_dags/example_sla_dag.py
[2024-07-27T22:06:34.813+0000] {processor.py:830} INFO - Processing file /home/airflow/.local/lib/python3.12/site-packages/airflow/example_dags/example_sla_dag.py for tasks to queue
[2024-07-27T22:06:34.814+0000] {logging_mixin.py:188} INFO - [2024-07-27T22:06:34.814+0000] {dagbag.py:545} INFO - Filling up the DagBag from /home/airflow/.local/lib/python3.12/site-packages/airflow/example_dags/example_sla_dag.py
[2024-07-27T22:06:34.818+0000] {processor.py:840} INFO - DAG(s) 'example_sla_dag' retrieved from /home/airflow/.local/lib/python3.12/site-packages/airflow/example_dags/example_sla_dag.py
[2024-07-27T22:06:34.828+0000] {logging_mixin.py:188} INFO - [2024-07-27T22:06:34.828+0000] {dag.py:3089} INFO - Sync 1 DAGs
[2024-07-27T22:06:34.840+0000] {logging_mixin.py:188} INFO - [2024-07-27T22:06:34.840+0000] {dag.py:3947} INFO - Setting next_dagrun for example_sla_dag to 2024-07-27 22:04:00+00:00, run_after=2024-07-27 22:06:00+00:00
[2024-07-27T22:06:34.849+0000] {processor.py:183} INFO - Processing /home/airflow/.local/lib/python3.12/site-packages/airflow/example_dags/example_sla_dag.py took 0.040 seconds
[2024-07-27T22:07:05.202+0000] {processor.py:161} INFO - Started process (PID=5740) to work on /home/airflow/.local/lib/python3.12/site-packages/airflow/example_dags/example_sla_dag.py
[2024-07-27T22:07:05.203+0000] {processor.py:830} INFO - Processing file /home/airflow/.local/lib/python3.12/site-packages/airflow/example_dags/example_sla_dag.py for tasks to queue
[2024-07-27T22:07:05.204+0000] {logging_mixin.py:188} INFO - [2024-07-27T22:07:05.204+0000] {dagbag.py:545} INFO - Filling up the DagBag from /home/airflow/.local/lib/python3.12/site-packages/airflow/example_dags/example_sla_dag.py
[2024-07-27T22:07:05.210+0000] {processor.py:840} INFO - DAG(s) 'example_sla_dag' retrieved from /home/airflow/.local/lib/python3.12/site-packages/airflow/example_dags/example_sla_dag.py
[2024-07-27T22:07:05.220+0000] {logging_mixin.py:188} INFO - [2024-07-27T22:07:05.219+0000] {dag.py:3089} INFO - Sync 1 DAGs
[2024-07-27T22:07:05.232+0000] {logging_mixin.py:188} INFO - [2024-07-27T22:07:05.232+0000] {dag.py:3947} INFO - Setting next_dagrun for example_sla_dag to 2024-07-27 22:04:00+00:00, run_after=2024-07-27 22:06:00+00:00
[2024-07-27T22:07:05.241+0000] {processor.py:183} INFO - Processing /home/airflow/.local/lib/python3.12/site-packages/airflow/example_dags/example_sla_dag.py took 0.043 seconds
[2024-07-27T22:07:36.309+0000] {processor.py:161} INFO - Started process (PID=6002) to work on /home/airflow/.local/lib/python3.12/site-packages/airflow/example_dags/example_sla_dag.py
[2024-07-27T22:07:36.311+0000] {processor.py:830} INFO - Processing file /home/airflow/.local/lib/python3.12/site-packages/airflow/example_dags/example_sla_dag.py for tasks to queue
[2024-07-27T22:07:36.315+0000] {logging_mixin.py:188} INFO - [2024-07-27T22:07:36.314+0000] {dagbag.py:545} INFO - Filling up the DagBag from /home/airflow/.local/lib/python3.12/site-packages/airflow/example_dags/example_sla_dag.py
[2024-07-27T22:07:36.328+0000] {processor.py:840} INFO - DAG(s) 'example_sla_dag' retrieved from /home/airflow/.local/lib/python3.12/site-packages/airflow/example_dags/example_sla_dag.py
[2024-07-27T22:07:36.350+0000] {logging_mixin.py:188} INFO - [2024-07-27T22:07:36.350+0000] {dag.py:3089} INFO - Sync 1 DAGs
[2024-07-27T22:07:36.365+0000] {logging_mixin.py:188} INFO - [2024-07-27T22:07:36.365+0000] {dag.py:3947} INFO - Setting next_dagrun for example_sla_dag to 2024-07-27 22:04:00+00:00, run_after=2024-07-27 22:06:00+00:00
[2024-07-27T22:07:36.376+0000] {processor.py:183} INFO - Processing /home/airflow/.local/lib/python3.12/site-packages/airflow/example_dags/example_sla_dag.py took 0.072 seconds
[2024-07-27T22:08:07.391+0000] {processor.py:161} INFO - Started process (PID=6264) to work on /home/airflow/.local/lib/python3.12/site-packages/airflow/example_dags/example_sla_dag.py
[2024-07-27T22:08:07.392+0000] {processor.py:830} INFO - Processing file /home/airflow/.local/lib/python3.12/site-packages/airflow/example_dags/example_sla_dag.py for tasks to queue
[2024-07-27T22:08:07.393+0000] {logging_mixin.py:188} INFO - [2024-07-27T22:08:07.393+0000] {dagbag.py:545} INFO - Filling up the DagBag from /home/airflow/.local/lib/python3.12/site-packages/airflow/example_dags/example_sla_dag.py
[2024-07-27T22:08:07.398+0000] {processor.py:840} INFO - DAG(s) 'example_sla_dag' retrieved from /home/airflow/.local/lib/python3.12/site-packages/airflow/example_dags/example_sla_dag.py
[2024-07-27T22:08:07.409+0000] {logging_mixin.py:188} INFO - [2024-07-27T22:08:07.409+0000] {dag.py:3089} INFO - Sync 1 DAGs
[2024-07-27T22:08:07.421+0000] {logging_mixin.py:188} INFO - [2024-07-27T22:08:07.421+0000] {dag.py:3947} INFO - Setting next_dagrun for example_sla_dag to 2024-07-27 22:06:00+00:00, run_after=2024-07-27 22:08:00+00:00
[2024-07-27T22:08:07.433+0000] {processor.py:183} INFO - Processing /home/airflow/.local/lib/python3.12/site-packages/airflow/example_dags/example_sla_dag.py took 0.045 seconds
[2024-07-27T22:08:37.696+0000] {processor.py:161} INFO - Started process (PID=6526) to work on /home/airflow/.local/lib/python3.12/site-packages/airflow/example_dags/example_sla_dag.py
[2024-07-27T22:08:37.697+0000] {processor.py:830} INFO - Processing file /home/airflow/.local/lib/python3.12/site-packages/airflow/example_dags/example_sla_dag.py for tasks to queue
[2024-07-27T22:08:37.698+0000] {logging_mixin.py:188} INFO - [2024-07-27T22:08:37.698+0000] {dagbag.py:545} INFO - Filling up the DagBag from /home/airflow/.local/lib/python3.12/site-packages/airflow/example_dags/example_sla_dag.py
[2024-07-27T22:08:37.703+0000] {processor.py:840} INFO - DAG(s) 'example_sla_dag' retrieved from /home/airflow/.local/lib/python3.12/site-packages/airflow/example_dags/example_sla_dag.py
[2024-07-27T22:08:37.714+0000] {logging_mixin.py:188} INFO - [2024-07-27T22:08:37.713+0000] {dag.py:3089} INFO - Sync 1 DAGs
[2024-07-27T22:08:37.729+0000] {logging_mixin.py:188} INFO - [2024-07-27T22:08:37.729+0000] {dag.py:3947} INFO - Setting next_dagrun for example_sla_dag to 2024-07-27 22:06:00+00:00, run_after=2024-07-27 22:08:00+00:00
[2024-07-27T22:08:37.746+0000] {processor.py:183} INFO - Processing /home/airflow/.local/lib/python3.12/site-packages/airflow/example_dags/example_sla_dag.py took 0.054 seconds
[2024-07-27T22:09:08.534+0000] {processor.py:161} INFO - Started process (PID=6788) to work on /home/airflow/.local/lib/python3.12/site-packages/airflow/example_dags/example_sla_dag.py
[2024-07-27T22:09:08.535+0000] {processor.py:830} INFO - Processing file /home/airflow/.local/lib/python3.12/site-packages/airflow/example_dags/example_sla_dag.py for tasks to queue
[2024-07-27T22:09:08.537+0000] {logging_mixin.py:188} INFO - [2024-07-27T22:09:08.537+0000] {dagbag.py:545} INFO - Filling up the DagBag from /home/airflow/.local/lib/python3.12/site-packages/airflow/example_dags/example_sla_dag.py
[2024-07-27T22:09:08.545+0000] {processor.py:840} INFO - DAG(s) 'example_sla_dag' retrieved from /home/airflow/.local/lib/python3.12/site-packages/airflow/example_dags/example_sla_dag.py
[2024-07-27T22:09:08.558+0000] {logging_mixin.py:188} INFO - [2024-07-27T22:09:08.558+0000] {dag.py:3089} INFO - Sync 1 DAGs
[2024-07-27T22:09:08.570+0000] {logging_mixin.py:188} INFO - [2024-07-27T22:09:08.570+0000] {dag.py:3947} INFO - Setting next_dagrun for example_sla_dag to 2024-07-27 22:06:00+00:00, run_after=2024-07-27 22:08:00+00:00
[2024-07-27T22:09:08.580+0000] {processor.py:183} INFO - Processing /home/airflow/.local/lib/python3.12/site-packages/airflow/example_dags/example_sla_dag.py took 0.049 seconds
[2024-07-27T22:09:38.721+0000] {processor.py:161} INFO - Started process (PID=7045) to work on /home/airflow/.local/lib/python3.12/site-packages/airflow/example_dags/example_sla_dag.py
[2024-07-27T22:09:38.722+0000] {processor.py:830} INFO - Processing file /home/airflow/.local/lib/python3.12/site-packages/airflow/example_dags/example_sla_dag.py for tasks to queue
[2024-07-27T22:09:38.724+0000] {logging_mixin.py:188} INFO - [2024-07-27T22:09:38.724+0000] {dagbag.py:545} INFO - Filling up the DagBag from /home/airflow/.local/lib/python3.12/site-packages/airflow/example_dags/example_sla_dag.py
[2024-07-27T22:09:38.732+0000] {processor.py:840} INFO - DAG(s) 'example_sla_dag' retrieved from /home/airflow/.local/lib/python3.12/site-packages/airflow/example_dags/example_sla_dag.py
[2024-07-27T22:09:38.745+0000] {logging_mixin.py:188} INFO - [2024-07-27T22:09:38.745+0000] {dag.py:3089} INFO - Sync 1 DAGs
[2024-07-27T22:09:38.759+0000] {logging_mixin.py:188} INFO - [2024-07-27T22:09:38.759+0000] {dag.py:3947} INFO - Setting next_dagrun for example_sla_dag to 2024-07-27 22:06:00+00:00, run_after=2024-07-27 22:08:00+00:00
[2024-07-27T22:09:38.768+0000] {processor.py:183} INFO - Processing /home/airflow/.local/lib/python3.12/site-packages/airflow/example_dags/example_sla_dag.py took 0.053 seconds
[2024-07-27T22:10:09.051+0000] {processor.py:161} INFO - Started process (PID=7307) to work on /home/airflow/.local/lib/python3.12/site-packages/airflow/example_dags/example_sla_dag.py
[2024-07-27T22:10:09.053+0000] {processor.py:830} INFO - Processing file /home/airflow/.local/lib/python3.12/site-packages/airflow/example_dags/example_sla_dag.py for tasks to queue
[2024-07-27T22:10:09.055+0000] {logging_mixin.py:188} INFO - [2024-07-27T22:10:09.054+0000] {dagbag.py:545} INFO - Filling up the DagBag from /home/airflow/.local/lib/python3.12/site-packages/airflow/example_dags/example_sla_dag.py
[2024-07-27T22:10:09.063+0000] {processor.py:840} INFO - DAG(s) 'example_sla_dag' retrieved from /home/airflow/.local/lib/python3.12/site-packages/airflow/example_dags/example_sla_dag.py
[2024-07-27T22:10:09.078+0000] {logging_mixin.py:188} INFO - [2024-07-27T22:10:09.078+0000] {dag.py:3089} INFO - Sync 1 DAGs
[2024-07-27T22:10:09.092+0000] {logging_mixin.py:188} INFO - [2024-07-27T22:10:09.092+0000] {dag.py:3947} INFO - Setting next_dagrun for example_sla_dag to 2024-07-27 22:08:00+00:00, run_after=2024-07-27 22:10:00+00:00
[2024-07-27T22:10:09.100+0000] {processor.py:183} INFO - Processing /home/airflow/.local/lib/python3.12/site-packages/airflow/example_dags/example_sla_dag.py took 0.056 seconds
[2024-07-27T22:10:39.260+0000] {processor.py:161} INFO - Started process (PID=7569) to work on /home/airflow/.local/lib/python3.12/site-packages/airflow/example_dags/example_sla_dag.py
[2024-07-27T22:10:39.261+0000] {processor.py:830} INFO - Processing file /home/airflow/.local/lib/python3.12/site-packages/airflow/example_dags/example_sla_dag.py for tasks to queue
[2024-07-27T22:10:39.263+0000] {logging_mixin.py:188} INFO - [2024-07-27T22:10:39.263+0000] {dagbag.py:545} INFO - Filling up the DagBag from /home/airflow/.local/lib/python3.12/site-packages/airflow/example_dags/example_sla_dag.py
[2024-07-27T22:10:39.272+0000] {processor.py:840} INFO - DAG(s) 'example_sla_dag' retrieved from /home/airflow/.local/lib/python3.12/site-packages/airflow/example_dags/example_sla_dag.py
[2024-07-27T22:10:39.287+0000] {logging_mixin.py:188} INFO - [2024-07-27T22:10:39.286+0000] {dag.py:3089} INFO - Sync 1 DAGs
[2024-07-27T22:10:39.300+0000] {logging_mixin.py:188} INFO - [2024-07-27T22:10:39.300+0000] {dag.py:3947} INFO - Setting next_dagrun for example_sla_dag to 2024-07-27 22:08:00+00:00, run_after=2024-07-27 22:10:00+00:00
[2024-07-27T22:10:39.308+0000] {processor.py:183} INFO - Processing /home/airflow/.local/lib/python3.12/site-packages/airflow/example_dags/example_sla_dag.py took 0.056 seconds
[2024-07-27T22:11:09.480+0000] {processor.py:161} INFO - Started process (PID=7831) to work on /home/airflow/.local/lib/python3.12/site-packages/airflow/example_dags/example_sla_dag.py
[2024-07-27T22:11:09.482+0000] {processor.py:830} INFO - Processing file /home/airflow/.local/lib/python3.12/site-packages/airflow/example_dags/example_sla_dag.py for tasks to queue
[2024-07-27T22:11:09.484+0000] {logging_mixin.py:188} INFO - [2024-07-27T22:11:09.483+0000] {dagbag.py:545} INFO - Filling up the DagBag from /home/airflow/.local/lib/python3.12/site-packages/airflow/example_dags/example_sla_dag.py
[2024-07-27T22:11:09.491+0000] {processor.py:840} INFO - DAG(s) 'example_sla_dag' retrieved from /home/airflow/.local/lib/python3.12/site-packages/airflow/example_dags/example_sla_dag.py
[2024-07-27T22:11:09.505+0000] {logging_mixin.py:188} INFO - [2024-07-27T22:11:09.505+0000] {dag.py:3089} INFO - Sync 1 DAGs
[2024-07-27T22:11:09.518+0000] {logging_mixin.py:188} INFO - [2024-07-27T22:11:09.518+0000] {dag.py:3947} INFO - Setting next_dagrun for example_sla_dag to 2024-07-27 22:08:00+00:00, run_after=2024-07-27 22:10:00+00:00
[2024-07-27T22:11:09.526+0000] {processor.py:183} INFO - Processing /home/airflow/.local/lib/python3.12/site-packages/airflow/example_dags/example_sla_dag.py took 0.053 seconds
[2024-07-27T22:11:39.711+0000] {processor.py:161} INFO - Started process (PID=8093) to work on /home/airflow/.local/lib/python3.12/site-packages/airflow/example_dags/example_sla_dag.py
[2024-07-27T22:11:39.712+0000] {processor.py:830} INFO - Processing file /home/airflow/.local/lib/python3.12/site-packages/airflow/example_dags/example_sla_dag.py for tasks to queue
[2024-07-27T22:11:39.714+0000] {logging_mixin.py:188} INFO - [2024-07-27T22:11:39.714+0000] {dagbag.py:545} INFO - Filling up the DagBag from /home/airflow/.local/lib/python3.12/site-packages/airflow/example_dags/example_sla_dag.py
[2024-07-27T22:11:39.723+0000] {processor.py:840} INFO - DAG(s) 'example_sla_dag' retrieved from /home/airflow/.local/lib/python3.12/site-packages/airflow/example_dags/example_sla_dag.py
[2024-07-27T22:11:39.739+0000] {logging_mixin.py:188} INFO - [2024-07-27T22:11:39.739+0000] {dag.py:3089} INFO - Sync 1 DAGs
[2024-07-27T22:11:39.752+0000] {logging_mixin.py:188} INFO - [2024-07-27T22:11:39.752+0000] {dag.py:3947} INFO - Setting next_dagrun for example_sla_dag to 2024-07-27 22:08:00+00:00, run_after=2024-07-27 22:10:00+00:00
[2024-07-27T22:11:39.760+0000] {processor.py:183} INFO - Processing /home/airflow/.local/lib/python3.12/site-packages/airflow/example_dags/example_sla_dag.py took 0.056 seconds
[2024-07-27T22:12:10.162+0000] {processor.py:161} INFO - Started process (PID=8356) to work on /home/airflow/.local/lib/python3.12/site-packages/airflow/example_dags/example_sla_dag.py
[2024-07-27T22:12:10.163+0000] {processor.py:830} INFO - Processing file /home/airflow/.local/lib/python3.12/site-packages/airflow/example_dags/example_sla_dag.py for tasks to queue
[2024-07-27T22:12:10.165+0000] {logging_mixin.py:188} INFO - [2024-07-27T22:12:10.164+0000] {dagbag.py:545} INFO - Filling up the DagBag from /home/airflow/.local/lib/python3.12/site-packages/airflow/example_dags/example_sla_dag.py
[2024-07-27T22:12:10.173+0000] {processor.py:840} INFO - DAG(s) 'example_sla_dag' retrieved from /home/airflow/.local/lib/python3.12/site-packages/airflow/example_dags/example_sla_dag.py
[2024-07-27T22:12:10.187+0000] {logging_mixin.py:188} INFO - [2024-07-27T22:12:10.187+0000] {dag.py:3089} INFO - Sync 1 DAGs
[2024-07-27T22:12:10.201+0000] {logging_mixin.py:188} INFO - [2024-07-27T22:12:10.201+0000] {dag.py:3947} INFO - Setting next_dagrun for example_sla_dag to 2024-07-27 22:10:00+00:00, run_after=2024-07-27 22:12:00+00:00
[2024-07-27T22:12:10.209+0000] {processor.py:183} INFO - Processing /home/airflow/.local/lib/python3.12/site-packages/airflow/example_dags/example_sla_dag.py took 0.055 seconds
[2024-07-27T22:12:40.596+0000] {processor.py:161} INFO - Started process (PID=8618) to work on /home/airflow/.local/lib/python3.12/site-packages/airflow/example_dags/example_sla_dag.py
[2024-07-27T22:12:40.597+0000] {processor.py:830} INFO - Processing file /home/airflow/.local/lib/python3.12/site-packages/airflow/example_dags/example_sla_dag.py for tasks to queue
[2024-07-27T22:12:40.598+0000] {logging_mixin.py:188} INFO - [2024-07-27T22:12:40.598+0000] {dagbag.py:545} INFO - Filling up the DagBag from /home/airflow/.local/lib/python3.12/site-packages/airflow/example_dags/example_sla_dag.py
[2024-07-27T22:12:40.604+0000] {processor.py:840} INFO - DAG(s) 'example_sla_dag' retrieved from /home/airflow/.local/lib/python3.12/site-packages/airflow/example_dags/example_sla_dag.py
[2024-07-27T22:12:40.615+0000] {logging_mixin.py:188} INFO - [2024-07-27T22:12:40.615+0000] {dag.py:3089} INFO - Sync 1 DAGs
[2024-07-27T22:12:40.627+0000] {logging_mixin.py:188} INFO - [2024-07-27T22:12:40.627+0000] {dag.py:3947} INFO - Setting next_dagrun for example_sla_dag to 2024-07-27 22:10:00+00:00, run_after=2024-07-27 22:12:00+00:00
[2024-07-27T22:12:40.636+0000] {processor.py:183} INFO - Processing /home/airflow/.local/lib/python3.12/site-packages/airflow/example_dags/example_sla_dag.py took 0.044 seconds
[2024-07-27T22:13:10.814+0000] {processor.py:161} INFO - Started process (PID=8880) to work on /home/airflow/.local/lib/python3.12/site-packages/airflow/example_dags/example_sla_dag.py
[2024-07-27T22:13:10.815+0000] {processor.py:830} INFO - Processing file /home/airflow/.local/lib/python3.12/site-packages/airflow/example_dags/example_sla_dag.py for tasks to queue
[2024-07-27T22:13:10.816+0000] {logging_mixin.py:188} INFO - [2024-07-27T22:13:10.816+0000] {dagbag.py:545} INFO - Filling up the DagBag from /home/airflow/.local/lib/python3.12/site-packages/airflow/example_dags/example_sla_dag.py
[2024-07-27T22:13:10.825+0000] {processor.py:840} INFO - DAG(s) 'example_sla_dag' retrieved from /home/airflow/.local/lib/python3.12/site-packages/airflow/example_dags/example_sla_dag.py
[2024-07-27T22:13:10.841+0000] {logging_mixin.py:188} INFO - [2024-07-27T22:13:10.841+0000] {dag.py:3089} INFO - Sync 1 DAGs
[2024-07-27T22:13:10.857+0000] {logging_mixin.py:188} INFO - [2024-07-27T22:13:10.857+0000] {dag.py:3947} INFO - Setting next_dagrun for example_sla_dag to 2024-07-27 22:10:00+00:00, run_after=2024-07-27 22:12:00+00:00
[2024-07-27T22:13:10.866+0000] {processor.py:183} INFO - Processing /home/airflow/.local/lib/python3.12/site-packages/airflow/example_dags/example_sla_dag.py took 0.056 seconds
[2024-07-27T22:13:41.061+0000] {processor.py:161} INFO - Started process (PID=9142) to work on /home/airflow/.local/lib/python3.12/site-packages/airflow/example_dags/example_sla_dag.py
[2024-07-27T22:13:41.062+0000] {processor.py:830} INFO - Processing file /home/airflow/.local/lib/python3.12/site-packages/airflow/example_dags/example_sla_dag.py for tasks to queue
[2024-07-27T22:13:41.064+0000] {logging_mixin.py:188} INFO - [2024-07-27T22:13:41.064+0000] {dagbag.py:545} INFO - Filling up the DagBag from /home/airflow/.local/lib/python3.12/site-packages/airflow/example_dags/example_sla_dag.py
[2024-07-27T22:13:41.074+0000] {processor.py:840} INFO - DAG(s) 'example_sla_dag' retrieved from /home/airflow/.local/lib/python3.12/site-packages/airflow/example_dags/example_sla_dag.py
[2024-07-27T22:13:41.089+0000] {logging_mixin.py:188} INFO - [2024-07-27T22:13:41.088+0000] {dag.py:3089} INFO - Sync 1 DAGs
[2024-07-27T22:13:41.104+0000] {logging_mixin.py:188} INFO - [2024-07-27T22:13:41.104+0000] {dag.py:3947} INFO - Setting next_dagrun for example_sla_dag to 2024-07-27 22:10:00+00:00, run_after=2024-07-27 22:12:00+00:00
[2024-07-27T22:13:41.112+0000] {processor.py:183} INFO - Processing /home/airflow/.local/lib/python3.12/site-packages/airflow/example_dags/example_sla_dag.py took 0.058 seconds
[2024-07-27T22:14:11.393+0000] {processor.py:161} INFO - Started process (PID=9404) to work on /home/airflow/.local/lib/python3.12/site-packages/airflow/example_dags/example_sla_dag.py
[2024-07-27T22:14:11.394+0000] {processor.py:830} INFO - Processing file /home/airflow/.local/lib/python3.12/site-packages/airflow/example_dags/example_sla_dag.py for tasks to queue
[2024-07-27T22:14:11.396+0000] {logging_mixin.py:188} INFO - [2024-07-27T22:14:11.396+0000] {dagbag.py:545} INFO - Filling up the DagBag from /home/airflow/.local/lib/python3.12/site-packages/airflow/example_dags/example_sla_dag.py
[2024-07-27T22:14:11.405+0000] {processor.py:840} INFO - DAG(s) 'example_sla_dag' retrieved from /home/airflow/.local/lib/python3.12/site-packages/airflow/example_dags/example_sla_dag.py
[2024-07-27T22:14:11.421+0000] {logging_mixin.py:188} INFO - [2024-07-27T22:14:11.421+0000] {dag.py:3089} INFO - Sync 1 DAGs
[2024-07-27T22:14:11.440+0000] {logging_mixin.py:188} INFO - [2024-07-27T22:14:11.440+0000] {dag.py:3947} INFO - Setting next_dagrun for example_sla_dag to 2024-07-27 22:12:00+00:00, run_after=2024-07-27 22:14:00+00:00
[2024-07-27T22:14:11.454+0000] {processor.py:183} INFO - Processing /home/airflow/.local/lib/python3.12/site-packages/airflow/example_dags/example_sla_dag.py took 0.067 seconds
[2024-07-27T22:14:41.890+0000] {processor.py:161} INFO - Started process (PID=9671) to work on /home/airflow/.local/lib/python3.12/site-packages/airflow/example_dags/example_sla_dag.py
[2024-07-27T22:14:41.892+0000] {processor.py:830} INFO - Processing file /home/airflow/.local/lib/python3.12/site-packages/airflow/example_dags/example_sla_dag.py for tasks to queue
[2024-07-27T22:14:41.894+0000] {logging_mixin.py:188} INFO - [2024-07-27T22:14:41.894+0000] {dagbag.py:545} INFO - Filling up the DagBag from /home/airflow/.local/lib/python3.12/site-packages/airflow/example_dags/example_sla_dag.py
[2024-07-27T22:14:41.905+0000] {processor.py:840} INFO - DAG(s) 'example_sla_dag' retrieved from /home/airflow/.local/lib/python3.12/site-packages/airflow/example_dags/example_sla_dag.py
[2024-07-27T22:14:41.922+0000] {logging_mixin.py:188} INFO - [2024-07-27T22:14:41.922+0000] {dag.py:3089} INFO - Sync 1 DAGs
[2024-07-27T22:14:41.938+0000] {logging_mixin.py:188} INFO - [2024-07-27T22:14:41.938+0000] {dag.py:3947} INFO - Setting next_dagrun for example_sla_dag to 2024-07-27 22:12:00+00:00, run_after=2024-07-27 22:14:00+00:00
[2024-07-27T22:14:41.948+0000] {processor.py:183} INFO - Processing /home/airflow/.local/lib/python3.12/site-packages/airflow/example_dags/example_sla_dag.py took 0.063 seconds
[2024-07-27T22:15:12.247+0000] {processor.py:161} INFO - Started process (PID=9934) to work on /home/airflow/.local/lib/python3.12/site-packages/airflow/example_dags/example_sla_dag.py
[2024-07-27T22:15:12.248+0000] {processor.py:830} INFO - Processing file /home/airflow/.local/lib/python3.12/site-packages/airflow/example_dags/example_sla_dag.py for tasks to queue
[2024-07-27T22:15:12.250+0000] {logging_mixin.py:188} INFO - [2024-07-27T22:15:12.249+0000] {dagbag.py:545} INFO - Filling up the DagBag from /home/airflow/.local/lib/python3.12/site-packages/airflow/example_dags/example_sla_dag.py
[2024-07-27T22:15:12.257+0000] {processor.py:840} INFO - DAG(s) 'example_sla_dag' retrieved from /home/airflow/.local/lib/python3.12/site-packages/airflow/example_dags/example_sla_dag.py
[2024-07-27T22:15:12.275+0000] {logging_mixin.py:188} INFO - [2024-07-27T22:15:12.275+0000] {dag.py:3089} INFO - Sync 1 DAGs
[2024-07-27T22:15:12.288+0000] {logging_mixin.py:188} INFO - [2024-07-27T22:15:12.288+0000] {dag.py:3947} INFO - Setting next_dagrun for example_sla_dag to 2024-07-27 22:12:00+00:00, run_after=2024-07-27 22:14:00+00:00
[2024-07-27T22:15:12.298+0000] {processor.py:183} INFO - Processing /home/airflow/.local/lib/python3.12/site-packages/airflow/example_dags/example_sla_dag.py took 0.055 seconds
[2024-07-27T22:15:42.391+0000] {processor.py:161} INFO - Started process (PID=10195) to work on /home/airflow/.local/lib/python3.12/site-packages/airflow/example_dags/example_sla_dag.py
[2024-07-27T22:15:42.392+0000] {processor.py:830} INFO - Processing file /home/airflow/.local/lib/python3.12/site-packages/airflow/example_dags/example_sla_dag.py for tasks to queue
[2024-07-27T22:15:42.394+0000] {logging_mixin.py:188} INFO - [2024-07-27T22:15:42.394+0000] {dagbag.py:545} INFO - Filling up the DagBag from /home/airflow/.local/lib/python3.12/site-packages/airflow/example_dags/example_sla_dag.py
[2024-07-27T22:15:42.402+0000] {processor.py:840} INFO - DAG(s) 'example_sla_dag' retrieved from /home/airflow/.local/lib/python3.12/site-packages/airflow/example_dags/example_sla_dag.py
[2024-07-27T22:15:42.417+0000] {logging_mixin.py:188} INFO - [2024-07-27T22:15:42.417+0000] {dag.py:3089} INFO - Sync 1 DAGs
[2024-07-27T22:15:42.432+0000] {logging_mixin.py:188} INFO - [2024-07-27T22:15:42.432+0000] {dag.py:3947} INFO - Setting next_dagrun for example_sla_dag to 2024-07-27 22:12:00+00:00, run_after=2024-07-27 22:14:00+00:00
[2024-07-27T22:15:42.440+0000] {processor.py:183} INFO - Processing /home/airflow/.local/lib/python3.12/site-packages/airflow/example_dags/example_sla_dag.py took 0.054 seconds
[2024-07-27T22:16:13.148+0000] {processor.py:161} INFO - Started process (PID=10459) to work on /home/airflow/.local/lib/python3.12/site-packages/airflow/example_dags/example_sla_dag.py
[2024-07-27T22:16:13.149+0000] {processor.py:830} INFO - Processing file /home/airflow/.local/lib/python3.12/site-packages/airflow/example_dags/example_sla_dag.py for tasks to queue
[2024-07-27T22:16:13.151+0000] {logging_mixin.py:188} INFO - [2024-07-27T22:16:13.151+0000] {dagbag.py:545} INFO - Filling up the DagBag from /home/airflow/.local/lib/python3.12/site-packages/airflow/example_dags/example_sla_dag.py
[2024-07-27T22:16:13.159+0000] {processor.py:840} INFO - DAG(s) 'example_sla_dag' retrieved from /home/airflow/.local/lib/python3.12/site-packages/airflow/example_dags/example_sla_dag.py
[2024-07-27T22:16:13.176+0000] {logging_mixin.py:188} INFO - [2024-07-27T22:16:13.176+0000] {dag.py:3089} INFO - Sync 1 DAGs
[2024-07-27T22:16:13.196+0000] {logging_mixin.py:188} INFO - [2024-07-27T22:16:13.196+0000] {dag.py:3947} INFO - Setting next_dagrun for example_sla_dag to 2024-07-27 22:14:00+00:00, run_after=2024-07-27 22:16:00+00:00
[2024-07-27T22:16:13.601+0000] {processor.py:183} INFO - Processing /home/airflow/.local/lib/python3.12/site-packages/airflow/example_dags/example_sla_dag.py took 0.458 seconds
[2024-07-27T22:16:44.251+0000] {processor.py:161} INFO - Started process (PID=10721) to work on /home/airflow/.local/lib/python3.12/site-packages/airflow/example_dags/example_sla_dag.py
[2024-07-27T22:16:44.252+0000] {processor.py:830} INFO - Processing file /home/airflow/.local/lib/python3.12/site-packages/airflow/example_dags/example_sla_dag.py for tasks to queue
[2024-07-27T22:16:44.254+0000] {logging_mixin.py:188} INFO - [2024-07-27T22:16:44.254+0000] {dagbag.py:545} INFO - Filling up the DagBag from /home/airflow/.local/lib/python3.12/site-packages/airflow/example_dags/example_sla_dag.py
[2024-07-27T22:16:44.264+0000] {processor.py:840} INFO - DAG(s) 'example_sla_dag' retrieved from /home/airflow/.local/lib/python3.12/site-packages/airflow/example_dags/example_sla_dag.py
[2024-07-27T22:16:44.281+0000] {logging_mixin.py:188} INFO - [2024-07-27T22:16:44.281+0000] {dag.py:3089} INFO - Sync 1 DAGs
[2024-07-27T22:16:44.295+0000] {logging_mixin.py:188} INFO - [2024-07-27T22:16:44.295+0000] {dag.py:3947} INFO - Setting next_dagrun for example_sla_dag to 2024-07-27 22:14:00+00:00, run_after=2024-07-27 22:16:00+00:00
[2024-07-27T22:16:44.303+0000] {processor.py:183} INFO - Processing /home/airflow/.local/lib/python3.12/site-packages/airflow/example_dags/example_sla_dag.py took 0.059 seconds
[2024-07-27T22:17:14.760+0000] {processor.py:161} INFO - Started process (PID=10983) to work on /home/airflow/.local/lib/python3.12/site-packages/airflow/example_dags/example_sla_dag.py
[2024-07-27T22:17:14.761+0000] {processor.py:830} INFO - Processing file /home/airflow/.local/lib/python3.12/site-packages/airflow/example_dags/example_sla_dag.py for tasks to queue
[2024-07-27T22:17:14.764+0000] {logging_mixin.py:188} INFO - [2024-07-27T22:17:14.763+0000] {dagbag.py:545} INFO - Filling up the DagBag from /home/airflow/.local/lib/python3.12/site-packages/airflow/example_dags/example_sla_dag.py
[2024-07-27T22:17:14.773+0000] {processor.py:840} INFO - DAG(s) 'example_sla_dag' retrieved from /home/airflow/.local/lib/python3.12/site-packages/airflow/example_dags/example_sla_dag.py
[2024-07-27T22:17:14.788+0000] {logging_mixin.py:188} INFO - [2024-07-27T22:17:14.788+0000] {dag.py:3089} INFO - Sync 1 DAGs
[2024-07-27T22:17:14.802+0000] {logging_mixin.py:188} INFO - [2024-07-27T22:17:14.802+0000] {dag.py:3947} INFO - Setting next_dagrun for example_sla_dag to 2024-07-27 22:14:00+00:00, run_after=2024-07-27 22:16:00+00:00
[2024-07-27T22:17:14.811+0000] {processor.py:183} INFO - Processing /home/airflow/.local/lib/python3.12/site-packages/airflow/example_dags/example_sla_dag.py took 0.060 seconds
[2024-07-27T22:17:45.593+0000] {processor.py:161} INFO - Started process (PID=11245) to work on /home/airflow/.local/lib/python3.12/site-packages/airflow/example_dags/example_sla_dag.py
[2024-07-27T22:17:45.594+0000] {processor.py:830} INFO - Processing file /home/airflow/.local/lib/python3.12/site-packages/airflow/example_dags/example_sla_dag.py for tasks to queue
[2024-07-27T22:17:45.595+0000] {logging_mixin.py:188} INFO - [2024-07-27T22:17:45.595+0000] {dagbag.py:545} INFO - Filling up the DagBag from /home/airflow/.local/lib/python3.12/site-packages/airflow/example_dags/example_sla_dag.py
[2024-07-27T22:17:45.613+0000] {processor.py:840} INFO - DAG(s) 'example_sla_dag' retrieved from /home/airflow/.local/lib/python3.12/site-packages/airflow/example_dags/example_sla_dag.py
[2024-07-27T22:17:45.630+0000] {logging_mixin.py:188} INFO - [2024-07-27T22:17:45.629+0000] {dag.py:3089} INFO - Sync 1 DAGs
[2024-07-27T22:17:45.844+0000] {logging_mixin.py:188} INFO - [2024-07-27T22:17:45.844+0000] {dag.py:3947} INFO - Setting next_dagrun for example_sla_dag to 2024-07-27 22:14:00+00:00, run_after=2024-07-27 22:16:00+00:00
[2024-07-27T22:17:45.852+0000] {processor.py:183} INFO - Processing /home/airflow/.local/lib/python3.12/site-packages/airflow/example_dags/example_sla_dag.py took 0.267 seconds
[2024-07-27T22:18:16.732+0000] {processor.py:161} INFO - Started process (PID=11507) to work on /home/airflow/.local/lib/python3.12/site-packages/airflow/example_dags/example_sla_dag.py
[2024-07-27T22:18:16.733+0000] {processor.py:830} INFO - Processing file /home/airflow/.local/lib/python3.12/site-packages/airflow/example_dags/example_sla_dag.py for tasks to queue
[2024-07-27T22:18:16.736+0000] {logging_mixin.py:188} INFO - [2024-07-27T22:18:16.735+0000] {dagbag.py:545} INFO - Filling up the DagBag from /home/airflow/.local/lib/python3.12/site-packages/airflow/example_dags/example_sla_dag.py
[2024-07-27T22:18:16.747+0000] {processor.py:840} INFO - DAG(s) 'example_sla_dag' retrieved from /home/airflow/.local/lib/python3.12/site-packages/airflow/example_dags/example_sla_dag.py
[2024-07-27T22:18:16.762+0000] {logging_mixin.py:188} INFO - [2024-07-27T22:18:16.762+0000] {dag.py:3089} INFO - Sync 1 DAGs
[2024-07-27T22:18:16.775+0000] {logging_mixin.py:188} INFO - [2024-07-27T22:18:16.775+0000] {dag.py:3947} INFO - Setting next_dagrun for example_sla_dag to 2024-07-27 22:16:00+00:00, run_after=2024-07-27 22:18:00+00:00
[2024-07-27T22:18:16.784+0000] {processor.py:183} INFO - Processing /home/airflow/.local/lib/python3.12/site-packages/airflow/example_dags/example_sla_dag.py took 0.058 seconds
[2024-07-27T22:18:46.912+0000] {processor.py:161} INFO - Started process (PID=11769) to work on /home/airflow/.local/lib/python3.12/site-packages/airflow/example_dags/example_sla_dag.py
[2024-07-27T22:18:46.913+0000] {processor.py:830} INFO - Processing file /home/airflow/.local/lib/python3.12/site-packages/airflow/example_dags/example_sla_dag.py for tasks to queue
[2024-07-27T22:18:46.915+0000] {logging_mixin.py:188} INFO - [2024-07-27T22:18:46.915+0000] {dagbag.py:545} INFO - Filling up the DagBag from /home/airflow/.local/lib/python3.12/site-packages/airflow/example_dags/example_sla_dag.py
[2024-07-27T22:18:46.923+0000] {processor.py:840} INFO - DAG(s) 'example_sla_dag' retrieved from /home/airflow/.local/lib/python3.12/site-packages/airflow/example_dags/example_sla_dag.py
[2024-07-27T22:18:46.940+0000] {logging_mixin.py:188} INFO - [2024-07-27T22:18:46.940+0000] {dag.py:3089} INFO - Sync 1 DAGs
[2024-07-27T22:18:46.954+0000] {logging_mixin.py:188} INFO - [2024-07-27T22:18:46.954+0000] {dag.py:3947} INFO - Setting next_dagrun for example_sla_dag to 2024-07-27 22:16:00+00:00, run_after=2024-07-27 22:18:00+00:00
[2024-07-27T22:18:46.963+0000] {processor.py:183} INFO - Processing /home/airflow/.local/lib/python3.12/site-packages/airflow/example_dags/example_sla_dag.py took 0.059 seconds
[2024-07-27T22:19:17.370+0000] {processor.py:161} INFO - Started process (PID=12033) to work on /home/airflow/.local/lib/python3.12/site-packages/airflow/example_dags/example_sla_dag.py
[2024-07-27T22:19:17.371+0000] {processor.py:830} INFO - Processing file /home/airflow/.local/lib/python3.12/site-packages/airflow/example_dags/example_sla_dag.py for tasks to queue
[2024-07-27T22:19:17.373+0000] {logging_mixin.py:188} INFO - [2024-07-27T22:19:17.372+0000] {dagbag.py:545} INFO - Filling up the DagBag from /home/airflow/.local/lib/python3.12/site-packages/airflow/example_dags/example_sla_dag.py
[2024-07-27T22:19:17.378+0000] {processor.py:840} INFO - DAG(s) 'example_sla_dag' retrieved from /home/airflow/.local/lib/python3.12/site-packages/airflow/example_dags/example_sla_dag.py
[2024-07-27T22:19:17.392+0000] {logging_mixin.py:188} INFO - [2024-07-27T22:19:17.391+0000] {dag.py:3089} INFO - Sync 1 DAGs
[2024-07-27T22:19:17.405+0000] {logging_mixin.py:188} INFO - [2024-07-27T22:19:17.405+0000] {dag.py:3947} INFO - Setting next_dagrun for example_sla_dag to 2024-07-27 22:16:00+00:00, run_after=2024-07-27 22:18:00+00:00
[2024-07-27T22:19:17.414+0000] {processor.py:183} INFO - Processing /home/airflow/.local/lib/python3.12/site-packages/airflow/example_dags/example_sla_dag.py took 0.048 seconds
[2024-07-27T22:19:47.568+0000] {processor.py:161} INFO - Started process (PID=12293) to work on /home/airflow/.local/lib/python3.12/site-packages/airflow/example_dags/example_sla_dag.py
[2024-07-27T22:19:47.569+0000] {processor.py:830} INFO - Processing file /home/airflow/.local/lib/python3.12/site-packages/airflow/example_dags/example_sla_dag.py for tasks to queue
[2024-07-27T22:19:47.570+0000] {logging_mixin.py:188} INFO - [2024-07-27T22:19:47.570+0000] {dagbag.py:545} INFO - Filling up the DagBag from /home/airflow/.local/lib/python3.12/site-packages/airflow/example_dags/example_sla_dag.py
[2024-07-27T22:19:47.576+0000] {processor.py:840} INFO - DAG(s) 'example_sla_dag' retrieved from /home/airflow/.local/lib/python3.12/site-packages/airflow/example_dags/example_sla_dag.py
[2024-07-27T22:19:47.586+0000] {logging_mixin.py:188} INFO - [2024-07-27T22:19:47.586+0000] {dag.py:3089} INFO - Sync 1 DAGs
[2024-07-27T22:19:47.601+0000] {logging_mixin.py:188} INFO - [2024-07-27T22:19:47.601+0000] {dag.py:3947} INFO - Setting next_dagrun for example_sla_dag to 2024-07-27 22:16:00+00:00, run_after=2024-07-27 22:18:00+00:00
[2024-07-27T22:19:47.610+0000] {processor.py:183} INFO - Processing /home/airflow/.local/lib/python3.12/site-packages/airflow/example_dags/example_sla_dag.py took 0.046 seconds
[2024-07-27T22:20:18.101+0000] {processor.py:161} INFO - Started process (PID=12560) to work on /home/airflow/.local/lib/python3.12/site-packages/airflow/example_dags/example_sla_dag.py
[2024-07-27T22:20:18.102+0000] {processor.py:830} INFO - Processing file /home/airflow/.local/lib/python3.12/site-packages/airflow/example_dags/example_sla_dag.py for tasks to queue
[2024-07-27T22:20:18.104+0000] {logging_mixin.py:188} INFO - [2024-07-27T22:20:18.103+0000] {dagbag.py:545} INFO - Filling up the DagBag from /home/airflow/.local/lib/python3.12/site-packages/airflow/example_dags/example_sla_dag.py
[2024-07-27T22:20:18.109+0000] {processor.py:840} INFO - DAG(s) 'example_sla_dag' retrieved from /home/airflow/.local/lib/python3.12/site-packages/airflow/example_dags/example_sla_dag.py
[2024-07-27T22:20:18.121+0000] {logging_mixin.py:188} INFO - [2024-07-27T22:20:18.121+0000] {dag.py:3089} INFO - Sync 1 DAGs
[2024-07-27T22:20:18.134+0000] {logging_mixin.py:188} INFO - [2024-07-27T22:20:18.133+0000] {dag.py:3947} INFO - Setting next_dagrun for example_sla_dag to 2024-07-27 22:18:00+00:00, run_after=2024-07-27 22:20:00+00:00
[2024-07-27T22:20:18.142+0000] {processor.py:183} INFO - Processing /home/airflow/.local/lib/python3.12/site-packages/airflow/example_dags/example_sla_dag.py took 0.047 seconds
[2024-07-27T22:20:48.595+0000] {processor.py:161} INFO - Started process (PID=12829) to work on /home/airflow/.local/lib/python3.12/site-packages/airflow/example_dags/example_sla_dag.py
[2024-07-27T22:20:48.596+0000] {processor.py:830} INFO - Processing file /home/airflow/.local/lib/python3.12/site-packages/airflow/example_dags/example_sla_dag.py for tasks to queue
[2024-07-27T22:20:48.598+0000] {logging_mixin.py:188} INFO - [2024-07-27T22:20:48.598+0000] {dagbag.py:545} INFO - Filling up the DagBag from /home/airflow/.local/lib/python3.12/site-packages/airflow/example_dags/example_sla_dag.py
[2024-07-27T22:20:48.610+0000] {processor.py:840} INFO - DAG(s) 'example_sla_dag' retrieved from /home/airflow/.local/lib/python3.12/site-packages/airflow/example_dags/example_sla_dag.py
[2024-07-27T22:20:48.635+0000] {logging_mixin.py:188} INFO - [2024-07-27T22:20:48.635+0000] {dag.py:3089} INFO - Sync 1 DAGs
[2024-07-27T22:20:48.653+0000] {logging_mixin.py:188} INFO - [2024-07-27T22:20:48.653+0000] {dag.py:3947} INFO - Setting next_dagrun for example_sla_dag to 2024-07-27 22:18:00+00:00, run_after=2024-07-27 22:20:00+00:00
[2024-07-27T22:20:48.666+0000] {processor.py:183} INFO - Processing /home/airflow/.local/lib/python3.12/site-packages/airflow/example_dags/example_sla_dag.py took 0.075 seconds
[2024-07-27T22:21:18.983+0000] {processor.py:161} INFO - Started process (PID=13096) to work on /home/airflow/.local/lib/python3.12/site-packages/airflow/example_dags/example_sla_dag.py
[2024-07-27T22:21:18.985+0000] {processor.py:830} INFO - Processing file /home/airflow/.local/lib/python3.12/site-packages/airflow/example_dags/example_sla_dag.py for tasks to queue
[2024-07-27T22:21:18.987+0000] {logging_mixin.py:188} INFO - [2024-07-27T22:21:18.986+0000] {dagbag.py:545} INFO - Filling up the DagBag from /home/airflow/.local/lib/python3.12/site-packages/airflow/example_dags/example_sla_dag.py
[2024-07-27T22:21:18.995+0000] {processor.py:840} INFO - DAG(s) 'example_sla_dag' retrieved from /home/airflow/.local/lib/python3.12/site-packages/airflow/example_dags/example_sla_dag.py
[2024-07-27T22:21:19.011+0000] {logging_mixin.py:188} INFO - [2024-07-27T22:21:19.011+0000] {dag.py:3089} INFO - Sync 1 DAGs
[2024-07-27T22:21:19.026+0000] {logging_mixin.py:188} INFO - [2024-07-27T22:21:19.026+0000] {dag.py:3947} INFO - Setting next_dagrun for example_sla_dag to 2024-07-27 22:18:00+00:00, run_after=2024-07-27 22:20:00+00:00
[2024-07-27T22:21:19.036+0000] {processor.py:183} INFO - Processing /home/airflow/.local/lib/python3.12/site-packages/airflow/example_dags/example_sla_dag.py took 0.060 seconds
[2024-07-27T22:21:49.381+0000] {processor.py:161} INFO - Started process (PID=13368) to work on /home/airflow/.local/lib/python3.12/site-packages/airflow/example_dags/example_sla_dag.py
[2024-07-27T22:21:49.383+0000] {processor.py:830} INFO - Processing file /home/airflow/.local/lib/python3.12/site-packages/airflow/example_dags/example_sla_dag.py for tasks to queue
[2024-07-27T22:21:49.384+0000] {logging_mixin.py:188} INFO - [2024-07-27T22:21:49.384+0000] {dagbag.py:545} INFO - Filling up the DagBag from /home/airflow/.local/lib/python3.12/site-packages/airflow/example_dags/example_sla_dag.py
[2024-07-27T22:21:49.393+0000] {processor.py:840} INFO - DAG(s) 'example_sla_dag' retrieved from /home/airflow/.local/lib/python3.12/site-packages/airflow/example_dags/example_sla_dag.py
[2024-07-27T22:21:49.406+0000] {logging_mixin.py:188} INFO - [2024-07-27T22:21:49.405+0000] {dag.py:3089} INFO - Sync 1 DAGs
[2024-07-27T22:21:49.418+0000] {logging_mixin.py:188} INFO - [2024-07-27T22:21:49.417+0000] {dag.py:3947} INFO - Setting next_dagrun for example_sla_dag to 2024-07-27 22:18:00+00:00, run_after=2024-07-27 22:20:00+00:00
[2024-07-27T22:21:49.426+0000] {processor.py:183} INFO - Processing /home/airflow/.local/lib/python3.12/site-packages/airflow/example_dags/example_sla_dag.py took 0.051 seconds
[2024-07-27T22:22:19.703+0000] {processor.py:161} INFO - Started process (PID=13635) to work on /home/airflow/.local/lib/python3.12/site-packages/airflow/example_dags/example_sla_dag.py
[2024-07-27T22:22:19.704+0000] {processor.py:830} INFO - Processing file /home/airflow/.local/lib/python3.12/site-packages/airflow/example_dags/example_sla_dag.py for tasks to queue
[2024-07-27T22:22:19.705+0000] {logging_mixin.py:188} INFO - [2024-07-27T22:22:19.705+0000] {dagbag.py:545} INFO - Filling up the DagBag from /home/airflow/.local/lib/python3.12/site-packages/airflow/example_dags/example_sla_dag.py
[2024-07-27T22:22:19.711+0000] {processor.py:840} INFO - DAG(s) 'example_sla_dag' retrieved from /home/airflow/.local/lib/python3.12/site-packages/airflow/example_dags/example_sla_dag.py
[2024-07-27T22:22:19.723+0000] {logging_mixin.py:188} INFO - [2024-07-27T22:22:19.723+0000] {dag.py:3089} INFO - Sync 1 DAGs
[2024-07-27T22:22:19.736+0000] {logging_mixin.py:188} INFO - [2024-07-27T22:22:19.736+0000] {dag.py:3947} INFO - Setting next_dagrun for example_sla_dag to 2024-07-27 22:20:00+00:00, run_after=2024-07-27 22:22:00+00:00
[2024-07-27T22:22:19.749+0000] {processor.py:183} INFO - Processing /home/airflow/.local/lib/python3.12/site-packages/airflow/example_dags/example_sla_dag.py took 0.050 seconds
[2024-07-27T22:22:50.193+0000] {processor.py:161} INFO - Started process (PID=13902) to work on /home/airflow/.local/lib/python3.12/site-packages/airflow/example_dags/example_sla_dag.py
[2024-07-27T22:22:50.194+0000] {processor.py:830} INFO - Processing file /home/airflow/.local/lib/python3.12/site-packages/airflow/example_dags/example_sla_dag.py for tasks to queue
[2024-07-27T22:22:50.195+0000] {logging_mixin.py:188} INFO - [2024-07-27T22:22:50.195+0000] {dagbag.py:545} INFO - Filling up the DagBag from /home/airflow/.local/lib/python3.12/site-packages/airflow/example_dags/example_sla_dag.py
[2024-07-27T22:22:50.201+0000] {processor.py:840} INFO - DAG(s) 'example_sla_dag' retrieved from /home/airflow/.local/lib/python3.12/site-packages/airflow/example_dags/example_sla_dag.py
[2024-07-27T22:22:50.212+0000] {logging_mixin.py:188} INFO - [2024-07-27T22:22:50.212+0000] {dag.py:3089} INFO - Sync 1 DAGs
[2024-07-27T22:22:50.223+0000] {logging_mixin.py:188} INFO - [2024-07-27T22:22:50.223+0000] {dag.py:3947} INFO - Setting next_dagrun for example_sla_dag to 2024-07-27 22:20:00+00:00, run_after=2024-07-27 22:22:00+00:00
[2024-07-27T22:22:50.232+0000] {processor.py:183} INFO - Processing /home/airflow/.local/lib/python3.12/site-packages/airflow/example_dags/example_sla_dag.py took 0.045 seconds
[2024-07-27T22:23:20.718+0000] {processor.py:161} INFO - Started process (PID=14190) to work on /home/airflow/.local/lib/python3.12/site-packages/airflow/example_dags/example_sla_dag.py
[2024-07-27T22:23:20.721+0000] {processor.py:830} INFO - Processing file /home/airflow/.local/lib/python3.12/site-packages/airflow/example_dags/example_sla_dag.py for tasks to queue
[2024-07-27T22:23:20.724+0000] {logging_mixin.py:188} INFO - [2024-07-27T22:23:20.724+0000] {dagbag.py:545} INFO - Filling up the DagBag from /home/airflow/.local/lib/python3.12/site-packages/airflow/example_dags/example_sla_dag.py
[2024-07-27T22:23:20.744+0000] {processor.py:840} INFO - DAG(s) 'example_sla_dag' retrieved from /home/airflow/.local/lib/python3.12/site-packages/airflow/example_dags/example_sla_dag.py
[2024-07-27T22:23:20.790+0000] {logging_mixin.py:188} INFO - [2024-07-27T22:23:20.789+0000] {dag.py:3089} INFO - Sync 1 DAGs
[2024-07-27T22:23:20.815+0000] {logging_mixin.py:188} INFO - [2024-07-27T22:23:20.815+0000] {dag.py:3947} INFO - Setting next_dagrun for example_sla_dag to 2024-07-27 22:20:00+00:00, run_after=2024-07-27 22:22:00+00:00
[2024-07-27T22:23:20.829+0000] {processor.py:183} INFO - Processing /home/airflow/.local/lib/python3.12/site-packages/airflow/example_dags/example_sla_dag.py took 0.119 seconds
[2024-07-27T22:23:51.154+0000] {processor.py:161} INFO - Started process (PID=14457) to work on /home/airflow/.local/lib/python3.12/site-packages/airflow/example_dags/example_sla_dag.py
[2024-07-27T22:23:51.155+0000] {processor.py:830} INFO - Processing file /home/airflow/.local/lib/python3.12/site-packages/airflow/example_dags/example_sla_dag.py for tasks to queue
[2024-07-27T22:23:51.156+0000] {logging_mixin.py:188} INFO - [2024-07-27T22:23:51.156+0000] {dagbag.py:545} INFO - Filling up the DagBag from /home/airflow/.local/lib/python3.12/site-packages/airflow/example_dags/example_sla_dag.py
[2024-07-27T22:23:51.161+0000] {processor.py:840} INFO - DAG(s) 'example_sla_dag' retrieved from /home/airflow/.local/lib/python3.12/site-packages/airflow/example_dags/example_sla_dag.py
[2024-07-27T22:23:51.173+0000] {logging_mixin.py:188} INFO - [2024-07-27T22:23:51.173+0000] {dag.py:3089} INFO - Sync 1 DAGs
[2024-07-27T22:23:51.185+0000] {logging_mixin.py:188} INFO - [2024-07-27T22:23:51.185+0000] {dag.py:3947} INFO - Setting next_dagrun for example_sla_dag to 2024-07-27 22:20:00+00:00, run_after=2024-07-27 22:22:00+00:00
[2024-07-27T22:23:51.193+0000] {processor.py:183} INFO - Processing /home/airflow/.local/lib/python3.12/site-packages/airflow/example_dags/example_sla_dag.py took 0.045 seconds
[2024-07-27T22:24:22.260+0000] {processor.py:161} INFO - Started process (PID=14724) to work on /home/airflow/.local/lib/python3.12/site-packages/airflow/example_dags/example_sla_dag.py
[2024-07-27T22:24:22.261+0000] {processor.py:830} INFO - Processing file /home/airflow/.local/lib/python3.12/site-packages/airflow/example_dags/example_sla_dag.py for tasks to queue
[2024-07-27T22:24:22.262+0000] {logging_mixin.py:188} INFO - [2024-07-27T22:24:22.262+0000] {dagbag.py:545} INFO - Filling up the DagBag from /home/airflow/.local/lib/python3.12/site-packages/airflow/example_dags/example_sla_dag.py
[2024-07-27T22:24:22.270+0000] {processor.py:840} INFO - DAG(s) 'example_sla_dag' retrieved from /home/airflow/.local/lib/python3.12/site-packages/airflow/example_dags/example_sla_dag.py
[2024-07-27T22:24:22.286+0000] {logging_mixin.py:188} INFO - [2024-07-27T22:24:22.286+0000] {dag.py:3089} INFO - Sync 1 DAGs
[2024-07-27T22:24:22.299+0000] {logging_mixin.py:188} INFO - [2024-07-27T22:24:22.298+0000] {dag.py:3947} INFO - Setting next_dagrun for example_sla_dag to 2024-07-27 22:22:00+00:00, run_after=2024-07-27 22:24:00+00:00
[2024-07-27T22:24:22.307+0000] {processor.py:183} INFO - Processing /home/airflow/.local/lib/python3.12/site-packages/airflow/example_dags/example_sla_dag.py took 0.050 seconds
[2024-07-27T22:24:52.438+0000] {processor.py:161} INFO - Started process (PID=14991) to work on /home/airflow/.local/lib/python3.12/site-packages/airflow/example_dags/example_sla_dag.py
[2024-07-27T22:24:52.440+0000] {processor.py:830} INFO - Processing file /home/airflow/.local/lib/python3.12/site-packages/airflow/example_dags/example_sla_dag.py for tasks to queue
[2024-07-27T22:24:52.441+0000] {logging_mixin.py:188} INFO - [2024-07-27T22:24:52.441+0000] {dagbag.py:545} INFO - Filling up the DagBag from /home/airflow/.local/lib/python3.12/site-packages/airflow/example_dags/example_sla_dag.py
[2024-07-27T22:24:52.446+0000] {processor.py:840} INFO - DAG(s) 'example_sla_dag' retrieved from /home/airflow/.local/lib/python3.12/site-packages/airflow/example_dags/example_sla_dag.py
[2024-07-27T22:24:52.457+0000] {logging_mixin.py:188} INFO - [2024-07-27T22:24:52.456+0000] {dag.py:3089} INFO - Sync 1 DAGs
[2024-07-27T22:24:52.469+0000] {logging_mixin.py:188} INFO - [2024-07-27T22:24:52.468+0000] {dag.py:3947} INFO - Setting next_dagrun for example_sla_dag to 2024-07-27 22:22:00+00:00, run_after=2024-07-27 22:24:00+00:00
[2024-07-27T22:24:52.477+0000] {processor.py:183} INFO - Processing /home/airflow/.local/lib/python3.12/site-packages/airflow/example_dags/example_sla_dag.py took 0.043 seconds
[2024-07-27T22:25:22.770+0000] {processor.py:161} INFO - Started process (PID=15258) to work on /home/airflow/.local/lib/python3.12/site-packages/airflow/example_dags/example_sla_dag.py
[2024-07-27T22:25:22.771+0000] {processor.py:830} INFO - Processing file /home/airflow/.local/lib/python3.12/site-packages/airflow/example_dags/example_sla_dag.py for tasks to queue
[2024-07-27T22:25:22.772+0000] {logging_mixin.py:188} INFO - [2024-07-27T22:25:22.772+0000] {dagbag.py:545} INFO - Filling up the DagBag from /home/airflow/.local/lib/python3.12/site-packages/airflow/example_dags/example_sla_dag.py
[2024-07-27T22:25:22.778+0000] {processor.py:840} INFO - DAG(s) 'example_sla_dag' retrieved from /home/airflow/.local/lib/python3.12/site-packages/airflow/example_dags/example_sla_dag.py
[2024-07-27T22:25:22.790+0000] {logging_mixin.py:188} INFO - [2024-07-27T22:25:22.789+0000] {dag.py:3089} INFO - Sync 1 DAGs
[2024-07-27T22:25:22.801+0000] {logging_mixin.py:188} INFO - [2024-07-27T22:25:22.801+0000] {dag.py:3947} INFO - Setting next_dagrun for example_sla_dag to 2024-07-27 22:22:00+00:00, run_after=2024-07-27 22:24:00+00:00
[2024-07-27T22:25:22.810+0000] {processor.py:183} INFO - Processing /home/airflow/.local/lib/python3.12/site-packages/airflow/example_dags/example_sla_dag.py took 0.046 seconds
[2024-07-27T22:25:53.030+0000] {processor.py:161} INFO - Started process (PID=15525) to work on /home/airflow/.local/lib/python3.12/site-packages/airflow/example_dags/example_sla_dag.py
[2024-07-27T22:25:53.031+0000] {processor.py:830} INFO - Processing file /home/airflow/.local/lib/python3.12/site-packages/airflow/example_dags/example_sla_dag.py for tasks to queue
[2024-07-27T22:25:53.032+0000] {logging_mixin.py:188} INFO - [2024-07-27T22:25:53.032+0000] {dagbag.py:545} INFO - Filling up the DagBag from /home/airflow/.local/lib/python3.12/site-packages/airflow/example_dags/example_sla_dag.py
[2024-07-27T22:25:53.038+0000] {processor.py:840} INFO - DAG(s) 'example_sla_dag' retrieved from /home/airflow/.local/lib/python3.12/site-packages/airflow/example_dags/example_sla_dag.py
[2024-07-27T22:25:53.052+0000] {logging_mixin.py:188} INFO - [2024-07-27T22:25:53.052+0000] {dag.py:3089} INFO - Sync 1 DAGs
[2024-07-27T22:25:53.067+0000] {logging_mixin.py:188} INFO - [2024-07-27T22:25:53.066+0000] {dag.py:3947} INFO - Setting next_dagrun for example_sla_dag to 2024-07-27 22:22:00+00:00, run_after=2024-07-27 22:24:00+00:00
[2024-07-27T22:25:53.077+0000] {processor.py:183} INFO - Processing /home/airflow/.local/lib/python3.12/site-packages/airflow/example_dags/example_sla_dag.py took 0.051 seconds
[2024-07-27T22:26:23.632+0000] {processor.py:161} INFO - Started process (PID=15797) to work on /home/airflow/.local/lib/python3.12/site-packages/airflow/example_dags/example_sla_dag.py
[2024-07-27T22:26:23.632+0000] {processor.py:830} INFO - Processing file /home/airflow/.local/lib/python3.12/site-packages/airflow/example_dags/example_sla_dag.py for tasks to queue
[2024-07-27T22:26:23.634+0000] {logging_mixin.py:188} INFO - [2024-07-27T22:26:23.634+0000] {dagbag.py:545} INFO - Filling up the DagBag from /home/airflow/.local/lib/python3.12/site-packages/airflow/example_dags/example_sla_dag.py
[2024-07-27T22:26:23.639+0000] {processor.py:840} INFO - DAG(s) 'example_sla_dag' retrieved from /home/airflow/.local/lib/python3.12/site-packages/airflow/example_dags/example_sla_dag.py
[2024-07-27T22:26:23.649+0000] {logging_mixin.py:188} INFO - [2024-07-27T22:26:23.649+0000] {dag.py:3089} INFO - Sync 1 DAGs
[2024-07-27T22:26:23.662+0000] {logging_mixin.py:188} INFO - [2024-07-27T22:26:23.662+0000] {dag.py:3947} INFO - Setting next_dagrun for example_sla_dag to 2024-07-27 22:24:00+00:00, run_after=2024-07-27 22:26:00+00:00
[2024-07-27T22:26:23.671+0000] {processor.py:183} INFO - Processing /home/airflow/.local/lib/python3.12/site-packages/airflow/example_dags/example_sla_dag.py took 0.043 seconds
[2024-07-27T22:55:20.690+0000] {processor.py:161} INFO - Started process (PID=16050) to work on /home/airflow/.local/lib/python3.12/site-packages/airflow/example_dags/example_sla_dag.py
[2024-07-27T22:55:20.694+0000] {processor.py:830} INFO - Processing file /home/airflow/.local/lib/python3.12/site-packages/airflow/example_dags/example_sla_dag.py for tasks to queue
[2024-07-27T22:55:20.697+0000] {logging_mixin.py:188} INFO - [2024-07-27T22:55:20.696+0000] {dagbag.py:545} INFO - Filling up the DagBag from /home/airflow/.local/lib/python3.12/site-packages/airflow/example_dags/example_sla_dag.py
[2024-07-27T22:55:20.706+0000] {processor.py:840} INFO - DAG(s) 'example_sla_dag' retrieved from /home/airflow/.local/lib/python3.12/site-packages/airflow/example_dags/example_sla_dag.py
[2024-07-27T22:55:20.734+0000] {logging_mixin.py:188} INFO - [2024-07-27T22:55:20.734+0000] {dag.py:3089} INFO - Sync 1 DAGs
[2024-07-27T22:55:20.747+0000] {logging_mixin.py:188} INFO - [2024-07-27T22:55:20.747+0000] {dag.py:3947} INFO - Setting next_dagrun for example_sla_dag to 2024-07-27 22:52:00+00:00, run_after=2024-07-27 22:54:00+00:00
[2024-07-27T22:55:20.756+0000] {processor.py:183} INFO - Processing /home/airflow/.local/lib/python3.12/site-packages/airflow/example_dags/example_sla_dag.py took 0.085 seconds
[2024-07-27T22:55:51.042+0000] {processor.py:161} INFO - Started process (PID=16318) to work on /home/airflow/.local/lib/python3.12/site-packages/airflow/example_dags/example_sla_dag.py
[2024-07-27T22:55:51.043+0000] {processor.py:830} INFO - Processing file /home/airflow/.local/lib/python3.12/site-packages/airflow/example_dags/example_sla_dag.py for tasks to queue
[2024-07-27T22:55:51.045+0000] {logging_mixin.py:188} INFO - [2024-07-27T22:55:51.045+0000] {dagbag.py:545} INFO - Filling up the DagBag from /home/airflow/.local/lib/python3.12/site-packages/airflow/example_dags/example_sla_dag.py
[2024-07-27T22:55:51.050+0000] {processor.py:840} INFO - DAG(s) 'example_sla_dag' retrieved from /home/airflow/.local/lib/python3.12/site-packages/airflow/example_dags/example_sla_dag.py
[2024-07-27T22:55:51.064+0000] {logging_mixin.py:188} INFO - [2024-07-27T22:55:51.063+0000] {dag.py:3089} INFO - Sync 1 DAGs
[2024-07-27T22:55:51.093+0000] {logging_mixin.py:188} INFO - [2024-07-27T22:55:51.093+0000] {dag.py:3947} INFO - Setting next_dagrun for example_sla_dag to 2024-07-27 22:52:00+00:00, run_after=2024-07-27 22:54:00+00:00
[2024-07-27T22:55:51.110+0000] {processor.py:183} INFO - Processing /home/airflow/.local/lib/python3.12/site-packages/airflow/example_dags/example_sla_dag.py took 0.073 seconds
