[2024-07-27T20:14:08.490+0000] {processor.py:161} INFO - Started process (PID=355) to work on /home/airflow/.local/lib/python3.12/site-packages/airflow/example_dags/example_complex.py
[2024-07-27T20:14:08.491+0000] {processor.py:830} INFO - Processing file /home/airflow/.local/lib/python3.12/site-packages/airflow/example_dags/example_complex.py for tasks to queue
[2024-07-27T20:14:08.492+0000] {logging_mixin.py:188} INFO - [2024-07-27T20:14:08.492+0000] {dagbag.py:545} INFO - Filling up the DagBag from /home/airflow/.local/lib/python3.12/site-packages/airflow/example_dags/example_complex.py
[2024-07-27T20:14:08.500+0000] {processor.py:840} INFO - DAG(s) 'example_complex' retrieved from /home/airflow/.local/lib/python3.12/site-packages/airflow/example_dags/example_complex.py
[2024-07-27T20:14:08.509+0000] {logging_mixin.py:188} INFO - [2024-07-27T20:14:08.508+0000] {dag.py:3089} INFO - Sync 1 DAGs
[2024-07-27T20:14:08.518+0000] {logging_mixin.py:188} INFO - [2024-07-27T20:14:08.518+0000] {dag.py:3947} INFO - Setting next_dagrun for example_complex to None, run_after=None
[2024-07-27T20:14:08.534+0000] {processor.py:183} INFO - Processing /home/airflow/.local/lib/python3.12/site-packages/airflow/example_dags/example_complex.py took 0.047 seconds
[2024-07-27T20:14:39.278+0000] {processor.py:161} INFO - Started process (PID=616) to work on /home/airflow/.local/lib/python3.12/site-packages/airflow/example_dags/example_complex.py
[2024-07-27T20:14:39.279+0000] {processor.py:830} INFO - Processing file /home/airflow/.local/lib/python3.12/site-packages/airflow/example_dags/example_complex.py for tasks to queue
[2024-07-27T20:14:39.280+0000] {logging_mixin.py:188} INFO - [2024-07-27T20:14:39.280+0000] {dagbag.py:545} INFO - Filling up the DagBag from /home/airflow/.local/lib/python3.12/site-packages/airflow/example_dags/example_complex.py
[2024-07-27T20:14:39.285+0000] {processor.py:840} INFO - DAG(s) 'example_complex' retrieved from /home/airflow/.local/lib/python3.12/site-packages/airflow/example_dags/example_complex.py
[2024-07-27T20:14:39.341+0000] {logging_mixin.py:188} INFO - [2024-07-27T20:14:39.341+0000] {dag.py:3089} INFO - Sync 1 DAGs
[2024-07-27T20:14:39.346+0000] {logging_mixin.py:188} INFO - [2024-07-27T20:14:39.346+0000] {dag.py:3947} INFO - Setting next_dagrun for example_complex to None, run_after=None
[2024-07-27T20:14:39.358+0000] {processor.py:183} INFO - Processing /home/airflow/.local/lib/python3.12/site-packages/airflow/example_dags/example_complex.py took 0.084 seconds
[2024-07-27T20:15:09.399+0000] {processor.py:161} INFO - Started process (PID=880) to work on /home/airflow/.local/lib/python3.12/site-packages/airflow/example_dags/example_complex.py
[2024-07-27T20:15:09.400+0000] {processor.py:830} INFO - Processing file /home/airflow/.local/lib/python3.12/site-packages/airflow/example_dags/example_complex.py for tasks to queue
[2024-07-27T20:15:09.401+0000] {logging_mixin.py:188} INFO - [2024-07-27T20:15:09.401+0000] {dagbag.py:545} INFO - Filling up the DagBag from /home/airflow/.local/lib/python3.12/site-packages/airflow/example_dags/example_complex.py
[2024-07-27T20:15:09.406+0000] {processor.py:840} INFO - DAG(s) 'example_complex' retrieved from /home/airflow/.local/lib/python3.12/site-packages/airflow/example_dags/example_complex.py
[2024-07-27T20:15:09.426+0000] {logging_mixin.py:188} INFO - [2024-07-27T20:15:09.426+0000] {dag.py:3089} INFO - Sync 1 DAGs
[2024-07-27T20:15:09.437+0000] {logging_mixin.py:188} INFO - [2024-07-27T20:15:09.437+0000] {dag.py:3947} INFO - Setting next_dagrun for example_complex to None, run_after=None
[2024-07-27T20:15:09.447+0000] {processor.py:183} INFO - Processing /home/airflow/.local/lib/python3.12/site-packages/airflow/example_dags/example_complex.py took 0.052 seconds
[2024-07-27T20:15:39.826+0000] {processor.py:161} INFO - Started process (PID=1139) to work on /home/airflow/.local/lib/python3.12/site-packages/airflow/example_dags/example_complex.py
[2024-07-27T20:15:39.827+0000] {processor.py:830} INFO - Processing file /home/airflow/.local/lib/python3.12/site-packages/airflow/example_dags/example_complex.py for tasks to queue
[2024-07-27T20:15:39.828+0000] {logging_mixin.py:188} INFO - [2024-07-27T20:15:39.827+0000] {dagbag.py:545} INFO - Filling up the DagBag from /home/airflow/.local/lib/python3.12/site-packages/airflow/example_dags/example_complex.py
[2024-07-27T20:15:39.833+0000] {processor.py:840} INFO - DAG(s) 'example_complex' retrieved from /home/airflow/.local/lib/python3.12/site-packages/airflow/example_dags/example_complex.py
[2024-07-27T20:15:39.849+0000] {logging_mixin.py:188} INFO - [2024-07-27T20:15:39.849+0000] {dag.py:3089} INFO - Sync 1 DAGs
[2024-07-27T20:15:39.855+0000] {logging_mixin.py:188} INFO - [2024-07-27T20:15:39.855+0000] {dag.py:3947} INFO - Setting next_dagrun for example_complex to None, run_after=None
[2024-07-27T20:15:39.864+0000] {processor.py:183} INFO - Processing /home/airflow/.local/lib/python3.12/site-packages/airflow/example_dags/example_complex.py took 0.042 seconds
[2024-07-27T20:16:09.944+0000] {processor.py:161} INFO - Started process (PID=1401) to work on /home/airflow/.local/lib/python3.12/site-packages/airflow/example_dags/example_complex.py
[2024-07-27T20:16:09.944+0000] {processor.py:830} INFO - Processing file /home/airflow/.local/lib/python3.12/site-packages/airflow/example_dags/example_complex.py for tasks to queue
[2024-07-27T20:16:09.946+0000] {logging_mixin.py:188} INFO - [2024-07-27T20:16:09.945+0000] {dagbag.py:545} INFO - Filling up the DagBag from /home/airflow/.local/lib/python3.12/site-packages/airflow/example_dags/example_complex.py
[2024-07-27T20:16:09.952+0000] {processor.py:840} INFO - DAG(s) 'example_complex' retrieved from /home/airflow/.local/lib/python3.12/site-packages/airflow/example_dags/example_complex.py
[2024-07-27T20:16:09.969+0000] {logging_mixin.py:188} INFO - [2024-07-27T20:16:09.969+0000] {dag.py:3089} INFO - Sync 1 DAGs
[2024-07-27T20:16:09.977+0000] {logging_mixin.py:188} INFO - [2024-07-27T20:16:09.977+0000] {dag.py:3947} INFO - Setting next_dagrun for example_complex to None, run_after=None
[2024-07-27T20:16:09.988+0000] {processor.py:183} INFO - Processing /home/airflow/.local/lib/python3.12/site-packages/airflow/example_dags/example_complex.py took 0.049 seconds
[2024-07-27T20:16:40.137+0000] {processor.py:161} INFO - Started process (PID=1663) to work on /home/airflow/.local/lib/python3.12/site-packages/airflow/example_dags/example_complex.py
[2024-07-27T20:16:40.138+0000] {processor.py:830} INFO - Processing file /home/airflow/.local/lib/python3.12/site-packages/airflow/example_dags/example_complex.py for tasks to queue
[2024-07-27T20:16:40.140+0000] {logging_mixin.py:188} INFO - [2024-07-27T20:16:40.140+0000] {dagbag.py:545} INFO - Filling up the DagBag from /home/airflow/.local/lib/python3.12/site-packages/airflow/example_dags/example_complex.py
[2024-07-27T20:16:40.149+0000] {processor.py:840} INFO - DAG(s) 'example_complex' retrieved from /home/airflow/.local/lib/python3.12/site-packages/airflow/example_dags/example_complex.py
[2024-07-27T20:16:40.165+0000] {logging_mixin.py:188} INFO - [2024-07-27T20:16:40.165+0000] {dag.py:3089} INFO - Sync 1 DAGs
[2024-07-27T20:16:40.173+0000] {logging_mixin.py:188} INFO - [2024-07-27T20:16:40.172+0000] {dag.py:3947} INFO - Setting next_dagrun for example_complex to None, run_after=None
[2024-07-27T20:16:40.183+0000] {processor.py:183} INFO - Processing /home/airflow/.local/lib/python3.12/site-packages/airflow/example_dags/example_complex.py took 0.051 seconds
[2024-07-27T20:17:11.170+0000] {processor.py:161} INFO - Started process (PID=1925) to work on /home/airflow/.local/lib/python3.12/site-packages/airflow/example_dags/example_complex.py
[2024-07-27T20:17:11.171+0000] {processor.py:830} INFO - Processing file /home/airflow/.local/lib/python3.12/site-packages/airflow/example_dags/example_complex.py for tasks to queue
[2024-07-27T20:17:11.172+0000] {logging_mixin.py:188} INFO - [2024-07-27T20:17:11.172+0000] {dagbag.py:545} INFO - Filling up the DagBag from /home/airflow/.local/lib/python3.12/site-packages/airflow/example_dags/example_complex.py
[2024-07-27T20:17:11.177+0000] {processor.py:840} INFO - DAG(s) 'example_complex' retrieved from /home/airflow/.local/lib/python3.12/site-packages/airflow/example_dags/example_complex.py
[2024-07-27T20:17:11.197+0000] {logging_mixin.py:188} INFO - [2024-07-27T20:17:11.197+0000] {dag.py:3089} INFO - Sync 1 DAGs
[2024-07-27T20:17:11.205+0000] {logging_mixin.py:188} INFO - [2024-07-27T20:17:11.205+0000] {dag.py:3947} INFO - Setting next_dagrun for example_complex to None, run_after=None
[2024-07-27T20:17:11.214+0000] {processor.py:183} INFO - Processing /home/airflow/.local/lib/python3.12/site-packages/airflow/example_dags/example_complex.py took 0.048 seconds
[2024-07-27T21:59:59.939+0000] {processor.py:161} INFO - Started process (PID=2181) to work on /home/airflow/.local/lib/python3.12/site-packages/airflow/example_dags/example_complex.py
[2024-07-27T21:59:59.940+0000] {processor.py:830} INFO - Processing file /home/airflow/.local/lib/python3.12/site-packages/airflow/example_dags/example_complex.py for tasks to queue
[2024-07-27T21:59:59.941+0000] {logging_mixin.py:188} INFO - [2024-07-27T21:59:59.941+0000] {dagbag.py:545} INFO - Filling up the DagBag from /home/airflow/.local/lib/python3.12/site-packages/airflow/example_dags/example_complex.py
[2024-07-27T21:59:59.946+0000] {processor.py:840} INFO - DAG(s) 'example_complex' retrieved from /home/airflow/.local/lib/python3.12/site-packages/airflow/example_dags/example_complex.py
[2024-07-27T21:59:59.962+0000] {logging_mixin.py:188} INFO - [2024-07-27T21:59:59.962+0000] {dag.py:3089} INFO - Sync 1 DAGs
[2024-07-27T21:59:59.968+0000] {logging_mixin.py:188} INFO - [2024-07-27T21:59:59.968+0000] {dag.py:3947} INFO - Setting next_dagrun for example_complex to None, run_after=None
[2024-07-27T21:59:59.978+0000] {processor.py:183} INFO - Processing /home/airflow/.local/lib/python3.12/site-packages/airflow/example_dags/example_complex.py took 0.042 seconds
[2024-07-27T22:00:30.138+0000] {processor.py:161} INFO - Started process (PID=2445) to work on /home/airflow/.local/lib/python3.12/site-packages/airflow/example_dags/example_complex.py
[2024-07-27T22:00:30.139+0000] {processor.py:830} INFO - Processing file /home/airflow/.local/lib/python3.12/site-packages/airflow/example_dags/example_complex.py for tasks to queue
[2024-07-27T22:00:30.140+0000] {logging_mixin.py:188} INFO - [2024-07-27T22:00:30.139+0000] {dagbag.py:545} INFO - Filling up the DagBag from /home/airflow/.local/lib/python3.12/site-packages/airflow/example_dags/example_complex.py
[2024-07-27T22:00:30.145+0000] {processor.py:840} INFO - DAG(s) 'example_complex' retrieved from /home/airflow/.local/lib/python3.12/site-packages/airflow/example_dags/example_complex.py
[2024-07-27T22:00:30.162+0000] {logging_mixin.py:188} INFO - [2024-07-27T22:00:30.161+0000] {dag.py:3089} INFO - Sync 1 DAGs
[2024-07-27T22:00:30.173+0000] {logging_mixin.py:188} INFO - [2024-07-27T22:00:30.173+0000] {dag.py:3947} INFO - Setting next_dagrun for example_complex to None, run_after=None
[2024-07-27T22:00:30.184+0000] {processor.py:183} INFO - Processing /home/airflow/.local/lib/python3.12/site-packages/airflow/example_dags/example_complex.py took 0.051 seconds
[2024-07-27T22:01:01.424+0000] {processor.py:161} INFO - Started process (PID=2712) to work on /home/airflow/.local/lib/python3.12/site-packages/airflow/example_dags/example_complex.py
[2024-07-27T22:01:01.425+0000] {processor.py:830} INFO - Processing file /home/airflow/.local/lib/python3.12/site-packages/airflow/example_dags/example_complex.py for tasks to queue
[2024-07-27T22:01:01.426+0000] {logging_mixin.py:188} INFO - [2024-07-27T22:01:01.426+0000] {dagbag.py:545} INFO - Filling up the DagBag from /home/airflow/.local/lib/python3.12/site-packages/airflow/example_dags/example_complex.py
[2024-07-27T22:01:01.431+0000] {processor.py:840} INFO - DAG(s) 'example_complex' retrieved from /home/airflow/.local/lib/python3.12/site-packages/airflow/example_dags/example_complex.py
[2024-07-27T22:01:01.444+0000] {logging_mixin.py:188} INFO - [2024-07-27T22:01:01.444+0000] {dag.py:3089} INFO - Sync 1 DAGs
[2024-07-27T22:01:01.450+0000] {logging_mixin.py:188} INFO - [2024-07-27T22:01:01.450+0000] {dag.py:3947} INFO - Setting next_dagrun for example_complex to None, run_after=None
[2024-07-27T22:01:01.458+0000] {processor.py:183} INFO - Processing /home/airflow/.local/lib/python3.12/site-packages/airflow/example_dags/example_complex.py took 0.037 seconds
[2024-07-27T22:01:31.813+0000] {processor.py:161} INFO - Started process (PID=2974) to work on /home/airflow/.local/lib/python3.12/site-packages/airflow/example_dags/example_complex.py
[2024-07-27T22:01:31.814+0000] {processor.py:830} INFO - Processing file /home/airflow/.local/lib/python3.12/site-packages/airflow/example_dags/example_complex.py for tasks to queue
[2024-07-27T22:01:31.815+0000] {logging_mixin.py:188} INFO - [2024-07-27T22:01:31.814+0000] {dagbag.py:545} INFO - Filling up the DagBag from /home/airflow/.local/lib/python3.12/site-packages/airflow/example_dags/example_complex.py
[2024-07-27T22:01:31.820+0000] {processor.py:840} INFO - DAG(s) 'example_complex' retrieved from /home/airflow/.local/lib/python3.12/site-packages/airflow/example_dags/example_complex.py
[2024-07-27T22:01:31.834+0000] {logging_mixin.py:188} INFO - [2024-07-27T22:01:31.833+0000] {dag.py:3089} INFO - Sync 1 DAGs
[2024-07-27T22:01:31.840+0000] {logging_mixin.py:188} INFO - [2024-07-27T22:01:31.839+0000] {dag.py:3947} INFO - Setting next_dagrun for example_complex to None, run_after=None
[2024-07-27T22:01:31.848+0000] {processor.py:183} INFO - Processing /home/airflow/.local/lib/python3.12/site-packages/airflow/example_dags/example_complex.py took 0.038 seconds
[2024-07-27T22:02:02.077+0000] {processor.py:161} INFO - Started process (PID=3238) to work on /home/airflow/.local/lib/python3.12/site-packages/airflow/example_dags/example_complex.py
[2024-07-27T22:02:02.079+0000] {processor.py:830} INFO - Processing file /home/airflow/.local/lib/python3.12/site-packages/airflow/example_dags/example_complex.py for tasks to queue
[2024-07-27T22:02:02.081+0000] {logging_mixin.py:188} INFO - [2024-07-27T22:02:02.081+0000] {dagbag.py:545} INFO - Filling up the DagBag from /home/airflow/.local/lib/python3.12/site-packages/airflow/example_dags/example_complex.py
[2024-07-27T22:02:02.107+0000] {processor.py:840} INFO - DAG(s) 'example_complex' retrieved from /home/airflow/.local/lib/python3.12/site-packages/airflow/example_dags/example_complex.py
[2024-07-27T22:02:02.135+0000] {logging_mixin.py:188} INFO - [2024-07-27T22:02:02.135+0000] {dag.py:3089} INFO - Sync 1 DAGs
[2024-07-27T22:02:02.144+0000] {logging_mixin.py:188} INFO - [2024-07-27T22:02:02.144+0000] {dag.py:3947} INFO - Setting next_dagrun for example_complex to None, run_after=None
[2024-07-27T22:02:02.156+0000] {processor.py:183} INFO - Processing /home/airflow/.local/lib/python3.12/site-packages/airflow/example_dags/example_complex.py took 0.086 seconds
[2024-07-27T22:02:32.384+0000] {processor.py:161} INFO - Started process (PID=3493) to work on /home/airflow/.local/lib/python3.12/site-packages/airflow/example_dags/example_complex.py
[2024-07-27T22:02:32.385+0000] {processor.py:830} INFO - Processing file /home/airflow/.local/lib/python3.12/site-packages/airflow/example_dags/example_complex.py for tasks to queue
[2024-07-27T22:02:32.386+0000] {logging_mixin.py:188} INFO - [2024-07-27T22:02:32.386+0000] {dagbag.py:545} INFO - Filling up the DagBag from /home/airflow/.local/lib/python3.12/site-packages/airflow/example_dags/example_complex.py
[2024-07-27T22:02:32.391+0000] {processor.py:840} INFO - DAG(s) 'example_complex' retrieved from /home/airflow/.local/lib/python3.12/site-packages/airflow/example_dags/example_complex.py
[2024-07-27T22:02:32.408+0000] {logging_mixin.py:188} INFO - [2024-07-27T22:02:32.408+0000] {dag.py:3089} INFO - Sync 1 DAGs
[2024-07-27T22:02:32.416+0000] {logging_mixin.py:188} INFO - [2024-07-27T22:02:32.416+0000] {dag.py:3947} INFO - Setting next_dagrun for example_complex to None, run_after=None
[2024-07-27T22:02:32.426+0000] {processor.py:183} INFO - Processing /home/airflow/.local/lib/python3.12/site-packages/airflow/example_dags/example_complex.py took 0.045 seconds
[2024-07-27T22:03:02.937+0000] {processor.py:161} INFO - Started process (PID=3756) to work on /home/airflow/.local/lib/python3.12/site-packages/airflow/example_dags/example_complex.py
[2024-07-27T22:03:02.938+0000] {processor.py:830} INFO - Processing file /home/airflow/.local/lib/python3.12/site-packages/airflow/example_dags/example_complex.py for tasks to queue
[2024-07-27T22:03:02.939+0000] {logging_mixin.py:188} INFO - [2024-07-27T22:03:02.939+0000] {dagbag.py:545} INFO - Filling up the DagBag from /home/airflow/.local/lib/python3.12/site-packages/airflow/example_dags/example_complex.py
[2024-07-27T22:03:02.944+0000] {processor.py:840} INFO - DAG(s) 'example_complex' retrieved from /home/airflow/.local/lib/python3.12/site-packages/airflow/example_dags/example_complex.py
[2024-07-27T22:03:02.960+0000] {logging_mixin.py:188} INFO - [2024-07-27T22:03:02.959+0000] {dag.py:3089} INFO - Sync 1 DAGs
[2024-07-27T22:03:02.967+0000] {logging_mixin.py:188} INFO - [2024-07-27T22:03:02.966+0000] {dag.py:3947} INFO - Setting next_dagrun for example_complex to None, run_after=None
[2024-07-27T22:03:02.976+0000] {processor.py:183} INFO - Processing /home/airflow/.local/lib/python3.12/site-packages/airflow/example_dags/example_complex.py took 0.042 seconds
[2024-07-27T22:03:33.905+0000] {processor.py:161} INFO - Started process (PID=4018) to work on /home/airflow/.local/lib/python3.12/site-packages/airflow/example_dags/example_complex.py
[2024-07-27T22:03:33.906+0000] {processor.py:830} INFO - Processing file /home/airflow/.local/lib/python3.12/site-packages/airflow/example_dags/example_complex.py for tasks to queue
[2024-07-27T22:03:33.907+0000] {logging_mixin.py:188} INFO - [2024-07-27T22:03:33.907+0000] {dagbag.py:545} INFO - Filling up the DagBag from /home/airflow/.local/lib/python3.12/site-packages/airflow/example_dags/example_complex.py
[2024-07-27T22:03:33.912+0000] {processor.py:840} INFO - DAG(s) 'example_complex' retrieved from /home/airflow/.local/lib/python3.12/site-packages/airflow/example_dags/example_complex.py
[2024-07-27T22:03:33.929+0000] {logging_mixin.py:188} INFO - [2024-07-27T22:03:33.929+0000] {dag.py:3089} INFO - Sync 1 DAGs
[2024-07-27T22:03:33.936+0000] {logging_mixin.py:188} INFO - [2024-07-27T22:03:33.936+0000] {dag.py:3947} INFO - Setting next_dagrun for example_complex to None, run_after=None
[2024-07-27T22:03:33.947+0000] {processor.py:183} INFO - Processing /home/airflow/.local/lib/python3.12/site-packages/airflow/example_dags/example_complex.py took 0.047 seconds
[2024-07-27T22:04:04.172+0000] {processor.py:161} INFO - Started process (PID=4280) to work on /home/airflow/.local/lib/python3.12/site-packages/airflow/example_dags/example_complex.py
[2024-07-27T22:04:04.173+0000] {processor.py:830} INFO - Processing file /home/airflow/.local/lib/python3.12/site-packages/airflow/example_dags/example_complex.py for tasks to queue
[2024-07-27T22:04:04.174+0000] {logging_mixin.py:188} INFO - [2024-07-27T22:04:04.173+0000] {dagbag.py:545} INFO - Filling up the DagBag from /home/airflow/.local/lib/python3.12/site-packages/airflow/example_dags/example_complex.py
[2024-07-27T22:04:04.182+0000] {processor.py:840} INFO - DAG(s) 'example_complex' retrieved from /home/airflow/.local/lib/python3.12/site-packages/airflow/example_dags/example_complex.py
[2024-07-27T22:04:04.206+0000] {logging_mixin.py:188} INFO - [2024-07-27T22:04:04.206+0000] {dag.py:3089} INFO - Sync 1 DAGs
[2024-07-27T22:04:04.215+0000] {logging_mixin.py:188} INFO - [2024-07-27T22:04:04.215+0000] {dag.py:3947} INFO - Setting next_dagrun for example_complex to None, run_after=None
[2024-07-27T22:04:04.229+0000] {processor.py:183} INFO - Processing /home/airflow/.local/lib/python3.12/site-packages/airflow/example_dags/example_complex.py took 0.062 seconds
[2024-07-27T22:04:34.258+0000] {processor.py:161} INFO - Started process (PID=4542) to work on /home/airflow/.local/lib/python3.12/site-packages/airflow/example_dags/example_complex.py
[2024-07-27T22:04:34.259+0000] {processor.py:830} INFO - Processing file /home/airflow/.local/lib/python3.12/site-packages/airflow/example_dags/example_complex.py for tasks to queue
[2024-07-27T22:04:34.260+0000] {logging_mixin.py:188} INFO - [2024-07-27T22:04:34.260+0000] {dagbag.py:545} INFO - Filling up the DagBag from /home/airflow/.local/lib/python3.12/site-packages/airflow/example_dags/example_complex.py
[2024-07-27T22:04:34.266+0000] {processor.py:840} INFO - DAG(s) 'example_complex' retrieved from /home/airflow/.local/lib/python3.12/site-packages/airflow/example_dags/example_complex.py
[2024-07-27T22:04:34.279+0000] {logging_mixin.py:188} INFO - [2024-07-27T22:04:34.279+0000] {dag.py:3089} INFO - Sync 1 DAGs
[2024-07-27T22:04:34.285+0000] {logging_mixin.py:188} INFO - [2024-07-27T22:04:34.285+0000] {dag.py:3947} INFO - Setting next_dagrun for example_complex to None, run_after=None
[2024-07-27T22:04:34.294+0000] {processor.py:183} INFO - Processing /home/airflow/.local/lib/python3.12/site-packages/airflow/example_dags/example_complex.py took 0.039 seconds
[2024-07-27T22:05:04.832+0000] {processor.py:161} INFO - Started process (PID=4803) to work on /home/airflow/.local/lib/python3.12/site-packages/airflow/example_dags/example_complex.py
[2024-07-27T22:05:04.833+0000] {processor.py:830} INFO - Processing file /home/airflow/.local/lib/python3.12/site-packages/airflow/example_dags/example_complex.py for tasks to queue
[2024-07-27T22:05:04.834+0000] {logging_mixin.py:188} INFO - [2024-07-27T22:05:04.834+0000] {dagbag.py:545} INFO - Filling up the DagBag from /home/airflow/.local/lib/python3.12/site-packages/airflow/example_dags/example_complex.py
[2024-07-27T22:05:04.839+0000] {processor.py:840} INFO - DAG(s) 'example_complex' retrieved from /home/airflow/.local/lib/python3.12/site-packages/airflow/example_dags/example_complex.py
[2024-07-27T22:05:04.859+0000] {logging_mixin.py:188} INFO - [2024-07-27T22:05:04.859+0000] {dag.py:3089} INFO - Sync 1 DAGs
[2024-07-27T22:05:04.866+0000] {logging_mixin.py:188} INFO - [2024-07-27T22:05:04.866+0000] {dag.py:3947} INFO - Setting next_dagrun for example_complex to None, run_after=None
[2024-07-27T22:05:04.875+0000] {processor.py:183} INFO - Processing /home/airflow/.local/lib/python3.12/site-packages/airflow/example_dags/example_complex.py took 0.047 seconds
[2024-07-27T22:05:35.862+0000] {processor.py:161} INFO - Started process (PID=5065) to work on /home/airflow/.local/lib/python3.12/site-packages/airflow/example_dags/example_complex.py
[2024-07-27T22:05:35.863+0000] {processor.py:830} INFO - Processing file /home/airflow/.local/lib/python3.12/site-packages/airflow/example_dags/example_complex.py for tasks to queue
[2024-07-27T22:05:35.865+0000] {logging_mixin.py:188} INFO - [2024-07-27T22:05:35.864+0000] {dagbag.py:545} INFO - Filling up the DagBag from /home/airflow/.local/lib/python3.12/site-packages/airflow/example_dags/example_complex.py
[2024-07-27T22:05:35.870+0000] {processor.py:840} INFO - DAG(s) 'example_complex' retrieved from /home/airflow/.local/lib/python3.12/site-packages/airflow/example_dags/example_complex.py
[2024-07-27T22:05:35.889+0000] {logging_mixin.py:188} INFO - [2024-07-27T22:05:35.889+0000] {dag.py:3089} INFO - Sync 1 DAGs
[2024-07-27T22:05:35.896+0000] {logging_mixin.py:188} INFO - [2024-07-27T22:05:35.896+0000] {dag.py:3947} INFO - Setting next_dagrun for example_complex to None, run_after=None
[2024-07-27T22:05:35.905+0000] {processor.py:183} INFO - Processing /home/airflow/.local/lib/python3.12/site-packages/airflow/example_dags/example_complex.py took 0.047 seconds
[2024-07-27T22:06:06.088+0000] {processor.py:161} INFO - Started process (PID=5328) to work on /home/airflow/.local/lib/python3.12/site-packages/airflow/example_dags/example_complex.py
[2024-07-27T22:06:06.088+0000] {processor.py:830} INFO - Processing file /home/airflow/.local/lib/python3.12/site-packages/airflow/example_dags/example_complex.py for tasks to queue
[2024-07-27T22:06:06.090+0000] {logging_mixin.py:188} INFO - [2024-07-27T22:06:06.089+0000] {dagbag.py:545} INFO - Filling up the DagBag from /home/airflow/.local/lib/python3.12/site-packages/airflow/example_dags/example_complex.py
[2024-07-27T22:06:06.095+0000] {processor.py:840} INFO - DAG(s) 'example_complex' retrieved from /home/airflow/.local/lib/python3.12/site-packages/airflow/example_dags/example_complex.py
[2024-07-27T22:06:06.110+0000] {logging_mixin.py:188} INFO - [2024-07-27T22:06:06.110+0000] {dag.py:3089} INFO - Sync 1 DAGs
[2024-07-27T22:06:06.116+0000] {logging_mixin.py:188} INFO - [2024-07-27T22:06:06.116+0000] {dag.py:3947} INFO - Setting next_dagrun for example_complex to None, run_after=None
[2024-07-27T22:06:06.125+0000] {processor.py:183} INFO - Processing /home/airflow/.local/lib/python3.12/site-packages/airflow/example_dags/example_complex.py took 0.040 seconds
[2024-07-27T22:06:36.423+0000] {processor.py:161} INFO - Started process (PID=5588) to work on /home/airflow/.local/lib/python3.12/site-packages/airflow/example_dags/example_complex.py
[2024-07-27T22:06:36.424+0000] {processor.py:830} INFO - Processing file /home/airflow/.local/lib/python3.12/site-packages/airflow/example_dags/example_complex.py for tasks to queue
[2024-07-27T22:06:36.425+0000] {logging_mixin.py:188} INFO - [2024-07-27T22:06:36.425+0000] {dagbag.py:545} INFO - Filling up the DagBag from /home/airflow/.local/lib/python3.12/site-packages/airflow/example_dags/example_complex.py
[2024-07-27T22:06:36.430+0000] {processor.py:840} INFO - DAG(s) 'example_complex' retrieved from /home/airflow/.local/lib/python3.12/site-packages/airflow/example_dags/example_complex.py
[2024-07-27T22:06:36.446+0000] {logging_mixin.py:188} INFO - [2024-07-27T22:06:36.446+0000] {dag.py:3089} INFO - Sync 1 DAGs
[2024-07-27T22:06:36.453+0000] {logging_mixin.py:188} INFO - [2024-07-27T22:06:36.453+0000] {dag.py:3947} INFO - Setting next_dagrun for example_complex to None, run_after=None
[2024-07-27T22:06:36.462+0000] {processor.py:183} INFO - Processing /home/airflow/.local/lib/python3.12/site-packages/airflow/example_dags/example_complex.py took 0.042 seconds
[2024-07-27T22:07:06.844+0000] {processor.py:161} INFO - Started process (PID=5850) to work on /home/airflow/.local/lib/python3.12/site-packages/airflow/example_dags/example_complex.py
[2024-07-27T22:07:06.845+0000] {processor.py:830} INFO - Processing file /home/airflow/.local/lib/python3.12/site-packages/airflow/example_dags/example_complex.py for tasks to queue
[2024-07-27T22:07:06.846+0000] {logging_mixin.py:188} INFO - [2024-07-27T22:07:06.846+0000] {dagbag.py:545} INFO - Filling up the DagBag from /home/airflow/.local/lib/python3.12/site-packages/airflow/example_dags/example_complex.py
[2024-07-27T22:07:06.851+0000] {processor.py:840} INFO - DAG(s) 'example_complex' retrieved from /home/airflow/.local/lib/python3.12/site-packages/airflow/example_dags/example_complex.py
[2024-07-27T22:07:06.868+0000] {logging_mixin.py:188} INFO - [2024-07-27T22:07:06.867+0000] {dag.py:3089} INFO - Sync 1 DAGs
[2024-07-27T22:07:06.875+0000] {logging_mixin.py:188} INFO - [2024-07-27T22:07:06.874+0000] {dag.py:3947} INFO - Setting next_dagrun for example_complex to None, run_after=None
[2024-07-27T22:07:06.884+0000] {processor.py:183} INFO - Processing /home/airflow/.local/lib/python3.12/site-packages/airflow/example_dags/example_complex.py took 0.043 seconds
[2024-07-27T22:07:36.987+0000] {processor.py:161} INFO - Started process (PID=6112) to work on /home/airflow/.local/lib/python3.12/site-packages/airflow/example_dags/example_complex.py
[2024-07-27T22:07:36.988+0000] {processor.py:830} INFO - Processing file /home/airflow/.local/lib/python3.12/site-packages/airflow/example_dags/example_complex.py for tasks to queue
[2024-07-27T22:07:36.989+0000] {logging_mixin.py:188} INFO - [2024-07-27T22:07:36.988+0000] {dagbag.py:545} INFO - Filling up the DagBag from /home/airflow/.local/lib/python3.12/site-packages/airflow/example_dags/example_complex.py
[2024-07-27T22:07:36.994+0000] {processor.py:840} INFO - DAG(s) 'example_complex' retrieved from /home/airflow/.local/lib/python3.12/site-packages/airflow/example_dags/example_complex.py
[2024-07-27T22:07:37.009+0000] {logging_mixin.py:188} INFO - [2024-07-27T22:07:37.009+0000] {dag.py:3089} INFO - Sync 1 DAGs
[2024-07-27T22:07:37.015+0000] {logging_mixin.py:188} INFO - [2024-07-27T22:07:37.015+0000] {dag.py:3947} INFO - Setting next_dagrun for example_complex to None, run_after=None
[2024-07-27T22:07:37.025+0000] {processor.py:183} INFO - Processing /home/airflow/.local/lib/python3.12/site-packages/airflow/example_dags/example_complex.py took 0.041 seconds
[2024-07-27T22:08:08.104+0000] {processor.py:161} INFO - Started process (PID=6374) to work on /home/airflow/.local/lib/python3.12/site-packages/airflow/example_dags/example_complex.py
[2024-07-27T22:08:08.106+0000] {processor.py:830} INFO - Processing file /home/airflow/.local/lib/python3.12/site-packages/airflow/example_dags/example_complex.py for tasks to queue
[2024-07-27T22:08:08.110+0000] {logging_mixin.py:188} INFO - [2024-07-27T22:08:08.109+0000] {dagbag.py:545} INFO - Filling up the DagBag from /home/airflow/.local/lib/python3.12/site-packages/airflow/example_dags/example_complex.py
[2024-07-27T22:08:08.115+0000] {processor.py:840} INFO - DAG(s) 'example_complex' retrieved from /home/airflow/.local/lib/python3.12/site-packages/airflow/example_dags/example_complex.py
[2024-07-27T22:08:08.131+0000] {logging_mixin.py:188} INFO - [2024-07-27T22:08:08.131+0000] {dag.py:3089} INFO - Sync 1 DAGs
[2024-07-27T22:08:08.138+0000] {logging_mixin.py:188} INFO - [2024-07-27T22:08:08.138+0000] {dag.py:3947} INFO - Setting next_dagrun for example_complex to None, run_after=None
[2024-07-27T22:08:08.147+0000] {processor.py:183} INFO - Processing /home/airflow/.local/lib/python3.12/site-packages/airflow/example_dags/example_complex.py took 0.047 seconds
[2024-07-27T22:08:38.360+0000] {processor.py:161} INFO - Started process (PID=6636) to work on /home/airflow/.local/lib/python3.12/site-packages/airflow/example_dags/example_complex.py
[2024-07-27T22:08:38.361+0000] {processor.py:830} INFO - Processing file /home/airflow/.local/lib/python3.12/site-packages/airflow/example_dags/example_complex.py for tasks to queue
[2024-07-27T22:08:38.362+0000] {logging_mixin.py:188} INFO - [2024-07-27T22:08:38.362+0000] {dagbag.py:545} INFO - Filling up the DagBag from /home/airflow/.local/lib/python3.12/site-packages/airflow/example_dags/example_complex.py
[2024-07-27T22:08:38.367+0000] {processor.py:840} INFO - DAG(s) 'example_complex' retrieved from /home/airflow/.local/lib/python3.12/site-packages/airflow/example_dags/example_complex.py
[2024-07-27T22:08:38.382+0000] {logging_mixin.py:188} INFO - [2024-07-27T22:08:38.382+0000] {dag.py:3089} INFO - Sync 1 DAGs
[2024-07-27T22:08:38.389+0000] {logging_mixin.py:188} INFO - [2024-07-27T22:08:38.388+0000] {dag.py:3947} INFO - Setting next_dagrun for example_complex to None, run_after=None
[2024-07-27T22:08:38.397+0000] {processor.py:183} INFO - Processing /home/airflow/.local/lib/python3.12/site-packages/airflow/example_dags/example_complex.py took 0.041 seconds
[2024-07-27T22:09:09.296+0000] {processor.py:161} INFO - Started process (PID=6898) to work on /home/airflow/.local/lib/python3.12/site-packages/airflow/example_dags/example_complex.py
[2024-07-27T22:09:09.297+0000] {processor.py:830} INFO - Processing file /home/airflow/.local/lib/python3.12/site-packages/airflow/example_dags/example_complex.py for tasks to queue
[2024-07-27T22:09:09.298+0000] {logging_mixin.py:188} INFO - [2024-07-27T22:09:09.298+0000] {dagbag.py:545} INFO - Filling up the DagBag from /home/airflow/.local/lib/python3.12/site-packages/airflow/example_dags/example_complex.py
[2024-07-27T22:09:09.303+0000] {processor.py:840} INFO - DAG(s) 'example_complex' retrieved from /home/airflow/.local/lib/python3.12/site-packages/airflow/example_dags/example_complex.py
[2024-07-27T22:09:09.319+0000] {logging_mixin.py:188} INFO - [2024-07-27T22:09:09.319+0000] {dag.py:3089} INFO - Sync 1 DAGs
[2024-07-27T22:09:09.325+0000] {logging_mixin.py:188} INFO - [2024-07-27T22:09:09.325+0000] {dag.py:3947} INFO - Setting next_dagrun for example_complex to None, run_after=None
[2024-07-27T22:09:09.334+0000] {processor.py:183} INFO - Processing /home/airflow/.local/lib/python3.12/site-packages/airflow/example_dags/example_complex.py took 0.041 seconds
[2024-07-27T22:09:39.570+0000] {processor.py:161} INFO - Started process (PID=7160) to work on /home/airflow/.local/lib/python3.12/site-packages/airflow/example_dags/example_complex.py
[2024-07-27T22:09:39.571+0000] {processor.py:830} INFO - Processing file /home/airflow/.local/lib/python3.12/site-packages/airflow/example_dags/example_complex.py for tasks to queue
[2024-07-27T22:09:39.572+0000] {logging_mixin.py:188} INFO - [2024-07-27T22:09:39.572+0000] {dagbag.py:545} INFO - Filling up the DagBag from /home/airflow/.local/lib/python3.12/site-packages/airflow/example_dags/example_complex.py
[2024-07-27T22:09:39.577+0000] {processor.py:840} INFO - DAG(s) 'example_complex' retrieved from /home/airflow/.local/lib/python3.12/site-packages/airflow/example_dags/example_complex.py
[2024-07-27T22:09:39.592+0000] {logging_mixin.py:188} INFO - [2024-07-27T22:09:39.592+0000] {dag.py:3089} INFO - Sync 1 DAGs
[2024-07-27T22:09:39.599+0000] {logging_mixin.py:188} INFO - [2024-07-27T22:09:39.599+0000] {dag.py:3947} INFO - Setting next_dagrun for example_complex to None, run_after=None
[2024-07-27T22:09:39.608+0000] {processor.py:183} INFO - Processing /home/airflow/.local/lib/python3.12/site-packages/airflow/example_dags/example_complex.py took 0.042 seconds
[2024-07-27T22:10:09.896+0000] {processor.py:161} INFO - Started process (PID=7422) to work on /home/airflow/.local/lib/python3.12/site-packages/airflow/example_dags/example_complex.py
[2024-07-27T22:10:09.897+0000] {processor.py:830} INFO - Processing file /home/airflow/.local/lib/python3.12/site-packages/airflow/example_dags/example_complex.py for tasks to queue
[2024-07-27T22:10:09.898+0000] {logging_mixin.py:188} INFO - [2024-07-27T22:10:09.898+0000] {dagbag.py:545} INFO - Filling up the DagBag from /home/airflow/.local/lib/python3.12/site-packages/airflow/example_dags/example_complex.py
[2024-07-27T22:10:09.903+0000] {processor.py:840} INFO - DAG(s) 'example_complex' retrieved from /home/airflow/.local/lib/python3.12/site-packages/airflow/example_dags/example_complex.py
[2024-07-27T22:10:09.919+0000] {logging_mixin.py:188} INFO - [2024-07-27T22:10:09.918+0000] {dag.py:3089} INFO - Sync 1 DAGs
[2024-07-27T22:10:09.925+0000] {logging_mixin.py:188} INFO - [2024-07-27T22:10:09.925+0000] {dag.py:3947} INFO - Setting next_dagrun for example_complex to None, run_after=None
[2024-07-27T22:10:09.935+0000] {processor.py:183} INFO - Processing /home/airflow/.local/lib/python3.12/site-packages/airflow/example_dags/example_complex.py took 0.042 seconds
[2024-07-27T22:10:40.299+0000] {processor.py:161} INFO - Started process (PID=7686) to work on /home/airflow/.local/lib/python3.12/site-packages/airflow/example_dags/example_complex.py
[2024-07-27T22:10:40.300+0000] {processor.py:830} INFO - Processing file /home/airflow/.local/lib/python3.12/site-packages/airflow/example_dags/example_complex.py for tasks to queue
[2024-07-27T22:10:40.301+0000] {logging_mixin.py:188} INFO - [2024-07-27T22:10:40.301+0000] {dagbag.py:545} INFO - Filling up the DagBag from /home/airflow/.local/lib/python3.12/site-packages/airflow/example_dags/example_complex.py
[2024-07-27T22:10:40.306+0000] {processor.py:840} INFO - DAG(s) 'example_complex' retrieved from /home/airflow/.local/lib/python3.12/site-packages/airflow/example_dags/example_complex.py
[2024-07-27T22:10:40.319+0000] {logging_mixin.py:188} INFO - [2024-07-27T22:10:40.319+0000] {dag.py:3089} INFO - Sync 1 DAGs
[2024-07-27T22:10:40.325+0000] {logging_mixin.py:188} INFO - [2024-07-27T22:10:40.325+0000] {dag.py:3947} INFO - Setting next_dagrun for example_complex to None, run_after=None
[2024-07-27T22:10:40.333+0000] {processor.py:183} INFO - Processing /home/airflow/.local/lib/python3.12/site-packages/airflow/example_dags/example_complex.py took 0.037 seconds
[2024-07-27T22:11:11.410+0000] {processor.py:161} INFO - Started process (PID=7952) to work on /home/airflow/.local/lib/python3.12/site-packages/airflow/example_dags/example_complex.py
[2024-07-27T22:11:11.411+0000] {processor.py:830} INFO - Processing file /home/airflow/.local/lib/python3.12/site-packages/airflow/example_dags/example_complex.py for tasks to queue
[2024-07-27T22:11:11.412+0000] {logging_mixin.py:188} INFO - [2024-07-27T22:11:11.412+0000] {dagbag.py:545} INFO - Filling up the DagBag from /home/airflow/.local/lib/python3.12/site-packages/airflow/example_dags/example_complex.py
[2024-07-27T22:11:11.418+0000] {processor.py:840} INFO - DAG(s) 'example_complex' retrieved from /home/airflow/.local/lib/python3.12/site-packages/airflow/example_dags/example_complex.py
[2024-07-27T22:11:11.433+0000] {logging_mixin.py:188} INFO - [2024-07-27T22:11:11.433+0000] {dag.py:3089} INFO - Sync 1 DAGs
[2024-07-27T22:11:11.439+0000] {logging_mixin.py:188} INFO - [2024-07-27T22:11:11.439+0000] {dag.py:3947} INFO - Setting next_dagrun for example_complex to None, run_after=None
[2024-07-27T22:11:11.448+0000] {processor.py:183} INFO - Processing /home/airflow/.local/lib/python3.12/site-packages/airflow/example_dags/example_complex.py took 0.041 seconds
[2024-07-27T22:11:41.682+0000] {processor.py:161} INFO - Started process (PID=8215) to work on /home/airflow/.local/lib/python3.12/site-packages/airflow/example_dags/example_complex.py
[2024-07-27T22:11:41.682+0000] {processor.py:830} INFO - Processing file /home/airflow/.local/lib/python3.12/site-packages/airflow/example_dags/example_complex.py for tasks to queue
[2024-07-27T22:11:41.683+0000] {logging_mixin.py:188} INFO - [2024-07-27T22:11:41.683+0000] {dagbag.py:545} INFO - Filling up the DagBag from /home/airflow/.local/lib/python3.12/site-packages/airflow/example_dags/example_complex.py
[2024-07-27T22:11:41.688+0000] {processor.py:840} INFO - DAG(s) 'example_complex' retrieved from /home/airflow/.local/lib/python3.12/site-packages/airflow/example_dags/example_complex.py
[2024-07-27T22:11:41.704+0000] {logging_mixin.py:188} INFO - [2024-07-27T22:11:41.703+0000] {dag.py:3089} INFO - Sync 1 DAGs
[2024-07-27T22:11:41.710+0000] {logging_mixin.py:188} INFO - [2024-07-27T22:11:41.710+0000] {dag.py:3947} INFO - Setting next_dagrun for example_complex to None, run_after=None
[2024-07-27T22:11:41.720+0000] {processor.py:183} INFO - Processing /home/airflow/.local/lib/python3.12/site-packages/airflow/example_dags/example_complex.py took 0.042 seconds
[2024-07-27T22:12:12.024+0000] {processor.py:161} INFO - Started process (PID=8477) to work on /home/airflow/.local/lib/python3.12/site-packages/airflow/example_dags/example_complex.py
[2024-07-27T22:12:12.025+0000] {processor.py:830} INFO - Processing file /home/airflow/.local/lib/python3.12/site-packages/airflow/example_dags/example_complex.py for tasks to queue
[2024-07-27T22:12:12.026+0000] {logging_mixin.py:188} INFO - [2024-07-27T22:12:12.025+0000] {dagbag.py:545} INFO - Filling up the DagBag from /home/airflow/.local/lib/python3.12/site-packages/airflow/example_dags/example_complex.py
[2024-07-27T22:12:12.031+0000] {processor.py:840} INFO - DAG(s) 'example_complex' retrieved from /home/airflow/.local/lib/python3.12/site-packages/airflow/example_dags/example_complex.py
[2024-07-27T22:12:12.046+0000] {logging_mixin.py:188} INFO - [2024-07-27T22:12:12.045+0000] {dag.py:3089} INFO - Sync 1 DAGs
[2024-07-27T22:12:12.052+0000] {logging_mixin.py:188} INFO - [2024-07-27T22:12:12.052+0000] {dag.py:3947} INFO - Setting next_dagrun for example_complex to None, run_after=None
[2024-07-27T22:12:12.062+0000] {processor.py:183} INFO - Processing /home/airflow/.local/lib/python3.12/site-packages/airflow/example_dags/example_complex.py took 0.041 seconds
[2024-07-27T22:12:42.598+0000] {processor.py:161} INFO - Started process (PID=8739) to work on /home/airflow/.local/lib/python3.12/site-packages/airflow/example_dags/example_complex.py
[2024-07-27T22:12:42.599+0000] {processor.py:830} INFO - Processing file /home/airflow/.local/lib/python3.12/site-packages/airflow/example_dags/example_complex.py for tasks to queue
[2024-07-27T22:12:42.601+0000] {logging_mixin.py:188} INFO - [2024-07-27T22:12:42.600+0000] {dagbag.py:545} INFO - Filling up the DagBag from /home/airflow/.local/lib/python3.12/site-packages/airflow/example_dags/example_complex.py
[2024-07-27T22:12:42.615+0000] {processor.py:840} INFO - DAG(s) 'example_complex' retrieved from /home/airflow/.local/lib/python3.12/site-packages/airflow/example_dags/example_complex.py
[2024-07-27T22:12:42.649+0000] {logging_mixin.py:188} INFO - [2024-07-27T22:12:42.649+0000] {dag.py:3089} INFO - Sync 1 DAGs
[2024-07-27T22:12:42.665+0000] {logging_mixin.py:188} INFO - [2024-07-27T22:12:42.665+0000] {dag.py:3947} INFO - Setting next_dagrun for example_complex to None, run_after=None
[2024-07-27T22:12:42.676+0000] {processor.py:183} INFO - Processing /home/airflow/.local/lib/python3.12/site-packages/airflow/example_dags/example_complex.py took 0.084 seconds
[2024-07-27T22:13:12.944+0000] {processor.py:161} INFO - Started process (PID=9003) to work on /home/airflow/.local/lib/python3.12/site-packages/airflow/example_dags/example_complex.py
[2024-07-27T22:13:12.945+0000] {processor.py:830} INFO - Processing file /home/airflow/.local/lib/python3.12/site-packages/airflow/example_dags/example_complex.py for tasks to queue
[2024-07-27T22:13:12.947+0000] {logging_mixin.py:188} INFO - [2024-07-27T22:13:12.946+0000] {dagbag.py:545} INFO - Filling up the DagBag from /home/airflow/.local/lib/python3.12/site-packages/airflow/example_dags/example_complex.py
[2024-07-27T22:13:12.953+0000] {processor.py:840} INFO - DAG(s) 'example_complex' retrieved from /home/airflow/.local/lib/python3.12/site-packages/airflow/example_dags/example_complex.py
[2024-07-27T22:13:12.968+0000] {logging_mixin.py:188} INFO - [2024-07-27T22:13:12.968+0000] {dag.py:3089} INFO - Sync 1 DAGs
[2024-07-27T22:13:12.974+0000] {logging_mixin.py:188} INFO - [2024-07-27T22:13:12.974+0000] {dag.py:3947} INFO - Setting next_dagrun for example_complex to None, run_after=None
[2024-07-27T22:13:12.983+0000] {processor.py:183} INFO - Processing /home/airflow/.local/lib/python3.12/site-packages/airflow/example_dags/example_complex.py took 0.043 seconds
[2024-07-27T22:13:43.875+0000] {processor.py:161} INFO - Started process (PID=9263) to work on /home/airflow/.local/lib/python3.12/site-packages/airflow/example_dags/example_complex.py
[2024-07-27T22:13:43.877+0000] {processor.py:830} INFO - Processing file /home/airflow/.local/lib/python3.12/site-packages/airflow/example_dags/example_complex.py for tasks to queue
[2024-07-27T22:13:43.878+0000] {logging_mixin.py:188} INFO - [2024-07-27T22:13:43.878+0000] {dagbag.py:545} INFO - Filling up the DagBag from /home/airflow/.local/lib/python3.12/site-packages/airflow/example_dags/example_complex.py
[2024-07-27T22:13:43.886+0000] {processor.py:840} INFO - DAG(s) 'example_complex' retrieved from /home/airflow/.local/lib/python3.12/site-packages/airflow/example_dags/example_complex.py
[2024-07-27T22:13:43.912+0000] {logging_mixin.py:188} INFO - [2024-07-27T22:13:43.912+0000] {dag.py:3089} INFO - Sync 1 DAGs
[2024-07-27T22:13:43.924+0000] {logging_mixin.py:188} INFO - [2024-07-27T22:13:43.924+0000] {dag.py:3947} INFO - Setting next_dagrun for example_complex to None, run_after=None
[2024-07-27T22:13:43.935+0000] {processor.py:183} INFO - Processing /home/airflow/.local/lib/python3.12/site-packages/airflow/example_dags/example_complex.py took 0.066 seconds
[2024-07-27T22:14:14.397+0000] {processor.py:161} INFO - Started process (PID=9524) to work on /home/airflow/.local/lib/python3.12/site-packages/airflow/example_dags/example_complex.py
[2024-07-27T22:14:14.399+0000] {processor.py:830} INFO - Processing file /home/airflow/.local/lib/python3.12/site-packages/airflow/example_dags/example_complex.py for tasks to queue
[2024-07-27T22:14:14.400+0000] {logging_mixin.py:188} INFO - [2024-07-27T22:14:14.400+0000] {dagbag.py:545} INFO - Filling up the DagBag from /home/airflow/.local/lib/python3.12/site-packages/airflow/example_dags/example_complex.py
[2024-07-27T22:14:14.408+0000] {processor.py:840} INFO - DAG(s) 'example_complex' retrieved from /home/airflow/.local/lib/python3.12/site-packages/airflow/example_dags/example_complex.py
[2024-07-27T22:14:14.432+0000] {logging_mixin.py:188} INFO - [2024-07-27T22:14:14.432+0000] {dag.py:3089} INFO - Sync 1 DAGs
[2024-07-27T22:14:14.443+0000] {logging_mixin.py:188} INFO - [2024-07-27T22:14:14.443+0000] {dag.py:3947} INFO - Setting next_dagrun for example_complex to None, run_after=None
[2024-07-27T22:14:14.457+0000] {processor.py:183} INFO - Processing /home/airflow/.local/lib/python3.12/site-packages/airflow/example_dags/example_complex.py took 0.067 seconds
[2024-07-27T22:14:44.690+0000] {processor.py:161} INFO - Started process (PID=9783) to work on /home/airflow/.local/lib/python3.12/site-packages/airflow/example_dags/example_complex.py
[2024-07-27T22:14:44.693+0000] {processor.py:830} INFO - Processing file /home/airflow/.local/lib/python3.12/site-packages/airflow/example_dags/example_complex.py for tasks to queue
[2024-07-27T22:14:44.695+0000] {logging_mixin.py:188} INFO - [2024-07-27T22:14:44.694+0000] {dagbag.py:545} INFO - Filling up the DagBag from /home/airflow/.local/lib/python3.12/site-packages/airflow/example_dags/example_complex.py
[2024-07-27T22:14:44.704+0000] {processor.py:840} INFO - DAG(s) 'example_complex' retrieved from /home/airflow/.local/lib/python3.12/site-packages/airflow/example_dags/example_complex.py
[2024-07-27T22:14:44.724+0000] {logging_mixin.py:188} INFO - [2024-07-27T22:14:44.724+0000] {dag.py:3089} INFO - Sync 1 DAGs
[2024-07-27T22:14:44.731+0000] {logging_mixin.py:188} INFO - [2024-07-27T22:14:44.731+0000] {dag.py:3947} INFO - Setting next_dagrun for example_complex to None, run_after=None
[2024-07-27T22:14:44.740+0000] {processor.py:183} INFO - Processing /home/airflow/.local/lib/python3.12/site-packages/airflow/example_dags/example_complex.py took 0.058 seconds
[2024-07-27T22:15:15.061+0000] {processor.py:161} INFO - Started process (PID=10046) to work on /home/airflow/.local/lib/python3.12/site-packages/airflow/example_dags/example_complex.py
[2024-07-27T22:15:15.063+0000] {processor.py:830} INFO - Processing file /home/airflow/.local/lib/python3.12/site-packages/airflow/example_dags/example_complex.py for tasks to queue
[2024-07-27T22:15:15.066+0000] {logging_mixin.py:188} INFO - [2024-07-27T22:15:15.066+0000] {dagbag.py:545} INFO - Filling up the DagBag from /home/airflow/.local/lib/python3.12/site-packages/airflow/example_dags/example_complex.py
[2024-07-27T22:15:15.078+0000] {processor.py:840} INFO - DAG(s) 'example_complex' retrieved from /home/airflow/.local/lib/python3.12/site-packages/airflow/example_dags/example_complex.py
[2024-07-27T22:15:15.107+0000] {logging_mixin.py:188} INFO - [2024-07-27T22:15:15.106+0000] {dag.py:3089} INFO - Sync 1 DAGs
[2024-07-27T22:15:15.114+0000] {logging_mixin.py:188} INFO - [2024-07-27T22:15:15.114+0000] {dag.py:3947} INFO - Setting next_dagrun for example_complex to None, run_after=None
[2024-07-27T22:15:15.123+0000] {processor.py:183} INFO - Processing /home/airflow/.local/lib/python3.12/site-packages/airflow/example_dags/example_complex.py took 0.071 seconds
[2024-07-27T22:15:45.205+0000] {processor.py:161} INFO - Started process (PID=10308) to work on /home/airflow/.local/lib/python3.12/site-packages/airflow/example_dags/example_complex.py
[2024-07-27T22:15:45.207+0000] {processor.py:830} INFO - Processing file /home/airflow/.local/lib/python3.12/site-packages/airflow/example_dags/example_complex.py for tasks to queue
[2024-07-27T22:15:45.209+0000] {logging_mixin.py:188} INFO - [2024-07-27T22:15:45.209+0000] {dagbag.py:545} INFO - Filling up the DagBag from /home/airflow/.local/lib/python3.12/site-packages/airflow/example_dags/example_complex.py
[2024-07-27T22:15:45.219+0000] {processor.py:840} INFO - DAG(s) 'example_complex' retrieved from /home/airflow/.local/lib/python3.12/site-packages/airflow/example_dags/example_complex.py
[2024-07-27T22:15:45.241+0000] {logging_mixin.py:188} INFO - [2024-07-27T22:15:45.241+0000] {dag.py:3089} INFO - Sync 1 DAGs
[2024-07-27T22:15:45.248+0000] {logging_mixin.py:188} INFO - [2024-07-27T22:15:45.248+0000] {dag.py:3947} INFO - Setting next_dagrun for example_complex to None, run_after=None
[2024-07-27T22:15:45.258+0000] {processor.py:183} INFO - Processing /home/airflow/.local/lib/python3.12/site-packages/airflow/example_dags/example_complex.py took 0.063 seconds
[2024-07-27T22:16:15.300+0000] {processor.py:161} INFO - Started process (PID=10569) to work on /home/airflow/.local/lib/python3.12/site-packages/airflow/example_dags/example_complex.py
[2024-07-27T22:16:15.301+0000] {processor.py:830} INFO - Processing file /home/airflow/.local/lib/python3.12/site-packages/airflow/example_dags/example_complex.py for tasks to queue
[2024-07-27T22:16:15.302+0000] {logging_mixin.py:188} INFO - [2024-07-27T22:16:15.302+0000] {dagbag.py:545} INFO - Filling up the DagBag from /home/airflow/.local/lib/python3.12/site-packages/airflow/example_dags/example_complex.py
[2024-07-27T22:16:15.308+0000] {processor.py:840} INFO - DAG(s) 'example_complex' retrieved from /home/airflow/.local/lib/python3.12/site-packages/airflow/example_dags/example_complex.py
[2024-07-27T22:16:15.322+0000] {logging_mixin.py:188} INFO - [2024-07-27T22:16:15.322+0000] {dag.py:3089} INFO - Sync 1 DAGs
[2024-07-27T22:16:15.329+0000] {logging_mixin.py:188} INFO - [2024-07-27T22:16:15.329+0000] {dag.py:3947} INFO - Setting next_dagrun for example_complex to None, run_after=None
[2024-07-27T22:16:15.344+0000] {processor.py:183} INFO - Processing /home/airflow/.local/lib/python3.12/site-packages/airflow/example_dags/example_complex.py took 0.047 seconds
[2024-07-27T22:16:46.949+0000] {processor.py:161} INFO - Started process (PID=10831) to work on /home/airflow/.local/lib/python3.12/site-packages/airflow/example_dags/example_complex.py
[2024-07-27T22:16:46.950+0000] {processor.py:830} INFO - Processing file /home/airflow/.local/lib/python3.12/site-packages/airflow/example_dags/example_complex.py for tasks to queue
[2024-07-27T22:16:46.952+0000] {logging_mixin.py:188} INFO - [2024-07-27T22:16:46.952+0000] {dagbag.py:545} INFO - Filling up the DagBag from /home/airflow/.local/lib/python3.12/site-packages/airflow/example_dags/example_complex.py
[2024-07-27T22:16:46.961+0000] {processor.py:840} INFO - DAG(s) 'example_complex' retrieved from /home/airflow/.local/lib/python3.12/site-packages/airflow/example_dags/example_complex.py
[2024-07-27T22:16:46.979+0000] {logging_mixin.py:188} INFO - [2024-07-27T22:16:46.979+0000] {dag.py:3089} INFO - Sync 1 DAGs
[2024-07-27T22:16:47.115+0000] {logging_mixin.py:188} INFO - [2024-07-27T22:16:47.114+0000] {dag.py:3947} INFO - Setting next_dagrun for example_complex to None, run_after=None
[2024-07-27T22:16:47.133+0000] {processor.py:183} INFO - Processing /home/airflow/.local/lib/python3.12/site-packages/airflow/example_dags/example_complex.py took 0.187 seconds
[2024-07-27T22:17:17.776+0000] {processor.py:161} INFO - Started process (PID=11093) to work on /home/airflow/.local/lib/python3.12/site-packages/airflow/example_dags/example_complex.py
[2024-07-27T22:17:17.778+0000] {processor.py:830} INFO - Processing file /home/airflow/.local/lib/python3.12/site-packages/airflow/example_dags/example_complex.py for tasks to queue
[2024-07-27T22:17:17.780+0000] {logging_mixin.py:188} INFO - [2024-07-27T22:17:17.779+0000] {dagbag.py:545} INFO - Filling up the DagBag from /home/airflow/.local/lib/python3.12/site-packages/airflow/example_dags/example_complex.py
[2024-07-27T22:17:17.785+0000] {processor.py:840} INFO - DAG(s) 'example_complex' retrieved from /home/airflow/.local/lib/python3.12/site-packages/airflow/example_dags/example_complex.py
[2024-07-27T22:17:17.802+0000] {logging_mixin.py:188} INFO - [2024-07-27T22:17:17.802+0000] {dag.py:3089} INFO - Sync 1 DAGs
[2024-07-27T22:17:17.808+0000] {logging_mixin.py:188} INFO - [2024-07-27T22:17:17.808+0000] {dag.py:3947} INFO - Setting next_dagrun for example_complex to None, run_after=None
[2024-07-27T22:17:17.818+0000] {processor.py:183} INFO - Processing /home/airflow/.local/lib/python3.12/site-packages/airflow/example_dags/example_complex.py took 0.046 seconds
[2024-07-27T22:17:48.246+0000] {processor.py:161} INFO - Started process (PID=11355) to work on /home/airflow/.local/lib/python3.12/site-packages/airflow/example_dags/example_complex.py
[2024-07-27T22:17:48.247+0000] {processor.py:830} INFO - Processing file /home/airflow/.local/lib/python3.12/site-packages/airflow/example_dags/example_complex.py for tasks to queue
[2024-07-27T22:17:48.248+0000] {logging_mixin.py:188} INFO - [2024-07-27T22:17:48.247+0000] {dagbag.py:545} INFO - Filling up the DagBag from /home/airflow/.local/lib/python3.12/site-packages/airflow/example_dags/example_complex.py
[2024-07-27T22:17:48.253+0000] {processor.py:840} INFO - DAG(s) 'example_complex' retrieved from /home/airflow/.local/lib/python3.12/site-packages/airflow/example_dags/example_complex.py
[2024-07-27T22:17:48.269+0000] {logging_mixin.py:188} INFO - [2024-07-27T22:17:48.269+0000] {dag.py:3089} INFO - Sync 1 DAGs
[2024-07-27T22:17:48.280+0000] {logging_mixin.py:188} INFO - [2024-07-27T22:17:48.279+0000] {dag.py:3947} INFO - Setting next_dagrun for example_complex to None, run_after=None
[2024-07-27T22:17:48.290+0000] {processor.py:183} INFO - Processing /home/airflow/.local/lib/python3.12/site-packages/airflow/example_dags/example_complex.py took 0.048 seconds
[2024-07-27T22:18:18.524+0000] {processor.py:161} INFO - Started process (PID=11619) to work on /home/airflow/.local/lib/python3.12/site-packages/airflow/example_dags/example_complex.py
[2024-07-27T22:18:18.525+0000] {processor.py:830} INFO - Processing file /home/airflow/.local/lib/python3.12/site-packages/airflow/example_dags/example_complex.py for tasks to queue
[2024-07-27T22:18:18.526+0000] {logging_mixin.py:188} INFO - [2024-07-27T22:18:18.526+0000] {dagbag.py:545} INFO - Filling up the DagBag from /home/airflow/.local/lib/python3.12/site-packages/airflow/example_dags/example_complex.py
[2024-07-27T22:18:18.532+0000] {processor.py:840} INFO - DAG(s) 'example_complex' retrieved from /home/airflow/.local/lib/python3.12/site-packages/airflow/example_dags/example_complex.py
[2024-07-27T22:18:18.547+0000] {logging_mixin.py:188} INFO - [2024-07-27T22:18:18.547+0000] {dag.py:3089} INFO - Sync 1 DAGs
[2024-07-27T22:18:18.553+0000] {logging_mixin.py:188} INFO - [2024-07-27T22:18:18.553+0000] {dag.py:3947} INFO - Setting next_dagrun for example_complex to None, run_after=None
[2024-07-27T22:18:18.561+0000] {processor.py:183} INFO - Processing /home/airflow/.local/lib/python3.12/site-packages/airflow/example_dags/example_complex.py took 0.040 seconds
[2024-07-27T22:18:48.709+0000] {processor.py:161} INFO - Started process (PID=11879) to work on /home/airflow/.local/lib/python3.12/site-packages/airflow/example_dags/example_complex.py
[2024-07-27T22:18:48.710+0000] {processor.py:830} INFO - Processing file /home/airflow/.local/lib/python3.12/site-packages/airflow/example_dags/example_complex.py for tasks to queue
[2024-07-27T22:18:48.711+0000] {logging_mixin.py:188} INFO - [2024-07-27T22:18:48.711+0000] {dagbag.py:545} INFO - Filling up the DagBag from /home/airflow/.local/lib/python3.12/site-packages/airflow/example_dags/example_complex.py
[2024-07-27T22:18:48.716+0000] {processor.py:840} INFO - DAG(s) 'example_complex' retrieved from /home/airflow/.local/lib/python3.12/site-packages/airflow/example_dags/example_complex.py
[2024-07-27T22:18:48.731+0000] {logging_mixin.py:188} INFO - [2024-07-27T22:18:48.731+0000] {dag.py:3089} INFO - Sync 1 DAGs
[2024-07-27T22:18:48.737+0000] {logging_mixin.py:188} INFO - [2024-07-27T22:18:48.737+0000] {dag.py:3947} INFO - Setting next_dagrun for example_complex to None, run_after=None
[2024-07-27T22:18:48.747+0000] {processor.py:183} INFO - Processing /home/airflow/.local/lib/python3.12/site-packages/airflow/example_dags/example_complex.py took 0.041 seconds
[2024-07-27T22:19:19.081+0000] {processor.py:161} INFO - Started process (PID=12143) to work on /home/airflow/.local/lib/python3.12/site-packages/airflow/example_dags/example_complex.py
[2024-07-27T22:19:19.083+0000] {processor.py:830} INFO - Processing file /home/airflow/.local/lib/python3.12/site-packages/airflow/example_dags/example_complex.py for tasks to queue
[2024-07-27T22:19:19.085+0000] {logging_mixin.py:188} INFO - [2024-07-27T22:19:19.084+0000] {dagbag.py:545} INFO - Filling up the DagBag from /home/airflow/.local/lib/python3.12/site-packages/airflow/example_dags/example_complex.py
[2024-07-27T22:19:19.091+0000] {processor.py:840} INFO - DAG(s) 'example_complex' retrieved from /home/airflow/.local/lib/python3.12/site-packages/airflow/example_dags/example_complex.py
[2024-07-27T22:19:19.109+0000] {logging_mixin.py:188} INFO - [2024-07-27T22:19:19.109+0000] {dag.py:3089} INFO - Sync 1 DAGs
[2024-07-27T22:19:19.115+0000] {logging_mixin.py:188} INFO - [2024-07-27T22:19:19.115+0000] {dag.py:3947} INFO - Setting next_dagrun for example_complex to None, run_after=None
[2024-07-27T22:19:19.126+0000] {processor.py:183} INFO - Processing /home/airflow/.local/lib/python3.12/site-packages/airflow/example_dags/example_complex.py took 0.051 seconds
[2024-07-27T22:19:49.261+0000] {processor.py:161} INFO - Started process (PID=12403) to work on /home/airflow/.local/lib/python3.12/site-packages/airflow/example_dags/example_complex.py
[2024-07-27T22:19:49.262+0000] {processor.py:830} INFO - Processing file /home/airflow/.local/lib/python3.12/site-packages/airflow/example_dags/example_complex.py for tasks to queue
[2024-07-27T22:19:49.263+0000] {logging_mixin.py:188} INFO - [2024-07-27T22:19:49.263+0000] {dagbag.py:545} INFO - Filling up the DagBag from /home/airflow/.local/lib/python3.12/site-packages/airflow/example_dags/example_complex.py
[2024-07-27T22:19:49.272+0000] {processor.py:840} INFO - DAG(s) 'example_complex' retrieved from /home/airflow/.local/lib/python3.12/site-packages/airflow/example_dags/example_complex.py
[2024-07-27T22:19:49.296+0000] {logging_mixin.py:188} INFO - [2024-07-27T22:19:49.296+0000] {dag.py:3089} INFO - Sync 1 DAGs
[2024-07-27T22:19:49.304+0000] {logging_mixin.py:188} INFO - [2024-07-27T22:19:49.304+0000] {dag.py:3947} INFO - Setting next_dagrun for example_complex to None, run_after=None
[2024-07-27T22:19:49.315+0000] {processor.py:183} INFO - Processing /home/airflow/.local/lib/python3.12/site-packages/airflow/example_dags/example_complex.py took 0.064 seconds
[2024-07-27T22:20:20.041+0000] {processor.py:161} INFO - Started process (PID=12670) to work on /home/airflow/.local/lib/python3.12/site-packages/airflow/example_dags/example_complex.py
[2024-07-27T22:20:20.041+0000] {processor.py:830} INFO - Processing file /home/airflow/.local/lib/python3.12/site-packages/airflow/example_dags/example_complex.py for tasks to queue
[2024-07-27T22:20:20.043+0000] {logging_mixin.py:188} INFO - [2024-07-27T22:20:20.042+0000] {dagbag.py:545} INFO - Filling up the DagBag from /home/airflow/.local/lib/python3.12/site-packages/airflow/example_dags/example_complex.py
[2024-07-27T22:20:20.048+0000] {processor.py:840} INFO - DAG(s) 'example_complex' retrieved from /home/airflow/.local/lib/python3.12/site-packages/airflow/example_dags/example_complex.py
[2024-07-27T22:20:20.066+0000] {logging_mixin.py:188} INFO - [2024-07-27T22:20:20.066+0000] {dag.py:3089} INFO - Sync 1 DAGs
[2024-07-27T22:20:20.073+0000] {logging_mixin.py:188} INFO - [2024-07-27T22:20:20.073+0000] {dag.py:3947} INFO - Setting next_dagrun for example_complex to None, run_after=None
[2024-07-27T22:20:20.084+0000] {processor.py:183} INFO - Processing /home/airflow/.local/lib/python3.12/site-packages/airflow/example_dags/example_complex.py took 0.047 seconds
[2024-07-27T22:20:50.391+0000] {processor.py:161} INFO - Started process (PID=12942) to work on /home/airflow/.local/lib/python3.12/site-packages/airflow/example_dags/example_complex.py
[2024-07-27T22:20:50.392+0000] {processor.py:830} INFO - Processing file /home/airflow/.local/lib/python3.12/site-packages/airflow/example_dags/example_complex.py for tasks to queue
[2024-07-27T22:20:50.394+0000] {logging_mixin.py:188} INFO - [2024-07-27T22:20:50.394+0000] {dagbag.py:545} INFO - Filling up the DagBag from /home/airflow/.local/lib/python3.12/site-packages/airflow/example_dags/example_complex.py
[2024-07-27T22:20:50.399+0000] {processor.py:840} INFO - DAG(s) 'example_complex' retrieved from /home/airflow/.local/lib/python3.12/site-packages/airflow/example_dags/example_complex.py
[2024-07-27T22:20:50.415+0000] {logging_mixin.py:188} INFO - [2024-07-27T22:20:50.415+0000] {dag.py:3089} INFO - Sync 1 DAGs
[2024-07-27T22:20:50.422+0000] {logging_mixin.py:188} INFO - [2024-07-27T22:20:50.422+0000] {dag.py:3947} INFO - Setting next_dagrun for example_complex to None, run_after=None
[2024-07-27T22:20:50.431+0000] {processor.py:183} INFO - Processing /home/airflow/.local/lib/python3.12/site-packages/airflow/example_dags/example_complex.py took 0.043 seconds
[2024-07-27T22:21:20.791+0000] {processor.py:161} INFO - Started process (PID=13209) to work on /home/airflow/.local/lib/python3.12/site-packages/airflow/example_dags/example_complex.py
[2024-07-27T22:21:20.792+0000] {processor.py:830} INFO - Processing file /home/airflow/.local/lib/python3.12/site-packages/airflow/example_dags/example_complex.py for tasks to queue
[2024-07-27T22:21:20.793+0000] {logging_mixin.py:188} INFO - [2024-07-27T22:21:20.793+0000] {dagbag.py:545} INFO - Filling up the DagBag from /home/airflow/.local/lib/python3.12/site-packages/airflow/example_dags/example_complex.py
[2024-07-27T22:21:20.799+0000] {processor.py:840} INFO - DAG(s) 'example_complex' retrieved from /home/airflow/.local/lib/python3.12/site-packages/airflow/example_dags/example_complex.py
[2024-07-27T22:21:20.814+0000] {logging_mixin.py:188} INFO - [2024-07-27T22:21:20.814+0000] {dag.py:3089} INFO - Sync 1 DAGs
[2024-07-27T22:21:20.821+0000] {logging_mixin.py:188} INFO - [2024-07-27T22:21:20.821+0000] {dag.py:3947} INFO - Setting next_dagrun for example_complex to None, run_after=None
[2024-07-27T22:21:20.831+0000] {processor.py:183} INFO - Processing /home/airflow/.local/lib/python3.12/site-packages/airflow/example_dags/example_complex.py took 0.043 seconds
[2024-07-27T22:21:51.146+0000] {processor.py:161} INFO - Started process (PID=13476) to work on /home/airflow/.local/lib/python3.12/site-packages/airflow/example_dags/example_complex.py
[2024-07-27T22:21:51.148+0000] {processor.py:830} INFO - Processing file /home/airflow/.local/lib/python3.12/site-packages/airflow/example_dags/example_complex.py for tasks to queue
[2024-07-27T22:21:51.149+0000] {logging_mixin.py:188} INFO - [2024-07-27T22:21:51.149+0000] {dagbag.py:545} INFO - Filling up the DagBag from /home/airflow/.local/lib/python3.12/site-packages/airflow/example_dags/example_complex.py
[2024-07-27T22:21:51.155+0000] {processor.py:840} INFO - DAG(s) 'example_complex' retrieved from /home/airflow/.local/lib/python3.12/site-packages/airflow/example_dags/example_complex.py
[2024-07-27T22:21:51.171+0000] {logging_mixin.py:188} INFO - [2024-07-27T22:21:51.171+0000] {dag.py:3089} INFO - Sync 1 DAGs
[2024-07-27T22:21:51.177+0000] {logging_mixin.py:188} INFO - [2024-07-27T22:21:51.177+0000] {dag.py:3947} INFO - Setting next_dagrun for example_complex to None, run_after=None
[2024-07-27T22:21:51.186+0000] {processor.py:183} INFO - Processing /home/airflow/.local/lib/python3.12/site-packages/airflow/example_dags/example_complex.py took 0.047 seconds
[2024-07-27T22:22:21.423+0000] {processor.py:161} INFO - Started process (PID=13743) to work on /home/airflow/.local/lib/python3.12/site-packages/airflow/example_dags/example_complex.py
[2024-07-27T22:22:21.424+0000] {processor.py:830} INFO - Processing file /home/airflow/.local/lib/python3.12/site-packages/airflow/example_dags/example_complex.py for tasks to queue
[2024-07-27T22:22:21.425+0000] {logging_mixin.py:188} INFO - [2024-07-27T22:22:21.425+0000] {dagbag.py:545} INFO - Filling up the DagBag from /home/airflow/.local/lib/python3.12/site-packages/airflow/example_dags/example_complex.py
[2024-07-27T22:22:21.431+0000] {processor.py:840} INFO - DAG(s) 'example_complex' retrieved from /home/airflow/.local/lib/python3.12/site-packages/airflow/example_dags/example_complex.py
[2024-07-27T22:22:21.446+0000] {logging_mixin.py:188} INFO - [2024-07-27T22:22:21.446+0000] {dag.py:3089} INFO - Sync 1 DAGs
[2024-07-27T22:22:21.452+0000] {logging_mixin.py:188} INFO - [2024-07-27T22:22:21.452+0000] {dag.py:3947} INFO - Setting next_dagrun for example_complex to None, run_after=None
[2024-07-27T22:22:21.461+0000] {processor.py:183} INFO - Processing /home/airflow/.local/lib/python3.12/site-packages/airflow/example_dags/example_complex.py took 0.041 seconds
[2024-07-27T22:22:52.159+0000] {processor.py:161} INFO - Started process (PID=14012) to work on /home/airflow/.local/lib/python3.12/site-packages/airflow/example_dags/example_complex.py
[2024-07-27T22:22:52.160+0000] {processor.py:830} INFO - Processing file /home/airflow/.local/lib/python3.12/site-packages/airflow/example_dags/example_complex.py for tasks to queue
[2024-07-27T22:22:52.161+0000] {logging_mixin.py:188} INFO - [2024-07-27T22:22:52.160+0000] {dagbag.py:545} INFO - Filling up the DagBag from /home/airflow/.local/lib/python3.12/site-packages/airflow/example_dags/example_complex.py
[2024-07-27T22:22:52.166+0000] {processor.py:840} INFO - DAG(s) 'example_complex' retrieved from /home/airflow/.local/lib/python3.12/site-packages/airflow/example_dags/example_complex.py
[2024-07-27T22:22:52.183+0000] {logging_mixin.py:188} INFO - [2024-07-27T22:22:52.183+0000] {dag.py:3089} INFO - Sync 1 DAGs
[2024-07-27T22:22:52.191+0000] {logging_mixin.py:188} INFO - [2024-07-27T22:22:52.191+0000] {dag.py:3947} INFO - Setting next_dagrun for example_complex to None, run_after=None
[2024-07-27T22:22:52.203+0000] {processor.py:183} INFO - Processing /home/airflow/.local/lib/python3.12/site-packages/airflow/example_dags/example_complex.py took 0.048 seconds
[2024-07-27T22:23:22.631+0000] {processor.py:161} INFO - Started process (PID=14298) to work on /home/airflow/.local/lib/python3.12/site-packages/airflow/example_dags/example_complex.py
[2024-07-27T22:23:22.632+0000] {processor.py:830} INFO - Processing file /home/airflow/.local/lib/python3.12/site-packages/airflow/example_dags/example_complex.py for tasks to queue
[2024-07-27T22:23:22.634+0000] {logging_mixin.py:188} INFO - [2024-07-27T22:23:22.633+0000] {dagbag.py:545} INFO - Filling up the DagBag from /home/airflow/.local/lib/python3.12/site-packages/airflow/example_dags/example_complex.py
[2024-07-27T22:23:22.639+0000] {processor.py:840} INFO - DAG(s) 'example_complex' retrieved from /home/airflow/.local/lib/python3.12/site-packages/airflow/example_dags/example_complex.py
[2024-07-27T22:23:22.654+0000] {logging_mixin.py:188} INFO - [2024-07-27T22:23:22.654+0000] {dag.py:3089} INFO - Sync 1 DAGs
[2024-07-27T22:23:22.661+0000] {logging_mixin.py:188} INFO - [2024-07-27T22:23:22.661+0000] {dag.py:3947} INFO - Setting next_dagrun for example_complex to None, run_after=None
[2024-07-27T22:23:22.670+0000] {processor.py:183} INFO - Processing /home/airflow/.local/lib/python3.12/site-packages/airflow/example_dags/example_complex.py took 0.042 seconds
[2024-07-27T22:23:53.276+0000] {processor.py:161} INFO - Started process (PID=14567) to work on /home/airflow/.local/lib/python3.12/site-packages/airflow/example_dags/example_complex.py
[2024-07-27T22:23:53.277+0000] {processor.py:830} INFO - Processing file /home/airflow/.local/lib/python3.12/site-packages/airflow/example_dags/example_complex.py for tasks to queue
[2024-07-27T22:23:53.278+0000] {logging_mixin.py:188} INFO - [2024-07-27T22:23:53.278+0000] {dagbag.py:545} INFO - Filling up the DagBag from /home/airflow/.local/lib/python3.12/site-packages/airflow/example_dags/example_complex.py
[2024-07-27T22:23:53.284+0000] {processor.py:840} INFO - DAG(s) 'example_complex' retrieved from /home/airflow/.local/lib/python3.12/site-packages/airflow/example_dags/example_complex.py
[2024-07-27T22:23:53.300+0000] {logging_mixin.py:188} INFO - [2024-07-27T22:23:53.300+0000] {dag.py:3089} INFO - Sync 1 DAGs
[2024-07-27T22:23:53.307+0000] {logging_mixin.py:188} INFO - [2024-07-27T22:23:53.307+0000] {dag.py:3947} INFO - Setting next_dagrun for example_complex to None, run_after=None
[2024-07-27T22:23:53.316+0000] {processor.py:183} INFO - Processing /home/airflow/.local/lib/python3.12/site-packages/airflow/example_dags/example_complex.py took 0.044 seconds
[2024-07-27T22:24:24.117+0000] {processor.py:161} INFO - Started process (PID=14834) to work on /home/airflow/.local/lib/python3.12/site-packages/airflow/example_dags/example_complex.py
[2024-07-27T22:24:24.118+0000] {processor.py:830} INFO - Processing file /home/airflow/.local/lib/python3.12/site-packages/airflow/example_dags/example_complex.py for tasks to queue
[2024-07-27T22:24:24.119+0000] {logging_mixin.py:188} INFO - [2024-07-27T22:24:24.119+0000] {dagbag.py:545} INFO - Filling up the DagBag from /home/airflow/.local/lib/python3.12/site-packages/airflow/example_dags/example_complex.py
[2024-07-27T22:24:24.124+0000] {processor.py:840} INFO - DAG(s) 'example_complex' retrieved from /home/airflow/.local/lib/python3.12/site-packages/airflow/example_dags/example_complex.py
[2024-07-27T22:24:24.138+0000] {logging_mixin.py:188} INFO - [2024-07-27T22:24:24.138+0000] {dag.py:3089} INFO - Sync 1 DAGs
[2024-07-27T22:24:24.147+0000] {logging_mixin.py:188} INFO - [2024-07-27T22:24:24.147+0000] {dag.py:3947} INFO - Setting next_dagrun for example_complex to None, run_after=None
[2024-07-27T22:24:24.158+0000] {processor.py:183} INFO - Processing /home/airflow/.local/lib/python3.12/site-packages/airflow/example_dags/example_complex.py took 0.045 seconds
[2024-07-27T22:24:54.282+0000] {processor.py:161} INFO - Started process (PID=15099) to work on /home/airflow/.local/lib/python3.12/site-packages/airflow/example_dags/example_complex.py
[2024-07-27T22:24:54.283+0000] {processor.py:830} INFO - Processing file /home/airflow/.local/lib/python3.12/site-packages/airflow/example_dags/example_complex.py for tasks to queue
[2024-07-27T22:24:54.284+0000] {logging_mixin.py:188} INFO - [2024-07-27T22:24:54.284+0000] {dagbag.py:545} INFO - Filling up the DagBag from /home/airflow/.local/lib/python3.12/site-packages/airflow/example_dags/example_complex.py
[2024-07-27T22:24:54.290+0000] {processor.py:840} INFO - DAG(s) 'example_complex' retrieved from /home/airflow/.local/lib/python3.12/site-packages/airflow/example_dags/example_complex.py
[2024-07-27T22:24:54.307+0000] {logging_mixin.py:188} INFO - [2024-07-27T22:24:54.306+0000] {dag.py:3089} INFO - Sync 1 DAGs
[2024-07-27T22:24:54.313+0000] {logging_mixin.py:188} INFO - [2024-07-27T22:24:54.313+0000] {dag.py:3947} INFO - Setting next_dagrun for example_complex to None, run_after=None
[2024-07-27T22:24:54.329+0000] {processor.py:183} INFO - Processing /home/airflow/.local/lib/python3.12/site-packages/airflow/example_dags/example_complex.py took 0.052 seconds
[2024-07-27T22:25:24.634+0000] {processor.py:161} INFO - Started process (PID=15368) to work on /home/airflow/.local/lib/python3.12/site-packages/airflow/example_dags/example_complex.py
[2024-07-27T22:25:24.635+0000] {processor.py:830} INFO - Processing file /home/airflow/.local/lib/python3.12/site-packages/airflow/example_dags/example_complex.py for tasks to queue
[2024-07-27T22:25:24.636+0000] {logging_mixin.py:188} INFO - [2024-07-27T22:25:24.636+0000] {dagbag.py:545} INFO - Filling up the DagBag from /home/airflow/.local/lib/python3.12/site-packages/airflow/example_dags/example_complex.py
[2024-07-27T22:25:24.642+0000] {processor.py:840} INFO - DAG(s) 'example_complex' retrieved from /home/airflow/.local/lib/python3.12/site-packages/airflow/example_dags/example_complex.py
[2024-07-27T22:25:24.659+0000] {logging_mixin.py:188} INFO - [2024-07-27T22:25:24.659+0000] {dag.py:3089} INFO - Sync 1 DAGs
[2024-07-27T22:25:24.666+0000] {logging_mixin.py:188} INFO - [2024-07-27T22:25:24.666+0000] {dag.py:3947} INFO - Setting next_dagrun for example_complex to None, run_after=None
[2024-07-27T22:25:24.675+0000] {processor.py:183} INFO - Processing /home/airflow/.local/lib/python3.12/site-packages/airflow/example_dags/example_complex.py took 0.045 seconds
[2024-07-27T22:25:54.881+0000] {processor.py:161} INFO - Started process (PID=15633) to work on /home/airflow/.local/lib/python3.12/site-packages/airflow/example_dags/example_complex.py
[2024-07-27T22:25:54.882+0000] {processor.py:830} INFO - Processing file /home/airflow/.local/lib/python3.12/site-packages/airflow/example_dags/example_complex.py for tasks to queue
[2024-07-27T22:25:54.883+0000] {logging_mixin.py:188} INFO - [2024-07-27T22:25:54.883+0000] {dagbag.py:545} INFO - Filling up the DagBag from /home/airflow/.local/lib/python3.12/site-packages/airflow/example_dags/example_complex.py
[2024-07-27T22:25:54.888+0000] {processor.py:840} INFO - DAG(s) 'example_complex' retrieved from /home/airflow/.local/lib/python3.12/site-packages/airflow/example_dags/example_complex.py
[2024-07-27T22:25:54.904+0000] {logging_mixin.py:188} INFO - [2024-07-27T22:25:54.904+0000] {dag.py:3089} INFO - Sync 1 DAGs
[2024-07-27T22:25:54.910+0000] {logging_mixin.py:188} INFO - [2024-07-27T22:25:54.910+0000] {dag.py:3947} INFO - Setting next_dagrun for example_complex to None, run_after=None
[2024-07-27T22:25:54.919+0000] {processor.py:183} INFO - Processing /home/airflow/.local/lib/python3.12/site-packages/airflow/example_dags/example_complex.py took 0.041 seconds
[2024-07-27T22:26:25.456+0000] {processor.py:161} INFO - Started process (PID=15905) to work on /home/airflow/.local/lib/python3.12/site-packages/airflow/example_dags/example_complex.py
[2024-07-27T22:26:25.457+0000] {processor.py:830} INFO - Processing file /home/airflow/.local/lib/python3.12/site-packages/airflow/example_dags/example_complex.py for tasks to queue
[2024-07-27T22:26:25.458+0000] {logging_mixin.py:188} INFO - [2024-07-27T22:26:25.458+0000] {dagbag.py:545} INFO - Filling up the DagBag from /home/airflow/.local/lib/python3.12/site-packages/airflow/example_dags/example_complex.py
[2024-07-27T22:26:25.463+0000] {processor.py:840} INFO - DAG(s) 'example_complex' retrieved from /home/airflow/.local/lib/python3.12/site-packages/airflow/example_dags/example_complex.py
[2024-07-27T22:26:25.480+0000] {logging_mixin.py:188} INFO - [2024-07-27T22:26:25.480+0000] {dag.py:3089} INFO - Sync 1 DAGs
[2024-07-27T22:26:25.487+0000] {logging_mixin.py:188} INFO - [2024-07-27T22:26:25.486+0000] {dag.py:3947} INFO - Setting next_dagrun for example_complex to None, run_after=None
[2024-07-27T22:26:25.497+0000] {processor.py:183} INFO - Processing /home/airflow/.local/lib/python3.12/site-packages/airflow/example_dags/example_complex.py took 0.044 seconds
[2024-07-27T22:55:21.556+0000] {processor.py:161} INFO - Started process (PID=16160) to work on /home/airflow/.local/lib/python3.12/site-packages/airflow/example_dags/example_complex.py
[2024-07-27T22:55:21.556+0000] {processor.py:830} INFO - Processing file /home/airflow/.local/lib/python3.12/site-packages/airflow/example_dags/example_complex.py for tasks to queue
[2024-07-27T22:55:21.557+0000] {logging_mixin.py:188} INFO - [2024-07-27T22:55:21.557+0000] {dagbag.py:545} INFO - Filling up the DagBag from /home/airflow/.local/lib/python3.12/site-packages/airflow/example_dags/example_complex.py
[2024-07-27T22:55:21.562+0000] {processor.py:840} INFO - DAG(s) 'example_complex' retrieved from /home/airflow/.local/lib/python3.12/site-packages/airflow/example_dags/example_complex.py
[2024-07-27T22:55:21.579+0000] {logging_mixin.py:188} INFO - [2024-07-27T22:55:21.579+0000] {dag.py:3089} INFO - Sync 1 DAGs
[2024-07-27T22:55:21.589+0000] {logging_mixin.py:188} INFO - [2024-07-27T22:55:21.589+0000] {dag.py:3947} INFO - Setting next_dagrun for example_complex to None, run_after=None
[2024-07-27T22:55:21.599+0000] {processor.py:183} INFO - Processing /home/airflow/.local/lib/python3.12/site-packages/airflow/example_dags/example_complex.py took 0.048 seconds
[2024-07-27T22:55:51.834+0000] {processor.py:161} INFO - Started process (PID=16428) to work on /home/airflow/.local/lib/python3.12/site-packages/airflow/example_dags/example_complex.py
[2024-07-27T22:55:51.835+0000] {processor.py:830} INFO - Processing file /home/airflow/.local/lib/python3.12/site-packages/airflow/example_dags/example_complex.py for tasks to queue
[2024-07-27T22:55:51.836+0000] {logging_mixin.py:188} INFO - [2024-07-27T22:55:51.836+0000] {dagbag.py:545} INFO - Filling up the DagBag from /home/airflow/.local/lib/python3.12/site-packages/airflow/example_dags/example_complex.py
[2024-07-27T22:55:51.841+0000] {processor.py:840} INFO - DAG(s) 'example_complex' retrieved from /home/airflow/.local/lib/python3.12/site-packages/airflow/example_dags/example_complex.py
[2024-07-27T22:55:51.857+0000] {logging_mixin.py:188} INFO - [2024-07-27T22:55:51.857+0000] {dag.py:3089} INFO - Sync 1 DAGs
[2024-07-27T22:55:51.863+0000] {logging_mixin.py:188} INFO - [2024-07-27T22:55:51.863+0000] {dag.py:3947} INFO - Setting next_dagrun for example_complex to None, run_after=None
[2024-07-27T22:55:51.871+0000] {processor.py:183} INFO - Processing /home/airflow/.local/lib/python3.12/site-packages/airflow/example_dags/example_complex.py took 0.041 seconds
