[2024-07-27T20:14:06.957+0000] {processor.py:161} INFO - Started process (PID=185) to work on /home/airflow/.local/lib/python3.12/site-packages/airflow/example_dags/example_xcomargs.py
[2024-07-27T20:14:06.958+0000] {processor.py:830} INFO - Processing file /home/airflow/.local/lib/python3.12/site-packages/airflow/example_dags/example_xcomargs.py for tasks to queue
[2024-07-27T20:14:06.959+0000] {logging_mixin.py:188} INFO - [2024-07-27T20:14:06.959+0000] {dagbag.py:545} INFO - Filling up the DagBag from /home/airflow/.local/lib/python3.12/site-packages/airflow/example_dags/example_xcomargs.py
[2024-07-27T20:14:06.965+0000] {processor.py:840} INFO - DAG(s) 'example_xcom_args_with_operators', 'example_xcom_args' retrieved from /home/airflow/.local/lib/python3.12/site-packages/airflow/example_dags/example_xcomargs.py
[2024-07-27T20:14:06.972+0000] {logging_mixin.py:188} INFO - [2024-07-27T20:14:06.972+0000] {dag.py:3089} INFO - Sync 2 DAGs
[2024-07-27T20:14:06.980+0000] {logging_mixin.py:188} INFO - [2024-07-27T20:14:06.979+0000] {dag.py:3947} INFO - Setting next_dagrun for example_xcom_args to None, run_after=None
[2024-07-27T20:14:06.982+0000] {logging_mixin.py:188} INFO - [2024-07-27T20:14:06.982+0000] {dag.py:3947} INFO - Setting next_dagrun for example_xcom_args_with_operators to None, run_after=None
[2024-07-27T20:14:06.993+0000] {processor.py:183} INFO - Processing /home/airflow/.local/lib/python3.12/site-packages/airflow/example_dags/example_xcomargs.py took 0.044 seconds
[2024-07-27T20:14:37.455+0000] {processor.py:161} INFO - Started process (PID=446) to work on /home/airflow/.local/lib/python3.12/site-packages/airflow/example_dags/example_xcomargs.py
[2024-07-27T20:14:37.455+0000] {processor.py:830} INFO - Processing file /home/airflow/.local/lib/python3.12/site-packages/airflow/example_dags/example_xcomargs.py for tasks to queue
[2024-07-27T20:14:37.456+0000] {logging_mixin.py:188} INFO - [2024-07-27T20:14:37.456+0000] {dagbag.py:545} INFO - Filling up the DagBag from /home/airflow/.local/lib/python3.12/site-packages/airflow/example_dags/example_xcomargs.py
[2024-07-27T20:14:37.461+0000] {processor.py:840} INFO - DAG(s) 'example_xcom_args_with_operators', 'example_xcom_args' retrieved from /home/airflow/.local/lib/python3.12/site-packages/airflow/example_dags/example_xcomargs.py
[2024-07-27T20:14:37.514+0000] {logging_mixin.py:188} INFO - [2024-07-27T20:14:37.514+0000] {dag.py:3089} INFO - Sync 2 DAGs
[2024-07-27T20:14:37.519+0000] {logging_mixin.py:188} INFO - [2024-07-27T20:14:37.519+0000] {dag.py:3947} INFO - Setting next_dagrun for example_xcom_args to None, run_after=None
[2024-07-27T20:14:37.521+0000] {logging_mixin.py:188} INFO - [2024-07-27T20:14:37.521+0000] {dag.py:3947} INFO - Setting next_dagrun for example_xcom_args_with_operators to None, run_after=None
[2024-07-27T20:14:37.529+0000] {processor.py:183} INFO - Processing /home/airflow/.local/lib/python3.12/site-packages/airflow/example_dags/example_xcomargs.py took 0.078 seconds
[2024-07-27T20:15:08.038+0000] {processor.py:161} INFO - Started process (PID=708) to work on /home/airflow/.local/lib/python3.12/site-packages/airflow/example_dags/example_xcomargs.py
[2024-07-27T20:15:08.039+0000] {processor.py:830} INFO - Processing file /home/airflow/.local/lib/python3.12/site-packages/airflow/example_dags/example_xcomargs.py for tasks to queue
[2024-07-27T20:15:08.040+0000] {logging_mixin.py:188} INFO - [2024-07-27T20:15:08.040+0000] {dagbag.py:545} INFO - Filling up the DagBag from /home/airflow/.local/lib/python3.12/site-packages/airflow/example_dags/example_xcomargs.py
[2024-07-27T20:15:08.044+0000] {processor.py:840} INFO - DAG(s) 'example_xcom_args_with_operators', 'example_xcom_args' retrieved from /home/airflow/.local/lib/python3.12/site-packages/airflow/example_dags/example_xcomargs.py
[2024-07-27T20:15:08.056+0000] {logging_mixin.py:188} INFO - [2024-07-27T20:15:08.055+0000] {dag.py:3089} INFO - Sync 2 DAGs
[2024-07-27T20:15:08.062+0000] {logging_mixin.py:188} INFO - [2024-07-27T20:15:08.062+0000] {dag.py:3947} INFO - Setting next_dagrun for example_xcom_args to None, run_after=None
[2024-07-27T20:15:08.064+0000] {logging_mixin.py:188} INFO - [2024-07-27T20:15:08.064+0000] {dag.py:3947} INFO - Setting next_dagrun for example_xcom_args_with_operators to None, run_after=None
[2024-07-27T20:15:08.072+0000] {processor.py:183} INFO - Processing /home/airflow/.local/lib/python3.12/site-packages/airflow/example_dags/example_xcomargs.py took 0.037 seconds
[2024-07-27T20:15:38.594+0000] {processor.py:161} INFO - Started process (PID=970) to work on /home/airflow/.local/lib/python3.12/site-packages/airflow/example_dags/example_xcomargs.py
[2024-07-27T20:15:38.595+0000] {processor.py:830} INFO - Processing file /home/airflow/.local/lib/python3.12/site-packages/airflow/example_dags/example_xcomargs.py for tasks to queue
[2024-07-27T20:15:38.596+0000] {logging_mixin.py:188} INFO - [2024-07-27T20:15:38.596+0000] {dagbag.py:545} INFO - Filling up the DagBag from /home/airflow/.local/lib/python3.12/site-packages/airflow/example_dags/example_xcomargs.py
[2024-07-27T20:15:38.601+0000] {processor.py:840} INFO - DAG(s) 'example_xcom_args', 'example_xcom_args_with_operators' retrieved from /home/airflow/.local/lib/python3.12/site-packages/airflow/example_dags/example_xcomargs.py
[2024-07-27T20:15:38.613+0000] {logging_mixin.py:188} INFO - [2024-07-27T20:15:38.613+0000] {dag.py:3089} INFO - Sync 2 DAGs
[2024-07-27T20:15:38.620+0000] {logging_mixin.py:188} INFO - [2024-07-27T20:15:38.620+0000] {dag.py:3947} INFO - Setting next_dagrun for example_xcom_args to None, run_after=None
[2024-07-27T20:15:38.622+0000] {logging_mixin.py:188} INFO - [2024-07-27T20:15:38.622+0000] {dag.py:3947} INFO - Setting next_dagrun for example_xcom_args_with_operators to None, run_after=None
[2024-07-27T20:15:38.630+0000] {processor.py:183} INFO - Processing /home/airflow/.local/lib/python3.12/site-packages/airflow/example_dags/example_xcomargs.py took 0.039 seconds
[2024-07-27T20:16:08.741+0000] {processor.py:161} INFO - Started process (PID=1231) to work on /home/airflow/.local/lib/python3.12/site-packages/airflow/example_dags/example_xcomargs.py
[2024-07-27T20:16:08.742+0000] {processor.py:830} INFO - Processing file /home/airflow/.local/lib/python3.12/site-packages/airflow/example_dags/example_xcomargs.py for tasks to queue
[2024-07-27T20:16:08.743+0000] {logging_mixin.py:188} INFO - [2024-07-27T20:16:08.743+0000] {dagbag.py:545} INFO - Filling up the DagBag from /home/airflow/.local/lib/python3.12/site-packages/airflow/example_dags/example_xcomargs.py
[2024-07-27T20:16:08.747+0000] {processor.py:840} INFO - DAG(s) 'example_xcom_args_with_operators', 'example_xcom_args' retrieved from /home/airflow/.local/lib/python3.12/site-packages/airflow/example_dags/example_xcomargs.py
[2024-07-27T20:16:08.760+0000] {logging_mixin.py:188} INFO - [2024-07-27T20:16:08.760+0000] {dag.py:3089} INFO - Sync 2 DAGs
[2024-07-27T20:16:08.767+0000] {logging_mixin.py:188} INFO - [2024-07-27T20:16:08.767+0000] {dag.py:3947} INFO - Setting next_dagrun for example_xcom_args to None, run_after=None
[2024-07-27T20:16:08.769+0000] {logging_mixin.py:188} INFO - [2024-07-27T20:16:08.769+0000] {dag.py:3947} INFO - Setting next_dagrun for example_xcom_args_with_operators to None, run_after=None
[2024-07-27T20:16:08.776+0000] {processor.py:183} INFO - Processing /home/airflow/.local/lib/python3.12/site-packages/airflow/example_dags/example_xcomargs.py took 0.038 seconds
[2024-07-27T20:16:39.045+0000] {processor.py:161} INFO - Started process (PID=1493) to work on /home/airflow/.local/lib/python3.12/site-packages/airflow/example_dags/example_xcomargs.py
[2024-07-27T20:16:39.046+0000] {processor.py:830} INFO - Processing file /home/airflow/.local/lib/python3.12/site-packages/airflow/example_dags/example_xcomargs.py for tasks to queue
[2024-07-27T20:16:39.047+0000] {logging_mixin.py:188} INFO - [2024-07-27T20:16:39.047+0000] {dagbag.py:545} INFO - Filling up the DagBag from /home/airflow/.local/lib/python3.12/site-packages/airflow/example_dags/example_xcomargs.py
[2024-07-27T20:16:39.051+0000] {processor.py:840} INFO - DAG(s) 'example_xcom_args_with_operators', 'example_xcom_args' retrieved from /home/airflow/.local/lib/python3.12/site-packages/airflow/example_dags/example_xcomargs.py
[2024-07-27T20:16:39.063+0000] {logging_mixin.py:188} INFO - [2024-07-27T20:16:39.063+0000] {dag.py:3089} INFO - Sync 2 DAGs
[2024-07-27T20:16:39.069+0000] {logging_mixin.py:188} INFO - [2024-07-27T20:16:39.069+0000] {dag.py:3947} INFO - Setting next_dagrun for example_xcom_args to None, run_after=None
[2024-07-27T20:16:39.071+0000] {logging_mixin.py:188} INFO - [2024-07-27T20:16:39.071+0000] {dag.py:3947} INFO - Setting next_dagrun for example_xcom_args_with_operators to None, run_after=None
[2024-07-27T20:16:39.078+0000] {processor.py:183} INFO - Processing /home/airflow/.local/lib/python3.12/site-packages/airflow/example_dags/example_xcomargs.py took 0.036 seconds
[2024-07-27T20:17:09.387+0000] {processor.py:161} INFO - Started process (PID=1757) to work on /home/airflow/.local/lib/python3.12/site-packages/airflow/example_dags/example_xcomargs.py
[2024-07-27T20:17:09.388+0000] {processor.py:830} INFO - Processing file /home/airflow/.local/lib/python3.12/site-packages/airflow/example_dags/example_xcomargs.py for tasks to queue
[2024-07-27T20:17:09.389+0000] {logging_mixin.py:188} INFO - [2024-07-27T20:17:09.389+0000] {dagbag.py:545} INFO - Filling up the DagBag from /home/airflow/.local/lib/python3.12/site-packages/airflow/example_dags/example_xcomargs.py
[2024-07-27T20:17:09.393+0000] {processor.py:840} INFO - DAG(s) 'example_xcom_args', 'example_xcom_args_with_operators' retrieved from /home/airflow/.local/lib/python3.12/site-packages/airflow/example_dags/example_xcomargs.py
[2024-07-27T20:17:09.405+0000] {logging_mixin.py:188} INFO - [2024-07-27T20:17:09.405+0000] {dag.py:3089} INFO - Sync 2 DAGs
[2024-07-27T20:17:09.411+0000] {logging_mixin.py:188} INFO - [2024-07-27T20:17:09.411+0000] {dag.py:3947} INFO - Setting next_dagrun for example_xcom_args to None, run_after=None
[2024-07-27T20:17:09.413+0000] {logging_mixin.py:188} INFO - [2024-07-27T20:17:09.413+0000] {dag.py:3947} INFO - Setting next_dagrun for example_xcom_args_with_operators to None, run_after=None
[2024-07-27T20:17:09.419+0000] {processor.py:183} INFO - Processing /home/airflow/.local/lib/python3.12/site-packages/airflow/example_dags/example_xcomargs.py took 0.036 seconds
[2024-07-27T21:59:58.266+0000] {processor.py:161} INFO - Started process (PID=2011) to work on /home/airflow/.local/lib/python3.12/site-packages/airflow/example_dags/example_xcomargs.py
[2024-07-27T21:59:58.268+0000] {processor.py:830} INFO - Processing file /home/airflow/.local/lib/python3.12/site-packages/airflow/example_dags/example_xcomargs.py for tasks to queue
[2024-07-27T21:59:58.269+0000] {logging_mixin.py:188} INFO - [2024-07-27T21:59:58.269+0000] {dagbag.py:545} INFO - Filling up the DagBag from /home/airflow/.local/lib/python3.12/site-packages/airflow/example_dags/example_xcomargs.py
[2024-07-27T21:59:58.274+0000] {processor.py:840} INFO - DAG(s) 'example_xcom_args', 'example_xcom_args_with_operators' retrieved from /home/airflow/.local/lib/python3.12/site-packages/airflow/example_dags/example_xcomargs.py
[2024-07-27T21:59:58.292+0000] {logging_mixin.py:188} INFO - [2024-07-27T21:59:58.291+0000] {dag.py:3089} INFO - Sync 2 DAGs
[2024-07-27T21:59:58.302+0000] {logging_mixin.py:188} INFO - [2024-07-27T21:59:58.301+0000] {dag.py:3947} INFO - Setting next_dagrun for example_xcom_args to None, run_after=None
[2024-07-27T21:59:58.305+0000] {logging_mixin.py:188} INFO - [2024-07-27T21:59:58.304+0000] {dag.py:3947} INFO - Setting next_dagrun for example_xcom_args_with_operators to None, run_after=None
[2024-07-27T21:59:58.317+0000] {processor.py:183} INFO - Processing /home/airflow/.local/lib/python3.12/site-packages/airflow/example_dags/example_xcomargs.py took 0.056 seconds
[2024-07-27T22:00:28.782+0000] {processor.py:161} INFO - Started process (PID=2270) to work on /home/airflow/.local/lib/python3.12/site-packages/airflow/example_dags/example_xcomargs.py
[2024-07-27T22:00:28.783+0000] {processor.py:830} INFO - Processing file /home/airflow/.local/lib/python3.12/site-packages/airflow/example_dags/example_xcomargs.py for tasks to queue
[2024-07-27T22:00:28.784+0000] {logging_mixin.py:188} INFO - [2024-07-27T22:00:28.784+0000] {dagbag.py:545} INFO - Filling up the DagBag from /home/airflow/.local/lib/python3.12/site-packages/airflow/example_dags/example_xcomargs.py
[2024-07-27T22:00:28.788+0000] {processor.py:840} INFO - DAG(s) 'example_xcom_args_with_operators', 'example_xcom_args' retrieved from /home/airflow/.local/lib/python3.12/site-packages/airflow/example_dags/example_xcomargs.py
[2024-07-27T22:00:28.800+0000] {logging_mixin.py:188} INFO - [2024-07-27T22:00:28.800+0000] {dag.py:3089} INFO - Sync 2 DAGs
[2024-07-27T22:00:28.807+0000] {logging_mixin.py:188} INFO - [2024-07-27T22:00:28.807+0000] {dag.py:3947} INFO - Setting next_dagrun for example_xcom_args to None, run_after=None
[2024-07-27T22:00:28.809+0000] {logging_mixin.py:188} INFO - [2024-07-27T22:00:28.809+0000] {dag.py:3947} INFO - Setting next_dagrun for example_xcom_args_with_operators to None, run_after=None
[2024-07-27T22:00:28.821+0000] {processor.py:183} INFO - Processing /home/airflow/.local/lib/python3.12/site-packages/airflow/example_dags/example_xcomargs.py took 0.043 seconds
[2024-07-27T22:00:58.913+0000] {processor.py:161} INFO - Started process (PID=2536) to work on /home/airflow/.local/lib/python3.12/site-packages/airflow/example_dags/example_xcomargs.py
[2024-07-27T22:00:58.914+0000] {processor.py:830} INFO - Processing file /home/airflow/.local/lib/python3.12/site-packages/airflow/example_dags/example_xcomargs.py for tasks to queue
[2024-07-27T22:00:58.915+0000] {logging_mixin.py:188} INFO - [2024-07-27T22:00:58.915+0000] {dagbag.py:545} INFO - Filling up the DagBag from /home/airflow/.local/lib/python3.12/site-packages/airflow/example_dags/example_xcomargs.py
[2024-07-27T22:00:58.920+0000] {processor.py:840} INFO - DAG(s) 'example_xcom_args_with_operators', 'example_xcom_args' retrieved from /home/airflow/.local/lib/python3.12/site-packages/airflow/example_dags/example_xcomargs.py
[2024-07-27T22:00:58.932+0000] {logging_mixin.py:188} INFO - [2024-07-27T22:00:58.932+0000] {dag.py:3089} INFO - Sync 2 DAGs
[2024-07-27T22:00:58.941+0000] {logging_mixin.py:188} INFO - [2024-07-27T22:00:58.941+0000] {dag.py:3947} INFO - Setting next_dagrun for example_xcom_args to None, run_after=None
[2024-07-27T22:00:58.943+0000] {logging_mixin.py:188} INFO - [2024-07-27T22:00:58.943+0000] {dag.py:3947} INFO - Setting next_dagrun for example_xcom_args_with_operators to None, run_after=None
[2024-07-27T22:00:58.952+0000] {processor.py:183} INFO - Processing /home/airflow/.local/lib/python3.12/site-packages/airflow/example_dags/example_xcomargs.py took 0.042 seconds
[2024-07-27T22:01:29.175+0000] {processor.py:161} INFO - Started process (PID=2798) to work on /home/airflow/.local/lib/python3.12/site-packages/airflow/example_dags/example_xcomargs.py
[2024-07-27T22:01:29.176+0000] {processor.py:830} INFO - Processing file /home/airflow/.local/lib/python3.12/site-packages/airflow/example_dags/example_xcomargs.py for tasks to queue
[2024-07-27T22:01:29.179+0000] {logging_mixin.py:188} INFO - [2024-07-27T22:01:29.179+0000] {dagbag.py:545} INFO - Filling up the DagBag from /home/airflow/.local/lib/python3.12/site-packages/airflow/example_dags/example_xcomargs.py
[2024-07-27T22:01:29.184+0000] {processor.py:840} INFO - DAG(s) 'example_xcom_args_with_operators', 'example_xcom_args' retrieved from /home/airflow/.local/lib/python3.12/site-packages/airflow/example_dags/example_xcomargs.py
[2024-07-27T22:01:29.198+0000] {logging_mixin.py:188} INFO - [2024-07-27T22:01:29.198+0000] {dag.py:3089} INFO - Sync 2 DAGs
[2024-07-27T22:01:29.205+0000] {logging_mixin.py:188} INFO - [2024-07-27T22:01:29.205+0000] {dag.py:3947} INFO - Setting next_dagrun for example_xcom_args to None, run_after=None
[2024-07-27T22:01:29.207+0000] {logging_mixin.py:188} INFO - [2024-07-27T22:01:29.207+0000] {dag.py:3947} INFO - Setting next_dagrun for example_xcom_args_with_operators to None, run_after=None
[2024-07-27T22:01:29.215+0000] {processor.py:183} INFO - Processing /home/airflow/.local/lib/python3.12/site-packages/airflow/example_dags/example_xcomargs.py took 0.044 seconds
[2024-07-27T22:01:59.534+0000] {processor.py:161} INFO - Started process (PID=3058) to work on /home/airflow/.local/lib/python3.12/site-packages/airflow/example_dags/example_xcomargs.py
[2024-07-27T22:01:59.535+0000] {processor.py:830} INFO - Processing file /home/airflow/.local/lib/python3.12/site-packages/airflow/example_dags/example_xcomargs.py for tasks to queue
[2024-07-27T22:01:59.536+0000] {logging_mixin.py:188} INFO - [2024-07-27T22:01:59.535+0000] {dagbag.py:545} INFO - Filling up the DagBag from /home/airflow/.local/lib/python3.12/site-packages/airflow/example_dags/example_xcomargs.py
[2024-07-27T22:01:59.540+0000] {processor.py:840} INFO - DAG(s) 'example_xcom_args', 'example_xcom_args_with_operators' retrieved from /home/airflow/.local/lib/python3.12/site-packages/airflow/example_dags/example_xcomargs.py
[2024-07-27T22:01:59.555+0000] {logging_mixin.py:188} INFO - [2024-07-27T22:01:59.555+0000] {dag.py:3089} INFO - Sync 2 DAGs
[2024-07-27T22:01:59.568+0000] {logging_mixin.py:188} INFO - [2024-07-27T22:01:59.568+0000] {dag.py:3947} INFO - Setting next_dagrun for example_xcom_args to None, run_after=None
[2024-07-27T22:01:59.572+0000] {logging_mixin.py:188} INFO - [2024-07-27T22:01:59.572+0000] {dag.py:3947} INFO - Setting next_dagrun for example_xcom_args_with_operators to None, run_after=None
[2024-07-27T22:01:59.582+0000] {processor.py:183} INFO - Processing /home/airflow/.local/lib/python3.12/site-packages/airflow/example_dags/example_xcomargs.py took 0.052 seconds
[2024-07-27T22:02:29.997+0000] {processor.py:161} INFO - Started process (PID=3323) to work on /home/airflow/.local/lib/python3.12/site-packages/airflow/example_dags/example_xcomargs.py
[2024-07-27T22:02:29.999+0000] {processor.py:830} INFO - Processing file /home/airflow/.local/lib/python3.12/site-packages/airflow/example_dags/example_xcomargs.py for tasks to queue
[2024-07-27T22:02:30.001+0000] {logging_mixin.py:188} INFO - [2024-07-27T22:02:30.001+0000] {dagbag.py:545} INFO - Filling up the DagBag from /home/airflow/.local/lib/python3.12/site-packages/airflow/example_dags/example_xcomargs.py
[2024-07-27T22:02:30.008+0000] {processor.py:840} INFO - DAG(s) 'example_xcom_args', 'example_xcom_args_with_operators' retrieved from /home/airflow/.local/lib/python3.12/site-packages/airflow/example_dags/example_xcomargs.py
[2024-07-27T22:02:30.022+0000] {logging_mixin.py:188} INFO - [2024-07-27T22:02:30.022+0000] {dag.py:3089} INFO - Sync 2 DAGs
[2024-07-27T22:02:30.029+0000] {logging_mixin.py:188} INFO - [2024-07-27T22:02:30.029+0000] {dag.py:3947} INFO - Setting next_dagrun for example_xcom_args to None, run_after=None
[2024-07-27T22:02:30.031+0000] {logging_mixin.py:188} INFO - [2024-07-27T22:02:30.031+0000] {dag.py:3947} INFO - Setting next_dagrun for example_xcom_args_with_operators to None, run_after=None
[2024-07-27T22:02:30.040+0000] {processor.py:183} INFO - Processing /home/airflow/.local/lib/python3.12/site-packages/airflow/example_dags/example_xcomargs.py took 0.046 seconds
[2024-07-27T22:03:00.630+0000] {processor.py:161} INFO - Started process (PID=3588) to work on /home/airflow/.local/lib/python3.12/site-packages/airflow/example_dags/example_xcomargs.py
[2024-07-27T22:03:00.631+0000] {processor.py:830} INFO - Processing file /home/airflow/.local/lib/python3.12/site-packages/airflow/example_dags/example_xcomargs.py for tasks to queue
[2024-07-27T22:03:00.632+0000] {logging_mixin.py:188} INFO - [2024-07-27T22:03:00.632+0000] {dagbag.py:545} INFO - Filling up the DagBag from /home/airflow/.local/lib/python3.12/site-packages/airflow/example_dags/example_xcomargs.py
[2024-07-27T22:03:00.637+0000] {processor.py:840} INFO - DAG(s) 'example_xcom_args', 'example_xcom_args_with_operators' retrieved from /home/airflow/.local/lib/python3.12/site-packages/airflow/example_dags/example_xcomargs.py
[2024-07-27T22:03:00.652+0000] {logging_mixin.py:188} INFO - [2024-07-27T22:03:00.652+0000] {dag.py:3089} INFO - Sync 2 DAGs
[2024-07-27T22:03:00.660+0000] {logging_mixin.py:188} INFO - [2024-07-27T22:03:00.660+0000] {dag.py:3947} INFO - Setting next_dagrun for example_xcom_args to None, run_after=None
[2024-07-27T22:03:00.662+0000] {logging_mixin.py:188} INFO - [2024-07-27T22:03:00.662+0000] {dag.py:3947} INFO - Setting next_dagrun for example_xcom_args_with_operators to None, run_after=None
[2024-07-27T22:03:00.672+0000] {processor.py:183} INFO - Processing /home/airflow/.local/lib/python3.12/site-packages/airflow/example_dags/example_xcomargs.py took 0.045 seconds
[2024-07-27T22:03:31.318+0000] {processor.py:161} INFO - Started process (PID=3848) to work on /home/airflow/.local/lib/python3.12/site-packages/airflow/example_dags/example_xcomargs.py
[2024-07-27T22:03:31.320+0000] {processor.py:830} INFO - Processing file /home/airflow/.local/lib/python3.12/site-packages/airflow/example_dags/example_xcomargs.py for tasks to queue
[2024-07-27T22:03:31.322+0000] {logging_mixin.py:188} INFO - [2024-07-27T22:03:31.322+0000] {dagbag.py:545} INFO - Filling up the DagBag from /home/airflow/.local/lib/python3.12/site-packages/airflow/example_dags/example_xcomargs.py
[2024-07-27T22:03:31.327+0000] {processor.py:840} INFO - DAG(s) 'example_xcom_args', 'example_xcom_args_with_operators' retrieved from /home/airflow/.local/lib/python3.12/site-packages/airflow/example_dags/example_xcomargs.py
[2024-07-27T22:03:31.348+0000] {logging_mixin.py:188} INFO - [2024-07-27T22:03:31.348+0000] {dag.py:3089} INFO - Sync 2 DAGs
[2024-07-27T22:03:31.357+0000] {logging_mixin.py:188} INFO - [2024-07-27T22:03:31.356+0000] {dag.py:3947} INFO - Setting next_dagrun for example_xcom_args to None, run_after=None
[2024-07-27T22:03:31.359+0000] {logging_mixin.py:188} INFO - [2024-07-27T22:03:31.359+0000] {dag.py:3947} INFO - Setting next_dagrun for example_xcom_args_with_operators to None, run_after=None
[2024-07-27T22:03:31.376+0000] {processor.py:183} INFO - Processing /home/airflow/.local/lib/python3.12/site-packages/airflow/example_dags/example_xcomargs.py took 0.064 seconds
[2024-07-27T22:04:01.661+0000] {processor.py:161} INFO - Started process (PID=4112) to work on /home/airflow/.local/lib/python3.12/site-packages/airflow/example_dags/example_xcomargs.py
[2024-07-27T22:04:01.662+0000] {processor.py:830} INFO - Processing file /home/airflow/.local/lib/python3.12/site-packages/airflow/example_dags/example_xcomargs.py for tasks to queue
[2024-07-27T22:04:01.663+0000] {logging_mixin.py:188} INFO - [2024-07-27T22:04:01.663+0000] {dagbag.py:545} INFO - Filling up the DagBag from /home/airflow/.local/lib/python3.12/site-packages/airflow/example_dags/example_xcomargs.py
[2024-07-27T22:04:01.668+0000] {processor.py:840} INFO - DAG(s) 'example_xcom_args_with_operators', 'example_xcom_args' retrieved from /home/airflow/.local/lib/python3.12/site-packages/airflow/example_dags/example_xcomargs.py
[2024-07-27T22:04:01.681+0000] {logging_mixin.py:188} INFO - [2024-07-27T22:04:01.680+0000] {dag.py:3089} INFO - Sync 2 DAGs
[2024-07-27T22:04:01.687+0000] {logging_mixin.py:188} INFO - [2024-07-27T22:04:01.687+0000] {dag.py:3947} INFO - Setting next_dagrun for example_xcom_args to None, run_after=None
[2024-07-27T22:04:01.689+0000] {logging_mixin.py:188} INFO - [2024-07-27T22:04:01.689+0000] {dag.py:3947} INFO - Setting next_dagrun for example_xcom_args_with_operators to None, run_after=None
[2024-07-27T22:04:01.698+0000] {processor.py:183} INFO - Processing /home/airflow/.local/lib/python3.12/site-packages/airflow/example_dags/example_xcomargs.py took 0.040 seconds
[2024-07-27T22:04:32.120+0000] {processor.py:161} INFO - Started process (PID=4374) to work on /home/airflow/.local/lib/python3.12/site-packages/airflow/example_dags/example_xcomargs.py
[2024-07-27T22:04:32.121+0000] {processor.py:830} INFO - Processing file /home/airflow/.local/lib/python3.12/site-packages/airflow/example_dags/example_xcomargs.py for tasks to queue
[2024-07-27T22:04:32.122+0000] {logging_mixin.py:188} INFO - [2024-07-27T22:04:32.122+0000] {dagbag.py:545} INFO - Filling up the DagBag from /home/airflow/.local/lib/python3.12/site-packages/airflow/example_dags/example_xcomargs.py
[2024-07-27T22:04:32.127+0000] {processor.py:840} INFO - DAG(s) 'example_xcom_args_with_operators', 'example_xcom_args' retrieved from /home/airflow/.local/lib/python3.12/site-packages/airflow/example_dags/example_xcomargs.py
[2024-07-27T22:04:32.139+0000] {logging_mixin.py:188} INFO - [2024-07-27T22:04:32.139+0000] {dag.py:3089} INFO - Sync 2 DAGs
[2024-07-27T22:04:32.145+0000] {logging_mixin.py:188} INFO - [2024-07-27T22:04:32.145+0000] {dag.py:3947} INFO - Setting next_dagrun for example_xcom_args to None, run_after=None
[2024-07-27T22:04:32.147+0000] {logging_mixin.py:188} INFO - [2024-07-27T22:04:32.147+0000] {dag.py:3947} INFO - Setting next_dagrun for example_xcom_args_with_operators to None, run_after=None
[2024-07-27T22:04:32.155+0000] {processor.py:183} INFO - Processing /home/airflow/.local/lib/python3.12/site-packages/airflow/example_dags/example_xcomargs.py took 0.038 seconds
[2024-07-27T22:05:02.460+0000] {processor.py:161} INFO - Started process (PID=4633) to work on /home/airflow/.local/lib/python3.12/site-packages/airflow/example_dags/example_xcomargs.py
[2024-07-27T22:05:02.461+0000] {processor.py:830} INFO - Processing file /home/airflow/.local/lib/python3.12/site-packages/airflow/example_dags/example_xcomargs.py for tasks to queue
[2024-07-27T22:05:02.462+0000] {logging_mixin.py:188} INFO - [2024-07-27T22:05:02.462+0000] {dagbag.py:545} INFO - Filling up the DagBag from /home/airflow/.local/lib/python3.12/site-packages/airflow/example_dags/example_xcomargs.py
[2024-07-27T22:05:02.467+0000] {processor.py:840} INFO - DAG(s) 'example_xcom_args', 'example_xcom_args_with_operators' retrieved from /home/airflow/.local/lib/python3.12/site-packages/airflow/example_dags/example_xcomargs.py
[2024-07-27T22:05:02.479+0000] {logging_mixin.py:188} INFO - [2024-07-27T22:05:02.479+0000] {dag.py:3089} INFO - Sync 2 DAGs
[2024-07-27T22:05:02.487+0000] {logging_mixin.py:188} INFO - [2024-07-27T22:05:02.487+0000] {dag.py:3947} INFO - Setting next_dagrun for example_xcom_args to None, run_after=None
[2024-07-27T22:05:02.490+0000] {logging_mixin.py:188} INFO - [2024-07-27T22:05:02.490+0000] {dag.py:3947} INFO - Setting next_dagrun for example_xcom_args_with_operators to None, run_after=None
[2024-07-27T22:05:02.498+0000] {processor.py:183} INFO - Processing /home/airflow/.local/lib/python3.12/site-packages/airflow/example_dags/example_xcomargs.py took 0.041 seconds
[2024-07-27T22:05:32.694+0000] {processor.py:161} INFO - Started process (PID=4895) to work on /home/airflow/.local/lib/python3.12/site-packages/airflow/example_dags/example_xcomargs.py
[2024-07-27T22:05:32.695+0000] {processor.py:830} INFO - Processing file /home/airflow/.local/lib/python3.12/site-packages/airflow/example_dags/example_xcomargs.py for tasks to queue
[2024-07-27T22:05:32.696+0000] {logging_mixin.py:188} INFO - [2024-07-27T22:05:32.695+0000] {dagbag.py:545} INFO - Filling up the DagBag from /home/airflow/.local/lib/python3.12/site-packages/airflow/example_dags/example_xcomargs.py
[2024-07-27T22:05:32.700+0000] {processor.py:840} INFO - DAG(s) 'example_xcom_args_with_operators', 'example_xcom_args' retrieved from /home/airflow/.local/lib/python3.12/site-packages/airflow/example_dags/example_xcomargs.py
[2024-07-27T22:05:32.713+0000] {logging_mixin.py:188} INFO - [2024-07-27T22:05:32.713+0000] {dag.py:3089} INFO - Sync 2 DAGs
[2024-07-27T22:05:32.719+0000] {logging_mixin.py:188} INFO - [2024-07-27T22:05:32.719+0000] {dag.py:3947} INFO - Setting next_dagrun for example_xcom_args to None, run_after=None
[2024-07-27T22:05:32.721+0000] {logging_mixin.py:188} INFO - [2024-07-27T22:05:32.721+0000] {dag.py:3947} INFO - Setting next_dagrun for example_xcom_args_with_operators to None, run_after=None
[2024-07-27T22:05:32.729+0000] {processor.py:183} INFO - Processing /home/airflow/.local/lib/python3.12/site-packages/airflow/example_dags/example_xcomargs.py took 0.039 seconds
[2024-07-27T22:06:02.942+0000] {processor.py:161} INFO - Started process (PID=5157) to work on /home/airflow/.local/lib/python3.12/site-packages/airflow/example_dags/example_xcomargs.py
[2024-07-27T22:06:02.943+0000] {processor.py:830} INFO - Processing file /home/airflow/.local/lib/python3.12/site-packages/airflow/example_dags/example_xcomargs.py for tasks to queue
[2024-07-27T22:06:02.944+0000] {logging_mixin.py:188} INFO - [2024-07-27T22:06:02.944+0000] {dagbag.py:545} INFO - Filling up the DagBag from /home/airflow/.local/lib/python3.12/site-packages/airflow/example_dags/example_xcomargs.py
[2024-07-27T22:06:02.949+0000] {processor.py:840} INFO - DAG(s) 'example_xcom_args', 'example_xcom_args_with_operators' retrieved from /home/airflow/.local/lib/python3.12/site-packages/airflow/example_dags/example_xcomargs.py
[2024-07-27T22:06:02.963+0000] {logging_mixin.py:188} INFO - [2024-07-27T22:06:02.963+0000] {dag.py:3089} INFO - Sync 2 DAGs
[2024-07-27T22:06:02.970+0000] {logging_mixin.py:188} INFO - [2024-07-27T22:06:02.970+0000] {dag.py:3947} INFO - Setting next_dagrun for example_xcom_args to None, run_after=None
[2024-07-27T22:06:02.979+0000] {logging_mixin.py:188} INFO - [2024-07-27T22:06:02.979+0000] {dag.py:3947} INFO - Setting next_dagrun for example_xcom_args_with_operators to None, run_after=None
[2024-07-27T22:06:02.989+0000] {processor.py:183} INFO - Processing /home/airflow/.local/lib/python3.12/site-packages/airflow/example_dags/example_xcomargs.py took 0.053 seconds
[2024-07-27T22:06:33.296+0000] {processor.py:161} INFO - Started process (PID=5420) to work on /home/airflow/.local/lib/python3.12/site-packages/airflow/example_dags/example_xcomargs.py
[2024-07-27T22:06:33.297+0000] {processor.py:830} INFO - Processing file /home/airflow/.local/lib/python3.12/site-packages/airflow/example_dags/example_xcomargs.py for tasks to queue
[2024-07-27T22:06:33.298+0000] {logging_mixin.py:188} INFO - [2024-07-27T22:06:33.298+0000] {dagbag.py:545} INFO - Filling up the DagBag from /home/airflow/.local/lib/python3.12/site-packages/airflow/example_dags/example_xcomargs.py
[2024-07-27T22:06:33.303+0000] {processor.py:840} INFO - DAG(s) 'example_xcom_args_with_operators', 'example_xcom_args' retrieved from /home/airflow/.local/lib/python3.12/site-packages/airflow/example_dags/example_xcomargs.py
[2024-07-27T22:06:33.315+0000] {logging_mixin.py:188} INFO - [2024-07-27T22:06:33.315+0000] {dag.py:3089} INFO - Sync 2 DAGs
[2024-07-27T22:06:33.324+0000] {logging_mixin.py:188} INFO - [2024-07-27T22:06:33.324+0000] {dag.py:3947} INFO - Setting next_dagrun for example_xcom_args to None, run_after=None
[2024-07-27T22:06:33.327+0000] {logging_mixin.py:188} INFO - [2024-07-27T22:06:33.326+0000] {dag.py:3947} INFO - Setting next_dagrun for example_xcom_args_with_operators to None, run_after=None
[2024-07-27T22:06:33.336+0000] {processor.py:183} INFO - Processing /home/airflow/.local/lib/python3.12/site-packages/airflow/example_dags/example_xcomargs.py took 0.044 seconds
[2024-07-27T22:07:03.598+0000] {processor.py:161} INFO - Started process (PID=5680) to work on /home/airflow/.local/lib/python3.12/site-packages/airflow/example_dags/example_xcomargs.py
[2024-07-27T22:07:03.598+0000] {processor.py:830} INFO - Processing file /home/airflow/.local/lib/python3.12/site-packages/airflow/example_dags/example_xcomargs.py for tasks to queue
[2024-07-27T22:07:03.600+0000] {logging_mixin.py:188} INFO - [2024-07-27T22:07:03.599+0000] {dagbag.py:545} INFO - Filling up the DagBag from /home/airflow/.local/lib/python3.12/site-packages/airflow/example_dags/example_xcomargs.py
[2024-07-27T22:07:03.604+0000] {processor.py:840} INFO - DAG(s) 'example_xcom_args', 'example_xcom_args_with_operators' retrieved from /home/airflow/.local/lib/python3.12/site-packages/airflow/example_dags/example_xcomargs.py
[2024-07-27T22:07:03.616+0000] {logging_mixin.py:188} INFO - [2024-07-27T22:07:03.616+0000] {dag.py:3089} INFO - Sync 2 DAGs
[2024-07-27T22:07:03.623+0000] {logging_mixin.py:188} INFO - [2024-07-27T22:07:03.622+0000] {dag.py:3947} INFO - Setting next_dagrun for example_xcom_args to None, run_after=None
[2024-07-27T22:07:03.624+0000] {logging_mixin.py:188} INFO - [2024-07-27T22:07:03.624+0000] {dag.py:3947} INFO - Setting next_dagrun for example_xcom_args_with_operators to None, run_after=None
[2024-07-27T22:07:03.632+0000] {processor.py:183} INFO - Processing /home/airflow/.local/lib/python3.12/site-packages/airflow/example_dags/example_xcomargs.py took 0.038 seconds
[2024-07-27T22:07:33.840+0000] {processor.py:161} INFO - Started process (PID=5942) to work on /home/airflow/.local/lib/python3.12/site-packages/airflow/example_dags/example_xcomargs.py
[2024-07-27T22:07:33.841+0000] {processor.py:830} INFO - Processing file /home/airflow/.local/lib/python3.12/site-packages/airflow/example_dags/example_xcomargs.py for tasks to queue
[2024-07-27T22:07:33.842+0000] {logging_mixin.py:188} INFO - [2024-07-27T22:07:33.842+0000] {dagbag.py:545} INFO - Filling up the DagBag from /home/airflow/.local/lib/python3.12/site-packages/airflow/example_dags/example_xcomargs.py
[2024-07-27T22:07:33.847+0000] {processor.py:840} INFO - DAG(s) 'example_xcom_args_with_operators', 'example_xcom_args' retrieved from /home/airflow/.local/lib/python3.12/site-packages/airflow/example_dags/example_xcomargs.py
[2024-07-27T22:07:33.858+0000] {logging_mixin.py:188} INFO - [2024-07-27T22:07:33.858+0000] {dag.py:3089} INFO - Sync 2 DAGs
[2024-07-27T22:07:33.864+0000] {logging_mixin.py:188} INFO - [2024-07-27T22:07:33.864+0000] {dag.py:3947} INFO - Setting next_dagrun for example_xcom_args to None, run_after=None
[2024-07-27T22:07:33.866+0000] {logging_mixin.py:188} INFO - [2024-07-27T22:07:33.866+0000] {dag.py:3947} INFO - Setting next_dagrun for example_xcom_args_with_operators to None, run_after=None
[2024-07-27T22:07:33.874+0000] {processor.py:183} INFO - Processing /home/airflow/.local/lib/python3.12/site-packages/airflow/example_dags/example_xcomargs.py took 0.037 seconds
[2024-07-27T22:08:04.001+0000] {processor.py:161} INFO - Started process (PID=6204) to work on /home/airflow/.local/lib/python3.12/site-packages/airflow/example_dags/example_xcomargs.py
[2024-07-27T22:08:04.002+0000] {processor.py:830} INFO - Processing file /home/airflow/.local/lib/python3.12/site-packages/airflow/example_dags/example_xcomargs.py for tasks to queue
[2024-07-27T22:08:04.003+0000] {logging_mixin.py:188} INFO - [2024-07-27T22:08:04.002+0000] {dagbag.py:545} INFO - Filling up the DagBag from /home/airflow/.local/lib/python3.12/site-packages/airflow/example_dags/example_xcomargs.py
[2024-07-27T22:08:04.007+0000] {processor.py:840} INFO - DAG(s) 'example_xcom_args', 'example_xcom_args_with_operators' retrieved from /home/airflow/.local/lib/python3.12/site-packages/airflow/example_dags/example_xcomargs.py
[2024-07-27T22:08:04.019+0000] {logging_mixin.py:188} INFO - [2024-07-27T22:08:04.019+0000] {dag.py:3089} INFO - Sync 2 DAGs
[2024-07-27T22:08:04.025+0000] {logging_mixin.py:188} INFO - [2024-07-27T22:08:04.025+0000] {dag.py:3947} INFO - Setting next_dagrun for example_xcom_args to None, run_after=None
[2024-07-27T22:08:04.027+0000] {logging_mixin.py:188} INFO - [2024-07-27T22:08:04.027+0000] {dag.py:3947} INFO - Setting next_dagrun for example_xcom_args_with_operators to None, run_after=None
[2024-07-27T22:08:04.035+0000] {processor.py:183} INFO - Processing /home/airflow/.local/lib/python3.12/site-packages/airflow/example_dags/example_xcomargs.py took 0.037 seconds
[2024-07-27T22:08:34.350+0000] {processor.py:161} INFO - Started process (PID=6468) to work on /home/airflow/.local/lib/python3.12/site-packages/airflow/example_dags/example_xcomargs.py
[2024-07-27T22:08:34.351+0000] {processor.py:830} INFO - Processing file /home/airflow/.local/lib/python3.12/site-packages/airflow/example_dags/example_xcomargs.py for tasks to queue
[2024-07-27T22:08:34.352+0000] {logging_mixin.py:188} INFO - [2024-07-27T22:08:34.352+0000] {dagbag.py:545} INFO - Filling up the DagBag from /home/airflow/.local/lib/python3.12/site-packages/airflow/example_dags/example_xcomargs.py
[2024-07-27T22:08:34.357+0000] {processor.py:840} INFO - DAG(s) 'example_xcom_args', 'example_xcom_args_with_operators' retrieved from /home/airflow/.local/lib/python3.12/site-packages/airflow/example_dags/example_xcomargs.py
[2024-07-27T22:08:34.369+0000] {logging_mixin.py:188} INFO - [2024-07-27T22:08:34.368+0000] {dag.py:3089} INFO - Sync 2 DAGs
[2024-07-27T22:08:34.375+0000] {logging_mixin.py:188} INFO - [2024-07-27T22:08:34.375+0000] {dag.py:3947} INFO - Setting next_dagrun for example_xcom_args to None, run_after=None
[2024-07-27T22:08:34.377+0000] {logging_mixin.py:188} INFO - [2024-07-27T22:08:34.377+0000] {dag.py:3947} INFO - Setting next_dagrun for example_xcom_args_with_operators to None, run_after=None
[2024-07-27T22:08:34.385+0000] {processor.py:183} INFO - Processing /home/airflow/.local/lib/python3.12/site-packages/airflow/example_dags/example_xcomargs.py took 0.038 seconds
[2024-07-27T22:09:05.112+0000] {processor.py:161} INFO - Started process (PID=6730) to work on /home/airflow/.local/lib/python3.12/site-packages/airflow/example_dags/example_xcomargs.py
[2024-07-27T22:09:05.113+0000] {processor.py:830} INFO - Processing file /home/airflow/.local/lib/python3.12/site-packages/airflow/example_dags/example_xcomargs.py for tasks to queue
[2024-07-27T22:09:05.114+0000] {logging_mixin.py:188} INFO - [2024-07-27T22:09:05.114+0000] {dagbag.py:545} INFO - Filling up the DagBag from /home/airflow/.local/lib/python3.12/site-packages/airflow/example_dags/example_xcomargs.py
[2024-07-27T22:09:05.118+0000] {processor.py:840} INFO - DAG(s) 'example_xcom_args', 'example_xcom_args_with_operators' retrieved from /home/airflow/.local/lib/python3.12/site-packages/airflow/example_dags/example_xcomargs.py
[2024-07-27T22:09:05.131+0000] {logging_mixin.py:188} INFO - [2024-07-27T22:09:05.131+0000] {dag.py:3089} INFO - Sync 2 DAGs
[2024-07-27T22:09:05.137+0000] {logging_mixin.py:188} INFO - [2024-07-27T22:09:05.137+0000] {dag.py:3947} INFO - Setting next_dagrun for example_xcom_args to None, run_after=None
[2024-07-27T22:09:05.139+0000] {logging_mixin.py:188} INFO - [2024-07-27T22:09:05.139+0000] {dag.py:3947} INFO - Setting next_dagrun for example_xcom_args_with_operators to None, run_after=None
[2024-07-27T22:09:05.147+0000] {processor.py:183} INFO - Processing /home/airflow/.local/lib/python3.12/site-packages/airflow/example_dags/example_xcomargs.py took 0.039 seconds
[2024-07-27T22:09:35.342+0000] {processor.py:161} INFO - Started process (PID=6990) to work on /home/airflow/.local/lib/python3.12/site-packages/airflow/example_dags/example_xcomargs.py
[2024-07-27T22:09:35.343+0000] {processor.py:830} INFO - Processing file /home/airflow/.local/lib/python3.12/site-packages/airflow/example_dags/example_xcomargs.py for tasks to queue
[2024-07-27T22:09:35.344+0000] {logging_mixin.py:188} INFO - [2024-07-27T22:09:35.344+0000] {dagbag.py:545} INFO - Filling up the DagBag from /home/airflow/.local/lib/python3.12/site-packages/airflow/example_dags/example_xcomargs.py
[2024-07-27T22:09:35.349+0000] {processor.py:840} INFO - DAG(s) 'example_xcom_args_with_operators', 'example_xcom_args' retrieved from /home/airflow/.local/lib/python3.12/site-packages/airflow/example_dags/example_xcomargs.py
[2024-07-27T22:09:35.361+0000] {logging_mixin.py:188} INFO - [2024-07-27T22:09:35.361+0000] {dag.py:3089} INFO - Sync 2 DAGs
[2024-07-27T22:09:35.368+0000] {logging_mixin.py:188} INFO - [2024-07-27T22:09:35.367+0000] {dag.py:3947} INFO - Setting next_dagrun for example_xcom_args to None, run_after=None
[2024-07-27T22:09:35.369+0000] {logging_mixin.py:188} INFO - [2024-07-27T22:09:35.369+0000] {dag.py:3947} INFO - Setting next_dagrun for example_xcom_args_with_operators to None, run_after=None
[2024-07-27T22:09:35.377+0000] {processor.py:183} INFO - Processing /home/airflow/.local/lib/python3.12/site-packages/airflow/example_dags/example_xcomargs.py took 0.038 seconds
[2024-07-27T22:10:05.659+0000] {processor.py:161} INFO - Started process (PID=7254) to work on /home/airflow/.local/lib/python3.12/site-packages/airflow/example_dags/example_xcomargs.py
[2024-07-27T22:10:05.660+0000] {processor.py:830} INFO - Processing file /home/airflow/.local/lib/python3.12/site-packages/airflow/example_dags/example_xcomargs.py for tasks to queue
[2024-07-27T22:10:05.661+0000] {logging_mixin.py:188} INFO - [2024-07-27T22:10:05.661+0000] {dagbag.py:545} INFO - Filling up the DagBag from /home/airflow/.local/lib/python3.12/site-packages/airflow/example_dags/example_xcomargs.py
[2024-07-27T22:10:05.666+0000] {processor.py:840} INFO - DAG(s) 'example_xcom_args', 'example_xcom_args_with_operators' retrieved from /home/airflow/.local/lib/python3.12/site-packages/airflow/example_dags/example_xcomargs.py
[2024-07-27T22:10:05.678+0000] {logging_mixin.py:188} INFO - [2024-07-27T22:10:05.678+0000] {dag.py:3089} INFO - Sync 2 DAGs
[2024-07-27T22:10:05.685+0000] {logging_mixin.py:188} INFO - [2024-07-27T22:10:05.685+0000] {dag.py:3947} INFO - Setting next_dagrun for example_xcom_args to None, run_after=None
[2024-07-27T22:10:05.687+0000] {logging_mixin.py:188} INFO - [2024-07-27T22:10:05.687+0000] {dag.py:3947} INFO - Setting next_dagrun for example_xcom_args_with_operators to None, run_after=None
[2024-07-27T22:10:05.694+0000] {processor.py:183} INFO - Processing /home/airflow/.local/lib/python3.12/site-packages/airflow/example_dags/example_xcomargs.py took 0.037 seconds
[2024-07-27T22:10:35.854+0000] {processor.py:161} INFO - Started process (PID=7516) to work on /home/airflow/.local/lib/python3.12/site-packages/airflow/example_dags/example_xcomargs.py
[2024-07-27T22:10:35.855+0000] {processor.py:830} INFO - Processing file /home/airflow/.local/lib/python3.12/site-packages/airflow/example_dags/example_xcomargs.py for tasks to queue
[2024-07-27T22:10:35.856+0000] {logging_mixin.py:188} INFO - [2024-07-27T22:10:35.856+0000] {dagbag.py:545} INFO - Filling up the DagBag from /home/airflow/.local/lib/python3.12/site-packages/airflow/example_dags/example_xcomargs.py
[2024-07-27T22:10:35.861+0000] {processor.py:840} INFO - DAG(s) 'example_xcom_args_with_operators', 'example_xcom_args' retrieved from /home/airflow/.local/lib/python3.12/site-packages/airflow/example_dags/example_xcomargs.py
[2024-07-27T22:10:35.873+0000] {logging_mixin.py:188} INFO - [2024-07-27T22:10:35.872+0000] {dag.py:3089} INFO - Sync 2 DAGs
[2024-07-27T22:10:35.878+0000] {logging_mixin.py:188} INFO - [2024-07-27T22:10:35.878+0000] {dag.py:3947} INFO - Setting next_dagrun for example_xcom_args to None, run_after=None
[2024-07-27T22:10:35.880+0000] {logging_mixin.py:188} INFO - [2024-07-27T22:10:35.880+0000] {dag.py:3947} INFO - Setting next_dagrun for example_xcom_args_with_operators to None, run_after=None
[2024-07-27T22:10:35.889+0000] {processor.py:183} INFO - Processing /home/airflow/.local/lib/python3.12/site-packages/airflow/example_dags/example_xcomargs.py took 0.038 seconds
[2024-07-27T22:11:06.077+0000] {processor.py:161} INFO - Started process (PID=7776) to work on /home/airflow/.local/lib/python3.12/site-packages/airflow/example_dags/example_xcomargs.py
[2024-07-27T22:11:06.078+0000] {processor.py:830} INFO - Processing file /home/airflow/.local/lib/python3.12/site-packages/airflow/example_dags/example_xcomargs.py for tasks to queue
[2024-07-27T22:11:06.079+0000] {logging_mixin.py:188} INFO - [2024-07-27T22:11:06.079+0000] {dagbag.py:545} INFO - Filling up the DagBag from /home/airflow/.local/lib/python3.12/site-packages/airflow/example_dags/example_xcomargs.py
[2024-07-27T22:11:06.083+0000] {processor.py:840} INFO - DAG(s) 'example_xcom_args_with_operators', 'example_xcom_args' retrieved from /home/airflow/.local/lib/python3.12/site-packages/airflow/example_dags/example_xcomargs.py
[2024-07-27T22:11:06.093+0000] {logging_mixin.py:188} INFO - [2024-07-27T22:11:06.093+0000] {dag.py:3089} INFO - Sync 2 DAGs
[2024-07-27T22:11:06.100+0000] {logging_mixin.py:188} INFO - [2024-07-27T22:11:06.099+0000] {dag.py:3947} INFO - Setting next_dagrun for example_xcom_args to None, run_after=None
[2024-07-27T22:11:06.103+0000] {logging_mixin.py:188} INFO - [2024-07-27T22:11:06.103+0000] {dag.py:3947} INFO - Setting next_dagrun for example_xcom_args_with_operators to None, run_after=None
[2024-07-27T22:11:06.111+0000] {processor.py:183} INFO - Processing /home/airflow/.local/lib/python3.12/site-packages/airflow/example_dags/example_xcomargs.py took 0.038 seconds
[2024-07-27T22:11:36.324+0000] {processor.py:161} INFO - Started process (PID=8038) to work on /home/airflow/.local/lib/python3.12/site-packages/airflow/example_dags/example_xcomargs.py
[2024-07-27T22:11:36.324+0000] {processor.py:830} INFO - Processing file /home/airflow/.local/lib/python3.12/site-packages/airflow/example_dags/example_xcomargs.py for tasks to queue
[2024-07-27T22:11:36.325+0000] {logging_mixin.py:188} INFO - [2024-07-27T22:11:36.325+0000] {dagbag.py:545} INFO - Filling up the DagBag from /home/airflow/.local/lib/python3.12/site-packages/airflow/example_dags/example_xcomargs.py
[2024-07-27T22:11:36.330+0000] {processor.py:840} INFO - DAG(s) 'example_xcom_args_with_operators', 'example_xcom_args' retrieved from /home/airflow/.local/lib/python3.12/site-packages/airflow/example_dags/example_xcomargs.py
[2024-07-27T22:11:36.341+0000] {logging_mixin.py:188} INFO - [2024-07-27T22:11:36.341+0000] {dag.py:3089} INFO - Sync 2 DAGs
[2024-07-27T22:11:36.348+0000] {logging_mixin.py:188} INFO - [2024-07-27T22:11:36.347+0000] {dag.py:3947} INFO - Setting next_dagrun for example_xcom_args to None, run_after=None
[2024-07-27T22:11:36.349+0000] {logging_mixin.py:188} INFO - [2024-07-27T22:11:36.349+0000] {dag.py:3947} INFO - Setting next_dagrun for example_xcom_args_with_operators to None, run_after=None
[2024-07-27T22:11:36.358+0000] {processor.py:183} INFO - Processing /home/airflow/.local/lib/python3.12/site-packages/airflow/example_dags/example_xcomargs.py took 0.038 seconds
[2024-07-27T22:12:06.749+0000] {processor.py:161} INFO - Started process (PID=8302) to work on /home/airflow/.local/lib/python3.12/site-packages/airflow/example_dags/example_xcomargs.py
[2024-07-27T22:12:06.750+0000] {processor.py:830} INFO - Processing file /home/airflow/.local/lib/python3.12/site-packages/airflow/example_dags/example_xcomargs.py for tasks to queue
[2024-07-27T22:12:06.752+0000] {logging_mixin.py:188} INFO - [2024-07-27T22:12:06.751+0000] {dagbag.py:545} INFO - Filling up the DagBag from /home/airflow/.local/lib/python3.12/site-packages/airflow/example_dags/example_xcomargs.py
[2024-07-27T22:12:06.758+0000] {processor.py:840} INFO - DAG(s) 'example_xcom_args', 'example_xcom_args_with_operators' retrieved from /home/airflow/.local/lib/python3.12/site-packages/airflow/example_dags/example_xcomargs.py
[2024-07-27T22:12:06.778+0000] {logging_mixin.py:188} INFO - [2024-07-27T22:12:06.778+0000] {dag.py:3089} INFO - Sync 2 DAGs
[2024-07-27T22:12:06.787+0000] {logging_mixin.py:188} INFO - [2024-07-27T22:12:06.786+0000] {dag.py:3947} INFO - Setting next_dagrun for example_xcom_args to None, run_after=None
[2024-07-27T22:12:06.789+0000] {logging_mixin.py:188} INFO - [2024-07-27T22:12:06.789+0000] {dag.py:3947} INFO - Setting next_dagrun for example_xcom_args_with_operators to None, run_after=None
[2024-07-27T22:12:06.797+0000] {processor.py:183} INFO - Processing /home/airflow/.local/lib/python3.12/site-packages/airflow/example_dags/example_xcomargs.py took 0.053 seconds
[2024-07-27T22:12:37.135+0000] {processor.py:161} INFO - Started process (PID=8563) to work on /home/airflow/.local/lib/python3.12/site-packages/airflow/example_dags/example_xcomargs.py
[2024-07-27T22:12:37.136+0000] {processor.py:830} INFO - Processing file /home/airflow/.local/lib/python3.12/site-packages/airflow/example_dags/example_xcomargs.py for tasks to queue
[2024-07-27T22:12:37.137+0000] {logging_mixin.py:188} INFO - [2024-07-27T22:12:37.137+0000] {dagbag.py:545} INFO - Filling up the DagBag from /home/airflow/.local/lib/python3.12/site-packages/airflow/example_dags/example_xcomargs.py
[2024-07-27T22:12:37.141+0000] {processor.py:840} INFO - DAG(s) 'example_xcom_args_with_operators', 'example_xcom_args' retrieved from /home/airflow/.local/lib/python3.12/site-packages/airflow/example_dags/example_xcomargs.py
[2024-07-27T22:12:37.153+0000] {logging_mixin.py:188} INFO - [2024-07-27T22:12:37.152+0000] {dag.py:3089} INFO - Sync 2 DAGs
[2024-07-27T22:12:37.159+0000] {logging_mixin.py:188} INFO - [2024-07-27T22:12:37.159+0000] {dag.py:3947} INFO - Setting next_dagrun for example_xcom_args to None, run_after=None
[2024-07-27T22:12:37.161+0000] {logging_mixin.py:188} INFO - [2024-07-27T22:12:37.161+0000] {dag.py:3947} INFO - Setting next_dagrun for example_xcom_args_with_operators to None, run_after=None
[2024-07-27T22:12:37.168+0000] {processor.py:183} INFO - Processing /home/airflow/.local/lib/python3.12/site-packages/airflow/example_dags/example_xcomargs.py took 0.036 seconds
[2024-07-27T22:13:07.366+0000] {processor.py:161} INFO - Started process (PID=8825) to work on /home/airflow/.local/lib/python3.12/site-packages/airflow/example_dags/example_xcomargs.py
[2024-07-27T22:13:07.367+0000] {processor.py:830} INFO - Processing file /home/airflow/.local/lib/python3.12/site-packages/airflow/example_dags/example_xcomargs.py for tasks to queue
[2024-07-27T22:13:07.368+0000] {logging_mixin.py:188} INFO - [2024-07-27T22:13:07.368+0000] {dagbag.py:545} INFO - Filling up the DagBag from /home/airflow/.local/lib/python3.12/site-packages/airflow/example_dags/example_xcomargs.py
[2024-07-27T22:13:07.373+0000] {processor.py:840} INFO - DAG(s) 'example_xcom_args', 'example_xcom_args_with_operators' retrieved from /home/airflow/.local/lib/python3.12/site-packages/airflow/example_dags/example_xcomargs.py
[2024-07-27T22:13:07.385+0000] {logging_mixin.py:188} INFO - [2024-07-27T22:13:07.385+0000] {dag.py:3089} INFO - Sync 2 DAGs
[2024-07-27T22:13:07.392+0000] {logging_mixin.py:188} INFO - [2024-07-27T22:13:07.392+0000] {dag.py:3947} INFO - Setting next_dagrun for example_xcom_args to None, run_after=None
[2024-07-27T22:13:07.394+0000] {logging_mixin.py:188} INFO - [2024-07-27T22:13:07.394+0000] {dag.py:3947} INFO - Setting next_dagrun for example_xcom_args_with_operators to None, run_after=None
[2024-07-27T22:13:07.402+0000] {processor.py:183} INFO - Processing /home/airflow/.local/lib/python3.12/site-packages/airflow/example_dags/example_xcomargs.py took 0.039 seconds
[2024-07-27T22:13:37.659+0000] {processor.py:161} INFO - Started process (PID=9089) to work on /home/airflow/.local/lib/python3.12/site-packages/airflow/example_dags/example_xcomargs.py
[2024-07-27T22:13:37.660+0000] {processor.py:830} INFO - Processing file /home/airflow/.local/lib/python3.12/site-packages/airflow/example_dags/example_xcomargs.py for tasks to queue
[2024-07-27T22:13:37.661+0000] {logging_mixin.py:188} INFO - [2024-07-27T22:13:37.661+0000] {dagbag.py:545} INFO - Filling up the DagBag from /home/airflow/.local/lib/python3.12/site-packages/airflow/example_dags/example_xcomargs.py
[2024-07-27T22:13:37.665+0000] {processor.py:840} INFO - DAG(s) 'example_xcom_args_with_operators', 'example_xcom_args' retrieved from /home/airflow/.local/lib/python3.12/site-packages/airflow/example_dags/example_xcomargs.py
[2024-07-27T22:13:37.676+0000] {logging_mixin.py:188} INFO - [2024-07-27T22:13:37.676+0000] {dag.py:3089} INFO - Sync 2 DAGs
[2024-07-27T22:13:37.682+0000] {logging_mixin.py:188} INFO - [2024-07-27T22:13:37.682+0000] {dag.py:3947} INFO - Setting next_dagrun for example_xcom_args to None, run_after=None
[2024-07-27T22:13:37.684+0000] {logging_mixin.py:188} INFO - [2024-07-27T22:13:37.684+0000] {dag.py:3947} INFO - Setting next_dagrun for example_xcom_args_with_operators to None, run_after=None
[2024-07-27T22:13:37.692+0000] {processor.py:183} INFO - Processing /home/airflow/.local/lib/python3.12/site-packages/airflow/example_dags/example_xcomargs.py took 0.036 seconds
[2024-07-27T22:14:07.940+0000] {processor.py:161} INFO - Started process (PID=9349) to work on /home/airflow/.local/lib/python3.12/site-packages/airflow/example_dags/example_xcomargs.py
[2024-07-27T22:14:07.940+0000] {processor.py:830} INFO - Processing file /home/airflow/.local/lib/python3.12/site-packages/airflow/example_dags/example_xcomargs.py for tasks to queue
[2024-07-27T22:14:07.941+0000] {logging_mixin.py:188} INFO - [2024-07-27T22:14:07.941+0000] {dagbag.py:545} INFO - Filling up the DagBag from /home/airflow/.local/lib/python3.12/site-packages/airflow/example_dags/example_xcomargs.py
[2024-07-27T22:14:07.946+0000] {processor.py:840} INFO - DAG(s) 'example_xcom_args', 'example_xcom_args_with_operators' retrieved from /home/airflow/.local/lib/python3.12/site-packages/airflow/example_dags/example_xcomargs.py
[2024-07-27T22:14:07.960+0000] {logging_mixin.py:188} INFO - [2024-07-27T22:14:07.960+0000] {dag.py:3089} INFO - Sync 2 DAGs
[2024-07-27T22:14:07.967+0000] {logging_mixin.py:188} INFO - [2024-07-27T22:14:07.967+0000] {dag.py:3947} INFO - Setting next_dagrun for example_xcom_args to None, run_after=None
[2024-07-27T22:14:07.969+0000] {logging_mixin.py:188} INFO - [2024-07-27T22:14:07.969+0000] {dag.py:3947} INFO - Setting next_dagrun for example_xcom_args_with_operators to None, run_after=None
[2024-07-27T22:14:07.976+0000] {processor.py:183} INFO - Processing /home/airflow/.local/lib/python3.12/site-packages/airflow/example_dags/example_xcomargs.py took 0.040 seconds
[2024-07-27T22:14:38.484+0000] {processor.py:161} INFO - Started process (PID=9610) to work on /home/airflow/.local/lib/python3.12/site-packages/airflow/example_dags/example_xcomargs.py
[2024-07-27T22:14:38.485+0000] {processor.py:830} INFO - Processing file /home/airflow/.local/lib/python3.12/site-packages/airflow/example_dags/example_xcomargs.py for tasks to queue
[2024-07-27T22:14:38.486+0000] {logging_mixin.py:188} INFO - [2024-07-27T22:14:38.486+0000] {dagbag.py:545} INFO - Filling up the DagBag from /home/airflow/.local/lib/python3.12/site-packages/airflow/example_dags/example_xcomargs.py
[2024-07-27T22:14:38.491+0000] {processor.py:840} INFO - DAG(s) 'example_xcom_args_with_operators', 'example_xcom_args' retrieved from /home/airflow/.local/lib/python3.12/site-packages/airflow/example_dags/example_xcomargs.py
[2024-07-27T22:14:38.504+0000] {logging_mixin.py:188} INFO - [2024-07-27T22:14:38.504+0000] {dag.py:3089} INFO - Sync 2 DAGs
[2024-07-27T22:14:38.511+0000] {logging_mixin.py:188} INFO - [2024-07-27T22:14:38.510+0000] {dag.py:3947} INFO - Setting next_dagrun for example_xcom_args to None, run_after=None
[2024-07-27T22:14:38.513+0000] {logging_mixin.py:188} INFO - [2024-07-27T22:14:38.513+0000] {dag.py:3947} INFO - Setting next_dagrun for example_xcom_args_with_operators to None, run_after=None
[2024-07-27T22:14:38.520+0000] {processor.py:183} INFO - Processing /home/airflow/.local/lib/python3.12/site-packages/airflow/example_dags/example_xcomargs.py took 0.040 seconds
[2024-07-27T22:15:08.697+0000] {processor.py:161} INFO - Started process (PID=9872) to work on /home/airflow/.local/lib/python3.12/site-packages/airflow/example_dags/example_xcomargs.py
[2024-07-27T22:15:08.698+0000] {processor.py:830} INFO - Processing file /home/airflow/.local/lib/python3.12/site-packages/airflow/example_dags/example_xcomargs.py for tasks to queue
[2024-07-27T22:15:08.699+0000] {logging_mixin.py:188} INFO - [2024-07-27T22:15:08.699+0000] {dagbag.py:545} INFO - Filling up the DagBag from /home/airflow/.local/lib/python3.12/site-packages/airflow/example_dags/example_xcomargs.py
[2024-07-27T22:15:08.704+0000] {processor.py:840} INFO - DAG(s) 'example_xcom_args', 'example_xcom_args_with_operators' retrieved from /home/airflow/.local/lib/python3.12/site-packages/airflow/example_dags/example_xcomargs.py
[2024-07-27T22:15:08.721+0000] {logging_mixin.py:188} INFO - [2024-07-27T22:15:08.721+0000] {dag.py:3089} INFO - Sync 2 DAGs
[2024-07-27T22:15:08.729+0000] {logging_mixin.py:188} INFO - [2024-07-27T22:15:08.729+0000] {dag.py:3947} INFO - Setting next_dagrun for example_xcom_args to None, run_after=None
[2024-07-27T22:15:08.731+0000] {logging_mixin.py:188} INFO - [2024-07-27T22:15:08.731+0000] {dag.py:3947} INFO - Setting next_dagrun for example_xcom_args_with_operators to None, run_after=None
[2024-07-27T22:15:08.745+0000] {processor.py:183} INFO - Processing /home/airflow/.local/lib/python3.12/site-packages/airflow/example_dags/example_xcomargs.py took 0.052 seconds
[2024-07-27T22:15:39.595+0000] {processor.py:161} INFO - Started process (PID=10135) to work on /home/airflow/.local/lib/python3.12/site-packages/airflow/example_dags/example_xcomargs.py
[2024-07-27T22:15:39.596+0000] {processor.py:830} INFO - Processing file /home/airflow/.local/lib/python3.12/site-packages/airflow/example_dags/example_xcomargs.py for tasks to queue
[2024-07-27T22:15:39.597+0000] {logging_mixin.py:188} INFO - [2024-07-27T22:15:39.597+0000] {dagbag.py:545} INFO - Filling up the DagBag from /home/airflow/.local/lib/python3.12/site-packages/airflow/example_dags/example_xcomargs.py
[2024-07-27T22:15:39.602+0000] {processor.py:840} INFO - DAG(s) 'example_xcom_args_with_operators', 'example_xcom_args' retrieved from /home/airflow/.local/lib/python3.12/site-packages/airflow/example_dags/example_xcomargs.py
[2024-07-27T22:15:39.619+0000] {logging_mixin.py:188} INFO - [2024-07-27T22:15:39.619+0000] {dag.py:3089} INFO - Sync 2 DAGs
[2024-07-27T22:15:39.631+0000] {logging_mixin.py:188} INFO - [2024-07-27T22:15:39.631+0000] {dag.py:3947} INFO - Setting next_dagrun for example_xcom_args to None, run_after=None
[2024-07-27T22:15:39.634+0000] {logging_mixin.py:188} INFO - [2024-07-27T22:15:39.634+0000] {dag.py:3947} INFO - Setting next_dagrun for example_xcom_args_with_operators to None, run_after=None
[2024-07-27T22:15:39.779+0000] {processor.py:183} INFO - Processing /home/airflow/.local/lib/python3.12/site-packages/airflow/example_dags/example_xcomargs.py took 0.188 seconds
[2024-07-27T22:16:10.490+0000] {processor.py:161} INFO - Started process (PID=10397) to work on /home/airflow/.local/lib/python3.12/site-packages/airflow/example_dags/example_xcomargs.py
[2024-07-27T22:16:10.491+0000] {processor.py:830} INFO - Processing file /home/airflow/.local/lib/python3.12/site-packages/airflow/example_dags/example_xcomargs.py for tasks to queue
[2024-07-27T22:16:10.493+0000] {logging_mixin.py:188} INFO - [2024-07-27T22:16:10.492+0000] {dagbag.py:545} INFO - Filling up the DagBag from /home/airflow/.local/lib/python3.12/site-packages/airflow/example_dags/example_xcomargs.py
[2024-07-27T22:16:10.498+0000] {processor.py:840} INFO - DAG(s) 'example_xcom_args_with_operators', 'example_xcom_args' retrieved from /home/airflow/.local/lib/python3.12/site-packages/airflow/example_dags/example_xcomargs.py
[2024-07-27T22:16:10.511+0000] {logging_mixin.py:188} INFO - [2024-07-27T22:16:10.511+0000] {dag.py:3089} INFO - Sync 2 DAGs
[2024-07-27T22:16:10.519+0000] {logging_mixin.py:188} INFO - [2024-07-27T22:16:10.519+0000] {dag.py:3947} INFO - Setting next_dagrun for example_xcom_args to None, run_after=None
[2024-07-27T22:16:10.521+0000] {logging_mixin.py:188} INFO - [2024-07-27T22:16:10.521+0000] {dag.py:3947} INFO - Setting next_dagrun for example_xcom_args_with_operators to None, run_after=None
[2024-07-27T22:16:10.530+0000] {processor.py:183} INFO - Processing /home/airflow/.local/lib/python3.12/site-packages/airflow/example_dags/example_xcomargs.py took 0.044 seconds
[2024-07-27T22:16:40.663+0000] {processor.py:161} INFO - Started process (PID=10660) to work on /home/airflow/.local/lib/python3.12/site-packages/airflow/example_dags/example_xcomargs.py
[2024-07-27T22:16:40.664+0000] {processor.py:830} INFO - Processing file /home/airflow/.local/lib/python3.12/site-packages/airflow/example_dags/example_xcomargs.py for tasks to queue
[2024-07-27T22:16:40.665+0000] {logging_mixin.py:188} INFO - [2024-07-27T22:16:40.664+0000] {dagbag.py:545} INFO - Filling up the DagBag from /home/airflow/.local/lib/python3.12/site-packages/airflow/example_dags/example_xcomargs.py
[2024-07-27T22:16:40.670+0000] {processor.py:840} INFO - DAG(s) 'example_xcom_args', 'example_xcom_args_with_operators' retrieved from /home/airflow/.local/lib/python3.12/site-packages/airflow/example_dags/example_xcomargs.py
[2024-07-27T22:16:40.684+0000] {logging_mixin.py:188} INFO - [2024-07-27T22:16:40.684+0000] {dag.py:3089} INFO - Sync 2 DAGs
[2024-07-27T22:16:40.691+0000] {logging_mixin.py:188} INFO - [2024-07-27T22:16:40.691+0000] {dag.py:3947} INFO - Setting next_dagrun for example_xcom_args to None, run_after=None
[2024-07-27T22:16:40.693+0000] {logging_mixin.py:188} INFO - [2024-07-27T22:16:40.693+0000] {dag.py:3947} INFO - Setting next_dagrun for example_xcom_args_with_operators to None, run_after=None
[2024-07-27T22:16:40.701+0000] {processor.py:183} INFO - Processing /home/airflow/.local/lib/python3.12/site-packages/airflow/example_dags/example_xcomargs.py took 0.042 seconds
[2024-07-27T22:17:11.352+0000] {processor.py:161} INFO - Started process (PID=10922) to work on /home/airflow/.local/lib/python3.12/site-packages/airflow/example_dags/example_xcomargs.py
[2024-07-27T22:17:11.353+0000] {processor.py:830} INFO - Processing file /home/airflow/.local/lib/python3.12/site-packages/airflow/example_dags/example_xcomargs.py for tasks to queue
[2024-07-27T22:17:11.355+0000] {logging_mixin.py:188} INFO - [2024-07-27T22:17:11.355+0000] {dagbag.py:545} INFO - Filling up the DagBag from /home/airflow/.local/lib/python3.12/site-packages/airflow/example_dags/example_xcomargs.py
[2024-07-27T22:17:11.359+0000] {processor.py:840} INFO - DAG(s) 'example_xcom_args', 'example_xcom_args_with_operators' retrieved from /home/airflow/.local/lib/python3.12/site-packages/airflow/example_dags/example_xcomargs.py
[2024-07-27T22:17:11.374+0000] {logging_mixin.py:188} INFO - [2024-07-27T22:17:11.374+0000] {dag.py:3089} INFO - Sync 2 DAGs
[2024-07-27T22:17:11.381+0000] {logging_mixin.py:188} INFO - [2024-07-27T22:17:11.381+0000] {dag.py:3947} INFO - Setting next_dagrun for example_xcom_args to None, run_after=None
[2024-07-27T22:17:11.383+0000] {logging_mixin.py:188} INFO - [2024-07-27T22:17:11.383+0000] {dag.py:3947} INFO - Setting next_dagrun for example_xcom_args_with_operators to None, run_after=None
[2024-07-27T22:17:11.391+0000] {processor.py:183} INFO - Processing /home/airflow/.local/lib/python3.12/site-packages/airflow/example_dags/example_xcomargs.py took 0.042 seconds
[2024-07-27T22:17:42.702+0000] {processor.py:161} INFO - Started process (PID=11192) to work on /home/airflow/.local/lib/python3.12/site-packages/airflow/example_dags/example_xcomargs.py
[2024-07-27T22:17:42.704+0000] {processor.py:830} INFO - Processing file /home/airflow/.local/lib/python3.12/site-packages/airflow/example_dags/example_xcomargs.py for tasks to queue
[2024-07-27T22:17:42.706+0000] {logging_mixin.py:188} INFO - [2024-07-27T22:17:42.706+0000] {dagbag.py:545} INFO - Filling up the DagBag from /home/airflow/.local/lib/python3.12/site-packages/airflow/example_dags/example_xcomargs.py
[2024-07-27T22:17:42.711+0000] {processor.py:840} INFO - DAG(s) 'example_xcom_args', 'example_xcom_args_with_operators' retrieved from /home/airflow/.local/lib/python3.12/site-packages/airflow/example_dags/example_xcomargs.py
[2024-07-27T22:17:42.724+0000] {logging_mixin.py:188} INFO - [2024-07-27T22:17:42.724+0000] {dag.py:3089} INFO - Sync 2 DAGs
[2024-07-27T22:17:42.839+0000] {logging_mixin.py:188} INFO - [2024-07-27T22:17:42.839+0000] {dag.py:3947} INFO - Setting next_dagrun for example_xcom_args to None, run_after=None
[2024-07-27T22:17:42.841+0000] {logging_mixin.py:188} INFO - [2024-07-27T22:17:42.841+0000] {dag.py:3947} INFO - Setting next_dagrun for example_xcom_args_with_operators to None, run_after=None
[2024-07-27T22:17:42.849+0000] {processor.py:183} INFO - Processing /home/airflow/.local/lib/python3.12/site-packages/airflow/example_dags/example_xcomargs.py took 0.151 seconds
[2024-07-27T22:18:13.247+0000] {processor.py:161} INFO - Started process (PID=11452) to work on /home/airflow/.local/lib/python3.12/site-packages/airflow/example_dags/example_xcomargs.py
[2024-07-27T22:18:13.248+0000] {processor.py:830} INFO - Processing file /home/airflow/.local/lib/python3.12/site-packages/airflow/example_dags/example_xcomargs.py for tasks to queue
[2024-07-27T22:18:13.249+0000] {logging_mixin.py:188} INFO - [2024-07-27T22:18:13.249+0000] {dagbag.py:545} INFO - Filling up the DagBag from /home/airflow/.local/lib/python3.12/site-packages/airflow/example_dags/example_xcomargs.py
[2024-07-27T22:18:13.254+0000] {processor.py:840} INFO - DAG(s) 'example_xcom_args_with_operators', 'example_xcom_args' retrieved from /home/airflow/.local/lib/python3.12/site-packages/airflow/example_dags/example_xcomargs.py
[2024-07-27T22:18:13.266+0000] {logging_mixin.py:188} INFO - [2024-07-27T22:18:13.266+0000] {dag.py:3089} INFO - Sync 2 DAGs
[2024-07-27T22:18:13.274+0000] {logging_mixin.py:188} INFO - [2024-07-27T22:18:13.273+0000] {dag.py:3947} INFO - Setting next_dagrun for example_xcom_args to None, run_after=None
[2024-07-27T22:18:13.276+0000] {logging_mixin.py:188} INFO - [2024-07-27T22:18:13.276+0000] {dag.py:3947} INFO - Setting next_dagrun for example_xcom_args_with_operators to None, run_after=None
[2024-07-27T22:18:13.284+0000] {processor.py:183} INFO - Processing /home/airflow/.local/lib/python3.12/site-packages/airflow/example_dags/example_xcomargs.py took 0.041 seconds
[2024-07-27T22:18:43.440+0000] {processor.py:161} INFO - Started process (PID=11714) to work on /home/airflow/.local/lib/python3.12/site-packages/airflow/example_dags/example_xcomargs.py
[2024-07-27T22:18:43.441+0000] {processor.py:830} INFO - Processing file /home/airflow/.local/lib/python3.12/site-packages/airflow/example_dags/example_xcomargs.py for tasks to queue
[2024-07-27T22:18:43.442+0000] {logging_mixin.py:188} INFO - [2024-07-27T22:18:43.442+0000] {dagbag.py:545} INFO - Filling up the DagBag from /home/airflow/.local/lib/python3.12/site-packages/airflow/example_dags/example_xcomargs.py
[2024-07-27T22:18:43.447+0000] {processor.py:840} INFO - DAG(s) 'example_xcom_args_with_operators', 'example_xcom_args' retrieved from /home/airflow/.local/lib/python3.12/site-packages/airflow/example_dags/example_xcomargs.py
[2024-07-27T22:18:43.458+0000] {logging_mixin.py:188} INFO - [2024-07-27T22:18:43.458+0000] {dag.py:3089} INFO - Sync 2 DAGs
[2024-07-27T22:18:43.465+0000] {logging_mixin.py:188} INFO - [2024-07-27T22:18:43.464+0000] {dag.py:3947} INFO - Setting next_dagrun for example_xcom_args to None, run_after=None
[2024-07-27T22:18:43.466+0000] {logging_mixin.py:188} INFO - [2024-07-27T22:18:43.466+0000] {dag.py:3947} INFO - Setting next_dagrun for example_xcom_args_with_operators to None, run_after=None
[2024-07-27T22:18:43.474+0000] {processor.py:183} INFO - Processing /home/airflow/.local/lib/python3.12/site-packages/airflow/example_dags/example_xcomargs.py took 0.037 seconds
[2024-07-27T22:19:13.898+0000] {processor.py:161} INFO - Started process (PID=11976) to work on /home/airflow/.local/lib/python3.12/site-packages/airflow/example_dags/example_xcomargs.py
[2024-07-27T22:19:13.899+0000] {processor.py:830} INFO - Processing file /home/airflow/.local/lib/python3.12/site-packages/airflow/example_dags/example_xcomargs.py for tasks to queue
[2024-07-27T22:19:13.901+0000] {logging_mixin.py:188} INFO - [2024-07-27T22:19:13.900+0000] {dagbag.py:545} INFO - Filling up the DagBag from /home/airflow/.local/lib/python3.12/site-packages/airflow/example_dags/example_xcomargs.py
[2024-07-27T22:19:13.905+0000] {processor.py:840} INFO - DAG(s) 'example_xcom_args_with_operators', 'example_xcom_args' retrieved from /home/airflow/.local/lib/python3.12/site-packages/airflow/example_dags/example_xcomargs.py
[2024-07-27T22:19:13.920+0000] {logging_mixin.py:188} INFO - [2024-07-27T22:19:13.920+0000] {dag.py:3089} INFO - Sync 2 DAGs
[2024-07-27T22:19:13.927+0000] {logging_mixin.py:188} INFO - [2024-07-27T22:19:13.927+0000] {dag.py:3947} INFO - Setting next_dagrun for example_xcom_args to None, run_after=None
[2024-07-27T22:19:13.929+0000] {logging_mixin.py:188} INFO - [2024-07-27T22:19:13.929+0000] {dag.py:3947} INFO - Setting next_dagrun for example_xcom_args_with_operators to None, run_after=None
[2024-07-27T22:19:13.937+0000] {processor.py:183} INFO - Processing /home/airflow/.local/lib/python3.12/site-packages/airflow/example_dags/example_xcomargs.py took 0.043 seconds
[2024-07-27T22:19:44.028+0000] {processor.py:161} INFO - Started process (PID=12238) to work on /home/airflow/.local/lib/python3.12/site-packages/airflow/example_dags/example_xcomargs.py
[2024-07-27T22:19:44.029+0000] {processor.py:830} INFO - Processing file /home/airflow/.local/lib/python3.12/site-packages/airflow/example_dags/example_xcomargs.py for tasks to queue
[2024-07-27T22:19:44.030+0000] {logging_mixin.py:188} INFO - [2024-07-27T22:19:44.030+0000] {dagbag.py:545} INFO - Filling up the DagBag from /home/airflow/.local/lib/python3.12/site-packages/airflow/example_dags/example_xcomargs.py
[2024-07-27T22:19:44.034+0000] {processor.py:840} INFO - DAG(s) 'example_xcom_args', 'example_xcom_args_with_operators' retrieved from /home/airflow/.local/lib/python3.12/site-packages/airflow/example_dags/example_xcomargs.py
[2024-07-27T22:19:44.046+0000] {logging_mixin.py:188} INFO - [2024-07-27T22:19:44.046+0000] {dag.py:3089} INFO - Sync 2 DAGs
[2024-07-27T22:19:44.055+0000] {logging_mixin.py:188} INFO - [2024-07-27T22:19:44.055+0000] {dag.py:3947} INFO - Setting next_dagrun for example_xcom_args to None, run_after=None
[2024-07-27T22:19:44.057+0000] {logging_mixin.py:188} INFO - [2024-07-27T22:19:44.057+0000] {dag.py:3947} INFO - Setting next_dagrun for example_xcom_args_with_operators to None, run_after=None
[2024-07-27T22:19:44.066+0000] {processor.py:183} INFO - Processing /home/airflow/.local/lib/python3.12/site-packages/airflow/example_dags/example_xcomargs.py took 0.041 seconds
[2024-07-27T22:20:14.606+0000] {processor.py:161} INFO - Started process (PID=12505) to work on /home/airflow/.local/lib/python3.12/site-packages/airflow/example_dags/example_xcomargs.py
[2024-07-27T22:20:14.607+0000] {processor.py:830} INFO - Processing file /home/airflow/.local/lib/python3.12/site-packages/airflow/example_dags/example_xcomargs.py for tasks to queue
[2024-07-27T22:20:14.611+0000] {logging_mixin.py:188} INFO - [2024-07-27T22:20:14.610+0000] {dagbag.py:545} INFO - Filling up the DagBag from /home/airflow/.local/lib/python3.12/site-packages/airflow/example_dags/example_xcomargs.py
[2024-07-27T22:20:14.622+0000] {processor.py:840} INFO - DAG(s) 'example_xcom_args', 'example_xcom_args_with_operators' retrieved from /home/airflow/.local/lib/python3.12/site-packages/airflow/example_dags/example_xcomargs.py
[2024-07-27T22:20:14.642+0000] {logging_mixin.py:188} INFO - [2024-07-27T22:20:14.642+0000] {dag.py:3089} INFO - Sync 2 DAGs
[2024-07-27T22:20:14.656+0000] {logging_mixin.py:188} INFO - [2024-07-27T22:20:14.656+0000] {dag.py:3947} INFO - Setting next_dagrun for example_xcom_args to None, run_after=None
[2024-07-27T22:20:14.659+0000] {logging_mixin.py:188} INFO - [2024-07-27T22:20:14.659+0000] {dag.py:3947} INFO - Setting next_dagrun for example_xcom_args_with_operators to None, run_after=None
[2024-07-27T22:20:14.669+0000] {processor.py:183} INFO - Processing /home/airflow/.local/lib/python3.12/site-packages/airflow/example_dags/example_xcomargs.py took 0.068 seconds
[2024-07-27T22:20:44.912+0000] {processor.py:161} INFO - Started process (PID=12772) to work on /home/airflow/.local/lib/python3.12/site-packages/airflow/example_dags/example_xcomargs.py
[2024-07-27T22:20:44.913+0000] {processor.py:830} INFO - Processing file /home/airflow/.local/lib/python3.12/site-packages/airflow/example_dags/example_xcomargs.py for tasks to queue
[2024-07-27T22:20:44.915+0000] {logging_mixin.py:188} INFO - [2024-07-27T22:20:44.915+0000] {dagbag.py:545} INFO - Filling up the DagBag from /home/airflow/.local/lib/python3.12/site-packages/airflow/example_dags/example_xcomargs.py
[2024-07-27T22:20:44.921+0000] {processor.py:840} INFO - DAG(s) 'example_xcom_args', 'example_xcom_args_with_operators' retrieved from /home/airflow/.local/lib/python3.12/site-packages/airflow/example_dags/example_xcomargs.py
[2024-07-27T22:20:44.936+0000] {logging_mixin.py:188} INFO - [2024-07-27T22:20:44.936+0000] {dag.py:3089} INFO - Sync 2 DAGs
[2024-07-27T22:20:44.943+0000] {logging_mixin.py:188} INFO - [2024-07-27T22:20:44.943+0000] {dag.py:3947} INFO - Setting next_dagrun for example_xcom_args to None, run_after=None
[2024-07-27T22:20:44.945+0000] {logging_mixin.py:188} INFO - [2024-07-27T22:20:44.945+0000] {dag.py:3947} INFO - Setting next_dagrun for example_xcom_args_with_operators to None, run_after=None
[2024-07-27T22:20:44.956+0000] {processor.py:183} INFO - Processing /home/airflow/.local/lib/python3.12/site-packages/airflow/example_dags/example_xcomargs.py took 0.047 seconds
[2024-07-27T22:21:15.494+0000] {processor.py:161} INFO - Started process (PID=13039) to work on /home/airflow/.local/lib/python3.12/site-packages/airflow/example_dags/example_xcomargs.py
[2024-07-27T22:21:15.495+0000] {processor.py:830} INFO - Processing file /home/airflow/.local/lib/python3.12/site-packages/airflow/example_dags/example_xcomargs.py for tasks to queue
[2024-07-27T22:21:15.497+0000] {logging_mixin.py:188} INFO - [2024-07-27T22:21:15.496+0000] {dagbag.py:545} INFO - Filling up the DagBag from /home/airflow/.local/lib/python3.12/site-packages/airflow/example_dags/example_xcomargs.py
[2024-07-27T22:21:15.501+0000] {processor.py:840} INFO - DAG(s) 'example_xcom_args', 'example_xcom_args_with_operators' retrieved from /home/airflow/.local/lib/python3.12/site-packages/airflow/example_dags/example_xcomargs.py
[2024-07-27T22:21:15.513+0000] {logging_mixin.py:188} INFO - [2024-07-27T22:21:15.513+0000] {dag.py:3089} INFO - Sync 2 DAGs
[2024-07-27T22:21:15.520+0000] {logging_mixin.py:188} INFO - [2024-07-27T22:21:15.520+0000] {dag.py:3947} INFO - Setting next_dagrun for example_xcom_args to None, run_after=None
[2024-07-27T22:21:15.522+0000] {logging_mixin.py:188} INFO - [2024-07-27T22:21:15.522+0000] {dag.py:3947} INFO - Setting next_dagrun for example_xcom_args_with_operators to None, run_after=None
[2024-07-27T22:21:15.531+0000] {processor.py:183} INFO - Processing /home/airflow/.local/lib/python3.12/site-packages/airflow/example_dags/example_xcomargs.py took 0.040 seconds
[2024-07-27T22:21:45.853+0000] {processor.py:161} INFO - Started process (PID=13311) to work on /home/airflow/.local/lib/python3.12/site-packages/airflow/example_dags/example_xcomargs.py
[2024-07-27T22:21:45.854+0000] {processor.py:830} INFO - Processing file /home/airflow/.local/lib/python3.12/site-packages/airflow/example_dags/example_xcomargs.py for tasks to queue
[2024-07-27T22:21:45.855+0000] {logging_mixin.py:188} INFO - [2024-07-27T22:21:45.855+0000] {dagbag.py:545} INFO - Filling up the DagBag from /home/airflow/.local/lib/python3.12/site-packages/airflow/example_dags/example_xcomargs.py
[2024-07-27T22:21:45.860+0000] {processor.py:840} INFO - DAG(s) 'example_xcom_args_with_operators', 'example_xcom_args' retrieved from /home/airflow/.local/lib/python3.12/site-packages/airflow/example_dags/example_xcomargs.py
[2024-07-27T22:21:45.873+0000] {logging_mixin.py:188} INFO - [2024-07-27T22:21:45.873+0000] {dag.py:3089} INFO - Sync 2 DAGs
[2024-07-27T22:21:45.886+0000] {logging_mixin.py:188} INFO - [2024-07-27T22:21:45.886+0000] {dag.py:3947} INFO - Setting next_dagrun for example_xcom_args to None, run_after=None
[2024-07-27T22:21:45.889+0000] {logging_mixin.py:188} INFO - [2024-07-27T22:21:45.888+0000] {dag.py:3947} INFO - Setting next_dagrun for example_xcom_args_with_operators to None, run_after=None
[2024-07-27T22:21:45.897+0000] {processor.py:183} INFO - Processing /home/airflow/.local/lib/python3.12/site-packages/airflow/example_dags/example_xcomargs.py took 0.048 seconds
[2024-07-27T22:22:16.185+0000] {processor.py:161} INFO - Started process (PID=13578) to work on /home/airflow/.local/lib/python3.12/site-packages/airflow/example_dags/example_xcomargs.py
[2024-07-27T22:22:16.186+0000] {processor.py:830} INFO - Processing file /home/airflow/.local/lib/python3.12/site-packages/airflow/example_dags/example_xcomargs.py for tasks to queue
[2024-07-27T22:22:16.187+0000] {logging_mixin.py:188} INFO - [2024-07-27T22:22:16.187+0000] {dagbag.py:545} INFO - Filling up the DagBag from /home/airflow/.local/lib/python3.12/site-packages/airflow/example_dags/example_xcomargs.py
[2024-07-27T22:22:16.193+0000] {processor.py:840} INFO - DAG(s) 'example_xcom_args', 'example_xcom_args_with_operators' retrieved from /home/airflow/.local/lib/python3.12/site-packages/airflow/example_dags/example_xcomargs.py
[2024-07-27T22:22:16.211+0000] {logging_mixin.py:188} INFO - [2024-07-27T22:22:16.211+0000] {dag.py:3089} INFO - Sync 2 DAGs
[2024-07-27T22:22:16.219+0000] {logging_mixin.py:188} INFO - [2024-07-27T22:22:16.219+0000] {dag.py:3947} INFO - Setting next_dagrun for example_xcom_args to None, run_after=None
[2024-07-27T22:22:16.222+0000] {logging_mixin.py:188} INFO - [2024-07-27T22:22:16.221+0000] {dag.py:3947} INFO - Setting next_dagrun for example_xcom_args_with_operators to None, run_after=None
[2024-07-27T22:22:16.231+0000] {processor.py:183} INFO - Processing /home/airflow/.local/lib/python3.12/site-packages/airflow/example_dags/example_xcomargs.py took 0.049 seconds
[2024-07-27T22:22:46.611+0000] {processor.py:161} INFO - Started process (PID=13845) to work on /home/airflow/.local/lib/python3.12/site-packages/airflow/example_dags/example_xcomargs.py
[2024-07-27T22:22:46.611+0000] {processor.py:830} INFO - Processing file /home/airflow/.local/lib/python3.12/site-packages/airflow/example_dags/example_xcomargs.py for tasks to queue
[2024-07-27T22:22:46.612+0000] {logging_mixin.py:188} INFO - [2024-07-27T22:22:46.612+0000] {dagbag.py:545} INFO - Filling up the DagBag from /home/airflow/.local/lib/python3.12/site-packages/airflow/example_dags/example_xcomargs.py
[2024-07-27T22:22:46.617+0000] {processor.py:840} INFO - DAG(s) 'example_xcom_args', 'example_xcom_args_with_operators' retrieved from /home/airflow/.local/lib/python3.12/site-packages/airflow/example_dags/example_xcomargs.py
[2024-07-27T22:22:46.632+0000] {logging_mixin.py:188} INFO - [2024-07-27T22:22:46.631+0000] {dag.py:3089} INFO - Sync 2 DAGs
[2024-07-27T22:22:46.639+0000] {logging_mixin.py:188} INFO - [2024-07-27T22:22:46.638+0000] {dag.py:3947} INFO - Setting next_dagrun for example_xcom_args to None, run_after=None
[2024-07-27T22:22:46.641+0000] {logging_mixin.py:188} INFO - [2024-07-27T22:22:46.640+0000] {dag.py:3947} INFO - Setting next_dagrun for example_xcom_args_with_operators to None, run_after=None
[2024-07-27T22:22:46.650+0000] {processor.py:183} INFO - Processing /home/airflow/.local/lib/python3.12/site-packages/airflow/example_dags/example_xcomargs.py took 0.044 seconds
[2024-07-27T22:23:17.222+0000] {processor.py:161} INFO - Started process (PID=14133) to work on /home/airflow/.local/lib/python3.12/site-packages/airflow/example_dags/example_xcomargs.py
[2024-07-27T22:23:17.223+0000] {processor.py:830} INFO - Processing file /home/airflow/.local/lib/python3.12/site-packages/airflow/example_dags/example_xcomargs.py for tasks to queue
[2024-07-27T22:23:17.224+0000] {logging_mixin.py:188} INFO - [2024-07-27T22:23:17.224+0000] {dagbag.py:545} INFO - Filling up the DagBag from /home/airflow/.local/lib/python3.12/site-packages/airflow/example_dags/example_xcomargs.py
[2024-07-27T22:23:17.229+0000] {processor.py:840} INFO - DAG(s) 'example_xcom_args', 'example_xcom_args_with_operators' retrieved from /home/airflow/.local/lib/python3.12/site-packages/airflow/example_dags/example_xcomargs.py
[2024-07-27T22:23:17.257+0000] {logging_mixin.py:188} INFO - [2024-07-27T22:23:17.257+0000] {dag.py:3089} INFO - Sync 2 DAGs
[2024-07-27T22:23:17.271+0000] {logging_mixin.py:188} INFO - [2024-07-27T22:23:17.271+0000] {dag.py:3947} INFO - Setting next_dagrun for example_xcom_args to None, run_after=None
[2024-07-27T22:23:17.277+0000] {logging_mixin.py:188} INFO - [2024-07-27T22:23:17.276+0000] {dag.py:3947} INFO - Setting next_dagrun for example_xcom_args_with_operators to None, run_after=None
[2024-07-27T22:23:17.286+0000] {processor.py:183} INFO - Processing /home/airflow/.local/lib/python3.12/site-packages/airflow/example_dags/example_xcomargs.py took 0.067 seconds
[2024-07-27T22:23:47.575+0000] {processor.py:161} INFO - Started process (PID=14400) to work on /home/airflow/.local/lib/python3.12/site-packages/airflow/example_dags/example_xcomargs.py
[2024-07-27T22:23:47.576+0000] {processor.py:830} INFO - Processing file /home/airflow/.local/lib/python3.12/site-packages/airflow/example_dags/example_xcomargs.py for tasks to queue
[2024-07-27T22:23:47.577+0000] {logging_mixin.py:188} INFO - [2024-07-27T22:23:47.577+0000] {dagbag.py:545} INFO - Filling up the DagBag from /home/airflow/.local/lib/python3.12/site-packages/airflow/example_dags/example_xcomargs.py
[2024-07-27T22:23:47.581+0000] {processor.py:840} INFO - DAG(s) 'example_xcom_args', 'example_xcom_args_with_operators' retrieved from /home/airflow/.local/lib/python3.12/site-packages/airflow/example_dags/example_xcomargs.py
[2024-07-27T22:23:47.594+0000] {logging_mixin.py:188} INFO - [2024-07-27T22:23:47.594+0000] {dag.py:3089} INFO - Sync 2 DAGs
[2024-07-27T22:23:47.601+0000] {logging_mixin.py:188} INFO - [2024-07-27T22:23:47.600+0000] {dag.py:3947} INFO - Setting next_dagrun for example_xcom_args to None, run_after=None
[2024-07-27T22:23:47.603+0000] {logging_mixin.py:188} INFO - [2024-07-27T22:23:47.602+0000] {dag.py:3947} INFO - Setting next_dagrun for example_xcom_args_with_operators to None, run_after=None
[2024-07-27T22:23:47.610+0000] {processor.py:183} INFO - Processing /home/airflow/.local/lib/python3.12/site-packages/airflow/example_dags/example_xcomargs.py took 0.039 seconds
[2024-07-27T22:24:17.797+0000] {processor.py:161} INFO - Started process (PID=14667) to work on /home/airflow/.local/lib/python3.12/site-packages/airflow/example_dags/example_xcomargs.py
[2024-07-27T22:24:17.798+0000] {processor.py:830} INFO - Processing file /home/airflow/.local/lib/python3.12/site-packages/airflow/example_dags/example_xcomargs.py for tasks to queue
[2024-07-27T22:24:17.799+0000] {logging_mixin.py:188} INFO - [2024-07-27T22:24:17.799+0000] {dagbag.py:545} INFO - Filling up the DagBag from /home/airflow/.local/lib/python3.12/site-packages/airflow/example_dags/example_xcomargs.py
[2024-07-27T22:24:17.804+0000] {processor.py:840} INFO - DAG(s) 'example_xcom_args_with_operators', 'example_xcom_args' retrieved from /home/airflow/.local/lib/python3.12/site-packages/airflow/example_dags/example_xcomargs.py
[2024-07-27T22:24:17.816+0000] {logging_mixin.py:188} INFO - [2024-07-27T22:24:17.816+0000] {dag.py:3089} INFO - Sync 2 DAGs
[2024-07-27T22:24:17.823+0000] {logging_mixin.py:188} INFO - [2024-07-27T22:24:17.823+0000] {dag.py:3947} INFO - Setting next_dagrun for example_xcom_args to None, run_after=None
[2024-07-27T22:24:17.825+0000] {logging_mixin.py:188} INFO - [2024-07-27T22:24:17.825+0000] {dag.py:3947} INFO - Setting next_dagrun for example_xcom_args_with_operators to None, run_after=None
[2024-07-27T22:24:17.834+0000] {processor.py:183} INFO - Processing /home/airflow/.local/lib/python3.12/site-packages/airflow/example_dags/example_xcomargs.py took 0.042 seconds
[2024-07-27T22:24:47.980+0000] {processor.py:161} INFO - Started process (PID=14934) to work on /home/airflow/.local/lib/python3.12/site-packages/airflow/example_dags/example_xcomargs.py
[2024-07-27T22:24:47.981+0000] {processor.py:830} INFO - Processing file /home/airflow/.local/lib/python3.12/site-packages/airflow/example_dags/example_xcomargs.py for tasks to queue
[2024-07-27T22:24:47.983+0000] {logging_mixin.py:188} INFO - [2024-07-27T22:24:47.982+0000] {dagbag.py:545} INFO - Filling up the DagBag from /home/airflow/.local/lib/python3.12/site-packages/airflow/example_dags/example_xcomargs.py
[2024-07-27T22:24:47.990+0000] {processor.py:840} INFO - DAG(s) 'example_xcom_args_with_operators', 'example_xcom_args' retrieved from /home/airflow/.local/lib/python3.12/site-packages/airflow/example_dags/example_xcomargs.py
[2024-07-27T22:24:48.006+0000] {logging_mixin.py:188} INFO - [2024-07-27T22:24:48.006+0000] {dag.py:3089} INFO - Sync 2 DAGs
[2024-07-27T22:24:48.014+0000] {logging_mixin.py:188} INFO - [2024-07-27T22:24:48.014+0000] {dag.py:3947} INFO - Setting next_dagrun for example_xcom_args to None, run_after=None
[2024-07-27T22:24:48.017+0000] {logging_mixin.py:188} INFO - [2024-07-27T22:24:48.016+0000] {dag.py:3947} INFO - Setting next_dagrun for example_xcom_args_with_operators to None, run_after=None
[2024-07-27T22:24:48.025+0000] {processor.py:183} INFO - Processing /home/airflow/.local/lib/python3.12/site-packages/airflow/example_dags/example_xcomargs.py took 0.051 seconds
[2024-07-27T22:25:18.296+0000] {processor.py:161} INFO - Started process (PID=15201) to work on /home/airflow/.local/lib/python3.12/site-packages/airflow/example_dags/example_xcomargs.py
[2024-07-27T22:25:18.296+0000] {processor.py:830} INFO - Processing file /home/airflow/.local/lib/python3.12/site-packages/airflow/example_dags/example_xcomargs.py for tasks to queue
[2024-07-27T22:25:18.297+0000] {logging_mixin.py:188} INFO - [2024-07-27T22:25:18.297+0000] {dagbag.py:545} INFO - Filling up the DagBag from /home/airflow/.local/lib/python3.12/site-packages/airflow/example_dags/example_xcomargs.py
[2024-07-27T22:25:18.305+0000] {processor.py:840} INFO - DAG(s) 'example_xcom_args', 'example_xcom_args_with_operators' retrieved from /home/airflow/.local/lib/python3.12/site-packages/airflow/example_dags/example_xcomargs.py
[2024-07-27T22:25:18.323+0000] {logging_mixin.py:188} INFO - [2024-07-27T22:25:18.323+0000] {dag.py:3089} INFO - Sync 2 DAGs
[2024-07-27T22:25:18.332+0000] {logging_mixin.py:188} INFO - [2024-07-27T22:25:18.332+0000] {dag.py:3947} INFO - Setting next_dagrun for example_xcom_args to None, run_after=None
[2024-07-27T22:25:18.334+0000] {logging_mixin.py:188} INFO - [2024-07-27T22:25:18.334+0000] {dag.py:3947} INFO - Setting next_dagrun for example_xcom_args_with_operators to None, run_after=None
[2024-07-27T22:25:18.343+0000] {processor.py:183} INFO - Processing /home/airflow/.local/lib/python3.12/site-packages/airflow/example_dags/example_xcomargs.py took 0.051 seconds
[2024-07-27T22:25:48.561+0000] {processor.py:161} INFO - Started process (PID=15468) to work on /home/airflow/.local/lib/python3.12/site-packages/airflow/example_dags/example_xcomargs.py
[2024-07-27T22:25:48.562+0000] {processor.py:830} INFO - Processing file /home/airflow/.local/lib/python3.12/site-packages/airflow/example_dags/example_xcomargs.py for tasks to queue
[2024-07-27T22:25:48.563+0000] {logging_mixin.py:188} INFO - [2024-07-27T22:25:48.563+0000] {dagbag.py:545} INFO - Filling up the DagBag from /home/airflow/.local/lib/python3.12/site-packages/airflow/example_dags/example_xcomargs.py
[2024-07-27T22:25:48.568+0000] {processor.py:840} INFO - DAG(s) 'example_xcom_args_with_operators', 'example_xcom_args' retrieved from /home/airflow/.local/lib/python3.12/site-packages/airflow/example_dags/example_xcomargs.py
[2024-07-27T22:25:48.580+0000] {logging_mixin.py:188} INFO - [2024-07-27T22:25:48.580+0000] {dag.py:3089} INFO - Sync 2 DAGs
[2024-07-27T22:25:48.586+0000] {logging_mixin.py:188} INFO - [2024-07-27T22:25:48.586+0000] {dag.py:3947} INFO - Setting next_dagrun for example_xcom_args to None, run_after=None
[2024-07-27T22:25:48.588+0000] {logging_mixin.py:188} INFO - [2024-07-27T22:25:48.588+0000] {dag.py:3947} INFO - Setting next_dagrun for example_xcom_args_with_operators to None, run_after=None
[2024-07-27T22:25:48.596+0000] {processor.py:183} INFO - Processing /home/airflow/.local/lib/python3.12/site-packages/airflow/example_dags/example_xcomargs.py took 0.038 seconds
[2024-07-27T22:26:18.959+0000] {processor.py:161} INFO - Started process (PID=15740) to work on /home/airflow/.local/lib/python3.12/site-packages/airflow/example_dags/example_xcomargs.py
[2024-07-27T22:26:18.960+0000] {processor.py:830} INFO - Processing file /home/airflow/.local/lib/python3.12/site-packages/airflow/example_dags/example_xcomargs.py for tasks to queue
[2024-07-27T22:26:18.961+0000] {logging_mixin.py:188} INFO - [2024-07-27T22:26:18.961+0000] {dagbag.py:545} INFO - Filling up the DagBag from /home/airflow/.local/lib/python3.12/site-packages/airflow/example_dags/example_xcomargs.py
[2024-07-27T22:26:18.966+0000] {processor.py:840} INFO - DAG(s) 'example_xcom_args_with_operators', 'example_xcom_args' retrieved from /home/airflow/.local/lib/python3.12/site-packages/airflow/example_dags/example_xcomargs.py
[2024-07-27T22:26:18.981+0000] {logging_mixin.py:188} INFO - [2024-07-27T22:26:18.981+0000] {dag.py:3089} INFO - Sync 2 DAGs
[2024-07-27T22:26:18.988+0000] {logging_mixin.py:188} INFO - [2024-07-27T22:26:18.988+0000] {dag.py:3947} INFO - Setting next_dagrun for example_xcom_args to None, run_after=None
[2024-07-27T22:26:18.990+0000] {logging_mixin.py:188} INFO - [2024-07-27T22:26:18.990+0000] {dag.py:3947} INFO - Setting next_dagrun for example_xcom_args_with_operators to None, run_after=None
[2024-07-27T22:26:19.002+0000] {processor.py:183} INFO - Processing /home/airflow/.local/lib/python3.12/site-packages/airflow/example_dags/example_xcomargs.py took 0.046 seconds
[2024-07-27T22:55:20.176+0000] {processor.py:161} INFO - Started process (PID=15990) to work on /home/airflow/.local/lib/python3.12/site-packages/airflow/example_dags/example_xcomargs.py
[2024-07-27T22:55:20.176+0000] {processor.py:830} INFO - Processing file /home/airflow/.local/lib/python3.12/site-packages/airflow/example_dags/example_xcomargs.py for tasks to queue
[2024-07-27T22:55:20.177+0000] {logging_mixin.py:188} INFO - [2024-07-27T22:55:20.177+0000] {dagbag.py:545} INFO - Filling up the DagBag from /home/airflow/.local/lib/python3.12/site-packages/airflow/example_dags/example_xcomargs.py
[2024-07-27T22:55:20.182+0000] {processor.py:840} INFO - DAG(s) 'example_xcom_args_with_operators', 'example_xcom_args' retrieved from /home/airflow/.local/lib/python3.12/site-packages/airflow/example_dags/example_xcomargs.py
[2024-07-27T22:55:20.194+0000] {logging_mixin.py:188} INFO - [2024-07-27T22:55:20.194+0000] {dag.py:3089} INFO - Sync 2 DAGs
[2024-07-27T22:55:20.200+0000] {logging_mixin.py:188} INFO - [2024-07-27T22:55:20.200+0000] {dag.py:3947} INFO - Setting next_dagrun for example_xcom_args to None, run_after=None
[2024-07-27T22:55:20.202+0000] {logging_mixin.py:188} INFO - [2024-07-27T22:55:20.202+0000] {dag.py:3947} INFO - Setting next_dagrun for example_xcom_args_with_operators to None, run_after=None
[2024-07-27T22:55:20.210+0000] {processor.py:183} INFO - Processing /home/airflow/.local/lib/python3.12/site-packages/airflow/example_dags/example_xcomargs.py took 0.038 seconds
[2024-07-27T22:55:50.569+0000] {processor.py:161} INFO - Started process (PID=16258) to work on /home/airflow/.local/lib/python3.12/site-packages/airflow/example_dags/example_xcomargs.py
[2024-07-27T22:55:50.570+0000] {processor.py:830} INFO - Processing file /home/airflow/.local/lib/python3.12/site-packages/airflow/example_dags/example_xcomargs.py for tasks to queue
[2024-07-27T22:55:50.571+0000] {logging_mixin.py:188} INFO - [2024-07-27T22:55:50.571+0000] {dagbag.py:545} INFO - Filling up the DagBag from /home/airflow/.local/lib/python3.12/site-packages/airflow/example_dags/example_xcomargs.py
[2024-07-27T22:55:50.576+0000] {processor.py:840} INFO - DAG(s) 'example_xcom_args_with_operators', 'example_xcom_args' retrieved from /home/airflow/.local/lib/python3.12/site-packages/airflow/example_dags/example_xcomargs.py
[2024-07-27T22:55:50.588+0000] {logging_mixin.py:188} INFO - [2024-07-27T22:55:50.588+0000] {dag.py:3089} INFO - Sync 2 DAGs
[2024-07-27T22:55:50.594+0000] {logging_mixin.py:188} INFO - [2024-07-27T22:55:50.594+0000] {dag.py:3947} INFO - Setting next_dagrun for example_xcom_args to None, run_after=None
[2024-07-27T22:55:50.596+0000] {logging_mixin.py:188} INFO - [2024-07-27T22:55:50.596+0000] {dag.py:3947} INFO - Setting next_dagrun for example_xcom_args_with_operators to None, run_after=None
[2024-07-27T22:55:50.604+0000] {processor.py:183} INFO - Processing /home/airflow/.local/lib/python3.12/site-packages/airflow/example_dags/example_xcomargs.py took 0.039 seconds
