[2024-07-27T20:14:07.696+0000] {processor.py:161} INFO - Started process (PID=237) to work on /home/airflow/.local/lib/python3.12/site-packages/airflow/example_dags/example_branch_operator.py
[2024-07-27T20:14:07.696+0000] {processor.py:830} INFO - Processing file /home/airflow/.local/lib/python3.12/site-packages/airflow/example_dags/example_branch_operator.py for tasks to queue
[2024-07-27T20:14:07.698+0000] {logging_mixin.py:188} INFO - [2024-07-27T20:14:07.697+0000] {dagbag.py:545} INFO - Filling up the DagBag from /home/airflow/.local/lib/python3.12/site-packages/airflow/example_dags/example_branch_operator.py
[2024-07-27T20:14:07.708+0000] {processor.py:840} INFO - DAG(s) 'example_branch_operator' retrieved from /home/airflow/.local/lib/python3.12/site-packages/airflow/example_dags/example_branch_operator.py
[2024-07-27T20:14:07.715+0000] {logging_mixin.py:188} INFO - [2024-07-27T20:14:07.715+0000] {dag.py:3089} INFO - Sync 1 DAGs
[2024-07-27T20:14:07.726+0000] {logging_mixin.py:188} INFO - [2024-07-27T20:14:07.726+0000] {dag.py:3947} INFO - Setting next_dagrun for example_branch_operator to 2024-07-26 00:00:00+00:00, run_after=2024-07-27 00:00:00+00:00
[2024-07-27T20:14:07.735+0000] {processor.py:183} INFO - Processing /home/airflow/.local/lib/python3.12/site-packages/airflow/example_dags/example_branch_operator.py took 0.043 seconds
[2024-07-27T20:14:38.081+0000] {processor.py:161} INFO - Started process (PID=498) to work on /home/airflow/.local/lib/python3.12/site-packages/airflow/example_dags/example_branch_operator.py
[2024-07-27T20:14:38.082+0000] {processor.py:830} INFO - Processing file /home/airflow/.local/lib/python3.12/site-packages/airflow/example_dags/example_branch_operator.py for tasks to queue
[2024-07-27T20:14:38.083+0000] {logging_mixin.py:188} INFO - [2024-07-27T20:14:38.082+0000] {dagbag.py:545} INFO - Filling up the DagBag from /home/airflow/.local/lib/python3.12/site-packages/airflow/example_dags/example_branch_operator.py
[2024-07-27T20:14:38.091+0000] {processor.py:840} INFO - DAG(s) 'example_branch_operator' retrieved from /home/airflow/.local/lib/python3.12/site-packages/airflow/example_dags/example_branch_operator.py
[2024-07-27T20:14:38.143+0000] {logging_mixin.py:188} INFO - [2024-07-27T20:14:38.142+0000] {dag.py:3089} INFO - Sync 1 DAGs
[2024-07-27T20:14:38.153+0000] {logging_mixin.py:188} INFO - [2024-07-27T20:14:38.153+0000] {dag.py:3947} INFO - Setting next_dagrun for example_branch_operator to 2024-07-26 00:00:00+00:00, run_after=2024-07-27 00:00:00+00:00
[2024-07-27T20:14:38.170+0000] {processor.py:183} INFO - Processing /home/airflow/.local/lib/python3.12/site-packages/airflow/example_dags/example_branch_operator.py took 0.093 seconds
[2024-07-27T20:15:08.404+0000] {processor.py:161} INFO - Started process (PID=758) to work on /home/airflow/.local/lib/python3.12/site-packages/airflow/example_dags/example_branch_operator.py
[2024-07-27T20:15:08.405+0000] {processor.py:830} INFO - Processing file /home/airflow/.local/lib/python3.12/site-packages/airflow/example_dags/example_branch_operator.py for tasks to queue
[2024-07-27T20:15:08.406+0000] {logging_mixin.py:188} INFO - [2024-07-27T20:15:08.406+0000] {dagbag.py:545} INFO - Filling up the DagBag from /home/airflow/.local/lib/python3.12/site-packages/airflow/example_dags/example_branch_operator.py
[2024-07-27T20:15:08.414+0000] {processor.py:840} INFO - DAG(s) 'example_branch_operator' retrieved from /home/airflow/.local/lib/python3.12/site-packages/airflow/example_dags/example_branch_operator.py
[2024-07-27T20:15:08.429+0000] {logging_mixin.py:188} INFO - [2024-07-27T20:15:08.428+0000] {dag.py:3089} INFO - Sync 1 DAGs
[2024-07-27T20:15:08.440+0000] {logging_mixin.py:188} INFO - [2024-07-27T20:15:08.440+0000] {dag.py:3947} INFO - Setting next_dagrun for example_branch_operator to 2024-07-26 00:00:00+00:00, run_after=2024-07-27 00:00:00+00:00
[2024-07-27T20:15:08.449+0000] {processor.py:183} INFO - Processing /home/airflow/.local/lib/python3.12/site-packages/airflow/example_dags/example_branch_operator.py took 0.048 seconds
[2024-07-27T20:15:39.005+0000] {processor.py:161} INFO - Started process (PID=1019) to work on /home/airflow/.local/lib/python3.12/site-packages/airflow/example_dags/example_branch_operator.py
[2024-07-27T20:15:39.006+0000] {processor.py:830} INFO - Processing file /home/airflow/.local/lib/python3.12/site-packages/airflow/example_dags/example_branch_operator.py for tasks to queue
[2024-07-27T20:15:39.007+0000] {logging_mixin.py:188} INFO - [2024-07-27T20:15:39.007+0000] {dagbag.py:545} INFO - Filling up the DagBag from /home/airflow/.local/lib/python3.12/site-packages/airflow/example_dags/example_branch_operator.py
[2024-07-27T20:15:39.016+0000] {processor.py:840} INFO - DAG(s) 'example_branch_operator' retrieved from /home/airflow/.local/lib/python3.12/site-packages/airflow/example_dags/example_branch_operator.py
[2024-07-27T20:15:39.031+0000] {logging_mixin.py:188} INFO - [2024-07-27T20:15:39.031+0000] {dag.py:3089} INFO - Sync 1 DAGs
[2024-07-27T20:15:39.044+0000] {logging_mixin.py:188} INFO - [2024-07-27T20:15:39.044+0000] {dag.py:3947} INFO - Setting next_dagrun for example_branch_operator to 2024-07-26 00:00:00+00:00, run_after=2024-07-27 00:00:00+00:00
[2024-07-27T20:15:39.053+0000] {processor.py:183} INFO - Processing /home/airflow/.local/lib/python3.12/site-packages/airflow/example_dags/example_branch_operator.py took 0.051 seconds
[2024-07-27T20:16:09.144+0000] {processor.py:161} INFO - Started process (PID=1281) to work on /home/airflow/.local/lib/python3.12/site-packages/airflow/example_dags/example_branch_operator.py
[2024-07-27T20:16:09.145+0000] {processor.py:830} INFO - Processing file /home/airflow/.local/lib/python3.12/site-packages/airflow/example_dags/example_branch_operator.py for tasks to queue
[2024-07-27T20:16:09.146+0000] {logging_mixin.py:188} INFO - [2024-07-27T20:16:09.145+0000] {dagbag.py:545} INFO - Filling up the DagBag from /home/airflow/.local/lib/python3.12/site-packages/airflow/example_dags/example_branch_operator.py
[2024-07-27T20:16:09.156+0000] {processor.py:840} INFO - DAG(s) 'example_branch_operator' retrieved from /home/airflow/.local/lib/python3.12/site-packages/airflow/example_dags/example_branch_operator.py
[2024-07-27T20:16:09.171+0000] {logging_mixin.py:188} INFO - [2024-07-27T20:16:09.170+0000] {dag.py:3089} INFO - Sync 1 DAGs
[2024-07-27T20:16:09.181+0000] {logging_mixin.py:188} INFO - [2024-07-27T20:16:09.181+0000] {dag.py:3947} INFO - Setting next_dagrun for example_branch_operator to 2024-07-26 00:00:00+00:00, run_after=2024-07-27 00:00:00+00:00
[2024-07-27T20:16:09.190+0000] {processor.py:183} INFO - Processing /home/airflow/.local/lib/python3.12/site-packages/airflow/example_dags/example_branch_operator.py took 0.051 seconds
[2024-07-27T20:16:39.377+0000] {processor.py:161} INFO - Started process (PID=1543) to work on /home/airflow/.local/lib/python3.12/site-packages/airflow/example_dags/example_branch_operator.py
[2024-07-27T20:16:39.378+0000] {processor.py:830} INFO - Processing file /home/airflow/.local/lib/python3.12/site-packages/airflow/example_dags/example_branch_operator.py for tasks to queue
[2024-07-27T20:16:39.379+0000] {logging_mixin.py:188} INFO - [2024-07-27T20:16:39.379+0000] {dagbag.py:545} INFO - Filling up the DagBag from /home/airflow/.local/lib/python3.12/site-packages/airflow/example_dags/example_branch_operator.py
[2024-07-27T20:16:39.388+0000] {processor.py:840} INFO - DAG(s) 'example_branch_operator' retrieved from /home/airflow/.local/lib/python3.12/site-packages/airflow/example_dags/example_branch_operator.py
[2024-07-27T20:16:39.407+0000] {logging_mixin.py:188} INFO - [2024-07-27T20:16:39.406+0000] {dag.py:3089} INFO - Sync 1 DAGs
[2024-07-27T20:16:39.421+0000] {logging_mixin.py:188} INFO - [2024-07-27T20:16:39.421+0000] {dag.py:3947} INFO - Setting next_dagrun for example_branch_operator to 2024-07-26 00:00:00+00:00, run_after=2024-07-27 00:00:00+00:00
[2024-07-27T20:16:39.431+0000] {processor.py:183} INFO - Processing /home/airflow/.local/lib/python3.12/site-packages/airflow/example_dags/example_branch_operator.py took 0.057 seconds
[2024-07-27T20:17:09.776+0000] {processor.py:161} INFO - Started process (PID=1805) to work on /home/airflow/.local/lib/python3.12/site-packages/airflow/example_dags/example_branch_operator.py
[2024-07-27T20:17:09.777+0000] {processor.py:830} INFO - Processing file /home/airflow/.local/lib/python3.12/site-packages/airflow/example_dags/example_branch_operator.py for tasks to queue
[2024-07-27T20:17:09.778+0000] {logging_mixin.py:188} INFO - [2024-07-27T20:17:09.778+0000] {dagbag.py:545} INFO - Filling up the DagBag from /home/airflow/.local/lib/python3.12/site-packages/airflow/example_dags/example_branch_operator.py
[2024-07-27T20:17:09.787+0000] {processor.py:840} INFO - DAG(s) 'example_branch_operator' retrieved from /home/airflow/.local/lib/python3.12/site-packages/airflow/example_dags/example_branch_operator.py
[2024-07-27T20:17:09.801+0000] {logging_mixin.py:188} INFO - [2024-07-27T20:17:09.801+0000] {dag.py:3089} INFO - Sync 1 DAGs
[2024-07-27T20:17:09.814+0000] {logging_mixin.py:188} INFO - [2024-07-27T20:17:09.814+0000] {dag.py:3947} INFO - Setting next_dagrun for example_branch_operator to 2024-07-26 00:00:00+00:00, run_after=2024-07-27 00:00:00+00:00
[2024-07-27T20:17:09.823+0000] {processor.py:183} INFO - Processing /home/airflow/.local/lib/python3.12/site-packages/airflow/example_dags/example_branch_operator.py took 0.051 seconds
[2024-07-27T21:59:58.852+0000] {processor.py:161} INFO - Started process (PID=2063) to work on /home/airflow/.local/lib/python3.12/site-packages/airflow/example_dags/example_branch_operator.py
[2024-07-27T21:59:58.866+0000] {processor.py:830} INFO - Processing file /home/airflow/.local/lib/python3.12/site-packages/airflow/example_dags/example_branch_operator.py for tasks to queue
[2024-07-27T21:59:58.892+0000] {logging_mixin.py:188} INFO - [2024-07-27T21:59:58.891+0000] {dagbag.py:545} INFO - Filling up the DagBag from /home/airflow/.local/lib/python3.12/site-packages/airflow/example_dags/example_branch_operator.py
[2024-07-27T21:59:58.929+0000] {processor.py:840} INFO - DAG(s) 'example_branch_operator' retrieved from /home/airflow/.local/lib/python3.12/site-packages/airflow/example_dags/example_branch_operator.py
[2024-07-27T21:59:58.997+0000] {logging_mixin.py:188} INFO - [2024-07-27T21:59:58.996+0000] {dag.py:3089} INFO - Sync 1 DAGs
[2024-07-27T21:59:59.012+0000] {logging_mixin.py:188} INFO - [2024-07-27T21:59:59.012+0000] {dag.py:3947} INFO - Setting next_dagrun for example_branch_operator to 2024-07-26 00:00:00+00:00, run_after=2024-07-27 00:00:00+00:00
[2024-07-27T21:59:59.024+0000] {processor.py:183} INFO - Processing /home/airflow/.local/lib/python3.12/site-packages/airflow/example_dags/example_branch_operator.py took 0.179 seconds
[2024-07-27T22:00:29.441+0000] {processor.py:161} INFO - Started process (PID=2324) to work on /home/airflow/.local/lib/python3.12/site-packages/airflow/example_dags/example_branch_operator.py
[2024-07-27T22:00:29.444+0000] {processor.py:830} INFO - Processing file /home/airflow/.local/lib/python3.12/site-packages/airflow/example_dags/example_branch_operator.py for tasks to queue
[2024-07-27T22:00:29.446+0000] {logging_mixin.py:188} INFO - [2024-07-27T22:00:29.445+0000] {dagbag.py:545} INFO - Filling up the DagBag from /home/airflow/.local/lib/python3.12/site-packages/airflow/example_dags/example_branch_operator.py
[2024-07-27T22:00:29.454+0000] {processor.py:840} INFO - DAG(s) 'example_branch_operator' retrieved from /home/airflow/.local/lib/python3.12/site-packages/airflow/example_dags/example_branch_operator.py
[2024-07-27T22:00:29.468+0000] {logging_mixin.py:188} INFO - [2024-07-27T22:00:29.468+0000] {dag.py:3089} INFO - Sync 1 DAGs
[2024-07-27T22:00:29.480+0000] {logging_mixin.py:188} INFO - [2024-07-27T22:00:29.480+0000] {dag.py:3947} INFO - Setting next_dagrun for example_branch_operator to 2024-07-26 00:00:00+00:00, run_after=2024-07-27 00:00:00+00:00
[2024-07-27T22:00:29.489+0000] {processor.py:183} INFO - Processing /home/airflow/.local/lib/python3.12/site-packages/airflow/example_dags/example_branch_operator.py took 0.054 seconds
[2024-07-27T22:01:00.284+0000] {processor.py:161} INFO - Started process (PID=2584) to work on /home/airflow/.local/lib/python3.12/site-packages/airflow/example_dags/example_branch_operator.py
[2024-07-27T22:01:00.285+0000] {processor.py:830} INFO - Processing file /home/airflow/.local/lib/python3.12/site-packages/airflow/example_dags/example_branch_operator.py for tasks to queue
[2024-07-27T22:01:00.286+0000] {logging_mixin.py:188} INFO - [2024-07-27T22:01:00.286+0000] {dagbag.py:545} INFO - Filling up the DagBag from /home/airflow/.local/lib/python3.12/site-packages/airflow/example_dags/example_branch_operator.py
[2024-07-27T22:01:00.299+0000] {processor.py:840} INFO - DAG(s) 'example_branch_operator' retrieved from /home/airflow/.local/lib/python3.12/site-packages/airflow/example_dags/example_branch_operator.py
[2024-07-27T22:01:00.313+0000] {logging_mixin.py:188} INFO - [2024-07-27T22:01:00.313+0000] {dag.py:3089} INFO - Sync 1 DAGs
[2024-07-27T22:01:00.328+0000] {logging_mixin.py:188} INFO - [2024-07-27T22:01:00.328+0000] {dag.py:3947} INFO - Setting next_dagrun for example_branch_operator to 2024-07-26 00:00:00+00:00, run_after=2024-07-27 00:00:00+00:00
[2024-07-27T22:01:00.338+0000] {processor.py:183} INFO - Processing /home/airflow/.local/lib/python3.12/site-packages/airflow/example_dags/example_branch_operator.py took 0.057 seconds
[2024-07-27T22:01:30.586+0000] {processor.py:161} INFO - Started process (PID=2848) to work on /home/airflow/.local/lib/python3.12/site-packages/airflow/example_dags/example_branch_operator.py
[2024-07-27T22:01:30.587+0000] {processor.py:830} INFO - Processing file /home/airflow/.local/lib/python3.12/site-packages/airflow/example_dags/example_branch_operator.py for tasks to queue
[2024-07-27T22:01:30.589+0000] {logging_mixin.py:188} INFO - [2024-07-27T22:01:30.588+0000] {dagbag.py:545} INFO - Filling up the DagBag from /home/airflow/.local/lib/python3.12/site-packages/airflow/example_dags/example_branch_operator.py
[2024-07-27T22:01:30.597+0000] {processor.py:840} INFO - DAG(s) 'example_branch_operator' retrieved from /home/airflow/.local/lib/python3.12/site-packages/airflow/example_dags/example_branch_operator.py
[2024-07-27T22:01:30.610+0000] {logging_mixin.py:188} INFO - [2024-07-27T22:01:30.610+0000] {dag.py:3089} INFO - Sync 1 DAGs
[2024-07-27T22:01:30.621+0000] {logging_mixin.py:188} INFO - [2024-07-27T22:01:30.621+0000] {dag.py:3947} INFO - Setting next_dagrun for example_branch_operator to 2024-07-26 00:00:00+00:00, run_after=2024-07-27 00:00:00+00:00
[2024-07-27T22:01:30.630+0000] {processor.py:183} INFO - Processing /home/airflow/.local/lib/python3.12/site-packages/airflow/example_dags/example_branch_operator.py took 0.047 seconds
[2024-07-27T22:02:01.065+0000] {processor.py:161} INFO - Started process (PID=3112) to work on /home/airflow/.local/lib/python3.12/site-packages/airflow/example_dags/example_branch_operator.py
[2024-07-27T22:02:01.066+0000] {processor.py:830} INFO - Processing file /home/airflow/.local/lib/python3.12/site-packages/airflow/example_dags/example_branch_operator.py for tasks to queue
[2024-07-27T22:02:01.068+0000] {logging_mixin.py:188} INFO - [2024-07-27T22:02:01.068+0000] {dagbag.py:545} INFO - Filling up the DagBag from /home/airflow/.local/lib/python3.12/site-packages/airflow/example_dags/example_branch_operator.py
[2024-07-27T22:02:01.082+0000] {processor.py:840} INFO - DAG(s) 'example_branch_operator' retrieved from /home/airflow/.local/lib/python3.12/site-packages/airflow/example_dags/example_branch_operator.py
[2024-07-27T22:02:01.122+0000] {logging_mixin.py:188} INFO - [2024-07-27T22:02:01.121+0000] {dag.py:3089} INFO - Sync 1 DAGs
[2024-07-27T22:02:01.138+0000] {logging_mixin.py:188} INFO - [2024-07-27T22:02:01.138+0000] {dag.py:3947} INFO - Setting next_dagrun for example_branch_operator to 2024-07-26 00:00:00+00:00, run_after=2024-07-27 00:00:00+00:00
[2024-07-27T22:02:01.151+0000] {processor.py:183} INFO - Processing /home/airflow/.local/lib/python3.12/site-packages/airflow/example_dags/example_branch_operator.py took 0.089 seconds
[2024-07-27T22:02:31.478+0000] {processor.py:161} INFO - Started process (PID=3373) to work on /home/airflow/.local/lib/python3.12/site-packages/airflow/example_dags/example_branch_operator.py
[2024-07-27T22:02:31.479+0000] {processor.py:830} INFO - Processing file /home/airflow/.local/lib/python3.12/site-packages/airflow/example_dags/example_branch_operator.py for tasks to queue
[2024-07-27T22:02:31.480+0000] {logging_mixin.py:188} INFO - [2024-07-27T22:02:31.480+0000] {dagbag.py:545} INFO - Filling up the DagBag from /home/airflow/.local/lib/python3.12/site-packages/airflow/example_dags/example_branch_operator.py
[2024-07-27T22:02:31.489+0000] {processor.py:840} INFO - DAG(s) 'example_branch_operator' retrieved from /home/airflow/.local/lib/python3.12/site-packages/airflow/example_dags/example_branch_operator.py
[2024-07-27T22:02:31.505+0000] {logging_mixin.py:188} INFO - [2024-07-27T22:02:31.505+0000] {dag.py:3089} INFO - Sync 1 DAGs
[2024-07-27T22:02:31.517+0000] {logging_mixin.py:188} INFO - [2024-07-27T22:02:31.516+0000] {dag.py:3947} INFO - Setting next_dagrun for example_branch_operator to 2024-07-26 00:00:00+00:00, run_after=2024-07-27 00:00:00+00:00
[2024-07-27T22:02:31.527+0000] {processor.py:183} INFO - Processing /home/airflow/.local/lib/python3.12/site-packages/airflow/example_dags/example_branch_operator.py took 0.053 seconds
[2024-07-27T22:03:02.161+0000] {processor.py:161} INFO - Started process (PID=3636) to work on /home/airflow/.local/lib/python3.12/site-packages/airflow/example_dags/example_branch_operator.py
[2024-07-27T22:03:02.163+0000] {processor.py:830} INFO - Processing file /home/airflow/.local/lib/python3.12/site-packages/airflow/example_dags/example_branch_operator.py for tasks to queue
[2024-07-27T22:03:02.165+0000] {logging_mixin.py:188} INFO - [2024-07-27T22:03:02.164+0000] {dagbag.py:545} INFO - Filling up the DagBag from /home/airflow/.local/lib/python3.12/site-packages/airflow/example_dags/example_branch_operator.py
[2024-07-27T22:03:02.176+0000] {processor.py:840} INFO - DAG(s) 'example_branch_operator' retrieved from /home/airflow/.local/lib/python3.12/site-packages/airflow/example_dags/example_branch_operator.py
[2024-07-27T22:03:02.198+0000] {logging_mixin.py:188} INFO - [2024-07-27T22:03:02.197+0000] {dag.py:3089} INFO - Sync 1 DAGs
[2024-07-27T22:03:02.212+0000] {logging_mixin.py:188} INFO - [2024-07-27T22:03:02.212+0000] {dag.py:3947} INFO - Setting next_dagrun for example_branch_operator to 2024-07-26 00:00:00+00:00, run_after=2024-07-27 00:00:00+00:00
[2024-07-27T22:03:02.222+0000] {processor.py:183} INFO - Processing /home/airflow/.local/lib/python3.12/site-packages/airflow/example_dags/example_branch_operator.py took 0.065 seconds
[2024-07-27T22:03:32.853+0000] {processor.py:161} INFO - Started process (PID=3898) to work on /home/airflow/.local/lib/python3.12/site-packages/airflow/example_dags/example_branch_operator.py
[2024-07-27T22:03:32.854+0000] {processor.py:830} INFO - Processing file /home/airflow/.local/lib/python3.12/site-packages/airflow/example_dags/example_branch_operator.py for tasks to queue
[2024-07-27T22:03:32.855+0000] {logging_mixin.py:188} INFO - [2024-07-27T22:03:32.854+0000] {dagbag.py:545} INFO - Filling up the DagBag from /home/airflow/.local/lib/python3.12/site-packages/airflow/example_dags/example_branch_operator.py
[2024-07-27T22:03:32.865+0000] {processor.py:840} INFO - DAG(s) 'example_branch_operator' retrieved from /home/airflow/.local/lib/python3.12/site-packages/airflow/example_dags/example_branch_operator.py
[2024-07-27T22:03:32.886+0000] {logging_mixin.py:188} INFO - [2024-07-27T22:03:32.886+0000] {dag.py:3089} INFO - Sync 1 DAGs
[2024-07-27T22:03:32.902+0000] {logging_mixin.py:188} INFO - [2024-07-27T22:03:32.902+0000] {dag.py:3947} INFO - Setting next_dagrun for example_branch_operator to 2024-07-26 00:00:00+00:00, run_after=2024-07-27 00:00:00+00:00
[2024-07-27T22:03:32.917+0000] {processor.py:183} INFO - Processing /home/airflow/.local/lib/python3.12/site-packages/airflow/example_dags/example_branch_operator.py took 0.068 seconds
[2024-07-27T22:04:03.121+0000] {processor.py:161} INFO - Started process (PID=4160) to work on /home/airflow/.local/lib/python3.12/site-packages/airflow/example_dags/example_branch_operator.py
[2024-07-27T22:04:03.122+0000] {processor.py:830} INFO - Processing file /home/airflow/.local/lib/python3.12/site-packages/airflow/example_dags/example_branch_operator.py for tasks to queue
[2024-07-27T22:04:03.124+0000] {logging_mixin.py:188} INFO - [2024-07-27T22:04:03.123+0000] {dagbag.py:545} INFO - Filling up the DagBag from /home/airflow/.local/lib/python3.12/site-packages/airflow/example_dags/example_branch_operator.py
[2024-07-27T22:04:03.134+0000] {processor.py:840} INFO - DAG(s) 'example_branch_operator' retrieved from /home/airflow/.local/lib/python3.12/site-packages/airflow/example_dags/example_branch_operator.py
[2024-07-27T22:04:03.154+0000] {logging_mixin.py:188} INFO - [2024-07-27T22:04:03.153+0000] {dag.py:3089} INFO - Sync 1 DAGs
[2024-07-27T22:04:03.173+0000] {logging_mixin.py:188} INFO - [2024-07-27T22:04:03.173+0000] {dag.py:3947} INFO - Setting next_dagrun for example_branch_operator to 2024-07-26 00:00:00+00:00, run_after=2024-07-27 00:00:00+00:00
[2024-07-27T22:04:03.185+0000] {processor.py:183} INFO - Processing /home/airflow/.local/lib/python3.12/site-packages/airflow/example_dags/example_branch_operator.py took 0.067 seconds
[2024-07-27T22:04:33.550+0000] {processor.py:161} INFO - Started process (PID=4422) to work on /home/airflow/.local/lib/python3.12/site-packages/airflow/example_dags/example_branch_operator.py
[2024-07-27T22:04:33.551+0000] {processor.py:830} INFO - Processing file /home/airflow/.local/lib/python3.12/site-packages/airflow/example_dags/example_branch_operator.py for tasks to queue
[2024-07-27T22:04:33.552+0000] {logging_mixin.py:188} INFO - [2024-07-27T22:04:33.552+0000] {dagbag.py:545} INFO - Filling up the DagBag from /home/airflow/.local/lib/python3.12/site-packages/airflow/example_dags/example_branch_operator.py
[2024-07-27T22:04:33.561+0000] {processor.py:840} INFO - DAG(s) 'example_branch_operator' retrieved from /home/airflow/.local/lib/python3.12/site-packages/airflow/example_dags/example_branch_operator.py
[2024-07-27T22:04:33.575+0000] {logging_mixin.py:188} INFO - [2024-07-27T22:04:33.575+0000] {dag.py:3089} INFO - Sync 1 DAGs
[2024-07-27T22:04:33.586+0000] {logging_mixin.py:188} INFO - [2024-07-27T22:04:33.586+0000] {dag.py:3947} INFO - Setting next_dagrun for example_branch_operator to 2024-07-26 00:00:00+00:00, run_after=2024-07-27 00:00:00+00:00
[2024-07-27T22:04:33.594+0000] {processor.py:183} INFO - Processing /home/airflow/.local/lib/python3.12/site-packages/airflow/example_dags/example_branch_operator.py took 0.047 seconds
[2024-07-27T22:05:03.953+0000] {processor.py:161} INFO - Started process (PID=4685) to work on /home/airflow/.local/lib/python3.12/site-packages/airflow/example_dags/example_branch_operator.py
[2024-07-27T22:05:03.954+0000] {processor.py:830} INFO - Processing file /home/airflow/.local/lib/python3.12/site-packages/airflow/example_dags/example_branch_operator.py for tasks to queue
[2024-07-27T22:05:03.955+0000] {logging_mixin.py:188} INFO - [2024-07-27T22:05:03.955+0000] {dagbag.py:545} INFO - Filling up the DagBag from /home/airflow/.local/lib/python3.12/site-packages/airflow/example_dags/example_branch_operator.py
[2024-07-27T22:05:03.964+0000] {processor.py:840} INFO - DAG(s) 'example_branch_operator' retrieved from /home/airflow/.local/lib/python3.12/site-packages/airflow/example_dags/example_branch_operator.py
[2024-07-27T22:05:03.978+0000] {logging_mixin.py:188} INFO - [2024-07-27T22:05:03.978+0000] {dag.py:3089} INFO - Sync 1 DAGs
[2024-07-27T22:05:03.988+0000] {logging_mixin.py:188} INFO - [2024-07-27T22:05:03.988+0000] {dag.py:3947} INFO - Setting next_dagrun for example_branch_operator to 2024-07-26 00:00:00+00:00, run_after=2024-07-27 00:00:00+00:00
[2024-07-27T22:05:03.996+0000] {processor.py:183} INFO - Processing /home/airflow/.local/lib/python3.12/site-packages/airflow/example_dags/example_branch_operator.py took 0.046 seconds
[2024-07-27T22:05:34.136+0000] {processor.py:161} INFO - Started process (PID=4945) to work on /home/airflow/.local/lib/python3.12/site-packages/airflow/example_dags/example_branch_operator.py
[2024-07-27T22:05:34.137+0000] {processor.py:830} INFO - Processing file /home/airflow/.local/lib/python3.12/site-packages/airflow/example_dags/example_branch_operator.py for tasks to queue
[2024-07-27T22:05:34.139+0000] {logging_mixin.py:188} INFO - [2024-07-27T22:05:34.138+0000] {dagbag.py:545} INFO - Filling up the DagBag from /home/airflow/.local/lib/python3.12/site-packages/airflow/example_dags/example_branch_operator.py
[2024-07-27T22:05:34.148+0000] {processor.py:840} INFO - DAG(s) 'example_branch_operator' retrieved from /home/airflow/.local/lib/python3.12/site-packages/airflow/example_dags/example_branch_operator.py
[2024-07-27T22:05:34.163+0000] {logging_mixin.py:188} INFO - [2024-07-27T22:05:34.163+0000] {dag.py:3089} INFO - Sync 1 DAGs
[2024-07-27T22:05:34.182+0000] {logging_mixin.py:188} INFO - [2024-07-27T22:05:34.182+0000] {dag.py:3947} INFO - Setting next_dagrun for example_branch_operator to 2024-07-26 00:00:00+00:00, run_after=2024-07-27 00:00:00+00:00
[2024-07-27T22:05:34.191+0000] {processor.py:183} INFO - Processing /home/airflow/.local/lib/python3.12/site-packages/airflow/example_dags/example_branch_operator.py took 0.059 seconds
[2024-07-27T22:06:04.334+0000] {processor.py:161} INFO - Started process (PID=5206) to work on /home/airflow/.local/lib/python3.12/site-packages/airflow/example_dags/example_branch_operator.py
[2024-07-27T22:06:04.334+0000] {processor.py:830} INFO - Processing file /home/airflow/.local/lib/python3.12/site-packages/airflow/example_dags/example_branch_operator.py for tasks to queue
[2024-07-27T22:06:04.335+0000] {logging_mixin.py:188} INFO - [2024-07-27T22:06:04.335+0000] {dagbag.py:545} INFO - Filling up the DagBag from /home/airflow/.local/lib/python3.12/site-packages/airflow/example_dags/example_branch_operator.py
[2024-07-27T22:06:04.344+0000] {processor.py:840} INFO - DAG(s) 'example_branch_operator' retrieved from /home/airflow/.local/lib/python3.12/site-packages/airflow/example_dags/example_branch_operator.py
[2024-07-27T22:06:04.359+0000] {logging_mixin.py:188} INFO - [2024-07-27T22:06:04.359+0000] {dag.py:3089} INFO - Sync 1 DAGs
[2024-07-27T22:06:04.370+0000] {logging_mixin.py:188} INFO - [2024-07-27T22:06:04.370+0000] {dag.py:3947} INFO - Setting next_dagrun for example_branch_operator to 2024-07-26 00:00:00+00:00, run_after=2024-07-27 00:00:00+00:00
[2024-07-27T22:06:04.379+0000] {processor.py:183} INFO - Processing /home/airflow/.local/lib/python3.12/site-packages/airflow/example_dags/example_branch_operator.py took 0.049 seconds
[2024-07-27T22:06:34.744+0000] {processor.py:161} INFO - Started process (PID=5470) to work on /home/airflow/.local/lib/python3.12/site-packages/airflow/example_dags/example_branch_operator.py
[2024-07-27T22:06:34.745+0000] {processor.py:830} INFO - Processing file /home/airflow/.local/lib/python3.12/site-packages/airflow/example_dags/example_branch_operator.py for tasks to queue
[2024-07-27T22:06:34.746+0000] {logging_mixin.py:188} INFO - [2024-07-27T22:06:34.746+0000] {dagbag.py:545} INFO - Filling up the DagBag from /home/airflow/.local/lib/python3.12/site-packages/airflow/example_dags/example_branch_operator.py
[2024-07-27T22:06:34.757+0000] {processor.py:840} INFO - DAG(s) 'example_branch_operator' retrieved from /home/airflow/.local/lib/python3.12/site-packages/airflow/example_dags/example_branch_operator.py
[2024-07-27T22:06:34.773+0000] {logging_mixin.py:188} INFO - [2024-07-27T22:06:34.773+0000] {dag.py:3089} INFO - Sync 1 DAGs
[2024-07-27T22:06:34.784+0000] {logging_mixin.py:188} INFO - [2024-07-27T22:06:34.784+0000] {dag.py:3947} INFO - Setting next_dagrun for example_branch_operator to 2024-07-26 00:00:00+00:00, run_after=2024-07-27 00:00:00+00:00
[2024-07-27T22:06:34.793+0000] {processor.py:183} INFO - Processing /home/airflow/.local/lib/python3.12/site-packages/airflow/example_dags/example_branch_operator.py took 0.052 seconds
[2024-07-27T22:07:05.128+0000] {processor.py:161} INFO - Started process (PID=5730) to work on /home/airflow/.local/lib/python3.12/site-packages/airflow/example_dags/example_branch_operator.py
[2024-07-27T22:07:05.129+0000] {processor.py:830} INFO - Processing file /home/airflow/.local/lib/python3.12/site-packages/airflow/example_dags/example_branch_operator.py for tasks to queue
[2024-07-27T22:07:05.131+0000] {logging_mixin.py:188} INFO - [2024-07-27T22:07:05.131+0000] {dagbag.py:545} INFO - Filling up the DagBag from /home/airflow/.local/lib/python3.12/site-packages/airflow/example_dags/example_branch_operator.py
[2024-07-27T22:07:05.142+0000] {processor.py:840} INFO - DAG(s) 'example_branch_operator' retrieved from /home/airflow/.local/lib/python3.12/site-packages/airflow/example_dags/example_branch_operator.py
[2024-07-27T22:07:05.160+0000] {logging_mixin.py:188} INFO - [2024-07-27T22:07:05.159+0000] {dag.py:3089} INFO - Sync 1 DAGs
[2024-07-27T22:07:05.173+0000] {logging_mixin.py:188} INFO - [2024-07-27T22:07:05.173+0000] {dag.py:3947} INFO - Setting next_dagrun for example_branch_operator to 2024-07-26 00:00:00+00:00, run_after=2024-07-27 00:00:00+00:00
[2024-07-27T22:07:05.183+0000] {processor.py:183} INFO - Processing /home/airflow/.local/lib/python3.12/site-packages/airflow/example_dags/example_branch_operator.py took 0.060 seconds
[2024-07-27T22:07:36.159+0000] {processor.py:161} INFO - Started process (PID=5992) to work on /home/airflow/.local/lib/python3.12/site-packages/airflow/example_dags/example_branch_operator.py
[2024-07-27T22:07:36.160+0000] {processor.py:830} INFO - Processing file /home/airflow/.local/lib/python3.12/site-packages/airflow/example_dags/example_branch_operator.py for tasks to queue
[2024-07-27T22:07:36.161+0000] {logging_mixin.py:188} INFO - [2024-07-27T22:07:36.161+0000] {dagbag.py:545} INFO - Filling up the DagBag from /home/airflow/.local/lib/python3.12/site-packages/airflow/example_dags/example_branch_operator.py
[2024-07-27T22:07:36.170+0000] {processor.py:840} INFO - DAG(s) 'example_branch_operator' retrieved from /home/airflow/.local/lib/python3.12/site-packages/airflow/example_dags/example_branch_operator.py
[2024-07-27T22:07:36.184+0000] {logging_mixin.py:188} INFO - [2024-07-27T22:07:36.184+0000] {dag.py:3089} INFO - Sync 1 DAGs
[2024-07-27T22:07:36.197+0000] {logging_mixin.py:188} INFO - [2024-07-27T22:07:36.196+0000] {dag.py:3947} INFO - Setting next_dagrun for example_branch_operator to 2024-07-26 00:00:00+00:00, run_after=2024-07-27 00:00:00+00:00
[2024-07-27T22:07:36.206+0000] {processor.py:183} INFO - Processing /home/airflow/.local/lib/python3.12/site-packages/airflow/example_dags/example_branch_operator.py took 0.050 seconds
[2024-07-27T22:08:06.237+0000] {processor.py:161} INFO - Started process (PID=6249) to work on /home/airflow/.local/lib/python3.12/site-packages/airflow/example_dags/example_branch_operator.py
[2024-07-27T22:08:06.238+0000] {processor.py:830} INFO - Processing file /home/airflow/.local/lib/python3.12/site-packages/airflow/example_dags/example_branch_operator.py for tasks to queue
[2024-07-27T22:08:06.240+0000] {logging_mixin.py:188} INFO - [2024-07-27T22:08:06.240+0000] {dagbag.py:545} INFO - Filling up the DagBag from /home/airflow/.local/lib/python3.12/site-packages/airflow/example_dags/example_branch_operator.py
[2024-07-27T22:08:06.252+0000] {processor.py:840} INFO - DAG(s) 'example_branch_operator' retrieved from /home/airflow/.local/lib/python3.12/site-packages/airflow/example_dags/example_branch_operator.py
[2024-07-27T22:08:06.268+0000] {logging_mixin.py:188} INFO - [2024-07-27T22:08:06.268+0000] {dag.py:3089} INFO - Sync 1 DAGs
[2024-07-27T22:08:06.279+0000] {logging_mixin.py:188} INFO - [2024-07-27T22:08:06.279+0000] {dag.py:3947} INFO - Setting next_dagrun for example_branch_operator to 2024-07-26 00:00:00+00:00, run_after=2024-07-27 00:00:00+00:00
[2024-07-27T22:08:06.287+0000] {processor.py:183} INFO - Processing /home/airflow/.local/lib/python3.12/site-packages/airflow/example_dags/example_branch_operator.py took 0.055 seconds
[2024-07-27T22:08:36.556+0000] {processor.py:161} INFO - Started process (PID=6511) to work on /home/airflow/.local/lib/python3.12/site-packages/airflow/example_dags/example_branch_operator.py
[2024-07-27T22:08:36.557+0000] {processor.py:830} INFO - Processing file /home/airflow/.local/lib/python3.12/site-packages/airflow/example_dags/example_branch_operator.py for tasks to queue
[2024-07-27T22:08:36.559+0000] {logging_mixin.py:188} INFO - [2024-07-27T22:08:36.559+0000] {dagbag.py:545} INFO - Filling up the DagBag from /home/airflow/.local/lib/python3.12/site-packages/airflow/example_dags/example_branch_operator.py
[2024-07-27T22:08:36.571+0000] {processor.py:840} INFO - DAG(s) 'example_branch_operator' retrieved from /home/airflow/.local/lib/python3.12/site-packages/airflow/example_dags/example_branch_operator.py
[2024-07-27T22:08:36.587+0000] {logging_mixin.py:188} INFO - [2024-07-27T22:08:36.587+0000] {dag.py:3089} INFO - Sync 1 DAGs
[2024-07-27T22:08:36.598+0000] {logging_mixin.py:188} INFO - [2024-07-27T22:08:36.598+0000] {dag.py:3947} INFO - Setting next_dagrun for example_branch_operator to 2024-07-26 00:00:00+00:00, run_after=2024-07-27 00:00:00+00:00
[2024-07-27T22:08:36.605+0000] {processor.py:183} INFO - Processing /home/airflow/.local/lib/python3.12/site-packages/airflow/example_dags/example_branch_operator.py took 0.055 seconds
[2024-07-27T22:09:07.370+0000] {processor.py:161} INFO - Started process (PID=6773) to work on /home/airflow/.local/lib/python3.12/site-packages/airflow/example_dags/example_branch_operator.py
[2024-07-27T22:09:07.371+0000] {processor.py:830} INFO - Processing file /home/airflow/.local/lib/python3.12/site-packages/airflow/example_dags/example_branch_operator.py for tasks to queue
[2024-07-27T22:09:07.373+0000] {logging_mixin.py:188} INFO - [2024-07-27T22:09:07.373+0000] {dagbag.py:545} INFO - Filling up the DagBag from /home/airflow/.local/lib/python3.12/site-packages/airflow/example_dags/example_branch_operator.py
[2024-07-27T22:09:07.388+0000] {processor.py:840} INFO - DAG(s) 'example_branch_operator' retrieved from /home/airflow/.local/lib/python3.12/site-packages/airflow/example_dags/example_branch_operator.py
[2024-07-27T22:09:07.406+0000] {logging_mixin.py:188} INFO - [2024-07-27T22:09:07.405+0000] {dag.py:3089} INFO - Sync 1 DAGs
[2024-07-27T22:09:07.419+0000] {logging_mixin.py:188} INFO - [2024-07-27T22:09:07.419+0000] {dag.py:3947} INFO - Setting next_dagrun for example_branch_operator to 2024-07-26 00:00:00+00:00, run_after=2024-07-27 00:00:00+00:00
[2024-07-27T22:09:07.426+0000] {processor.py:183} INFO - Processing /home/airflow/.local/lib/python3.12/site-packages/airflow/example_dags/example_branch_operator.py took 0.063 seconds
[2024-07-27T22:09:37.634+0000] {processor.py:161} INFO - Started process (PID=7035) to work on /home/airflow/.local/lib/python3.12/site-packages/airflow/example_dags/example_branch_operator.py
[2024-07-27T22:09:37.635+0000] {processor.py:830} INFO - Processing file /home/airflow/.local/lib/python3.12/site-packages/airflow/example_dags/example_branch_operator.py for tasks to queue
[2024-07-27T22:09:37.638+0000] {logging_mixin.py:188} INFO - [2024-07-27T22:09:37.638+0000] {dagbag.py:545} INFO - Filling up the DagBag from /home/airflow/.local/lib/python3.12/site-packages/airflow/example_dags/example_branch_operator.py
[2024-07-27T22:09:37.653+0000] {processor.py:840} INFO - DAG(s) 'example_branch_operator' retrieved from /home/airflow/.local/lib/python3.12/site-packages/airflow/example_dags/example_branch_operator.py
[2024-07-27T22:09:37.670+0000] {logging_mixin.py:188} INFO - [2024-07-27T22:09:37.670+0000] {dag.py:3089} INFO - Sync 1 DAGs
[2024-07-27T22:09:37.682+0000] {logging_mixin.py:188} INFO - [2024-07-27T22:09:37.682+0000] {dag.py:3947} INFO - Setting next_dagrun for example_branch_operator to 2024-07-26 00:00:00+00:00, run_after=2024-07-27 00:00:00+00:00
[2024-07-27T22:09:37.690+0000] {processor.py:183} INFO - Processing /home/airflow/.local/lib/python3.12/site-packages/airflow/example_dags/example_branch_operator.py took 0.065 seconds
[2024-07-27T22:10:07.949+0000] {processor.py:161} INFO - Started process (PID=7297) to work on /home/airflow/.local/lib/python3.12/site-packages/airflow/example_dags/example_branch_operator.py
[2024-07-27T22:10:07.951+0000] {processor.py:830} INFO - Processing file /home/airflow/.local/lib/python3.12/site-packages/airflow/example_dags/example_branch_operator.py for tasks to queue
[2024-07-27T22:10:07.953+0000] {logging_mixin.py:188} INFO - [2024-07-27T22:10:07.952+0000] {dagbag.py:545} INFO - Filling up the DagBag from /home/airflow/.local/lib/python3.12/site-packages/airflow/example_dags/example_branch_operator.py
[2024-07-27T22:10:07.966+0000] {processor.py:840} INFO - DAG(s) 'example_branch_operator' retrieved from /home/airflow/.local/lib/python3.12/site-packages/airflow/example_dags/example_branch_operator.py
[2024-07-27T22:10:07.989+0000] {logging_mixin.py:188} INFO - [2024-07-27T22:10:07.989+0000] {dag.py:3089} INFO - Sync 1 DAGs
[2024-07-27T22:10:08.001+0000] {logging_mixin.py:188} INFO - [2024-07-27T22:10:08.001+0000] {dag.py:3947} INFO - Setting next_dagrun for example_branch_operator to 2024-07-26 00:00:00+00:00, run_after=2024-07-27 00:00:00+00:00
[2024-07-27T22:10:08.010+0000] {processor.py:183} INFO - Processing /home/airflow/.local/lib/python3.12/site-packages/airflow/example_dags/example_branch_operator.py took 0.067 seconds
[2024-07-27T22:10:38.159+0000] {processor.py:161} INFO - Started process (PID=7559) to work on /home/airflow/.local/lib/python3.12/site-packages/airflow/example_dags/example_branch_operator.py
[2024-07-27T22:10:38.161+0000] {processor.py:830} INFO - Processing file /home/airflow/.local/lib/python3.12/site-packages/airflow/example_dags/example_branch_operator.py for tasks to queue
[2024-07-27T22:10:38.162+0000] {logging_mixin.py:188} INFO - [2024-07-27T22:10:38.162+0000] {dagbag.py:545} INFO - Filling up the DagBag from /home/airflow/.local/lib/python3.12/site-packages/airflow/example_dags/example_branch_operator.py
[2024-07-27T22:10:38.175+0000] {processor.py:840} INFO - DAG(s) 'example_branch_operator' retrieved from /home/airflow/.local/lib/python3.12/site-packages/airflow/example_dags/example_branch_operator.py
[2024-07-27T22:10:38.192+0000] {logging_mixin.py:188} INFO - [2024-07-27T22:10:38.192+0000] {dag.py:3089} INFO - Sync 1 DAGs
[2024-07-27T22:10:38.205+0000] {logging_mixin.py:188} INFO - [2024-07-27T22:10:38.205+0000] {dag.py:3947} INFO - Setting next_dagrun for example_branch_operator to 2024-07-26 00:00:00+00:00, run_after=2024-07-27 00:00:00+00:00
[2024-07-27T22:10:38.213+0000] {processor.py:183} INFO - Processing /home/airflow/.local/lib/python3.12/site-packages/airflow/example_dags/example_branch_operator.py took 0.059 seconds
[2024-07-27T22:11:08.382+0000] {processor.py:161} INFO - Started process (PID=7821) to work on /home/airflow/.local/lib/python3.12/site-packages/airflow/example_dags/example_branch_operator.py
[2024-07-27T22:11:08.383+0000] {processor.py:830} INFO - Processing file /home/airflow/.local/lib/python3.12/site-packages/airflow/example_dags/example_branch_operator.py for tasks to queue
[2024-07-27T22:11:08.385+0000] {logging_mixin.py:188} INFO - [2024-07-27T22:11:08.385+0000] {dagbag.py:545} INFO - Filling up the DagBag from /home/airflow/.local/lib/python3.12/site-packages/airflow/example_dags/example_branch_operator.py
[2024-07-27T22:11:08.400+0000] {processor.py:840} INFO - DAG(s) 'example_branch_operator' retrieved from /home/airflow/.local/lib/python3.12/site-packages/airflow/example_dags/example_branch_operator.py
[2024-07-27T22:11:08.418+0000] {logging_mixin.py:188} INFO - [2024-07-27T22:11:08.418+0000] {dag.py:3089} INFO - Sync 1 DAGs
[2024-07-27T22:11:08.430+0000] {logging_mixin.py:188} INFO - [2024-07-27T22:11:08.430+0000] {dag.py:3947} INFO - Setting next_dagrun for example_branch_operator to 2024-07-26 00:00:00+00:00, run_after=2024-07-27 00:00:00+00:00
[2024-07-27T22:11:08.437+0000] {processor.py:183} INFO - Processing /home/airflow/.local/lib/python3.12/site-packages/airflow/example_dags/example_branch_operator.py took 0.063 seconds
[2024-07-27T22:11:38.615+0000] {processor.py:161} INFO - Started process (PID=8083) to work on /home/airflow/.local/lib/python3.12/site-packages/airflow/example_dags/example_branch_operator.py
[2024-07-27T22:11:38.616+0000] {processor.py:830} INFO - Processing file /home/airflow/.local/lib/python3.12/site-packages/airflow/example_dags/example_branch_operator.py for tasks to queue
[2024-07-27T22:11:38.618+0000] {logging_mixin.py:188} INFO - [2024-07-27T22:11:38.618+0000] {dagbag.py:545} INFO - Filling up the DagBag from /home/airflow/.local/lib/python3.12/site-packages/airflow/example_dags/example_branch_operator.py
[2024-07-27T22:11:38.631+0000] {processor.py:840} INFO - DAG(s) 'example_branch_operator' retrieved from /home/airflow/.local/lib/python3.12/site-packages/airflow/example_dags/example_branch_operator.py
[2024-07-27T22:11:38.649+0000] {logging_mixin.py:188} INFO - [2024-07-27T22:11:38.649+0000] {dag.py:3089} INFO - Sync 1 DAGs
[2024-07-27T22:11:38.661+0000] {logging_mixin.py:188} INFO - [2024-07-27T22:11:38.661+0000] {dag.py:3947} INFO - Setting next_dagrun for example_branch_operator to 2024-07-26 00:00:00+00:00, run_after=2024-07-27 00:00:00+00:00
[2024-07-27T22:11:38.669+0000] {processor.py:183} INFO - Processing /home/airflow/.local/lib/python3.12/site-packages/airflow/example_dags/example_branch_operator.py took 0.061 seconds
[2024-07-27T22:12:09.072+0000] {processor.py:161} INFO - Started process (PID=8346) to work on /home/airflow/.local/lib/python3.12/site-packages/airflow/example_dags/example_branch_operator.py
[2024-07-27T22:12:09.073+0000] {processor.py:830} INFO - Processing file /home/airflow/.local/lib/python3.12/site-packages/airflow/example_dags/example_branch_operator.py for tasks to queue
[2024-07-27T22:12:09.074+0000] {logging_mixin.py:188} INFO - [2024-07-27T22:12:09.074+0000] {dagbag.py:545} INFO - Filling up the DagBag from /home/airflow/.local/lib/python3.12/site-packages/airflow/example_dags/example_branch_operator.py
[2024-07-27T22:12:09.087+0000] {processor.py:840} INFO - DAG(s) 'example_branch_operator' retrieved from /home/airflow/.local/lib/python3.12/site-packages/airflow/example_dags/example_branch_operator.py
[2024-07-27T22:12:09.104+0000] {logging_mixin.py:188} INFO - [2024-07-27T22:12:09.104+0000] {dag.py:3089} INFO - Sync 1 DAGs
[2024-07-27T22:12:09.116+0000] {logging_mixin.py:188} INFO - [2024-07-27T22:12:09.116+0000] {dag.py:3947} INFO - Setting next_dagrun for example_branch_operator to 2024-07-26 00:00:00+00:00, run_after=2024-07-27 00:00:00+00:00
[2024-07-27T22:12:09.123+0000] {processor.py:183} INFO - Processing /home/airflow/.local/lib/python3.12/site-packages/airflow/example_dags/example_branch_operator.py took 0.059 seconds
[2024-07-27T22:12:39.527+0000] {processor.py:161} INFO - Started process (PID=8608) to work on /home/airflow/.local/lib/python3.12/site-packages/airflow/example_dags/example_branch_operator.py
[2024-07-27T22:12:39.528+0000] {processor.py:830} INFO - Processing file /home/airflow/.local/lib/python3.12/site-packages/airflow/example_dags/example_branch_operator.py for tasks to queue
[2024-07-27T22:12:39.532+0000] {logging_mixin.py:188} INFO - [2024-07-27T22:12:39.531+0000] {dagbag.py:545} INFO - Filling up the DagBag from /home/airflow/.local/lib/python3.12/site-packages/airflow/example_dags/example_branch_operator.py
[2024-07-27T22:12:39.545+0000] {processor.py:840} INFO - DAG(s) 'example_branch_operator' retrieved from /home/airflow/.local/lib/python3.12/site-packages/airflow/example_dags/example_branch_operator.py
[2024-07-27T22:12:39.560+0000] {logging_mixin.py:188} INFO - [2024-07-27T22:12:39.560+0000] {dag.py:3089} INFO - Sync 1 DAGs
[2024-07-27T22:12:39.575+0000] {logging_mixin.py:188} INFO - [2024-07-27T22:12:39.575+0000] {dag.py:3947} INFO - Setting next_dagrun for example_branch_operator to 2024-07-26 00:00:00+00:00, run_after=2024-07-27 00:00:00+00:00
[2024-07-27T22:12:39.583+0000] {processor.py:183} INFO - Processing /home/airflow/.local/lib/python3.12/site-packages/airflow/example_dags/example_branch_operator.py took 0.062 seconds
[2024-07-27T22:13:09.730+0000] {processor.py:161} INFO - Started process (PID=8870) to work on /home/airflow/.local/lib/python3.12/site-packages/airflow/example_dags/example_branch_operator.py
[2024-07-27T22:13:09.732+0000] {processor.py:830} INFO - Processing file /home/airflow/.local/lib/python3.12/site-packages/airflow/example_dags/example_branch_operator.py for tasks to queue
[2024-07-27T22:13:09.734+0000] {logging_mixin.py:188} INFO - [2024-07-27T22:13:09.734+0000] {dagbag.py:545} INFO - Filling up the DagBag from /home/airflow/.local/lib/python3.12/site-packages/airflow/example_dags/example_branch_operator.py
[2024-07-27T22:13:09.747+0000] {processor.py:840} INFO - DAG(s) 'example_branch_operator' retrieved from /home/airflow/.local/lib/python3.12/site-packages/airflow/example_dags/example_branch_operator.py
[2024-07-27T22:13:09.763+0000] {logging_mixin.py:188} INFO - [2024-07-27T22:13:09.763+0000] {dag.py:3089} INFO - Sync 1 DAGs
[2024-07-27T22:13:09.775+0000] {logging_mixin.py:188} INFO - [2024-07-27T22:13:09.775+0000] {dag.py:3947} INFO - Setting next_dagrun for example_branch_operator to 2024-07-26 00:00:00+00:00, run_after=2024-07-27 00:00:00+00:00
[2024-07-27T22:13:09.782+0000] {processor.py:183} INFO - Processing /home/airflow/.local/lib/python3.12/site-packages/airflow/example_dags/example_branch_operator.py took 0.060 seconds
[2024-07-27T22:13:39.966+0000] {processor.py:161} INFO - Started process (PID=9132) to work on /home/airflow/.local/lib/python3.12/site-packages/airflow/example_dags/example_branch_operator.py
[2024-07-27T22:13:39.967+0000] {processor.py:830} INFO - Processing file /home/airflow/.local/lib/python3.12/site-packages/airflow/example_dags/example_branch_operator.py for tasks to queue
[2024-07-27T22:13:39.969+0000] {logging_mixin.py:188} INFO - [2024-07-27T22:13:39.968+0000] {dagbag.py:545} INFO - Filling up the DagBag from /home/airflow/.local/lib/python3.12/site-packages/airflow/example_dags/example_branch_operator.py
[2024-07-27T22:13:39.980+0000] {processor.py:840} INFO - DAG(s) 'example_branch_operator' retrieved from /home/airflow/.local/lib/python3.12/site-packages/airflow/example_dags/example_branch_operator.py
[2024-07-27T22:13:39.996+0000] {logging_mixin.py:188} INFO - [2024-07-27T22:13:39.996+0000] {dag.py:3089} INFO - Sync 1 DAGs
[2024-07-27T22:13:40.009+0000] {logging_mixin.py:188} INFO - [2024-07-27T22:13:40.009+0000] {dag.py:3947} INFO - Setting next_dagrun for example_branch_operator to 2024-07-26 00:00:00+00:00, run_after=2024-07-27 00:00:00+00:00
[2024-07-27T22:13:40.019+0000] {processor.py:183} INFO - Processing /home/airflow/.local/lib/python3.12/site-packages/airflow/example_dags/example_branch_operator.py took 0.060 seconds
[2024-07-27T22:14:10.298+0000] {processor.py:161} INFO - Started process (PID=9394) to work on /home/airflow/.local/lib/python3.12/site-packages/airflow/example_dags/example_branch_operator.py
[2024-07-27T22:14:10.300+0000] {processor.py:830} INFO - Processing file /home/airflow/.local/lib/python3.12/site-packages/airflow/example_dags/example_branch_operator.py for tasks to queue
[2024-07-27T22:14:10.302+0000] {logging_mixin.py:188} INFO - [2024-07-27T22:14:10.301+0000] {dagbag.py:545} INFO - Filling up the DagBag from /home/airflow/.local/lib/python3.12/site-packages/airflow/example_dags/example_branch_operator.py
[2024-07-27T22:14:10.318+0000] {processor.py:840} INFO - DAG(s) 'example_branch_operator' retrieved from /home/airflow/.local/lib/python3.12/site-packages/airflow/example_dags/example_branch_operator.py
[2024-07-27T22:14:10.337+0000] {logging_mixin.py:188} INFO - [2024-07-27T22:14:10.336+0000] {dag.py:3089} INFO - Sync 1 DAGs
[2024-07-27T22:14:10.350+0000] {logging_mixin.py:188} INFO - [2024-07-27T22:14:10.350+0000] {dag.py:3947} INFO - Setting next_dagrun for example_branch_operator to 2024-07-26 00:00:00+00:00, run_after=2024-07-27 00:00:00+00:00
[2024-07-27T22:14:10.358+0000] {processor.py:183} INFO - Processing /home/airflow/.local/lib/python3.12/site-packages/airflow/example_dags/example_branch_operator.py took 0.066 seconds
[2024-07-27T22:14:40.812+0000] {processor.py:161} INFO - Started process (PID=9655) to work on /home/airflow/.local/lib/python3.12/site-packages/airflow/example_dags/example_branch_operator.py
[2024-07-27T22:14:40.813+0000] {processor.py:830} INFO - Processing file /home/airflow/.local/lib/python3.12/site-packages/airflow/example_dags/example_branch_operator.py for tasks to queue
[2024-07-27T22:14:40.814+0000] {logging_mixin.py:188} INFO - [2024-07-27T22:14:40.814+0000] {dagbag.py:545} INFO - Filling up the DagBag from /home/airflow/.local/lib/python3.12/site-packages/airflow/example_dags/example_branch_operator.py
[2024-07-27T22:14:40.826+0000] {processor.py:840} INFO - DAG(s) 'example_branch_operator' retrieved from /home/airflow/.local/lib/python3.12/site-packages/airflow/example_dags/example_branch_operator.py
[2024-07-27T22:14:40.841+0000] {logging_mixin.py:188} INFO - [2024-07-27T22:14:40.841+0000] {dag.py:3089} INFO - Sync 1 DAGs
[2024-07-27T22:14:40.855+0000] {logging_mixin.py:188} INFO - [2024-07-27T22:14:40.855+0000] {dag.py:3947} INFO - Setting next_dagrun for example_branch_operator to 2024-07-26 00:00:00+00:00, run_after=2024-07-27 00:00:00+00:00
[2024-07-27T22:14:40.863+0000] {processor.py:183} INFO - Processing /home/airflow/.local/lib/python3.12/site-packages/airflow/example_dags/example_branch_operator.py took 0.056 seconds
[2024-07-27T22:15:11.159+0000] {processor.py:161} INFO - Started process (PID=9917) to work on /home/airflow/.local/lib/python3.12/site-packages/airflow/example_dags/example_branch_operator.py
[2024-07-27T22:15:11.160+0000] {processor.py:830} INFO - Processing file /home/airflow/.local/lib/python3.12/site-packages/airflow/example_dags/example_branch_operator.py for tasks to queue
[2024-07-27T22:15:11.163+0000] {logging_mixin.py:188} INFO - [2024-07-27T22:15:11.163+0000] {dagbag.py:545} INFO - Filling up the DagBag from /home/airflow/.local/lib/python3.12/site-packages/airflow/example_dags/example_branch_operator.py
[2024-07-27T22:15:11.178+0000] {processor.py:840} INFO - DAG(s) 'example_branch_operator' retrieved from /home/airflow/.local/lib/python3.12/site-packages/airflow/example_dags/example_branch_operator.py
[2024-07-27T22:15:11.194+0000] {logging_mixin.py:188} INFO - [2024-07-27T22:15:11.194+0000] {dag.py:3089} INFO - Sync 1 DAGs
[2024-07-27T22:15:11.208+0000] {logging_mixin.py:188} INFO - [2024-07-27T22:15:11.208+0000] {dag.py:3947} INFO - Setting next_dagrun for example_branch_operator to 2024-07-26 00:00:00+00:00, run_after=2024-07-27 00:00:00+00:00
[2024-07-27T22:15:11.222+0000] {processor.py:183} INFO - Processing /home/airflow/.local/lib/python3.12/site-packages/airflow/example_dags/example_branch_operator.py took 0.076 seconds
[2024-07-27T22:15:41.373+0000] {processor.py:161} INFO - Started process (PID=10182) to work on /home/airflow/.local/lib/python3.12/site-packages/airflow/example_dags/example_branch_operator.py
[2024-07-27T22:15:41.374+0000] {processor.py:830} INFO - Processing file /home/airflow/.local/lib/python3.12/site-packages/airflow/example_dags/example_branch_operator.py for tasks to queue
[2024-07-27T22:15:41.376+0000] {logging_mixin.py:188} INFO - [2024-07-27T22:15:41.375+0000] {dagbag.py:545} INFO - Filling up the DagBag from /home/airflow/.local/lib/python3.12/site-packages/airflow/example_dags/example_branch_operator.py
[2024-07-27T22:15:41.390+0000] {processor.py:840} INFO - DAG(s) 'example_branch_operator' retrieved from /home/airflow/.local/lib/python3.12/site-packages/airflow/example_dags/example_branch_operator.py
[2024-07-27T22:15:41.411+0000] {logging_mixin.py:188} INFO - [2024-07-27T22:15:41.411+0000] {dag.py:3089} INFO - Sync 1 DAGs
[2024-07-27T22:15:41.424+0000] {logging_mixin.py:188} INFO - [2024-07-27T22:15:41.423+0000] {dag.py:3947} INFO - Setting next_dagrun for example_branch_operator to 2024-07-26 00:00:00+00:00, run_after=2024-07-27 00:00:00+00:00
[2024-07-27T22:15:41.433+0000] {processor.py:183} INFO - Processing /home/airflow/.local/lib/python3.12/site-packages/airflow/example_dags/example_branch_operator.py took 0.064 seconds
[2024-07-27T22:16:12.084+0000] {processor.py:161} INFO - Started process (PID=10449) to work on /home/airflow/.local/lib/python3.12/site-packages/airflow/example_dags/example_branch_operator.py
[2024-07-27T22:16:12.085+0000] {processor.py:830} INFO - Processing file /home/airflow/.local/lib/python3.12/site-packages/airflow/example_dags/example_branch_operator.py for tasks to queue
[2024-07-27T22:16:12.086+0000] {logging_mixin.py:188} INFO - [2024-07-27T22:16:12.086+0000] {dagbag.py:545} INFO - Filling up the DagBag from /home/airflow/.local/lib/python3.12/site-packages/airflow/example_dags/example_branch_operator.py
[2024-07-27T22:16:12.097+0000] {processor.py:840} INFO - DAG(s) 'example_branch_operator' retrieved from /home/airflow/.local/lib/python3.12/site-packages/airflow/example_dags/example_branch_operator.py
[2024-07-27T22:16:12.115+0000] {logging_mixin.py:188} INFO - [2024-07-27T22:16:12.115+0000] {dag.py:3089} INFO - Sync 1 DAGs
[2024-07-27T22:16:12.260+0000] {logging_mixin.py:188} INFO - [2024-07-27T22:16:12.260+0000] {dag.py:3947} INFO - Setting next_dagrun for example_branch_operator to 2024-07-26 00:00:00+00:00, run_after=2024-07-27 00:00:00+00:00
[2024-07-27T22:16:12.268+0000] {processor.py:183} INFO - Processing /home/airflow/.local/lib/python3.12/site-packages/airflow/example_dags/example_branch_operator.py took 0.188 seconds
[2024-07-27T22:16:43.199+0000] {processor.py:161} INFO - Started process (PID=10713) to work on /home/airflow/.local/lib/python3.12/site-packages/airflow/example_dags/example_branch_operator.py
[2024-07-27T22:16:43.202+0000] {processor.py:830} INFO - Processing file /home/airflow/.local/lib/python3.12/site-packages/airflow/example_dags/example_branch_operator.py for tasks to queue
[2024-07-27T22:16:43.205+0000] {logging_mixin.py:188} INFO - [2024-07-27T22:16:43.204+0000] {dagbag.py:545} INFO - Filling up the DagBag from /home/airflow/.local/lib/python3.12/site-packages/airflow/example_dags/example_branch_operator.py
[2024-07-27T22:16:43.226+0000] {processor.py:840} INFO - DAG(s) 'example_branch_operator' retrieved from /home/airflow/.local/lib/python3.12/site-packages/airflow/example_dags/example_branch_operator.py
[2024-07-27T22:16:43.247+0000] {logging_mixin.py:188} INFO - [2024-07-27T22:16:43.246+0000] {dag.py:3089} INFO - Sync 1 DAGs
[2024-07-27T22:16:43.262+0000] {logging_mixin.py:188} INFO - [2024-07-27T22:16:43.262+0000] {dag.py:3947} INFO - Setting next_dagrun for example_branch_operator to 2024-07-26 00:00:00+00:00, run_after=2024-07-27 00:00:00+00:00
[2024-07-27T22:16:43.277+0000] {processor.py:183} INFO - Processing /home/airflow/.local/lib/python3.12/site-packages/airflow/example_dags/example_branch_operator.py took 0.087 seconds
[2024-07-27T22:17:13.705+0000] {processor.py:161} INFO - Started process (PID=10975) to work on /home/airflow/.local/lib/python3.12/site-packages/airflow/example_dags/example_branch_operator.py
[2024-07-27T22:17:13.707+0000] {processor.py:830} INFO - Processing file /home/airflow/.local/lib/python3.12/site-packages/airflow/example_dags/example_branch_operator.py for tasks to queue
[2024-07-27T22:17:13.709+0000] {logging_mixin.py:188} INFO - [2024-07-27T22:17:13.708+0000] {dagbag.py:545} INFO - Filling up the DagBag from /home/airflow/.local/lib/python3.12/site-packages/airflow/example_dags/example_branch_operator.py
[2024-07-27T22:17:13.723+0000] {processor.py:840} INFO - DAG(s) 'example_branch_operator' retrieved from /home/airflow/.local/lib/python3.12/site-packages/airflow/example_dags/example_branch_operator.py
[2024-07-27T22:17:13.743+0000] {logging_mixin.py:188} INFO - [2024-07-27T22:17:13.743+0000] {dag.py:3089} INFO - Sync 1 DAGs
[2024-07-27T22:17:13.758+0000] {logging_mixin.py:188} INFO - [2024-07-27T22:17:13.758+0000] {dag.py:3947} INFO - Setting next_dagrun for example_branch_operator to 2024-07-26 00:00:00+00:00, run_after=2024-07-27 00:00:00+00:00
[2024-07-27T22:17:13.769+0000] {processor.py:183} INFO - Processing /home/airflow/.local/lib/python3.12/site-packages/airflow/example_dags/example_branch_operator.py took 0.069 seconds
[2024-07-27T22:17:44.551+0000] {processor.py:161} INFO - Started process (PID=11237) to work on /home/airflow/.local/lib/python3.12/site-packages/airflow/example_dags/example_branch_operator.py
[2024-07-27T22:17:44.553+0000] {processor.py:830} INFO - Processing file /home/airflow/.local/lib/python3.12/site-packages/airflow/example_dags/example_branch_operator.py for tasks to queue
[2024-07-27T22:17:44.554+0000] {logging_mixin.py:188} INFO - [2024-07-27T22:17:44.554+0000] {dagbag.py:545} INFO - Filling up the DagBag from /home/airflow/.local/lib/python3.12/site-packages/airflow/example_dags/example_branch_operator.py
[2024-07-27T22:17:44.564+0000] {processor.py:840} INFO - DAG(s) 'example_branch_operator' retrieved from /home/airflow/.local/lib/python3.12/site-packages/airflow/example_dags/example_branch_operator.py
[2024-07-27T22:17:44.678+0000] {logging_mixin.py:188} INFO - [2024-07-27T22:17:44.678+0000] {dag.py:3089} INFO - Sync 1 DAGs
[2024-07-27T22:17:44.690+0000] {logging_mixin.py:188} INFO - [2024-07-27T22:17:44.690+0000] {dag.py:3947} INFO - Setting next_dagrun for example_branch_operator to 2024-07-26 00:00:00+00:00, run_after=2024-07-27 00:00:00+00:00
[2024-07-27T22:17:44.698+0000] {processor.py:183} INFO - Processing /home/airflow/.local/lib/python3.12/site-packages/airflow/example_dags/example_branch_operator.py took 0.155 seconds
[2024-07-27T22:18:15.687+0000] {processor.py:161} INFO - Started process (PID=11499) to work on /home/airflow/.local/lib/python3.12/site-packages/airflow/example_dags/example_branch_operator.py
[2024-07-27T22:18:15.689+0000] {processor.py:830} INFO - Processing file /home/airflow/.local/lib/python3.12/site-packages/airflow/example_dags/example_branch_operator.py for tasks to queue
[2024-07-27T22:18:15.692+0000] {logging_mixin.py:188} INFO - [2024-07-27T22:18:15.691+0000] {dagbag.py:545} INFO - Filling up the DagBag from /home/airflow/.local/lib/python3.12/site-packages/airflow/example_dags/example_branch_operator.py
[2024-07-27T22:18:15.723+0000] {processor.py:840} INFO - DAG(s) 'example_branch_operator' retrieved from /home/airflow/.local/lib/python3.12/site-packages/airflow/example_dags/example_branch_operator.py
[2024-07-27T22:18:15.759+0000] {logging_mixin.py:188} INFO - [2024-07-27T22:18:15.759+0000] {dag.py:3089} INFO - Sync 1 DAGs
[2024-07-27T22:18:15.776+0000] {logging_mixin.py:188} INFO - [2024-07-27T22:18:15.776+0000] {dag.py:3947} INFO - Setting next_dagrun for example_branch_operator to 2024-07-26 00:00:00+00:00, run_after=2024-07-27 00:00:00+00:00
[2024-07-27T22:18:15.791+0000] {processor.py:183} INFO - Processing /home/airflow/.local/lib/python3.12/site-packages/airflow/example_dags/example_branch_operator.py took 0.113 seconds
[2024-07-27T22:18:46.816+0000] {processor.py:161} INFO - Started process (PID=11761) to work on /home/airflow/.local/lib/python3.12/site-packages/airflow/example_dags/example_branch_operator.py
[2024-07-27T22:18:46.819+0000] {processor.py:830} INFO - Processing file /home/airflow/.local/lib/python3.12/site-packages/airflow/example_dags/example_branch_operator.py for tasks to queue
[2024-07-27T22:18:46.822+0000] {logging_mixin.py:188} INFO - [2024-07-27T22:18:46.822+0000] {dagbag.py:545} INFO - Filling up the DagBag from /home/airflow/.local/lib/python3.12/site-packages/airflow/example_dags/example_branch_operator.py
[2024-07-27T22:18:46.841+0000] {processor.py:840} INFO - DAG(s) 'example_branch_operator' retrieved from /home/airflow/.local/lib/python3.12/site-packages/airflow/example_dags/example_branch_operator.py
[2024-07-27T22:18:46.863+0000] {logging_mixin.py:188} INFO - [2024-07-27T22:18:46.862+0000] {dag.py:3089} INFO - Sync 1 DAGs
[2024-07-27T22:18:46.878+0000] {logging_mixin.py:188} INFO - [2024-07-27T22:18:46.878+0000] {dag.py:3947} INFO - Setting next_dagrun for example_branch_operator to 2024-07-26 00:00:00+00:00, run_after=2024-07-27 00:00:00+00:00
[2024-07-27T22:18:46.888+0000] {processor.py:183} INFO - Processing /home/airflow/.local/lib/python3.12/site-packages/airflow/example_dags/example_branch_operator.py took 0.105 seconds
[2024-07-27T22:19:17.293+0000] {processor.py:161} INFO - Started process (PID=12023) to work on /home/airflow/.local/lib/python3.12/site-packages/airflow/example_dags/example_branch_operator.py
[2024-07-27T22:19:17.294+0000] {processor.py:830} INFO - Processing file /home/airflow/.local/lib/python3.12/site-packages/airflow/example_dags/example_branch_operator.py for tasks to queue
[2024-07-27T22:19:17.297+0000] {logging_mixin.py:188} INFO - [2024-07-27T22:19:17.296+0000] {dagbag.py:545} INFO - Filling up the DagBag from /home/airflow/.local/lib/python3.12/site-packages/airflow/example_dags/example_branch_operator.py
[2024-07-27T22:19:17.313+0000] {processor.py:840} INFO - DAG(s) 'example_branch_operator' retrieved from /home/airflow/.local/lib/python3.12/site-packages/airflow/example_dags/example_branch_operator.py
[2024-07-27T22:19:17.334+0000] {logging_mixin.py:188} INFO - [2024-07-27T22:19:17.334+0000] {dag.py:3089} INFO - Sync 1 DAGs
[2024-07-27T22:19:17.349+0000] {logging_mixin.py:188} INFO - [2024-07-27T22:19:17.349+0000] {dag.py:3947} INFO - Setting next_dagrun for example_branch_operator to 2024-07-26 00:00:00+00:00, run_after=2024-07-27 00:00:00+00:00
[2024-07-27T22:19:17.359+0000] {processor.py:183} INFO - Processing /home/airflow/.local/lib/python3.12/site-packages/airflow/example_dags/example_branch_operator.py took 0.075 seconds
[2024-07-27T22:19:47.501+0000] {processor.py:161} INFO - Started process (PID=12285) to work on /home/airflow/.local/lib/python3.12/site-packages/airflow/example_dags/example_branch_operator.py
[2024-07-27T22:19:47.503+0000] {processor.py:830} INFO - Processing file /home/airflow/.local/lib/python3.12/site-packages/airflow/example_dags/example_branch_operator.py for tasks to queue
[2024-07-27T22:19:47.506+0000] {logging_mixin.py:188} INFO - [2024-07-27T22:19:47.505+0000] {dagbag.py:545} INFO - Filling up the DagBag from /home/airflow/.local/lib/python3.12/site-packages/airflow/example_dags/example_branch_operator.py
[2024-07-27T22:19:47.525+0000] {processor.py:840} INFO - DAG(s) 'example_branch_operator' retrieved from /home/airflow/.local/lib/python3.12/site-packages/airflow/example_dags/example_branch_operator.py
[2024-07-27T22:19:47.540+0000] {logging_mixin.py:188} INFO - [2024-07-27T22:19:47.539+0000] {dag.py:3089} INFO - Sync 1 DAGs
[2024-07-27T22:19:47.551+0000] {logging_mixin.py:188} INFO - [2024-07-27T22:19:47.550+0000] {dag.py:3947} INFO - Setting next_dagrun for example_branch_operator to 2024-07-26 00:00:00+00:00, run_after=2024-07-27 00:00:00+00:00
[2024-07-27T22:19:47.560+0000] {processor.py:183} INFO - Processing /home/airflow/.local/lib/python3.12/site-packages/airflow/example_dags/example_branch_operator.py took 0.071 seconds
[2024-07-27T22:20:18.025+0000] {processor.py:161} INFO - Started process (PID=12552) to work on /home/airflow/.local/lib/python3.12/site-packages/airflow/example_dags/example_branch_operator.py
[2024-07-27T22:20:18.027+0000] {processor.py:830} INFO - Processing file /home/airflow/.local/lib/python3.12/site-packages/airflow/example_dags/example_branch_operator.py for tasks to queue
[2024-07-27T22:20:18.030+0000] {logging_mixin.py:188} INFO - [2024-07-27T22:20:18.030+0000] {dagbag.py:545} INFO - Filling up the DagBag from /home/airflow/.local/lib/python3.12/site-packages/airflow/example_dags/example_branch_operator.py
[2024-07-27T22:20:18.047+0000] {processor.py:840} INFO - DAG(s) 'example_branch_operator' retrieved from /home/airflow/.local/lib/python3.12/site-packages/airflow/example_dags/example_branch_operator.py
[2024-07-27T22:20:18.066+0000] {logging_mixin.py:188} INFO - [2024-07-27T22:20:18.066+0000] {dag.py:3089} INFO - Sync 1 DAGs
[2024-07-27T22:20:18.078+0000] {logging_mixin.py:188} INFO - [2024-07-27T22:20:18.078+0000] {dag.py:3947} INFO - Setting next_dagrun for example_branch_operator to 2024-07-26 00:00:00+00:00, run_after=2024-07-27 00:00:00+00:00
[2024-07-27T22:20:18.089+0000] {processor.py:183} INFO - Processing /home/airflow/.local/lib/python3.12/site-packages/airflow/example_dags/example_branch_operator.py took 0.074 seconds
[2024-07-27T22:20:48.511+0000] {processor.py:161} INFO - Started process (PID=12819) to work on /home/airflow/.local/lib/python3.12/site-packages/airflow/example_dags/example_branch_operator.py
[2024-07-27T22:20:48.513+0000] {processor.py:830} INFO - Processing file /home/airflow/.local/lib/python3.12/site-packages/airflow/example_dags/example_branch_operator.py for tasks to queue
[2024-07-27T22:20:48.517+0000] {logging_mixin.py:188} INFO - [2024-07-27T22:20:48.516+0000] {dagbag.py:545} INFO - Filling up the DagBag from /home/airflow/.local/lib/python3.12/site-packages/airflow/example_dags/example_branch_operator.py
[2024-07-27T22:20:48.539+0000] {processor.py:840} INFO - DAG(s) 'example_branch_operator' retrieved from /home/airflow/.local/lib/python3.12/site-packages/airflow/example_dags/example_branch_operator.py
[2024-07-27T22:20:48.560+0000] {logging_mixin.py:188} INFO - [2024-07-27T22:20:48.560+0000] {dag.py:3089} INFO - Sync 1 DAGs
[2024-07-27T22:20:48.575+0000] {logging_mixin.py:188} INFO - [2024-07-27T22:20:48.575+0000] {dag.py:3947} INFO - Setting next_dagrun for example_branch_operator to 2024-07-26 00:00:00+00:00, run_after=2024-07-27 00:00:00+00:00
[2024-07-27T22:20:48.584+0000] {processor.py:183} INFO - Processing /home/airflow/.local/lib/python3.12/site-packages/airflow/example_dags/example_branch_operator.py took 0.086 seconds
[2024-07-27T22:21:18.888+0000] {processor.py:161} INFO - Started process (PID=13086) to work on /home/airflow/.local/lib/python3.12/site-packages/airflow/example_dags/example_branch_operator.py
[2024-07-27T22:21:18.890+0000] {processor.py:830} INFO - Processing file /home/airflow/.local/lib/python3.12/site-packages/airflow/example_dags/example_branch_operator.py for tasks to queue
[2024-07-27T22:21:18.892+0000] {logging_mixin.py:188} INFO - [2024-07-27T22:21:18.892+0000] {dagbag.py:545} INFO - Filling up the DagBag from /home/airflow/.local/lib/python3.12/site-packages/airflow/example_dags/example_branch_operator.py
[2024-07-27T22:21:18.908+0000] {processor.py:840} INFO - DAG(s) 'example_branch_operator' retrieved from /home/airflow/.local/lib/python3.12/site-packages/airflow/example_dags/example_branch_operator.py
[2024-07-27T22:21:18.929+0000] {logging_mixin.py:188} INFO - [2024-07-27T22:21:18.929+0000] {dag.py:3089} INFO - Sync 1 DAGs
[2024-07-27T22:21:18.952+0000] {logging_mixin.py:188} INFO - [2024-07-27T22:21:18.952+0000] {dag.py:3947} INFO - Setting next_dagrun for example_branch_operator to 2024-07-26 00:00:00+00:00, run_after=2024-07-27 00:00:00+00:00
[2024-07-27T22:21:18.968+0000] {processor.py:183} INFO - Processing /home/airflow/.local/lib/python3.12/site-packages/airflow/example_dags/example_branch_operator.py took 0.087 seconds
[2024-07-27T22:21:49.259+0000] {processor.py:161} INFO - Started process (PID=13358) to work on /home/airflow/.local/lib/python3.12/site-packages/airflow/example_dags/example_branch_operator.py
[2024-07-27T22:21:49.267+0000] {processor.py:830} INFO - Processing file /home/airflow/.local/lib/python3.12/site-packages/airflow/example_dags/example_branch_operator.py for tasks to queue
[2024-07-27T22:21:49.272+0000] {logging_mixin.py:188} INFO - [2024-07-27T22:21:49.271+0000] {dagbag.py:545} INFO - Filling up the DagBag from /home/airflow/.local/lib/python3.12/site-packages/airflow/example_dags/example_branch_operator.py
[2024-07-27T22:21:49.295+0000] {processor.py:840} INFO - DAG(s) 'example_branch_operator' retrieved from /home/airflow/.local/lib/python3.12/site-packages/airflow/example_dags/example_branch_operator.py
[2024-07-27T22:21:49.327+0000] {logging_mixin.py:188} INFO - [2024-07-27T22:21:49.327+0000] {dag.py:3089} INFO - Sync 1 DAGs
[2024-07-27T22:21:49.347+0000] {logging_mixin.py:188} INFO - [2024-07-27T22:21:49.347+0000] {dag.py:3947} INFO - Setting next_dagrun for example_branch_operator to 2024-07-26 00:00:00+00:00, run_after=2024-07-27 00:00:00+00:00
[2024-07-27T22:21:49.359+0000] {processor.py:183} INFO - Processing /home/airflow/.local/lib/python3.12/site-packages/airflow/example_dags/example_branch_operator.py took 0.134 seconds
[2024-07-27T22:22:19.632+0000] {processor.py:161} INFO - Started process (PID=13625) to work on /home/airflow/.local/lib/python3.12/site-packages/airflow/example_dags/example_branch_operator.py
[2024-07-27T22:22:19.633+0000] {processor.py:830} INFO - Processing file /home/airflow/.local/lib/python3.12/site-packages/airflow/example_dags/example_branch_operator.py for tasks to queue
[2024-07-27T22:22:19.635+0000] {logging_mixin.py:188} INFO - [2024-07-27T22:22:19.635+0000] {dagbag.py:545} INFO - Filling up the DagBag from /home/airflow/.local/lib/python3.12/site-packages/airflow/example_dags/example_branch_operator.py
[2024-07-27T22:22:19.651+0000] {processor.py:840} INFO - DAG(s) 'example_branch_operator' retrieved from /home/airflow/.local/lib/python3.12/site-packages/airflow/example_dags/example_branch_operator.py
[2024-07-27T22:22:19.668+0000] {logging_mixin.py:188} INFO - [2024-07-27T22:22:19.667+0000] {dag.py:3089} INFO - Sync 1 DAGs
[2024-07-27T22:22:19.681+0000] {logging_mixin.py:188} INFO - [2024-07-27T22:22:19.681+0000] {dag.py:3947} INFO - Setting next_dagrun for example_branch_operator to 2024-07-26 00:00:00+00:00, run_after=2024-07-27 00:00:00+00:00
[2024-07-27T22:22:19.691+0000] {processor.py:183} INFO - Processing /home/airflow/.local/lib/python3.12/site-packages/airflow/example_dags/example_branch_operator.py took 0.072 seconds
[2024-07-27T22:22:50.067+0000] {processor.py:161} INFO - Started process (PID=13892) to work on /home/airflow/.local/lib/python3.12/site-packages/airflow/example_dags/example_branch_operator.py
[2024-07-27T22:22:50.068+0000] {processor.py:830} INFO - Processing file /home/airflow/.local/lib/python3.12/site-packages/airflow/example_dags/example_branch_operator.py for tasks to queue
[2024-07-27T22:22:50.071+0000] {logging_mixin.py:188} INFO - [2024-07-27T22:22:50.070+0000] {dagbag.py:545} INFO - Filling up the DagBag from /home/airflow/.local/lib/python3.12/site-packages/airflow/example_dags/example_branch_operator.py
[2024-07-27T22:22:50.103+0000] {processor.py:840} INFO - DAG(s) 'example_branch_operator' retrieved from /home/airflow/.local/lib/python3.12/site-packages/airflow/example_dags/example_branch_operator.py
[2024-07-27T22:22:50.135+0000] {logging_mixin.py:188} INFO - [2024-07-27T22:22:50.135+0000] {dag.py:3089} INFO - Sync 1 DAGs
[2024-07-27T22:22:50.152+0000] {logging_mixin.py:188} INFO - [2024-07-27T22:22:50.152+0000] {dag.py:3947} INFO - Setting next_dagrun for example_branch_operator to 2024-07-26 00:00:00+00:00, run_after=2024-07-27 00:00:00+00:00
[2024-07-27T22:22:50.165+0000] {processor.py:183} INFO - Processing /home/airflow/.local/lib/python3.12/site-packages/airflow/example_dags/example_branch_operator.py took 0.107 seconds
[2024-07-27T22:23:20.567+0000] {processor.py:161} INFO - Started process (PID=14180) to work on /home/airflow/.local/lib/python3.12/site-packages/airflow/example_dags/example_branch_operator.py
[2024-07-27T22:23:20.569+0000] {processor.py:830} INFO - Processing file /home/airflow/.local/lib/python3.12/site-packages/airflow/example_dags/example_branch_operator.py for tasks to queue
[2024-07-27T22:23:20.572+0000] {logging_mixin.py:188} INFO - [2024-07-27T22:23:20.571+0000] {dagbag.py:545} INFO - Filling up the DagBag from /home/airflow/.local/lib/python3.12/site-packages/airflow/example_dags/example_branch_operator.py
[2024-07-27T22:23:20.590+0000] {processor.py:840} INFO - DAG(s) 'example_branch_operator' retrieved from /home/airflow/.local/lib/python3.12/site-packages/airflow/example_dags/example_branch_operator.py
[2024-07-27T22:23:20.619+0000] {logging_mixin.py:188} INFO - [2024-07-27T22:23:20.619+0000] {dag.py:3089} INFO - Sync 1 DAGs
[2024-07-27T22:23:20.638+0000] {logging_mixin.py:188} INFO - [2024-07-27T22:23:20.637+0000] {dag.py:3947} INFO - Setting next_dagrun for example_branch_operator to 2024-07-26 00:00:00+00:00, run_after=2024-07-27 00:00:00+00:00
[2024-07-27T22:23:20.685+0000] {processor.py:183} INFO - Processing /home/airflow/.local/lib/python3.12/site-packages/airflow/example_dags/example_branch_operator.py took 0.126 seconds
[2024-07-27T22:23:51.010+0000] {processor.py:161} INFO - Started process (PID=14447) to work on /home/airflow/.local/lib/python3.12/site-packages/airflow/example_dags/example_branch_operator.py
[2024-07-27T22:23:51.014+0000] {processor.py:830} INFO - Processing file /home/airflow/.local/lib/python3.12/site-packages/airflow/example_dags/example_branch_operator.py for tasks to queue
[2024-07-27T22:23:51.018+0000] {logging_mixin.py:188} INFO - [2024-07-27T22:23:51.017+0000] {dagbag.py:545} INFO - Filling up the DagBag from /home/airflow/.local/lib/python3.12/site-packages/airflow/example_dags/example_branch_operator.py
[2024-07-27T22:23:51.064+0000] {processor.py:840} INFO - DAG(s) 'example_branch_operator' retrieved from /home/airflow/.local/lib/python3.12/site-packages/airflow/example_dags/example_branch_operator.py
[2024-07-27T22:23:51.092+0000] {logging_mixin.py:188} INFO - [2024-07-27T22:23:51.092+0000] {dag.py:3089} INFO - Sync 1 DAGs
[2024-07-27T22:23:51.110+0000] {logging_mixin.py:188} INFO - [2024-07-27T22:23:51.110+0000] {dag.py:3947} INFO - Setting next_dagrun for example_branch_operator to 2024-07-26 00:00:00+00:00, run_after=2024-07-27 00:00:00+00:00
[2024-07-27T22:23:51.122+0000] {processor.py:183} INFO - Processing /home/airflow/.local/lib/python3.12/site-packages/airflow/example_dags/example_branch_operator.py took 0.125 seconds
[2024-07-27T22:24:22.164+0000] {processor.py:161} INFO - Started process (PID=14714) to work on /home/airflow/.local/lib/python3.12/site-packages/airflow/example_dags/example_branch_operator.py
[2024-07-27T22:24:22.166+0000] {processor.py:830} INFO - Processing file /home/airflow/.local/lib/python3.12/site-packages/airflow/example_dags/example_branch_operator.py for tasks to queue
[2024-07-27T22:24:22.170+0000] {logging_mixin.py:188} INFO - [2024-07-27T22:24:22.169+0000] {dagbag.py:545} INFO - Filling up the DagBag from /home/airflow/.local/lib/python3.12/site-packages/airflow/example_dags/example_branch_operator.py
[2024-07-27T22:24:22.198+0000] {processor.py:840} INFO - DAG(s) 'example_branch_operator' retrieved from /home/airflow/.local/lib/python3.12/site-packages/airflow/example_dags/example_branch_operator.py
[2024-07-27T22:24:22.217+0000] {logging_mixin.py:188} INFO - [2024-07-27T22:24:22.217+0000] {dag.py:3089} INFO - Sync 1 DAGs
[2024-07-27T22:24:22.233+0000] {logging_mixin.py:188} INFO - [2024-07-27T22:24:22.233+0000] {dag.py:3947} INFO - Setting next_dagrun for example_branch_operator to 2024-07-26 00:00:00+00:00, run_after=2024-07-27 00:00:00+00:00
[2024-07-27T22:24:22.243+0000] {processor.py:183} INFO - Processing /home/airflow/.local/lib/python3.12/site-packages/airflow/example_dags/example_branch_operator.py took 0.088 seconds
[2024-07-27T22:24:52.370+0000] {processor.py:161} INFO - Started process (PID=14981) to work on /home/airflow/.local/lib/python3.12/site-packages/airflow/example_dags/example_branch_operator.py
[2024-07-27T22:24:52.371+0000] {processor.py:830} INFO - Processing file /home/airflow/.local/lib/python3.12/site-packages/airflow/example_dags/example_branch_operator.py for tasks to queue
[2024-07-27T22:24:52.373+0000] {logging_mixin.py:188} INFO - [2024-07-27T22:24:52.373+0000] {dagbag.py:545} INFO - Filling up the DagBag from /home/airflow/.local/lib/python3.12/site-packages/airflow/example_dags/example_branch_operator.py
[2024-07-27T22:24:52.387+0000] {processor.py:840} INFO - DAG(s) 'example_branch_operator' retrieved from /home/airflow/.local/lib/python3.12/site-packages/airflow/example_dags/example_branch_operator.py
[2024-07-27T22:24:52.403+0000] {logging_mixin.py:188} INFO - [2024-07-27T22:24:52.403+0000] {dag.py:3089} INFO - Sync 1 DAGs
[2024-07-27T22:24:52.419+0000] {logging_mixin.py:188} INFO - [2024-07-27T22:24:52.418+0000] {dag.py:3947} INFO - Setting next_dagrun for example_branch_operator to 2024-07-26 00:00:00+00:00, run_after=2024-07-27 00:00:00+00:00
[2024-07-27T22:24:52.428+0000] {processor.py:183} INFO - Processing /home/airflow/.local/lib/python3.12/site-packages/airflow/example_dags/example_branch_operator.py took 0.066 seconds
[2024-07-27T22:25:22.651+0000] {processor.py:161} INFO - Started process (PID=15248) to work on /home/airflow/.local/lib/python3.12/site-packages/airflow/example_dags/example_branch_operator.py
[2024-07-27T22:25:22.653+0000] {processor.py:830} INFO - Processing file /home/airflow/.local/lib/python3.12/site-packages/airflow/example_dags/example_branch_operator.py for tasks to queue
[2024-07-27T22:25:22.656+0000] {logging_mixin.py:188} INFO - [2024-07-27T22:25:22.656+0000] {dagbag.py:545} INFO - Filling up the DagBag from /home/airflow/.local/lib/python3.12/site-packages/airflow/example_dags/example_branch_operator.py
[2024-07-27T22:25:22.675+0000] {processor.py:840} INFO - DAG(s) 'example_branch_operator' retrieved from /home/airflow/.local/lib/python3.12/site-packages/airflow/example_dags/example_branch_operator.py
[2024-07-27T22:25:22.700+0000] {logging_mixin.py:188} INFO - [2024-07-27T22:25:22.699+0000] {dag.py:3089} INFO - Sync 1 DAGs
[2024-07-27T22:25:22.733+0000] {logging_mixin.py:188} INFO - [2024-07-27T22:25:22.733+0000] {dag.py:3947} INFO - Setting next_dagrun for example_branch_operator to 2024-07-26 00:00:00+00:00, run_after=2024-07-27 00:00:00+00:00
[2024-07-27T22:25:22.748+0000] {processor.py:183} INFO - Processing /home/airflow/.local/lib/python3.12/site-packages/airflow/example_dags/example_branch_operator.py took 0.116 seconds
[2024-07-27T22:25:52.930+0000] {processor.py:161} INFO - Started process (PID=15515) to work on /home/airflow/.local/lib/python3.12/site-packages/airflow/example_dags/example_branch_operator.py
[2024-07-27T22:25:52.932+0000] {processor.py:830} INFO - Processing file /home/airflow/.local/lib/python3.12/site-packages/airflow/example_dags/example_branch_operator.py for tasks to queue
[2024-07-27T22:25:52.934+0000] {logging_mixin.py:188} INFO - [2024-07-27T22:25:52.934+0000] {dagbag.py:545} INFO - Filling up the DagBag from /home/airflow/.local/lib/python3.12/site-packages/airflow/example_dags/example_branch_operator.py
[2024-07-27T22:25:52.950+0000] {processor.py:840} INFO - DAG(s) 'example_branch_operator' retrieved from /home/airflow/.local/lib/python3.12/site-packages/airflow/example_dags/example_branch_operator.py
[2024-07-27T22:25:52.983+0000] {logging_mixin.py:188} INFO - [2024-07-27T22:25:52.983+0000] {dag.py:3089} INFO - Sync 1 DAGs
[2024-07-27T22:25:53.002+0000] {logging_mixin.py:188} INFO - [2024-07-27T22:25:53.001+0000] {dag.py:3947} INFO - Setting next_dagrun for example_branch_operator to 2024-07-26 00:00:00+00:00, run_after=2024-07-27 00:00:00+00:00
[2024-07-27T22:25:53.014+0000] {processor.py:183} INFO - Processing /home/airflow/.local/lib/python3.12/site-packages/airflow/example_dags/example_branch_operator.py took 0.091 seconds
[2024-07-27T22:26:23.505+0000] {processor.py:161} INFO - Started process (PID=15787) to work on /home/airflow/.local/lib/python3.12/site-packages/airflow/example_dags/example_branch_operator.py
[2024-07-27T22:26:23.509+0000] {processor.py:830} INFO - Processing file /home/airflow/.local/lib/python3.12/site-packages/airflow/example_dags/example_branch_operator.py for tasks to queue
[2024-07-27T22:26:23.512+0000] {logging_mixin.py:188} INFO - [2024-07-27T22:26:23.512+0000] {dagbag.py:545} INFO - Filling up the DagBag from /home/airflow/.local/lib/python3.12/site-packages/airflow/example_dags/example_branch_operator.py
[2024-07-27T22:26:23.536+0000] {processor.py:840} INFO - DAG(s) 'example_branch_operator' retrieved from /home/airflow/.local/lib/python3.12/site-packages/airflow/example_dags/example_branch_operator.py
[2024-07-27T22:26:23.579+0000] {logging_mixin.py:188} INFO - [2024-07-27T22:26:23.579+0000] {dag.py:3089} INFO - Sync 1 DAGs
[2024-07-27T22:26:23.596+0000] {logging_mixin.py:188} INFO - [2024-07-27T22:26:23.596+0000] {dag.py:3947} INFO - Setting next_dagrun for example_branch_operator to 2024-07-26 00:00:00+00:00, run_after=2024-07-27 00:00:00+00:00
[2024-07-27T22:26:23.612+0000] {processor.py:183} INFO - Processing /home/airflow/.local/lib/python3.12/site-packages/airflow/example_dags/example_branch_operator.py took 0.121 seconds
[2024-07-27T22:55:20.566+0000] {processor.py:161} INFO - Started process (PID=16040) to work on /home/airflow/.local/lib/python3.12/site-packages/airflow/example_dags/example_branch_operator.py
[2024-07-27T22:55:20.567+0000] {processor.py:830} INFO - Processing file /home/airflow/.local/lib/python3.12/site-packages/airflow/example_dags/example_branch_operator.py for tasks to queue
[2024-07-27T22:55:20.568+0000] {logging_mixin.py:188} INFO - [2024-07-27T22:55:20.568+0000] {dagbag.py:545} INFO - Filling up the DagBag from /home/airflow/.local/lib/python3.12/site-packages/airflow/example_dags/example_branch_operator.py
[2024-07-27T22:55:20.580+0000] {processor.py:840} INFO - DAG(s) 'example_branch_operator' retrieved from /home/airflow/.local/lib/python3.12/site-packages/airflow/example_dags/example_branch_operator.py
[2024-07-27T22:55:20.607+0000] {logging_mixin.py:188} INFO - [2024-07-27T22:55:20.607+0000] {dag.py:3089} INFO - Sync 1 DAGs
[2024-07-27T22:55:20.634+0000] {logging_mixin.py:188} INFO - [2024-07-27T22:55:20.634+0000] {dag.py:3947} INFO - Setting next_dagrun for example_branch_operator to 2024-07-26 00:00:00+00:00, run_after=2024-07-27 00:00:00+00:00
[2024-07-27T22:55:20.646+0000] {processor.py:183} INFO - Processing /home/airflow/.local/lib/python3.12/site-packages/airflow/example_dags/example_branch_operator.py took 0.084 seconds
[2024-07-27T22:55:50.910+0000] {processor.py:161} INFO - Started process (PID=16308) to work on /home/airflow/.local/lib/python3.12/site-packages/airflow/example_dags/example_branch_operator.py
[2024-07-27T22:55:50.911+0000] {processor.py:830} INFO - Processing file /home/airflow/.local/lib/python3.12/site-packages/airflow/example_dags/example_branch_operator.py for tasks to queue
[2024-07-27T22:55:50.912+0000] {logging_mixin.py:188} INFO - [2024-07-27T22:55:50.912+0000] {dagbag.py:545} INFO - Filling up the DagBag from /home/airflow/.local/lib/python3.12/site-packages/airflow/example_dags/example_branch_operator.py
[2024-07-27T22:55:50.920+0000] {processor.py:840} INFO - DAG(s) 'example_branch_operator' retrieved from /home/airflow/.local/lib/python3.12/site-packages/airflow/example_dags/example_branch_operator.py
[2024-07-27T22:55:50.935+0000] {logging_mixin.py:188} INFO - [2024-07-27T22:55:50.935+0000] {dag.py:3089} INFO - Sync 1 DAGs
[2024-07-27T22:55:50.956+0000] {logging_mixin.py:188} INFO - [2024-07-27T22:55:50.956+0000] {dag.py:3947} INFO - Setting next_dagrun for example_branch_operator to 2024-07-26 00:00:00+00:00, run_after=2024-07-27 00:00:00+00:00
[2024-07-27T22:55:50.994+0000] {processor.py:183} INFO - Processing /home/airflow/.local/lib/python3.12/site-packages/airflow/example_dags/example_branch_operator.py took 0.087 seconds
