[2024-07-27T20:14:06.893+0000] {processor.py:161} INFO - Started process (PID=175) to work on /home/airflow/.local/lib/python3.12/site-packages/airflow/example_dags/tutorial_taskflow_api.py
[2024-07-27T20:14:06.895+0000] {processor.py:830} INFO - Processing file /home/airflow/.local/lib/python3.12/site-packages/airflow/example_dags/tutorial_taskflow_api.py for tasks to queue
[2024-07-27T20:14:06.899+0000] {logging_mixin.py:188} INFO - [2024-07-27T20:14:06.899+0000] {dagbag.py:545} INFO - Filling up the DagBag from /home/airflow/.local/lib/python3.12/site-packages/airflow/example_dags/tutorial_taskflow_api.py
[2024-07-27T20:14:06.905+0000] {processor.py:840} INFO - DAG(s) 'tutorial_taskflow_api' retrieved from /home/airflow/.local/lib/python3.12/site-packages/airflow/example_dags/tutorial_taskflow_api.py
[2024-07-27T20:14:06.912+0000] {logging_mixin.py:188} INFO - [2024-07-27T20:14:06.912+0000] {dag.py:3089} INFO - Sync 1 DAGs
[2024-07-27T20:14:06.920+0000] {logging_mixin.py:188} INFO - [2024-07-27T20:14:06.919+0000] {dag.py:3947} INFO - Setting next_dagrun for tutorial_taskflow_api to None, run_after=None
[2024-07-27T20:14:06.933+0000] {processor.py:183} INFO - Processing /home/airflow/.local/lib/python3.12/site-packages/airflow/example_dags/tutorial_taskflow_api.py took 0.047 seconds
[2024-07-27T20:14:37.369+0000] {processor.py:161} INFO - Started process (PID=438) to work on /home/airflow/.local/lib/python3.12/site-packages/airflow/example_dags/tutorial_taskflow_api.py
[2024-07-27T20:14:37.371+0000] {processor.py:830} INFO - Processing file /home/airflow/.local/lib/python3.12/site-packages/airflow/example_dags/tutorial_taskflow_api.py for tasks to queue
[2024-07-27T20:14:37.372+0000] {logging_mixin.py:188} INFO - [2024-07-27T20:14:37.372+0000] {dagbag.py:545} INFO - Filling up the DagBag from /home/airflow/.local/lib/python3.12/site-packages/airflow/example_dags/tutorial_taskflow_api.py
[2024-07-27T20:14:37.376+0000] {processor.py:840} INFO - DAG(s) 'tutorial_taskflow_api' retrieved from /home/airflow/.local/lib/python3.12/site-packages/airflow/example_dags/tutorial_taskflow_api.py
[2024-07-27T20:14:37.423+0000] {logging_mixin.py:188} INFO - [2024-07-27T20:14:37.423+0000] {dag.py:3089} INFO - Sync 1 DAGs
[2024-07-27T20:14:37.427+0000] {logging_mixin.py:188} INFO - [2024-07-27T20:14:37.427+0000] {dag.py:3947} INFO - Setting next_dagrun for tutorial_taskflow_api to None, run_after=None
[2024-07-27T20:14:37.436+0000] {processor.py:183} INFO - Processing /home/airflow/.local/lib/python3.12/site-packages/airflow/example_dags/tutorial_taskflow_api.py took 0.070 seconds
[2024-07-27T20:15:07.984+0000] {processor.py:161} INFO - Started process (PID=698) to work on /home/airflow/.local/lib/python3.12/site-packages/airflow/example_dags/tutorial_taskflow_api.py
[2024-07-27T20:15:07.985+0000] {processor.py:830} INFO - Processing file /home/airflow/.local/lib/python3.12/site-packages/airflow/example_dags/tutorial_taskflow_api.py for tasks to queue
[2024-07-27T20:15:07.986+0000] {logging_mixin.py:188} INFO - [2024-07-27T20:15:07.986+0000] {dagbag.py:545} INFO - Filling up the DagBag from /home/airflow/.local/lib/python3.12/site-packages/airflow/example_dags/tutorial_taskflow_api.py
[2024-07-27T20:15:07.991+0000] {processor.py:840} INFO - DAG(s) 'tutorial_taskflow_api' retrieved from /home/airflow/.local/lib/python3.12/site-packages/airflow/example_dags/tutorial_taskflow_api.py
[2024-07-27T20:15:08.001+0000] {logging_mixin.py:188} INFO - [2024-07-27T20:15:08.001+0000] {dag.py:3089} INFO - Sync 1 DAGs
[2024-07-27T20:15:08.006+0000] {logging_mixin.py:188} INFO - [2024-07-27T20:15:08.006+0000] {dag.py:3947} INFO - Setting next_dagrun for tutorial_taskflow_api to None, run_after=None
[2024-07-27T20:15:08.015+0000] {processor.py:183} INFO - Processing /home/airflow/.local/lib/python3.12/site-packages/airflow/example_dags/tutorial_taskflow_api.py took 0.034 seconds
[2024-07-27T20:15:38.543+0000] {processor.py:161} INFO - Started process (PID=961) to work on /home/airflow/.local/lib/python3.12/site-packages/airflow/example_dags/tutorial_taskflow_api.py
[2024-07-27T20:15:38.544+0000] {processor.py:830} INFO - Processing file /home/airflow/.local/lib/python3.12/site-packages/airflow/example_dags/tutorial_taskflow_api.py for tasks to queue
[2024-07-27T20:15:38.545+0000] {logging_mixin.py:188} INFO - [2024-07-27T20:15:38.545+0000] {dagbag.py:545} INFO - Filling up the DagBag from /home/airflow/.local/lib/python3.12/site-packages/airflow/example_dags/tutorial_taskflow_api.py
[2024-07-27T20:15:38.549+0000] {processor.py:840} INFO - DAG(s) 'tutorial_taskflow_api' retrieved from /home/airflow/.local/lib/python3.12/site-packages/airflow/example_dags/tutorial_taskflow_api.py
[2024-07-27T20:15:38.560+0000] {logging_mixin.py:188} INFO - [2024-07-27T20:15:38.560+0000] {dag.py:3089} INFO - Sync 1 DAGs
[2024-07-27T20:15:38.567+0000] {logging_mixin.py:188} INFO - [2024-07-27T20:15:38.566+0000] {dag.py:3947} INFO - Setting next_dagrun for tutorial_taskflow_api to None, run_after=None
[2024-07-27T20:15:38.577+0000] {processor.py:183} INFO - Processing /home/airflow/.local/lib/python3.12/site-packages/airflow/example_dags/tutorial_taskflow_api.py took 0.037 seconds
[2024-07-27T20:16:08.689+0000] {processor.py:161} INFO - Started process (PID=1221) to work on /home/airflow/.local/lib/python3.12/site-packages/airflow/example_dags/tutorial_taskflow_api.py
[2024-07-27T20:16:08.690+0000] {processor.py:830} INFO - Processing file /home/airflow/.local/lib/python3.12/site-packages/airflow/example_dags/tutorial_taskflow_api.py for tasks to queue
[2024-07-27T20:16:08.691+0000] {logging_mixin.py:188} INFO - [2024-07-27T20:16:08.691+0000] {dagbag.py:545} INFO - Filling up the DagBag from /home/airflow/.local/lib/python3.12/site-packages/airflow/example_dags/tutorial_taskflow_api.py
[2024-07-27T20:16:08.694+0000] {processor.py:840} INFO - DAG(s) 'tutorial_taskflow_api' retrieved from /home/airflow/.local/lib/python3.12/site-packages/airflow/example_dags/tutorial_taskflow_api.py
[2024-07-27T20:16:08.705+0000] {logging_mixin.py:188} INFO - [2024-07-27T20:16:08.704+0000] {dag.py:3089} INFO - Sync 1 DAGs
[2024-07-27T20:16:08.711+0000] {logging_mixin.py:188} INFO - [2024-07-27T20:16:08.711+0000] {dag.py:3947} INFO - Setting next_dagrun for tutorial_taskflow_api to None, run_after=None
[2024-07-27T20:16:08.719+0000] {processor.py:183} INFO - Processing /home/airflow/.local/lib/python3.12/site-packages/airflow/example_dags/tutorial_taskflow_api.py took 0.033 seconds
[2024-07-27T20:16:38.993+0000] {processor.py:161} INFO - Started process (PID=1483) to work on /home/airflow/.local/lib/python3.12/site-packages/airflow/example_dags/tutorial_taskflow_api.py
[2024-07-27T20:16:38.993+0000] {processor.py:830} INFO - Processing file /home/airflow/.local/lib/python3.12/site-packages/airflow/example_dags/tutorial_taskflow_api.py for tasks to queue
[2024-07-27T20:16:38.996+0000] {logging_mixin.py:188} INFO - [2024-07-27T20:16:38.996+0000] {dagbag.py:545} INFO - Filling up the DagBag from /home/airflow/.local/lib/python3.12/site-packages/airflow/example_dags/tutorial_taskflow_api.py
[2024-07-27T20:16:38.999+0000] {processor.py:840} INFO - DAG(s) 'tutorial_taskflow_api' retrieved from /home/airflow/.local/lib/python3.12/site-packages/airflow/example_dags/tutorial_taskflow_api.py
[2024-07-27T20:16:39.008+0000] {logging_mixin.py:188} INFO - [2024-07-27T20:16:39.008+0000] {dag.py:3089} INFO - Sync 1 DAGs
[2024-07-27T20:16:39.014+0000] {logging_mixin.py:188} INFO - [2024-07-27T20:16:39.014+0000] {dag.py:3947} INFO - Setting next_dagrun for tutorial_taskflow_api to None, run_after=None
[2024-07-27T20:16:39.023+0000] {processor.py:183} INFO - Processing /home/airflow/.local/lib/python3.12/site-packages/airflow/example_dags/tutorial_taskflow_api.py took 0.034 seconds
[2024-07-27T20:17:09.339+0000] {processor.py:161} INFO - Started process (PID=1747) to work on /home/airflow/.local/lib/python3.12/site-packages/airflow/example_dags/tutorial_taskflow_api.py
[2024-07-27T20:17:09.339+0000] {processor.py:830} INFO - Processing file /home/airflow/.local/lib/python3.12/site-packages/airflow/example_dags/tutorial_taskflow_api.py for tasks to queue
[2024-07-27T20:17:09.341+0000] {logging_mixin.py:188} INFO - [2024-07-27T20:17:09.341+0000] {dagbag.py:545} INFO - Filling up the DagBag from /home/airflow/.local/lib/python3.12/site-packages/airflow/example_dags/tutorial_taskflow_api.py
[2024-07-27T20:17:09.345+0000] {processor.py:840} INFO - DAG(s) 'tutorial_taskflow_api' retrieved from /home/airflow/.local/lib/python3.12/site-packages/airflow/example_dags/tutorial_taskflow_api.py
[2024-07-27T20:17:09.355+0000] {logging_mixin.py:188} INFO - [2024-07-27T20:17:09.355+0000] {dag.py:3089} INFO - Sync 1 DAGs
[2024-07-27T20:17:09.361+0000] {logging_mixin.py:188} INFO - [2024-07-27T20:17:09.361+0000] {dag.py:3947} INFO - Setting next_dagrun for tutorial_taskflow_api to None, run_after=None
[2024-07-27T20:17:09.370+0000] {processor.py:183} INFO - Processing /home/airflow/.local/lib/python3.12/site-packages/airflow/example_dags/tutorial_taskflow_api.py took 0.034 seconds
[2024-07-27T21:59:58.201+0000] {processor.py:161} INFO - Started process (PID=2001) to work on /home/airflow/.local/lib/python3.12/site-packages/airflow/example_dags/tutorial_taskflow_api.py
[2024-07-27T21:59:58.202+0000] {processor.py:830} INFO - Processing file /home/airflow/.local/lib/python3.12/site-packages/airflow/example_dags/tutorial_taskflow_api.py for tasks to queue
[2024-07-27T21:59:58.203+0000] {logging_mixin.py:188} INFO - [2024-07-27T21:59:58.203+0000] {dagbag.py:545} INFO - Filling up the DagBag from /home/airflow/.local/lib/python3.12/site-packages/airflow/example_dags/tutorial_taskflow_api.py
[2024-07-27T21:59:58.208+0000] {processor.py:840} INFO - DAG(s) 'tutorial_taskflow_api' retrieved from /home/airflow/.local/lib/python3.12/site-packages/airflow/example_dags/tutorial_taskflow_api.py
[2024-07-27T21:59:58.223+0000] {logging_mixin.py:188} INFO - [2024-07-27T21:59:58.223+0000] {dag.py:3089} INFO - Sync 1 DAGs
[2024-07-27T21:59:58.234+0000] {logging_mixin.py:188} INFO - [2024-07-27T21:59:58.234+0000] {dag.py:3947} INFO - Setting next_dagrun for tutorial_taskflow_api to None, run_after=None
[2024-07-27T21:59:58.246+0000] {processor.py:183} INFO - Processing /home/airflow/.local/lib/python3.12/site-packages/airflow/example_dags/tutorial_taskflow_api.py took 0.051 seconds
[2024-07-27T22:00:28.734+0000] {processor.py:161} INFO - Started process (PID=2260) to work on /home/airflow/.local/lib/python3.12/site-packages/airflow/example_dags/tutorial_taskflow_api.py
[2024-07-27T22:00:28.735+0000] {processor.py:830} INFO - Processing file /home/airflow/.local/lib/python3.12/site-packages/airflow/example_dags/tutorial_taskflow_api.py for tasks to queue
[2024-07-27T22:00:28.737+0000] {logging_mixin.py:188} INFO - [2024-07-27T22:00:28.736+0000] {dagbag.py:545} INFO - Filling up the DagBag from /home/airflow/.local/lib/python3.12/site-packages/airflow/example_dags/tutorial_taskflow_api.py
[2024-07-27T22:00:28.740+0000] {processor.py:840} INFO - DAG(s) 'tutorial_taskflow_api' retrieved from /home/airflow/.local/lib/python3.12/site-packages/airflow/example_dags/tutorial_taskflow_api.py
[2024-07-27T22:00:28.751+0000] {logging_mixin.py:188} INFO - [2024-07-27T22:00:28.751+0000] {dag.py:3089} INFO - Sync 1 DAGs
[2024-07-27T22:00:28.757+0000] {logging_mixin.py:188} INFO - [2024-07-27T22:00:28.757+0000] {dag.py:3947} INFO - Setting next_dagrun for tutorial_taskflow_api to None, run_after=None
[2024-07-27T22:00:28.766+0000] {processor.py:183} INFO - Processing /home/airflow/.local/lib/python3.12/site-packages/airflow/example_dags/tutorial_taskflow_api.py took 0.035 seconds
[2024-07-27T22:00:58.863+0000] {processor.py:161} INFO - Started process (PID=2526) to work on /home/airflow/.local/lib/python3.12/site-packages/airflow/example_dags/tutorial_taskflow_api.py
[2024-07-27T22:00:58.864+0000] {processor.py:830} INFO - Processing file /home/airflow/.local/lib/python3.12/site-packages/airflow/example_dags/tutorial_taskflow_api.py for tasks to queue
[2024-07-27T22:00:58.865+0000] {logging_mixin.py:188} INFO - [2024-07-27T22:00:58.865+0000] {dagbag.py:545} INFO - Filling up the DagBag from /home/airflow/.local/lib/python3.12/site-packages/airflow/example_dags/tutorial_taskflow_api.py
[2024-07-27T22:00:58.869+0000] {processor.py:840} INFO - DAG(s) 'tutorial_taskflow_api' retrieved from /home/airflow/.local/lib/python3.12/site-packages/airflow/example_dags/tutorial_taskflow_api.py
[2024-07-27T22:00:58.879+0000] {logging_mixin.py:188} INFO - [2024-07-27T22:00:58.879+0000] {dag.py:3089} INFO - Sync 1 DAGs
[2024-07-27T22:00:58.886+0000] {logging_mixin.py:188} INFO - [2024-07-27T22:00:58.886+0000] {dag.py:3947} INFO - Setting next_dagrun for tutorial_taskflow_api to None, run_after=None
[2024-07-27T22:00:58.896+0000] {processor.py:183} INFO - Processing /home/airflow/.local/lib/python3.12/site-packages/airflow/example_dags/tutorial_taskflow_api.py took 0.036 seconds
[2024-07-27T22:01:29.125+0000] {processor.py:161} INFO - Started process (PID=2788) to work on /home/airflow/.local/lib/python3.12/site-packages/airflow/example_dags/tutorial_taskflow_api.py
[2024-07-27T22:01:29.126+0000] {processor.py:830} INFO - Processing file /home/airflow/.local/lib/python3.12/site-packages/airflow/example_dags/tutorial_taskflow_api.py for tasks to queue
[2024-07-27T22:01:29.127+0000] {logging_mixin.py:188} INFO - [2024-07-27T22:01:29.127+0000] {dagbag.py:545} INFO - Filling up the DagBag from /home/airflow/.local/lib/python3.12/site-packages/airflow/example_dags/tutorial_taskflow_api.py
[2024-07-27T22:01:29.131+0000] {processor.py:840} INFO - DAG(s) 'tutorial_taskflow_api' retrieved from /home/airflow/.local/lib/python3.12/site-packages/airflow/example_dags/tutorial_taskflow_api.py
[2024-07-27T22:01:29.142+0000] {logging_mixin.py:188} INFO - [2024-07-27T22:01:29.142+0000] {dag.py:3089} INFO - Sync 1 DAGs
[2024-07-27T22:01:29.148+0000] {logging_mixin.py:188} INFO - [2024-07-27T22:01:29.148+0000] {dag.py:3947} INFO - Setting next_dagrun for tutorial_taskflow_api to None, run_after=None
[2024-07-27T22:01:29.159+0000] {processor.py:183} INFO - Processing /home/airflow/.local/lib/python3.12/site-packages/airflow/example_dags/tutorial_taskflow_api.py took 0.038 seconds
[2024-07-27T22:01:59.463+0000] {processor.py:161} INFO - Started process (PID=3048) to work on /home/airflow/.local/lib/python3.12/site-packages/airflow/example_dags/tutorial_taskflow_api.py
[2024-07-27T22:01:59.464+0000] {processor.py:830} INFO - Processing file /home/airflow/.local/lib/python3.12/site-packages/airflow/example_dags/tutorial_taskflow_api.py for tasks to queue
[2024-07-27T22:01:59.465+0000] {logging_mixin.py:188} INFO - [2024-07-27T22:01:59.465+0000] {dagbag.py:545} INFO - Filling up the DagBag from /home/airflow/.local/lib/python3.12/site-packages/airflow/example_dags/tutorial_taskflow_api.py
[2024-07-27T22:01:59.470+0000] {processor.py:840} INFO - DAG(s) 'tutorial_taskflow_api' retrieved from /home/airflow/.local/lib/python3.12/site-packages/airflow/example_dags/tutorial_taskflow_api.py
[2024-07-27T22:01:59.481+0000] {logging_mixin.py:188} INFO - [2024-07-27T22:01:59.481+0000] {dag.py:3089} INFO - Sync 1 DAGs
[2024-07-27T22:01:59.489+0000] {logging_mixin.py:188} INFO - [2024-07-27T22:01:59.489+0000] {dag.py:3947} INFO - Setting next_dagrun for tutorial_taskflow_api to None, run_after=None
[2024-07-27T22:01:59.503+0000] {processor.py:183} INFO - Processing /home/airflow/.local/lib/python3.12/site-packages/airflow/example_dags/tutorial_taskflow_api.py took 0.045 seconds
[2024-07-27T22:02:29.922+0000] {processor.py:161} INFO - Started process (PID=3313) to work on /home/airflow/.local/lib/python3.12/site-packages/airflow/example_dags/tutorial_taskflow_api.py
[2024-07-27T22:02:29.923+0000] {processor.py:830} INFO - Processing file /home/airflow/.local/lib/python3.12/site-packages/airflow/example_dags/tutorial_taskflow_api.py for tasks to queue
[2024-07-27T22:02:29.925+0000] {logging_mixin.py:188} INFO - [2024-07-27T22:02:29.925+0000] {dagbag.py:545} INFO - Filling up the DagBag from /home/airflow/.local/lib/python3.12/site-packages/airflow/example_dags/tutorial_taskflow_api.py
[2024-07-27T22:02:29.932+0000] {processor.py:840} INFO - DAG(s) 'tutorial_taskflow_api' retrieved from /home/airflow/.local/lib/python3.12/site-packages/airflow/example_dags/tutorial_taskflow_api.py
[2024-07-27T22:02:29.950+0000] {logging_mixin.py:188} INFO - [2024-07-27T22:02:29.950+0000] {dag.py:3089} INFO - Sync 1 DAGs
[2024-07-27T22:02:29.959+0000] {logging_mixin.py:188} INFO - [2024-07-27T22:02:29.959+0000] {dag.py:3947} INFO - Setting next_dagrun for tutorial_taskflow_api to None, run_after=None
[2024-07-27T22:02:29.975+0000] {processor.py:183} INFO - Processing /home/airflow/.local/lib/python3.12/site-packages/airflow/example_dags/tutorial_taskflow_api.py took 0.060 seconds
[2024-07-27T22:03:00.517+0000] {processor.py:161} INFO - Started process (PID=3576) to work on /home/airflow/.local/lib/python3.12/site-packages/airflow/example_dags/tutorial_taskflow_api.py
[2024-07-27T22:03:00.518+0000] {processor.py:830} INFO - Processing file /home/airflow/.local/lib/python3.12/site-packages/airflow/example_dags/tutorial_taskflow_api.py for tasks to queue
[2024-07-27T22:03:00.520+0000] {logging_mixin.py:188} INFO - [2024-07-27T22:03:00.519+0000] {dagbag.py:545} INFO - Filling up the DagBag from /home/airflow/.local/lib/python3.12/site-packages/airflow/example_dags/tutorial_taskflow_api.py
[2024-07-27T22:03:00.524+0000] {processor.py:840} INFO - DAG(s) 'tutorial_taskflow_api' retrieved from /home/airflow/.local/lib/python3.12/site-packages/airflow/example_dags/tutorial_taskflow_api.py
[2024-07-27T22:03:00.538+0000] {logging_mixin.py:188} INFO - [2024-07-27T22:03:00.538+0000] {dag.py:3089} INFO - Sync 1 DAGs
[2024-07-27T22:03:00.547+0000] {logging_mixin.py:188} INFO - [2024-07-27T22:03:00.547+0000] {dag.py:3947} INFO - Setting next_dagrun for tutorial_taskflow_api to None, run_after=None
[2024-07-27T22:03:00.560+0000] {processor.py:183} INFO - Processing /home/airflow/.local/lib/python3.12/site-packages/airflow/example_dags/tutorial_taskflow_api.py took 0.051 seconds
[2024-07-27T22:03:31.214+0000] {processor.py:161} INFO - Started process (PID=3838) to work on /home/airflow/.local/lib/python3.12/site-packages/airflow/example_dags/tutorial_taskflow_api.py
[2024-07-27T22:03:31.215+0000] {processor.py:830} INFO - Processing file /home/airflow/.local/lib/python3.12/site-packages/airflow/example_dags/tutorial_taskflow_api.py for tasks to queue
[2024-07-27T22:03:31.218+0000] {logging_mixin.py:188} INFO - [2024-07-27T22:03:31.218+0000] {dagbag.py:545} INFO - Filling up the DagBag from /home/airflow/.local/lib/python3.12/site-packages/airflow/example_dags/tutorial_taskflow_api.py
[2024-07-27T22:03:31.226+0000] {processor.py:840} INFO - DAG(s) 'tutorial_taskflow_api' retrieved from /home/airflow/.local/lib/python3.12/site-packages/airflow/example_dags/tutorial_taskflow_api.py
[2024-07-27T22:03:31.253+0000] {logging_mixin.py:188} INFO - [2024-07-27T22:03:31.253+0000] {dag.py:3089} INFO - Sync 1 DAGs
[2024-07-27T22:03:31.270+0000] {logging_mixin.py:188} INFO - [2024-07-27T22:03:31.270+0000] {dag.py:3947} INFO - Setting next_dagrun for tutorial_taskflow_api to None, run_after=None
[2024-07-27T22:03:31.290+0000] {processor.py:183} INFO - Processing /home/airflow/.local/lib/python3.12/site-packages/airflow/example_dags/tutorial_taskflow_api.py took 0.081 seconds
[2024-07-27T22:04:01.559+0000] {processor.py:161} INFO - Started process (PID=4100) to work on /home/airflow/.local/lib/python3.12/site-packages/airflow/example_dags/tutorial_taskflow_api.py
[2024-07-27T22:04:01.560+0000] {processor.py:830} INFO - Processing file /home/airflow/.local/lib/python3.12/site-packages/airflow/example_dags/tutorial_taskflow_api.py for tasks to queue
[2024-07-27T22:04:01.561+0000] {logging_mixin.py:188} INFO - [2024-07-27T22:04:01.561+0000] {dagbag.py:545} INFO - Filling up the DagBag from /home/airflow/.local/lib/python3.12/site-packages/airflow/example_dags/tutorial_taskflow_api.py
[2024-07-27T22:04:01.565+0000] {processor.py:840} INFO - DAG(s) 'tutorial_taskflow_api' retrieved from /home/airflow/.local/lib/python3.12/site-packages/airflow/example_dags/tutorial_taskflow_api.py
[2024-07-27T22:04:01.575+0000] {logging_mixin.py:188} INFO - [2024-07-27T22:04:01.575+0000] {dag.py:3089} INFO - Sync 1 DAGs
[2024-07-27T22:04:01.581+0000] {logging_mixin.py:188} INFO - [2024-07-27T22:04:01.581+0000] {dag.py:3947} INFO - Setting next_dagrun for tutorial_taskflow_api to None, run_after=None
[2024-07-27T22:04:01.590+0000] {processor.py:183} INFO - Processing /home/airflow/.local/lib/python3.12/site-packages/airflow/example_dags/tutorial_taskflow_api.py took 0.035 seconds
[2024-07-27T22:04:32.071+0000] {processor.py:161} INFO - Started process (PID=4364) to work on /home/airflow/.local/lib/python3.12/site-packages/airflow/example_dags/tutorial_taskflow_api.py
[2024-07-27T22:04:32.072+0000] {processor.py:830} INFO - Processing file /home/airflow/.local/lib/python3.12/site-packages/airflow/example_dags/tutorial_taskflow_api.py for tasks to queue
[2024-07-27T22:04:32.073+0000] {logging_mixin.py:188} INFO - [2024-07-27T22:04:32.073+0000] {dagbag.py:545} INFO - Filling up the DagBag from /home/airflow/.local/lib/python3.12/site-packages/airflow/example_dags/tutorial_taskflow_api.py
[2024-07-27T22:04:32.077+0000] {processor.py:840} INFO - DAG(s) 'tutorial_taskflow_api' retrieved from /home/airflow/.local/lib/python3.12/site-packages/airflow/example_dags/tutorial_taskflow_api.py
[2024-07-27T22:04:32.087+0000] {logging_mixin.py:188} INFO - [2024-07-27T22:04:32.087+0000] {dag.py:3089} INFO - Sync 1 DAGs
[2024-07-27T22:04:32.094+0000] {logging_mixin.py:188} INFO - [2024-07-27T22:04:32.094+0000] {dag.py:3947} INFO - Setting next_dagrun for tutorial_taskflow_api to None, run_after=None
[2024-07-27T22:04:32.102+0000] {processor.py:183} INFO - Processing /home/airflow/.local/lib/python3.12/site-packages/airflow/example_dags/tutorial_taskflow_api.py took 0.035 seconds
[2024-07-27T22:05:02.405+0000] {processor.py:161} INFO - Started process (PID=4623) to work on /home/airflow/.local/lib/python3.12/site-packages/airflow/example_dags/tutorial_taskflow_api.py
[2024-07-27T22:05:02.406+0000] {processor.py:830} INFO - Processing file /home/airflow/.local/lib/python3.12/site-packages/airflow/example_dags/tutorial_taskflow_api.py for tasks to queue
[2024-07-27T22:05:02.408+0000] {logging_mixin.py:188} INFO - [2024-07-27T22:05:02.407+0000] {dagbag.py:545} INFO - Filling up the DagBag from /home/airflow/.local/lib/python3.12/site-packages/airflow/example_dags/tutorial_taskflow_api.py
[2024-07-27T22:05:02.411+0000] {processor.py:840} INFO - DAG(s) 'tutorial_taskflow_api' retrieved from /home/airflow/.local/lib/python3.12/site-packages/airflow/example_dags/tutorial_taskflow_api.py
[2024-07-27T22:05:02.421+0000] {logging_mixin.py:188} INFO - [2024-07-27T22:05:02.421+0000] {dag.py:3089} INFO - Sync 1 DAGs
[2024-07-27T22:05:02.428+0000] {logging_mixin.py:188} INFO - [2024-07-27T22:05:02.428+0000] {dag.py:3947} INFO - Setting next_dagrun for tutorial_taskflow_api to None, run_after=None
[2024-07-27T22:05:02.438+0000] {processor.py:183} INFO - Processing /home/airflow/.local/lib/python3.12/site-packages/airflow/example_dags/tutorial_taskflow_api.py took 0.037 seconds
[2024-07-27T22:05:32.641+0000] {processor.py:161} INFO - Started process (PID=4887) to work on /home/airflow/.local/lib/python3.12/site-packages/airflow/example_dags/tutorial_taskflow_api.py
[2024-07-27T22:05:32.642+0000] {processor.py:830} INFO - Processing file /home/airflow/.local/lib/python3.12/site-packages/airflow/example_dags/tutorial_taskflow_api.py for tasks to queue
[2024-07-27T22:05:32.644+0000] {logging_mixin.py:188} INFO - [2024-07-27T22:05:32.643+0000] {dagbag.py:545} INFO - Filling up the DagBag from /home/airflow/.local/lib/python3.12/site-packages/airflow/example_dags/tutorial_taskflow_api.py
[2024-07-27T22:05:32.648+0000] {processor.py:840} INFO - DAG(s) 'tutorial_taskflow_api' retrieved from /home/airflow/.local/lib/python3.12/site-packages/airflow/example_dags/tutorial_taskflow_api.py
[2024-07-27T22:05:32.658+0000] {logging_mixin.py:188} INFO - [2024-07-27T22:05:32.658+0000] {dag.py:3089} INFO - Sync 1 DAGs
[2024-07-27T22:05:32.666+0000] {logging_mixin.py:188} INFO - [2024-07-27T22:05:32.666+0000] {dag.py:3947} INFO - Setting next_dagrun for tutorial_taskflow_api to None, run_after=None
[2024-07-27T22:05:32.676+0000] {processor.py:183} INFO - Processing /home/airflow/.local/lib/python3.12/site-packages/airflow/example_dags/tutorial_taskflow_api.py took 0.038 seconds
[2024-07-27T22:06:02.889+0000] {processor.py:161} INFO - Started process (PID=5148) to work on /home/airflow/.local/lib/python3.12/site-packages/airflow/example_dags/tutorial_taskflow_api.py
[2024-07-27T22:06:02.890+0000] {processor.py:830} INFO - Processing file /home/airflow/.local/lib/python3.12/site-packages/airflow/example_dags/tutorial_taskflow_api.py for tasks to queue
[2024-07-27T22:06:02.891+0000] {logging_mixin.py:188} INFO - [2024-07-27T22:06:02.891+0000] {dagbag.py:545} INFO - Filling up the DagBag from /home/airflow/.local/lib/python3.12/site-packages/airflow/example_dags/tutorial_taskflow_api.py
[2024-07-27T22:06:02.895+0000] {processor.py:840} INFO - DAG(s) 'tutorial_taskflow_api' retrieved from /home/airflow/.local/lib/python3.12/site-packages/airflow/example_dags/tutorial_taskflow_api.py
[2024-07-27T22:06:02.906+0000] {logging_mixin.py:188} INFO - [2024-07-27T22:06:02.906+0000] {dag.py:3089} INFO - Sync 1 DAGs
[2024-07-27T22:06:02.913+0000] {logging_mixin.py:188} INFO - [2024-07-27T22:06:02.913+0000] {dag.py:3947} INFO - Setting next_dagrun for tutorial_taskflow_api to None, run_after=None
[2024-07-27T22:06:02.922+0000] {processor.py:183} INFO - Processing /home/airflow/.local/lib/python3.12/site-packages/airflow/example_dags/tutorial_taskflow_api.py took 0.037 seconds
[2024-07-27T22:06:33.242+0000] {processor.py:161} INFO - Started process (PID=5410) to work on /home/airflow/.local/lib/python3.12/site-packages/airflow/example_dags/tutorial_taskflow_api.py
[2024-07-27T22:06:33.243+0000] {processor.py:830} INFO - Processing file /home/airflow/.local/lib/python3.12/site-packages/airflow/example_dags/tutorial_taskflow_api.py for tasks to queue
[2024-07-27T22:06:33.244+0000] {logging_mixin.py:188} INFO - [2024-07-27T22:06:33.244+0000] {dagbag.py:545} INFO - Filling up the DagBag from /home/airflow/.local/lib/python3.12/site-packages/airflow/example_dags/tutorial_taskflow_api.py
[2024-07-27T22:06:33.249+0000] {processor.py:840} INFO - DAG(s) 'tutorial_taskflow_api' retrieved from /home/airflow/.local/lib/python3.12/site-packages/airflow/example_dags/tutorial_taskflow_api.py
[2024-07-27T22:06:33.261+0000] {logging_mixin.py:188} INFO - [2024-07-27T22:06:33.261+0000] {dag.py:3089} INFO - Sync 1 DAGs
[2024-07-27T22:06:33.269+0000] {logging_mixin.py:188} INFO - [2024-07-27T22:06:33.269+0000] {dag.py:3947} INFO - Setting next_dagrun for tutorial_taskflow_api to None, run_after=None
[2024-07-27T22:06:33.279+0000] {processor.py:183} INFO - Processing /home/airflow/.local/lib/python3.12/site-packages/airflow/example_dags/tutorial_taskflow_api.py took 0.040 seconds
[2024-07-27T22:07:03.548+0000] {processor.py:161} INFO - Started process (PID=5672) to work on /home/airflow/.local/lib/python3.12/site-packages/airflow/example_dags/tutorial_taskflow_api.py
[2024-07-27T22:07:03.548+0000] {processor.py:830} INFO - Processing file /home/airflow/.local/lib/python3.12/site-packages/airflow/example_dags/tutorial_taskflow_api.py for tasks to queue
[2024-07-27T22:07:03.550+0000] {logging_mixin.py:188} INFO - [2024-07-27T22:07:03.550+0000] {dagbag.py:545} INFO - Filling up the DagBag from /home/airflow/.local/lib/python3.12/site-packages/airflow/example_dags/tutorial_taskflow_api.py
[2024-07-27T22:07:03.554+0000] {processor.py:840} INFO - DAG(s) 'tutorial_taskflow_api' retrieved from /home/airflow/.local/lib/python3.12/site-packages/airflow/example_dags/tutorial_taskflow_api.py
[2024-07-27T22:07:03.564+0000] {logging_mixin.py:188} INFO - [2024-07-27T22:07:03.564+0000] {dag.py:3089} INFO - Sync 1 DAGs
[2024-07-27T22:07:03.571+0000] {logging_mixin.py:188} INFO - [2024-07-27T22:07:03.570+0000] {dag.py:3947} INFO - Setting next_dagrun for tutorial_taskflow_api to None, run_after=None
[2024-07-27T22:07:03.580+0000] {processor.py:183} INFO - Processing /home/airflow/.local/lib/python3.12/site-packages/airflow/example_dags/tutorial_taskflow_api.py took 0.036 seconds
[2024-07-27T22:07:33.786+0000] {processor.py:161} INFO - Started process (PID=5932) to work on /home/airflow/.local/lib/python3.12/site-packages/airflow/example_dags/tutorial_taskflow_api.py
[2024-07-27T22:07:33.787+0000] {processor.py:830} INFO - Processing file /home/airflow/.local/lib/python3.12/site-packages/airflow/example_dags/tutorial_taskflow_api.py for tasks to queue
[2024-07-27T22:07:33.788+0000] {logging_mixin.py:188} INFO - [2024-07-27T22:07:33.788+0000] {dagbag.py:545} INFO - Filling up the DagBag from /home/airflow/.local/lib/python3.12/site-packages/airflow/example_dags/tutorial_taskflow_api.py
[2024-07-27T22:07:33.791+0000] {processor.py:840} INFO - DAG(s) 'tutorial_taskflow_api' retrieved from /home/airflow/.local/lib/python3.12/site-packages/airflow/example_dags/tutorial_taskflow_api.py
[2024-07-27T22:07:33.802+0000] {logging_mixin.py:188} INFO - [2024-07-27T22:07:33.802+0000] {dag.py:3089} INFO - Sync 1 DAGs
[2024-07-27T22:07:33.809+0000] {logging_mixin.py:188} INFO - [2024-07-27T22:07:33.809+0000] {dag.py:3947} INFO - Setting next_dagrun for tutorial_taskflow_api to None, run_after=None
[2024-07-27T22:07:33.818+0000] {processor.py:183} INFO - Processing /home/airflow/.local/lib/python3.12/site-packages/airflow/example_dags/tutorial_taskflow_api.py took 0.036 seconds
[2024-07-27T22:08:03.953+0000] {processor.py:161} INFO - Started process (PID=6196) to work on /home/airflow/.local/lib/python3.12/site-packages/airflow/example_dags/tutorial_taskflow_api.py
[2024-07-27T22:08:03.954+0000] {processor.py:830} INFO - Processing file /home/airflow/.local/lib/python3.12/site-packages/airflow/example_dags/tutorial_taskflow_api.py for tasks to queue
[2024-07-27T22:08:03.955+0000] {logging_mixin.py:188} INFO - [2024-07-27T22:08:03.954+0000] {dagbag.py:545} INFO - Filling up the DagBag from /home/airflow/.local/lib/python3.12/site-packages/airflow/example_dags/tutorial_taskflow_api.py
[2024-07-27T22:08:03.958+0000] {processor.py:840} INFO - DAG(s) 'tutorial_taskflow_api' retrieved from /home/airflow/.local/lib/python3.12/site-packages/airflow/example_dags/tutorial_taskflow_api.py
[2024-07-27T22:08:03.968+0000] {logging_mixin.py:188} INFO - [2024-07-27T22:08:03.968+0000] {dag.py:3089} INFO - Sync 1 DAGs
[2024-07-27T22:08:03.975+0000] {logging_mixin.py:188} INFO - [2024-07-27T22:08:03.974+0000] {dag.py:3947} INFO - Setting next_dagrun for tutorial_taskflow_api to None, run_after=None
[2024-07-27T22:08:03.983+0000] {processor.py:183} INFO - Processing /home/airflow/.local/lib/python3.12/site-packages/airflow/example_dags/tutorial_taskflow_api.py took 0.033 seconds
[2024-07-27T22:08:34.301+0000] {processor.py:161} INFO - Started process (PID=6458) to work on /home/airflow/.local/lib/python3.12/site-packages/airflow/example_dags/tutorial_taskflow_api.py
[2024-07-27T22:08:34.302+0000] {processor.py:830} INFO - Processing file /home/airflow/.local/lib/python3.12/site-packages/airflow/example_dags/tutorial_taskflow_api.py for tasks to queue
[2024-07-27T22:08:34.304+0000] {logging_mixin.py:188} INFO - [2024-07-27T22:08:34.304+0000] {dagbag.py:545} INFO - Filling up the DagBag from /home/airflow/.local/lib/python3.12/site-packages/airflow/example_dags/tutorial_taskflow_api.py
[2024-07-27T22:08:34.308+0000] {processor.py:840} INFO - DAG(s) 'tutorial_taskflow_api' retrieved from /home/airflow/.local/lib/python3.12/site-packages/airflow/example_dags/tutorial_taskflow_api.py
[2024-07-27T22:08:34.319+0000] {logging_mixin.py:188} INFO - [2024-07-27T22:08:34.319+0000] {dag.py:3089} INFO - Sync 1 DAGs
[2024-07-27T22:08:34.325+0000] {logging_mixin.py:188} INFO - [2024-07-27T22:08:34.325+0000] {dag.py:3947} INFO - Setting next_dagrun for tutorial_taskflow_api to None, run_after=None
[2024-07-27T22:08:34.334+0000] {processor.py:183} INFO - Processing /home/airflow/.local/lib/python3.12/site-packages/airflow/example_dags/tutorial_taskflow_api.py took 0.037 seconds
[2024-07-27T22:09:05.015+0000] {processor.py:161} INFO - Started process (PID=6718) to work on /home/airflow/.local/lib/python3.12/site-packages/airflow/example_dags/tutorial_taskflow_api.py
[2024-07-27T22:09:05.016+0000] {processor.py:830} INFO - Processing file /home/airflow/.local/lib/python3.12/site-packages/airflow/example_dags/tutorial_taskflow_api.py for tasks to queue
[2024-07-27T22:09:05.017+0000] {logging_mixin.py:188} INFO - [2024-07-27T22:09:05.016+0000] {dagbag.py:545} INFO - Filling up the DagBag from /home/airflow/.local/lib/python3.12/site-packages/airflow/example_dags/tutorial_taskflow_api.py
[2024-07-27T22:09:05.022+0000] {processor.py:840} INFO - DAG(s) 'tutorial_taskflow_api' retrieved from /home/airflow/.local/lib/python3.12/site-packages/airflow/example_dags/tutorial_taskflow_api.py
[2024-07-27T22:09:05.032+0000] {logging_mixin.py:188} INFO - [2024-07-27T22:09:05.032+0000] {dag.py:3089} INFO - Sync 1 DAGs
[2024-07-27T22:09:05.038+0000] {logging_mixin.py:188} INFO - [2024-07-27T22:09:05.038+0000] {dag.py:3947} INFO - Setting next_dagrun for tutorial_taskflow_api to None, run_after=None
[2024-07-27T22:09:05.047+0000] {processor.py:183} INFO - Processing /home/airflow/.local/lib/python3.12/site-packages/airflow/example_dags/tutorial_taskflow_api.py took 0.036 seconds
[2024-07-27T22:09:35.294+0000] {processor.py:161} INFO - Started process (PID=6982) to work on /home/airflow/.local/lib/python3.12/site-packages/airflow/example_dags/tutorial_taskflow_api.py
[2024-07-27T22:09:35.295+0000] {processor.py:830} INFO - Processing file /home/airflow/.local/lib/python3.12/site-packages/airflow/example_dags/tutorial_taskflow_api.py for tasks to queue
[2024-07-27T22:09:35.296+0000] {logging_mixin.py:188} INFO - [2024-07-27T22:09:35.296+0000] {dagbag.py:545} INFO - Filling up the DagBag from /home/airflow/.local/lib/python3.12/site-packages/airflow/example_dags/tutorial_taskflow_api.py
[2024-07-27T22:09:35.300+0000] {processor.py:840} INFO - DAG(s) 'tutorial_taskflow_api' retrieved from /home/airflow/.local/lib/python3.12/site-packages/airflow/example_dags/tutorial_taskflow_api.py
[2024-07-27T22:09:35.310+0000] {logging_mixin.py:188} INFO - [2024-07-27T22:09:35.310+0000] {dag.py:3089} INFO - Sync 1 DAGs
[2024-07-27T22:09:35.317+0000] {logging_mixin.py:188} INFO - [2024-07-27T22:09:35.316+0000] {dag.py:3947} INFO - Setting next_dagrun for tutorial_taskflow_api to None, run_after=None
[2024-07-27T22:09:35.325+0000] {processor.py:183} INFO - Processing /home/airflow/.local/lib/python3.12/site-packages/airflow/example_dags/tutorial_taskflow_api.py took 0.035 seconds
[2024-07-27T22:10:05.610+0000] {processor.py:161} INFO - Started process (PID=7244) to work on /home/airflow/.local/lib/python3.12/site-packages/airflow/example_dags/tutorial_taskflow_api.py
[2024-07-27T22:10:05.611+0000] {processor.py:830} INFO - Processing file /home/airflow/.local/lib/python3.12/site-packages/airflow/example_dags/tutorial_taskflow_api.py for tasks to queue
[2024-07-27T22:10:05.612+0000] {logging_mixin.py:188} INFO - [2024-07-27T22:10:05.612+0000] {dagbag.py:545} INFO - Filling up the DagBag from /home/airflow/.local/lib/python3.12/site-packages/airflow/example_dags/tutorial_taskflow_api.py
[2024-07-27T22:10:05.616+0000] {processor.py:840} INFO - DAG(s) 'tutorial_taskflow_api' retrieved from /home/airflow/.local/lib/python3.12/site-packages/airflow/example_dags/tutorial_taskflow_api.py
[2024-07-27T22:10:05.627+0000] {logging_mixin.py:188} INFO - [2024-07-27T22:10:05.627+0000] {dag.py:3089} INFO - Sync 1 DAGs
[2024-07-27T22:10:05.633+0000] {logging_mixin.py:188} INFO - [2024-07-27T22:10:05.633+0000] {dag.py:3947} INFO - Setting next_dagrun for tutorial_taskflow_api to None, run_after=None
[2024-07-27T22:10:05.644+0000] {processor.py:183} INFO - Processing /home/airflow/.local/lib/python3.12/site-packages/airflow/example_dags/tutorial_taskflow_api.py took 0.037 seconds
[2024-07-27T22:10:35.759+0000] {processor.py:161} INFO - Started process (PID=7504) to work on /home/airflow/.local/lib/python3.12/site-packages/airflow/example_dags/tutorial_taskflow_api.py
[2024-07-27T22:10:35.760+0000] {processor.py:830} INFO - Processing file /home/airflow/.local/lib/python3.12/site-packages/airflow/example_dags/tutorial_taskflow_api.py for tasks to queue
[2024-07-27T22:10:35.761+0000] {logging_mixin.py:188} INFO - [2024-07-27T22:10:35.761+0000] {dagbag.py:545} INFO - Filling up the DagBag from /home/airflow/.local/lib/python3.12/site-packages/airflow/example_dags/tutorial_taskflow_api.py
[2024-07-27T22:10:35.766+0000] {processor.py:840} INFO - DAG(s) 'tutorial_taskflow_api' retrieved from /home/airflow/.local/lib/python3.12/site-packages/airflow/example_dags/tutorial_taskflow_api.py
[2024-07-27T22:10:35.777+0000] {logging_mixin.py:188} INFO - [2024-07-27T22:10:35.777+0000] {dag.py:3089} INFO - Sync 1 DAGs
[2024-07-27T22:10:35.782+0000] {logging_mixin.py:188} INFO - [2024-07-27T22:10:35.782+0000] {dag.py:3947} INFO - Setting next_dagrun for tutorial_taskflow_api to None, run_after=None
[2024-07-27T22:10:35.791+0000] {processor.py:183} INFO - Processing /home/airflow/.local/lib/python3.12/site-packages/airflow/example_dags/tutorial_taskflow_api.py took 0.035 seconds
[2024-07-27T22:11:06.024+0000] {processor.py:161} INFO - Started process (PID=7768) to work on /home/airflow/.local/lib/python3.12/site-packages/airflow/example_dags/tutorial_taskflow_api.py
[2024-07-27T22:11:06.025+0000] {processor.py:830} INFO - Processing file /home/airflow/.local/lib/python3.12/site-packages/airflow/example_dags/tutorial_taskflow_api.py for tasks to queue
[2024-07-27T22:11:06.026+0000] {logging_mixin.py:188} INFO - [2024-07-27T22:11:06.026+0000] {dagbag.py:545} INFO - Filling up the DagBag from /home/airflow/.local/lib/python3.12/site-packages/airflow/example_dags/tutorial_taskflow_api.py
[2024-07-27T22:11:06.031+0000] {processor.py:840} INFO - DAG(s) 'tutorial_taskflow_api' retrieved from /home/airflow/.local/lib/python3.12/site-packages/airflow/example_dags/tutorial_taskflow_api.py
[2024-07-27T22:11:06.044+0000] {logging_mixin.py:188} INFO - [2024-07-27T22:11:06.044+0000] {dag.py:3089} INFO - Sync 1 DAGs
[2024-07-27T22:11:06.050+0000] {logging_mixin.py:188} INFO - [2024-07-27T22:11:06.050+0000] {dag.py:3947} INFO - Setting next_dagrun for tutorial_taskflow_api to None, run_after=None
[2024-07-27T22:11:06.058+0000] {processor.py:183} INFO - Processing /home/airflow/.local/lib/python3.12/site-packages/airflow/example_dags/tutorial_taskflow_api.py took 0.036 seconds
[2024-07-27T22:11:36.267+0000] {processor.py:161} INFO - Started process (PID=8028) to work on /home/airflow/.local/lib/python3.12/site-packages/airflow/example_dags/tutorial_taskflow_api.py
[2024-07-27T22:11:36.268+0000] {processor.py:830} INFO - Processing file /home/airflow/.local/lib/python3.12/site-packages/airflow/example_dags/tutorial_taskflow_api.py for tasks to queue
[2024-07-27T22:11:36.269+0000] {logging_mixin.py:188} INFO - [2024-07-27T22:11:36.268+0000] {dagbag.py:545} INFO - Filling up the DagBag from /home/airflow/.local/lib/python3.12/site-packages/airflow/example_dags/tutorial_taskflow_api.py
[2024-07-27T22:11:36.272+0000] {processor.py:840} INFO - DAG(s) 'tutorial_taskflow_api' retrieved from /home/airflow/.local/lib/python3.12/site-packages/airflow/example_dags/tutorial_taskflow_api.py
[2024-07-27T22:11:36.284+0000] {logging_mixin.py:188} INFO - [2024-07-27T22:11:36.284+0000] {dag.py:3089} INFO - Sync 1 DAGs
[2024-07-27T22:11:36.290+0000] {logging_mixin.py:188} INFO - [2024-07-27T22:11:36.290+0000] {dag.py:3947} INFO - Setting next_dagrun for tutorial_taskflow_api to None, run_after=None
[2024-07-27T22:11:36.299+0000] {processor.py:183} INFO - Processing /home/airflow/.local/lib/python3.12/site-packages/airflow/example_dags/tutorial_taskflow_api.py took 0.035 seconds
[2024-07-27T22:12:06.698+0000] {processor.py:161} INFO - Started process (PID=8293) to work on /home/airflow/.local/lib/python3.12/site-packages/airflow/example_dags/tutorial_taskflow_api.py
[2024-07-27T22:12:06.699+0000] {processor.py:830} INFO - Processing file /home/airflow/.local/lib/python3.12/site-packages/airflow/example_dags/tutorial_taskflow_api.py for tasks to queue
[2024-07-27T22:12:06.701+0000] {logging_mixin.py:188} INFO - [2024-07-27T22:12:06.701+0000] {dagbag.py:545} INFO - Filling up the DagBag from /home/airflow/.local/lib/python3.12/site-packages/airflow/example_dags/tutorial_taskflow_api.py
[2024-07-27T22:12:06.705+0000] {processor.py:840} INFO - DAG(s) 'tutorial_taskflow_api' retrieved from /home/airflow/.local/lib/python3.12/site-packages/airflow/example_dags/tutorial_taskflow_api.py
[2024-07-27T22:12:06.716+0000] {logging_mixin.py:188} INFO - [2024-07-27T22:12:06.716+0000] {dag.py:3089} INFO - Sync 1 DAGs
[2024-07-27T22:12:06.723+0000] {logging_mixin.py:188} INFO - [2024-07-27T22:12:06.723+0000] {dag.py:3947} INFO - Setting next_dagrun for tutorial_taskflow_api to None, run_after=None
[2024-07-27T22:12:06.732+0000] {processor.py:183} INFO - Processing /home/airflow/.local/lib/python3.12/site-packages/airflow/example_dags/tutorial_taskflow_api.py took 0.038 seconds
[2024-07-27T22:12:37.083+0000] {processor.py:161} INFO - Started process (PID=8553) to work on /home/airflow/.local/lib/python3.12/site-packages/airflow/example_dags/tutorial_taskflow_api.py
[2024-07-27T22:12:37.084+0000] {processor.py:830} INFO - Processing file /home/airflow/.local/lib/python3.12/site-packages/airflow/example_dags/tutorial_taskflow_api.py for tasks to queue
[2024-07-27T22:12:37.085+0000] {logging_mixin.py:188} INFO - [2024-07-27T22:12:37.085+0000] {dagbag.py:545} INFO - Filling up the DagBag from /home/airflow/.local/lib/python3.12/site-packages/airflow/example_dags/tutorial_taskflow_api.py
[2024-07-27T22:12:37.089+0000] {processor.py:840} INFO - DAG(s) 'tutorial_taskflow_api' retrieved from /home/airflow/.local/lib/python3.12/site-packages/airflow/example_dags/tutorial_taskflow_api.py
[2024-07-27T22:12:37.099+0000] {logging_mixin.py:188} INFO - [2024-07-27T22:12:37.099+0000] {dag.py:3089} INFO - Sync 1 DAGs
[2024-07-27T22:12:37.105+0000] {logging_mixin.py:188} INFO - [2024-07-27T22:12:37.105+0000] {dag.py:3947} INFO - Setting next_dagrun for tutorial_taskflow_api to None, run_after=None
[2024-07-27T22:12:37.114+0000] {processor.py:183} INFO - Processing /home/airflow/.local/lib/python3.12/site-packages/airflow/example_dags/tutorial_taskflow_api.py took 0.034 seconds
[2024-07-27T22:13:07.309+0000] {processor.py:161} INFO - Started process (PID=8815) to work on /home/airflow/.local/lib/python3.12/site-packages/airflow/example_dags/tutorial_taskflow_api.py
[2024-07-27T22:13:07.311+0000] {processor.py:830} INFO - Processing file /home/airflow/.local/lib/python3.12/site-packages/airflow/example_dags/tutorial_taskflow_api.py for tasks to queue
[2024-07-27T22:13:07.312+0000] {logging_mixin.py:188} INFO - [2024-07-27T22:13:07.312+0000] {dagbag.py:545} INFO - Filling up the DagBag from /home/airflow/.local/lib/python3.12/site-packages/airflow/example_dags/tutorial_taskflow_api.py
[2024-07-27T22:13:07.317+0000] {processor.py:840} INFO - DAG(s) 'tutorial_taskflow_api' retrieved from /home/airflow/.local/lib/python3.12/site-packages/airflow/example_dags/tutorial_taskflow_api.py
[2024-07-27T22:13:07.329+0000] {logging_mixin.py:188} INFO - [2024-07-27T22:13:07.329+0000] {dag.py:3089} INFO - Sync 1 DAGs
[2024-07-27T22:13:07.335+0000] {logging_mixin.py:188} INFO - [2024-07-27T22:13:07.335+0000] {dag.py:3947} INFO - Setting next_dagrun for tutorial_taskflow_api to None, run_after=None
[2024-07-27T22:13:07.344+0000] {processor.py:183} INFO - Processing /home/airflow/.local/lib/python3.12/site-packages/airflow/example_dags/tutorial_taskflow_api.py took 0.040 seconds
[2024-07-27T22:13:37.613+0000] {processor.py:161} INFO - Started process (PID=9079) to work on /home/airflow/.local/lib/python3.12/site-packages/airflow/example_dags/tutorial_taskflow_api.py
[2024-07-27T22:13:37.614+0000] {processor.py:830} INFO - Processing file /home/airflow/.local/lib/python3.12/site-packages/airflow/example_dags/tutorial_taskflow_api.py for tasks to queue
[2024-07-27T22:13:37.615+0000] {logging_mixin.py:188} INFO - [2024-07-27T22:13:37.615+0000] {dagbag.py:545} INFO - Filling up the DagBag from /home/airflow/.local/lib/python3.12/site-packages/airflow/example_dags/tutorial_taskflow_api.py
[2024-07-27T22:13:37.619+0000] {processor.py:840} INFO - DAG(s) 'tutorial_taskflow_api' retrieved from /home/airflow/.local/lib/python3.12/site-packages/airflow/example_dags/tutorial_taskflow_api.py
[2024-07-27T22:13:37.630+0000] {logging_mixin.py:188} INFO - [2024-07-27T22:13:37.630+0000] {dag.py:3089} INFO - Sync 1 DAGs
[2024-07-27T22:13:37.636+0000] {logging_mixin.py:188} INFO - [2024-07-27T22:13:37.636+0000] {dag.py:3947} INFO - Setting next_dagrun for tutorial_taskflow_api to None, run_after=None
[2024-07-27T22:13:37.644+0000] {processor.py:183} INFO - Processing /home/airflow/.local/lib/python3.12/site-packages/airflow/example_dags/tutorial_taskflow_api.py took 0.034 seconds
[2024-07-27T22:14:07.884+0000] {processor.py:161} INFO - Started process (PID=9339) to work on /home/airflow/.local/lib/python3.12/site-packages/airflow/example_dags/tutorial_taskflow_api.py
[2024-07-27T22:14:07.884+0000] {processor.py:830} INFO - Processing file /home/airflow/.local/lib/python3.12/site-packages/airflow/example_dags/tutorial_taskflow_api.py for tasks to queue
[2024-07-27T22:14:07.885+0000] {logging_mixin.py:188} INFO - [2024-07-27T22:14:07.885+0000] {dagbag.py:545} INFO - Filling up the DagBag from /home/airflow/.local/lib/python3.12/site-packages/airflow/example_dags/tutorial_taskflow_api.py
[2024-07-27T22:14:07.889+0000] {processor.py:840} INFO - DAG(s) 'tutorial_taskflow_api' retrieved from /home/airflow/.local/lib/python3.12/site-packages/airflow/example_dags/tutorial_taskflow_api.py
[2024-07-27T22:14:07.899+0000] {logging_mixin.py:188} INFO - [2024-07-27T22:14:07.899+0000] {dag.py:3089} INFO - Sync 1 DAGs
[2024-07-27T22:14:07.906+0000] {logging_mixin.py:188} INFO - [2024-07-27T22:14:07.906+0000] {dag.py:3947} INFO - Setting next_dagrun for tutorial_taskflow_api to None, run_after=None
[2024-07-27T22:14:07.915+0000] {processor.py:183} INFO - Processing /home/airflow/.local/lib/python3.12/site-packages/airflow/example_dags/tutorial_taskflow_api.py took 0.035 seconds
[2024-07-27T22:14:38.431+0000] {processor.py:161} INFO - Started process (PID=9602) to work on /home/airflow/.local/lib/python3.12/site-packages/airflow/example_dags/tutorial_taskflow_api.py
[2024-07-27T22:14:38.432+0000] {processor.py:830} INFO - Processing file /home/airflow/.local/lib/python3.12/site-packages/airflow/example_dags/tutorial_taskflow_api.py for tasks to queue
[2024-07-27T22:14:38.433+0000] {logging_mixin.py:188} INFO - [2024-07-27T22:14:38.433+0000] {dagbag.py:545} INFO - Filling up the DagBag from /home/airflow/.local/lib/python3.12/site-packages/airflow/example_dags/tutorial_taskflow_api.py
[2024-07-27T22:14:38.438+0000] {processor.py:840} INFO - DAG(s) 'tutorial_taskflow_api' retrieved from /home/airflow/.local/lib/python3.12/site-packages/airflow/example_dags/tutorial_taskflow_api.py
[2024-07-27T22:14:38.449+0000] {logging_mixin.py:188} INFO - [2024-07-27T22:14:38.449+0000] {dag.py:3089} INFO - Sync 1 DAGs
[2024-07-27T22:14:38.457+0000] {logging_mixin.py:188} INFO - [2024-07-27T22:14:38.457+0000] {dag.py:3947} INFO - Setting next_dagrun for tutorial_taskflow_api to None, run_after=None
[2024-07-27T22:14:38.466+0000] {processor.py:183} INFO - Processing /home/airflow/.local/lib/python3.12/site-packages/airflow/example_dags/tutorial_taskflow_api.py took 0.039 seconds
[2024-07-27T22:15:08.633+0000] {processor.py:161} INFO - Started process (PID=9862) to work on /home/airflow/.local/lib/python3.12/site-packages/airflow/example_dags/tutorial_taskflow_api.py
[2024-07-27T22:15:08.634+0000] {processor.py:830} INFO - Processing file /home/airflow/.local/lib/python3.12/site-packages/airflow/example_dags/tutorial_taskflow_api.py for tasks to queue
[2024-07-27T22:15:08.636+0000] {logging_mixin.py:188} INFO - [2024-07-27T22:15:08.636+0000] {dagbag.py:545} INFO - Filling up the DagBag from /home/airflow/.local/lib/python3.12/site-packages/airflow/example_dags/tutorial_taskflow_api.py
[2024-07-27T22:15:08.642+0000] {processor.py:840} INFO - DAG(s) 'tutorial_taskflow_api' retrieved from /home/airflow/.local/lib/python3.12/site-packages/airflow/example_dags/tutorial_taskflow_api.py
[2024-07-27T22:15:08.652+0000] {logging_mixin.py:188} INFO - [2024-07-27T22:15:08.652+0000] {dag.py:3089} INFO - Sync 1 DAGs
[2024-07-27T22:15:08.659+0000] {logging_mixin.py:188} INFO - [2024-07-27T22:15:08.659+0000] {dag.py:3947} INFO - Setting next_dagrun for tutorial_taskflow_api to None, run_after=None
[2024-07-27T22:15:08.668+0000] {processor.py:183} INFO - Processing /home/airflow/.local/lib/python3.12/site-packages/airflow/example_dags/tutorial_taskflow_api.py took 0.039 seconds
[2024-07-27T22:15:39.527+0000] {processor.py:161} INFO - Started process (PID=10127) to work on /home/airflow/.local/lib/python3.12/site-packages/airflow/example_dags/tutorial_taskflow_api.py
[2024-07-27T22:15:39.528+0000] {processor.py:830} INFO - Processing file /home/airflow/.local/lib/python3.12/site-packages/airflow/example_dags/tutorial_taskflow_api.py for tasks to queue
[2024-07-27T22:15:39.529+0000] {logging_mixin.py:188} INFO - [2024-07-27T22:15:39.529+0000] {dagbag.py:545} INFO - Filling up the DagBag from /home/airflow/.local/lib/python3.12/site-packages/airflow/example_dags/tutorial_taskflow_api.py
[2024-07-27T22:15:39.533+0000] {processor.py:840} INFO - DAG(s) 'tutorial_taskflow_api' retrieved from /home/airflow/.local/lib/python3.12/site-packages/airflow/example_dags/tutorial_taskflow_api.py
[2024-07-27T22:15:39.545+0000] {logging_mixin.py:188} INFO - [2024-07-27T22:15:39.545+0000] {dag.py:3089} INFO - Sync 1 DAGs
[2024-07-27T22:15:39.555+0000] {logging_mixin.py:188} INFO - [2024-07-27T22:15:39.555+0000] {dag.py:3947} INFO - Setting next_dagrun for tutorial_taskflow_api to None, run_after=None
[2024-07-27T22:15:39.575+0000] {processor.py:183} INFO - Processing /home/airflow/.local/lib/python3.12/site-packages/airflow/example_dags/tutorial_taskflow_api.py took 0.053 seconds
[2024-07-27T22:16:10.411+0000] {processor.py:161} INFO - Started process (PID=10387) to work on /home/airflow/.local/lib/python3.12/site-packages/airflow/example_dags/tutorial_taskflow_api.py
[2024-07-27T22:16:10.412+0000] {processor.py:830} INFO - Processing file /home/airflow/.local/lib/python3.12/site-packages/airflow/example_dags/tutorial_taskflow_api.py for tasks to queue
[2024-07-27T22:16:10.415+0000] {logging_mixin.py:188} INFO - [2024-07-27T22:16:10.414+0000] {dagbag.py:545} INFO - Filling up the DagBag from /home/airflow/.local/lib/python3.12/site-packages/airflow/example_dags/tutorial_taskflow_api.py
[2024-07-27T22:16:10.422+0000] {processor.py:840} INFO - DAG(s) 'tutorial_taskflow_api' retrieved from /home/airflow/.local/lib/python3.12/site-packages/airflow/example_dags/tutorial_taskflow_api.py
[2024-07-27T22:16:10.437+0000] {logging_mixin.py:188} INFO - [2024-07-27T22:16:10.437+0000] {dag.py:3089} INFO - Sync 1 DAGs
[2024-07-27T22:16:10.445+0000] {logging_mixin.py:188} INFO - [2024-07-27T22:16:10.445+0000] {dag.py:3947} INFO - Setting next_dagrun for tutorial_taskflow_api to None, run_after=None
[2024-07-27T22:16:10.455+0000] {processor.py:183} INFO - Processing /home/airflow/.local/lib/python3.12/site-packages/airflow/example_dags/tutorial_taskflow_api.py took 0.051 seconds
[2024-07-27T22:16:40.603+0000] {processor.py:161} INFO - Started process (PID=10650) to work on /home/airflow/.local/lib/python3.12/site-packages/airflow/example_dags/tutorial_taskflow_api.py
[2024-07-27T22:16:40.604+0000] {processor.py:830} INFO - Processing file /home/airflow/.local/lib/python3.12/site-packages/airflow/example_dags/tutorial_taskflow_api.py for tasks to queue
[2024-07-27T22:16:40.605+0000] {logging_mixin.py:188} INFO - [2024-07-27T22:16:40.605+0000] {dagbag.py:545} INFO - Filling up the DagBag from /home/airflow/.local/lib/python3.12/site-packages/airflow/example_dags/tutorial_taskflow_api.py
[2024-07-27T22:16:40.609+0000] {processor.py:840} INFO - DAG(s) 'tutorial_taskflow_api' retrieved from /home/airflow/.local/lib/python3.12/site-packages/airflow/example_dags/tutorial_taskflow_api.py
[2024-07-27T22:16:40.622+0000] {logging_mixin.py:188} INFO - [2024-07-27T22:16:40.622+0000] {dag.py:3089} INFO - Sync 1 DAGs
[2024-07-27T22:16:40.629+0000] {logging_mixin.py:188} INFO - [2024-07-27T22:16:40.629+0000] {dag.py:3947} INFO - Setting next_dagrun for tutorial_taskflow_api to None, run_after=None
[2024-07-27T22:16:40.638+0000] {processor.py:183} INFO - Processing /home/airflow/.local/lib/python3.12/site-packages/airflow/example_dags/tutorial_taskflow_api.py took 0.038 seconds
[2024-07-27T22:17:11.274+0000] {processor.py:161} INFO - Started process (PID=10912) to work on /home/airflow/.local/lib/python3.12/site-packages/airflow/example_dags/tutorial_taskflow_api.py
[2024-07-27T22:17:11.276+0000] {processor.py:830} INFO - Processing file /home/airflow/.local/lib/python3.12/site-packages/airflow/example_dags/tutorial_taskflow_api.py for tasks to queue
[2024-07-27T22:17:11.279+0000] {logging_mixin.py:188} INFO - [2024-07-27T22:17:11.279+0000] {dagbag.py:545} INFO - Filling up the DagBag from /home/airflow/.local/lib/python3.12/site-packages/airflow/example_dags/tutorial_taskflow_api.py
[2024-07-27T22:17:11.286+0000] {processor.py:840} INFO - DAG(s) 'tutorial_taskflow_api' retrieved from /home/airflow/.local/lib/python3.12/site-packages/airflow/example_dags/tutorial_taskflow_api.py
[2024-07-27T22:17:11.303+0000] {logging_mixin.py:188} INFO - [2024-07-27T22:17:11.303+0000] {dag.py:3089} INFO - Sync 1 DAGs
[2024-07-27T22:17:11.311+0000] {logging_mixin.py:188} INFO - [2024-07-27T22:17:11.311+0000] {dag.py:3947} INFO - Setting next_dagrun for tutorial_taskflow_api to None, run_after=None
[2024-07-27T22:17:11.321+0000] {processor.py:183} INFO - Processing /home/airflow/.local/lib/python3.12/site-packages/airflow/example_dags/tutorial_taskflow_api.py took 0.056 seconds
[2024-07-27T22:17:42.250+0000] {processor.py:161} INFO - Started process (PID=11173) to work on /home/airflow/.local/lib/python3.12/site-packages/airflow/example_dags/tutorial_taskflow_api.py
[2024-07-27T22:17:42.252+0000] {processor.py:830} INFO - Processing file /home/airflow/.local/lib/python3.12/site-packages/airflow/example_dags/tutorial_taskflow_api.py for tasks to queue
[2024-07-27T22:17:42.255+0000] {logging_mixin.py:188} INFO - [2024-07-27T22:17:42.254+0000] {dagbag.py:545} INFO - Filling up the DagBag from /home/airflow/.local/lib/python3.12/site-packages/airflow/example_dags/tutorial_taskflow_api.py
[2024-07-27T22:17:42.268+0000] {processor.py:840} INFO - DAG(s) 'tutorial_taskflow_api' retrieved from /home/airflow/.local/lib/python3.12/site-packages/airflow/example_dags/tutorial_taskflow_api.py
[2024-07-27T22:17:42.306+0000] {logging_mixin.py:188} INFO - [2024-07-27T22:17:42.305+0000] {dag.py:3089} INFO - Sync 1 DAGs
[2024-07-27T22:17:42.444+0000] {logging_mixin.py:188} INFO - [2024-07-27T22:17:42.444+0000] {dag.py:3947} INFO - Setting next_dagrun for tutorial_taskflow_api to None, run_after=None
[2024-07-27T22:17:42.462+0000] {processor.py:183} INFO - Processing /home/airflow/.local/lib/python3.12/site-packages/airflow/example_dags/tutorial_taskflow_api.py took 0.217 seconds
[2024-07-27T22:18:13.176+0000] {processor.py:161} INFO - Started process (PID=11442) to work on /home/airflow/.local/lib/python3.12/site-packages/airflow/example_dags/tutorial_taskflow_api.py
[2024-07-27T22:18:13.177+0000] {processor.py:830} INFO - Processing file /home/airflow/.local/lib/python3.12/site-packages/airflow/example_dags/tutorial_taskflow_api.py for tasks to queue
[2024-07-27T22:18:13.178+0000] {logging_mixin.py:188} INFO - [2024-07-27T22:18:13.178+0000] {dagbag.py:545} INFO - Filling up the DagBag from /home/airflow/.local/lib/python3.12/site-packages/airflow/example_dags/tutorial_taskflow_api.py
[2024-07-27T22:18:13.182+0000] {processor.py:840} INFO - DAG(s) 'tutorial_taskflow_api' retrieved from /home/airflow/.local/lib/python3.12/site-packages/airflow/example_dags/tutorial_taskflow_api.py
[2024-07-27T22:18:13.198+0000] {logging_mixin.py:188} INFO - [2024-07-27T22:18:13.198+0000] {dag.py:3089} INFO - Sync 1 DAGs
[2024-07-27T22:18:13.206+0000] {logging_mixin.py:188} INFO - [2024-07-27T22:18:13.205+0000] {dag.py:3947} INFO - Setting next_dagrun for tutorial_taskflow_api to None, run_after=None
[2024-07-27T22:18:13.217+0000] {processor.py:183} INFO - Processing /home/airflow/.local/lib/python3.12/site-packages/airflow/example_dags/tutorial_taskflow_api.py took 0.046 seconds
[2024-07-27T22:18:43.365+0000] {processor.py:161} INFO - Started process (PID=11704) to work on /home/airflow/.local/lib/python3.12/site-packages/airflow/example_dags/tutorial_taskflow_api.py
[2024-07-27T22:18:43.367+0000] {processor.py:830} INFO - Processing file /home/airflow/.local/lib/python3.12/site-packages/airflow/example_dags/tutorial_taskflow_api.py for tasks to queue
[2024-07-27T22:18:43.369+0000] {logging_mixin.py:188} INFO - [2024-07-27T22:18:43.368+0000] {dagbag.py:545} INFO - Filling up the DagBag from /home/airflow/.local/lib/python3.12/site-packages/airflow/example_dags/tutorial_taskflow_api.py
[2024-07-27T22:18:43.375+0000] {processor.py:840} INFO - DAG(s) 'tutorial_taskflow_api' retrieved from /home/airflow/.local/lib/python3.12/site-packages/airflow/example_dags/tutorial_taskflow_api.py
[2024-07-27T22:18:43.392+0000] {logging_mixin.py:188} INFO - [2024-07-27T22:18:43.392+0000] {dag.py:3089} INFO - Sync 1 DAGs
[2024-07-27T22:18:43.400+0000] {logging_mixin.py:188} INFO - [2024-07-27T22:18:43.400+0000] {dag.py:3947} INFO - Setting next_dagrun for tutorial_taskflow_api to None, run_after=None
[2024-07-27T22:18:43.413+0000] {processor.py:183} INFO - Processing /home/airflow/.local/lib/python3.12/site-packages/airflow/example_dags/tutorial_taskflow_api.py took 0.055 seconds
[2024-07-27T22:19:13.826+0000] {processor.py:161} INFO - Started process (PID=11966) to work on /home/airflow/.local/lib/python3.12/site-packages/airflow/example_dags/tutorial_taskflow_api.py
[2024-07-27T22:19:13.827+0000] {processor.py:830} INFO - Processing file /home/airflow/.local/lib/python3.12/site-packages/airflow/example_dags/tutorial_taskflow_api.py for tasks to queue
[2024-07-27T22:19:13.828+0000] {logging_mixin.py:188} INFO - [2024-07-27T22:19:13.828+0000] {dagbag.py:545} INFO - Filling up the DagBag from /home/airflow/.local/lib/python3.12/site-packages/airflow/example_dags/tutorial_taskflow_api.py
[2024-07-27T22:19:13.833+0000] {processor.py:840} INFO - DAG(s) 'tutorial_taskflow_api' retrieved from /home/airflow/.local/lib/python3.12/site-packages/airflow/example_dags/tutorial_taskflow_api.py
[2024-07-27T22:19:13.850+0000] {logging_mixin.py:188} INFO - [2024-07-27T22:19:13.850+0000] {dag.py:3089} INFO - Sync 1 DAGs
[2024-07-27T22:19:13.857+0000] {logging_mixin.py:188} INFO - [2024-07-27T22:19:13.857+0000] {dag.py:3947} INFO - Setting next_dagrun for tutorial_taskflow_api to None, run_after=None
[2024-07-27T22:19:13.866+0000] {processor.py:183} INFO - Processing /home/airflow/.local/lib/python3.12/site-packages/airflow/example_dags/tutorial_taskflow_api.py took 0.045 seconds
[2024-07-27T22:19:43.954+0000] {processor.py:161} INFO - Started process (PID=12228) to work on /home/airflow/.local/lib/python3.12/site-packages/airflow/example_dags/tutorial_taskflow_api.py
[2024-07-27T22:19:43.955+0000] {processor.py:830} INFO - Processing file /home/airflow/.local/lib/python3.12/site-packages/airflow/example_dags/tutorial_taskflow_api.py for tasks to queue
[2024-07-27T22:19:43.956+0000] {logging_mixin.py:188} INFO - [2024-07-27T22:19:43.956+0000] {dagbag.py:545} INFO - Filling up the DagBag from /home/airflow/.local/lib/python3.12/site-packages/airflow/example_dags/tutorial_taskflow_api.py
[2024-07-27T22:19:43.960+0000] {processor.py:840} INFO - DAG(s) 'tutorial_taskflow_api' retrieved from /home/airflow/.local/lib/python3.12/site-packages/airflow/example_dags/tutorial_taskflow_api.py
[2024-07-27T22:19:43.973+0000] {logging_mixin.py:188} INFO - [2024-07-27T22:19:43.973+0000] {dag.py:3089} INFO - Sync 1 DAGs
[2024-07-27T22:19:43.983+0000] {logging_mixin.py:188} INFO - [2024-07-27T22:19:43.983+0000] {dag.py:3947} INFO - Setting next_dagrun for tutorial_taskflow_api to None, run_after=None
[2024-07-27T22:19:43.997+0000] {processor.py:183} INFO - Processing /home/airflow/.local/lib/python3.12/site-packages/airflow/example_dags/tutorial_taskflow_api.py took 0.047 seconds
[2024-07-27T22:20:14.496+0000] {processor.py:161} INFO - Started process (PID=12495) to work on /home/airflow/.local/lib/python3.12/site-packages/airflow/example_dags/tutorial_taskflow_api.py
[2024-07-27T22:20:14.498+0000] {processor.py:830} INFO - Processing file /home/airflow/.local/lib/python3.12/site-packages/airflow/example_dags/tutorial_taskflow_api.py for tasks to queue
[2024-07-27T22:20:14.501+0000] {logging_mixin.py:188} INFO - [2024-07-27T22:20:14.500+0000] {dagbag.py:545} INFO - Filling up the DagBag from /home/airflow/.local/lib/python3.12/site-packages/airflow/example_dags/tutorial_taskflow_api.py
[2024-07-27T22:20:14.507+0000] {processor.py:840} INFO - DAG(s) 'tutorial_taskflow_api' retrieved from /home/airflow/.local/lib/python3.12/site-packages/airflow/example_dags/tutorial_taskflow_api.py
[2024-07-27T22:20:14.522+0000] {logging_mixin.py:188} INFO - [2024-07-27T22:20:14.522+0000] {dag.py:3089} INFO - Sync 1 DAGs
[2024-07-27T22:20:14.530+0000] {logging_mixin.py:188} INFO - [2024-07-27T22:20:14.530+0000] {dag.py:3947} INFO - Setting next_dagrun for tutorial_taskflow_api to None, run_after=None
[2024-07-27T22:20:14.544+0000] {processor.py:183} INFO - Processing /home/airflow/.local/lib/python3.12/site-packages/airflow/example_dags/tutorial_taskflow_api.py took 0.054 seconds
[2024-07-27T22:20:44.834+0000] {processor.py:161} INFO - Started process (PID=12762) to work on /home/airflow/.local/lib/python3.12/site-packages/airflow/example_dags/tutorial_taskflow_api.py
[2024-07-27T22:20:44.835+0000] {processor.py:830} INFO - Processing file /home/airflow/.local/lib/python3.12/site-packages/airflow/example_dags/tutorial_taskflow_api.py for tasks to queue
[2024-07-27T22:20:44.837+0000] {logging_mixin.py:188} INFO - [2024-07-27T22:20:44.837+0000] {dagbag.py:545} INFO - Filling up the DagBag from /home/airflow/.local/lib/python3.12/site-packages/airflow/example_dags/tutorial_taskflow_api.py
[2024-07-27T22:20:44.844+0000] {processor.py:840} INFO - DAG(s) 'tutorial_taskflow_api' retrieved from /home/airflow/.local/lib/python3.12/site-packages/airflow/example_dags/tutorial_taskflow_api.py
[2024-07-27T22:20:44.864+0000] {logging_mixin.py:188} INFO - [2024-07-27T22:20:44.864+0000] {dag.py:3089} INFO - Sync 1 DAGs
[2024-07-27T22:20:44.875+0000] {logging_mixin.py:188} INFO - [2024-07-27T22:20:44.875+0000] {dag.py:3947} INFO - Setting next_dagrun for tutorial_taskflow_api to None, run_after=None
[2024-07-27T22:20:44.885+0000] {processor.py:183} INFO - Processing /home/airflow/.local/lib/python3.12/site-packages/airflow/example_dags/tutorial_taskflow_api.py took 0.057 seconds
[2024-07-27T22:21:15.415+0000] {processor.py:161} INFO - Started process (PID=13029) to work on /home/airflow/.local/lib/python3.12/site-packages/airflow/example_dags/tutorial_taskflow_api.py
[2024-07-27T22:21:15.416+0000] {processor.py:830} INFO - Processing file /home/airflow/.local/lib/python3.12/site-packages/airflow/example_dags/tutorial_taskflow_api.py for tasks to queue
[2024-07-27T22:21:15.418+0000] {logging_mixin.py:188} INFO - [2024-07-27T22:21:15.417+0000] {dagbag.py:545} INFO - Filling up the DagBag from /home/airflow/.local/lib/python3.12/site-packages/airflow/example_dags/tutorial_taskflow_api.py
[2024-07-27T22:21:15.424+0000] {processor.py:840} INFO - DAG(s) 'tutorial_taskflow_api' retrieved from /home/airflow/.local/lib/python3.12/site-packages/airflow/example_dags/tutorial_taskflow_api.py
[2024-07-27T22:21:15.439+0000] {logging_mixin.py:188} INFO - [2024-07-27T22:21:15.439+0000] {dag.py:3089} INFO - Sync 1 DAGs
[2024-07-27T22:21:15.447+0000] {logging_mixin.py:188} INFO - [2024-07-27T22:21:15.446+0000] {dag.py:3947} INFO - Setting next_dagrun for tutorial_taskflow_api to None, run_after=None
[2024-07-27T22:21:15.457+0000] {processor.py:183} INFO - Processing /home/airflow/.local/lib/python3.12/site-packages/airflow/example_dags/tutorial_taskflow_api.py took 0.049 seconds
[2024-07-27T22:21:45.782+0000] {processor.py:161} INFO - Started process (PID=13301) to work on /home/airflow/.local/lib/python3.12/site-packages/airflow/example_dags/tutorial_taskflow_api.py
[2024-07-27T22:21:45.783+0000] {processor.py:830} INFO - Processing file /home/airflow/.local/lib/python3.12/site-packages/airflow/example_dags/tutorial_taskflow_api.py for tasks to queue
[2024-07-27T22:21:45.785+0000] {logging_mixin.py:188} INFO - [2024-07-27T22:21:45.784+0000] {dagbag.py:545} INFO - Filling up the DagBag from /home/airflow/.local/lib/python3.12/site-packages/airflow/example_dags/tutorial_taskflow_api.py
[2024-07-27T22:21:45.789+0000] {processor.py:840} INFO - DAG(s) 'tutorial_taskflow_api' retrieved from /home/airflow/.local/lib/python3.12/site-packages/airflow/example_dags/tutorial_taskflow_api.py
[2024-07-27T22:21:45.805+0000] {logging_mixin.py:188} INFO - [2024-07-27T22:21:45.805+0000] {dag.py:3089} INFO - Sync 1 DAGs
[2024-07-27T22:21:45.812+0000] {logging_mixin.py:188} INFO - [2024-07-27T22:21:45.812+0000] {dag.py:3947} INFO - Setting next_dagrun for tutorial_taskflow_api to None, run_after=None
[2024-07-27T22:21:45.821+0000] {processor.py:183} INFO - Processing /home/airflow/.local/lib/python3.12/site-packages/airflow/example_dags/tutorial_taskflow_api.py took 0.045 seconds
[2024-07-27T22:22:16.092+0000] {processor.py:161} INFO - Started process (PID=13568) to work on /home/airflow/.local/lib/python3.12/site-packages/airflow/example_dags/tutorial_taskflow_api.py
[2024-07-27T22:22:16.093+0000] {processor.py:830} INFO - Processing file /home/airflow/.local/lib/python3.12/site-packages/airflow/example_dags/tutorial_taskflow_api.py for tasks to queue
[2024-07-27T22:22:16.094+0000] {logging_mixin.py:188} INFO - [2024-07-27T22:22:16.094+0000] {dagbag.py:545} INFO - Filling up the DagBag from /home/airflow/.local/lib/python3.12/site-packages/airflow/example_dags/tutorial_taskflow_api.py
[2024-07-27T22:22:16.106+0000] {processor.py:840} INFO - DAG(s) 'tutorial_taskflow_api' retrieved from /home/airflow/.local/lib/python3.12/site-packages/airflow/example_dags/tutorial_taskflow_api.py
[2024-07-27T22:22:16.137+0000] {logging_mixin.py:188} INFO - [2024-07-27T22:22:16.136+0000] {dag.py:3089} INFO - Sync 1 DAGs
[2024-07-27T22:22:16.144+0000] {logging_mixin.py:188} INFO - [2024-07-27T22:22:16.144+0000] {dag.py:3947} INFO - Setting next_dagrun for tutorial_taskflow_api to None, run_after=None
[2024-07-27T22:22:16.156+0000] {processor.py:183} INFO - Processing /home/airflow/.local/lib/python3.12/site-packages/airflow/example_dags/tutorial_taskflow_api.py took 0.073 seconds
[2024-07-27T22:22:46.536+0000] {processor.py:161} INFO - Started process (PID=13835) to work on /home/airflow/.local/lib/python3.12/site-packages/airflow/example_dags/tutorial_taskflow_api.py
[2024-07-27T22:22:46.538+0000] {processor.py:830} INFO - Processing file /home/airflow/.local/lib/python3.12/site-packages/airflow/example_dags/tutorial_taskflow_api.py for tasks to queue
[2024-07-27T22:22:46.540+0000] {logging_mixin.py:188} INFO - [2024-07-27T22:22:46.540+0000] {dagbag.py:545} INFO - Filling up the DagBag from /home/airflow/.local/lib/python3.12/site-packages/airflow/example_dags/tutorial_taskflow_api.py
[2024-07-27T22:22:46.545+0000] {processor.py:840} INFO - DAG(s) 'tutorial_taskflow_api' retrieved from /home/airflow/.local/lib/python3.12/site-packages/airflow/example_dags/tutorial_taskflow_api.py
[2024-07-27T22:22:46.560+0000] {logging_mixin.py:188} INFO - [2024-07-27T22:22:46.560+0000] {dag.py:3089} INFO - Sync 1 DAGs
[2024-07-27T22:22:46.568+0000] {logging_mixin.py:188} INFO - [2024-07-27T22:22:46.568+0000] {dag.py:3947} INFO - Setting next_dagrun for tutorial_taskflow_api to None, run_after=None
[2024-07-27T22:22:46.580+0000] {processor.py:183} INFO - Processing /home/airflow/.local/lib/python3.12/site-packages/airflow/example_dags/tutorial_taskflow_api.py took 0.049 seconds
[2024-07-27T22:23:17.151+0000] {processor.py:161} INFO - Started process (PID=14123) to work on /home/airflow/.local/lib/python3.12/site-packages/airflow/example_dags/tutorial_taskflow_api.py
[2024-07-27T22:23:17.152+0000] {processor.py:830} INFO - Processing file /home/airflow/.local/lib/python3.12/site-packages/airflow/example_dags/tutorial_taskflow_api.py for tasks to queue
[2024-07-27T22:23:17.154+0000] {logging_mixin.py:188} INFO - [2024-07-27T22:23:17.154+0000] {dagbag.py:545} INFO - Filling up the DagBag from /home/airflow/.local/lib/python3.12/site-packages/airflow/example_dags/tutorial_taskflow_api.py
[2024-07-27T22:23:17.161+0000] {processor.py:840} INFO - DAG(s) 'tutorial_taskflow_api' retrieved from /home/airflow/.local/lib/python3.12/site-packages/airflow/example_dags/tutorial_taskflow_api.py
[2024-07-27T22:23:17.177+0000] {logging_mixin.py:188} INFO - [2024-07-27T22:23:17.177+0000] {dag.py:3089} INFO - Sync 1 DAGs
[2024-07-27T22:23:17.185+0000] {logging_mixin.py:188} INFO - [2024-07-27T22:23:17.185+0000] {dag.py:3947} INFO - Setting next_dagrun for tutorial_taskflow_api to None, run_after=None
[2024-07-27T22:23:17.196+0000] {processor.py:183} INFO - Processing /home/airflow/.local/lib/python3.12/site-packages/airflow/example_dags/tutorial_taskflow_api.py took 0.051 seconds
[2024-07-27T22:23:47.494+0000] {processor.py:161} INFO - Started process (PID=14390) to work on /home/airflow/.local/lib/python3.12/site-packages/airflow/example_dags/tutorial_taskflow_api.py
[2024-07-27T22:23:47.496+0000] {processor.py:830} INFO - Processing file /home/airflow/.local/lib/python3.12/site-packages/airflow/example_dags/tutorial_taskflow_api.py for tasks to queue
[2024-07-27T22:23:47.498+0000] {logging_mixin.py:188} INFO - [2024-07-27T22:23:47.498+0000] {dagbag.py:545} INFO - Filling up the DagBag from /home/airflow/.local/lib/python3.12/site-packages/airflow/example_dags/tutorial_taskflow_api.py
[2024-07-27T22:23:47.506+0000] {processor.py:840} INFO - DAG(s) 'tutorial_taskflow_api' retrieved from /home/airflow/.local/lib/python3.12/site-packages/airflow/example_dags/tutorial_taskflow_api.py
[2024-07-27T22:23:47.527+0000] {logging_mixin.py:188} INFO - [2024-07-27T22:23:47.526+0000] {dag.py:3089} INFO - Sync 1 DAGs
[2024-07-27T22:23:47.536+0000] {logging_mixin.py:188} INFO - [2024-07-27T22:23:47.536+0000] {dag.py:3947} INFO - Setting next_dagrun for tutorial_taskflow_api to None, run_after=None
[2024-07-27T22:23:47.546+0000] {processor.py:183} INFO - Processing /home/airflow/.local/lib/python3.12/site-packages/airflow/example_dags/tutorial_taskflow_api.py took 0.061 seconds
[2024-07-27T22:24:17.721+0000] {processor.py:161} INFO - Started process (PID=14657) to work on /home/airflow/.local/lib/python3.12/site-packages/airflow/example_dags/tutorial_taskflow_api.py
[2024-07-27T22:24:17.722+0000] {processor.py:830} INFO - Processing file /home/airflow/.local/lib/python3.12/site-packages/airflow/example_dags/tutorial_taskflow_api.py for tasks to queue
[2024-07-27T22:24:17.724+0000] {logging_mixin.py:188} INFO - [2024-07-27T22:24:17.723+0000] {dagbag.py:545} INFO - Filling up the DagBag from /home/airflow/.local/lib/python3.12/site-packages/airflow/example_dags/tutorial_taskflow_api.py
[2024-07-27T22:24:17.730+0000] {processor.py:840} INFO - DAG(s) 'tutorial_taskflow_api' retrieved from /home/airflow/.local/lib/python3.12/site-packages/airflow/example_dags/tutorial_taskflow_api.py
[2024-07-27T22:24:17.747+0000] {logging_mixin.py:188} INFO - [2024-07-27T22:24:17.747+0000] {dag.py:3089} INFO - Sync 1 DAGs
[2024-07-27T22:24:17.757+0000] {logging_mixin.py:188} INFO - [2024-07-27T22:24:17.757+0000] {dag.py:3947} INFO - Setting next_dagrun for tutorial_taskflow_api to None, run_after=None
[2024-07-27T22:24:17.770+0000] {processor.py:183} INFO - Processing /home/airflow/.local/lib/python3.12/site-packages/airflow/example_dags/tutorial_taskflow_api.py took 0.057 seconds
[2024-07-27T22:24:47.889+0000] {processor.py:161} INFO - Started process (PID=14924) to work on /home/airflow/.local/lib/python3.12/site-packages/airflow/example_dags/tutorial_taskflow_api.py
[2024-07-27T22:24:47.891+0000] {processor.py:830} INFO - Processing file /home/airflow/.local/lib/python3.12/site-packages/airflow/example_dags/tutorial_taskflow_api.py for tasks to queue
[2024-07-27T22:24:47.895+0000] {logging_mixin.py:188} INFO - [2024-07-27T22:24:47.894+0000] {dagbag.py:545} INFO - Filling up the DagBag from /home/airflow/.local/lib/python3.12/site-packages/airflow/example_dags/tutorial_taskflow_api.py
[2024-07-27T22:24:47.905+0000] {processor.py:840} INFO - DAG(s) 'tutorial_taskflow_api' retrieved from /home/airflow/.local/lib/python3.12/site-packages/airflow/example_dags/tutorial_taskflow_api.py
[2024-07-27T22:24:47.923+0000] {logging_mixin.py:188} INFO - [2024-07-27T22:24:47.923+0000] {dag.py:3089} INFO - Sync 1 DAGs
[2024-07-27T22:24:47.933+0000] {logging_mixin.py:188} INFO - [2024-07-27T22:24:47.932+0000] {dag.py:3947} INFO - Setting next_dagrun for tutorial_taskflow_api to None, run_after=None
[2024-07-27T22:24:47.945+0000] {processor.py:183} INFO - Processing /home/airflow/.local/lib/python3.12/site-packages/airflow/example_dags/tutorial_taskflow_api.py took 0.066 seconds
[2024-07-27T22:25:18.218+0000] {processor.py:161} INFO - Started process (PID=15191) to work on /home/airflow/.local/lib/python3.12/site-packages/airflow/example_dags/tutorial_taskflow_api.py
[2024-07-27T22:25:18.219+0000] {processor.py:830} INFO - Processing file /home/airflow/.local/lib/python3.12/site-packages/airflow/example_dags/tutorial_taskflow_api.py for tasks to queue
[2024-07-27T22:25:18.221+0000] {logging_mixin.py:188} INFO - [2024-07-27T22:25:18.221+0000] {dagbag.py:545} INFO - Filling up the DagBag from /home/airflow/.local/lib/python3.12/site-packages/airflow/example_dags/tutorial_taskflow_api.py
[2024-07-27T22:25:18.228+0000] {processor.py:840} INFO - DAG(s) 'tutorial_taskflow_api' retrieved from /home/airflow/.local/lib/python3.12/site-packages/airflow/example_dags/tutorial_taskflow_api.py
[2024-07-27T22:25:18.252+0000] {logging_mixin.py:188} INFO - [2024-07-27T22:25:18.252+0000] {dag.py:3089} INFO - Sync 1 DAGs
[2024-07-27T22:25:18.260+0000] {logging_mixin.py:188} INFO - [2024-07-27T22:25:18.259+0000] {dag.py:3947} INFO - Setting next_dagrun for tutorial_taskflow_api to None, run_after=None
[2024-07-27T22:25:18.269+0000] {processor.py:183} INFO - Processing /home/airflow/.local/lib/python3.12/site-packages/airflow/example_dags/tutorial_taskflow_api.py took 0.058 seconds
[2024-07-27T22:25:48.491+0000] {processor.py:161} INFO - Started process (PID=15458) to work on /home/airflow/.local/lib/python3.12/site-packages/airflow/example_dags/tutorial_taskflow_api.py
[2024-07-27T22:25:48.493+0000] {processor.py:830} INFO - Processing file /home/airflow/.local/lib/python3.12/site-packages/airflow/example_dags/tutorial_taskflow_api.py for tasks to queue
[2024-07-27T22:25:48.495+0000] {logging_mixin.py:188} INFO - [2024-07-27T22:25:48.495+0000] {dagbag.py:545} INFO - Filling up the DagBag from /home/airflow/.local/lib/python3.12/site-packages/airflow/example_dags/tutorial_taskflow_api.py
[2024-07-27T22:25:48.502+0000] {processor.py:840} INFO - DAG(s) 'tutorial_taskflow_api' retrieved from /home/airflow/.local/lib/python3.12/site-packages/airflow/example_dags/tutorial_taskflow_api.py
[2024-07-27T22:25:48.516+0000] {logging_mixin.py:188} INFO - [2024-07-27T22:25:48.516+0000] {dag.py:3089} INFO - Sync 1 DAGs
[2024-07-27T22:25:48.523+0000] {logging_mixin.py:188} INFO - [2024-07-27T22:25:48.523+0000] {dag.py:3947} INFO - Setting next_dagrun for tutorial_taskflow_api to None, run_after=None
[2024-07-27T22:25:48.533+0000] {processor.py:183} INFO - Processing /home/airflow/.local/lib/python3.12/site-packages/airflow/example_dags/tutorial_taskflow_api.py took 0.050 seconds
[2024-07-27T22:26:18.867+0000] {processor.py:161} INFO - Started process (PID=15730) to work on /home/airflow/.local/lib/python3.12/site-packages/airflow/example_dags/tutorial_taskflow_api.py
[2024-07-27T22:26:18.868+0000] {processor.py:830} INFO - Processing file /home/airflow/.local/lib/python3.12/site-packages/airflow/example_dags/tutorial_taskflow_api.py for tasks to queue
[2024-07-27T22:26:18.870+0000] {logging_mixin.py:188} INFO - [2024-07-27T22:26:18.869+0000] {dagbag.py:545} INFO - Filling up the DagBag from /home/airflow/.local/lib/python3.12/site-packages/airflow/example_dags/tutorial_taskflow_api.py
[2024-07-27T22:26:18.876+0000] {processor.py:840} INFO - DAG(s) 'tutorial_taskflow_api' retrieved from /home/airflow/.local/lib/python3.12/site-packages/airflow/example_dags/tutorial_taskflow_api.py
[2024-07-27T22:26:18.891+0000] {logging_mixin.py:188} INFO - [2024-07-27T22:26:18.891+0000] {dag.py:3089} INFO - Sync 1 DAGs
[2024-07-27T22:26:18.908+0000] {logging_mixin.py:188} INFO - [2024-07-27T22:26:18.908+0000] {dag.py:3947} INFO - Setting next_dagrun for tutorial_taskflow_api to None, run_after=None
[2024-07-27T22:26:18.929+0000] {processor.py:183} INFO - Processing /home/airflow/.local/lib/python3.12/site-packages/airflow/example_dags/tutorial_taskflow_api.py took 0.068 seconds
[2024-07-27T22:55:20.123+0000] {processor.py:161} INFO - Started process (PID=15982) to work on /home/airflow/.local/lib/python3.12/site-packages/airflow/example_dags/tutorial_taskflow_api.py
[2024-07-27T22:55:20.124+0000] {processor.py:830} INFO - Processing file /home/airflow/.local/lib/python3.12/site-packages/airflow/example_dags/tutorial_taskflow_api.py for tasks to queue
[2024-07-27T22:55:20.125+0000] {logging_mixin.py:188} INFO - [2024-07-27T22:55:20.125+0000] {dagbag.py:545} INFO - Filling up the DagBag from /home/airflow/.local/lib/python3.12/site-packages/airflow/example_dags/tutorial_taskflow_api.py
[2024-07-27T22:55:20.129+0000] {processor.py:840} INFO - DAG(s) 'tutorial_taskflow_api' retrieved from /home/airflow/.local/lib/python3.12/site-packages/airflow/example_dags/tutorial_taskflow_api.py
[2024-07-27T22:55:20.141+0000] {logging_mixin.py:188} INFO - [2024-07-27T22:55:20.141+0000] {dag.py:3089} INFO - Sync 1 DAGs
[2024-07-27T22:55:20.147+0000] {logging_mixin.py:188} INFO - [2024-07-27T22:55:20.147+0000] {dag.py:3947} INFO - Setting next_dagrun for tutorial_taskflow_api to None, run_after=None
[2024-07-27T22:55:20.157+0000] {processor.py:183} INFO - Processing /home/airflow/.local/lib/python3.12/site-packages/airflow/example_dags/tutorial_taskflow_api.py took 0.038 seconds
[2024-07-27T22:55:50.518+0000] {processor.py:161} INFO - Started process (PID=16250) to work on /home/airflow/.local/lib/python3.12/site-packages/airflow/example_dags/tutorial_taskflow_api.py
[2024-07-27T22:55:50.519+0000] {processor.py:830} INFO - Processing file /home/airflow/.local/lib/python3.12/site-packages/airflow/example_dags/tutorial_taskflow_api.py for tasks to queue
[2024-07-27T22:55:50.520+0000] {logging_mixin.py:188} INFO - [2024-07-27T22:55:50.520+0000] {dagbag.py:545} INFO - Filling up the DagBag from /home/airflow/.local/lib/python3.12/site-packages/airflow/example_dags/tutorial_taskflow_api.py
[2024-07-27T22:55:50.524+0000] {processor.py:840} INFO - DAG(s) 'tutorial_taskflow_api' retrieved from /home/airflow/.local/lib/python3.12/site-packages/airflow/example_dags/tutorial_taskflow_api.py
[2024-07-27T22:55:50.536+0000] {logging_mixin.py:188} INFO - [2024-07-27T22:55:50.536+0000] {dag.py:3089} INFO - Sync 1 DAGs
[2024-07-27T22:55:50.543+0000] {logging_mixin.py:188} INFO - [2024-07-27T22:55:50.543+0000] {dag.py:3947} INFO - Setting next_dagrun for tutorial_taskflow_api to None, run_after=None
[2024-07-27T22:55:50.552+0000] {processor.py:183} INFO - Processing /home/airflow/.local/lib/python3.12/site-packages/airflow/example_dags/tutorial_taskflow_api.py took 0.038 seconds
