[2024-07-27T20:14:08.588+0000] {processor.py:161} INFO - Started process (PID=370) to work on /home/airflow/.local/lib/python3.12/site-packages/airflow/example_dags/tutorial_dag.py
[2024-07-27T20:14:08.589+0000] {processor.py:830} INFO - Processing file /home/airflow/.local/lib/python3.12/site-packages/airflow/example_dags/tutorial_dag.py for tasks to queue
[2024-07-27T20:14:08.590+0000] {logging_mixin.py:188} INFO - [2024-07-27T20:14:08.590+0000] {dagbag.py:545} INFO - Filling up the DagBag from /home/airflow/.local/lib/python3.12/site-packages/airflow/example_dags/tutorial_dag.py
[2024-07-27T20:14:08.594+0000] {processor.py:840} INFO - DAG(s) 'tutorial_dag' retrieved from /home/airflow/.local/lib/python3.12/site-packages/airflow/example_dags/tutorial_dag.py
[2024-07-27T20:14:08.601+0000] {logging_mixin.py:188} INFO - [2024-07-27T20:14:08.601+0000] {dag.py:3089} INFO - Sync 1 DAGs
[2024-07-27T20:14:08.615+0000] {logging_mixin.py:188} INFO - [2024-07-27T20:14:08.615+0000] {dag.py:3947} INFO - Setting next_dagrun for tutorial_dag to None, run_after=None
[2024-07-27T20:14:08.625+0000] {processor.py:183} INFO - Processing /home/airflow/.local/lib/python3.12/site-packages/airflow/example_dags/tutorial_dag.py took 0.041 seconds
[2024-07-27T20:14:39.395+0000] {processor.py:161} INFO - Started process (PID=631) to work on /home/airflow/.local/lib/python3.12/site-packages/airflow/example_dags/tutorial_dag.py
[2024-07-27T20:14:39.396+0000] {processor.py:830} INFO - Processing file /home/airflow/.local/lib/python3.12/site-packages/airflow/example_dags/tutorial_dag.py for tasks to queue
[2024-07-27T20:14:39.397+0000] {logging_mixin.py:188} INFO - [2024-07-27T20:14:39.396+0000] {dagbag.py:545} INFO - Filling up the DagBag from /home/airflow/.local/lib/python3.12/site-packages/airflow/example_dags/tutorial_dag.py
[2024-07-27T20:14:39.399+0000] {processor.py:840} INFO - DAG(s) 'tutorial_dag' retrieved from /home/airflow/.local/lib/python3.12/site-packages/airflow/example_dags/tutorial_dag.py
[2024-07-27T20:14:39.447+0000] {logging_mixin.py:188} INFO - [2024-07-27T20:14:39.447+0000] {dag.py:3089} INFO - Sync 1 DAGs
[2024-07-27T20:14:39.452+0000] {logging_mixin.py:188} INFO - [2024-07-27T20:14:39.452+0000] {dag.py:3947} INFO - Setting next_dagrun for tutorial_dag to None, run_after=None
[2024-07-27T20:14:39.462+0000] {processor.py:183} INFO - Processing /home/airflow/.local/lib/python3.12/site-packages/airflow/example_dags/tutorial_dag.py took 0.070 seconds
[2024-07-27T20:15:09.506+0000] {processor.py:161} INFO - Started process (PID=895) to work on /home/airflow/.local/lib/python3.12/site-packages/airflow/example_dags/tutorial_dag.py
[2024-07-27T20:15:09.507+0000] {processor.py:830} INFO - Processing file /home/airflow/.local/lib/python3.12/site-packages/airflow/example_dags/tutorial_dag.py for tasks to queue
[2024-07-27T20:15:09.508+0000] {logging_mixin.py:188} INFO - [2024-07-27T20:15:09.508+0000] {dagbag.py:545} INFO - Filling up the DagBag from /home/airflow/.local/lib/python3.12/site-packages/airflow/example_dags/tutorial_dag.py
[2024-07-27T20:15:09.511+0000] {processor.py:840} INFO - DAG(s) 'tutorial_dag' retrieved from /home/airflow/.local/lib/python3.12/site-packages/airflow/example_dags/tutorial_dag.py
[2024-07-27T20:15:09.521+0000] {logging_mixin.py:188} INFO - [2024-07-27T20:15:09.521+0000] {dag.py:3089} INFO - Sync 1 DAGs
[2024-07-27T20:15:09.526+0000] {logging_mixin.py:188} INFO - [2024-07-27T20:15:09.526+0000] {dag.py:3947} INFO - Setting next_dagrun for tutorial_dag to None, run_after=None
[2024-07-27T20:15:09.534+0000] {processor.py:183} INFO - Processing /home/airflow/.local/lib/python3.12/site-packages/airflow/example_dags/tutorial_dag.py took 0.031 seconds
[2024-07-27T20:15:39.927+0000] {processor.py:161} INFO - Started process (PID=1156) to work on /home/airflow/.local/lib/python3.12/site-packages/airflow/example_dags/tutorial_dag.py
[2024-07-27T20:15:39.927+0000] {processor.py:830} INFO - Processing file /home/airflow/.local/lib/python3.12/site-packages/airflow/example_dags/tutorial_dag.py for tasks to queue
[2024-07-27T20:15:39.928+0000] {logging_mixin.py:188} INFO - [2024-07-27T20:15:39.928+0000] {dagbag.py:545} INFO - Filling up the DagBag from /home/airflow/.local/lib/python3.12/site-packages/airflow/example_dags/tutorial_dag.py
[2024-07-27T20:15:39.932+0000] {processor.py:840} INFO - DAG(s) 'tutorial_dag' retrieved from /home/airflow/.local/lib/python3.12/site-packages/airflow/example_dags/tutorial_dag.py
[2024-07-27T20:15:39.944+0000] {logging_mixin.py:188} INFO - [2024-07-27T20:15:39.943+0000] {dag.py:3089} INFO - Sync 1 DAGs
[2024-07-27T20:15:39.950+0000] {logging_mixin.py:188} INFO - [2024-07-27T20:15:39.950+0000] {dag.py:3947} INFO - Setting next_dagrun for tutorial_dag to None, run_after=None
[2024-07-27T20:15:39.959+0000] {processor.py:183} INFO - Processing /home/airflow/.local/lib/python3.12/site-packages/airflow/example_dags/tutorial_dag.py took 0.036 seconds
[2024-07-27T20:16:10.096+0000] {processor.py:161} INFO - Started process (PID=1418) to work on /home/airflow/.local/lib/python3.12/site-packages/airflow/example_dags/tutorial_dag.py
[2024-07-27T20:16:10.096+0000] {processor.py:830} INFO - Processing file /home/airflow/.local/lib/python3.12/site-packages/airflow/example_dags/tutorial_dag.py for tasks to queue
[2024-07-27T20:16:10.098+0000] {logging_mixin.py:188} INFO - [2024-07-27T20:16:10.097+0000] {dagbag.py:545} INFO - Filling up the DagBag from /home/airflow/.local/lib/python3.12/site-packages/airflow/example_dags/tutorial_dag.py
[2024-07-27T20:16:10.101+0000] {processor.py:840} INFO - DAG(s) 'tutorial_dag' retrieved from /home/airflow/.local/lib/python3.12/site-packages/airflow/example_dags/tutorial_dag.py
[2024-07-27T20:16:10.113+0000] {logging_mixin.py:188} INFO - [2024-07-27T20:16:10.112+0000] {dag.py:3089} INFO - Sync 1 DAGs
[2024-07-27T20:16:10.119+0000] {logging_mixin.py:188} INFO - [2024-07-27T20:16:10.119+0000] {dag.py:3947} INFO - Setting next_dagrun for tutorial_dag to None, run_after=None
[2024-07-27T20:16:10.129+0000] {processor.py:183} INFO - Processing /home/airflow/.local/lib/python3.12/site-packages/airflow/example_dags/tutorial_dag.py took 0.036 seconds
[2024-07-27T20:16:40.240+0000] {processor.py:161} INFO - Started process (PID=1680) to work on /home/airflow/.local/lib/python3.12/site-packages/airflow/example_dags/tutorial_dag.py
[2024-07-27T20:16:40.241+0000] {processor.py:830} INFO - Processing file /home/airflow/.local/lib/python3.12/site-packages/airflow/example_dags/tutorial_dag.py for tasks to queue
[2024-07-27T20:16:40.242+0000] {logging_mixin.py:188} INFO - [2024-07-27T20:16:40.242+0000] {dagbag.py:545} INFO - Filling up the DagBag from /home/airflow/.local/lib/python3.12/site-packages/airflow/example_dags/tutorial_dag.py
[2024-07-27T20:16:40.245+0000] {processor.py:840} INFO - DAG(s) 'tutorial_dag' retrieved from /home/airflow/.local/lib/python3.12/site-packages/airflow/example_dags/tutorial_dag.py
[2024-07-27T20:16:40.255+0000] {logging_mixin.py:188} INFO - [2024-07-27T20:16:40.255+0000] {dag.py:3089} INFO - Sync 1 DAGs
[2024-07-27T20:16:40.262+0000] {logging_mixin.py:188} INFO - [2024-07-27T20:16:40.262+0000] {dag.py:3947} INFO - Setting next_dagrun for tutorial_dag to None, run_after=None
[2024-07-27T20:16:40.271+0000] {processor.py:183} INFO - Processing /home/airflow/.local/lib/python3.12/site-packages/airflow/example_dags/tutorial_dag.py took 0.034 seconds
[2024-07-27T20:17:11.271+0000] {processor.py:161} INFO - Started process (PID=1940) to work on /home/airflow/.local/lib/python3.12/site-packages/airflow/example_dags/tutorial_dag.py
[2024-07-27T20:17:11.272+0000] {processor.py:830} INFO - Processing file /home/airflow/.local/lib/python3.12/site-packages/airflow/example_dags/tutorial_dag.py for tasks to queue
[2024-07-27T20:17:11.274+0000] {logging_mixin.py:188} INFO - [2024-07-27T20:17:11.274+0000] {dagbag.py:545} INFO - Filling up the DagBag from /home/airflow/.local/lib/python3.12/site-packages/airflow/example_dags/tutorial_dag.py
[2024-07-27T20:17:11.281+0000] {processor.py:840} INFO - DAG(s) 'tutorial_dag' retrieved from /home/airflow/.local/lib/python3.12/site-packages/airflow/example_dags/tutorial_dag.py
[2024-07-27T20:17:11.297+0000] {logging_mixin.py:188} INFO - [2024-07-27T20:17:11.297+0000] {dag.py:3089} INFO - Sync 1 DAGs
[2024-07-27T20:17:11.305+0000] {logging_mixin.py:188} INFO - [2024-07-27T20:17:11.305+0000] {dag.py:3947} INFO - Setting next_dagrun for tutorial_dag to None, run_after=None
[2024-07-27T20:17:11.315+0000] {processor.py:183} INFO - Processing /home/airflow/.local/lib/python3.12/site-packages/airflow/example_dags/tutorial_dag.py took 0.051 seconds
[2024-07-27T22:00:00.021+0000] {processor.py:161} INFO - Started process (PID=2196) to work on /home/airflow/.local/lib/python3.12/site-packages/airflow/example_dags/tutorial_dag.py
[2024-07-27T22:00:00.022+0000] {processor.py:830} INFO - Processing file /home/airflow/.local/lib/python3.12/site-packages/airflow/example_dags/tutorial_dag.py for tasks to queue
[2024-07-27T22:00:00.023+0000] {logging_mixin.py:188} INFO - [2024-07-27T22:00:00.023+0000] {dagbag.py:545} INFO - Filling up the DagBag from /home/airflow/.local/lib/python3.12/site-packages/airflow/example_dags/tutorial_dag.py
[2024-07-27T22:00:00.026+0000] {processor.py:840} INFO - DAG(s) 'tutorial_dag' retrieved from /home/airflow/.local/lib/python3.12/site-packages/airflow/example_dags/tutorial_dag.py
[2024-07-27T22:00:00.044+0000] {logging_mixin.py:188} INFO - [2024-07-27T22:00:00.044+0000] {dag.py:3089} INFO - Sync 1 DAGs
[2024-07-27T22:00:00.063+0000] {logging_mixin.py:188} INFO - [2024-07-27T22:00:00.063+0000] {dag.py:3947} INFO - Setting next_dagrun for tutorial_dag to None, run_after=None
[2024-07-27T22:00:00.081+0000] {processor.py:183} INFO - Processing /home/airflow/.local/lib/python3.12/site-packages/airflow/example_dags/tutorial_dag.py took 0.063 seconds
[2024-07-27T22:00:30.254+0000] {processor.py:161} INFO - Started process (PID=2461) to work on /home/airflow/.local/lib/python3.12/site-packages/airflow/example_dags/tutorial_dag.py
[2024-07-27T22:00:30.255+0000] {processor.py:830} INFO - Processing file /home/airflow/.local/lib/python3.12/site-packages/airflow/example_dags/tutorial_dag.py for tasks to queue
[2024-07-27T22:00:30.256+0000] {logging_mixin.py:188} INFO - [2024-07-27T22:00:30.256+0000] {dagbag.py:545} INFO - Filling up the DagBag from /home/airflow/.local/lib/python3.12/site-packages/airflow/example_dags/tutorial_dag.py
[2024-07-27T22:00:30.259+0000] {processor.py:840} INFO - DAG(s) 'tutorial_dag' retrieved from /home/airflow/.local/lib/python3.12/site-packages/airflow/example_dags/tutorial_dag.py
[2024-07-27T22:00:30.272+0000] {logging_mixin.py:188} INFO - [2024-07-27T22:00:30.271+0000] {dag.py:3089} INFO - Sync 1 DAGs
[2024-07-27T22:00:30.278+0000] {logging_mixin.py:188} INFO - [2024-07-27T22:00:30.278+0000] {dag.py:3947} INFO - Setting next_dagrun for tutorial_dag to None, run_after=None
[2024-07-27T22:00:30.288+0000] {processor.py:183} INFO - Processing /home/airflow/.local/lib/python3.12/site-packages/airflow/example_dags/tutorial_dag.py took 0.038 seconds
[2024-07-27T22:01:01.517+0000] {processor.py:161} INFO - Started process (PID=2727) to work on /home/airflow/.local/lib/python3.12/site-packages/airflow/example_dags/tutorial_dag.py
[2024-07-27T22:01:01.518+0000] {processor.py:830} INFO - Processing file /home/airflow/.local/lib/python3.12/site-packages/airflow/example_dags/tutorial_dag.py for tasks to queue
[2024-07-27T22:01:01.519+0000] {logging_mixin.py:188} INFO - [2024-07-27T22:01:01.519+0000] {dagbag.py:545} INFO - Filling up the DagBag from /home/airflow/.local/lib/python3.12/site-packages/airflow/example_dags/tutorial_dag.py
[2024-07-27T22:01:01.524+0000] {processor.py:840} INFO - DAG(s) 'tutorial_dag' retrieved from /home/airflow/.local/lib/python3.12/site-packages/airflow/example_dags/tutorial_dag.py
[2024-07-27T22:01:01.537+0000] {logging_mixin.py:188} INFO - [2024-07-27T22:01:01.537+0000] {dag.py:3089} INFO - Sync 1 DAGs
[2024-07-27T22:01:01.543+0000] {logging_mixin.py:188} INFO - [2024-07-27T22:01:01.543+0000] {dag.py:3947} INFO - Setting next_dagrun for tutorial_dag to None, run_after=None
[2024-07-27T22:01:01.552+0000] {processor.py:183} INFO - Processing /home/airflow/.local/lib/python3.12/site-packages/airflow/example_dags/tutorial_dag.py took 0.038 seconds
[2024-07-27T22:01:31.865+0000] {processor.py:161} INFO - Started process (PID=2987) to work on /home/airflow/.local/lib/python3.12/site-packages/airflow/example_dags/tutorial_dag.py
[2024-07-27T22:01:31.866+0000] {processor.py:830} INFO - Processing file /home/airflow/.local/lib/python3.12/site-packages/airflow/example_dags/tutorial_dag.py for tasks to queue
[2024-07-27T22:01:31.867+0000] {logging_mixin.py:188} INFO - [2024-07-27T22:01:31.866+0000] {dagbag.py:545} INFO - Filling up the DagBag from /home/airflow/.local/lib/python3.12/site-packages/airflow/example_dags/tutorial_dag.py
[2024-07-27T22:01:31.869+0000] {processor.py:840} INFO - DAG(s) 'tutorial_dag' retrieved from /home/airflow/.local/lib/python3.12/site-packages/airflow/example_dags/tutorial_dag.py
[2024-07-27T22:01:31.879+0000] {logging_mixin.py:188} INFO - [2024-07-27T22:01:31.879+0000] {dag.py:3089} INFO - Sync 1 DAGs
[2024-07-27T22:01:31.885+0000] {logging_mixin.py:188} INFO - [2024-07-27T22:01:31.885+0000] {dag.py:3947} INFO - Setting next_dagrun for tutorial_dag to None, run_after=None
[2024-07-27T22:01:31.895+0000] {processor.py:183} INFO - Processing /home/airflow/.local/lib/python3.12/site-packages/airflow/example_dags/tutorial_dag.py took 0.034 seconds
[2024-07-27T22:02:02.253+0000] {processor.py:161} INFO - Started process (PID=3253) to work on /home/airflow/.local/lib/python3.12/site-packages/airflow/example_dags/tutorial_dag.py
[2024-07-27T22:02:02.254+0000] {processor.py:830} INFO - Processing file /home/airflow/.local/lib/python3.12/site-packages/airflow/example_dags/tutorial_dag.py for tasks to queue
[2024-07-27T22:02:02.255+0000] {logging_mixin.py:188} INFO - [2024-07-27T22:02:02.254+0000] {dagbag.py:545} INFO - Filling up the DagBag from /home/airflow/.local/lib/python3.12/site-packages/airflow/example_dags/tutorial_dag.py
[2024-07-27T22:02:02.257+0000] {processor.py:840} INFO - DAG(s) 'tutorial_dag' retrieved from /home/airflow/.local/lib/python3.12/site-packages/airflow/example_dags/tutorial_dag.py
[2024-07-27T22:02:02.269+0000] {logging_mixin.py:188} INFO - [2024-07-27T22:02:02.269+0000] {dag.py:3089} INFO - Sync 1 DAGs
[2024-07-27T22:02:02.276+0000] {logging_mixin.py:188} INFO - [2024-07-27T22:02:02.276+0000] {dag.py:3947} INFO - Setting next_dagrun for tutorial_dag to None, run_after=None
[2024-07-27T22:02:02.286+0000] {processor.py:183} INFO - Processing /home/airflow/.local/lib/python3.12/site-packages/airflow/example_dags/tutorial_dag.py took 0.037 seconds
[2024-07-27T22:02:32.473+0000] {processor.py:161} INFO - Started process (PID=3508) to work on /home/airflow/.local/lib/python3.12/site-packages/airflow/example_dags/tutorial_dag.py
[2024-07-27T22:02:32.474+0000] {processor.py:830} INFO - Processing file /home/airflow/.local/lib/python3.12/site-packages/airflow/example_dags/tutorial_dag.py for tasks to queue
[2024-07-27T22:02:32.476+0000] {logging_mixin.py:188} INFO - [2024-07-27T22:02:32.475+0000] {dagbag.py:545} INFO - Filling up the DagBag from /home/airflow/.local/lib/python3.12/site-packages/airflow/example_dags/tutorial_dag.py
[2024-07-27T22:02:32.479+0000] {processor.py:840} INFO - DAG(s) 'tutorial_dag' retrieved from /home/airflow/.local/lib/python3.12/site-packages/airflow/example_dags/tutorial_dag.py
[2024-07-27T22:02:32.495+0000] {logging_mixin.py:188} INFO - [2024-07-27T22:02:32.494+0000] {dag.py:3089} INFO - Sync 1 DAGs
[2024-07-27T22:02:32.503+0000] {logging_mixin.py:188} INFO - [2024-07-27T22:02:32.503+0000] {dag.py:3947} INFO - Setting next_dagrun for tutorial_dag to None, run_after=None
[2024-07-27T22:02:32.517+0000] {processor.py:183} INFO - Processing /home/airflow/.local/lib/python3.12/site-packages/airflow/example_dags/tutorial_dag.py took 0.048 seconds
[2024-07-27T22:03:03.018+0000] {processor.py:161} INFO - Started process (PID=3771) to work on /home/airflow/.local/lib/python3.12/site-packages/airflow/example_dags/tutorial_dag.py
[2024-07-27T22:03:03.018+0000] {processor.py:830} INFO - Processing file /home/airflow/.local/lib/python3.12/site-packages/airflow/example_dags/tutorial_dag.py for tasks to queue
[2024-07-27T22:03:03.020+0000] {logging_mixin.py:188} INFO - [2024-07-27T22:03:03.019+0000] {dagbag.py:545} INFO - Filling up the DagBag from /home/airflow/.local/lib/python3.12/site-packages/airflow/example_dags/tutorial_dag.py
[2024-07-27T22:03:03.023+0000] {processor.py:840} INFO - DAG(s) 'tutorial_dag' retrieved from /home/airflow/.local/lib/python3.12/site-packages/airflow/example_dags/tutorial_dag.py
[2024-07-27T22:03:03.034+0000] {logging_mixin.py:188} INFO - [2024-07-27T22:03:03.034+0000] {dag.py:3089} INFO - Sync 1 DAGs
[2024-07-27T22:03:03.041+0000] {logging_mixin.py:188} INFO - [2024-07-27T22:03:03.041+0000] {dag.py:3947} INFO - Setting next_dagrun for tutorial_dag to None, run_after=None
[2024-07-27T22:03:03.052+0000] {processor.py:183} INFO - Processing /home/airflow/.local/lib/python3.12/site-packages/airflow/example_dags/tutorial_dag.py took 0.038 seconds
[2024-07-27T22:03:33.985+0000] {processor.py:161} INFO - Started process (PID=4033) to work on /home/airflow/.local/lib/python3.12/site-packages/airflow/example_dags/tutorial_dag.py
[2024-07-27T22:03:33.986+0000] {processor.py:830} INFO - Processing file /home/airflow/.local/lib/python3.12/site-packages/airflow/example_dags/tutorial_dag.py for tasks to queue
[2024-07-27T22:03:33.987+0000] {logging_mixin.py:188} INFO - [2024-07-27T22:03:33.987+0000] {dagbag.py:545} INFO - Filling up the DagBag from /home/airflow/.local/lib/python3.12/site-packages/airflow/example_dags/tutorial_dag.py
[2024-07-27T22:03:33.990+0000] {processor.py:840} INFO - DAG(s) 'tutorial_dag' retrieved from /home/airflow/.local/lib/python3.12/site-packages/airflow/example_dags/tutorial_dag.py
[2024-07-27T22:03:34.001+0000] {logging_mixin.py:188} INFO - [2024-07-27T22:03:34.001+0000] {dag.py:3089} INFO - Sync 1 DAGs
[2024-07-27T22:03:34.009+0000] {logging_mixin.py:188} INFO - [2024-07-27T22:03:34.008+0000] {dag.py:3947} INFO - Setting next_dagrun for tutorial_dag to None, run_after=None
[2024-07-27T22:03:34.019+0000] {processor.py:183} INFO - Processing /home/airflow/.local/lib/python3.12/site-packages/airflow/example_dags/tutorial_dag.py took 0.038 seconds
[2024-07-27T22:04:04.283+0000] {processor.py:161} INFO - Started process (PID=4295) to work on /home/airflow/.local/lib/python3.12/site-packages/airflow/example_dags/tutorial_dag.py
[2024-07-27T22:04:04.284+0000] {processor.py:830} INFO - Processing file /home/airflow/.local/lib/python3.12/site-packages/airflow/example_dags/tutorial_dag.py for tasks to queue
[2024-07-27T22:04:04.285+0000] {logging_mixin.py:188} INFO - [2024-07-27T22:04:04.285+0000] {dagbag.py:545} INFO - Filling up the DagBag from /home/airflow/.local/lib/python3.12/site-packages/airflow/example_dags/tutorial_dag.py
[2024-07-27T22:04:04.289+0000] {processor.py:840} INFO - DAG(s) 'tutorial_dag' retrieved from /home/airflow/.local/lib/python3.12/site-packages/airflow/example_dags/tutorial_dag.py
[2024-07-27T22:04:04.308+0000] {logging_mixin.py:188} INFO - [2024-07-27T22:04:04.307+0000] {dag.py:3089} INFO - Sync 1 DAGs
[2024-07-27T22:04:04.317+0000] {logging_mixin.py:188} INFO - [2024-07-27T22:04:04.317+0000] {dag.py:3947} INFO - Setting next_dagrun for tutorial_dag to None, run_after=None
[2024-07-27T22:04:04.364+0000] {processor.py:183} INFO - Processing /home/airflow/.local/lib/python3.12/site-packages/airflow/example_dags/tutorial_dag.py took 0.085 seconds
[2024-07-27T22:04:35.393+0000] {processor.py:161} INFO - Started process (PID=4559) to work on /home/airflow/.local/lib/python3.12/site-packages/airflow/example_dags/tutorial_dag.py
[2024-07-27T22:04:35.395+0000] {processor.py:830} INFO - Processing file /home/airflow/.local/lib/python3.12/site-packages/airflow/example_dags/tutorial_dag.py for tasks to queue
[2024-07-27T22:04:35.397+0000] {logging_mixin.py:188} INFO - [2024-07-27T22:04:35.397+0000] {dagbag.py:545} INFO - Filling up the DagBag from /home/airflow/.local/lib/python3.12/site-packages/airflow/example_dags/tutorial_dag.py
[2024-07-27T22:04:35.403+0000] {processor.py:840} INFO - DAG(s) 'tutorial_dag' retrieved from /home/airflow/.local/lib/python3.12/site-packages/airflow/example_dags/tutorial_dag.py
[2024-07-27T22:04:35.419+0000] {logging_mixin.py:188} INFO - [2024-07-27T22:04:35.419+0000] {dag.py:3089} INFO - Sync 1 DAGs
[2024-07-27T22:04:35.427+0000] {logging_mixin.py:188} INFO - [2024-07-27T22:04:35.427+0000] {dag.py:3947} INFO - Setting next_dagrun for tutorial_dag to None, run_after=None
[2024-07-27T22:04:35.439+0000] {processor.py:183} INFO - Processing /home/airflow/.local/lib/python3.12/site-packages/airflow/example_dags/tutorial_dag.py took 0.054 seconds
[2024-07-27T22:05:05.946+0000] {processor.py:161} INFO - Started process (PID=4820) to work on /home/airflow/.local/lib/python3.12/site-packages/airflow/example_dags/tutorial_dag.py
[2024-07-27T22:05:05.948+0000] {processor.py:830} INFO - Processing file /home/airflow/.local/lib/python3.12/site-packages/airflow/example_dags/tutorial_dag.py for tasks to queue
[2024-07-27T22:05:05.950+0000] {logging_mixin.py:188} INFO - [2024-07-27T22:05:05.950+0000] {dagbag.py:545} INFO - Filling up the DagBag from /home/airflow/.local/lib/python3.12/site-packages/airflow/example_dags/tutorial_dag.py
[2024-07-27T22:05:05.955+0000] {processor.py:840} INFO - DAG(s) 'tutorial_dag' retrieved from /home/airflow/.local/lib/python3.12/site-packages/airflow/example_dags/tutorial_dag.py
[2024-07-27T22:05:05.971+0000] {logging_mixin.py:188} INFO - [2024-07-27T22:05:05.971+0000] {dag.py:3089} INFO - Sync 1 DAGs
[2024-07-27T22:05:05.979+0000] {logging_mixin.py:188} INFO - [2024-07-27T22:05:05.979+0000] {dag.py:3947} INFO - Setting next_dagrun for tutorial_dag to None, run_after=None
[2024-07-27T22:05:05.989+0000] {processor.py:183} INFO - Processing /home/airflow/.local/lib/python3.12/site-packages/airflow/example_dags/tutorial_dag.py took 0.051 seconds
[2024-07-27T22:05:36.989+0000] {processor.py:161} INFO - Started process (PID=5082) to work on /home/airflow/.local/lib/python3.12/site-packages/airflow/example_dags/tutorial_dag.py
[2024-07-27T22:05:36.991+0000] {processor.py:830} INFO - Processing file /home/airflow/.local/lib/python3.12/site-packages/airflow/example_dags/tutorial_dag.py for tasks to queue
[2024-07-27T22:05:36.994+0000] {logging_mixin.py:188} INFO - [2024-07-27T22:05:36.993+0000] {dagbag.py:545} INFO - Filling up the DagBag from /home/airflow/.local/lib/python3.12/site-packages/airflow/example_dags/tutorial_dag.py
[2024-07-27T22:05:37.000+0000] {processor.py:840} INFO - DAG(s) 'tutorial_dag' retrieved from /home/airflow/.local/lib/python3.12/site-packages/airflow/example_dags/tutorial_dag.py
[2024-07-27T22:05:37.018+0000] {logging_mixin.py:188} INFO - [2024-07-27T22:05:37.018+0000] {dag.py:3089} INFO - Sync 1 DAGs
[2024-07-27T22:05:37.026+0000] {logging_mixin.py:188} INFO - [2024-07-27T22:05:37.026+0000] {dag.py:3947} INFO - Setting next_dagrun for tutorial_dag to None, run_after=None
[2024-07-27T22:05:37.036+0000] {processor.py:183} INFO - Processing /home/airflow/.local/lib/python3.12/site-packages/airflow/example_dags/tutorial_dag.py took 0.055 seconds
[2024-07-27T22:06:07.171+0000] {processor.py:161} INFO - Started process (PID=5343) to work on /home/airflow/.local/lib/python3.12/site-packages/airflow/example_dags/tutorial_dag.py
[2024-07-27T22:06:07.173+0000] {processor.py:830} INFO - Processing file /home/airflow/.local/lib/python3.12/site-packages/airflow/example_dags/tutorial_dag.py for tasks to queue
[2024-07-27T22:06:07.175+0000] {logging_mixin.py:188} INFO - [2024-07-27T22:06:07.174+0000] {dagbag.py:545} INFO - Filling up the DagBag from /home/airflow/.local/lib/python3.12/site-packages/airflow/example_dags/tutorial_dag.py
[2024-07-27T22:06:07.180+0000] {processor.py:840} INFO - DAG(s) 'tutorial_dag' retrieved from /home/airflow/.local/lib/python3.12/site-packages/airflow/example_dags/tutorial_dag.py
[2024-07-27T22:06:07.199+0000] {logging_mixin.py:188} INFO - [2024-07-27T22:06:07.199+0000] {dag.py:3089} INFO - Sync 1 DAGs
[2024-07-27T22:06:07.207+0000] {logging_mixin.py:188} INFO - [2024-07-27T22:06:07.207+0000] {dag.py:3947} INFO - Setting next_dagrun for tutorial_dag to None, run_after=None
[2024-07-27T22:06:07.218+0000] {processor.py:183} INFO - Processing /home/airflow/.local/lib/python3.12/site-packages/airflow/example_dags/tutorial_dag.py took 0.054 seconds
[2024-07-27T22:06:37.546+0000] {processor.py:161} INFO - Started process (PID=5605) to work on /home/airflow/.local/lib/python3.12/site-packages/airflow/example_dags/tutorial_dag.py
[2024-07-27T22:06:37.548+0000] {processor.py:830} INFO - Processing file /home/airflow/.local/lib/python3.12/site-packages/airflow/example_dags/tutorial_dag.py for tasks to queue
[2024-07-27T22:06:37.551+0000] {logging_mixin.py:188} INFO - [2024-07-27T22:06:37.551+0000] {dagbag.py:545} INFO - Filling up the DagBag from /home/airflow/.local/lib/python3.12/site-packages/airflow/example_dags/tutorial_dag.py
[2024-07-27T22:06:37.557+0000] {processor.py:840} INFO - DAG(s) 'tutorial_dag' retrieved from /home/airflow/.local/lib/python3.12/site-packages/airflow/example_dags/tutorial_dag.py
[2024-07-27T22:06:37.573+0000] {logging_mixin.py:188} INFO - [2024-07-27T22:06:37.573+0000] {dag.py:3089} INFO - Sync 1 DAGs
[2024-07-27T22:06:37.581+0000] {logging_mixin.py:188} INFO - [2024-07-27T22:06:37.581+0000] {dag.py:3947} INFO - Setting next_dagrun for tutorial_dag to None, run_after=None
[2024-07-27T22:06:37.590+0000] {processor.py:183} INFO - Processing /home/airflow/.local/lib/python3.12/site-packages/airflow/example_dags/tutorial_dag.py took 0.055 seconds
[2024-07-27T22:07:07.952+0000] {processor.py:161} INFO - Started process (PID=5867) to work on /home/airflow/.local/lib/python3.12/site-packages/airflow/example_dags/tutorial_dag.py
[2024-07-27T22:07:07.954+0000] {processor.py:830} INFO - Processing file /home/airflow/.local/lib/python3.12/site-packages/airflow/example_dags/tutorial_dag.py for tasks to queue
[2024-07-27T22:07:07.956+0000] {logging_mixin.py:188} INFO - [2024-07-27T22:07:07.956+0000] {dagbag.py:545} INFO - Filling up the DagBag from /home/airflow/.local/lib/python3.12/site-packages/airflow/example_dags/tutorial_dag.py
[2024-07-27T22:07:07.961+0000] {processor.py:840} INFO - DAG(s) 'tutorial_dag' retrieved from /home/airflow/.local/lib/python3.12/site-packages/airflow/example_dags/tutorial_dag.py
[2024-07-27T22:07:07.976+0000] {logging_mixin.py:188} INFO - [2024-07-27T22:07:07.976+0000] {dag.py:3089} INFO - Sync 1 DAGs
[2024-07-27T22:07:07.984+0000] {logging_mixin.py:188} INFO - [2024-07-27T22:07:07.984+0000] {dag.py:3947} INFO - Setting next_dagrun for tutorial_dag to None, run_after=None
[2024-07-27T22:07:07.993+0000] {processor.py:183} INFO - Processing /home/airflow/.local/lib/python3.12/site-packages/airflow/example_dags/tutorial_dag.py took 0.048 seconds
[2024-07-27T22:07:38.094+0000] {processor.py:161} INFO - Started process (PID=6129) to work on /home/airflow/.local/lib/python3.12/site-packages/airflow/example_dags/tutorial_dag.py
[2024-07-27T22:07:38.096+0000] {processor.py:830} INFO - Processing file /home/airflow/.local/lib/python3.12/site-packages/airflow/example_dags/tutorial_dag.py for tasks to queue
[2024-07-27T22:07:38.099+0000] {logging_mixin.py:188} INFO - [2024-07-27T22:07:38.098+0000] {dagbag.py:545} INFO - Filling up the DagBag from /home/airflow/.local/lib/python3.12/site-packages/airflow/example_dags/tutorial_dag.py
[2024-07-27T22:07:38.105+0000] {processor.py:840} INFO - DAG(s) 'tutorial_dag' retrieved from /home/airflow/.local/lib/python3.12/site-packages/airflow/example_dags/tutorial_dag.py
[2024-07-27T22:07:38.123+0000] {logging_mixin.py:188} INFO - [2024-07-27T22:07:38.123+0000] {dag.py:3089} INFO - Sync 1 DAGs
[2024-07-27T22:07:38.131+0000] {logging_mixin.py:188} INFO - [2024-07-27T22:07:38.131+0000] {dag.py:3947} INFO - Setting next_dagrun for tutorial_dag to None, run_after=None
[2024-07-27T22:07:38.142+0000] {processor.py:183} INFO - Processing /home/airflow/.local/lib/python3.12/site-packages/airflow/example_dags/tutorial_dag.py took 0.056 seconds
[2024-07-27T22:08:08.182+0000] {processor.py:161} INFO - Started process (PID=6389) to work on /home/airflow/.local/lib/python3.12/site-packages/airflow/example_dags/tutorial_dag.py
[2024-07-27T22:08:08.183+0000] {processor.py:830} INFO - Processing file /home/airflow/.local/lib/python3.12/site-packages/airflow/example_dags/tutorial_dag.py for tasks to queue
[2024-07-27T22:08:08.184+0000] {logging_mixin.py:188} INFO - [2024-07-27T22:08:08.184+0000] {dagbag.py:545} INFO - Filling up the DagBag from /home/airflow/.local/lib/python3.12/site-packages/airflow/example_dags/tutorial_dag.py
[2024-07-27T22:08:08.187+0000] {processor.py:840} INFO - DAG(s) 'tutorial_dag' retrieved from /home/airflow/.local/lib/python3.12/site-packages/airflow/example_dags/tutorial_dag.py
[2024-07-27T22:08:08.198+0000] {logging_mixin.py:188} INFO - [2024-07-27T22:08:08.198+0000] {dag.py:3089} INFO - Sync 1 DAGs
[2024-07-27T22:08:08.205+0000] {logging_mixin.py:188} INFO - [2024-07-27T22:08:08.205+0000] {dag.py:3947} INFO - Setting next_dagrun for tutorial_dag to None, run_after=None
[2024-07-27T22:08:08.214+0000] {processor.py:183} INFO - Processing /home/airflow/.local/lib/python3.12/site-packages/airflow/example_dags/tutorial_dag.py took 0.036 seconds
[2024-07-27T22:08:38.431+0000] {processor.py:161} INFO - Started process (PID=6651) to work on /home/airflow/.local/lib/python3.12/site-packages/airflow/example_dags/tutorial_dag.py
[2024-07-27T22:08:38.432+0000] {processor.py:830} INFO - Processing file /home/airflow/.local/lib/python3.12/site-packages/airflow/example_dags/tutorial_dag.py for tasks to queue
[2024-07-27T22:08:38.433+0000] {logging_mixin.py:188} INFO - [2024-07-27T22:08:38.433+0000] {dagbag.py:545} INFO - Filling up the DagBag from /home/airflow/.local/lib/python3.12/site-packages/airflow/example_dags/tutorial_dag.py
[2024-07-27T22:08:38.436+0000] {processor.py:840} INFO - DAG(s) 'tutorial_dag' retrieved from /home/airflow/.local/lib/python3.12/site-packages/airflow/example_dags/tutorial_dag.py
[2024-07-27T22:08:38.447+0000] {logging_mixin.py:188} INFO - [2024-07-27T22:08:38.446+0000] {dag.py:3089} INFO - Sync 1 DAGs
[2024-07-27T22:08:38.453+0000] {logging_mixin.py:188} INFO - [2024-07-27T22:08:38.453+0000] {dag.py:3947} INFO - Setting next_dagrun for tutorial_dag to None, run_after=None
[2024-07-27T22:08:38.462+0000] {processor.py:183} INFO - Processing /home/airflow/.local/lib/python3.12/site-packages/airflow/example_dags/tutorial_dag.py took 0.034 seconds
[2024-07-27T22:09:09.362+0000] {processor.py:161} INFO - Started process (PID=6913) to work on /home/airflow/.local/lib/python3.12/site-packages/airflow/example_dags/tutorial_dag.py
[2024-07-27T22:09:09.363+0000] {processor.py:830} INFO - Processing file /home/airflow/.local/lib/python3.12/site-packages/airflow/example_dags/tutorial_dag.py for tasks to queue
[2024-07-27T22:09:09.364+0000] {logging_mixin.py:188} INFO - [2024-07-27T22:09:09.364+0000] {dagbag.py:545} INFO - Filling up the DagBag from /home/airflow/.local/lib/python3.12/site-packages/airflow/example_dags/tutorial_dag.py
[2024-07-27T22:09:09.367+0000] {processor.py:840} INFO - DAG(s) 'tutorial_dag' retrieved from /home/airflow/.local/lib/python3.12/site-packages/airflow/example_dags/tutorial_dag.py
[2024-07-27T22:09:09.377+0000] {logging_mixin.py:188} INFO - [2024-07-27T22:09:09.377+0000] {dag.py:3089} INFO - Sync 1 DAGs
[2024-07-27T22:09:09.383+0000] {logging_mixin.py:188} INFO - [2024-07-27T22:09:09.383+0000] {dag.py:3947} INFO - Setting next_dagrun for tutorial_dag to None, run_after=None
[2024-07-27T22:09:09.393+0000] {processor.py:183} INFO - Processing /home/airflow/.local/lib/python3.12/site-packages/airflow/example_dags/tutorial_dag.py took 0.034 seconds
[2024-07-27T22:09:39.649+0000] {processor.py:161} INFO - Started process (PID=7175) to work on /home/airflow/.local/lib/python3.12/site-packages/airflow/example_dags/tutorial_dag.py
[2024-07-27T22:09:39.650+0000] {processor.py:830} INFO - Processing file /home/airflow/.local/lib/python3.12/site-packages/airflow/example_dags/tutorial_dag.py for tasks to queue
[2024-07-27T22:09:39.651+0000] {logging_mixin.py:188} INFO - [2024-07-27T22:09:39.651+0000] {dagbag.py:545} INFO - Filling up the DagBag from /home/airflow/.local/lib/python3.12/site-packages/airflow/example_dags/tutorial_dag.py
[2024-07-27T22:09:39.654+0000] {processor.py:840} INFO - DAG(s) 'tutorial_dag' retrieved from /home/airflow/.local/lib/python3.12/site-packages/airflow/example_dags/tutorial_dag.py
[2024-07-27T22:09:39.665+0000] {logging_mixin.py:188} INFO - [2024-07-27T22:09:39.664+0000] {dag.py:3089} INFO - Sync 1 DAGs
[2024-07-27T22:09:39.671+0000] {logging_mixin.py:188} INFO - [2024-07-27T22:09:39.671+0000] {dag.py:3947} INFO - Setting next_dagrun for tutorial_dag to None, run_after=None
[2024-07-27T22:09:39.680+0000] {processor.py:183} INFO - Processing /home/airflow/.local/lib/python3.12/site-packages/airflow/example_dags/tutorial_dag.py took 0.035 seconds
[2024-07-27T22:10:09.972+0000] {processor.py:161} INFO - Started process (PID=7437) to work on /home/airflow/.local/lib/python3.12/site-packages/airflow/example_dags/tutorial_dag.py
[2024-07-27T22:10:09.975+0000] {processor.py:830} INFO - Processing file /home/airflow/.local/lib/python3.12/site-packages/airflow/example_dags/tutorial_dag.py for tasks to queue
[2024-07-27T22:10:09.977+0000] {logging_mixin.py:188} INFO - [2024-07-27T22:10:09.976+0000] {dagbag.py:545} INFO - Filling up the DagBag from /home/airflow/.local/lib/python3.12/site-packages/airflow/example_dags/tutorial_dag.py
[2024-07-27T22:10:09.981+0000] {processor.py:840} INFO - DAG(s) 'tutorial_dag' retrieved from /home/airflow/.local/lib/python3.12/site-packages/airflow/example_dags/tutorial_dag.py
[2024-07-27T22:10:09.992+0000] {logging_mixin.py:188} INFO - [2024-07-27T22:10:09.992+0000] {dag.py:3089} INFO - Sync 1 DAGs
[2024-07-27T22:10:09.998+0000] {logging_mixin.py:188} INFO - [2024-07-27T22:10:09.998+0000] {dag.py:3947} INFO - Setting next_dagrun for tutorial_dag to None, run_after=None
[2024-07-27T22:10:10.007+0000] {processor.py:183} INFO - Processing /home/airflow/.local/lib/python3.12/site-packages/airflow/example_dags/tutorial_dag.py took 0.039 seconds
[2024-07-27T22:10:40.391+0000] {processor.py:161} INFO - Started process (PID=7701) to work on /home/airflow/.local/lib/python3.12/site-packages/airflow/example_dags/tutorial_dag.py
[2024-07-27T22:10:40.392+0000] {processor.py:830} INFO - Processing file /home/airflow/.local/lib/python3.12/site-packages/airflow/example_dags/tutorial_dag.py for tasks to queue
[2024-07-27T22:10:40.393+0000] {logging_mixin.py:188} INFO - [2024-07-27T22:10:40.393+0000] {dagbag.py:545} INFO - Filling up the DagBag from /home/airflow/.local/lib/python3.12/site-packages/airflow/example_dags/tutorial_dag.py
[2024-07-27T22:10:40.396+0000] {processor.py:840} INFO - DAG(s) 'tutorial_dag' retrieved from /home/airflow/.local/lib/python3.12/site-packages/airflow/example_dags/tutorial_dag.py
[2024-07-27T22:10:40.406+0000] {logging_mixin.py:188} INFO - [2024-07-27T22:10:40.406+0000] {dag.py:3089} INFO - Sync 1 DAGs
[2024-07-27T22:10:40.412+0000] {logging_mixin.py:188} INFO - [2024-07-27T22:10:40.412+0000] {dag.py:3947} INFO - Setting next_dagrun for tutorial_dag to None, run_after=None
[2024-07-27T22:10:40.420+0000] {processor.py:183} INFO - Processing /home/airflow/.local/lib/python3.12/site-packages/airflow/example_dags/tutorial_dag.py took 0.032 seconds
[2024-07-27T22:11:11.480+0000] {processor.py:161} INFO - Started process (PID=7967) to work on /home/airflow/.local/lib/python3.12/site-packages/airflow/example_dags/tutorial_dag.py
[2024-07-27T22:11:11.480+0000] {processor.py:830} INFO - Processing file /home/airflow/.local/lib/python3.12/site-packages/airflow/example_dags/tutorial_dag.py for tasks to queue
[2024-07-27T22:11:11.481+0000] {logging_mixin.py:188} INFO - [2024-07-27T22:11:11.481+0000] {dagbag.py:545} INFO - Filling up the DagBag from /home/airflow/.local/lib/python3.12/site-packages/airflow/example_dags/tutorial_dag.py
[2024-07-27T22:11:11.484+0000] {processor.py:840} INFO - DAG(s) 'tutorial_dag' retrieved from /home/airflow/.local/lib/python3.12/site-packages/airflow/example_dags/tutorial_dag.py
[2024-07-27T22:11:11.497+0000] {logging_mixin.py:188} INFO - [2024-07-27T22:11:11.497+0000] {dag.py:3089} INFO - Sync 1 DAGs
[2024-07-27T22:11:11.509+0000] {logging_mixin.py:188} INFO - [2024-07-27T22:11:11.509+0000] {dag.py:3947} INFO - Setting next_dagrun for tutorial_dag to None, run_after=None
[2024-07-27T22:11:11.518+0000] {processor.py:183} INFO - Processing /home/airflow/.local/lib/python3.12/site-packages/airflow/example_dags/tutorial_dag.py took 0.041 seconds
[2024-07-27T22:11:41.770+0000] {processor.py:161} INFO - Started process (PID=8230) to work on /home/airflow/.local/lib/python3.12/site-packages/airflow/example_dags/tutorial_dag.py
[2024-07-27T22:11:41.771+0000] {processor.py:830} INFO - Processing file /home/airflow/.local/lib/python3.12/site-packages/airflow/example_dags/tutorial_dag.py for tasks to queue
[2024-07-27T22:11:41.772+0000] {logging_mixin.py:188} INFO - [2024-07-27T22:11:41.772+0000] {dagbag.py:545} INFO - Filling up the DagBag from /home/airflow/.local/lib/python3.12/site-packages/airflow/example_dags/tutorial_dag.py
[2024-07-27T22:11:41.775+0000] {processor.py:840} INFO - DAG(s) 'tutorial_dag' retrieved from /home/airflow/.local/lib/python3.12/site-packages/airflow/example_dags/tutorial_dag.py
[2024-07-27T22:11:41.786+0000] {logging_mixin.py:188} INFO - [2024-07-27T22:11:41.786+0000] {dag.py:3089} INFO - Sync 1 DAGs
[2024-07-27T22:11:41.793+0000] {logging_mixin.py:188} INFO - [2024-07-27T22:11:41.792+0000] {dag.py:3947} INFO - Setting next_dagrun for tutorial_dag to None, run_after=None
[2024-07-27T22:11:41.802+0000] {processor.py:183} INFO - Processing /home/airflow/.local/lib/python3.12/site-packages/airflow/example_dags/tutorial_dag.py took 0.035 seconds
[2024-07-27T22:12:12.110+0000] {processor.py:161} INFO - Started process (PID=8492) to work on /home/airflow/.local/lib/python3.12/site-packages/airflow/example_dags/tutorial_dag.py
[2024-07-27T22:12:12.111+0000] {processor.py:830} INFO - Processing file /home/airflow/.local/lib/python3.12/site-packages/airflow/example_dags/tutorial_dag.py for tasks to queue
[2024-07-27T22:12:12.112+0000] {logging_mixin.py:188} INFO - [2024-07-27T22:12:12.112+0000] {dagbag.py:545} INFO - Filling up the DagBag from /home/airflow/.local/lib/python3.12/site-packages/airflow/example_dags/tutorial_dag.py
[2024-07-27T22:12:12.115+0000] {processor.py:840} INFO - DAG(s) 'tutorial_dag' retrieved from /home/airflow/.local/lib/python3.12/site-packages/airflow/example_dags/tutorial_dag.py
[2024-07-27T22:12:12.126+0000] {logging_mixin.py:188} INFO - [2024-07-27T22:12:12.126+0000] {dag.py:3089} INFO - Sync 1 DAGs
[2024-07-27T22:12:12.132+0000] {logging_mixin.py:188} INFO - [2024-07-27T22:12:12.132+0000] {dag.py:3947} INFO - Setting next_dagrun for tutorial_dag to None, run_after=None
[2024-07-27T22:12:12.141+0000] {processor.py:183} INFO - Processing /home/airflow/.local/lib/python3.12/site-packages/airflow/example_dags/tutorial_dag.py took 0.034 seconds
[2024-07-27T22:12:42.726+0000] {processor.py:161} INFO - Started process (PID=8754) to work on /home/airflow/.local/lib/python3.12/site-packages/airflow/example_dags/tutorial_dag.py
[2024-07-27T22:12:42.727+0000] {processor.py:830} INFO - Processing file /home/airflow/.local/lib/python3.12/site-packages/airflow/example_dags/tutorial_dag.py for tasks to queue
[2024-07-27T22:12:42.728+0000] {logging_mixin.py:188} INFO - [2024-07-27T22:12:42.728+0000] {dagbag.py:545} INFO - Filling up the DagBag from /home/airflow/.local/lib/python3.12/site-packages/airflow/example_dags/tutorial_dag.py
[2024-07-27T22:12:42.732+0000] {processor.py:840} INFO - DAG(s) 'tutorial_dag' retrieved from /home/airflow/.local/lib/python3.12/site-packages/airflow/example_dags/tutorial_dag.py
[2024-07-27T22:12:42.746+0000] {logging_mixin.py:188} INFO - [2024-07-27T22:12:42.746+0000] {dag.py:3089} INFO - Sync 1 DAGs
[2024-07-27T22:12:42.753+0000] {logging_mixin.py:188} INFO - [2024-07-27T22:12:42.753+0000] {dag.py:3947} INFO - Setting next_dagrun for tutorial_dag to None, run_after=None
[2024-07-27T22:12:42.761+0000] {processor.py:183} INFO - Processing /home/airflow/.local/lib/python3.12/site-packages/airflow/example_dags/tutorial_dag.py took 0.039 seconds
[2024-07-27T22:13:13.041+0000] {processor.py:161} INFO - Started process (PID=9018) to work on /home/airflow/.local/lib/python3.12/site-packages/airflow/example_dags/tutorial_dag.py
[2024-07-27T22:13:13.042+0000] {processor.py:830} INFO - Processing file /home/airflow/.local/lib/python3.12/site-packages/airflow/example_dags/tutorial_dag.py for tasks to queue
[2024-07-27T22:13:13.043+0000] {logging_mixin.py:188} INFO - [2024-07-27T22:13:13.043+0000] {dagbag.py:545} INFO - Filling up the DagBag from /home/airflow/.local/lib/python3.12/site-packages/airflow/example_dags/tutorial_dag.py
[2024-07-27T22:13:13.046+0000] {processor.py:840} INFO - DAG(s) 'tutorial_dag' retrieved from /home/airflow/.local/lib/python3.12/site-packages/airflow/example_dags/tutorial_dag.py
[2024-07-27T22:13:13.057+0000] {logging_mixin.py:188} INFO - [2024-07-27T22:13:13.057+0000] {dag.py:3089} INFO - Sync 1 DAGs
[2024-07-27T22:13:13.064+0000] {logging_mixin.py:188} INFO - [2024-07-27T22:13:13.064+0000] {dag.py:3947} INFO - Setting next_dagrun for tutorial_dag to None, run_after=None
[2024-07-27T22:13:13.074+0000] {processor.py:183} INFO - Processing /home/airflow/.local/lib/python3.12/site-packages/airflow/example_dags/tutorial_dag.py took 0.036 seconds
[2024-07-27T22:13:44.116+0000] {processor.py:161} INFO - Started process (PID=9278) to work on /home/airflow/.local/lib/python3.12/site-packages/airflow/example_dags/tutorial_dag.py
[2024-07-27T22:13:44.117+0000] {processor.py:830} INFO - Processing file /home/airflow/.local/lib/python3.12/site-packages/airflow/example_dags/tutorial_dag.py for tasks to queue
[2024-07-27T22:13:44.118+0000] {logging_mixin.py:188} INFO - [2024-07-27T22:13:44.117+0000] {dagbag.py:545} INFO - Filling up the DagBag from /home/airflow/.local/lib/python3.12/site-packages/airflow/example_dags/tutorial_dag.py
[2024-07-27T22:13:44.121+0000] {processor.py:840} INFO - DAG(s) 'tutorial_dag' retrieved from /home/airflow/.local/lib/python3.12/site-packages/airflow/example_dags/tutorial_dag.py
[2024-07-27T22:13:44.133+0000] {logging_mixin.py:188} INFO - [2024-07-27T22:13:44.132+0000] {dag.py:3089} INFO - Sync 1 DAGs
[2024-07-27T22:13:44.141+0000] {logging_mixin.py:188} INFO - [2024-07-27T22:13:44.140+0000] {dag.py:3947} INFO - Setting next_dagrun for tutorial_dag to None, run_after=None
[2024-07-27T22:13:44.150+0000] {processor.py:183} INFO - Processing /home/airflow/.local/lib/python3.12/site-packages/airflow/example_dags/tutorial_dag.py took 0.042 seconds
[2024-07-27T22:14:14.654+0000] {processor.py:161} INFO - Started process (PID=9539) to work on /home/airflow/.local/lib/python3.12/site-packages/airflow/example_dags/tutorial_dag.py
[2024-07-27T22:14:14.655+0000] {processor.py:830} INFO - Processing file /home/airflow/.local/lib/python3.12/site-packages/airflow/example_dags/tutorial_dag.py for tasks to queue
[2024-07-27T22:14:14.656+0000] {logging_mixin.py:188} INFO - [2024-07-27T22:14:14.656+0000] {dagbag.py:545} INFO - Filling up the DagBag from /home/airflow/.local/lib/python3.12/site-packages/airflow/example_dags/tutorial_dag.py
[2024-07-27T22:14:14.660+0000] {processor.py:840} INFO - DAG(s) 'tutorial_dag' retrieved from /home/airflow/.local/lib/python3.12/site-packages/airflow/example_dags/tutorial_dag.py
[2024-07-27T22:14:14.675+0000] {logging_mixin.py:188} INFO - [2024-07-27T22:14:14.674+0000] {dag.py:3089} INFO - Sync 1 DAGs
[2024-07-27T22:14:14.686+0000] {logging_mixin.py:188} INFO - [2024-07-27T22:14:14.685+0000] {dag.py:3947} INFO - Setting next_dagrun for tutorial_dag to None, run_after=None
[2024-07-27T22:14:14.696+0000] {processor.py:183} INFO - Processing /home/airflow/.local/lib/python3.12/site-packages/airflow/example_dags/tutorial_dag.py took 0.049 seconds
[2024-07-27T22:14:44.806+0000] {processor.py:161} INFO - Started process (PID=9801) to work on /home/airflow/.local/lib/python3.12/site-packages/airflow/example_dags/tutorial_dag.py
[2024-07-27T22:14:44.808+0000] {processor.py:830} INFO - Processing file /home/airflow/.local/lib/python3.12/site-packages/airflow/example_dags/tutorial_dag.py for tasks to queue
[2024-07-27T22:14:44.809+0000] {logging_mixin.py:188} INFO - [2024-07-27T22:14:44.809+0000] {dagbag.py:545} INFO - Filling up the DagBag from /home/airflow/.local/lib/python3.12/site-packages/airflow/example_dags/tutorial_dag.py
[2024-07-27T22:14:44.812+0000] {processor.py:840} INFO - DAG(s) 'tutorial_dag' retrieved from /home/airflow/.local/lib/python3.12/site-packages/airflow/example_dags/tutorial_dag.py
[2024-07-27T22:14:44.828+0000] {logging_mixin.py:188} INFO - [2024-07-27T22:14:44.828+0000] {dag.py:3089} INFO - Sync 1 DAGs
[2024-07-27T22:14:44.836+0000] {logging_mixin.py:188} INFO - [2024-07-27T22:14:44.836+0000] {dag.py:3947} INFO - Setting next_dagrun for tutorial_dag to None, run_after=None
[2024-07-27T22:14:44.846+0000] {processor.py:183} INFO - Processing /home/airflow/.local/lib/python3.12/site-packages/airflow/example_dags/tutorial_dag.py took 0.043 seconds
[2024-07-27T22:15:15.142+0000] {processor.py:161} INFO - Started process (PID=10059) to work on /home/airflow/.local/lib/python3.12/site-packages/airflow/example_dags/tutorial_dag.py
[2024-07-27T22:15:15.143+0000] {processor.py:830} INFO - Processing file /home/airflow/.local/lib/python3.12/site-packages/airflow/example_dags/tutorial_dag.py for tasks to queue
[2024-07-27T22:15:15.144+0000] {logging_mixin.py:188} INFO - [2024-07-27T22:15:15.144+0000] {dagbag.py:545} INFO - Filling up the DagBag from /home/airflow/.local/lib/python3.12/site-packages/airflow/example_dags/tutorial_dag.py
[2024-07-27T22:15:15.147+0000] {processor.py:840} INFO - DAG(s) 'tutorial_dag' retrieved from /home/airflow/.local/lib/python3.12/site-packages/airflow/example_dags/tutorial_dag.py
[2024-07-27T22:15:15.158+0000] {logging_mixin.py:188} INFO - [2024-07-27T22:15:15.158+0000] {dag.py:3089} INFO - Sync 1 DAGs
[2024-07-27T22:15:15.164+0000] {logging_mixin.py:188} INFO - [2024-07-27T22:15:15.164+0000] {dag.py:3947} INFO - Setting next_dagrun for tutorial_dag to None, run_after=None
[2024-07-27T22:15:15.175+0000] {processor.py:183} INFO - Processing /home/airflow/.local/lib/python3.12/site-packages/airflow/example_dags/tutorial_dag.py took 0.037 seconds
[2024-07-27T22:15:45.317+0000] {processor.py:161} INFO - Started process (PID=10323) to work on /home/airflow/.local/lib/python3.12/site-packages/airflow/example_dags/tutorial_dag.py
[2024-07-27T22:15:45.318+0000] {processor.py:830} INFO - Processing file /home/airflow/.local/lib/python3.12/site-packages/airflow/example_dags/tutorial_dag.py for tasks to queue
[2024-07-27T22:15:45.319+0000] {logging_mixin.py:188} INFO - [2024-07-27T22:15:45.319+0000] {dagbag.py:545} INFO - Filling up the DagBag from /home/airflow/.local/lib/python3.12/site-packages/airflow/example_dags/tutorial_dag.py
[2024-07-27T22:15:45.322+0000] {processor.py:840} INFO - DAG(s) 'tutorial_dag' retrieved from /home/airflow/.local/lib/python3.12/site-packages/airflow/example_dags/tutorial_dag.py
[2024-07-27T22:15:45.334+0000] {logging_mixin.py:188} INFO - [2024-07-27T22:15:45.334+0000] {dag.py:3089} INFO - Sync 1 DAGs
[2024-07-27T22:15:45.340+0000] {logging_mixin.py:188} INFO - [2024-07-27T22:15:45.340+0000] {dag.py:3947} INFO - Setting next_dagrun for tutorial_dag to None, run_after=None
[2024-07-27T22:15:45.348+0000] {processor.py:183} INFO - Processing /home/airflow/.local/lib/python3.12/site-packages/airflow/example_dags/tutorial_dag.py took 0.034 seconds
[2024-07-27T22:16:15.372+0000] {processor.py:161} INFO - Started process (PID=10584) to work on /home/airflow/.local/lib/python3.12/site-packages/airflow/example_dags/tutorial_dag.py
[2024-07-27T22:16:15.373+0000] {processor.py:830} INFO - Processing file /home/airflow/.local/lib/python3.12/site-packages/airflow/example_dags/tutorial_dag.py for tasks to queue
[2024-07-27T22:16:15.374+0000] {logging_mixin.py:188} INFO - [2024-07-27T22:16:15.374+0000] {dagbag.py:545} INFO - Filling up the DagBag from /home/airflow/.local/lib/python3.12/site-packages/airflow/example_dags/tutorial_dag.py
[2024-07-27T22:16:15.377+0000] {processor.py:840} INFO - DAG(s) 'tutorial_dag' retrieved from /home/airflow/.local/lib/python3.12/site-packages/airflow/example_dags/tutorial_dag.py
[2024-07-27T22:16:15.388+0000] {logging_mixin.py:188} INFO - [2024-07-27T22:16:15.387+0000] {dag.py:3089} INFO - Sync 1 DAGs
[2024-07-27T22:16:15.394+0000] {logging_mixin.py:188} INFO - [2024-07-27T22:16:15.394+0000] {dag.py:3947} INFO - Setting next_dagrun for tutorial_dag to None, run_after=None
[2024-07-27T22:16:15.403+0000] {processor.py:183} INFO - Processing /home/airflow/.local/lib/python3.12/site-packages/airflow/example_dags/tutorial_dag.py took 0.035 seconds
[2024-07-27T22:16:47.306+0000] {processor.py:161} INFO - Started process (PID=10848) to work on /home/airflow/.local/lib/python3.12/site-packages/airflow/example_dags/tutorial_dag.py
[2024-07-27T22:16:47.307+0000] {processor.py:830} INFO - Processing file /home/airflow/.local/lib/python3.12/site-packages/airflow/example_dags/tutorial_dag.py for tasks to queue
[2024-07-27T22:16:47.308+0000] {logging_mixin.py:188} INFO - [2024-07-27T22:16:47.308+0000] {dagbag.py:545} INFO - Filling up the DagBag from /home/airflow/.local/lib/python3.12/site-packages/airflow/example_dags/tutorial_dag.py
[2024-07-27T22:16:47.312+0000] {processor.py:840} INFO - DAG(s) 'tutorial_dag' retrieved from /home/airflow/.local/lib/python3.12/site-packages/airflow/example_dags/tutorial_dag.py
[2024-07-27T22:16:47.330+0000] {logging_mixin.py:188} INFO - [2024-07-27T22:16:47.330+0000] {dag.py:3089} INFO - Sync 1 DAGs
[2024-07-27T22:16:47.449+0000] {logging_mixin.py:188} INFO - [2024-07-27T22:16:47.449+0000] {dag.py:3947} INFO - Setting next_dagrun for tutorial_dag to None, run_after=None
[2024-07-27T22:16:47.460+0000] {processor.py:183} INFO - Processing /home/airflow/.local/lib/python3.12/site-packages/airflow/example_dags/tutorial_dag.py took 0.157 seconds
[2024-07-27T22:17:17.915+0000] {processor.py:161} INFO - Started process (PID=11108) to work on /home/airflow/.local/lib/python3.12/site-packages/airflow/example_dags/tutorial_dag.py
[2024-07-27T22:17:17.916+0000] {processor.py:830} INFO - Processing file /home/airflow/.local/lib/python3.12/site-packages/airflow/example_dags/tutorial_dag.py for tasks to queue
[2024-07-27T22:17:17.918+0000] {logging_mixin.py:188} INFO - [2024-07-27T22:17:17.917+0000] {dagbag.py:545} INFO - Filling up the DagBag from /home/airflow/.local/lib/python3.12/site-packages/airflow/example_dags/tutorial_dag.py
[2024-07-27T22:17:17.923+0000] {processor.py:840} INFO - DAG(s) 'tutorial_dag' retrieved from /home/airflow/.local/lib/python3.12/site-packages/airflow/example_dags/tutorial_dag.py
[2024-07-27T22:17:17.944+0000] {logging_mixin.py:188} INFO - [2024-07-27T22:17:17.944+0000] {dag.py:3089} INFO - Sync 1 DAGs
[2024-07-27T22:17:17.975+0000] {logging_mixin.py:188} INFO - [2024-07-27T22:17:17.975+0000] {dag.py:3947} INFO - Setting next_dagrun for tutorial_dag to None, run_after=None
[2024-07-27T22:17:17.987+0000] {processor.py:183} INFO - Processing /home/airflow/.local/lib/python3.12/site-packages/airflow/example_dags/tutorial_dag.py took 0.078 seconds
[2024-07-27T22:17:48.356+0000] {processor.py:161} INFO - Started process (PID=11370) to work on /home/airflow/.local/lib/python3.12/site-packages/airflow/example_dags/tutorial_dag.py
[2024-07-27T22:17:48.358+0000] {processor.py:830} INFO - Processing file /home/airflow/.local/lib/python3.12/site-packages/airflow/example_dags/tutorial_dag.py for tasks to queue
[2024-07-27T22:17:48.359+0000] {logging_mixin.py:188} INFO - [2024-07-27T22:17:48.359+0000] {dagbag.py:545} INFO - Filling up the DagBag from /home/airflow/.local/lib/python3.12/site-packages/airflow/example_dags/tutorial_dag.py
[2024-07-27T22:17:48.362+0000] {processor.py:840} INFO - DAG(s) 'tutorial_dag' retrieved from /home/airflow/.local/lib/python3.12/site-packages/airflow/example_dags/tutorial_dag.py
[2024-07-27T22:17:48.376+0000] {logging_mixin.py:188} INFO - [2024-07-27T22:17:48.376+0000] {dag.py:3089} INFO - Sync 1 DAGs
[2024-07-27T22:17:48.382+0000] {logging_mixin.py:188} INFO - [2024-07-27T22:17:48.382+0000] {dag.py:3947} INFO - Setting next_dagrun for tutorial_dag to None, run_after=None
[2024-07-27T22:17:48.393+0000] {processor.py:183} INFO - Processing /home/airflow/.local/lib/python3.12/site-packages/airflow/example_dags/tutorial_dag.py took 0.040 seconds
[2024-07-27T22:18:18.618+0000] {processor.py:161} INFO - Started process (PID=11634) to work on /home/airflow/.local/lib/python3.12/site-packages/airflow/example_dags/tutorial_dag.py
[2024-07-27T22:18:18.619+0000] {processor.py:830} INFO - Processing file /home/airflow/.local/lib/python3.12/site-packages/airflow/example_dags/tutorial_dag.py for tasks to queue
[2024-07-27T22:18:18.620+0000] {logging_mixin.py:188} INFO - [2024-07-27T22:18:18.620+0000] {dagbag.py:545} INFO - Filling up the DagBag from /home/airflow/.local/lib/python3.12/site-packages/airflow/example_dags/tutorial_dag.py
[2024-07-27T22:18:18.624+0000] {processor.py:840} INFO - DAG(s) 'tutorial_dag' retrieved from /home/airflow/.local/lib/python3.12/site-packages/airflow/example_dags/tutorial_dag.py
[2024-07-27T22:18:18.634+0000] {logging_mixin.py:188} INFO - [2024-07-27T22:18:18.634+0000] {dag.py:3089} INFO - Sync 1 DAGs
[2024-07-27T22:18:18.640+0000] {logging_mixin.py:188} INFO - [2024-07-27T22:18:18.639+0000] {dag.py:3947} INFO - Setting next_dagrun for tutorial_dag to None, run_after=None
[2024-07-27T22:18:18.648+0000] {processor.py:183} INFO - Processing /home/airflow/.local/lib/python3.12/site-packages/airflow/example_dags/tutorial_dag.py took 0.033 seconds
[2024-07-27T22:18:48.808+0000] {processor.py:161} INFO - Started process (PID=11894) to work on /home/airflow/.local/lib/python3.12/site-packages/airflow/example_dags/tutorial_dag.py
[2024-07-27T22:18:48.809+0000] {processor.py:830} INFO - Processing file /home/airflow/.local/lib/python3.12/site-packages/airflow/example_dags/tutorial_dag.py for tasks to queue
[2024-07-27T22:18:48.810+0000] {logging_mixin.py:188} INFO - [2024-07-27T22:18:48.809+0000] {dagbag.py:545} INFO - Filling up the DagBag from /home/airflow/.local/lib/python3.12/site-packages/airflow/example_dags/tutorial_dag.py
[2024-07-27T22:18:48.812+0000] {processor.py:840} INFO - DAG(s) 'tutorial_dag' retrieved from /home/airflow/.local/lib/python3.12/site-packages/airflow/example_dags/tutorial_dag.py
[2024-07-27T22:18:48.822+0000] {logging_mixin.py:188} INFO - [2024-07-27T22:18:48.822+0000] {dag.py:3089} INFO - Sync 1 DAGs
[2024-07-27T22:18:48.828+0000] {logging_mixin.py:188} INFO - [2024-07-27T22:18:48.828+0000] {dag.py:3947} INFO - Setting next_dagrun for tutorial_dag to None, run_after=None
[2024-07-27T22:18:48.835+0000] {processor.py:183} INFO - Processing /home/airflow/.local/lib/python3.12/site-packages/airflow/example_dags/tutorial_dag.py took 0.031 seconds
[2024-07-27T22:19:19.196+0000] {processor.py:161} INFO - Started process (PID=12158) to work on /home/airflow/.local/lib/python3.12/site-packages/airflow/example_dags/tutorial_dag.py
[2024-07-27T22:19:19.200+0000] {processor.py:830} INFO - Processing file /home/airflow/.local/lib/python3.12/site-packages/airflow/example_dags/tutorial_dag.py for tasks to queue
[2024-07-27T22:19:19.201+0000] {logging_mixin.py:188} INFO - [2024-07-27T22:19:19.201+0000] {dagbag.py:545} INFO - Filling up the DagBag from /home/airflow/.local/lib/python3.12/site-packages/airflow/example_dags/tutorial_dag.py
[2024-07-27T22:19:19.204+0000] {processor.py:840} INFO - DAG(s) 'tutorial_dag' retrieved from /home/airflow/.local/lib/python3.12/site-packages/airflow/example_dags/tutorial_dag.py
[2024-07-27T22:19:19.216+0000] {logging_mixin.py:188} INFO - [2024-07-27T22:19:19.216+0000] {dag.py:3089} INFO - Sync 1 DAGs
[2024-07-27T22:19:19.223+0000] {logging_mixin.py:188} INFO - [2024-07-27T22:19:19.223+0000] {dag.py:3947} INFO - Setting next_dagrun for tutorial_dag to None, run_after=None
[2024-07-27T22:19:19.234+0000] {processor.py:183} INFO - Processing /home/airflow/.local/lib/python3.12/site-packages/airflow/example_dags/tutorial_dag.py took 0.042 seconds
[2024-07-27T22:19:49.350+0000] {processor.py:161} INFO - Started process (PID=12418) to work on /home/airflow/.local/lib/python3.12/site-packages/airflow/example_dags/tutorial_dag.py
[2024-07-27T22:19:49.352+0000] {processor.py:830} INFO - Processing file /home/airflow/.local/lib/python3.12/site-packages/airflow/example_dags/tutorial_dag.py for tasks to queue
[2024-07-27T22:19:49.353+0000] {logging_mixin.py:188} INFO - [2024-07-27T22:19:49.353+0000] {dagbag.py:545} INFO - Filling up the DagBag from /home/airflow/.local/lib/python3.12/site-packages/airflow/example_dags/tutorial_dag.py
[2024-07-27T22:19:49.357+0000] {processor.py:840} INFO - DAG(s) 'tutorial_dag' retrieved from /home/airflow/.local/lib/python3.12/site-packages/airflow/example_dags/tutorial_dag.py
[2024-07-27T22:19:49.375+0000] {logging_mixin.py:188} INFO - [2024-07-27T22:19:49.375+0000] {dag.py:3089} INFO - Sync 1 DAGs
[2024-07-27T22:19:49.386+0000] {logging_mixin.py:188} INFO - [2024-07-27T22:19:49.386+0000] {dag.py:3947} INFO - Setting next_dagrun for tutorial_dag to None, run_after=None
[2024-07-27T22:19:49.399+0000] {processor.py:183} INFO - Processing /home/airflow/.local/lib/python3.12/site-packages/airflow/example_dags/tutorial_dag.py took 0.054 seconds
[2024-07-27T22:20:20.150+0000] {processor.py:161} INFO - Started process (PID=12687) to work on /home/airflow/.local/lib/python3.12/site-packages/airflow/example_dags/tutorial_dag.py
[2024-07-27T22:20:20.151+0000] {processor.py:830} INFO - Processing file /home/airflow/.local/lib/python3.12/site-packages/airflow/example_dags/tutorial_dag.py for tasks to queue
[2024-07-27T22:20:20.153+0000] {logging_mixin.py:188} INFO - [2024-07-27T22:20:20.153+0000] {dagbag.py:545} INFO - Filling up the DagBag from /home/airflow/.local/lib/python3.12/site-packages/airflow/example_dags/tutorial_dag.py
[2024-07-27T22:20:20.156+0000] {processor.py:840} INFO - DAG(s) 'tutorial_dag' retrieved from /home/airflow/.local/lib/python3.12/site-packages/airflow/example_dags/tutorial_dag.py
[2024-07-27T22:20:20.168+0000] {logging_mixin.py:188} INFO - [2024-07-27T22:20:20.168+0000] {dag.py:3089} INFO - Sync 1 DAGs
[2024-07-27T22:20:20.174+0000] {logging_mixin.py:188} INFO - [2024-07-27T22:20:20.174+0000] {dag.py:3947} INFO - Setting next_dagrun for tutorial_dag to None, run_after=None
[2024-07-27T22:20:20.184+0000] {processor.py:183} INFO - Processing /home/airflow/.local/lib/python3.12/site-packages/airflow/example_dags/tutorial_dag.py took 0.037 seconds
[2024-07-27T22:20:50.469+0000] {processor.py:161} INFO - Started process (PID=12957) to work on /home/airflow/.local/lib/python3.12/site-packages/airflow/example_dags/tutorial_dag.py
[2024-07-27T22:20:50.470+0000] {processor.py:830} INFO - Processing file /home/airflow/.local/lib/python3.12/site-packages/airflow/example_dags/tutorial_dag.py for tasks to queue
[2024-07-27T22:20:50.471+0000] {logging_mixin.py:188} INFO - [2024-07-27T22:20:50.471+0000] {dagbag.py:545} INFO - Filling up the DagBag from /home/airflow/.local/lib/python3.12/site-packages/airflow/example_dags/tutorial_dag.py
[2024-07-27T22:20:50.474+0000] {processor.py:840} INFO - DAG(s) 'tutorial_dag' retrieved from /home/airflow/.local/lib/python3.12/site-packages/airflow/example_dags/tutorial_dag.py
[2024-07-27T22:20:50.487+0000] {logging_mixin.py:188} INFO - [2024-07-27T22:20:50.487+0000] {dag.py:3089} INFO - Sync 1 DAGs
[2024-07-27T22:20:50.495+0000] {logging_mixin.py:188} INFO - [2024-07-27T22:20:50.495+0000] {dag.py:3947} INFO - Setting next_dagrun for tutorial_dag to None, run_after=None
[2024-07-27T22:20:50.506+0000] {processor.py:183} INFO - Processing /home/airflow/.local/lib/python3.12/site-packages/airflow/example_dags/tutorial_dag.py took 0.041 seconds
[2024-07-27T22:21:20.870+0000] {processor.py:161} INFO - Started process (PID=13224) to work on /home/airflow/.local/lib/python3.12/site-packages/airflow/example_dags/tutorial_dag.py
[2024-07-27T22:21:20.871+0000] {processor.py:830} INFO - Processing file /home/airflow/.local/lib/python3.12/site-packages/airflow/example_dags/tutorial_dag.py for tasks to queue
[2024-07-27T22:21:20.872+0000] {logging_mixin.py:188} INFO - [2024-07-27T22:21:20.872+0000] {dagbag.py:545} INFO - Filling up the DagBag from /home/airflow/.local/lib/python3.12/site-packages/airflow/example_dags/tutorial_dag.py
[2024-07-27T22:21:20.875+0000] {processor.py:840} INFO - DAG(s) 'tutorial_dag' retrieved from /home/airflow/.local/lib/python3.12/site-packages/airflow/example_dags/tutorial_dag.py
[2024-07-27T22:21:20.888+0000] {logging_mixin.py:188} INFO - [2024-07-27T22:21:20.887+0000] {dag.py:3089} INFO - Sync 1 DAGs
[2024-07-27T22:21:20.894+0000] {logging_mixin.py:188} INFO - [2024-07-27T22:21:20.894+0000] {dag.py:3947} INFO - Setting next_dagrun for tutorial_dag to None, run_after=None
[2024-07-27T22:21:20.904+0000] {processor.py:183} INFO - Processing /home/airflow/.local/lib/python3.12/site-packages/airflow/example_dags/tutorial_dag.py took 0.037 seconds
[2024-07-27T22:21:51.247+0000] {processor.py:161} INFO - Started process (PID=13491) to work on /home/airflow/.local/lib/python3.12/site-packages/airflow/example_dags/tutorial_dag.py
[2024-07-27T22:21:51.248+0000] {processor.py:830} INFO - Processing file /home/airflow/.local/lib/python3.12/site-packages/airflow/example_dags/tutorial_dag.py for tasks to queue
[2024-07-27T22:21:51.249+0000] {logging_mixin.py:188} INFO - [2024-07-27T22:21:51.248+0000] {dagbag.py:545} INFO - Filling up the DagBag from /home/airflow/.local/lib/python3.12/site-packages/airflow/example_dags/tutorial_dag.py
[2024-07-27T22:21:51.252+0000] {processor.py:840} INFO - DAG(s) 'tutorial_dag' retrieved from /home/airflow/.local/lib/python3.12/site-packages/airflow/example_dags/tutorial_dag.py
[2024-07-27T22:21:51.263+0000] {logging_mixin.py:188} INFO - [2024-07-27T22:21:51.263+0000] {dag.py:3089} INFO - Sync 1 DAGs
[2024-07-27T22:21:51.270+0000] {logging_mixin.py:188} INFO - [2024-07-27T22:21:51.269+0000] {dag.py:3947} INFO - Setting next_dagrun for tutorial_dag to None, run_after=None
[2024-07-27T22:21:51.279+0000] {processor.py:183} INFO - Processing /home/airflow/.local/lib/python3.12/site-packages/airflow/example_dags/tutorial_dag.py took 0.036 seconds
[2024-07-27T22:22:21.484+0000] {processor.py:161} INFO - Started process (PID=13758) to work on /home/airflow/.local/lib/python3.12/site-packages/airflow/example_dags/tutorial_dag.py
[2024-07-27T22:22:21.485+0000] {processor.py:830} INFO - Processing file /home/airflow/.local/lib/python3.12/site-packages/airflow/example_dags/tutorial_dag.py for tasks to queue
[2024-07-27T22:22:21.486+0000] {logging_mixin.py:188} INFO - [2024-07-27T22:22:21.486+0000] {dagbag.py:545} INFO - Filling up the DagBag from /home/airflow/.local/lib/python3.12/site-packages/airflow/example_dags/tutorial_dag.py
[2024-07-27T22:22:21.489+0000] {processor.py:840} INFO - DAG(s) 'tutorial_dag' retrieved from /home/airflow/.local/lib/python3.12/site-packages/airflow/example_dags/tutorial_dag.py
[2024-07-27T22:22:21.499+0000] {logging_mixin.py:188} INFO - [2024-07-27T22:22:21.499+0000] {dag.py:3089} INFO - Sync 1 DAGs
[2024-07-27T22:22:21.505+0000] {logging_mixin.py:188} INFO - [2024-07-27T22:22:21.505+0000] {dag.py:3947} INFO - Setting next_dagrun for tutorial_dag to None, run_after=None
[2024-07-27T22:22:21.514+0000] {processor.py:183} INFO - Processing /home/airflow/.local/lib/python3.12/site-packages/airflow/example_dags/tutorial_dag.py took 0.034 seconds
[2024-07-27T22:22:52.265+0000] {processor.py:161} INFO - Started process (PID=14027) to work on /home/airflow/.local/lib/python3.12/site-packages/airflow/example_dags/tutorial_dag.py
[2024-07-27T22:22:52.266+0000] {processor.py:830} INFO - Processing file /home/airflow/.local/lib/python3.12/site-packages/airflow/example_dags/tutorial_dag.py for tasks to queue
[2024-07-27T22:22:52.267+0000] {logging_mixin.py:188} INFO - [2024-07-27T22:22:52.267+0000] {dagbag.py:545} INFO - Filling up the DagBag from /home/airflow/.local/lib/python3.12/site-packages/airflow/example_dags/tutorial_dag.py
[2024-07-27T22:22:52.270+0000] {processor.py:840} INFO - DAG(s) 'tutorial_dag' retrieved from /home/airflow/.local/lib/python3.12/site-packages/airflow/example_dags/tutorial_dag.py
[2024-07-27T22:22:52.281+0000] {logging_mixin.py:188} INFO - [2024-07-27T22:22:52.281+0000] {dag.py:3089} INFO - Sync 1 DAGs
[2024-07-27T22:22:52.287+0000] {logging_mixin.py:188} INFO - [2024-07-27T22:22:52.287+0000] {dag.py:3947} INFO - Setting next_dagrun for tutorial_dag to None, run_after=None
[2024-07-27T22:22:52.297+0000] {processor.py:183} INFO - Processing /home/airflow/.local/lib/python3.12/site-packages/airflow/example_dags/tutorial_dag.py took 0.036 seconds
[2024-07-27T22:23:22.698+0000] {processor.py:161} INFO - Started process (PID=14313) to work on /home/airflow/.local/lib/python3.12/site-packages/airflow/example_dags/tutorial_dag.py
[2024-07-27T22:23:22.699+0000] {processor.py:830} INFO - Processing file /home/airflow/.local/lib/python3.12/site-packages/airflow/example_dags/tutorial_dag.py for tasks to queue
[2024-07-27T22:23:22.700+0000] {logging_mixin.py:188} INFO - [2024-07-27T22:23:22.700+0000] {dagbag.py:545} INFO - Filling up the DagBag from /home/airflow/.local/lib/python3.12/site-packages/airflow/example_dags/tutorial_dag.py
[2024-07-27T22:23:22.703+0000] {processor.py:840} INFO - DAG(s) 'tutorial_dag' retrieved from /home/airflow/.local/lib/python3.12/site-packages/airflow/example_dags/tutorial_dag.py
[2024-07-27T22:23:22.713+0000] {logging_mixin.py:188} INFO - [2024-07-27T22:23:22.713+0000] {dag.py:3089} INFO - Sync 1 DAGs
[2024-07-27T22:23:22.720+0000] {logging_mixin.py:188} INFO - [2024-07-27T22:23:22.719+0000] {dag.py:3947} INFO - Setting next_dagrun for tutorial_dag to None, run_after=None
[2024-07-27T22:23:22.730+0000] {processor.py:183} INFO - Processing /home/airflow/.local/lib/python3.12/site-packages/airflow/example_dags/tutorial_dag.py took 0.035 seconds
[2024-07-27T22:23:53.390+0000] {processor.py:161} INFO - Started process (PID=14582) to work on /home/airflow/.local/lib/python3.12/site-packages/airflow/example_dags/tutorial_dag.py
[2024-07-27T22:23:53.391+0000] {processor.py:830} INFO - Processing file /home/airflow/.local/lib/python3.12/site-packages/airflow/example_dags/tutorial_dag.py for tasks to queue
[2024-07-27T22:23:53.392+0000] {logging_mixin.py:188} INFO - [2024-07-27T22:23:53.392+0000] {dagbag.py:545} INFO - Filling up the DagBag from /home/airflow/.local/lib/python3.12/site-packages/airflow/example_dags/tutorial_dag.py
[2024-07-27T22:23:53.395+0000] {processor.py:840} INFO - DAG(s) 'tutorial_dag' retrieved from /home/airflow/.local/lib/python3.12/site-packages/airflow/example_dags/tutorial_dag.py
[2024-07-27T22:23:53.407+0000] {logging_mixin.py:188} INFO - [2024-07-27T22:23:53.407+0000] {dag.py:3089} INFO - Sync 1 DAGs
[2024-07-27T22:23:53.415+0000] {logging_mixin.py:188} INFO - [2024-07-27T22:23:53.414+0000] {dag.py:3947} INFO - Setting next_dagrun for tutorial_dag to None, run_after=None
[2024-07-27T22:23:53.425+0000] {processor.py:183} INFO - Processing /home/airflow/.local/lib/python3.12/site-packages/airflow/example_dags/tutorial_dag.py took 0.038 seconds
[2024-07-27T22:24:24.230+0000] {processor.py:161} INFO - Started process (PID=14849) to work on /home/airflow/.local/lib/python3.12/site-packages/airflow/example_dags/tutorial_dag.py
[2024-07-27T22:24:24.231+0000] {processor.py:830} INFO - Processing file /home/airflow/.local/lib/python3.12/site-packages/airflow/example_dags/tutorial_dag.py for tasks to queue
[2024-07-27T22:24:24.232+0000] {logging_mixin.py:188} INFO - [2024-07-27T22:24:24.232+0000] {dagbag.py:545} INFO - Filling up the DagBag from /home/airflow/.local/lib/python3.12/site-packages/airflow/example_dags/tutorial_dag.py
[2024-07-27T22:24:24.235+0000] {processor.py:840} INFO - DAG(s) 'tutorial_dag' retrieved from /home/airflow/.local/lib/python3.12/site-packages/airflow/example_dags/tutorial_dag.py
[2024-07-27T22:24:24.245+0000] {logging_mixin.py:188} INFO - [2024-07-27T22:24:24.245+0000] {dag.py:3089} INFO - Sync 1 DAGs
[2024-07-27T22:24:24.251+0000] {logging_mixin.py:188} INFO - [2024-07-27T22:24:24.251+0000] {dag.py:3947} INFO - Setting next_dagrun for tutorial_dag to None, run_after=None
[2024-07-27T22:24:24.259+0000] {processor.py:183} INFO - Processing /home/airflow/.local/lib/python3.12/site-packages/airflow/example_dags/tutorial_dag.py took 0.033 seconds
[2024-07-27T22:24:54.417+0000] {processor.py:161} INFO - Started process (PID=15116) to work on /home/airflow/.local/lib/python3.12/site-packages/airflow/example_dags/tutorial_dag.py
[2024-07-27T22:24:54.418+0000] {processor.py:830} INFO - Processing file /home/airflow/.local/lib/python3.12/site-packages/airflow/example_dags/tutorial_dag.py for tasks to queue
[2024-07-27T22:24:54.419+0000] {logging_mixin.py:188} INFO - [2024-07-27T22:24:54.418+0000] {dagbag.py:545} INFO - Filling up the DagBag from /home/airflow/.local/lib/python3.12/site-packages/airflow/example_dags/tutorial_dag.py
[2024-07-27T22:24:54.424+0000] {processor.py:840} INFO - DAG(s) 'tutorial_dag' retrieved from /home/airflow/.local/lib/python3.12/site-packages/airflow/example_dags/tutorial_dag.py
[2024-07-27T22:24:54.436+0000] {logging_mixin.py:188} INFO - [2024-07-27T22:24:54.436+0000] {dag.py:3089} INFO - Sync 1 DAGs
[2024-07-27T22:24:54.442+0000] {logging_mixin.py:188} INFO - [2024-07-27T22:24:54.442+0000] {dag.py:3947} INFO - Setting next_dagrun for tutorial_dag to None, run_after=None
[2024-07-27T22:24:54.452+0000] {processor.py:183} INFO - Processing /home/airflow/.local/lib/python3.12/site-packages/airflow/example_dags/tutorial_dag.py took 0.040 seconds
[2024-07-27T22:25:24.740+0000] {processor.py:161} INFO - Started process (PID=15383) to work on /home/airflow/.local/lib/python3.12/site-packages/airflow/example_dags/tutorial_dag.py
[2024-07-27T22:25:24.741+0000] {processor.py:830} INFO - Processing file /home/airflow/.local/lib/python3.12/site-packages/airflow/example_dags/tutorial_dag.py for tasks to queue
[2024-07-27T22:25:24.742+0000] {logging_mixin.py:188} INFO - [2024-07-27T22:25:24.742+0000] {dagbag.py:545} INFO - Filling up the DagBag from /home/airflow/.local/lib/python3.12/site-packages/airflow/example_dags/tutorial_dag.py
[2024-07-27T22:25:24.745+0000] {processor.py:840} INFO - DAG(s) 'tutorial_dag' retrieved from /home/airflow/.local/lib/python3.12/site-packages/airflow/example_dags/tutorial_dag.py
[2024-07-27T22:25:24.755+0000] {logging_mixin.py:188} INFO - [2024-07-27T22:25:24.755+0000] {dag.py:3089} INFO - Sync 1 DAGs
[2024-07-27T22:25:24.763+0000] {logging_mixin.py:188} INFO - [2024-07-27T22:25:24.762+0000] {dag.py:3947} INFO - Setting next_dagrun for tutorial_dag to None, run_after=None
[2024-07-27T22:25:24.771+0000] {processor.py:183} INFO - Processing /home/airflow/.local/lib/python3.12/site-packages/airflow/example_dags/tutorial_dag.py took 0.035 seconds
[2024-07-27T22:25:54.978+0000] {processor.py:161} INFO - Started process (PID=15650) to work on /home/airflow/.local/lib/python3.12/site-packages/airflow/example_dags/tutorial_dag.py
[2024-07-27T22:25:54.979+0000] {processor.py:830} INFO - Processing file /home/airflow/.local/lib/python3.12/site-packages/airflow/example_dags/tutorial_dag.py for tasks to queue
[2024-07-27T22:25:54.980+0000] {logging_mixin.py:188} INFO - [2024-07-27T22:25:54.980+0000] {dagbag.py:545} INFO - Filling up the DagBag from /home/airflow/.local/lib/python3.12/site-packages/airflow/example_dags/tutorial_dag.py
[2024-07-27T22:25:54.983+0000] {processor.py:840} INFO - DAG(s) 'tutorial_dag' retrieved from /home/airflow/.local/lib/python3.12/site-packages/airflow/example_dags/tutorial_dag.py
[2024-07-27T22:25:54.993+0000] {logging_mixin.py:188} INFO - [2024-07-27T22:25:54.993+0000] {dag.py:3089} INFO - Sync 1 DAGs
[2024-07-27T22:25:54.999+0000] {logging_mixin.py:188} INFO - [2024-07-27T22:25:54.999+0000] {dag.py:3947} INFO - Setting next_dagrun for tutorial_dag to None, run_after=None
[2024-07-27T22:25:55.008+0000] {processor.py:183} INFO - Processing /home/airflow/.local/lib/python3.12/site-packages/airflow/example_dags/tutorial_dag.py took 0.033 seconds
[2024-07-27T22:26:25.555+0000] {processor.py:161} INFO - Started process (PID=15922) to work on /home/airflow/.local/lib/python3.12/site-packages/airflow/example_dags/tutorial_dag.py
[2024-07-27T22:26:25.555+0000] {processor.py:830} INFO - Processing file /home/airflow/.local/lib/python3.12/site-packages/airflow/example_dags/tutorial_dag.py for tasks to queue
[2024-07-27T22:26:25.556+0000] {logging_mixin.py:188} INFO - [2024-07-27T22:26:25.556+0000] {dagbag.py:545} INFO - Filling up the DagBag from /home/airflow/.local/lib/python3.12/site-packages/airflow/example_dags/tutorial_dag.py
[2024-07-27T22:26:25.560+0000] {processor.py:840} INFO - DAG(s) 'tutorial_dag' retrieved from /home/airflow/.local/lib/python3.12/site-packages/airflow/example_dags/tutorial_dag.py
[2024-07-27T22:26:25.573+0000] {logging_mixin.py:188} INFO - [2024-07-27T22:26:25.573+0000] {dag.py:3089} INFO - Sync 1 DAGs
[2024-07-27T22:26:25.579+0000] {logging_mixin.py:188} INFO - [2024-07-27T22:26:25.579+0000] {dag.py:3947} INFO - Setting next_dagrun for tutorial_dag to None, run_after=None
[2024-07-27T22:26:25.590+0000] {processor.py:183} INFO - Processing /home/airflow/.local/lib/python3.12/site-packages/airflow/example_dags/tutorial_dag.py took 0.039 seconds
[2024-07-27T22:55:21.652+0000] {processor.py:161} INFO - Started process (PID=16175) to work on /home/airflow/.local/lib/python3.12/site-packages/airflow/example_dags/tutorial_dag.py
[2024-07-27T22:55:21.653+0000] {processor.py:830} INFO - Processing file /home/airflow/.local/lib/python3.12/site-packages/airflow/example_dags/tutorial_dag.py for tasks to queue
[2024-07-27T22:55:21.654+0000] {logging_mixin.py:188} INFO - [2024-07-27T22:55:21.654+0000] {dagbag.py:545} INFO - Filling up the DagBag from /home/airflow/.local/lib/python3.12/site-packages/airflow/example_dags/tutorial_dag.py
[2024-07-27T22:55:21.659+0000] {processor.py:840} INFO - DAG(s) 'tutorial_dag' retrieved from /home/airflow/.local/lib/python3.12/site-packages/airflow/example_dags/tutorial_dag.py
[2024-07-27T22:55:21.673+0000] {logging_mixin.py:188} INFO - [2024-07-27T22:55:21.673+0000] {dag.py:3089} INFO - Sync 1 DAGs
[2024-07-27T22:55:21.682+0000] {logging_mixin.py:188} INFO - [2024-07-27T22:55:21.682+0000] {dag.py:3947} INFO - Setting next_dagrun for tutorial_dag to None, run_after=None
[2024-07-27T22:55:21.695+0000] {processor.py:183} INFO - Processing /home/airflow/.local/lib/python3.12/site-packages/airflow/example_dags/tutorial_dag.py took 0.047 seconds
[2024-07-27T22:55:51.935+0000] {processor.py:161} INFO - Started process (PID=16443) to work on /home/airflow/.local/lib/python3.12/site-packages/airflow/example_dags/tutorial_dag.py
[2024-07-27T22:55:51.936+0000] {processor.py:830} INFO - Processing file /home/airflow/.local/lib/python3.12/site-packages/airflow/example_dags/tutorial_dag.py for tasks to queue
[2024-07-27T22:55:51.937+0000] {logging_mixin.py:188} INFO - [2024-07-27T22:55:51.937+0000] {dagbag.py:545} INFO - Filling up the DagBag from /home/airflow/.local/lib/python3.12/site-packages/airflow/example_dags/tutorial_dag.py
[2024-07-27T22:55:51.940+0000] {processor.py:840} INFO - DAG(s) 'tutorial_dag' retrieved from /home/airflow/.local/lib/python3.12/site-packages/airflow/example_dags/tutorial_dag.py
[2024-07-27T22:55:51.951+0000] {logging_mixin.py:188} INFO - [2024-07-27T22:55:51.951+0000] {dag.py:3089} INFO - Sync 1 DAGs
[2024-07-27T22:55:51.957+0000] {logging_mixin.py:188} INFO - [2024-07-27T22:55:51.956+0000] {dag.py:3947} INFO - Setting next_dagrun for tutorial_dag to None, run_after=None
[2024-07-27T22:55:51.965+0000] {processor.py:183} INFO - Processing /home/airflow/.local/lib/python3.12/site-packages/airflow/example_dags/tutorial_dag.py took 0.033 seconds
